[2026-06-15T20:00:01.856+0000] {local_task_job_runner.py:120} INFO - ::group::Pre task execution logs
[2026-06-15T20:00:01.891+0000] {taskinstance.py:2076} INFO - Dependencies all met for dep_context=non-requeueable deps ti=<TaskInstance: era5_download_pipeline.era5_instant scheduled__2026-06-15T19:00:00+00:00 [queued]>
[2026-06-15T20:00:01.904+0000] {taskinstance.py:2076} INFO - Dependencies all met for dep_context=requeueable deps ti=<TaskInstance: era5_download_pipeline.era5_instant scheduled__2026-06-15T19:00:00+00:00 [queued]>
[2026-06-15T20:00:01.906+0000] {taskinstance.py:2306} INFO - Starting attempt 1 of 1
[2026-06-15T20:00:01.925+0000] {taskinstance.py:2330} INFO - Executing <Task(PythonOperator): era5_instant> on 2026-06-15 19:00:00+00:00
[2026-06-15T20:00:01.937+0000] {warnings.py:110} WARNING - /home/***/.local/lib/python3.12/site-packages/***/task/task_runner/standard_task_runner.py:61: DeprecationWarning: This process (pid=83806) is multi-threaded, use of fork() may lead to deadlocks in the child.
  pid = os.fork()

[2026-06-15T20:00:01.941+0000] {standard_task_runner.py:63} INFO - Started process 83810 to run task
[2026-06-15T20:00:01.941+0000] {standard_task_runner.py:90} INFO - Running: ['***', 'tasks', 'run', 'era5_download_pipeline', 'era5_instant', 'scheduled__2026-06-15T19:00:00+00:00', '--job-id', '1647', '--raw', '--subdir', 'DAGS_FOLDER/era5_dag.py', '--cfg-path', '/tmp/tmpm05bf1tf']
[2026-06-15T20:00:01.945+0000] {standard_task_runner.py:91} INFO - Job 1647: Subtask era5_instant
[2026-06-15T20:00:02.054+0000] {task_command.py:426} INFO - Running <TaskInstance: era5_download_pipeline.era5_instant scheduled__2026-06-15T19:00:00+00:00 [running]> on host 01cd476fb21a
[2026-06-15T20:00:02.190+0000] {taskinstance.py:2648} INFO - Exporting env vars: AIRFLOW_CTX_DAG_OWNER='era5' AIRFLOW_CTX_DAG_ID='era5_download_pipeline' AIRFLOW_CTX_TASK_ID='era5_instant' AIRFLOW_CTX_EXECUTION_DATE='2026-06-15T19:00:00+00:00' AIRFLOW_CTX_TRY_NUMBER='1' AIRFLOW_CTX_DAG_RUN_ID='scheduled__2026-06-15T19:00:00+00:00'
[2026-06-15T20:00:02.192+0000] {taskinstance.py:430} INFO - ::endgroup::
[2026-06-15T20:00:03.256+0000] {logging_mixin.py:188} WARNING - 2026-06-15 20:00:03 [INFO] === START job=instant date=2026-06-15 ===
[2026-06-15T20:00:03.255+0000] {era5_functions.py:368} INFO - === START job=instant date=2026-06-15 ===
[2026-06-15T20:00:03.258+0000] {logging_mixin.py:188} WARNING - 2026-06-15 20:00:03 [INFO] --- job=instant date=20260615 ---
[2026-06-15T20:00:03.258+0000] {era5_functions.py:330} INFO - --- job=instant date=20260615 ---
[2026-06-15T20:00:04.410+0000] {logging_mixin.py:188} WARNING - 2026-06-15 20:00:04 [WARNING] get_cds_count failed: 400 Client Error: Bad Request for url: https://cds.climate.copernicus.eu/api/retrieve/v1/processes/reanalysis-era5-single-levels/execution
invalid request
None of the data you have requested is available yet, please revise the period requested. The latest date available for this dataset is: 2026-06-10 20:00
[2026-06-15T20:00:04.410+0000] {era5_functions.py:131} WARNING - get_cds_count failed: 400 Client Error: Bad Request for url: https://cds.climate.copernicus.eu/api/retrieve/v1/processes/reanalysis-era5-single-levels/execution
invalid request
None of the data you have requested is available yet, please revise the period requested. The latest date available for this dataset is: 2026-06-10 20:00
[2026-06-15T20:00:04.413+0000] {logging_mixin.py:188} WARNING - 2026-06-15 20:00:04 [WARNING] CDS ยังไม่มีข้อมูล job=instant date=20260615, skip
[2026-06-15T20:00:04.412+0000] {era5_functions.py:335} WARNING - CDS ยังไม่มีข้อมูล job=instant date=20260615, skip
[2026-06-15T20:00:04.414+0000] {logging_mixin.py:188} WARNING - 2026-06-15 20:00:04 [INFO] --- job=instant date=20260614 ---
[2026-06-15T20:00:04.414+0000] {era5_functions.py:330} INFO - --- job=instant date=20260614 ---
[2026-06-15T20:00:05.085+0000] {logging_mixin.py:188} WARNING - 2026-06-15 20:00:05 [WARNING] get_cds_count failed: 400 Client Error: Bad Request for url: https://cds.climate.copernicus.eu/api/retrieve/v1/processes/reanalysis-era5-single-levels/execution
invalid request
None of the data you have requested is available yet, please revise the period requested. The latest date available for this dataset is: 2026-06-10 20:00
[2026-06-15T20:00:05.085+0000] {era5_functions.py:131} WARNING - get_cds_count failed: 400 Client Error: Bad Request for url: https://cds.climate.copernicus.eu/api/retrieve/v1/processes/reanalysis-era5-single-levels/execution
invalid request
None of the data you have requested is available yet, please revise the period requested. The latest date available for this dataset is: 2026-06-10 20:00
[2026-06-15T20:00:05.088+0000] {logging_mixin.py:188} WARNING - 2026-06-15 20:00:05 [WARNING] CDS ยังไม่มีข้อมูล job=instant date=20260614, skip
[2026-06-15T20:00:05.088+0000] {era5_functions.py:335} WARNING - CDS ยังไม่มีข้อมูล job=instant date=20260614, skip
[2026-06-15T20:00:05.092+0000] {logging_mixin.py:188} WARNING - 2026-06-15 20:00:05 [INFO] --- job=instant date=20260613 ---
[2026-06-15T20:00:05.091+0000] {era5_functions.py:330} INFO - --- job=instant date=20260613 ---
[2026-06-15T20:00:07.118+0000] {logging_mixin.py:188} WARNING - 2026-06-15 20:00:07 [WARNING] get_cds_count failed: 400 Client Error: Bad Request for url: https://cds.climate.copernicus.eu/api/retrieve/v1/processes/reanalysis-era5-single-levels/execution
invalid request
None of the data you have requested is available yet, please revise the period requested. The latest date available for this dataset is: 2026-06-10 20:00
[2026-06-15T20:00:07.118+0000] {era5_functions.py:131} WARNING - get_cds_count failed: 400 Client Error: Bad Request for url: https://cds.climate.copernicus.eu/api/retrieve/v1/processes/reanalysis-era5-single-levels/execution
invalid request
None of the data you have requested is available yet, please revise the period requested. The latest date available for this dataset is: 2026-06-10 20:00
[2026-06-15T20:00:07.122+0000] {logging_mixin.py:188} WARNING - 2026-06-15 20:00:07 [WARNING] CDS ยังไม่มีข้อมูล job=instant date=20260613, skip
[2026-06-15T20:00:07.122+0000] {era5_functions.py:335} WARNING - CDS ยังไม่มีข้อมูล job=instant date=20260613, skip
[2026-06-15T20:00:07.125+0000] {logging_mixin.py:188} WARNING - 2026-06-15 20:00:07 [INFO] --- job=instant date=20260612 ---
[2026-06-15T20:00:07.125+0000] {era5_functions.py:330} INFO - --- job=instant date=20260612 ---
[2026-06-15T20:00:08.633+0000] {logging_mixin.py:188} WARNING - 2026-06-15 20:00:08 [WARNING] get_cds_count failed: 400 Client Error: Bad Request for url: https://cds.climate.copernicus.eu/api/retrieve/v1/processes/reanalysis-era5-single-levels/execution
invalid request
None of the data you have requested is available yet, please revise the period requested. The latest date available for this dataset is: 2026-06-10 20:00
[2026-06-15T20:00:08.633+0000] {era5_functions.py:131} WARNING - get_cds_count failed: 400 Client Error: Bad Request for url: https://cds.climate.copernicus.eu/api/retrieve/v1/processes/reanalysis-era5-single-levels/execution
invalid request
None of the data you have requested is available yet, please revise the period requested. The latest date available for this dataset is: 2026-06-10 20:00
[2026-06-15T20:00:08.637+0000] {logging_mixin.py:188} WARNING - 2026-06-15 20:00:08 [WARNING] CDS ยังไม่มีข้อมูล job=instant date=20260612, skip
[2026-06-15T20:00:08.636+0000] {era5_functions.py:335} WARNING - CDS ยังไม่มีข้อมูล job=instant date=20260612, skip
[2026-06-15T20:00:08.640+0000] {logging_mixin.py:188} WARNING - 2026-06-15 20:00:08 [INFO] --- job=instant date=20260611 ---
[2026-06-15T20:00:08.640+0000] {era5_functions.py:330} INFO - --- job=instant date=20260611 ---
[2026-06-15T20:00:09.245+0000] {logging_mixin.py:188} WARNING - 2026-06-15 20:00:09 [WARNING] get_cds_count failed: 400 Client Error: Bad Request for url: https://cds.climate.copernicus.eu/api/retrieve/v1/processes/reanalysis-era5-single-levels/execution
invalid request
None of the data you have requested is available yet, please revise the period requested. The latest date available for this dataset is: 2026-06-10 20:00
[2026-06-15T20:00:09.245+0000] {era5_functions.py:131} WARNING - get_cds_count failed: 400 Client Error: Bad Request for url: https://cds.climate.copernicus.eu/api/retrieve/v1/processes/reanalysis-era5-single-levels/execution
invalid request
None of the data you have requested is available yet, please revise the period requested. The latest date available for this dataset is: 2026-06-10 20:00
[2026-06-15T20:00:09.250+0000] {logging_mixin.py:188} WARNING - 2026-06-15 20:00:09 [WARNING] CDS ยังไม่มีข้อมูล job=instant date=20260611, skip
[2026-06-15T20:00:09.250+0000] {era5_functions.py:335} WARNING - CDS ยังไม่มีข้อมูล job=instant date=20260611, skip
[2026-06-15T20:00:09.255+0000] {logging_mixin.py:188} WARNING - 2026-06-15 20:00:09 [INFO] --- job=instant date=20260610 ---
[2026-06-15T20:00:09.254+0000] {era5_functions.py:330} INFO - --- job=instant date=20260610 ---
[2026-06-15T20:00:09.888+0000] {logging_mixin.py:188} WARNING - 2026-06-15 20:00:09,888 INFO [2025-12-11T00:00:00] Please note that a dedicated catalogue entry for this dataset, post-processed and stored in Analysis Ready Cloud Optimized (ARCO) format (Zarr), is available for optimised time-series retrievals (i.e. for retrieving data from selected variables for a single point over an extended period of time in an efficient way). You can discover it [here](https://cds.climate.copernicus.eu/datasets/reanalysis-era5-single-levels-timeseries?tab=overview)
[2026-06-15T20:00:09.888+0000] {legacy_client.py:192} INFO - [2025-12-11T00:00:00] Please note that a dedicated catalogue entry for this dataset, post-processed and stored in Analysis Ready Cloud Optimized (ARCO) format (Zarr), is available for optimised time-series retrievals (i.e. for retrieving data from selected variables for a single point over an extended period of time in an efficient way). You can discover it [here](https://cds.climate.copernicus.eu/datasets/reanalysis-era5-single-levels-timeseries?tab=overview)
[2026-06-15T20:00:09.892+0000] {logging_mixin.py:188} WARNING - 2026-06-15 20:00:09,892 INFO Request ID is f815c33a-21b2-4673-96cf-efd0be30140c
[2026-06-15T20:00:09.892+0000] {legacy_client.py:192} INFO - Request ID is f815c33a-21b2-4673-96cf-efd0be30140c
[2026-06-15T20:00:10.095+0000] {logging_mixin.py:188} WARNING - 2026-06-15 20:00:10,094 INFO status has been updated to accepted
[2026-06-15T20:00:10.094+0000] {legacy_client.py:192} INFO - status has been updated to accepted
[2026-06-15T20:00:24.343+0000] {logging_mixin.py:188} WARNING - 2026-06-15 20:00:24,342 INFO status has been updated to running
[2026-06-15T20:00:24.342+0000] {legacy_client.py:192} INFO - status has been updated to running
[2026-06-15T20:00:45.074+0000] {logging_mixin.py:188} WARNING - 2026-06-15 20:00:45,074 INFO status has been updated to successful
[2026-06-15T20:00:45.074+0000] {legacy_client.py:192} INFO - status has been updated to successful
[2026-06-15T20:00:45.480+0000] {base.py:119} INFO - Downloading https://object-store.os-api.cci2.ecmwf.int:443/cci2-prod-cache-1/2026-06-15/e149a5d97af98ab131016062df020047.nc
[2026-06-15T20:00:46.456+0000] {logging_mixin.py:188} WARNING - e149a5d97af98ab131016062df020047.nc:   0%|          | 0.00/2.27M [00:00<?, ?B/s]
[2026-06-15T20:00:55.197+0000] {logging_mixin.py:188} WARNING - e149a5d97af98ab131016062df020047.nc:  44%|####4     | 1.00M/2.27M [00:08<00:11, 120kB/s]
[2026-06-15T20:01:03.154+0000] {logging_mixin.py:188} WARNING - e149a5d97af98ab131016062df020047.nc:  88%|########8 | 2.00M/2.27M [00:16<00:02, 127kB/s]
[2026-06-15T20:01:04.827+0000] {logging_mixin.py:188} WARNING - e149a5d97af98ab131016062df020047.nc: 100%|##########| 2.27M/2.27M [00:18<00:00, 133kB/s]
[2026-06-15T20:01:04.833+0000] {logging_mixin.py:188} WARNING -                                                                                         
[2026-06-15T20:01:05.113+0000] {logging_mixin.py:188} WARNING - 2026-06-15 20:01:05 [INFO] CDS timestep available: 21
[2026-06-15T20:01:05.113+0000] {era5_functions.py:128} INFO - CDS timestep available: 21
[2026-06-15T20:01:05.197+0000] {logging_mixin.py:188} WARNING - 2026-06-15 20:01:05 [INFO] local timestep: 20 — /opt/***/era5/ecmwf/data/nc/_raw/2026/06/10/instant_20260610.nc
[2026-06-15T20:01:05.197+0000] {era5_functions.py:152} INFO - local timestep: 20 — /opt/***/era5/ecmwf/data/nc/_raw/2026/06/10/instant_20260610.nc
[2026-06-15T20:01:05.206+0000] {logging_mixin.py:188} WARNING - 2026-06-15 20:01:05 [INFO] nc outdated (local=20 < cds=21), removing: /opt/***/era5/ecmwf/data/nc/_raw/2026/06/10/instant_20260610.nc
[2026-06-15T20:01:05.206+0000] {era5_functions.py:193} INFO - nc outdated (local=20 < cds=21), removing: /opt/***/era5/ecmwf/data/nc/_raw/2026/06/10/instant_20260610.nc
[2026-06-15T20:01:05.227+0000] {logging_mixin.py:188} WARNING - 2026-06-15 20:01:05 [INFO] download attempt 1/3: /opt/***/era5/ecmwf/data/nc/_raw/2026/06/10/instant_20260610.nc
[2026-06-15T20:01:05.227+0000] {era5_functions.py:200} INFO - download attempt 1/3: /opt/***/era5/ecmwf/data/nc/_raw/2026/06/10/instant_20260610.nc
[2026-06-15T20:01:07.376+0000] {logging_mixin.py:188} WARNING - 2026-06-15 20:01:07,376 INFO [2025-12-11T00:00:00] Please note that a dedicated catalogue entry for this dataset, post-processed and stored in Analysis Ready Cloud Optimized (ARCO) format (Zarr), is available for optimised time-series retrievals (i.e. for retrieving data from selected variables for a single point over an extended period of time in an efficient way). You can discover it [here](https://cds.climate.copernicus.eu/datasets/reanalysis-era5-single-levels-timeseries?tab=overview)
[2026-06-15T20:01:07.376+0000] {legacy_client.py:192} INFO - [2025-12-11T00:00:00] Please note that a dedicated catalogue entry for this dataset, post-processed and stored in Analysis Ready Cloud Optimized (ARCO) format (Zarr), is available for optimised time-series retrievals (i.e. for retrieving data from selected variables for a single point over an extended period of time in an efficient way). You can discover it [here](https://cds.climate.copernicus.eu/datasets/reanalysis-era5-single-levels-timeseries?tab=overview)
[2026-06-15T20:01:07.379+0000] {logging_mixin.py:188} WARNING - 2026-06-15 20:01:07,379 INFO Request ID is 2f84b648-05e1-41fa-8804-652cccbef10f
[2026-06-15T20:01:07.379+0000] {legacy_client.py:192} INFO - Request ID is 2f84b648-05e1-41fa-8804-652cccbef10f
[2026-06-15T20:01:08.339+0000] {logging_mixin.py:188} WARNING - 2026-06-15 20:01:08,338 INFO status has been updated to accepted
[2026-06-15T20:01:08.338+0000] {legacy_client.py:192} INFO - status has been updated to accepted
[2026-06-15T20:01:30.931+0000] {logging_mixin.py:188} WARNING - 2026-06-15 20:01:30,930 INFO status has been updated to running
[2026-06-15T20:01:30.930+0000] {legacy_client.py:192} INFO - status has been updated to running
[2026-06-15T20:01:42.527+0000] {logging_mixin.py:188} WARNING - 2026-06-15 20:01:42,526 INFO status has been updated to successful
[2026-06-15T20:01:42.526+0000] {legacy_client.py:192} INFO - status has been updated to successful
[2026-06-15T20:01:43.370+0000] {base.py:119} INFO - Downloading https://object-store.os-api.cci2.ecmwf.int:443/cci2-prod-cache-3/2026-06-15/bc8f74d0d94262ad673ee8761e275c24.nc
[2026-06-15T20:01:44.375+0000] {logging_mixin.py:188} WARNING - bc8f74d0d94262ad673ee8761e275c24.nc:   0%|          | 0.00/2.27M [00:00<?, ?B/s]
[2026-06-15T20:01:51.942+0000] {logging_mixin.py:188} WARNING - bc8f74d0d94262ad673ee8761e275c24.nc:  44%|####4     | 1.00M/2.27M [00:07<00:09, 139kB/s]
[2026-06-15T20:02:00.480+0000] {logging_mixin.py:188} WARNING - bc8f74d0d94262ad673ee8761e275c24.nc:  88%|########8 | 2.00M/2.27M [00:16<00:02, 129kB/s]
[2026-06-15T20:02:02.133+0000] {logging_mixin.py:188} WARNING - bc8f74d0d94262ad673ee8761e275c24.nc: 100%|##########| 2.27M/2.27M [00:17<00:00, 135kB/s]
[2026-06-15T20:02:02.151+0000] {logging_mixin.py:188} WARNING -                                                                                         
[2026-06-15T20:02:02.322+0000] {logging_mixin.py:188} WARNING - 2026-06-15 20:02:02 [INFO] nc downloaded ok: /opt/***/era5/ecmwf/data/nc/_raw/2026/06/10/instant_20260610.nc
[2026-06-15T20:02:02.322+0000] {era5_functions.py:204} INFO - nc downloaded ok: /opt/***/era5/ecmwf/data/nc/_raw/2026/06/10/instant_20260610.nc
[2026-06-15T20:02:02.408+0000] {logging_mixin.py:188} WARNING - 2026-06-15 20:02:02 [INFO] local timestep: 21 — /opt/***/era5/ecmwf/data/nc/_raw/2026/06/10/instant_20260610.nc
[2026-06-15T20:02:02.408+0000] {era5_functions.py:152} INFO - local timestep: 21 — /opt/***/era5/ecmwf/data/nc/_raw/2026/06/10/instant_20260610.nc
[2026-06-15T20:02:02.515+0000] {logging_mixin.py:188} WARNING - 2026-06-15 20:02:02 [INFO] tif outdated (tif=20 < nc=21), removing: /opt/***/era5/ecmwf/data/tif/2026/06/10/t2m_20260610.tif
[2026-06-15T20:02:02.514+0000] {era5_functions.py:261} INFO - tif outdated (tif=20 < nc=21), removing: /opt/***/era5/ecmwf/data/tif/2026/06/10/t2m_20260610.tif
[2026-06-15T20:02:02.629+0000] {logging_mixin.py:188} WARNING - 2026-06-15 20:02:02 [INFO] tif ok (bands=21): /opt/***/era5/ecmwf/data/tif/2026/06/10/t2m_20260610.tif
[2026-06-15T20:02:02.629+0000] {era5_functions.py:304} INFO - tif ok (bands=21): /opt/***/era5/ecmwf/data/tif/2026/06/10/t2m_20260610.tif
[2026-06-15T20:02:02.648+0000] {logging_mixin.py:188} WARNING - 2026-06-15 20:02:02 [INFO] tif outdated (tif=20 < nc=21), removing: /opt/***/era5/ecmwf/data/tif/2026/06/10/d2m_20260610.tif
[2026-06-15T20:02:02.648+0000] {era5_functions.py:261} INFO - tif outdated (tif=20 < nc=21), removing: /opt/***/era5/ecmwf/data/tif/2026/06/10/d2m_20260610.tif
[2026-06-15T20:02:02.759+0000] {logging_mixin.py:188} WARNING - 2026-06-15 20:02:02 [INFO] tif ok (bands=21): /opt/***/era5/ecmwf/data/tif/2026/06/10/d2m_20260610.tif
[2026-06-15T20:02:02.759+0000] {era5_functions.py:304} INFO - tif ok (bands=21): /opt/***/era5/ecmwf/data/tif/2026/06/10/d2m_20260610.tif
[2026-06-15T20:02:02.775+0000] {logging_mixin.py:188} WARNING - 2026-06-15 20:02:02 [INFO] tif outdated (tif=20 < nc=21), removing: /opt/***/era5/ecmwf/data/tif/2026/06/10/sp_20260610.tif
[2026-06-15T20:02:02.775+0000] {era5_functions.py:261} INFO - tif outdated (tif=20 < nc=21), removing: /opt/***/era5/ecmwf/data/tif/2026/06/10/sp_20260610.tif
[2026-06-15T20:02:02.900+0000] {logging_mixin.py:188} WARNING - 2026-06-15 20:02:02 [INFO] tif ok (bands=21): /opt/***/era5/ecmwf/data/tif/2026/06/10/sp_20260610.tif
[2026-06-15T20:02:02.900+0000] {era5_functions.py:304} INFO - tif ok (bands=21): /opt/***/era5/ecmwf/data/tif/2026/06/10/sp_20260610.tif
[2026-06-15T20:02:02.928+0000] {logging_mixin.py:188} WARNING - 2026-06-15 20:02:02 [INFO] tif outdated (tif=20 < nc=21), removing: /opt/***/era5/ecmwf/data/tif/2026/06/10/blh_20260610.tif
[2026-06-15T20:02:02.928+0000] {era5_functions.py:261} INFO - tif outdated (tif=20 < nc=21), removing: /opt/***/era5/ecmwf/data/tif/2026/06/10/blh_20260610.tif
[2026-06-15T20:02:03.052+0000] {logging_mixin.py:188} WARNING - 2026-06-15 20:02:03 [INFO] tif ok (bands=21): /opt/***/era5/ecmwf/data/tif/2026/06/10/blh_20260610.tif
[2026-06-15T20:02:03.051+0000] {era5_functions.py:304} INFO - tif ok (bands=21): /opt/***/era5/ecmwf/data/tif/2026/06/10/blh_20260610.tif
[2026-06-15T20:02:03.073+0000] {logging_mixin.py:188} WARNING - 2026-06-15 20:02:03 [INFO] tif outdated (tif=20 < nc=21), removing: /opt/***/era5/ecmwf/data/tif/2026/06/10/u10_20260610.tif
[2026-06-15T20:02:03.073+0000] {era5_functions.py:261} INFO - tif outdated (tif=20 < nc=21), removing: /opt/***/era5/ecmwf/data/tif/2026/06/10/u10_20260610.tif
[2026-06-15T20:02:03.211+0000] {logging_mixin.py:188} WARNING - 2026-06-15 20:02:03 [INFO] tif ok (bands=21): /opt/***/era5/ecmwf/data/tif/2026/06/10/u10_20260610.tif
[2026-06-15T20:02:03.211+0000] {era5_functions.py:304} INFO - tif ok (bands=21): /opt/***/era5/ecmwf/data/tif/2026/06/10/u10_20260610.tif
[2026-06-15T20:02:03.227+0000] {logging_mixin.py:188} WARNING - 2026-06-15 20:02:03 [INFO] tif outdated (tif=20 < nc=21), removing: /opt/***/era5/ecmwf/data/tif/2026/06/10/v10_20260610.tif
[2026-06-15T20:02:03.227+0000] {era5_functions.py:261} INFO - tif outdated (tif=20 < nc=21), removing: /opt/***/era5/ecmwf/data/tif/2026/06/10/v10_20260610.tif
[2026-06-15T20:02:03.334+0000] {logging_mixin.py:188} WARNING - 2026-06-15 20:02:03 [INFO] tif ok (bands=21): /opt/***/era5/ecmwf/data/tif/2026/06/10/v10_20260610.tif
[2026-06-15T20:02:03.334+0000] {era5_functions.py:304} INFO - tif ok (bands=21): /opt/***/era5/ecmwf/data/tif/2026/06/10/v10_20260610.tif
[2026-06-15T20:02:03.340+0000] {logging_mixin.py:188} WARNING - 2026-06-15 20:02:03 [INFO] === END job=instant date=2026-06-15 ===
[2026-06-15T20:02:03.340+0000] {era5_functions.py:379} INFO - === END job=instant date=2026-06-15 ===
[2026-06-15T20:02:03.342+0000] {python.py:237} INFO - Done. Returned value was: None
[2026-06-15T20:02:03.343+0000] {taskinstance.py:441} INFO - ::group::Post task execution logs
[2026-06-15T20:02:03.362+0000] {taskinstance.py:1206} INFO - Marking task as SUCCESS. dag_id=era5_download_pipeline, task_id=era5_instant, run_id=scheduled__2026-06-15T19:00:00+00:00, execution_date=20260615T190000, start_date=20260615T200001, end_date=20260615T200203
[2026-06-15T20:02:03.429+0000] {local_task_job_runner.py:240} INFO - Task exited with return code 0
[2026-06-15T20:02:03.451+0000] {taskinstance.py:3498} INFO - 0 downstream tasks scheduled from follow-on schedule check
[2026-06-15T20:02:03.455+0000] {local_task_job_runner.py:222} INFO - ::endgroup::
