[2026-06-08T01:00:21.169+0000] {local_task_job_runner.py:120} INFO - ::group::Pre task execution logs
[2026-06-08T01:00:21.194+0000] {taskinstance.py:2076} INFO - Dependencies all met for dep_context=non-requeueable deps ti=<TaskInstance: era5_download_pipeline.era5_accum scheduled__2026-06-08T00:00:00+00:00 [queued]>
[2026-06-08T01:00:21.205+0000] {taskinstance.py:2076} INFO - Dependencies all met for dep_context=requeueable deps ti=<TaskInstance: era5_download_pipeline.era5_accum scheduled__2026-06-08T00:00:00+00:00 [queued]>
[2026-06-08T01:00:21.206+0000] {taskinstance.py:2306} INFO - Starting attempt 1 of 1
[2026-06-08T01:00:21.221+0000] {taskinstance.py:2330} INFO - Executing <Task(PythonOperator): era5_accum> on 2026-06-08 00:00:00+00:00
[2026-06-08T01:00:21.234+0000] {warnings.py:110} WARNING - /home/***/.local/lib/python3.12/site-packages/***/task/task_runner/standard_task_runner.py:61: DeprecationWarning: This process (pid=106863) is multi-threaded, use of fork() may lead to deadlocks in the child.
  pid = os.fork()

[2026-06-08T01:00:21.237+0000] {standard_task_runner.py:63} INFO - Started process 106865 to run task
[2026-06-08T01:00:21.236+0000] {standard_task_runner.py:90} INFO - Running: ['***', 'tasks', 'run', 'era5_download_pipeline', 'era5_accum', 'scheduled__2026-06-08T00:00:00+00:00', '--job-id', '1172', '--raw', '--subdir', 'DAGS_FOLDER/era5_dag.py', '--cfg-path', '/tmp/tmpw0b1qodx']
[2026-06-08T01:00:21.240+0000] {standard_task_runner.py:91} INFO - Job 1172: Subtask era5_accum
[2026-06-08T01:00:21.313+0000] {task_command.py:426} INFO - Running <TaskInstance: era5_download_pipeline.era5_accum scheduled__2026-06-08T00:00:00+00:00 [running]> on host 01cd476fb21a
[2026-06-08T01:00:21.420+0000] {taskinstance.py:2648} INFO - Exporting env vars: AIRFLOW_CTX_DAG_OWNER='era5' AIRFLOW_CTX_DAG_ID='era5_download_pipeline' AIRFLOW_CTX_TASK_ID='era5_accum' AIRFLOW_CTX_EXECUTION_DATE='2026-06-08T00:00:00+00:00' AIRFLOW_CTX_TRY_NUMBER='1' AIRFLOW_CTX_DAG_RUN_ID='scheduled__2026-06-08T00:00:00+00:00'
[2026-06-08T01:00:21.422+0000] {taskinstance.py:430} INFO - ::endgroup::
[2026-06-08T01:00:22.496+0000] {logging_mixin.py:188} WARNING - 2026-06-08 01:00:22 [INFO] === START job=accum date=2026-06-08 ===
[2026-06-08T01:00:22.495+0000] {era5_functions.py:368} INFO - === START job=accum date=2026-06-08 ===
[2026-06-08T01:00:22.498+0000] {logging_mixin.py:188} WARNING - 2026-06-08 01:00:22 [INFO] --- job=accum date=20260608 ---
[2026-06-08T01:00:22.498+0000] {era5_functions.py:330} INFO - --- job=accum date=20260608 ---
[2026-06-08T01:00:23.133+0000] {logging_mixin.py:188} WARNING - 2026-06-08 01:00:23 [WARNING] get_cds_count failed: 400 Client Error: Bad Request for url: https://cds.climate.copernicus.eu/api/retrieve/v1/processes/reanalysis-era5-single-levels/execution
invalid request
None of the data you have requested is available yet, please revise the period requested. The latest date available for this dataset is: 2026-06-03 01:00
[2026-06-08T01:00:23.133+0000] {era5_functions.py:131} WARNING - get_cds_count failed: 400 Client Error: Bad Request for url: https://cds.climate.copernicus.eu/api/retrieve/v1/processes/reanalysis-era5-single-levels/execution
invalid request
None of the data you have requested is available yet, please revise the period requested. The latest date available for this dataset is: 2026-06-03 01:00
[2026-06-08T01:00:23.138+0000] {logging_mixin.py:188} WARNING - 2026-06-08 01:00:23 [WARNING] CDS ยังไม่มีข้อมูล job=accum date=20260608, skip
[2026-06-08T01:00:23.138+0000] {era5_functions.py:335} WARNING - CDS ยังไม่มีข้อมูล job=accum date=20260608, skip
[2026-06-08T01:00:23.142+0000] {logging_mixin.py:188} WARNING - 2026-06-08 01:00:23 [INFO] --- job=accum date=20260607 ---
[2026-06-08T01:00:23.142+0000] {era5_functions.py:330} INFO - --- job=accum date=20260607 ---
[2026-06-08T01:00:26.729+0000] {logging_mixin.py:188} WARNING - 2026-06-08 01:00:26 [WARNING] get_cds_count failed: 400 Client Error: Bad Request for url: https://cds.climate.copernicus.eu/api/retrieve/v1/processes/reanalysis-era5-single-levels/execution
invalid request
None of the data you have requested is available yet, please revise the period requested. The latest date available for this dataset is: 2026-06-03 01:00
[2026-06-08T01:00:26.729+0000] {era5_functions.py:131} WARNING - get_cds_count failed: 400 Client Error: Bad Request for url: https://cds.climate.copernicus.eu/api/retrieve/v1/processes/reanalysis-era5-single-levels/execution
invalid request
None of the data you have requested is available yet, please revise the period requested. The latest date available for this dataset is: 2026-06-03 01:00
[2026-06-08T01:00:26.732+0000] {logging_mixin.py:188} WARNING - 2026-06-08 01:00:26 [WARNING] CDS ยังไม่มีข้อมูล job=accum date=20260607, skip
[2026-06-08T01:00:26.732+0000] {era5_functions.py:335} WARNING - CDS ยังไม่มีข้อมูล job=accum date=20260607, skip
[2026-06-08T01:00:26.735+0000] {logging_mixin.py:188} WARNING - 2026-06-08 01:00:26 [INFO] --- job=accum date=20260606 ---
[2026-06-08T01:00:26.735+0000] {era5_functions.py:330} INFO - --- job=accum date=20260606 ---
[2026-06-08T01:00:27.886+0000] {logging_mixin.py:188} WARNING - 2026-06-08 01:00:27 [WARNING] get_cds_count failed: 400 Client Error: Bad Request for url: https://cds.climate.copernicus.eu/api/retrieve/v1/processes/reanalysis-era5-single-levels/execution
invalid request
None of the data you have requested is available yet, please revise the period requested. The latest date available for this dataset is: 2026-06-03 01:00
[2026-06-08T01:00:27.885+0000] {era5_functions.py:131} WARNING - get_cds_count failed: 400 Client Error: Bad Request for url: https://cds.climate.copernicus.eu/api/retrieve/v1/processes/reanalysis-era5-single-levels/execution
invalid request
None of the data you have requested is available yet, please revise the period requested. The latest date available for this dataset is: 2026-06-03 01:00
[2026-06-08T01:00:27.891+0000] {logging_mixin.py:188} WARNING - 2026-06-08 01:00:27 [WARNING] CDS ยังไม่มีข้อมูล job=accum date=20260606, skip
[2026-06-08T01:00:27.890+0000] {era5_functions.py:335} WARNING - CDS ยังไม่มีข้อมูล job=accum date=20260606, skip
[2026-06-08T01:00:27.894+0000] {logging_mixin.py:188} WARNING - 2026-06-08 01:00:27 [INFO] --- job=accum date=20260605 ---
[2026-06-08T01:00:27.894+0000] {era5_functions.py:330} INFO - --- job=accum date=20260605 ---
[2026-06-08T01:00:28.618+0000] {logging_mixin.py:188} WARNING - 2026-06-08 01:00:28 [WARNING] get_cds_count failed: 400 Client Error: Bad Request for url: https://cds.climate.copernicus.eu/api/retrieve/v1/processes/reanalysis-era5-single-levels/execution
invalid request
None of the data you have requested is available yet, please revise the period requested. The latest date available for this dataset is: 2026-06-03 01:00
[2026-06-08T01:00:28.617+0000] {era5_functions.py:131} WARNING - get_cds_count failed: 400 Client Error: Bad Request for url: https://cds.climate.copernicus.eu/api/retrieve/v1/processes/reanalysis-era5-single-levels/execution
invalid request
None of the data you have requested is available yet, please revise the period requested. The latest date available for this dataset is: 2026-06-03 01:00
[2026-06-08T01:00:28.623+0000] {logging_mixin.py:188} WARNING - 2026-06-08 01:00:28 [WARNING] CDS ยังไม่มีข้อมูล job=accum date=20260605, skip
[2026-06-08T01:00:28.623+0000] {era5_functions.py:335} WARNING - CDS ยังไม่มีข้อมูล job=accum date=20260605, skip
[2026-06-08T01:00:28.627+0000] {logging_mixin.py:188} WARNING - 2026-06-08 01:00:28 [INFO] --- job=accum date=20260604 ---
[2026-06-08T01:00:28.627+0000] {era5_functions.py:330} INFO - --- job=accum date=20260604 ---
[2026-06-08T01:00:29.111+0000] {logging_mixin.py:188} WARNING - 2026-06-08 01:00:29 [WARNING] get_cds_count failed: 400 Client Error: Bad Request for url: https://cds.climate.copernicus.eu/api/retrieve/v1/processes/reanalysis-era5-single-levels/execution
invalid request
None of the data you have requested is available yet, please revise the period requested. The latest date available for this dataset is: 2026-06-03 01:00
[2026-06-08T01:00:29.111+0000] {era5_functions.py:131} WARNING - get_cds_count failed: 400 Client Error: Bad Request for url: https://cds.climate.copernicus.eu/api/retrieve/v1/processes/reanalysis-era5-single-levels/execution
invalid request
None of the data you have requested is available yet, please revise the period requested. The latest date available for this dataset is: 2026-06-03 01:00
[2026-06-08T01:00:29.115+0000] {logging_mixin.py:188} WARNING - 2026-06-08 01:00:29 [WARNING] CDS ยังไม่มีข้อมูล job=accum date=20260604, skip
[2026-06-08T01:00:29.115+0000] {era5_functions.py:335} WARNING - CDS ยังไม่มีข้อมูล job=accum date=20260604, skip
[2026-06-08T01:00:29.118+0000] {logging_mixin.py:188} WARNING - 2026-06-08 01:00:29 [INFO] --- job=accum date=20260603 ---
[2026-06-08T01:00:29.118+0000] {era5_functions.py:330} INFO - --- job=accum date=20260603 ---
[2026-06-08T01:00:29.704+0000] {logging_mixin.py:188} WARNING - 2026-06-08 01:00:29,704 INFO [2025-12-11T00:00:00] Please note that a dedicated catalogue entry for this dataset, post-processed and stored in Analysis Ready Cloud Optimized (ARCO) format (Zarr), is available for optimised time-series retrievals (i.e. for retrieving data from selected variables for a single point over an extended period of time in an efficient way). You can discover it [here](https://cds.climate.copernicus.eu/datasets/reanalysis-era5-single-levels-timeseries?tab=overview)
[2026-06-08T01:00:29.704+0000] {legacy_client.py:192} INFO - [2025-12-11T00:00:00] Please note that a dedicated catalogue entry for this dataset, post-processed and stored in Analysis Ready Cloud Optimized (ARCO) format (Zarr), is available for optimised time-series retrievals (i.e. for retrieving data from selected variables for a single point over an extended period of time in an efficient way). You can discover it [here](https://cds.climate.copernicus.eu/datasets/reanalysis-era5-single-levels-timeseries?tab=overview)
[2026-06-08T01:00:29.710+0000] {logging_mixin.py:188} WARNING - 2026-06-08 01:00:29,710 INFO Request ID is 78a788c3-004d-4872-a924-a916db69acec
[2026-06-08T01:00:29.710+0000] {legacy_client.py:192} INFO - Request ID is 78a788c3-004d-4872-a924-a916db69acec
[2026-06-08T01:00:29.953+0000] {logging_mixin.py:188} WARNING - 2026-06-08 01:00:29,953 INFO status has been updated to accepted
[2026-06-08T01:00:29.953+0000] {legacy_client.py:192} INFO - status has been updated to accepted
[2026-06-08T01:00:40.888+0000] {logging_mixin.py:188} WARNING - 2026-06-08 01:00:40,887 INFO status has been updated to rejected
[2026-06-08T01:00:40.887+0000] {legacy_client.py:192} INFO - status has been updated to rejected
[2026-06-08T01:00:43.784+0000] {logging_mixin.py:188} WARNING - 2026-06-08 01:00:43 [WARNING] get_cds_count failed: 400 Client Error: Bad Request for url: https://cds.climate.copernicus.eu/api/retrieve/v1/jobs/78a788c3-004d-4872-a924-a916db69acec/results
The job has been rejected
Number queued requests for this dataset is temporarily limited. Please configure your scripts accordingly
[2026-06-08T01:00:43.784+0000] {era5_functions.py:131} WARNING - get_cds_count failed: 400 Client Error: Bad Request for url: https://cds.climate.copernicus.eu/api/retrieve/v1/jobs/78a788c3-004d-4872-a924-a916db69acec/results
The job has been rejected
Number queued requests for this dataset is temporarily limited. Please configure your scripts accordingly 
[2026-06-08T01:00:43.790+0000] {logging_mixin.py:188} WARNING - 2026-06-08 01:00:43 [WARNING] CDS ยังไม่มีข้อมูล job=accum date=20260603, skip
[2026-06-08T01:00:43.790+0000] {era5_functions.py:335} WARNING - CDS ยังไม่มีข้อมูล job=accum date=20260603, skip
[2026-06-08T01:00:43.795+0000] {logging_mixin.py:188} WARNING - 2026-06-08 01:00:43 [INFO] === END job=accum date=2026-06-08 ===
[2026-06-08T01:00:43.794+0000] {era5_functions.py:379} INFO - === END job=accum date=2026-06-08 ===
[2026-06-08T01:00:43.798+0000] {python.py:237} INFO - Done. Returned value was: None
[2026-06-08T01:00:43.799+0000] {taskinstance.py:441} INFO - ::group::Post task execution logs
[2026-06-08T01:00:43.818+0000] {taskinstance.py:1206} INFO - Marking task as SUCCESS. dag_id=era5_download_pipeline, task_id=era5_accum, run_id=scheduled__2026-06-08T00:00:00+00:00, execution_date=20260608T000000, start_date=20260608T010021, end_date=20260608T010043
[2026-06-08T01:00:43.907+0000] {local_task_job_runner.py:240} INFO - Task exited with return code 0
[2026-06-08T01:00:43.932+0000] {taskinstance.py:3498} INFO - 0 downstream tasks scheduled from follow-on schedule check
[2026-06-08T01:00:43.936+0000] {local_task_job_runner.py:222} INFO - ::endgroup::
