[2026-06-24T05:02:30.216+0000] {local_task_job_runner.py:120} INFO - ::group::Pre task execution logs
[2026-06-24T05:02:30.241+0000] {taskinstance.py:2076} INFO - Dependencies all met for dep_context=non-requeueable deps ti=<TaskInstance: era5_download_pipeline.era5_accum scheduled__2026-06-24T04:00:00+00:00 [queued]>
[2026-06-24T05:02:30.257+0000] {taskinstance.py:2076} INFO - Dependencies all met for dep_context=requeueable deps ti=<TaskInstance: era5_download_pipeline.era5_accum scheduled__2026-06-24T04:00:00+00:00 [queued]>
[2026-06-24T05:02:30.258+0000] {taskinstance.py:2306} INFO - Starting attempt 1 of 1
[2026-06-24T05:02:30.275+0000] {taskinstance.py:2330} INFO - Executing <Task(PythonOperator): era5_accum> on 2026-06-24 04:00:00+00:00
[2026-06-24T05:02:30.289+0000] {warnings.py:110} WARNING - /home/***/.local/lib/python3.12/site-packages/***/task/task_runner/standard_task_runner.py:61: DeprecationWarning: This process (pid=238739) is multi-threaded, use of fork() may lead to deadlocks in the child.
  pid = os.fork()

[2026-06-24T05:02:30.292+0000] {standard_task_runner.py:63} INFO - Started process 238741 to run task
[2026-06-24T05:02:30.291+0000] {standard_task_runner.py:90} INFO - Running: ['***', 'tasks', 'run', 'era5_download_pipeline', 'era5_accum', 'scheduled__2026-06-24T04:00:00+00:00', '--job-id', '2261', '--raw', '--subdir', 'DAGS_FOLDER/era5_dag.py', '--cfg-path', '/tmp/tmp9rql8wyq']
[2026-06-24T05:02:30.297+0000] {standard_task_runner.py:91} INFO - Job 2261: Subtask era5_accum
[2026-06-24T05:02:30.384+0000] {task_command.py:426} INFO - Running <TaskInstance: era5_download_pipeline.era5_accum scheduled__2026-06-24T04:00:00+00:00 [running]> on host 01cd476fb21a
[2026-06-24T05:02:30.502+0000] {taskinstance.py:2648} INFO - Exporting env vars: AIRFLOW_CTX_DAG_OWNER='era5' AIRFLOW_CTX_DAG_ID='era5_download_pipeline' AIRFLOW_CTX_TASK_ID='era5_accum' AIRFLOW_CTX_EXECUTION_DATE='2026-06-24T04:00:00+00:00' AIRFLOW_CTX_TRY_NUMBER='1' AIRFLOW_CTX_DAG_RUN_ID='scheduled__2026-06-24T04:00:00+00:00'
[2026-06-24T05:02:30.504+0000] {taskinstance.py:430} INFO - ::endgroup::
[2026-06-24T05:02:31.577+0000] {logging_mixin.py:188} WARNING - 2026-06-24 05:02:31 [INFO] === START job=accum date=2026-06-24 ===
[2026-06-24T05:02:31.576+0000] {era5_functions.py:368} INFO - === START job=accum date=2026-06-24 ===
[2026-06-24T05:02:31.580+0000] {logging_mixin.py:188} WARNING - 2026-06-24 05:02:31 [INFO] --- job=accum date=20260624 ---
[2026-06-24T05:02:31.580+0000] {era5_functions.py:330} INFO - --- job=accum date=20260624 ---
[2026-06-24T05:02:32.177+0000] {logging_mixin.py:188} WARNING - 2026-06-24 05:02:32 [WARNING] get_cds_count failed: 400 Client Error: Bad Request for url: https://cds.climate.copernicus.eu/api/retrieve/v1/processes/reanalysis-era5-single-levels/execution
invalid request
None of the data you have requested is available yet, please revise the period requested. The latest date available for this dataset is: 2026-06-19 05:00
[2026-06-24T05:02:32.177+0000] {era5_functions.py:131} WARNING - get_cds_count failed: 400 Client Error: Bad Request for url: https://cds.climate.copernicus.eu/api/retrieve/v1/processes/reanalysis-era5-single-levels/execution
invalid request
None of the data you have requested is available yet, please revise the period requested. The latest date available for this dataset is: 2026-06-19 05:00
[2026-06-24T05:02:32.182+0000] {logging_mixin.py:188} WARNING - 2026-06-24 05:02:32 [WARNING] CDS ยังไม่มีข้อมูล job=accum date=20260624, skip
[2026-06-24T05:02:32.181+0000] {era5_functions.py:335} WARNING - CDS ยังไม่มีข้อมูล job=accum date=20260624, skip
[2026-06-24T05:02:32.184+0000] {logging_mixin.py:188} WARNING - 2026-06-24 05:02:32 [INFO] --- job=accum date=20260623 ---
[2026-06-24T05:02:32.184+0000] {era5_functions.py:330} INFO - --- job=accum date=20260623 ---
[2026-06-24T05:02:32.778+0000] {logging_mixin.py:188} WARNING - 2026-06-24 05:02:32 [WARNING] get_cds_count failed: 400 Client Error: Bad Request for url: https://cds.climate.copernicus.eu/api/retrieve/v1/processes/reanalysis-era5-single-levels/execution
invalid request
None of the data you have requested is available yet, please revise the period requested. The latest date available for this dataset is: 2026-06-19 05:00
[2026-06-24T05:02:32.778+0000] {era5_functions.py:131} WARNING - get_cds_count failed: 400 Client Error: Bad Request for url: https://cds.climate.copernicus.eu/api/retrieve/v1/processes/reanalysis-era5-single-levels/execution
invalid request
None of the data you have requested is available yet, please revise the period requested. The latest date available for this dataset is: 2026-06-19 05:00
[2026-06-24T05:02:32.782+0000] {logging_mixin.py:188} WARNING - 2026-06-24 05:02:32 [WARNING] CDS ยังไม่มีข้อมูล job=accum date=20260623, skip
[2026-06-24T05:02:32.782+0000] {era5_functions.py:335} WARNING - CDS ยังไม่มีข้อมูล job=accum date=20260623, skip
[2026-06-24T05:02:32.784+0000] {logging_mixin.py:188} WARNING - 2026-06-24 05:02:32 [INFO] --- job=accum date=20260622 ---
[2026-06-24T05:02:32.784+0000] {era5_functions.py:330} INFO - --- job=accum date=20260622 ---
[2026-06-24T05:02:33.471+0000] {logging_mixin.py:188} WARNING - 2026-06-24 05:02:33 [WARNING] get_cds_count failed: 400 Client Error: Bad Request for url: https://cds.climate.copernicus.eu/api/retrieve/v1/processes/reanalysis-era5-single-levels/execution
invalid request
None of the data you have requested is available yet, please revise the period requested. The latest date available for this dataset is: 2026-06-19 05:00
[2026-06-24T05:02:33.471+0000] {era5_functions.py:131} WARNING - get_cds_count failed: 400 Client Error: Bad Request for url: https://cds.climate.copernicus.eu/api/retrieve/v1/processes/reanalysis-era5-single-levels/execution
invalid request
None of the data you have requested is available yet, please revise the period requested. The latest date available for this dataset is: 2026-06-19 05:00
[2026-06-24T05:02:33.476+0000] {logging_mixin.py:188} WARNING - 2026-06-24 05:02:33 [WARNING] CDS ยังไม่มีข้อมูล job=accum date=20260622, skip
[2026-06-24T05:02:33.475+0000] {era5_functions.py:335} WARNING - CDS ยังไม่มีข้อมูล job=accum date=20260622, skip
[2026-06-24T05:02:33.479+0000] {logging_mixin.py:188} WARNING - 2026-06-24 05:02:33 [INFO] --- job=accum date=20260621 ---
[2026-06-24T05:02:33.479+0000] {era5_functions.py:330} INFO - --- job=accum date=20260621 ---
[2026-06-24T05:02:34.129+0000] {logging_mixin.py:188} WARNING - 2026-06-24 05:02:34 [WARNING] get_cds_count failed: 400 Client Error: Bad Request for url: https://cds.climate.copernicus.eu/api/retrieve/v1/processes/reanalysis-era5-single-levels/execution
invalid request
None of the data you have requested is available yet, please revise the period requested. The latest date available for this dataset is: 2026-06-19 05:00
[2026-06-24T05:02:34.128+0000] {era5_functions.py:131} WARNING - get_cds_count failed: 400 Client Error: Bad Request for url: https://cds.climate.copernicus.eu/api/retrieve/v1/processes/reanalysis-era5-single-levels/execution
invalid request
None of the data you have requested is available yet, please revise the period requested. The latest date available for this dataset is: 2026-06-19 05:00
[2026-06-24T05:02:34.135+0000] {logging_mixin.py:188} WARNING - 2026-06-24 05:02:34 [WARNING] CDS ยังไม่มีข้อมูล job=accum date=20260621, skip
[2026-06-24T05:02:34.134+0000] {era5_functions.py:335} WARNING - CDS ยังไม่มีข้อมูล job=accum date=20260621, skip
[2026-06-24T05:02:34.138+0000] {logging_mixin.py:188} WARNING - 2026-06-24 05:02:34 [INFO] --- job=accum date=20260620 ---
[2026-06-24T05:02:34.138+0000] {era5_functions.py:330} INFO - --- job=accum date=20260620 ---
[2026-06-24T05:02:34.552+0000] {logging_mixin.py:188} WARNING - 2026-06-24 05:02:34 [WARNING] get_cds_count failed: 400 Client Error: Bad Request for url: https://cds.climate.copernicus.eu/api/retrieve/v1/processes/reanalysis-era5-single-levels/execution
invalid request
None of the data you have requested is available yet, please revise the period requested. The latest date available for this dataset is: 2026-06-19 05:00
[2026-06-24T05:02:34.551+0000] {era5_functions.py:131} WARNING - get_cds_count failed: 400 Client Error: Bad Request for url: https://cds.climate.copernicus.eu/api/retrieve/v1/processes/reanalysis-era5-single-levels/execution
invalid request
None of the data you have requested is available yet, please revise the period requested. The latest date available for this dataset is: 2026-06-19 05:00
[2026-06-24T05:02:34.555+0000] {logging_mixin.py:188} WARNING - 2026-06-24 05:02:34 [WARNING] CDS ยังไม่มีข้อมูล job=accum date=20260620, skip
[2026-06-24T05:02:34.555+0000] {era5_functions.py:335} WARNING - CDS ยังไม่มีข้อมูล job=accum date=20260620, skip
[2026-06-24T05:02:34.558+0000] {logging_mixin.py:188} WARNING - 2026-06-24 05:02:34 [INFO] --- job=accum date=20260619 ---
[2026-06-24T05:02:34.558+0000] {era5_functions.py:330} INFO - --- job=accum date=20260619 ---
[2026-06-24T05:02:35.192+0000] {logging_mixin.py:188} WARNING - 2026-06-24 05:02:35,191 INFO [2025-12-11T00:00:00] Please note that a dedicated catalogue entry for this dataset, post-processed and stored in Analysis Ready Cloud Optimized (ARCO) format (Zarr), is available for optimised time-series retrievals (i.e. for retrieving data from selected variables for a single point over an extended period of time in an efficient way). You can discover it [here](https://cds.climate.copernicus.eu/datasets/reanalysis-era5-single-levels-timeseries?tab=overview)
[2026-06-24T05:02:35.191+0000] {legacy_client.py:192} INFO - [2025-12-11T00:00:00] Please note that a dedicated catalogue entry for this dataset, post-processed and stored in Analysis Ready Cloud Optimized (ARCO) format (Zarr), is available for optimised time-series retrievals (i.e. for retrieving data from selected variables for a single point over an extended period of time in an efficient way). You can discover it [here](https://cds.climate.copernicus.eu/datasets/reanalysis-era5-single-levels-timeseries?tab=overview)
[2026-06-24T05:02:35.198+0000] {logging_mixin.py:188} WARNING - 2026-06-24 05:02:35,198 INFO Request ID is 40a721a6-42a6-49ea-95c0-bde4830b350b
[2026-06-24T05:02:35.198+0000] {legacy_client.py:192} INFO - Request ID is 40a721a6-42a6-49ea-95c0-bde4830b350b
[2026-06-24T05:02:35.401+0000] {logging_mixin.py:188} WARNING - 2026-06-24 05:02:35,401 INFO status has been updated to accepted
[2026-06-24T05:02:35.401+0000] {legacy_client.py:192} INFO - status has been updated to accepted
[2026-06-24T05:03:26.373+0000] {logging_mixin.py:188} WARNING - 2026-06-24 05:03:26,372 INFO status has been updated to running
[2026-06-24T05:03:26.372+0000] {legacy_client.py:192} INFO - status has been updated to running
[2026-06-24T05:03:53.393+0000] {logging_mixin.py:188} WARNING - 2026-06-24 05:03:53,392 INFO status has been updated to successful
[2026-06-24T05:03:53.392+0000] {legacy_client.py:192} INFO - status has been updated to successful
[2026-06-24T05:03:53.972+0000] {base.py:119} INFO - Downloading https://object-store.os-api.cci2.ecmwf.int:443/cci2-prod-cache-2/2026-06-24/8054d8b41a2fb184ef77aafab1118efa.nc
[2026-06-24T05:03:54.958+0000] {logging_mixin.py:188} WARNING - 8054d8b41a2fb184ef77aafab1118efa.nc:   0%|          | 0.00/110k [00:00<?, ?B/s]
[2026-06-24T05:03:56.464+0000] {logging_mixin.py:188} WARNING - 8054d8b41a2fb184ef77aafab1118efa.nc: 100%|##########| 110k/110k [00:01<00:00, 74.7kB/s]
[2026-06-24T05:03:56.470+0000] {logging_mixin.py:188} WARNING -                                                                                        
[2026-06-24T05:03:56.749+0000] {logging_mixin.py:188} WARNING - 2026-06-24 05:03:56 [INFO] CDS timestep available: 6
[2026-06-24T05:03:56.749+0000] {era5_functions.py:128} INFO - CDS timestep available: 6
[2026-06-24T05:03:56.809+0000] {logging_mixin.py:188} WARNING - 2026-06-24 05:03:56 [INFO] local timestep: 5 — /opt/***/era5/ecmwf/data/nc/_raw/2026/06/19/accum_20260619.nc
[2026-06-24T05:03:56.809+0000] {era5_functions.py:152} INFO - local timestep: 5 — /opt/***/era5/ecmwf/data/nc/_raw/2026/06/19/accum_20260619.nc
[2026-06-24T05:03:56.817+0000] {logging_mixin.py:188} WARNING - 2026-06-24 05:03:56 [INFO] nc outdated (local=5 < cds=6), removing: /opt/***/era5/ecmwf/data/nc/_raw/2026/06/19/accum_20260619.nc
[2026-06-24T05:03:56.817+0000] {era5_functions.py:193} INFO - nc outdated (local=5 < cds=6), removing: /opt/***/era5/ecmwf/data/nc/_raw/2026/06/19/accum_20260619.nc
[2026-06-24T05:03:56.840+0000] {logging_mixin.py:188} WARNING - 2026-06-24 05:03:56 [INFO] download attempt 1/3: /opt/***/era5/ecmwf/data/nc/_raw/2026/06/19/accum_20260619.nc
[2026-06-24T05:03:56.840+0000] {era5_functions.py:200} INFO - download attempt 1/3: /opt/***/era5/ecmwf/data/nc/_raw/2026/06/19/accum_20260619.nc
[2026-06-24T05:03:58.725+0000] {logging_mixin.py:188} WARNING - 2026-06-24 05:03:58,725 INFO [2025-12-11T00:00:00] Please note that a dedicated catalogue entry for this dataset, post-processed and stored in Analysis Ready Cloud Optimized (ARCO) format (Zarr), is available for optimised time-series retrievals (i.e. for retrieving data from selected variables for a single point over an extended period of time in an efficient way). You can discover it [here](https://cds.climate.copernicus.eu/datasets/reanalysis-era5-single-levels-timeseries?tab=overview)
[2026-06-24T05:03:58.725+0000] {legacy_client.py:192} INFO - [2025-12-11T00:00:00] Please note that a dedicated catalogue entry for this dataset, post-processed and stored in Analysis Ready Cloud Optimized (ARCO) format (Zarr), is available for optimised time-series retrievals (i.e. for retrieving data from selected variables for a single point over an extended period of time in an efficient way). You can discover it [here](https://cds.climate.copernicus.eu/datasets/reanalysis-era5-single-levels-timeseries?tab=overview)
[2026-06-24T05:03:58.728+0000] {logging_mixin.py:188} WARNING - 2026-06-24 05:03:58,728 INFO Request ID is 5cee5d81-8631-4c3e-add1-10447414ec51
[2026-06-24T05:03:58.728+0000] {legacy_client.py:192} INFO - Request ID is 5cee5d81-8631-4c3e-add1-10447414ec51
[2026-06-24T05:03:58.963+0000] {logging_mixin.py:188} WARNING - 2026-06-24 05:03:58,963 INFO status has been updated to accepted
[2026-06-24T05:03:58.963+0000] {legacy_client.py:192} INFO - status has been updated to accepted
[2026-06-24T05:04:13.210+0000] {logging_mixin.py:188} WARNING - 2026-06-24 05:04:13,210 INFO status has been updated to running
[2026-06-24T05:04:13.210+0000] {legacy_client.py:192} INFO - status has been updated to running
[2026-06-24T05:04:21.022+0000] {logging_mixin.py:188} WARNING - 2026-06-24 05:04:21,022 INFO status has been updated to successful
[2026-06-24T05:04:21.022+0000] {legacy_client.py:192} INFO - status has been updated to successful
[2026-06-24T05:04:21.446+0000] {base.py:119} INFO - Downloading https://object-store.os-api.cci2.ecmwf.int:443/cci2-prod-cache-3/2026-06-24/6f8b47a7ccd05b49e5c1702a4b9ef038.nc
[2026-06-24T05:04:22.111+0000] {logging_mixin.py:188} WARNING - 6f8b47a7ccd05b49e5c1702a4b9ef038.nc:   0%|          | 0.00/110k [00:00<?, ?B/s]
[2026-06-24T05:04:23.672+0000] {logging_mixin.py:188} WARNING - 6f8b47a7ccd05b49e5c1702a4b9ef038.nc: 100%|##########| 110k/110k [00:01<00:00, 72.0kB/s]
[2026-06-24T05:04:23.687+0000] {logging_mixin.py:188} WARNING -                                                                                        
[2026-06-24T05:04:23.781+0000] {logging_mixin.py:188} WARNING - 2026-06-24 05:04:23 [INFO] nc downloaded ok: /opt/***/era5/ecmwf/data/nc/_raw/2026/06/19/accum_20260619.nc
[2026-06-24T05:04:23.780+0000] {era5_functions.py:204} INFO - nc downloaded ok: /opt/***/era5/ecmwf/data/nc/_raw/2026/06/19/accum_20260619.nc
[2026-06-24T05:04:23.843+0000] {logging_mixin.py:188} WARNING - 2026-06-24 05:04:23 [INFO] local timestep: 6 — /opt/***/era5/ecmwf/data/nc/_raw/2026/06/19/accum_20260619.nc
[2026-06-24T05:04:23.843+0000] {era5_functions.py:152} INFO - local timestep: 6 — /opt/***/era5/ecmwf/data/nc/_raw/2026/06/19/accum_20260619.nc
[2026-06-24T05:04:23.931+0000] {logging_mixin.py:188} WARNING - 2026-06-24 05:04:23 [INFO] tif outdated (tif=5 < nc=6), removing: /opt/***/era5/ecmwf/data/tif/2026/06/19/tp_20260619.tif
[2026-06-24T05:04:23.931+0000] {era5_functions.py:261} INFO - tif outdated (tif=5 < nc=6), removing: /opt/***/era5/ecmwf/data/tif/2026/06/19/tp_20260619.tif
[2026-06-24T05:04:24.035+0000] {logging_mixin.py:188} WARNING - 2026-06-24 05:04:24 [INFO] tif ok (bands=6): /opt/***/era5/ecmwf/data/tif/2026/06/19/tp_20260619.tif
[2026-06-24T05:04:24.035+0000] {era5_functions.py:304} INFO - tif ok (bands=6): /opt/***/era5/ecmwf/data/tif/2026/06/19/tp_20260619.tif
[2026-06-24T05:04:24.040+0000] {logging_mixin.py:188} WARNING - 2026-06-24 05:04:24 [INFO] === END job=accum date=2026-06-24 ===
[2026-06-24T05:04:24.040+0000] {era5_functions.py:379} INFO - === END job=accum date=2026-06-24 ===
[2026-06-24T05:04:24.041+0000] {python.py:237} INFO - Done. Returned value was: None
[2026-06-24T05:04:24.042+0000] {taskinstance.py:441} INFO - ::group::Post task execution logs
[2026-06-24T05:04:24.055+0000] {taskinstance.py:1206} INFO - Marking task as SUCCESS. dag_id=era5_download_pipeline, task_id=era5_accum, run_id=scheduled__2026-06-24T04:00:00+00:00, execution_date=20260624T040000, start_date=20260624T050230, end_date=20260624T050424
[2026-06-24T05:04:24.125+0000] {local_task_job_runner.py:240} INFO - Task exited with return code 0
[2026-06-24T05:04:24.144+0000] {taskinstance.py:3498} INFO - 0 downstream tasks scheduled from follow-on schedule check
[2026-06-24T05:04:24.148+0000] {local_task_job_runner.py:222} INFO - ::endgroup::
