[2026-06-08T23:00:02.574+0000] {local_task_job_runner.py:120} INFO - ::group::Pre task execution logs
[2026-06-08T23:00:02.611+0000] {taskinstance.py:2076} INFO - Dependencies all met for dep_context=non-requeueable deps ti=<TaskInstance: era5_download_pipeline.era5_instant scheduled__2026-06-08T22:00:00+00:00 [queued]>
[2026-06-08T23:00:02.621+0000] {taskinstance.py:2076} INFO - Dependencies all met for dep_context=requeueable deps ti=<TaskInstance: era5_download_pipeline.era5_instant scheduled__2026-06-08T22:00:00+00:00 [queued]>
[2026-06-08T23:00:02.623+0000] {taskinstance.py:2306} INFO - Starting attempt 1 of 1
[2026-06-08T23:00:02.638+0000] {taskinstance.py:2330} INFO - Executing <Task(PythonOperator): era5_instant> on 2026-06-08 22:00:00+00:00
[2026-06-08T23:00:02.649+0000] {warnings.py:110} WARNING - /home/***/.local/lib/python3.12/site-packages/***/task/task_runner/standard_task_runner.py:61: DeprecationWarning: This process (pid=123784) is multi-threaded, use of fork() may lead to deadlocks in the child.
  pid = os.fork()

[2026-06-08T23:00:02.652+0000] {standard_task_runner.py:63} INFO - Started process 123788 to run task
[2026-06-08T23:00:02.653+0000] {standard_task_runner.py:90} INFO - Running: ['***', 'tasks', 'run', 'era5_download_pipeline', 'era5_instant', 'scheduled__2026-06-08T22:00:00+00:00', '--job-id', '1237', '--raw', '--subdir', 'DAGS_FOLDER/era5_dag.py', '--cfg-path', '/tmp/tmp8uj_a2ue']
[2026-06-08T23:00:02.657+0000] {standard_task_runner.py:91} INFO - Job 1237: Subtask era5_instant
[2026-06-08T23:00:02.745+0000] {task_command.py:426} INFO - Running <TaskInstance: era5_download_pipeline.era5_instant scheduled__2026-06-08T22:00:00+00:00 [running]> on host 01cd476fb21a
[2026-06-08T23:00:02.861+0000] {taskinstance.py:2648} INFO - Exporting env vars: AIRFLOW_CTX_DAG_OWNER='era5' AIRFLOW_CTX_DAG_ID='era5_download_pipeline' AIRFLOW_CTX_TASK_ID='era5_instant' AIRFLOW_CTX_EXECUTION_DATE='2026-06-08T22:00:00+00:00' AIRFLOW_CTX_TRY_NUMBER='1' AIRFLOW_CTX_DAG_RUN_ID='scheduled__2026-06-08T22:00:00+00:00'
[2026-06-08T23:00:02.864+0000] {taskinstance.py:430} INFO - ::endgroup::
[2026-06-08T23:00:03.913+0000] {logging_mixin.py:188} WARNING - 2026-06-08 23:00:03 [INFO] === START job=instant date=2026-06-08 ===
[2026-06-08T23:00:03.912+0000] {era5_functions.py:368} INFO - === START job=instant date=2026-06-08 ===
[2026-06-08T23:00:03.915+0000] {logging_mixin.py:188} WARNING - 2026-06-08 23:00:03 [INFO] --- job=instant date=20260608 ---
[2026-06-08T23:00:03.914+0000] {era5_functions.py:330} INFO - --- job=instant date=20260608 ---
[2026-06-08T23:00:07.797+0000] {logging_mixin.py:188} WARNING - 2026-06-08 23:00:07 [WARNING] get_cds_count failed: 400 Client Error: Bad Request for url: https://cds.climate.copernicus.eu/api/retrieve/v1/processes/reanalysis-era5-single-levels/execution
invalid request
None of the data you have requested is available yet, please revise the period requested. The latest date available for this dataset is: 2026-06-03 23:00
[2026-06-08T23:00:07.797+0000] {era5_functions.py:131} WARNING - get_cds_count failed: 400 Client Error: Bad Request for url: https://cds.climate.copernicus.eu/api/retrieve/v1/processes/reanalysis-era5-single-levels/execution
invalid request
None of the data you have requested is available yet, please revise the period requested. The latest date available for this dataset is: 2026-06-03 23:00
[2026-06-08T23:00:07.801+0000] {logging_mixin.py:188} WARNING - 2026-06-08 23:00:07 [WARNING] CDS ยังไม่มีข้อมูล job=instant date=20260608, skip
[2026-06-08T23:00:07.801+0000] {era5_functions.py:335} WARNING - CDS ยังไม่มีข้อมูล job=instant date=20260608, skip
[2026-06-08T23:00:07.805+0000] {logging_mixin.py:188} WARNING - 2026-06-08 23:00:07 [INFO] --- job=instant date=20260607 ---
[2026-06-08T23:00:07.805+0000] {era5_functions.py:330} INFO - --- job=instant date=20260607 ---
[2026-06-08T23:00:10.789+0000] {logging_mixin.py:188} WARNING - 2026-06-08 23:00:10 [WARNING] get_cds_count failed: 400 Client Error: Bad Request for url: https://cds.climate.copernicus.eu/api/retrieve/v1/processes/reanalysis-era5-single-levels/execution
invalid request
None of the data you have requested is available yet, please revise the period requested. The latest date available for this dataset is: 2026-06-03 23:00
[2026-06-08T23:00:10.788+0000] {era5_functions.py:131} WARNING - get_cds_count failed: 400 Client Error: Bad Request for url: https://cds.climate.copernicus.eu/api/retrieve/v1/processes/reanalysis-era5-single-levels/execution
invalid request
None of the data you have requested is available yet, please revise the period requested. The latest date available for this dataset is: 2026-06-03 23:00
[2026-06-08T23:00:10.795+0000] {logging_mixin.py:188} WARNING - 2026-06-08 23:00:10 [WARNING] CDS ยังไม่มีข้อมูล job=instant date=20260607, skip
[2026-06-08T23:00:10.794+0000] {era5_functions.py:335} WARNING - CDS ยังไม่มีข้อมูล job=instant date=20260607, skip
[2026-06-08T23:00:10.799+0000] {logging_mixin.py:188} WARNING - 2026-06-08 23:00:10 [INFO] --- job=instant date=20260606 ---
[2026-06-08T23:00:10.799+0000] {era5_functions.py:330} INFO - --- job=instant date=20260606 ---
[2026-06-08T23:00:11.448+0000] {logging_mixin.py:188} WARNING - 2026-06-08 23:00:11 [WARNING] get_cds_count failed: 400 Client Error: Bad Request for url: https://cds.climate.copernicus.eu/api/retrieve/v1/processes/reanalysis-era5-single-levels/execution
invalid request
None of the data you have requested is available yet, please revise the period requested. The latest date available for this dataset is: 2026-06-03 23:00
[2026-06-08T23:00:11.448+0000] {era5_functions.py:131} WARNING - get_cds_count failed: 400 Client Error: Bad Request for url: https://cds.climate.copernicus.eu/api/retrieve/v1/processes/reanalysis-era5-single-levels/execution
invalid request
None of the data you have requested is available yet, please revise the period requested. The latest date available for this dataset is: 2026-06-03 23:00
[2026-06-08T23:00:11.451+0000] {logging_mixin.py:188} WARNING - 2026-06-08 23:00:11 [WARNING] CDS ยังไม่มีข้อมูล job=instant date=20260606, skip
[2026-06-08T23:00:11.451+0000] {era5_functions.py:335} WARNING - CDS ยังไม่มีข้อมูล job=instant date=20260606, skip
[2026-06-08T23:00:11.452+0000] {logging_mixin.py:188} WARNING - 2026-06-08 23:00:11 [INFO] --- job=instant date=20260605 ---
[2026-06-08T23:00:11.452+0000] {era5_functions.py:330} INFO - --- job=instant date=20260605 ---
[2026-06-08T23:00:12.590+0000] {logging_mixin.py:188} WARNING - 2026-06-08 23:00:12 [WARNING] get_cds_count failed: 400 Client Error: Bad Request for url: https://cds.climate.copernicus.eu/api/retrieve/v1/processes/reanalysis-era5-single-levels/execution
invalid request
None of the data you have requested is available yet, please revise the period requested. The latest date available for this dataset is: 2026-06-03 23:00
[2026-06-08T23:00:12.590+0000] {era5_functions.py:131} WARNING - get_cds_count failed: 400 Client Error: Bad Request for url: https://cds.climate.copernicus.eu/api/retrieve/v1/processes/reanalysis-era5-single-levels/execution
invalid request
None of the data you have requested is available yet, please revise the period requested. The latest date available for this dataset is: 2026-06-03 23:00
[2026-06-08T23:00:12.593+0000] {logging_mixin.py:188} WARNING - 2026-06-08 23:00:12 [WARNING] CDS ยังไม่มีข้อมูล job=instant date=20260605, skip
[2026-06-08T23:00:12.593+0000] {era5_functions.py:335} WARNING - CDS ยังไม่มีข้อมูล job=instant date=20260605, skip
[2026-06-08T23:00:12.595+0000] {logging_mixin.py:188} WARNING - 2026-06-08 23:00:12 [INFO] --- job=instant date=20260604 ---
[2026-06-08T23:00:12.595+0000] {era5_functions.py:330} INFO - --- job=instant date=20260604 ---
[2026-06-08T23:00:14.024+0000] {logging_mixin.py:188} WARNING - 2026-06-08 23:00:14 [WARNING] get_cds_count failed: 400 Client Error: Bad Request for url: https://cds.climate.copernicus.eu/api/retrieve/v1/processes/reanalysis-era5-single-levels/execution
invalid request
None of the data you have requested is available yet, please revise the period requested. The latest date available for this dataset is: 2026-06-03 23:00
[2026-06-08T23:00:14.024+0000] {era5_functions.py:131} WARNING - get_cds_count failed: 400 Client Error: Bad Request for url: https://cds.climate.copernicus.eu/api/retrieve/v1/processes/reanalysis-era5-single-levels/execution
invalid request
None of the data you have requested is available yet, please revise the period requested. The latest date available for this dataset is: 2026-06-03 23:00
[2026-06-08T23:00:14.028+0000] {logging_mixin.py:188} WARNING - 2026-06-08 23:00:14 [WARNING] CDS ยังไม่มีข้อมูล job=instant date=20260604, skip
[2026-06-08T23:00:14.028+0000] {era5_functions.py:335} WARNING - CDS ยังไม่มีข้อมูล job=instant date=20260604, skip
[2026-06-08T23:00:14.032+0000] {logging_mixin.py:188} WARNING - 2026-06-08 23:00:14 [INFO] --- job=instant date=20260603 ---
[2026-06-08T23:00:14.032+0000] {era5_functions.py:330} INFO - --- job=instant date=20260603 ---
[2026-06-08T23:00:16.328+0000] {logging_mixin.py:188} WARNING - 2026-06-08 23:00:16,328 INFO [2025-12-11T00:00:00] Please note that a dedicated catalogue entry for this dataset, post-processed and stored in Analysis Ready Cloud Optimized (ARCO) format (Zarr), is available for optimised time-series retrievals (i.e. for retrieving data from selected variables for a single point over an extended period of time in an efficient way). You can discover it [here](https://cds.climate.copernicus.eu/datasets/reanalysis-era5-single-levels-timeseries?tab=overview)
[2026-06-08T23:00:16.328+0000] {legacy_client.py:192} INFO - [2025-12-11T00:00:00] Please note that a dedicated catalogue entry for this dataset, post-processed and stored in Analysis Ready Cloud Optimized (ARCO) format (Zarr), is available for optimised time-series retrievals (i.e. for retrieving data from selected variables for a single point over an extended period of time in an efficient way). You can discover it [here](https://cds.climate.copernicus.eu/datasets/reanalysis-era5-single-levels-timeseries?tab=overview)
[2026-06-08T23:00:16.332+0000] {logging_mixin.py:188} WARNING - 2026-06-08 23:00:16,331 INFO Request ID is bfbd8b81-9b57-4a74-a85e-48feb4890385
[2026-06-08T23:00:16.331+0000] {legacy_client.py:192} INFO - Request ID is bfbd8b81-9b57-4a74-a85e-48feb4890385
[2026-06-08T23:00:16.616+0000] {logging_mixin.py:188} WARNING - 2026-06-08 23:00:16,616 INFO status has been updated to accepted
[2026-06-08T23:00:16.616+0000] {legacy_client.py:192} INFO - status has been updated to accepted
[2026-06-08T23:00:38.927+0000] {logging_mixin.py:188} WARNING - 2026-06-08 23:00:38,926 INFO status has been updated to successful
[2026-06-08T23:00:38.926+0000] {legacy_client.py:192} INFO - status has been updated to successful
[2026-06-08T23:00:41.465+0000] {base.py:119} INFO - Downloading https://object-store.os-api.cci2.ecmwf.int:443/cci2-prod-cache-2/2026-06-08/b2caed19e91e80cd2a44ff6e7e880cb0.nc
[2026-06-08T23:00:42.465+0000] {logging_mixin.py:188} WARNING - b2caed19e91e80cd2a44ff6e7e880cb0.nc:   0%|          | 0.00/2.56M [00:00<?, ?B/s]
[2026-06-08T23:00:44.775+0000] {logging_mixin.py:188} WARNING - b2caed19e91e80cd2a44ff6e7e880cb0.nc:  39%|###9      | 1.00M/2.56M [00:02<00:03, 454kB/s]
[2026-06-08T23:00:45.546+0000] {logging_mixin.py:188} WARNING - b2caed19e91e80cd2a44ff6e7e880cb0.nc:  78%|#######8  | 2.00M/2.56M [00:03<00:00, 747kB/s]
[2026-06-08T23:00:45.749+0000] {logging_mixin.py:188} WARNING - b2caed19e91e80cd2a44ff6e7e880cb0.nc: 100%|##########| 2.56M/2.56M [00:03<00:00, 979kB/s]
[2026-06-08T23:00:45.752+0000] {logging_mixin.py:188} WARNING -                                                                                         
[2026-06-08T23:00:46.013+0000] {logging_mixin.py:188} WARNING - 2026-06-08 23:00:46 [INFO] CDS timestep available: 24
[2026-06-08T23:00:46.013+0000] {era5_functions.py:128} INFO - CDS timestep available: 24
[2026-06-08T23:00:46.101+0000] {logging_mixin.py:188} WARNING - 2026-06-08 23:00:46 [INFO] local timestep: 23 — /opt/***/era5/ecmwf/data/nc/_raw/2026/06/03/instant_20260603.nc
[2026-06-08T23:00:46.101+0000] {era5_functions.py:152} INFO - local timestep: 23 — /opt/***/era5/ecmwf/data/nc/_raw/2026/06/03/instant_20260603.nc
[2026-06-08T23:00:46.108+0000] {logging_mixin.py:188} WARNING - 2026-06-08 23:00:46 [INFO] nc outdated (local=23 < cds=24), removing: /opt/***/era5/ecmwf/data/nc/_raw/2026/06/03/instant_20260603.nc
[2026-06-08T23:00:46.108+0000] {era5_functions.py:193} INFO - nc outdated (local=23 < cds=24), removing: /opt/***/era5/ecmwf/data/nc/_raw/2026/06/03/instant_20260603.nc
[2026-06-08T23:00:46.126+0000] {logging_mixin.py:188} WARNING - 2026-06-08 23:00:46 [INFO] download attempt 1/3: /opt/***/era5/ecmwf/data/nc/_raw/2026/06/03/instant_20260603.nc
[2026-06-08T23:00:46.126+0000] {era5_functions.py:200} INFO - download attempt 1/3: /opt/***/era5/ecmwf/data/nc/_raw/2026/06/03/instant_20260603.nc
[2026-06-08T23:00:46.847+0000] {logging_mixin.py:188} WARNING - 2026-06-08 23:00:46,846 INFO [2025-12-11T00:00:00] Please note that a dedicated catalogue entry for this dataset, post-processed and stored in Analysis Ready Cloud Optimized (ARCO) format (Zarr), is available for optimised time-series retrievals (i.e. for retrieving data from selected variables for a single point over an extended period of time in an efficient way). You can discover it [here](https://cds.climate.copernicus.eu/datasets/reanalysis-era5-single-levels-timeseries?tab=overview)
[2026-06-08T23:00:46.846+0000] {legacy_client.py:192} INFO - [2025-12-11T00:00:00] Please note that a dedicated catalogue entry for this dataset, post-processed and stored in Analysis Ready Cloud Optimized (ARCO) format (Zarr), is available for optimised time-series retrievals (i.e. for retrieving data from selected variables for a single point over an extended period of time in an efficient way). You can discover it [here](https://cds.climate.copernicus.eu/datasets/reanalysis-era5-single-levels-timeseries?tab=overview)
[2026-06-08T23:00:46.850+0000] {logging_mixin.py:188} WARNING - 2026-06-08 23:00:46,850 INFO Request ID is 98225dc7-af5a-4d6b-9b05-e7212ba73322
[2026-06-08T23:00:46.850+0000] {legacy_client.py:192} INFO - Request ID is 98225dc7-af5a-4d6b-9b05-e7212ba73322
[2026-06-08T23:00:47.071+0000] {logging_mixin.py:188} WARNING - 2026-06-08 23:00:47,070 INFO status has been updated to accepted
[2026-06-08T23:00:47.070+0000] {legacy_client.py:192} INFO - status has been updated to accepted
[2026-06-08T23:01:01.369+0000] {logging_mixin.py:188} WARNING - 2026-06-08 23:01:01,369 INFO status has been updated to running
[2026-06-08T23:01:01.369+0000] {legacy_client.py:192} INFO - status has been updated to running
[2026-06-08T23:01:20.795+0000] {logging_mixin.py:188} WARNING - 2026-06-08 23:01:20,794 INFO status has been updated to successful
[2026-06-08T23:01:20.794+0000] {legacy_client.py:192} INFO - status has been updated to successful
[2026-06-08T23:01:21.236+0000] {base.py:119} INFO - Downloading https://object-store.os-api.cci2.ecmwf.int:443/cci2-prod-cache-3/2026-06-08/28cbac93e7deb82620d22f7ef377f17e.nc
[2026-06-08T23:01:21.922+0000] {logging_mixin.py:188} WARNING - 28cbac93e7deb82620d22f7ef377f17e.nc:   0%|          | 0.00/2.56M [00:00<?, ?B/s]
[2026-06-08T23:01:24.123+0000] {logging_mixin.py:188} WARNING - 28cbac93e7deb82620d22f7ef377f17e.nc:  39%|###9      | 1.00M/2.56M [00:02<00:03, 477kB/s]
[2026-06-08T23:01:24.303+0000] {logging_mixin.py:188} WARNING - 28cbac93e7deb82620d22f7ef377f17e.nc:  78%|#######8  | 2.00M/2.56M [00:02<00:00, 1.04MB/s]
[2026-06-08T23:01:25.433+0000] {logging_mixin.py:188} WARNING - 28cbac93e7deb82620d22f7ef377f17e.nc: 100%|##########| 2.56M/2.56M [00:03<00:00, 786kB/s] 
[2026-06-08T23:01:25.452+0000] {logging_mixin.py:188} WARNING -                                                                                         
[2026-06-08T23:01:25.619+0000] {logging_mixin.py:188} WARNING - 2026-06-08 23:01:25 [INFO] nc downloaded ok: /opt/***/era5/ecmwf/data/nc/_raw/2026/06/03/instant_20260603.nc
[2026-06-08T23:01:25.618+0000] {era5_functions.py:204} INFO - nc downloaded ok: /opt/***/era5/ecmwf/data/nc/_raw/2026/06/03/instant_20260603.nc
[2026-06-08T23:01:25.712+0000] {logging_mixin.py:188} WARNING - 2026-06-08 23:01:25 [INFO] local timestep: 24 — /opt/***/era5/ecmwf/data/nc/_raw/2026/06/03/instant_20260603.nc
[2026-06-08T23:01:25.711+0000] {era5_functions.py:152} INFO - local timestep: 24 — /opt/***/era5/ecmwf/data/nc/_raw/2026/06/03/instant_20260603.nc
[2026-06-08T23:01:25.832+0000] {logging_mixin.py:188} WARNING - 2026-06-08 23:01:25 [INFO] tif outdated (tif=23 < nc=24), removing: /opt/***/era5/ecmwf/data/tif/2026/06/03/t2m_20260603.tif
[2026-06-08T23:01:25.832+0000] {era5_functions.py:261} INFO - tif outdated (tif=23 < nc=24), removing: /opt/***/era5/ecmwf/data/tif/2026/06/03/t2m_20260603.tif
[2026-06-08T23:01:25.960+0000] {logging_mixin.py:188} WARNING - 2026-06-08 23:01:25 [INFO] tif ok (bands=24): /opt/***/era5/ecmwf/data/tif/2026/06/03/t2m_20260603.tif
[2026-06-08T23:01:25.960+0000] {era5_functions.py:304} INFO - tif ok (bands=24): /opt/***/era5/ecmwf/data/tif/2026/06/03/t2m_20260603.tif
[2026-06-08T23:01:25.977+0000] {logging_mixin.py:188} WARNING - 2026-06-08 23:01:25 [INFO] tif outdated (tif=23 < nc=24), removing: /opt/***/era5/ecmwf/data/tif/2026/06/03/d2m_20260603.tif
[2026-06-08T23:01:25.976+0000] {era5_functions.py:261} INFO - tif outdated (tif=23 < nc=24), removing: /opt/***/era5/ecmwf/data/tif/2026/06/03/d2m_20260603.tif
[2026-06-08T23:01:26.079+0000] {logging_mixin.py:188} WARNING - 2026-06-08 23:01:26 [INFO] tif ok (bands=24): /opt/***/era5/ecmwf/data/tif/2026/06/03/d2m_20260603.tif
[2026-06-08T23:01:26.079+0000] {era5_functions.py:304} INFO - tif ok (bands=24): /opt/***/era5/ecmwf/data/tif/2026/06/03/d2m_20260603.tif
[2026-06-08T23:01:26.095+0000] {logging_mixin.py:188} WARNING - 2026-06-08 23:01:26 [INFO] tif outdated (tif=23 < nc=24), removing: /opt/***/era5/ecmwf/data/tif/2026/06/03/sp_20260603.tif
[2026-06-08T23:01:26.095+0000] {era5_functions.py:261} INFO - tif outdated (tif=23 < nc=24), removing: /opt/***/era5/ecmwf/data/tif/2026/06/03/sp_20260603.tif
[2026-06-08T23:01:26.199+0000] {logging_mixin.py:188} WARNING - 2026-06-08 23:01:26 [INFO] tif ok (bands=24): /opt/***/era5/ecmwf/data/tif/2026/06/03/sp_20260603.tif
[2026-06-08T23:01:26.199+0000] {era5_functions.py:304} INFO - tif ok (bands=24): /opt/***/era5/ecmwf/data/tif/2026/06/03/sp_20260603.tif
[2026-06-08T23:01:26.218+0000] {logging_mixin.py:188} WARNING - 2026-06-08 23:01:26 [INFO] tif outdated (tif=23 < nc=24), removing: /opt/***/era5/ecmwf/data/tif/2026/06/03/blh_20260603.tif
[2026-06-08T23:01:26.218+0000] {era5_functions.py:261} INFO - tif outdated (tif=23 < nc=24), removing: /opt/***/era5/ecmwf/data/tif/2026/06/03/blh_20260603.tif
[2026-06-08T23:01:26.341+0000] {logging_mixin.py:188} WARNING - 2026-06-08 23:01:26 [INFO] tif ok (bands=24): /opt/***/era5/ecmwf/data/tif/2026/06/03/blh_20260603.tif
[2026-06-08T23:01:26.341+0000] {era5_functions.py:304} INFO - tif ok (bands=24): /opt/***/era5/ecmwf/data/tif/2026/06/03/blh_20260603.tif
[2026-06-08T23:01:26.358+0000] {logging_mixin.py:188} WARNING - 2026-06-08 23:01:26 [INFO] tif outdated (tif=23 < nc=24), removing: /opt/***/era5/ecmwf/data/tif/2026/06/03/u10_20260603.tif
[2026-06-08T23:01:26.358+0000] {era5_functions.py:261} INFO - tif outdated (tif=23 < nc=24), removing: /opt/***/era5/ecmwf/data/tif/2026/06/03/u10_20260603.tif
[2026-06-08T23:01:26.483+0000] {logging_mixin.py:188} WARNING - 2026-06-08 23:01:26 [INFO] tif ok (bands=24): /opt/***/era5/ecmwf/data/tif/2026/06/03/u10_20260603.tif
[2026-06-08T23:01:26.483+0000] {era5_functions.py:304} INFO - tif ok (bands=24): /opt/***/era5/ecmwf/data/tif/2026/06/03/u10_20260603.tif
[2026-06-08T23:01:26.516+0000] {logging_mixin.py:188} WARNING - 2026-06-08 23:01:26 [INFO] tif outdated (tif=23 < nc=24), removing: /opt/***/era5/ecmwf/data/tif/2026/06/03/v10_20260603.tif
[2026-06-08T23:01:26.516+0000] {era5_functions.py:261} INFO - tif outdated (tif=23 < nc=24), removing: /opt/***/era5/ecmwf/data/tif/2026/06/03/v10_20260603.tif
[2026-06-08T23:01:26.662+0000] {logging_mixin.py:188} WARNING - 2026-06-08 23:01:26 [INFO] tif ok (bands=24): /opt/***/era5/ecmwf/data/tif/2026/06/03/v10_20260603.tif
[2026-06-08T23:01:26.662+0000] {era5_functions.py:304} INFO - tif ok (bands=24): /opt/***/era5/ecmwf/data/tif/2026/06/03/v10_20260603.tif
[2026-06-08T23:01:26.671+0000] {logging_mixin.py:188} WARNING - 2026-06-08 23:01:26 [INFO] === END job=instant date=2026-06-08 ===
[2026-06-08T23:01:26.671+0000] {era5_functions.py:379} INFO - === END job=instant date=2026-06-08 ===
[2026-06-08T23:01:26.673+0000] {python.py:237} INFO - Done. Returned value was: None
[2026-06-08T23:01:26.673+0000] {taskinstance.py:441} INFO - ::group::Post task execution logs
[2026-06-08T23:01:26.689+0000] {taskinstance.py:1206} INFO - Marking task as SUCCESS. dag_id=era5_download_pipeline, task_id=era5_instant, run_id=scheduled__2026-06-08T22:00:00+00:00, execution_date=20260608T220000, start_date=20260608T230002, end_date=20260608T230126
[2026-06-08T23:01:26.775+0000] {local_task_job_runner.py:240} INFO - Task exited with return code 0
[2026-06-08T23:01:26.801+0000] {taskinstance.py:3498} INFO - 1 downstream tasks scheduled from follow-on schedule check
[2026-06-08T23:01:26.804+0000] {local_task_job_runner.py:222} INFO - ::endgroup::
