[2026-06-11T09:00:02.554+0000] {local_task_job_runner.py:120} INFO - ::group::Pre task execution logs
[2026-06-11T09:00:02.586+0000] {taskinstance.py:2076} INFO - Dependencies all met for dep_context=non-requeueable deps ti=<TaskInstance: era5_download_pipeline.era5_instant scheduled__2026-06-11T08:00:00+00:00 [queued]>
[2026-06-11T09:00:02.597+0000] {taskinstance.py:2076} INFO - Dependencies all met for dep_context=requeueable deps ti=<TaskInstance: era5_download_pipeline.era5_instant scheduled__2026-06-11T08:00:00+00:00 [queued]>
[2026-06-11T09:00:02.598+0000] {taskinstance.py:2306} INFO - Starting attempt 1 of 1
[2026-06-11T09:00:02.618+0000] {taskinstance.py:2330} INFO - Executing <Task(PythonOperator): era5_instant> on 2026-06-11 08:00:00+00:00
[2026-06-11T09:00:02.635+0000] {standard_task_runner.py:90} INFO - Running: ['***', 'tasks', 'run', 'era5_download_pipeline', 'era5_instant', 'scheduled__2026-06-11T08:00:00+00:00', '--job-id', '1325', '--raw', '--subdir', 'DAGS_FOLDER/era5_dag.py', '--cfg-path', '/tmp/tmp3dwhj_z3']
[2026-06-11T09:00:02.633+0000] {warnings.py:110} WARNING - /home/***/.local/lib/python3.12/site-packages/***/task/task_runner/standard_task_runner.py:61: DeprecationWarning: This process (pid=1164) is multi-threaded, use of fork() may lead to deadlocks in the child.
  pid = os.fork()

[2026-06-11T09:00:02.638+0000] {standard_task_runner.py:91} INFO - Job 1325: Subtask era5_instant
[2026-06-11T09:00:02.639+0000] {standard_task_runner.py:63} INFO - Started process 1175 to run task
[2026-06-11T09:00:02.718+0000] {task_command.py:426} INFO - Running <TaskInstance: era5_download_pipeline.era5_instant scheduled__2026-06-11T08:00:00+00:00 [running]> on host 01cd476fb21a
[2026-06-11T09:00:02.843+0000] {taskinstance.py:2648} INFO - Exporting env vars: AIRFLOW_CTX_DAG_OWNER='era5' AIRFLOW_CTX_DAG_ID='era5_download_pipeline' AIRFLOW_CTX_TASK_ID='era5_instant' AIRFLOW_CTX_EXECUTION_DATE='2026-06-11T08:00:00+00:00' AIRFLOW_CTX_TRY_NUMBER='1' AIRFLOW_CTX_DAG_RUN_ID='scheduled__2026-06-11T08:00:00+00:00'
[2026-06-11T09:00:02.846+0000] {taskinstance.py:430} INFO - ::endgroup::
[2026-06-11T09:00:04.030+0000] {logging_mixin.py:188} WARNING - 2026-06-11 09:00:04 [INFO] === START job=instant date=2026-06-11 ===
[2026-06-11T09:00:04.030+0000] {era5_functions.py:368} INFO - === START job=instant date=2026-06-11 ===
[2026-06-11T09:00:04.033+0000] {logging_mixin.py:188} WARNING - 2026-06-11 09:00:04 [INFO] --- job=instant date=20260611 ---
[2026-06-11T09:00:04.033+0000] {era5_functions.py:330} INFO - --- job=instant date=20260611 ---
[2026-06-11T09:00:04.876+0000] {logging_mixin.py:188} WARNING - 2026-06-11 09:00:04 [WARNING] get_cds_count failed: 400 Client Error: Bad Request for url: https://cds.climate.copernicus.eu/api/retrieve/v1/processes/reanalysis-era5-single-levels/execution
invalid request
None of the data you have requested is available yet, please revise the period requested. The latest date available for this dataset is: 2026-06-06 09:00
[2026-06-11T09:00:04.875+0000] {era5_functions.py:131} WARNING - get_cds_count failed: 400 Client Error: Bad Request for url: https://cds.climate.copernicus.eu/api/retrieve/v1/processes/reanalysis-era5-single-levels/execution
invalid request
None of the data you have requested is available yet, please revise the period requested. The latest date available for this dataset is: 2026-06-06 09:00
[2026-06-11T09:00:04.879+0000] {logging_mixin.py:188} WARNING - 2026-06-11 09:00:04 [WARNING] CDS ยังไม่มีข้อมูล job=instant date=20260611, skip
[2026-06-11T09:00:04.879+0000] {era5_functions.py:335} WARNING - CDS ยังไม่มีข้อมูล job=instant date=20260611, skip
[2026-06-11T09:00:04.881+0000] {logging_mixin.py:188} WARNING - 2026-06-11 09:00:04 [INFO] --- job=instant date=20260610 ---
[2026-06-11T09:00:04.881+0000] {era5_functions.py:330} INFO - --- job=instant date=20260610 ---
[2026-06-11T09:00:06.467+0000] {logging_mixin.py:188} WARNING - 2026-06-11 09:00:06 [WARNING] get_cds_count failed: 400 Client Error: Bad Request for url: https://cds.climate.copernicus.eu/api/retrieve/v1/processes/reanalysis-era5-single-levels/execution
invalid request
None of the data you have requested is available yet, please revise the period requested. The latest date available for this dataset is: 2026-06-06 09:00
[2026-06-11T09:00:06.467+0000] {era5_functions.py:131} WARNING - get_cds_count failed: 400 Client Error: Bad Request for url: https://cds.climate.copernicus.eu/api/retrieve/v1/processes/reanalysis-era5-single-levels/execution
invalid request
None of the data you have requested is available yet, please revise the period requested. The latest date available for this dataset is: 2026-06-06 09:00
[2026-06-11T09:00:06.473+0000] {logging_mixin.py:188} WARNING - 2026-06-11 09:00:06 [WARNING] CDS ยังไม่มีข้อมูล job=instant date=20260610, skip
[2026-06-11T09:00:06.472+0000] {era5_functions.py:335} WARNING - CDS ยังไม่มีข้อมูล job=instant date=20260610, skip
[2026-06-11T09:00:06.476+0000] {logging_mixin.py:188} WARNING - 2026-06-11 09:00:06 [INFO] --- job=instant date=20260609 ---
[2026-06-11T09:00:06.476+0000] {era5_functions.py:330} INFO - --- job=instant date=20260609 ---
[2026-06-11T09:00:10.843+0000] {logging_mixin.py:188} WARNING - 2026-06-11 09:00:10 [WARNING] get_cds_count failed: 400 Client Error: Bad Request for url: https://cds.climate.copernicus.eu/api/retrieve/v1/processes/reanalysis-era5-single-levels/execution
invalid request
None of the data you have requested is available yet, please revise the period requested. The latest date available for this dataset is: 2026-06-06 09:00
[2026-06-11T09:00:10.843+0000] {era5_functions.py:131} WARNING - get_cds_count failed: 400 Client Error: Bad Request for url: https://cds.climate.copernicus.eu/api/retrieve/v1/processes/reanalysis-era5-single-levels/execution
invalid request
None of the data you have requested is available yet, please revise the period requested. The latest date available for this dataset is: 2026-06-06 09:00
[2026-06-11T09:00:10.845+0000] {logging_mixin.py:188} WARNING - 2026-06-11 09:00:10 [WARNING] CDS ยังไม่มีข้อมูล job=instant date=20260609, skip
[2026-06-11T09:00:10.845+0000] {era5_functions.py:335} WARNING - CDS ยังไม่มีข้อมูล job=instant date=20260609, skip
[2026-06-11T09:00:10.848+0000] {logging_mixin.py:188} WARNING - 2026-06-11 09:00:10 [INFO] --- job=instant date=20260608 ---
[2026-06-11T09:00:10.848+0000] {era5_functions.py:330} INFO - --- job=instant date=20260608 ---
[2026-06-11T09:00:11.893+0000] {logging_mixin.py:188} WARNING - 2026-06-11 09:00:11 [WARNING] get_cds_count failed: 400 Client Error: Bad Request for url: https://cds.climate.copernicus.eu/api/retrieve/v1/processes/reanalysis-era5-single-levels/execution
invalid request
None of the data you have requested is available yet, please revise the period requested. The latest date available for this dataset is: 2026-06-06 09:00
[2026-06-11T09:00:11.893+0000] {era5_functions.py:131} WARNING - get_cds_count failed: 400 Client Error: Bad Request for url: https://cds.climate.copernicus.eu/api/retrieve/v1/processes/reanalysis-era5-single-levels/execution
invalid request
None of the data you have requested is available yet, please revise the period requested. The latest date available for this dataset is: 2026-06-06 09:00
[2026-06-11T09:00:11.896+0000] {logging_mixin.py:188} WARNING - 2026-06-11 09:00:11 [WARNING] CDS ยังไม่มีข้อมูล job=instant date=20260608, skip
[2026-06-11T09:00:11.896+0000] {era5_functions.py:335} WARNING - CDS ยังไม่มีข้อมูล job=instant date=20260608, skip
[2026-06-11T09:00:11.898+0000] {logging_mixin.py:188} WARNING - 2026-06-11 09:00:11 [INFO] --- job=instant date=20260607 ---
[2026-06-11T09:00:11.898+0000] {era5_functions.py:330} INFO - --- job=instant date=20260607 ---
[2026-06-11T09:00:15.950+0000] {logging_mixin.py:188} WARNING - 2026-06-11 09:00:15 [WARNING] get_cds_count failed: 400 Client Error: Bad Request for url: https://cds.climate.copernicus.eu/api/retrieve/v1/processes/reanalysis-era5-single-levels/execution
invalid request
None of the data you have requested is available yet, please revise the period requested. The latest date available for this dataset is: 2026-06-06 09:00
[2026-06-11T09:00:15.950+0000] {era5_functions.py:131} WARNING - get_cds_count failed: 400 Client Error: Bad Request for url: https://cds.climate.copernicus.eu/api/retrieve/v1/processes/reanalysis-era5-single-levels/execution
invalid request
None of the data you have requested is available yet, please revise the period requested. The latest date available for this dataset is: 2026-06-06 09:00
[2026-06-11T09:00:15.956+0000] {logging_mixin.py:188} WARNING - 2026-06-11 09:00:15 [WARNING] CDS ยังไม่มีข้อมูล job=instant date=20260607, skip
[2026-06-11T09:00:15.956+0000] {era5_functions.py:335} WARNING - CDS ยังไม่มีข้อมูล job=instant date=20260607, skip
[2026-06-11T09:00:15.960+0000] {logging_mixin.py:188} WARNING - 2026-06-11 09:00:15 [INFO] --- job=instant date=20260606 ---
[2026-06-11T09:00:15.960+0000] {era5_functions.py:330} INFO - --- job=instant date=20260606 ---
[2026-06-11T09:00:19.306+0000] {logging_mixin.py:188} WARNING - 2026-06-11 09:00:19,306 INFO [2025-12-11T00:00:00] Please note that a dedicated catalogue entry for this dataset, post-processed and stored in Analysis Ready Cloud Optimized (ARCO) format (Zarr), is available for optimised time-series retrievals (i.e. for retrieving data from selected variables for a single point over an extended period of time in an efficient way). You can discover it [here](https://cds.climate.copernicus.eu/datasets/reanalysis-era5-single-levels-timeseries?tab=overview)
[2026-06-11T09:00:19.306+0000] {legacy_client.py:192} INFO - [2025-12-11T00:00:00] Please note that a dedicated catalogue entry for this dataset, post-processed and stored in Analysis Ready Cloud Optimized (ARCO) format (Zarr), is available for optimised time-series retrievals (i.e. for retrieving data from selected variables for a single point over an extended period of time in an efficient way). You can discover it [here](https://cds.climate.copernicus.eu/datasets/reanalysis-era5-single-levels-timeseries?tab=overview)
[2026-06-11T09:00:19.311+0000] {logging_mixin.py:188} WARNING - 2026-06-11 09:00:19,311 INFO Request ID is 168d7e1d-bd2d-4f2e-b1cd-20a0d997d519
[2026-06-11T09:00:19.311+0000] {legacy_client.py:192} INFO - Request ID is 168d7e1d-bd2d-4f2e-b1cd-20a0d997d519
[2026-06-11T09:00:19.558+0000] {logging_mixin.py:188} WARNING - 2026-06-11 09:00:19,558 INFO status has been updated to accepted
[2026-06-11T09:00:19.558+0000] {legacy_client.py:192} INFO - status has been updated to accepted
[2026-06-11T09:00:53.791+0000] {logging_mixin.py:188} WARNING - 2026-06-11 09:00:53,790 INFO status has been updated to successful
[2026-06-11T09:00:53.790+0000] {legacy_client.py:192} INFO - status has been updated to successful
[2026-06-11T09:00:55.382+0000] {base.py:119} INFO - Downloading https://object-store.os-api.cci2.ecmwf.int:443/cci2-prod-cache-3/2026-06-11/efbf7c6d89131dbee00e400b3f788dc9.nc
[2026-06-11T09:00:56.505+0000] {logging_mixin.py:188} WARNING - efbf7c6d89131dbee00e400b3f788dc9.nc:   0%|          | 0.00/1.11M [00:00<?, ?B/s]
[2026-06-11T09:00:58.559+0000] {logging_mixin.py:188} WARNING - efbf7c6d89131dbee00e400b3f788dc9.nc:  90%|######### | 1.00M/1.11M [00:02<00:00, 511kB/s]
[2026-06-11T09:00:58.565+0000] {logging_mixin.py:188} WARNING -                                                                                         
[2026-06-11T09:00:58.848+0000] {logging_mixin.py:188} WARNING - 2026-06-11 09:00:58 [INFO] CDS timestep available: 10
[2026-06-11T09:00:58.848+0000] {era5_functions.py:128} INFO - CDS timestep available: 10
[2026-06-11T09:00:58.924+0000] {logging_mixin.py:188} WARNING - 2026-06-11 09:00:58 [INFO] local timestep: 9 — /opt/***/era5/ecmwf/data/nc/_raw/2026/06/06/instant_20260606.nc
[2026-06-11T09:00:58.924+0000] {era5_functions.py:152} INFO - local timestep: 9 — /opt/***/era5/ecmwf/data/nc/_raw/2026/06/06/instant_20260606.nc
[2026-06-11T09:00:58.931+0000] {logging_mixin.py:188} WARNING - 2026-06-11 09:00:58 [INFO] nc outdated (local=9 < cds=10), removing: /opt/***/era5/ecmwf/data/nc/_raw/2026/06/06/instant_20260606.nc
[2026-06-11T09:00:58.930+0000] {era5_functions.py:193} INFO - nc outdated (local=9 < cds=10), removing: /opt/***/era5/ecmwf/data/nc/_raw/2026/06/06/instant_20260606.nc
[2026-06-11T09:00:58.949+0000] {logging_mixin.py:188} WARNING - 2026-06-11 09:00:58 [INFO] download attempt 1/3: /opt/***/era5/ecmwf/data/nc/_raw/2026/06/06/instant_20260606.nc
[2026-06-11T09:00:58.949+0000] {era5_functions.py:200} INFO - download attempt 1/3: /opt/***/era5/ecmwf/data/nc/_raw/2026/06/06/instant_20260606.nc
[2026-06-11T09:00:59.757+0000] {logging_mixin.py:188} WARNING - 2026-06-11 09:00:59,757 INFO [2025-12-11T00:00:00] Please note that a dedicated catalogue entry for this dataset, post-processed and stored in Analysis Ready Cloud Optimized (ARCO) format (Zarr), is available for optimised time-series retrievals (i.e. for retrieving data from selected variables for a single point over an extended period of time in an efficient way). You can discover it [here](https://cds.climate.copernicus.eu/datasets/reanalysis-era5-single-levels-timeseries?tab=overview)
[2026-06-11T09:00:59.757+0000] {legacy_client.py:192} INFO - [2025-12-11T00:00:00] Please note that a dedicated catalogue entry for this dataset, post-processed and stored in Analysis Ready Cloud Optimized (ARCO) format (Zarr), is available for optimised time-series retrievals (i.e. for retrieving data from selected variables for a single point over an extended period of time in an efficient way). You can discover it [here](https://cds.climate.copernicus.eu/datasets/reanalysis-era5-single-levels-timeseries?tab=overview)
[2026-06-11T09:00:59.761+0000] {logging_mixin.py:188} WARNING - 2026-06-11 09:00:59,761 INFO Request ID is 93b2fb06-0a33-4cc5-a5d0-ed5a44d613c5
[2026-06-11T09:00:59.761+0000] {legacy_client.py:192} INFO - Request ID is 93b2fb06-0a33-4cc5-a5d0-ed5a44d613c5
[2026-06-11T09:01:00.001+0000] {logging_mixin.py:188} WARNING - 2026-06-11 09:01:00,000 INFO status has been updated to accepted
[2026-06-11T09:01:00.000+0000] {legacy_client.py:192} INFO - status has been updated to accepted
[2026-06-11T09:01:26.042+0000] {logging_mixin.py:188} WARNING - 2026-06-11 09:01:26,042 INFO status has been updated to running
[2026-06-11T09:01:26.042+0000] {legacy_client.py:192} INFO - status has been updated to running
[2026-06-11T09:01:37.675+0000] {logging_mixin.py:188} WARNING - 2026-06-11 09:01:37,675 INFO status has been updated to successful
[2026-06-11T09:01:37.675+0000] {legacy_client.py:192} INFO - status has been updated to successful
[2026-06-11T09:01:38.210+0000] {base.py:119} INFO - Downloading https://object-store.os-api.cci2.ecmwf.int:443/cci2-prod-cache-1/2026-06-11/adb350d1b6f36ca28cd5c697ee4ac2a9.nc
[2026-06-11T09:01:39.318+0000] {logging_mixin.py:188} WARNING - adb350d1b6f36ca28cd5c697ee4ac2a9.nc:   0%|          | 0.00/1.11M [00:00<?, ?B/s]
[2026-06-11T09:01:41.741+0000] {logging_mixin.py:188} WARNING - adb350d1b6f36ca28cd5c697ee4ac2a9.nc:  90%|######### | 1.00M/1.11M [00:02<00:00, 433kB/s]
[2026-06-11T09:01:41.759+0000] {logging_mixin.py:188} WARNING -                                                                                         
[2026-06-11T09:01:41.882+0000] {logging_mixin.py:188} WARNING - 2026-06-11 09:01:41 [INFO] nc downloaded ok: /opt/***/era5/ecmwf/data/nc/_raw/2026/06/06/instant_20260606.nc
[2026-06-11T09:01:41.881+0000] {era5_functions.py:204} INFO - nc downloaded ok: /opt/***/era5/ecmwf/data/nc/_raw/2026/06/06/instant_20260606.nc
[2026-06-11T09:01:41.952+0000] {logging_mixin.py:188} WARNING - 2026-06-11 09:01:41 [INFO] local timestep: 10 — /opt/***/era5/ecmwf/data/nc/_raw/2026/06/06/instant_20260606.nc
[2026-06-11T09:01:41.951+0000] {era5_functions.py:152} INFO - local timestep: 10 — /opt/***/era5/ecmwf/data/nc/_raw/2026/06/06/instant_20260606.nc
[2026-06-11T09:01:42.087+0000] {logging_mixin.py:188} WARNING - 2026-06-11 09:01:42 [INFO] tif outdated (tif=9 < nc=10), removing: /opt/***/era5/ecmwf/data/tif/2026/06/06/t2m_20260606.tif
[2026-06-11T09:01:42.087+0000] {era5_functions.py:261} INFO - tif outdated (tif=9 < nc=10), removing: /opt/***/era5/ecmwf/data/tif/2026/06/06/t2m_20260606.tif
[2026-06-11T09:01:42.179+0000] {logging_mixin.py:188} WARNING - 2026-06-11 09:01:42 [INFO] tif ok (bands=10): /opt/***/era5/ecmwf/data/tif/2026/06/06/t2m_20260606.tif
[2026-06-11T09:01:42.179+0000] {era5_functions.py:304} INFO - tif ok (bands=10): /opt/***/era5/ecmwf/data/tif/2026/06/06/t2m_20260606.tif
[2026-06-11T09:01:42.197+0000] {logging_mixin.py:188} WARNING - 2026-06-11 09:01:42 [INFO] tif outdated (tif=9 < nc=10), removing: /opt/***/era5/ecmwf/data/tif/2026/06/06/d2m_20260606.tif
[2026-06-11T09:01:42.197+0000] {era5_functions.py:261} INFO - tif outdated (tif=9 < nc=10), removing: /opt/***/era5/ecmwf/data/tif/2026/06/06/d2m_20260606.tif
[2026-06-11T09:01:42.273+0000] {logging_mixin.py:188} WARNING - 2026-06-11 09:01:42 [INFO] tif ok (bands=10): /opt/***/era5/ecmwf/data/tif/2026/06/06/d2m_20260606.tif
[2026-06-11T09:01:42.273+0000] {era5_functions.py:304} INFO - tif ok (bands=10): /opt/***/era5/ecmwf/data/tif/2026/06/06/d2m_20260606.tif
[2026-06-11T09:01:42.291+0000] {logging_mixin.py:188} WARNING - 2026-06-11 09:01:42 [INFO] tif outdated (tif=9 < nc=10), removing: /opt/***/era5/ecmwf/data/tif/2026/06/06/sp_20260606.tif
[2026-06-11T09:01:42.291+0000] {era5_functions.py:261} INFO - tif outdated (tif=9 < nc=10), removing: /opt/***/era5/ecmwf/data/tif/2026/06/06/sp_20260606.tif
[2026-06-11T09:01:42.375+0000] {logging_mixin.py:188} WARNING - 2026-06-11 09:01:42 [INFO] tif ok (bands=10): /opt/***/era5/ecmwf/data/tif/2026/06/06/sp_20260606.tif
[2026-06-11T09:01:42.374+0000] {era5_functions.py:304} INFO - tif ok (bands=10): /opt/***/era5/ecmwf/data/tif/2026/06/06/sp_20260606.tif
[2026-06-11T09:01:42.390+0000] {logging_mixin.py:188} WARNING - 2026-06-11 09:01:42 [INFO] tif outdated (tif=9 < nc=10), removing: /opt/***/era5/ecmwf/data/tif/2026/06/06/blh_20260606.tif
[2026-06-11T09:01:42.390+0000] {era5_functions.py:261} INFO - tif outdated (tif=9 < nc=10), removing: /opt/***/era5/ecmwf/data/tif/2026/06/06/blh_20260606.tif
[2026-06-11T09:01:42.469+0000] {logging_mixin.py:188} WARNING - 2026-06-11 09:01:42 [INFO] tif ok (bands=10): /opt/***/era5/ecmwf/data/tif/2026/06/06/blh_20260606.tif
[2026-06-11T09:01:42.469+0000] {era5_functions.py:304} INFO - tif ok (bands=10): /opt/***/era5/ecmwf/data/tif/2026/06/06/blh_20260606.tif
[2026-06-11T09:01:42.484+0000] {logging_mixin.py:188} WARNING - 2026-06-11 09:01:42 [INFO] tif outdated (tif=9 < nc=10), removing: /opt/***/era5/ecmwf/data/tif/2026/06/06/u10_20260606.tif
[2026-06-11T09:01:42.484+0000] {era5_functions.py:261} INFO - tif outdated (tif=9 < nc=10), removing: /opt/***/era5/ecmwf/data/tif/2026/06/06/u10_20260606.tif
[2026-06-11T09:01:42.587+0000] {logging_mixin.py:188} WARNING - 2026-06-11 09:01:42 [INFO] tif ok (bands=10): /opt/***/era5/ecmwf/data/tif/2026/06/06/u10_20260606.tif
[2026-06-11T09:01:42.586+0000] {era5_functions.py:304} INFO - tif ok (bands=10): /opt/***/era5/ecmwf/data/tif/2026/06/06/u10_20260606.tif
[2026-06-11T09:01:42.609+0000] {logging_mixin.py:188} WARNING - 2026-06-11 09:01:42 [INFO] tif outdated (tif=9 < nc=10), removing: /opt/***/era5/ecmwf/data/tif/2026/06/06/v10_20260606.tif
[2026-06-11T09:01:42.609+0000] {era5_functions.py:261} INFO - tif outdated (tif=9 < nc=10), removing: /opt/***/era5/ecmwf/data/tif/2026/06/06/v10_20260606.tif
[2026-06-11T09:01:42.715+0000] {logging_mixin.py:188} WARNING - 2026-06-11 09:01:42 [INFO] tif ok (bands=10): /opt/***/era5/ecmwf/data/tif/2026/06/06/v10_20260606.tif
[2026-06-11T09:01:42.715+0000] {era5_functions.py:304} INFO - tif ok (bands=10): /opt/***/era5/ecmwf/data/tif/2026/06/06/v10_20260606.tif
[2026-06-11T09:01:42.725+0000] {logging_mixin.py:188} WARNING - 2026-06-11 09:01:42 [INFO] === END job=instant date=2026-06-11 ===
[2026-06-11T09:01:42.724+0000] {era5_functions.py:379} INFO - === END job=instant date=2026-06-11 ===
[2026-06-11T09:01:42.726+0000] {python.py:237} INFO - Done. Returned value was: None
[2026-06-11T09:01:42.726+0000] {taskinstance.py:441} INFO - ::group::Post task execution logs
[2026-06-11T09:01:42.738+0000] {taskinstance.py:1206} INFO - Marking task as SUCCESS. dag_id=era5_download_pipeline, task_id=era5_instant, run_id=scheduled__2026-06-11T08:00:00+00:00, execution_date=20260611T080000, start_date=20260611T090002, end_date=20260611T090142
[2026-06-11T09:01:42.794+0000] {local_task_job_runner.py:240} INFO - Task exited with return code 0
[2026-06-11T09:01:42.820+0000] {taskinstance.py:3498} INFO - 1 downstream tasks scheduled from follow-on schedule check
[2026-06-11T09:01:42.825+0000] {local_task_job_runner.py:222} INFO - ::endgroup::
