[2026-05-27T02:01:30.873+0000] {local_task_job_runner.py:120} INFO - ::group::Pre task execution logs
[2026-05-27T02:01:30.896+0000] {taskinstance.py:2076} INFO - Dependencies all met for dep_context=non-requeueable deps ti=<TaskInstance: era5_download_pipeline.era5_accum scheduled__2026-05-27T01:00:00+00:00 [queued]>
[2026-05-27T02:01:30.905+0000] {taskinstance.py:2076} INFO - Dependencies all met for dep_context=requeueable deps ti=<TaskInstance: era5_download_pipeline.era5_accum scheduled__2026-05-27T01:00:00+00:00 [queued]>
[2026-05-27T02:01:30.906+0000] {taskinstance.py:2306} INFO - Starting attempt 1 of 1
[2026-05-27T02:01:30.926+0000] {taskinstance.py:2330} INFO - Executing <Task(PythonOperator): era5_accum> on 2026-05-27 01:00:00+00:00
[2026-05-27T02:01:30.938+0000] {warnings.py:110} WARNING - /home/***/.local/lib/python3.12/site-packages/***/task/task_runner/standard_task_runner.py:61: DeprecationWarning: This process (pid=376) is multi-threaded, use of fork() may lead to deadlocks in the child.
  pid = os.fork()

[2026-05-27T02:01:30.941+0000] {standard_task_runner.py:63} INFO - Started process 378 to run task
[2026-05-27T02:01:30.941+0000] {standard_task_runner.py:90} INFO - Running: ['***', 'tasks', 'run', 'era5_download_pipeline', 'era5_accum', 'scheduled__2026-05-27T01:00:00+00:00', '--job-id', '530', '--raw', '--subdir', 'DAGS_FOLDER/era5_dag.py', '--cfg-path', '/tmp/tmpe55nomg0']
[2026-05-27T02:01:30.946+0000] {standard_task_runner.py:91} INFO - Job 530: Subtask era5_accum
[2026-05-27T02:01:31.033+0000] {task_command.py:426} INFO - Running <TaskInstance: era5_download_pipeline.era5_accum scheduled__2026-05-27T01:00:00+00:00 [running]> on host 72692237d8f2
[2026-05-27T02:01:31.158+0000] {taskinstance.py:2648} INFO - Exporting env vars: AIRFLOW_CTX_DAG_OWNER='era5' AIRFLOW_CTX_DAG_ID='era5_download_pipeline' AIRFLOW_CTX_TASK_ID='era5_accum' AIRFLOW_CTX_EXECUTION_DATE='2026-05-27T01:00:00+00:00' AIRFLOW_CTX_TRY_NUMBER='1' AIRFLOW_CTX_DAG_RUN_ID='scheduled__2026-05-27T01:00:00+00:00'
[2026-05-27T02:01:31.160+0000] {taskinstance.py:430} INFO - ::endgroup::
[2026-05-27T02:01:32.217+0000] {logging_mixin.py:188} WARNING - 2026-05-27 02:01:32 [INFO] === START job=accum date=2026-05-27 ===
[2026-05-27T02:01:32.217+0000] {era5_functions.py:322} INFO - === START job=accum date=2026-05-27 ===
[2026-05-27T02:01:32.219+0000] {logging_mixin.py:188} WARNING - 2026-05-27 02:01:32 [INFO] --- job=accum date=20260527 ---
[2026-05-27T02:01:32.219+0000] {era5_functions.py:290} INFO - --- job=accum date=20260527 ---
[2026-05-27T02:01:32.797+0000] {logging_mixin.py:188} WARNING - 2026-05-27 02:01:32 [WARNING] get_cds_count failed: 400 Client Error: Bad Request for url: https://cds.climate.copernicus.eu/api/retrieve/v1/processes/reanalysis-era5-single-levels/execution
invalid request
None of the data you have requested is available yet, please revise the period requested. The latest date available for this dataset is: 2026-05-22 02:00
[2026-05-27T02:01:32.796+0000] {era5_functions.py:120} WARNING - get_cds_count failed: 400 Client Error: Bad Request for url: https://cds.climate.copernicus.eu/api/retrieve/v1/processes/reanalysis-era5-single-levels/execution
invalid request
None of the data you have requested is available yet, please revise the period requested. The latest date available for this dataset is: 2026-05-22 02:00
[2026-05-27T02:01:32.801+0000] {logging_mixin.py:188} WARNING - 2026-05-27 02:01:32 [WARNING] CDS ยังไม่มีข้อมูล job=accum date=20260527, skip
[2026-05-27T02:01:32.801+0000] {era5_functions.py:295} WARNING - CDS ยังไม่มีข้อมูล job=accum date=20260527, skip
[2026-05-27T02:01:32.804+0000] {logging_mixin.py:188} WARNING - 2026-05-27 02:01:32 [INFO] --- job=accum date=20260526 ---
[2026-05-27T02:01:32.803+0000] {era5_functions.py:290} INFO - --- job=accum date=20260526 ---
[2026-05-27T02:01:33.401+0000] {logging_mixin.py:188} WARNING - 2026-05-27 02:01:33 [WARNING] get_cds_count failed: 400 Client Error: Bad Request for url: https://cds.climate.copernicus.eu/api/retrieve/v1/processes/reanalysis-era5-single-levels/execution
invalid request
None of the data you have requested is available yet, please revise the period requested. The latest date available for this dataset is: 2026-05-22 02:00
[2026-05-27T02:01:33.400+0000] {era5_functions.py:120} WARNING - get_cds_count failed: 400 Client Error: Bad Request for url: https://cds.climate.copernicus.eu/api/retrieve/v1/processes/reanalysis-era5-single-levels/execution
invalid request
None of the data you have requested is available yet, please revise the period requested. The latest date available for this dataset is: 2026-05-22 02:00
[2026-05-27T02:01:33.406+0000] {logging_mixin.py:188} WARNING - 2026-05-27 02:01:33 [WARNING] CDS ยังไม่มีข้อมูล job=accum date=20260526, skip
[2026-05-27T02:01:33.406+0000] {era5_functions.py:295} WARNING - CDS ยังไม่มีข้อมูล job=accum date=20260526, skip
[2026-05-27T02:01:33.410+0000] {logging_mixin.py:188} WARNING - 2026-05-27 02:01:33 [INFO] --- job=accum date=20260525 ---
[2026-05-27T02:01:33.410+0000] {era5_functions.py:290} INFO - --- job=accum date=20260525 ---
[2026-05-27T02:01:34.163+0000] {logging_mixin.py:188} WARNING - 2026-05-27 02:01:34 [WARNING] get_cds_count failed: 400 Client Error: Bad Request for url: https://cds.climate.copernicus.eu/api/retrieve/v1/processes/reanalysis-era5-single-levels/execution
invalid request
None of the data you have requested is available yet, please revise the period requested. The latest date available for this dataset is: 2026-05-22 02:00
[2026-05-27T02:01:34.163+0000] {era5_functions.py:120} WARNING - get_cds_count failed: 400 Client Error: Bad Request for url: https://cds.climate.copernicus.eu/api/retrieve/v1/processes/reanalysis-era5-single-levels/execution
invalid request
None of the data you have requested is available yet, please revise the period requested. The latest date available for this dataset is: 2026-05-22 02:00
[2026-05-27T02:01:34.168+0000] {logging_mixin.py:188} WARNING - 2026-05-27 02:01:34 [WARNING] CDS ยังไม่มีข้อมูล job=accum date=20260525, skip
[2026-05-27T02:01:34.168+0000] {era5_functions.py:295} WARNING - CDS ยังไม่มีข้อมูล job=accum date=20260525, skip
[2026-05-27T02:01:34.175+0000] {logging_mixin.py:188} WARNING - 2026-05-27 02:01:34 [INFO] --- job=accum date=20260524 ---
[2026-05-27T02:01:34.174+0000] {era5_functions.py:290} INFO - --- job=accum date=20260524 ---
[2026-05-27T02:01:35.071+0000] {logging_mixin.py:188} WARNING - 2026-05-27 02:01:35 [WARNING] get_cds_count failed: 400 Client Error: Bad Request for url: https://cds.climate.copernicus.eu/api/retrieve/v1/processes/reanalysis-era5-single-levels/execution
invalid request
None of the data you have requested is available yet, please revise the period requested. The latest date available for this dataset is: 2026-05-22 02:00
[2026-05-27T02:01:35.070+0000] {era5_functions.py:120} WARNING - get_cds_count failed: 400 Client Error: Bad Request for url: https://cds.climate.copernicus.eu/api/retrieve/v1/processes/reanalysis-era5-single-levels/execution
invalid request
None of the data you have requested is available yet, please revise the period requested. The latest date available for this dataset is: 2026-05-22 02:00
[2026-05-27T02:01:35.076+0000] {logging_mixin.py:188} WARNING - 2026-05-27 02:01:35 [WARNING] CDS ยังไม่มีข้อมูล job=accum date=20260524, skip
[2026-05-27T02:01:35.075+0000] {era5_functions.py:295} WARNING - CDS ยังไม่มีข้อมูล job=accum date=20260524, skip
[2026-05-27T02:01:35.080+0000] {logging_mixin.py:188} WARNING - 2026-05-27 02:01:35 [INFO] --- job=accum date=20260523 ---
[2026-05-27T02:01:35.080+0000] {era5_functions.py:290} INFO - --- job=accum date=20260523 ---
[2026-05-27T02:01:36.012+0000] {logging_mixin.py:188} WARNING - 2026-05-27 02:01:36 [WARNING] get_cds_count failed: 400 Client Error: Bad Request for url: https://cds.climate.copernicus.eu/api/retrieve/v1/processes/reanalysis-era5-single-levels/execution
invalid request
None of the data you have requested is available yet, please revise the period requested. The latest date available for this dataset is: 2026-05-22 02:00
[2026-05-27T02:01:36.012+0000] {era5_functions.py:120} WARNING - get_cds_count failed: 400 Client Error: Bad Request for url: https://cds.climate.copernicus.eu/api/retrieve/v1/processes/reanalysis-era5-single-levels/execution
invalid request
None of the data you have requested is available yet, please revise the period requested. The latest date available for this dataset is: 2026-05-22 02:00
[2026-05-27T02:01:36.016+0000] {logging_mixin.py:188} WARNING - 2026-05-27 02:01:36 [WARNING] CDS ยังไม่มีข้อมูล job=accum date=20260523, skip
[2026-05-27T02:01:36.016+0000] {era5_functions.py:295} WARNING - CDS ยังไม่มีข้อมูล job=accum date=20260523, skip
[2026-05-27T02:01:36.018+0000] {logging_mixin.py:188} WARNING - 2026-05-27 02:01:36 [INFO] --- job=accum date=20260522 ---
[2026-05-27T02:01:36.018+0000] {era5_functions.py:290} INFO - --- job=accum date=20260522 ---
[2026-05-27T02:01:37.605+0000] {logging_mixin.py:188} WARNING - 2026-05-27 02:01:37,605 INFO [2025-12-11T00:00:00] Please note that a dedicated catalogue entry for this dataset, post-processed and stored in Analysis Ready Cloud Optimized (ARCO) format (Zarr), is available for optimised time-series retrievals (i.e. for retrieving data from selected variables for a single point over an extended period of time in an efficient way). You can discover it [here](https://cds.climate.copernicus.eu/datasets/reanalysis-era5-single-levels-timeseries?tab=overview)
[2026-05-27T02:01:37.605+0000] {legacy_client.py:192} INFO - [2025-12-11T00:00:00] Please note that a dedicated catalogue entry for this dataset, post-processed and stored in Analysis Ready Cloud Optimized (ARCO) format (Zarr), is available for optimised time-series retrievals (i.e. for retrieving data from selected variables for a single point over an extended period of time in an efficient way). You can discover it [here](https://cds.climate.copernicus.eu/datasets/reanalysis-era5-single-levels-timeseries?tab=overview)
[2026-05-27T02:01:37.607+0000] {logging_mixin.py:188} WARNING - 2026-05-27 02:01:37,607 INFO Request ID is 2e2d8fea-2a1d-45d7-ba27-38b8959a1efe
[2026-05-27T02:01:37.607+0000] {legacy_client.py:192} INFO - Request ID is 2e2d8fea-2a1d-45d7-ba27-38b8959a1efe
[2026-05-27T02:01:37.824+0000] {logging_mixin.py:188} WARNING - 2026-05-27 02:01:37,824 INFO status has been updated to accepted
[2026-05-27T02:01:37.824+0000] {legacy_client.py:192} INFO - status has been updated to accepted
[2026-05-27T02:01:52.124+0000] {logging_mixin.py:188} WARNING - 2026-05-27 02:01:52,124 INFO status has been updated to successful
[2026-05-27T02:01:52.124+0000] {legacy_client.py:192} INFO - status has been updated to successful
[2026-05-27T02:01:52.622+0000] {base.py:119} INFO - Downloading https://object-store.os-api.cci2.ecmwf.int:443/cci2-prod-cache-2/2026-05-27/f47a504c223f457891494b0b0487a3ed.nc
[2026-05-27T02:01:53.594+0000] {logging_mixin.py:188} WARNING - f47a504c223f457891494b0b0487a3ed.nc:   0%|          | 0.00/66.6k [00:00<?, ?B/s]
[2026-05-27T02:01:54.619+0000] {logging_mixin.py:188} WARNING - f47a504c223f457891494b0b0487a3ed.nc: 100%|##########| 66.6k/66.6k [00:01<00:00, 66.7kB/s]
[2026-05-27T02:01:54.626+0000] {logging_mixin.py:188} WARNING -                                                                                          
[2026-05-27T02:01:54.890+0000] {logging_mixin.py:188} WARNING - 2026-05-27 02:01:54 [INFO] CDS timestep available: 3
[2026-05-27T02:01:54.890+0000] {era5_functions.py:117} INFO - CDS timestep available: 3
[2026-05-27T02:01:54.960+0000] {logging_mixin.py:188} WARNING - 2026-05-27 02:01:54 [INFO] local timestep: 2 — /opt/***/era5/ecmwf/data/nc/_raw/2026/05/22/accum_20260522.nc
[2026-05-27T02:01:54.959+0000] {era5_functions.py:141} INFO - local timestep: 2 — /opt/***/era5/ecmwf/data/nc/_raw/2026/05/22/accum_20260522.nc
[2026-05-27T02:01:54.970+0000] {logging_mixin.py:188} WARNING - 2026-05-27 02:01:54 [INFO] nc outdated (local=2 < cds=3), removing: /opt/***/era5/ecmwf/data/nc/_raw/2026/05/22/accum_20260522.nc
[2026-05-27T02:01:54.970+0000] {era5_functions.py:167} INFO - nc outdated (local=2 < cds=3), removing: /opt/***/era5/ecmwf/data/nc/_raw/2026/05/22/accum_20260522.nc
[2026-05-27T02:01:54.993+0000] {logging_mixin.py:188} WARNING - 2026-05-27 02:01:54 [INFO] download attempt 1/3: /opt/***/era5/ecmwf/data/nc/_raw/2026/05/22/accum_20260522.nc
[2026-05-27T02:01:54.993+0000] {era5_functions.py:174} INFO - download attempt 1/3: /opt/***/era5/ecmwf/data/nc/_raw/2026/05/22/accum_20260522.nc
[2026-05-27T02:01:55.801+0000] {logging_mixin.py:188} WARNING - 2026-05-27 02:01:55,800 INFO [2025-12-11T00:00:00] Please note that a dedicated catalogue entry for this dataset, post-processed and stored in Analysis Ready Cloud Optimized (ARCO) format (Zarr), is available for optimised time-series retrievals (i.e. for retrieving data from selected variables for a single point over an extended period of time in an efficient way). You can discover it [here](https://cds.climate.copernicus.eu/datasets/reanalysis-era5-single-levels-timeseries?tab=overview)
[2026-05-27T02:01:55.800+0000] {legacy_client.py:192} INFO - [2025-12-11T00:00:00] Please note that a dedicated catalogue entry for this dataset, post-processed and stored in Analysis Ready Cloud Optimized (ARCO) format (Zarr), is available for optimised time-series retrievals (i.e. for retrieving data from selected variables for a single point over an extended period of time in an efficient way). You can discover it [here](https://cds.climate.copernicus.eu/datasets/reanalysis-era5-single-levels-timeseries?tab=overview)
[2026-05-27T02:01:55.804+0000] {logging_mixin.py:188} WARNING - 2026-05-27 02:01:55,803 INFO Request ID is b219e4c7-5553-4220-ae22-a04cd8eabbdc
[2026-05-27T02:01:55.803+0000] {legacy_client.py:192} INFO - Request ID is b219e4c7-5553-4220-ae22-a04cd8eabbdc
[2026-05-27T02:01:56.014+0000] {logging_mixin.py:188} WARNING - 2026-05-27 02:01:56,014 INFO status has been updated to accepted
[2026-05-27T02:01:56.014+0000] {legacy_client.py:192} INFO - status has been updated to accepted
[2026-05-27T02:02:11.089+0000] {logging_mixin.py:188} WARNING - 2026-05-27 02:02:11,088 INFO status has been updated to successful
[2026-05-27T02:02:11.088+0000] {legacy_client.py:192} INFO - status has been updated to successful
[2026-05-27T02:02:13.050+0000] {base.py:119} INFO - Downloading https://object-store.os-api.cci2.ecmwf.int:443/cci2-prod-cache-3/2026-05-27/c785a1c84a62c1d5b60d9bbb8753ee4.nc
[2026-05-27T02:02:14.066+0000] {logging_mixin.py:188} WARNING - c785a1c84a62c1d5b60d9bbb8753ee4.nc:   0%|          | 0.00/66.6k [00:00<?, ?B/s]
[2026-05-27T02:02:15.464+0000] {logging_mixin.py:188} WARNING - c785a1c84a62c1d5b60d9bbb8753ee4.nc: 100%|##########| 66.6k/66.6k [00:01<00:00, 48.8kB/s]
[2026-05-27T02:02:15.482+0000] {logging_mixin.py:188} WARNING -                                                                                         
[2026-05-27T02:02:15.563+0000] {logging_mixin.py:188} WARNING - 2026-05-27 02:02:15 [INFO] nc downloaded ok: /opt/***/era5/ecmwf/data/nc/_raw/2026/05/22/accum_20260522.nc
[2026-05-27T02:02:15.563+0000] {era5_functions.py:178} INFO - nc downloaded ok: /opt/***/era5/ecmwf/data/nc/_raw/2026/05/22/accum_20260522.nc
[2026-05-27T02:02:15.644+0000] {era5_functions.py:94} DEBUG - tif band 2 < cds 3: /opt/***/era5/ecmwf/data/tif/2026/05/22/tp_20260522.tif
[2026-05-27T02:02:15.729+0000] {logging_mixin.py:188} WARNING - 2026-05-27 02:02:15 [INFO] tif ok: /opt/***/era5/ecmwf/data/tif/2026/05/22/tp_20260522.tif
[2026-05-27T02:02:15.729+0000] {era5_functions.py:264} INFO - tif ok: /opt/***/era5/ecmwf/data/tif/2026/05/22/tp_20260522.tif
[2026-05-27T02:02:15.735+0000] {logging_mixin.py:188} WARNING - 2026-05-27 02:02:15 [INFO] === END job=accum date=2026-05-27 ===
[2026-05-27T02:02:15.735+0000] {era5_functions.py:333} INFO - === END job=accum date=2026-05-27 ===
[2026-05-27T02:02:15.737+0000] {python.py:237} INFO - Done. Returned value was: None
[2026-05-27T02:02:15.737+0000] {taskinstance.py:441} INFO - ::group::Post task execution logs
[2026-05-27T02:02:15.751+0000] {taskinstance.py:1206} INFO - Marking task as SUCCESS. dag_id=era5_download_pipeline, task_id=era5_accum, run_id=scheduled__2026-05-27T01:00:00+00:00, execution_date=20260527T010000, start_date=20260527T020130, end_date=20260527T020215
[2026-05-27T02:02:15.825+0000] {local_task_job_runner.py:240} INFO - Task exited with return code 0
[2026-05-27T02:02:15.849+0000] {taskinstance.py:3498} INFO - 0 downstream tasks scheduled from follow-on schedule check
[2026-05-27T02:02:15.853+0000] {local_task_job_runner.py:222} INFO - ::endgroup::
