[2026-06-18T13:00:01.772+0000] {local_task_job_runner.py:120} INFO - ::group::Pre task execution logs
[2026-06-18T13:00:01.801+0000] {taskinstance.py:2076} INFO - Dependencies all met for dep_context=non-requeueable deps ti=<TaskInstance: era5_download_pipeline.era5_instant scheduled__2026-06-18T12:00:00+00:00 [queued]>
[2026-06-18T13:00:01.814+0000] {taskinstance.py:2076} INFO - Dependencies all met for dep_context=requeueable deps ti=<TaskInstance: era5_download_pipeline.era5_instant scheduled__2026-06-18T12:00:00+00:00 [queued]>
[2026-06-18T13:00:01.816+0000] {taskinstance.py:2306} INFO - Starting attempt 1 of 1
[2026-06-18T13:00:01.832+0000] {taskinstance.py:2330} INFO - Executing <Task(PythonOperator): era5_instant> on 2026-06-18 12:00:00+00:00
[2026-06-18T13:00:01.844+0000] {warnings.py:110} WARNING - /home/***/.local/lib/python3.12/site-packages/***/task/task_runner/standard_task_runner.py:61: DeprecationWarning: This process (pid=133964) is multi-threaded, use of fork() may lead to deadlocks in the child.
  pid = os.fork()

[2026-06-18T13:00:01.848+0000] {standard_task_runner.py:63} INFO - Started process 133967 to run task
[2026-06-18T13:00:01.847+0000] {standard_task_runner.py:90} INFO - Running: ['***', 'tasks', 'run', 'era5_download_pipeline', 'era5_instant', 'scheduled__2026-06-18T12:00:00+00:00', '--job-id', '1846', '--raw', '--subdir', 'DAGS_FOLDER/era5_dag.py', '--cfg-path', '/tmp/tmpw13_32s7']
[2026-06-18T13:00:01.852+0000] {standard_task_runner.py:91} INFO - Job 1846: Subtask era5_instant
[2026-06-18T13:00:01.941+0000] {task_command.py:426} INFO - Running <TaskInstance: era5_download_pipeline.era5_instant scheduled__2026-06-18T12:00:00+00:00 [running]> on host 01cd476fb21a
[2026-06-18T13:00:02.069+0000] {taskinstance.py:2648} INFO - Exporting env vars: AIRFLOW_CTX_DAG_OWNER='era5' AIRFLOW_CTX_DAG_ID='era5_download_pipeline' AIRFLOW_CTX_TASK_ID='era5_instant' AIRFLOW_CTX_EXECUTION_DATE='2026-06-18T12:00:00+00:00' AIRFLOW_CTX_TRY_NUMBER='1' AIRFLOW_CTX_DAG_RUN_ID='scheduled__2026-06-18T12:00:00+00:00'
[2026-06-18T13:00:02.072+0000] {taskinstance.py:430} INFO - ::endgroup::
[2026-06-18T13:00:03.164+0000] {logging_mixin.py:188} WARNING - 2026-06-18 13:00:03 [INFO] === START job=instant date=2026-06-18 ===
[2026-06-18T13:00:03.164+0000] {era5_functions.py:368} INFO - === START job=instant date=2026-06-18 ===
[2026-06-18T13:00:03.166+0000] {logging_mixin.py:188} WARNING - 2026-06-18 13:00:03 [INFO] --- job=instant date=20260618 ---
[2026-06-18T13:00:03.166+0000] {era5_functions.py:330} INFO - --- job=instant date=20260618 ---
[2026-06-18T13:00:03.868+0000] {logging_mixin.py:188} WARNING - 2026-06-18 13:00:03 [WARNING] get_cds_count failed: 400 Client Error: Bad Request for url: https://cds.climate.copernicus.eu/api/retrieve/v1/processes/reanalysis-era5-single-levels/execution
invalid request
None of the data you have requested is available yet, please revise the period requested. The latest date available for this dataset is: 2026-06-13 13:00
[2026-06-18T13:00:03.868+0000] {era5_functions.py:131} WARNING - get_cds_count failed: 400 Client Error: Bad Request for url: https://cds.climate.copernicus.eu/api/retrieve/v1/processes/reanalysis-era5-single-levels/execution
invalid request
None of the data you have requested is available yet, please revise the period requested. The latest date available for this dataset is: 2026-06-13 13:00
[2026-06-18T13:00:03.873+0000] {logging_mixin.py:188} WARNING - 2026-06-18 13:00:03 [WARNING] CDS ยังไม่มีข้อมูล job=instant date=20260618, skip
[2026-06-18T13:00:03.872+0000] {era5_functions.py:335} WARNING - CDS ยังไม่มีข้อมูล job=instant date=20260618, skip
[2026-06-18T13:00:03.876+0000] {logging_mixin.py:188} WARNING - 2026-06-18 13:00:03 [INFO] --- job=instant date=20260617 ---
[2026-06-18T13:00:03.876+0000] {era5_functions.py:330} INFO - --- job=instant date=20260617 ---
[2026-06-18T13:00:05.014+0000] {logging_mixin.py:188} WARNING - 2026-06-18 13:00:05 [WARNING] get_cds_count failed: 400 Client Error: Bad Request for url: https://cds.climate.copernicus.eu/api/retrieve/v1/processes/reanalysis-era5-single-levels/execution
invalid request
None of the data you have requested is available yet, please revise the period requested. The latest date available for this dataset is: 2026-06-13 13:00
[2026-06-18T13:00:05.013+0000] {era5_functions.py:131} WARNING - get_cds_count failed: 400 Client Error: Bad Request for url: https://cds.climate.copernicus.eu/api/retrieve/v1/processes/reanalysis-era5-single-levels/execution
invalid request
None of the data you have requested is available yet, please revise the period requested. The latest date available for this dataset is: 2026-06-13 13:00
[2026-06-18T13:00:05.017+0000] {logging_mixin.py:188} WARNING - 2026-06-18 13:00:05 [WARNING] CDS ยังไม่มีข้อมูล job=instant date=20260617, skip
[2026-06-18T13:00:05.017+0000] {era5_functions.py:335} WARNING - CDS ยังไม่มีข้อมูล job=instant date=20260617, skip
[2026-06-18T13:00:05.020+0000] {logging_mixin.py:188} WARNING - 2026-06-18 13:00:05 [INFO] --- job=instant date=20260616 ---
[2026-06-18T13:00:05.020+0000] {era5_functions.py:330} INFO - --- job=instant date=20260616 ---
[2026-06-18T13:00:05.642+0000] {logging_mixin.py:188} WARNING - 2026-06-18 13:00:05 [WARNING] get_cds_count failed: 400 Client Error: Bad Request for url: https://cds.climate.copernicus.eu/api/retrieve/v1/processes/reanalysis-era5-single-levels/execution
invalid request
None of the data you have requested is available yet, please revise the period requested. The latest date available for this dataset is: 2026-06-13 13:00
[2026-06-18T13:00:05.642+0000] {era5_functions.py:131} WARNING - get_cds_count failed: 400 Client Error: Bad Request for url: https://cds.climate.copernicus.eu/api/retrieve/v1/processes/reanalysis-era5-single-levels/execution
invalid request
None of the data you have requested is available yet, please revise the period requested. The latest date available for this dataset is: 2026-06-13 13:00
[2026-06-18T13:00:05.646+0000] {logging_mixin.py:188} WARNING - 2026-06-18 13:00:05 [WARNING] CDS ยังไม่มีข้อมูล job=instant date=20260616, skip
[2026-06-18T13:00:05.646+0000] {era5_functions.py:335} WARNING - CDS ยังไม่มีข้อมูล job=instant date=20260616, skip
[2026-06-18T13:00:05.648+0000] {logging_mixin.py:188} WARNING - 2026-06-18 13:00:05 [INFO] --- job=instant date=20260615 ---
[2026-06-18T13:00:05.648+0000] {era5_functions.py:330} INFO - --- job=instant date=20260615 ---
[2026-06-18T13:00:07.635+0000] {logging_mixin.py:188} WARNING - 2026-06-18 13:00:07 [WARNING] get_cds_count failed: 400 Client Error: Bad Request for url: https://cds.climate.copernicus.eu/api/retrieve/v1/processes/reanalysis-era5-single-levels/execution
invalid request
None of the data you have requested is available yet, please revise the period requested. The latest date available for this dataset is: 2026-06-13 13:00
[2026-06-18T13:00:07.635+0000] {era5_functions.py:131} WARNING - get_cds_count failed: 400 Client Error: Bad Request for url: https://cds.climate.copernicus.eu/api/retrieve/v1/processes/reanalysis-era5-single-levels/execution
invalid request
None of the data you have requested is available yet, please revise the period requested. The latest date available for this dataset is: 2026-06-13 13:00
[2026-06-18T13:00:07.637+0000] {logging_mixin.py:188} WARNING - 2026-06-18 13:00:07 [WARNING] CDS ยังไม่มีข้อมูล job=instant date=20260615, skip
[2026-06-18T13:00:07.637+0000] {era5_functions.py:335} WARNING - CDS ยังไม่มีข้อมูล job=instant date=20260615, skip
[2026-06-18T13:00:07.639+0000] {logging_mixin.py:188} WARNING - 2026-06-18 13:00:07 [INFO] --- job=instant date=20260614 ---
[2026-06-18T13:00:07.639+0000] {era5_functions.py:330} INFO - --- job=instant date=20260614 ---
[2026-06-18T13:00:08.814+0000] {logging_mixin.py:188} WARNING - 2026-06-18 13:00:08 [WARNING] get_cds_count failed: 400 Client Error: Bad Request for url: https://cds.climate.copernicus.eu/api/retrieve/v1/processes/reanalysis-era5-single-levels/execution
invalid request
None of the data you have requested is available yet, please revise the period requested. The latest date available for this dataset is: 2026-06-13 13:00
[2026-06-18T13:00:08.813+0000] {era5_functions.py:131} WARNING - get_cds_count failed: 400 Client Error: Bad Request for url: https://cds.climate.copernicus.eu/api/retrieve/v1/processes/reanalysis-era5-single-levels/execution
invalid request
None of the data you have requested is available yet, please revise the period requested. The latest date available for this dataset is: 2026-06-13 13:00
[2026-06-18T13:00:08.820+0000] {logging_mixin.py:188} WARNING - 2026-06-18 13:00:08 [WARNING] CDS ยังไม่มีข้อมูล job=instant date=20260614, skip
[2026-06-18T13:00:08.820+0000] {era5_functions.py:335} WARNING - CDS ยังไม่มีข้อมูล job=instant date=20260614, skip
[2026-06-18T13:00:08.824+0000] {logging_mixin.py:188} WARNING - 2026-06-18 13:00:08 [INFO] --- job=instant date=20260613 ---
[2026-06-18T13:00:08.823+0000] {era5_functions.py:330} INFO - --- job=instant date=20260613 ---
[2026-06-18T13:00:09.689+0000] {logging_mixin.py:188} WARNING - 2026-06-18 13:00:09,689 INFO [2025-12-11T00:00:00] Please note that a dedicated catalogue entry for this dataset, post-processed and stored in Analysis Ready Cloud Optimized (ARCO) format (Zarr), is available for optimised time-series retrievals (i.e. for retrieving data from selected variables for a single point over an extended period of time in an efficient way). You can discover it [here](https://cds.climate.copernicus.eu/datasets/reanalysis-era5-single-levels-timeseries?tab=overview)
[2026-06-18T13:00:09.689+0000] {legacy_client.py:192} INFO - [2025-12-11T00:00:00] Please note that a dedicated catalogue entry for this dataset, post-processed and stored in Analysis Ready Cloud Optimized (ARCO) format (Zarr), is available for optimised time-series retrievals (i.e. for retrieving data from selected variables for a single point over an extended period of time in an efficient way). You can discover it [here](https://cds.climate.copernicus.eu/datasets/reanalysis-era5-single-levels-timeseries?tab=overview)
[2026-06-18T13:00:09.693+0000] {logging_mixin.py:188} WARNING - 2026-06-18 13:00:09,693 INFO Request ID is 70dc5865-c155-43ca-b65b-667d734078b6
[2026-06-18T13:00:09.693+0000] {legacy_client.py:192} INFO - Request ID is 70dc5865-c155-43ca-b65b-667d734078b6
[2026-06-18T13:00:09.907+0000] {logging_mixin.py:188} WARNING - 2026-06-18 13:00:09,907 INFO status has been updated to accepted
[2026-06-18T13:00:09.907+0000] {legacy_client.py:192} INFO - status has been updated to accepted
[2026-06-18T13:00:32.491+0000] {logging_mixin.py:188} WARNING - 2026-06-18 13:00:32,490 INFO status has been updated to running
[2026-06-18T13:00:32.490+0000] {legacy_client.py:192} INFO - status has been updated to running
[2026-06-18T13:00:44.094+0000] {logging_mixin.py:188} WARNING - 2026-06-18 13:00:44,093 INFO status has been updated to successful
[2026-06-18T13:00:44.093+0000] {legacy_client.py:192} INFO - status has been updated to successful
[2026-06-18T13:00:44.528+0000] {base.py:119} INFO - Downloading https://object-store.os-api.cci2.ecmwf.int:443/cci2-prod-cache-2/2026-06-18/c07903033a023d203b6b3fdb9da0128b.nc
[2026-06-18T13:00:45.217+0000] {logging_mixin.py:188} WARNING - c07903033a023d203b6b3fdb9da0128b.nc:   0%|          | 0.00/1.52M [00:00<?, ?B/s]
[2026-06-18T13:00:47.319+0000] {logging_mixin.py:188} WARNING - c07903033a023d203b6b3fdb9da0128b.nc:  66%|######5   | 1.00M/1.52M [00:02<00:01, 499kB/s]
[2026-06-18T13:00:47.348+0000] {logging_mixin.py:188} WARNING -                                                                                         
[2026-06-18T13:00:47.620+0000] {logging_mixin.py:188} WARNING - 2026-06-18 13:00:47 [INFO] CDS timestep available: 14
[2026-06-18T13:00:47.620+0000] {era5_functions.py:128} INFO - CDS timestep available: 14
[2026-06-18T13:00:47.710+0000] {logging_mixin.py:188} WARNING - 2026-06-18 13:00:47 [INFO] local timestep: 13 — /opt/***/era5/ecmwf/data/nc/_raw/2026/06/13/instant_20260613.nc
[2026-06-18T13:00:47.710+0000] {era5_functions.py:152} INFO - local timestep: 13 — /opt/***/era5/ecmwf/data/nc/_raw/2026/06/13/instant_20260613.nc
[2026-06-18T13:00:47.718+0000] {logging_mixin.py:188} WARNING - 2026-06-18 13:00:47 [INFO] nc outdated (local=13 < cds=14), removing: /opt/***/era5/ecmwf/data/nc/_raw/2026/06/13/instant_20260613.nc
[2026-06-18T13:00:47.718+0000] {era5_functions.py:193} INFO - nc outdated (local=13 < cds=14), removing: /opt/***/era5/ecmwf/data/nc/_raw/2026/06/13/instant_20260613.nc
[2026-06-18T13:00:47.738+0000] {logging_mixin.py:188} WARNING - 2026-06-18 13:00:47 [INFO] download attempt 1/3: /opt/***/era5/ecmwf/data/nc/_raw/2026/06/13/instant_20260613.nc
[2026-06-18T13:00:47.738+0000] {era5_functions.py:200} INFO - download attempt 1/3: /opt/***/era5/ecmwf/data/nc/_raw/2026/06/13/instant_20260613.nc
[2026-06-18T13:00:48.572+0000] {logging_mixin.py:188} WARNING - 2026-06-18 13:00:48,572 INFO [2025-12-11T00:00:00] Please note that a dedicated catalogue entry for this dataset, post-processed and stored in Analysis Ready Cloud Optimized (ARCO) format (Zarr), is available for optimised time-series retrievals (i.e. for retrieving data from selected variables for a single point over an extended period of time in an efficient way). You can discover it [here](https://cds.climate.copernicus.eu/datasets/reanalysis-era5-single-levels-timeseries?tab=overview)
[2026-06-18T13:00:48.572+0000] {legacy_client.py:192} INFO - [2025-12-11T00:00:00] Please note that a dedicated catalogue entry for this dataset, post-processed and stored in Analysis Ready Cloud Optimized (ARCO) format (Zarr), is available for optimised time-series retrievals (i.e. for retrieving data from selected variables for a single point over an extended period of time in an efficient way). You can discover it [here](https://cds.climate.copernicus.eu/datasets/reanalysis-era5-single-levels-timeseries?tab=overview)
[2026-06-18T13:00:48.575+0000] {logging_mixin.py:188} WARNING - 2026-06-18 13:00:48,575 INFO Request ID is bb3036de-eac2-40df-9c2f-8ac38ba41b83
[2026-06-18T13:00:48.575+0000] {legacy_client.py:192} INFO - Request ID is bb3036de-eac2-40df-9c2f-8ac38ba41b83
[2026-06-18T13:00:48.787+0000] {logging_mixin.py:188} WARNING - 2026-06-18 13:00:48,786 INFO status has been updated to accepted
[2026-06-18T13:00:48.786+0000] {legacy_client.py:192} INFO - status has been updated to accepted
[2026-06-18T13:01:10.890+0000] {logging_mixin.py:188} WARNING - 2026-06-18 13:01:10,889 INFO status has been updated to running
[2026-06-18T13:01:10.889+0000] {legacy_client.py:192} INFO - status has been updated to running
[2026-06-18T13:01:39.794+0000] {logging_mixin.py:188} WARNING - 2026-06-18 13:01:39,793 INFO status has been updated to successful
[2026-06-18T13:01:39.793+0000] {legacy_client.py:192} INFO - status has been updated to successful
[2026-06-18T13:01:41.735+0000] {base.py:119} INFO - Downloading https://object-store.os-api.cci2.ecmwf.int:443/cci2-prod-cache-3/2026-06-18/9689f5d40f031e6f59016d53229eca61.nc
[2026-06-18T13:01:42.743+0000] {logging_mixin.py:188} WARNING - 9689f5d40f031e6f59016d53229eca61.nc:   0%|          | 0.00/1.52M [00:00<?, ?B/s]
[2026-06-18T13:01:44.531+0000] {logging_mixin.py:188} WARNING - 9689f5d40f031e6f59016d53229eca61.nc:  66%|######5   | 1.00M/1.52M [00:01<00:00, 587kB/s]
[2026-06-18T13:01:45.860+0000] {logging_mixin.py:188} WARNING - 9689f5d40f031e6f59016d53229eca61.nc: 100%|##########| 1.52M/1.52M [00:03<00:00, 498kB/s]
[2026-06-18T13:01:45.878+0000] {logging_mixin.py:188} WARNING -                                                                                         
[2026-06-18T13:01:46.027+0000] {logging_mixin.py:188} WARNING - 2026-06-18 13:01:46 [INFO] nc downloaded ok: /opt/***/era5/ecmwf/data/nc/_raw/2026/06/13/instant_20260613.nc
[2026-06-18T13:01:46.027+0000] {era5_functions.py:204} INFO - nc downloaded ok: /opt/***/era5/ecmwf/data/nc/_raw/2026/06/13/instant_20260613.nc
[2026-06-18T13:01:46.113+0000] {logging_mixin.py:188} WARNING - 2026-06-18 13:01:46 [INFO] local timestep: 14 — /opt/***/era5/ecmwf/data/nc/_raw/2026/06/13/instant_20260613.nc
[2026-06-18T13:01:46.113+0000] {era5_functions.py:152} INFO - local timestep: 14 — /opt/***/era5/ecmwf/data/nc/_raw/2026/06/13/instant_20260613.nc
[2026-06-18T13:01:46.215+0000] {logging_mixin.py:188} WARNING - 2026-06-18 13:01:46 [INFO] tif outdated (tif=13 < nc=14), removing: /opt/***/era5/ecmwf/data/tif/2026/06/13/t2m_20260613.tif
[2026-06-18T13:01:46.215+0000] {era5_functions.py:261} INFO - tif outdated (tif=13 < nc=14), removing: /opt/***/era5/ecmwf/data/tif/2026/06/13/t2m_20260613.tif
[2026-06-18T13:01:46.311+0000] {logging_mixin.py:188} WARNING - 2026-06-18 13:01:46 [INFO] tif ok (bands=14): /opt/***/era5/ecmwf/data/tif/2026/06/13/t2m_20260613.tif
[2026-06-18T13:01:46.311+0000] {era5_functions.py:304} INFO - tif ok (bands=14): /opt/***/era5/ecmwf/data/tif/2026/06/13/t2m_20260613.tif
[2026-06-18T13:01:46.328+0000] {logging_mixin.py:188} WARNING - 2026-06-18 13:01:46 [INFO] tif outdated (tif=13 < nc=14), removing: /opt/***/era5/ecmwf/data/tif/2026/06/13/d2m_20260613.tif
[2026-06-18T13:01:46.327+0000] {era5_functions.py:261} INFO - tif outdated (tif=13 < nc=14), removing: /opt/***/era5/ecmwf/data/tif/2026/06/13/d2m_20260613.tif
[2026-06-18T13:01:46.429+0000] {logging_mixin.py:188} WARNING - 2026-06-18 13:01:46 [INFO] tif ok (bands=14): /opt/***/era5/ecmwf/data/tif/2026/06/13/d2m_20260613.tif
[2026-06-18T13:01:46.429+0000] {era5_functions.py:304} INFO - tif ok (bands=14): /opt/***/era5/ecmwf/data/tif/2026/06/13/d2m_20260613.tif
[2026-06-18T13:01:46.450+0000] {logging_mixin.py:188} WARNING - 2026-06-18 13:01:46 [INFO] tif outdated (tif=13 < nc=14), removing: /opt/***/era5/ecmwf/data/tif/2026/06/13/sp_20260613.tif
[2026-06-18T13:01:46.450+0000] {era5_functions.py:261} INFO - tif outdated (tif=13 < nc=14), removing: /opt/***/era5/ecmwf/data/tif/2026/06/13/sp_20260613.tif
[2026-06-18T13:01:46.546+0000] {logging_mixin.py:188} WARNING - 2026-06-18 13:01:46 [INFO] tif ok (bands=14): /opt/***/era5/ecmwf/data/tif/2026/06/13/sp_20260613.tif
[2026-06-18T13:01:46.546+0000] {era5_functions.py:304} INFO - tif ok (bands=14): /opt/***/era5/ecmwf/data/tif/2026/06/13/sp_20260613.tif
[2026-06-18T13:01:46.563+0000] {logging_mixin.py:188} WARNING - 2026-06-18 13:01:46 [INFO] tif outdated (tif=13 < nc=14), removing: /opt/***/era5/ecmwf/data/tif/2026/06/13/blh_20260613.tif
[2026-06-18T13:01:46.563+0000] {era5_functions.py:261} INFO - tif outdated (tif=13 < nc=14), removing: /opt/***/era5/ecmwf/data/tif/2026/06/13/blh_20260613.tif
[2026-06-18T13:01:46.659+0000] {logging_mixin.py:188} WARNING - 2026-06-18 13:01:46 [INFO] tif ok (bands=14): /opt/***/era5/ecmwf/data/tif/2026/06/13/blh_20260613.tif
[2026-06-18T13:01:46.659+0000] {era5_functions.py:304} INFO - tif ok (bands=14): /opt/***/era5/ecmwf/data/tif/2026/06/13/blh_20260613.tif
[2026-06-18T13:01:46.679+0000] {logging_mixin.py:188} WARNING - 2026-06-18 13:01:46 [INFO] tif outdated (tif=13 < nc=14), removing: /opt/***/era5/ecmwf/data/tif/2026/06/13/u10_20260613.tif
[2026-06-18T13:01:46.679+0000] {era5_functions.py:261} INFO - tif outdated (tif=13 < nc=14), removing: /opt/***/era5/ecmwf/data/tif/2026/06/13/u10_20260613.tif
[2026-06-18T13:01:46.772+0000] {logging_mixin.py:188} WARNING - 2026-06-18 13:01:46 [INFO] tif ok (bands=14): /opt/***/era5/ecmwf/data/tif/2026/06/13/u10_20260613.tif
[2026-06-18T13:01:46.772+0000] {era5_functions.py:304} INFO - tif ok (bands=14): /opt/***/era5/ecmwf/data/tif/2026/06/13/u10_20260613.tif
[2026-06-18T13:01:46.788+0000] {logging_mixin.py:188} WARNING - 2026-06-18 13:01:46 [INFO] tif outdated (tif=13 < nc=14), removing: /opt/***/era5/ecmwf/data/tif/2026/06/13/v10_20260613.tif
[2026-06-18T13:01:46.787+0000] {era5_functions.py:261} INFO - tif outdated (tif=13 < nc=14), removing: /opt/***/era5/ecmwf/data/tif/2026/06/13/v10_20260613.tif
[2026-06-18T13:01:46.881+0000] {logging_mixin.py:188} WARNING - 2026-06-18 13:01:46 [INFO] tif ok (bands=14): /opt/***/era5/ecmwf/data/tif/2026/06/13/v10_20260613.tif
[2026-06-18T13:01:46.880+0000] {era5_functions.py:304} INFO - tif ok (bands=14): /opt/***/era5/ecmwf/data/tif/2026/06/13/v10_20260613.tif
[2026-06-18T13:01:46.887+0000] {logging_mixin.py:188} WARNING - 2026-06-18 13:01:46 [INFO] === END job=instant date=2026-06-18 ===
[2026-06-18T13:01:46.887+0000] {era5_functions.py:379} INFO - === END job=instant date=2026-06-18 ===
[2026-06-18T13:01:46.889+0000] {python.py:237} INFO - Done. Returned value was: None
[2026-06-18T13:01:46.889+0000] {taskinstance.py:441} INFO - ::group::Post task execution logs
[2026-06-18T13:01:46.904+0000] {taskinstance.py:1206} INFO - Marking task as SUCCESS. dag_id=era5_download_pipeline, task_id=era5_instant, run_id=scheduled__2026-06-18T12:00:00+00:00, execution_date=20260618T120000, start_date=20260618T130001, end_date=20260618T130146
[2026-06-18T13:01:46.973+0000] {local_task_job_runner.py:240} INFO - Task exited with return code 0
[2026-06-18T13:01:47.019+0000] {taskinstance.py:3498} INFO - 1 downstream tasks scheduled from follow-on schedule check
[2026-06-18T13:01:47.025+0000] {local_task_job_runner.py:222} INFO - ::endgroup::
