[2026-06-20T19:00:01.659+0000] {local_task_job_runner.py:120} INFO - ::group::Pre task execution logs
[2026-06-20T19:00:01.687+0000] {taskinstance.py:2076} INFO - Dependencies all met for dep_context=non-requeueable deps ti=<TaskInstance: era5_download_pipeline.era5_rh scheduled__2026-06-20T18:00:00+00:00 [queued]>
[2026-06-20T19:00:01.699+0000] {taskinstance.py:2076} INFO - Dependencies all met for dep_context=requeueable deps ti=<TaskInstance: era5_download_pipeline.era5_rh scheduled__2026-06-20T18:00:00+00:00 [queued]>
[2026-06-20T19:00:01.700+0000] {taskinstance.py:2306} INFO - Starting attempt 1 of 1
[2026-06-20T19:00:01.717+0000] {taskinstance.py:2330} INFO - Executing <Task(PythonOperator): era5_rh> on 2026-06-20 18:00:00+00:00
[2026-06-20T19:00:01.728+0000] {warnings.py:110} WARNING - /home/***/.local/lib/python3.12/site-packages/***/task/task_runner/standard_task_runner.py:61: DeprecationWarning: This process (pid=175561) is multi-threaded, use of fork() may lead to deadlocks in the child.
  pid = os.fork()

[2026-06-20T19:00:01.732+0000] {standard_task_runner.py:63} INFO - Started process 175564 to run task
[2026-06-20T19:00:01.732+0000] {standard_task_runner.py:90} INFO - Running: ['***', 'tasks', 'run', 'era5_download_pipeline', 'era5_rh', 'scheduled__2026-06-20T18:00:00+00:00', '--job-id', '2009', '--raw', '--subdir', 'DAGS_FOLDER/era5_dag.py', '--cfg-path', '/tmp/tmpl0uhekl4']
[2026-06-20T19:00:01.736+0000] {standard_task_runner.py:91} INFO - Job 2009: Subtask era5_rh
[2026-06-20T19:00:01.847+0000] {task_command.py:426} INFO - Running <TaskInstance: era5_download_pipeline.era5_rh scheduled__2026-06-20T18:00:00+00:00 [running]> on host 01cd476fb21a
[2026-06-20T19:00:01.970+0000] {taskinstance.py:2648} INFO - Exporting env vars: AIRFLOW_CTX_DAG_OWNER='era5' AIRFLOW_CTX_DAG_ID='era5_download_pipeline' AIRFLOW_CTX_TASK_ID='era5_rh' AIRFLOW_CTX_EXECUTION_DATE='2026-06-20T18:00:00+00:00' AIRFLOW_CTX_TRY_NUMBER='1' AIRFLOW_CTX_DAG_RUN_ID='scheduled__2026-06-20T18:00:00+00:00'
[2026-06-20T19:00:01.972+0000] {taskinstance.py:430} INFO - ::endgroup::
[2026-06-20T19:00:02.010+0000] {logging_mixin.py:188} WARNING - 2026-06-20 19:00:02 [WARNING] missing instant nc: /opt/***/era5/ecmwf/data/nc/_raw/2026/06/20/instant_20260620.nc
[2026-06-20T19:00:02.010+0000] {era5_rh.py:208} WARNING - missing instant nc: /opt/***/era5/ecmwf/data/nc/_raw/2026/06/20/instant_20260620.nc
[2026-06-20T19:00:02.017+0000] {logging_mixin.py:188} WARNING - 2026-06-20 19:00:02 [WARNING] missing instant nc: /opt/***/era5/ecmwf/data/nc/_raw/2026/06/19/instant_20260619.nc
[2026-06-20T19:00:02.017+0000] {era5_rh.py:208} WARNING - missing instant nc: /opt/***/era5/ecmwf/data/nc/_raw/2026/06/19/instant_20260619.nc
[2026-06-20T19:00:02.023+0000] {logging_mixin.py:188} WARNING - 2026-06-20 19:00:02 [WARNING] missing instant nc: /opt/***/era5/ecmwf/data/nc/_raw/2026/06/18/instant_20260618.nc
[2026-06-20T19:00:02.023+0000] {era5_rh.py:208} WARNING - missing instant nc: /opt/***/era5/ecmwf/data/nc/_raw/2026/06/18/instant_20260618.nc
[2026-06-20T19:00:02.030+0000] {logging_mixin.py:188} WARNING - 2026-06-20 19:00:02 [WARNING] missing instant nc: /opt/***/era5/ecmwf/data/nc/_raw/2026/06/17/instant_20260617.nc
[2026-06-20T19:00:02.030+0000] {era5_rh.py:208} WARNING - missing instant nc: /opt/***/era5/ecmwf/data/nc/_raw/2026/06/17/instant_20260617.nc
[2026-06-20T19:00:02.036+0000] {logging_mixin.py:188} WARNING - 2026-06-20 19:00:02 [WARNING] missing instant nc: /opt/***/era5/ecmwf/data/nc/_raw/2026/06/16/instant_20260616.nc
[2026-06-20T19:00:02.036+0000] {era5_rh.py:208} WARNING - missing instant nc: /opt/***/era5/ecmwf/data/nc/_raw/2026/06/16/instant_20260616.nc
[2026-06-20T19:00:02.053+0000] {logging_mixin.py:188} WARNING - 2026-06-20 19:00:02 [INFO] RH nc exists: /opt/***/era5/ecmwf/data/nc/rh/2026/06/15/rh_20260615.nc
[2026-06-20T19:00:02.053+0000] {era5_rh.py:69} INFO - RH nc exists: /opt/***/era5/ecmwf/data/nc/rh/2026/06/15/rh_20260615.nc
[2026-06-20T19:00:02.471+0000] {logging_mixin.py:188} WARNING - 2026-06-20 19:00:02 [INFO] RH tif created: /opt/***/era5/ecmwf/data/tif/2026/06/15/rh_20260615.tif
[2026-06-20T19:00:02.471+0000] {era5_rh.py:183} INFO - RH tif created: /opt/***/era5/ecmwf/data/tif/2026/06/15/rh_20260615.tif
[2026-06-20T19:00:02.478+0000] {python.py:237} INFO - Done. Returned value was: None
[2026-06-20T19:00:02.480+0000] {taskinstance.py:441} INFO - ::group::Post task execution logs
[2026-06-20T19:00:02.501+0000] {taskinstance.py:1206} INFO - Marking task as SUCCESS. dag_id=era5_download_pipeline, task_id=era5_rh, run_id=scheduled__2026-06-20T18:00:00+00:00, execution_date=20260620T180000, start_date=20260620T190001, end_date=20260620T190002
[2026-06-20T19:00:02.550+0000] {local_task_job_runner.py:240} INFO - Task exited with return code 0
[2026-06-20T19:00:02.573+0000] {taskinstance.py:3498} INFO - 0 downstream tasks scheduled from follow-on schedule check
[2026-06-20T19:00:02.576+0000] {local_task_job_runner.py:222} INFO - ::endgroup::
