[2026-06-15T04:00:02.383+0000] {local_task_job_runner.py:120} INFO - ::group::Pre task execution logs
[2026-06-15T04:00:02.408+0000] {taskinstance.py:2076} INFO - Dependencies all met for dep_context=non-requeueable deps ti=<TaskInstance: era5_download_pipeline.era5_instant scheduled__2026-06-15T03:00:00+00:00 [queued]>
[2026-06-15T04:00:02.418+0000] {taskinstance.py:2076} INFO - Dependencies all met for dep_context=requeueable deps ti=<TaskInstance: era5_download_pipeline.era5_instant scheduled__2026-06-15T03:00:00+00:00 [queued]>
[2026-06-15T04:00:02.419+0000] {taskinstance.py:2306} INFO - Starting attempt 1 of 1
[2026-06-15T04:00:02.436+0000] {taskinstance.py:2330} INFO - Executing <Task(PythonOperator): era5_instant> on 2026-06-15 03:00:00+00:00
[2026-06-15T04:00:02.448+0000] {warnings.py:110} WARNING - /home/***/.local/lib/python3.12/site-packages/***/task/task_runner/standard_task_runner.py:61: DeprecationWarning: This process (pid=71503) is multi-threaded, use of fork() may lead to deadlocks in the child.
  pid = os.fork()

[2026-06-15T04:00:02.451+0000] {standard_task_runner.py:63} INFO - Started process 71506 to run task
[2026-06-15T04:00:02.453+0000] {standard_task_runner.py:90} INFO - Running: ['***', 'tasks', 'run', 'era5_download_pipeline', 'era5_instant', 'scheduled__2026-06-15T03:00:00+00:00', '--job-id', '1602', '--raw', '--subdir', 'DAGS_FOLDER/era5_dag.py', '--cfg-path', '/tmp/tmpj5koptso']
[2026-06-15T04:00:02.457+0000] {standard_task_runner.py:91} INFO - Job 1602: Subtask era5_instant
[2026-06-15T04:00:02.555+0000] {task_command.py:426} INFO - Running <TaskInstance: era5_download_pipeline.era5_instant scheduled__2026-06-15T03:00:00+00:00 [running]> on host 01cd476fb21a
[2026-06-15T04:00:02.683+0000] {taskinstance.py:2648} INFO - Exporting env vars: AIRFLOW_CTX_DAG_OWNER='era5' AIRFLOW_CTX_DAG_ID='era5_download_pipeline' AIRFLOW_CTX_TASK_ID='era5_instant' AIRFLOW_CTX_EXECUTION_DATE='2026-06-15T03:00:00+00:00' AIRFLOW_CTX_TRY_NUMBER='1' AIRFLOW_CTX_DAG_RUN_ID='scheduled__2026-06-15T03:00:00+00:00'
[2026-06-15T04:00:02.686+0000] {taskinstance.py:430} INFO - ::endgroup::
[2026-06-15T04:00:03.736+0000] {logging_mixin.py:188} WARNING - 2026-06-15 04:00:03,736 INFO [2026-06-11T00:00:00Z] Upcoming essential maintenance sessions on Data Stores underlying infrastructure on 15 June. Service disruption expected. For further details, please [visit our forum announcement](https://forum.ecmwf.int/t/upcoming-essential-maintenance-sessions-on-data-stores-underlying-infrastructure-part-2/150414).
[2026-06-15T04:00:03.736+0000] {legacy_client.py:192} INFO - [2026-06-11T00:00:00Z] Upcoming essential maintenance sessions on Data Stores underlying infrastructure on 15 June. Service disruption expected. For further details, please [visit our forum announcement](https://forum.ecmwf.int/t/upcoming-essential-maintenance-sessions-on-data-stores-underlying-infrastructure-part-2/150414).
[2026-06-15T04:00:03.745+0000] {logging_mixin.py:188} WARNING - 2026-06-15 04:00:03 [INFO] === START job=instant date=2026-06-15 ===
[2026-06-15T04:00:03.745+0000] {era5_functions.py:368} INFO - === START job=instant date=2026-06-15 ===
[2026-06-15T04:00:03.747+0000] {logging_mixin.py:188} WARNING - 2026-06-15 04:00:03 [INFO] --- job=instant date=20260615 ---
[2026-06-15T04:00:03.747+0000] {era5_functions.py:330} INFO - --- job=instant date=20260615 ---
[2026-06-15T04:00:04.478+0000] {logging_mixin.py:188} WARNING - 2026-06-15 04:00:04 [WARNING] get_cds_count failed: 400 Client Error: Bad Request for url: https://cds.climate.copernicus.eu/api/retrieve/v1/processes/reanalysis-era5-single-levels/execution
invalid request
None of the data you have requested is available yet, please revise the period requested. The latest date available for this dataset is: 2026-06-10 04:00
[2026-06-15T04:00:04.477+0000] {era5_functions.py:131} WARNING - get_cds_count failed: 400 Client Error: Bad Request for url: https://cds.climate.copernicus.eu/api/retrieve/v1/processes/reanalysis-era5-single-levels/execution
invalid request
None of the data you have requested is available yet, please revise the period requested. The latest date available for this dataset is: 2026-06-10 04:00
[2026-06-15T04:00:04.481+0000] {logging_mixin.py:188} WARNING - 2026-06-15 04:00:04 [WARNING] CDS ยังไม่มีข้อมูล job=instant date=20260615, skip
[2026-06-15T04:00:04.481+0000] {era5_functions.py:335} WARNING - CDS ยังไม่มีข้อมูล job=instant date=20260615, skip
[2026-06-15T04:00:04.484+0000] {logging_mixin.py:188} WARNING - 2026-06-15 04:00:04 [INFO] --- job=instant date=20260614 ---
[2026-06-15T04:00:04.484+0000] {era5_functions.py:330} INFO - --- job=instant date=20260614 ---
[2026-06-15T04:00:05.074+0000] {logging_mixin.py:188} WARNING - 2026-06-15 04:00:05 [WARNING] get_cds_count failed: 400 Client Error: Bad Request for url: https://cds.climate.copernicus.eu/api/retrieve/v1/processes/reanalysis-era5-single-levels/execution
invalid request
None of the data you have requested is available yet, please revise the period requested. The latest date available for this dataset is: 2026-06-10 04:00
[2026-06-15T04:00:05.074+0000] {era5_functions.py:131} WARNING - get_cds_count failed: 400 Client Error: Bad Request for url: https://cds.climate.copernicus.eu/api/retrieve/v1/processes/reanalysis-era5-single-levels/execution
invalid request
None of the data you have requested is available yet, please revise the period requested. The latest date available for this dataset is: 2026-06-10 04:00
[2026-06-15T04:00:05.078+0000] {logging_mixin.py:188} WARNING - 2026-06-15 04:00:05 [WARNING] CDS ยังไม่มีข้อมูล job=instant date=20260614, skip
[2026-06-15T04:00:05.078+0000] {era5_functions.py:335} WARNING - CDS ยังไม่มีข้อมูล job=instant date=20260614, skip
[2026-06-15T04:00:05.081+0000] {logging_mixin.py:188} WARNING - 2026-06-15 04:00:05 [INFO] --- job=instant date=20260613 ---
[2026-06-15T04:00:05.081+0000] {era5_functions.py:330} INFO - --- job=instant date=20260613 ---
[2026-06-15T04:00:06.083+0000] {logging_mixin.py:188} WARNING - 2026-06-15 04:00:06 [WARNING] get_cds_count failed: 400 Client Error: Bad Request for url: https://cds.climate.copernicus.eu/api/retrieve/v1/processes/reanalysis-era5-single-levels/execution
invalid request
None of the data you have requested is available yet, please revise the period requested. The latest date available for this dataset is: 2026-06-10 04:00
[2026-06-15T04:00:06.083+0000] {era5_functions.py:131} WARNING - get_cds_count failed: 400 Client Error: Bad Request for url: https://cds.climate.copernicus.eu/api/retrieve/v1/processes/reanalysis-era5-single-levels/execution
invalid request
None of the data you have requested is available yet, please revise the period requested. The latest date available for this dataset is: 2026-06-10 04:00
[2026-06-15T04:00:06.089+0000] {logging_mixin.py:188} WARNING - 2026-06-15 04:00:06 [WARNING] CDS ยังไม่มีข้อมูล job=instant date=20260613, skip
[2026-06-15T04:00:06.088+0000] {era5_functions.py:335} WARNING - CDS ยังไม่มีข้อมูล job=instant date=20260613, skip
[2026-06-15T04:00:06.093+0000] {logging_mixin.py:188} WARNING - 2026-06-15 04:00:06 [INFO] --- job=instant date=20260612 ---
[2026-06-15T04:00:06.093+0000] {era5_functions.py:330} INFO - --- job=instant date=20260612 ---
[2026-06-15T04:00:07.020+0000] {logging_mixin.py:188} WARNING - 2026-06-15 04:00:07 [WARNING] get_cds_count failed: 400 Client Error: Bad Request for url: https://cds.climate.copernicus.eu/api/retrieve/v1/processes/reanalysis-era5-single-levels/execution
invalid request
None of the data you have requested is available yet, please revise the period requested. The latest date available for this dataset is: 2026-06-10 04:00
[2026-06-15T04:00:07.020+0000] {era5_functions.py:131} WARNING - get_cds_count failed: 400 Client Error: Bad Request for url: https://cds.climate.copernicus.eu/api/retrieve/v1/processes/reanalysis-era5-single-levels/execution
invalid request
None of the data you have requested is available yet, please revise the period requested. The latest date available for this dataset is: 2026-06-10 04:00
[2026-06-15T04:00:07.023+0000] {logging_mixin.py:188} WARNING - 2026-06-15 04:00:07 [WARNING] CDS ยังไม่มีข้อมูล job=instant date=20260612, skip
[2026-06-15T04:00:07.023+0000] {era5_functions.py:335} WARNING - CDS ยังไม่มีข้อมูล job=instant date=20260612, skip
[2026-06-15T04:00:07.025+0000] {logging_mixin.py:188} WARNING - 2026-06-15 04:00:07 [INFO] --- job=instant date=20260611 ---
[2026-06-15T04:00:07.025+0000] {era5_functions.py:330} INFO - --- job=instant date=20260611 ---
[2026-06-15T04:00:08.868+0000] {logging_mixin.py:188} WARNING - 2026-06-15 04:00:08 [WARNING] get_cds_count failed: 400 Client Error: Bad Request for url: https://cds.climate.copernicus.eu/api/retrieve/v1/processes/reanalysis-era5-single-levels/execution
invalid request
None of the data you have requested is available yet, please revise the period requested. The latest date available for this dataset is: 2026-06-10 04:00
[2026-06-15T04:00:08.868+0000] {era5_functions.py:131} WARNING - get_cds_count failed: 400 Client Error: Bad Request for url: https://cds.climate.copernicus.eu/api/retrieve/v1/processes/reanalysis-era5-single-levels/execution
invalid request
None of the data you have requested is available yet, please revise the period requested. The latest date available for this dataset is: 2026-06-10 04:00
[2026-06-15T04:00:08.874+0000] {logging_mixin.py:188} WARNING - 2026-06-15 04:00:08 [WARNING] CDS ยังไม่มีข้อมูล job=instant date=20260611, skip
[2026-06-15T04:00:08.873+0000] {era5_functions.py:335} WARNING - CDS ยังไม่มีข้อมูล job=instant date=20260611, skip
[2026-06-15T04:00:08.878+0000] {logging_mixin.py:188} WARNING - 2026-06-15 04:00:08 [INFO] --- job=instant date=20260610 ---
[2026-06-15T04:00:08.878+0000] {era5_functions.py:330} INFO - --- job=instant date=20260610 ---
[2026-06-15T04:00:09.551+0000] {logging_mixin.py:188} WARNING - 2026-06-15 04:00:09,550 INFO [2025-12-11T00:00:00] Please note that a dedicated catalogue entry for this dataset, post-processed and stored in Analysis Ready Cloud Optimized (ARCO) format (Zarr), is available for optimised time-series retrievals (i.e. for retrieving data from selected variables for a single point over an extended period of time in an efficient way). You can discover it [here](https://cds.climate.copernicus.eu/datasets/reanalysis-era5-single-levels-timeseries?tab=overview)
[2026-06-15T04:00:09.550+0000] {legacy_client.py:192} INFO - [2025-12-11T00:00:00] Please note that a dedicated catalogue entry for this dataset, post-processed and stored in Analysis Ready Cloud Optimized (ARCO) format (Zarr), is available for optimised time-series retrievals (i.e. for retrieving data from selected variables for a single point over an extended period of time in an efficient way). You can discover it [here](https://cds.climate.copernicus.eu/datasets/reanalysis-era5-single-levels-timeseries?tab=overview)
[2026-06-15T04:00:09.556+0000] {logging_mixin.py:188} WARNING - 2026-06-15 04:00:09,556 INFO Request ID is 78587382-83c7-4884-b7b5-b443a5b795c0
[2026-06-15T04:00:09.556+0000] {legacy_client.py:192} INFO - Request ID is 78587382-83c7-4884-b7b5-b443a5b795c0
[2026-06-15T04:00:09.768+0000] {logging_mixin.py:188} WARNING - 2026-06-15 04:00:09,768 INFO status has been updated to accepted
[2026-06-15T04:00:09.768+0000] {legacy_client.py:192} INFO - status has been updated to accepted
[2026-06-15T04:00:24.170+0000] {logging_mixin.py:188} WARNING - 2026-06-15 04:00:24,170 INFO status has been updated to running
[2026-06-15T04:00:24.170+0000] {legacy_client.py:192} INFO - status has been updated to running
[2026-06-15T04:00:31.978+0000] {logging_mixin.py:188} WARNING - 2026-06-15 04:00:31,977 INFO status has been updated to successful
[2026-06-15T04:00:31.977+0000] {legacy_client.py:192} INFO - status has been updated to successful
[2026-06-15T04:00:32.392+0000] {base.py:119} INFO - Downloading https://object-store.os-api.cci2.ecmwf.int:443/cci2-prod-cache-2/2026-06-15/c1e6498c5fbd79baa398f4e1365d3d25.nc
[2026-06-15T04:00:33.454+0000] {logging_mixin.py:188} WARNING - c1e6498c5fbd79baa398f4e1365d3d25.nc:   0%|          | 0.00/617k [00:00<?, ?B/s]
[2026-06-15T04:00:36.336+0000] {logging_mixin.py:188} WARNING - c1e6498c5fbd79baa398f4e1365d3d25.nc: 100%|##########| 617k/617k [00:02<00:00, 220kB/s]
[2026-06-15T04:00:36.341+0000] {logging_mixin.py:188} WARNING -                                                                                       
[2026-06-15T04:00:36.618+0000] {logging_mixin.py:188} WARNING - 2026-06-15 04:00:36 [INFO] CDS timestep available: 5
[2026-06-15T04:00:36.618+0000] {era5_functions.py:128} INFO - CDS timestep available: 5
[2026-06-15T04:00:36.710+0000] {logging_mixin.py:188} WARNING - 2026-06-15 04:00:36 [INFO] local timestep: 4 — /opt/***/era5/ecmwf/data/nc/_raw/2026/06/10/instant_20260610.nc
[2026-06-15T04:00:36.710+0000] {era5_functions.py:152} INFO - local timestep: 4 — /opt/***/era5/ecmwf/data/nc/_raw/2026/06/10/instant_20260610.nc
[2026-06-15T04:00:36.727+0000] {logging_mixin.py:188} WARNING - 2026-06-15 04:00:36 [INFO] nc outdated (local=4 < cds=5), removing: /opt/***/era5/ecmwf/data/nc/_raw/2026/06/10/instant_20260610.nc
[2026-06-15T04:00:36.727+0000] {era5_functions.py:193} INFO - nc outdated (local=4 < cds=5), removing: /opt/***/era5/ecmwf/data/nc/_raw/2026/06/10/instant_20260610.nc
[2026-06-15T04:00:36.751+0000] {logging_mixin.py:188} WARNING - 2026-06-15 04:00:36 [INFO] download attempt 1/3: /opt/***/era5/ecmwf/data/nc/_raw/2026/06/10/instant_20260610.nc
[2026-06-15T04:00:36.751+0000] {era5_functions.py:200} INFO - download attempt 1/3: /opt/***/era5/ecmwf/data/nc/_raw/2026/06/10/instant_20260610.nc
[2026-06-15T04:00:39.018+0000] {logging_mixin.py:188} WARNING - 2026-06-15 04:00:39,018 INFO [2025-12-11T00:00:00] Please note that a dedicated catalogue entry for this dataset, post-processed and stored in Analysis Ready Cloud Optimized (ARCO) format (Zarr), is available for optimised time-series retrievals (i.e. for retrieving data from selected variables for a single point over an extended period of time in an efficient way). You can discover it [here](https://cds.climate.copernicus.eu/datasets/reanalysis-era5-single-levels-timeseries?tab=overview)
[2026-06-15T04:00:39.018+0000] {legacy_client.py:192} INFO - [2025-12-11T00:00:00] Please note that a dedicated catalogue entry for this dataset, post-processed and stored in Analysis Ready Cloud Optimized (ARCO) format (Zarr), is available for optimised time-series retrievals (i.e. for retrieving data from selected variables for a single point over an extended period of time in an efficient way). You can discover it [here](https://cds.climate.copernicus.eu/datasets/reanalysis-era5-single-levels-timeseries?tab=overview)
[2026-06-15T04:00:39.025+0000] {logging_mixin.py:188} WARNING - 2026-06-15 04:00:39,024 INFO Request ID is 6e7e985f-f44e-4a6b-bd63-3eaaa16378fc
[2026-06-15T04:00:39.024+0000] {legacy_client.py:192} INFO - Request ID is 6e7e985f-f44e-4a6b-bd63-3eaaa16378fc
[2026-06-15T04:00:39.962+0000] {logging_mixin.py:188} WARNING - 2026-06-15 04:00:39,962 INFO status has been updated to accepted
[2026-06-15T04:00:39.962+0000] {legacy_client.py:192} INFO - status has been updated to accepted
[2026-06-15T04:00:54.196+0000] {logging_mixin.py:188} WARNING - 2026-06-15 04:00:54,196 INFO status has been updated to running
[2026-06-15T04:00:54.196+0000] {legacy_client.py:192} INFO - status has been updated to running
[2026-06-15T04:01:01.998+0000] {logging_mixin.py:188} WARNING - 2026-06-15 04:01:01,998 INFO status has been updated to successful
[2026-06-15T04:01:01.998+0000] {legacy_client.py:192} INFO - status has been updated to successful
[2026-06-15T04:01:02.416+0000] {base.py:119} INFO - Downloading https://object-store.os-api.cci2.ecmwf.int:443/cci2-prod-cache-2/2026-06-15/697003b2c1cbb883ac1ece7ecd19f063.nc
[2026-06-15T04:01:03.096+0000] {logging_mixin.py:188} WARNING - 697003b2c1cbb883ac1ece7ecd19f063.nc:   0%|          | 0.00/617k [00:00<?, ?B/s]
[2026-06-15T04:01:05.037+0000] {logging_mixin.py:188} WARNING - 697003b2c1cbb883ac1ece7ecd19f063.nc: 100%|##########| 617k/617k [00:01<00:00, 326kB/s]
[2026-06-15T04:01:05.053+0000] {logging_mixin.py:188} WARNING -                                                                                       
[2026-06-15T04:01:05.183+0000] {logging_mixin.py:188} WARNING - 2026-06-15 04:01:05 [INFO] nc downloaded ok: /opt/***/era5/ecmwf/data/nc/_raw/2026/06/10/instant_20260610.nc
[2026-06-15T04:01:05.183+0000] {era5_functions.py:204} INFO - nc downloaded ok: /opt/***/era5/ecmwf/data/nc/_raw/2026/06/10/instant_20260610.nc
[2026-06-15T04:01:05.259+0000] {logging_mixin.py:188} WARNING - 2026-06-15 04:01:05 [INFO] local timestep: 5 — /opt/***/era5/ecmwf/data/nc/_raw/2026/06/10/instant_20260610.nc
[2026-06-15T04:01:05.259+0000] {era5_functions.py:152} INFO - local timestep: 5 — /opt/***/era5/ecmwf/data/nc/_raw/2026/06/10/instant_20260610.nc
[2026-06-15T04:01:05.352+0000] {logging_mixin.py:188} WARNING - 2026-06-15 04:01:05 [INFO] tif outdated (tif=4 < nc=5), removing: /opt/***/era5/ecmwf/data/tif/2026/06/10/t2m_20260610.tif
[2026-06-15T04:01:05.351+0000] {era5_functions.py:261} INFO - tif outdated (tif=4 < nc=5), removing: /opt/***/era5/ecmwf/data/tif/2026/06/10/t2m_20260610.tif
[2026-06-15T04:01:05.444+0000] {logging_mixin.py:188} WARNING - 2026-06-15 04:01:05 [INFO] tif ok (bands=5): /opt/***/era5/ecmwf/data/tif/2026/06/10/t2m_20260610.tif
[2026-06-15T04:01:05.443+0000] {era5_functions.py:304} INFO - tif ok (bands=5): /opt/***/era5/ecmwf/data/tif/2026/06/10/t2m_20260610.tif
[2026-06-15T04:01:05.468+0000] {logging_mixin.py:188} WARNING - 2026-06-15 04:01:05 [INFO] tif outdated (tif=4 < nc=5), removing: /opt/***/era5/ecmwf/data/tif/2026/06/10/d2m_20260610.tif
[2026-06-15T04:01:05.468+0000] {era5_functions.py:261} INFO - tif outdated (tif=4 < nc=5), removing: /opt/***/era5/ecmwf/data/tif/2026/06/10/d2m_20260610.tif
[2026-06-15T04:01:05.570+0000] {logging_mixin.py:188} WARNING - 2026-06-15 04:01:05 [INFO] tif ok (bands=5): /opt/***/era5/ecmwf/data/tif/2026/06/10/d2m_20260610.tif
[2026-06-15T04:01:05.570+0000] {era5_functions.py:304} INFO - tif ok (bands=5): /opt/***/era5/ecmwf/data/tif/2026/06/10/d2m_20260610.tif
[2026-06-15T04:01:05.593+0000] {logging_mixin.py:188} WARNING - 2026-06-15 04:01:05 [INFO] tif outdated (tif=4 < nc=5), removing: /opt/***/era5/ecmwf/data/tif/2026/06/10/sp_20260610.tif
[2026-06-15T04:01:05.593+0000] {era5_functions.py:261} INFO - tif outdated (tif=4 < nc=5), removing: /opt/***/era5/ecmwf/data/tif/2026/06/10/sp_20260610.tif
[2026-06-15T04:01:05.725+0000] {logging_mixin.py:188} WARNING - 2026-06-15 04:01:05 [INFO] tif ok (bands=5): /opt/***/era5/ecmwf/data/tif/2026/06/10/sp_20260610.tif
[2026-06-15T04:01:05.725+0000] {era5_functions.py:304} INFO - tif ok (bands=5): /opt/***/era5/ecmwf/data/tif/2026/06/10/sp_20260610.tif
[2026-06-15T04:01:05.753+0000] {logging_mixin.py:188} WARNING - 2026-06-15 04:01:05 [INFO] tif outdated (tif=4 < nc=5), removing: /opt/***/era5/ecmwf/data/tif/2026/06/10/blh_20260610.tif
[2026-06-15T04:01:05.753+0000] {era5_functions.py:261} INFO - tif outdated (tif=4 < nc=5), removing: /opt/***/era5/ecmwf/data/tif/2026/06/10/blh_20260610.tif
[2026-06-15T04:01:05.845+0000] {logging_mixin.py:188} WARNING - 2026-06-15 04:01:05 [INFO] tif ok (bands=5): /opt/***/era5/ecmwf/data/tif/2026/06/10/blh_20260610.tif
[2026-06-15T04:01:05.845+0000] {era5_functions.py:304} INFO - tif ok (bands=5): /opt/***/era5/ecmwf/data/tif/2026/06/10/blh_20260610.tif
[2026-06-15T04:01:05.871+0000] {logging_mixin.py:188} WARNING - 2026-06-15 04:01:05 [INFO] tif outdated (tif=4 < nc=5), removing: /opt/***/era5/ecmwf/data/tif/2026/06/10/u10_20260610.tif
[2026-06-15T04:01:05.871+0000] {era5_functions.py:261} INFO - tif outdated (tif=4 < nc=5), removing: /opt/***/era5/ecmwf/data/tif/2026/06/10/u10_20260610.tif
[2026-06-15T04:01:05.992+0000] {logging_mixin.py:188} WARNING - 2026-06-15 04:01:05 [INFO] tif ok (bands=5): /opt/***/era5/ecmwf/data/tif/2026/06/10/u10_20260610.tif
[2026-06-15T04:01:05.991+0000] {era5_functions.py:304} INFO - tif ok (bands=5): /opt/***/era5/ecmwf/data/tif/2026/06/10/u10_20260610.tif
[2026-06-15T04:01:06.019+0000] {logging_mixin.py:188} WARNING - 2026-06-15 04:01:06 [INFO] tif outdated (tif=4 < nc=5), removing: /opt/***/era5/ecmwf/data/tif/2026/06/10/v10_20260610.tif
[2026-06-15T04:01:06.018+0000] {era5_functions.py:261} INFO - tif outdated (tif=4 < nc=5), removing: /opt/***/era5/ecmwf/data/tif/2026/06/10/v10_20260610.tif
[2026-06-15T04:01:06.138+0000] {logging_mixin.py:188} WARNING - 2026-06-15 04:01:06 [INFO] tif ok (bands=5): /opt/***/era5/ecmwf/data/tif/2026/06/10/v10_20260610.tif
[2026-06-15T04:01:06.138+0000] {era5_functions.py:304} INFO - tif ok (bands=5): /opt/***/era5/ecmwf/data/tif/2026/06/10/v10_20260610.tif
[2026-06-15T04:01:06.144+0000] {logging_mixin.py:188} WARNING - 2026-06-15 04:01:06 [INFO] === END job=instant date=2026-06-15 ===
[2026-06-15T04:01:06.144+0000] {era5_functions.py:379} INFO - === END job=instant date=2026-06-15 ===
[2026-06-15T04:01:06.146+0000] {python.py:237} INFO - Done. Returned value was: None
[2026-06-15T04:01:06.147+0000] {taskinstance.py:441} INFO - ::group::Post task execution logs
[2026-06-15T04:01:06.163+0000] {taskinstance.py:1206} INFO - Marking task as SUCCESS. dag_id=era5_download_pipeline, task_id=era5_instant, run_id=scheduled__2026-06-15T03:00:00+00:00, execution_date=20260615T030000, start_date=20260615T040002, end_date=20260615T040106
[2026-06-15T04:01:06.248+0000] {local_task_job_runner.py:240} INFO - Task exited with return code 0
[2026-06-15T04:01:06.282+0000] {taskinstance.py:3498} INFO - 1 downstream tasks scheduled from follow-on schedule check
[2026-06-15T04:01:06.286+0000] {local_task_job_runner.py:222} INFO - ::endgroup::
