[2026-06-05T17:00:02.024+0000] {local_task_job_runner.py:120} INFO - ::group::Pre task execution logs
[2026-06-05T17:00:02.050+0000] {taskinstance.py:2076} INFO - Dependencies all met for dep_context=non-requeueable deps ti=<TaskInstance: era5_download_pipeline.era5_rh scheduled__2026-06-05T16:00:00+00:00 [queued]>
[2026-06-05T17:00:02.060+0000] {taskinstance.py:2076} INFO - Dependencies all met for dep_context=requeueable deps ti=<TaskInstance: era5_download_pipeline.era5_rh scheduled__2026-06-05T16:00:00+00:00 [queued]>
[2026-06-05T17:00:02.062+0000] {taskinstance.py:2306} INFO - Starting attempt 1 of 1
[2026-06-05T17:00:02.084+0000] {taskinstance.py:2330} INFO - Executing <Task(PythonOperator): era5_rh> on 2026-06-05 16:00:00+00:00
[2026-06-05T17:00:02.095+0000] {warnings.py:110} WARNING - /home/***/.local/lib/python3.12/site-packages/***/task/task_runner/standard_task_runner.py:61: DeprecationWarning: This process (pid=63603) is multi-threaded, use of fork() may lead to deadlocks in the child.
  pid = os.fork()

[2026-06-05T17:00:02.097+0000] {standard_task_runner.py:63} INFO - Started process 63607 to run task
[2026-06-05T17:00:02.097+0000] {standard_task_runner.py:90} INFO - Running: ['***', 'tasks', 'run', 'era5_download_pipeline', 'era5_rh', 'scheduled__2026-06-05T16:00:00+00:00', '--job-id', '997', '--raw', '--subdir', 'DAGS_FOLDER/era5_dag.py', '--cfg-path', '/tmp/tmp29gsa96i']
[2026-06-05T17:00:02.101+0000] {standard_task_runner.py:91} INFO - Job 997: Subtask era5_rh
[2026-06-05T17:00:02.197+0000] {task_command.py:426} INFO - Running <TaskInstance: era5_download_pipeline.era5_rh scheduled__2026-06-05T16:00:00+00:00 [running]> on host 01cd476fb21a
[2026-06-05T17:00:02.320+0000] {taskinstance.py:2648} INFO - Exporting env vars: AIRFLOW_CTX_DAG_OWNER='era5' AIRFLOW_CTX_DAG_ID='era5_download_pipeline' AIRFLOW_CTX_TASK_ID='era5_rh' AIRFLOW_CTX_EXECUTION_DATE='2026-06-05T16:00:00+00:00' AIRFLOW_CTX_TRY_NUMBER='1' AIRFLOW_CTX_DAG_RUN_ID='scheduled__2026-06-05T16:00:00+00:00'
[2026-06-05T17:00:02.322+0000] {taskinstance.py:430} INFO - ::endgroup::
[2026-06-05T17:00:02.353+0000] {logging_mixin.py:188} WARNING - 2026-06-05 17:00:02 [WARNING] missing instant nc: /opt/***/era5/ecmwf/data/nc/_raw/2026/06/05/instant_20260605.nc
[2026-06-05T17:00:02.353+0000] {era5_rh.py:208} WARNING - missing instant nc: /opt/***/era5/ecmwf/data/nc/_raw/2026/06/05/instant_20260605.nc
[2026-06-05T17:00:02.360+0000] {logging_mixin.py:188} WARNING - 2026-06-05 17:00:02 [WARNING] missing instant nc: /opt/***/era5/ecmwf/data/nc/_raw/2026/06/04/instant_20260604.nc
[2026-06-05T17:00:02.360+0000] {era5_rh.py:208} WARNING - missing instant nc: /opt/***/era5/ecmwf/data/nc/_raw/2026/06/04/instant_20260604.nc
[2026-06-05T17:00:02.366+0000] {logging_mixin.py:188} WARNING - 2026-06-05 17:00:02 [WARNING] missing instant nc: /opt/***/era5/ecmwf/data/nc/_raw/2026/06/03/instant_20260603.nc
[2026-06-05T17:00:02.366+0000] {era5_rh.py:208} WARNING - missing instant nc: /opt/***/era5/ecmwf/data/nc/_raw/2026/06/03/instant_20260603.nc
[2026-06-05T17:00:02.371+0000] {logging_mixin.py:188} WARNING - 2026-06-05 17:00:02 [WARNING] missing instant nc: /opt/***/era5/ecmwf/data/nc/_raw/2026/06/02/instant_20260602.nc
[2026-06-05T17:00:02.371+0000] {era5_rh.py:208} WARNING - missing instant nc: /opt/***/era5/ecmwf/data/nc/_raw/2026/06/02/instant_20260602.nc
[2026-06-05T17:00:02.376+0000] {logging_mixin.py:188} WARNING - 2026-06-05 17:00:02 [WARNING] missing instant nc: /opt/***/era5/ecmwf/data/nc/_raw/2026/06/01/instant_20260601.nc
[2026-06-05T17:00:02.376+0000] {era5_rh.py:208} WARNING - missing instant nc: /opt/***/era5/ecmwf/data/nc/_raw/2026/06/01/instant_20260601.nc
[2026-06-05T17:00:02.389+0000] {logging_mixin.py:188} WARNING - 2026-06-05 17:00:02 [INFO] RH nc exists: /opt/***/era5/ecmwf/data/nc/rh/2026/05/31/rh_20260531.nc
[2026-06-05T17:00:02.388+0000] {era5_rh.py:69} INFO - RH nc exists: /opt/***/era5/ecmwf/data/nc/rh/2026/05/31/rh_20260531.nc
[2026-06-05T17:00:02.826+0000] {logging_mixin.py:188} WARNING - 2026-06-05 17:00:02 [INFO] RH tif created: /opt/***/era5/ecmwf/data/tif/2026/05/31/rh_20260531.tif
[2026-06-05T17:00:02.825+0000] {era5_rh.py:183} INFO - RH tif created: /opt/***/era5/ecmwf/data/tif/2026/05/31/rh_20260531.tif
[2026-06-05T17:00:02.832+0000] {python.py:237} INFO - Done. Returned value was: None
[2026-06-05T17:00:02.833+0000] {taskinstance.py:441} INFO - ::group::Post task execution logs
[2026-06-05T17:00:02.848+0000] {taskinstance.py:1206} INFO - Marking task as SUCCESS. dag_id=era5_download_pipeline, task_id=era5_rh, run_id=scheduled__2026-06-05T16:00:00+00:00, execution_date=20260605T160000, start_date=20260605T170002, end_date=20260605T170002
[2026-06-05T17:00:02.916+0000] {local_task_job_runner.py:240} INFO - Task exited with return code 0
[2026-06-05T17:00:02.939+0000] {taskinstance.py:3498} INFO - 0 downstream tasks scheduled from follow-on schedule check
[2026-06-05T17:00:02.943+0000] {local_task_job_runner.py:222} INFO - ::endgroup::
