[2026-06-12T17:00:01.671+0000] {local_task_job_runner.py:120} INFO - ::group::Pre task execution logs
[2026-06-12T17:00:01.700+0000] {taskinstance.py:2076} INFO - Dependencies all met for dep_context=non-requeueable deps ti=<TaskInstance: era5_download_pipeline.era5_instant scheduled__2026-06-12T16:00:00+00:00 [queued]>
[2026-06-12T17:00:01.712+0000] {taskinstance.py:2076} INFO - Dependencies all met for dep_context=requeueable deps ti=<TaskInstance: era5_download_pipeline.era5_instant scheduled__2026-06-12T16:00:00+00:00 [queued]>
[2026-06-12T17:00:01.713+0000] {taskinstance.py:2306} INFO - Starting attempt 1 of 1
[2026-06-12T17:00:01.730+0000] {taskinstance.py:2330} INFO - Executing <Task(PythonOperator): era5_instant> on 2026-06-12 16:00:00+00:00
[2026-06-12T17:00:01.742+0000] {warnings.py:110} WARNING - /home/***/.local/lib/python3.12/site-packages/***/task/task_runner/standard_task_runner.py:61: DeprecationWarning: This process (pid=25915) is multi-threaded, use of fork() may lead to deadlocks in the child.
  pid = os.fork()

[2026-06-12T17:00:01.746+0000] {standard_task_runner.py:63} INFO - Started process 25918 to run task
[2026-06-12T17:00:01.745+0000] {standard_task_runner.py:90} INFO - Running: ['***', 'tasks', 'run', 'era5_download_pipeline', 'era5_instant', 'scheduled__2026-06-12T16:00:00+00:00', '--job-id', '1422', '--raw', '--subdir', 'DAGS_FOLDER/era5_dag.py', '--cfg-path', '/tmp/tmpdda1kkqf']
[2026-06-12T17:00:01.749+0000] {standard_task_runner.py:91} INFO - Job 1422: Subtask era5_instant
[2026-06-12T17:00:01.826+0000] {task_command.py:426} INFO - Running <TaskInstance: era5_download_pipeline.era5_instant scheduled__2026-06-12T16:00:00+00:00 [running]> on host 01cd476fb21a
[2026-06-12T17:00:01.970+0000] {taskinstance.py:2648} INFO - Exporting env vars: AIRFLOW_CTX_DAG_OWNER='era5' AIRFLOW_CTX_DAG_ID='era5_download_pipeline' AIRFLOW_CTX_TASK_ID='era5_instant' AIRFLOW_CTX_EXECUTION_DATE='2026-06-12T16:00:00+00:00' AIRFLOW_CTX_TRY_NUMBER='1' AIRFLOW_CTX_DAG_RUN_ID='scheduled__2026-06-12T16:00:00+00:00'
[2026-06-12T17:00:01.972+0000] {taskinstance.py:430} INFO - ::endgroup::
[2026-06-12T17:00:03.033+0000] {logging_mixin.py:188} WARNING - 2026-06-12 17:00:03,033 INFO [2026-06-11T00:00:00Z] Upcoming essential maintenance sessions on Data Stores underlying infrastructure on 15 June. Service disruption expected. For further details, please [visit our forum announcement](https://forum.ecmwf.int/t/upcoming-essential-maintenance-sessions-on-data-stores-underlying-infrastructure-part-2/150414).
[2026-06-12T17:00:03.033+0000] {legacy_client.py:192} INFO - [2026-06-11T00:00:00Z] Upcoming essential maintenance sessions on Data Stores underlying infrastructure on 15 June. Service disruption expected. For further details, please [visit our forum announcement](https://forum.ecmwf.int/t/upcoming-essential-maintenance-sessions-on-data-stores-underlying-infrastructure-part-2/150414).
[2026-06-12T17:00:03.039+0000] {logging_mixin.py:188} WARNING - 2026-06-12 17:00:03 [INFO] === START job=instant date=2026-06-12 ===
[2026-06-12T17:00:03.039+0000] {era5_functions.py:368} INFO - === START job=instant date=2026-06-12 ===
[2026-06-12T17:00:03.042+0000] {logging_mixin.py:188} WARNING - 2026-06-12 17:00:03 [INFO] --- job=instant date=20260612 ---
[2026-06-12T17:00:03.041+0000] {era5_functions.py:330} INFO - --- job=instant date=20260612 ---
[2026-06-12T17:00:03.739+0000] {logging_mixin.py:188} WARNING - 2026-06-12 17:00:03 [WARNING] get_cds_count failed: 400 Client Error: Bad Request for url: https://cds.climate.copernicus.eu/api/retrieve/v1/processes/reanalysis-era5-single-levels/execution
invalid request
None of the data you have requested is available yet, please revise the period requested. The latest date available for this dataset is: 2026-06-07 17:00
[2026-06-12T17:00:03.738+0000] {era5_functions.py:131} WARNING - get_cds_count failed: 400 Client Error: Bad Request for url: https://cds.climate.copernicus.eu/api/retrieve/v1/processes/reanalysis-era5-single-levels/execution
invalid request
None of the data you have requested is available yet, please revise the period requested. The latest date available for this dataset is: 2026-06-07 17:00
[2026-06-12T17:00:03.743+0000] {logging_mixin.py:188} WARNING - 2026-06-12 17:00:03 [WARNING] CDS ยังไม่มีข้อมูล job=instant date=20260612, skip
[2026-06-12T17:00:03.743+0000] {era5_functions.py:335} WARNING - CDS ยังไม่มีข้อมูล job=instant date=20260612, skip
[2026-06-12T17:00:03.747+0000] {logging_mixin.py:188} WARNING - 2026-06-12 17:00:03 [INFO] --- job=instant date=20260611 ---
[2026-06-12T17:00:03.746+0000] {era5_functions.py:330} INFO - --- job=instant date=20260611 ---
[2026-06-12T17:00:04.511+0000] {logging_mixin.py:188} WARNING - 2026-06-12 17:00:04 [WARNING] get_cds_count failed: 400 Client Error: Bad Request for url: https://cds.climate.copernicus.eu/api/retrieve/v1/processes/reanalysis-era5-single-levels/execution
invalid request
None of the data you have requested is available yet, please revise the period requested. The latest date available for this dataset is: 2026-06-07 17:00
[2026-06-12T17:00:04.511+0000] {era5_functions.py:131} WARNING - get_cds_count failed: 400 Client Error: Bad Request for url: https://cds.climate.copernicus.eu/api/retrieve/v1/processes/reanalysis-era5-single-levels/execution
invalid request
None of the data you have requested is available yet, please revise the period requested. The latest date available for this dataset is: 2026-06-07 17:00
[2026-06-12T17:00:04.514+0000] {logging_mixin.py:188} WARNING - 2026-06-12 17:00:04 [WARNING] CDS ยังไม่มีข้อมูล job=instant date=20260611, skip
[2026-06-12T17:00:04.514+0000] {era5_functions.py:335} WARNING - CDS ยังไม่มีข้อมูล job=instant date=20260611, skip
[2026-06-12T17:00:04.517+0000] {logging_mixin.py:188} WARNING - 2026-06-12 17:00:04 [INFO] --- job=instant date=20260610 ---
[2026-06-12T17:00:04.517+0000] {era5_functions.py:330} INFO - --- job=instant date=20260610 ---
[2026-06-12T17:00:05.284+0000] {logging_mixin.py:188} WARNING - 2026-06-12 17:00:05 [WARNING] get_cds_count failed: 400 Client Error: Bad Request for url: https://cds.climate.copernicus.eu/api/retrieve/v1/processes/reanalysis-era5-single-levels/execution
invalid request
None of the data you have requested is available yet, please revise the period requested. The latest date available for this dataset is: 2026-06-07 17:00
[2026-06-12T17:00:05.284+0000] {era5_functions.py:131} WARNING - get_cds_count failed: 400 Client Error: Bad Request for url: https://cds.climate.copernicus.eu/api/retrieve/v1/processes/reanalysis-era5-single-levels/execution
invalid request
None of the data you have requested is available yet, please revise the period requested. The latest date available for this dataset is: 2026-06-07 17:00
[2026-06-12T17:00:05.290+0000] {logging_mixin.py:188} WARNING - 2026-06-12 17:00:05 [WARNING] CDS ยังไม่มีข้อมูล job=instant date=20260610, skip
[2026-06-12T17:00:05.289+0000] {era5_functions.py:335} WARNING - CDS ยังไม่มีข้อมูล job=instant date=20260610, skip
[2026-06-12T17:00:05.294+0000] {logging_mixin.py:188} WARNING - 2026-06-12 17:00:05 [INFO] --- job=instant date=20260609 ---
[2026-06-12T17:00:05.294+0000] {era5_functions.py:330} INFO - --- job=instant date=20260609 ---
[2026-06-12T17:00:07.530+0000] {logging_mixin.py:188} WARNING - 2026-06-12 17:00:07 [WARNING] get_cds_count failed: 400 Client Error: Bad Request for url: https://cds.climate.copernicus.eu/api/retrieve/v1/processes/reanalysis-era5-single-levels/execution
invalid request
None of the data you have requested is available yet, please revise the period requested. The latest date available for this dataset is: 2026-06-07 17:00
[2026-06-12T17:00:07.530+0000] {era5_functions.py:131} WARNING - get_cds_count failed: 400 Client Error: Bad Request for url: https://cds.climate.copernicus.eu/api/retrieve/v1/processes/reanalysis-era5-single-levels/execution
invalid request
None of the data you have requested is available yet, please revise the period requested. The latest date available for this dataset is: 2026-06-07 17:00
[2026-06-12T17:00:07.535+0000] {logging_mixin.py:188} WARNING - 2026-06-12 17:00:07 [WARNING] CDS ยังไม่มีข้อมูล job=instant date=20260609, skip
[2026-06-12T17:00:07.535+0000] {era5_functions.py:335} WARNING - CDS ยังไม่มีข้อมูล job=instant date=20260609, skip
[2026-06-12T17:00:07.539+0000] {logging_mixin.py:188} WARNING - 2026-06-12 17:00:07 [INFO] --- job=instant date=20260608 ---
[2026-06-12T17:00:07.538+0000] {era5_functions.py:330} INFO - --- job=instant date=20260608 ---
[2026-06-12T17:00:09.188+0000] {logging_mixin.py:188} WARNING - 2026-06-12 17:00:09 [WARNING] get_cds_count failed: 400 Client Error: Bad Request for url: https://cds.climate.copernicus.eu/api/retrieve/v1/processes/reanalysis-era5-single-levels/execution
invalid request
None of the data you have requested is available yet, please revise the period requested. The latest date available for this dataset is: 2026-06-07 17:00
[2026-06-12T17:00:09.188+0000] {era5_functions.py:131} WARNING - get_cds_count failed: 400 Client Error: Bad Request for url: https://cds.climate.copernicus.eu/api/retrieve/v1/processes/reanalysis-era5-single-levels/execution
invalid request
None of the data you have requested is available yet, please revise the period requested. The latest date available for this dataset is: 2026-06-07 17:00
[2026-06-12T17:00:09.193+0000] {logging_mixin.py:188} WARNING - 2026-06-12 17:00:09 [WARNING] CDS ยังไม่มีข้อมูล job=instant date=20260608, skip
[2026-06-12T17:00:09.193+0000] {era5_functions.py:335} WARNING - CDS ยังไม่มีข้อมูล job=instant date=20260608, skip
[2026-06-12T17:00:09.198+0000] {logging_mixin.py:188} WARNING - 2026-06-12 17:00:09 [INFO] --- job=instant date=20260607 ---
[2026-06-12T17:00:09.198+0000] {era5_functions.py:330} INFO - --- job=instant date=20260607 ---
[2026-06-12T17:00:09.716+0000] {logging_mixin.py:188} WARNING - 2026-06-12 17:00:09,715 INFO [2025-12-11T00:00:00] Please note that a dedicated catalogue entry for this dataset, post-processed and stored in Analysis Ready Cloud Optimized (ARCO) format (Zarr), is available for optimised time-series retrievals (i.e. for retrieving data from selected variables for a single point over an extended period of time in an efficient way). You can discover it [here](https://cds.climate.copernicus.eu/datasets/reanalysis-era5-single-levels-timeseries?tab=overview)
[2026-06-12T17:00:09.715+0000] {legacy_client.py:192} INFO - [2025-12-11T00:00:00] Please note that a dedicated catalogue entry for this dataset, post-processed and stored in Analysis Ready Cloud Optimized (ARCO) format (Zarr), is available for optimised time-series retrievals (i.e. for retrieving data from selected variables for a single point over an extended period of time in an efficient way). You can discover it [here](https://cds.climate.copernicus.eu/datasets/reanalysis-era5-single-levels-timeseries?tab=overview)
[2026-06-12T17:00:09.719+0000] {logging_mixin.py:188} WARNING - 2026-06-12 17:00:09,718 INFO Request ID is 855a078b-3bf7-461b-ae30-1ced711ec940
[2026-06-12T17:00:09.718+0000] {legacy_client.py:192} INFO - Request ID is 855a078b-3bf7-461b-ae30-1ced711ec940
[2026-06-12T17:00:09.941+0000] {logging_mixin.py:188} WARNING - 2026-06-12 17:00:09,941 INFO status has been updated to accepted
[2026-06-12T17:00:09.941+0000] {legacy_client.py:192} INFO - status has been updated to accepted
[2026-06-12T17:00:32.292+0000] {logging_mixin.py:188} WARNING - 2026-06-12 17:00:32,292 INFO status has been updated to running
[2026-06-12T17:00:32.292+0000] {legacy_client.py:192} INFO - status has been updated to running
[2026-06-12T17:00:45.136+0000] {logging_mixin.py:188} WARNING - 2026-06-12 17:00:45,136 INFO status has been updated to successful
[2026-06-12T17:00:45.136+0000] {legacy_client.py:192} INFO - status has been updated to successful
[2026-06-12T17:00:48.767+0000] {base.py:119} INFO - Downloading https://object-store.os-api.cci2.ecmwf.int:443/cci2-prod-cache-3/2026-06-12/19533c644ce3d8e6ade38a61a70ceaa8.nc
[2026-06-12T17:00:49.471+0000] {logging_mixin.py:188} WARNING - 19533c644ce3d8e6ade38a61a70ceaa8.nc:   0%|          | 0.00/1.95M [00:00<?, ?B/s]
[2026-06-12T17:00:51.252+0000] {logging_mixin.py:188} WARNING - 19533c644ce3d8e6ade38a61a70ceaa8.nc:  51%|#####1    | 1.00M/1.95M [00:01<00:01, 589kB/s]
[2026-06-12T17:00:51.594+0000] {logging_mixin.py:188} WARNING - 19533c644ce3d8e6ade38a61a70ceaa8.nc: 100%|##########| 1.95M/1.95M [00:02<00:00, 1.09MB/s]
[2026-06-12T17:00:51.597+0000] {logging_mixin.py:188} WARNING -                                                                                          
[2026-06-12T17:00:51.860+0000] {logging_mixin.py:188} WARNING - 2026-06-12 17:00:51 [INFO] CDS timestep available: 18
[2026-06-12T17:00:51.860+0000] {era5_functions.py:128} INFO - CDS timestep available: 18
[2026-06-12T17:00:51.975+0000] {logging_mixin.py:188} WARNING - 2026-06-12 17:00:51 [INFO] local timestep: 17 — /opt/***/era5/ecmwf/data/nc/_raw/2026/06/07/instant_20260607.nc
[2026-06-12T17:00:51.975+0000] {era5_functions.py:152} INFO - local timestep: 17 — /opt/***/era5/ecmwf/data/nc/_raw/2026/06/07/instant_20260607.nc
[2026-06-12T17:00:51.983+0000] {logging_mixin.py:188} WARNING - 2026-06-12 17:00:51 [INFO] nc outdated (local=17 < cds=18), removing: /opt/***/era5/ecmwf/data/nc/_raw/2026/06/07/instant_20260607.nc
[2026-06-12T17:00:51.983+0000] {era5_functions.py:193} INFO - nc outdated (local=17 < cds=18), removing: /opt/***/era5/ecmwf/data/nc/_raw/2026/06/07/instant_20260607.nc
[2026-06-12T17:00:52.007+0000] {logging_mixin.py:188} WARNING - 2026-06-12 17:00:52 [INFO] download attempt 1/3: /opt/***/era5/ecmwf/data/nc/_raw/2026/06/07/instant_20260607.nc
[2026-06-12T17:00:52.006+0000] {era5_functions.py:200} INFO - download attempt 1/3: /opt/***/era5/ecmwf/data/nc/_raw/2026/06/07/instant_20260607.nc
[2026-06-12T17:00:52.900+0000] {logging_mixin.py:188} WARNING - 2026-06-12 17:00:52,899 INFO [2025-12-11T00:00:00] Please note that a dedicated catalogue entry for this dataset, post-processed and stored in Analysis Ready Cloud Optimized (ARCO) format (Zarr), is available for optimised time-series retrievals (i.e. for retrieving data from selected variables for a single point over an extended period of time in an efficient way). You can discover it [here](https://cds.climate.copernicus.eu/datasets/reanalysis-era5-single-levels-timeseries?tab=overview)
[2026-06-12T17:00:52.899+0000] {legacy_client.py:192} INFO - [2025-12-11T00:00:00] Please note that a dedicated catalogue entry for this dataset, post-processed and stored in Analysis Ready Cloud Optimized (ARCO) format (Zarr), is available for optimised time-series retrievals (i.e. for retrieving data from selected variables for a single point over an extended period of time in an efficient way). You can discover it [here](https://cds.climate.copernicus.eu/datasets/reanalysis-era5-single-levels-timeseries?tab=overview)
[2026-06-12T17:00:52.905+0000] {logging_mixin.py:188} WARNING - 2026-06-12 17:00:52,905 INFO Request ID is 05e74cde-dd03-4266-b1fc-c0a022e7b471
[2026-06-12T17:00:52.905+0000] {legacy_client.py:192} INFO - Request ID is 05e74cde-dd03-4266-b1fc-c0a022e7b471
[2026-06-12T17:00:53.108+0000] {logging_mixin.py:188} WARNING - 2026-06-12 17:00:53,108 INFO status has been updated to accepted
[2026-06-12T17:00:53.108+0000] {legacy_client.py:192} INFO - status has been updated to accepted
[2026-06-12T17:01:08.198+0000] {logging_mixin.py:188} WARNING - 2026-06-12 17:01:08,198 INFO status has been updated to running
[2026-06-12T17:01:08.198+0000] {legacy_client.py:192} INFO - status has been updated to running
[2026-06-12T17:01:16.016+0000] {logging_mixin.py:188} WARNING - 2026-06-12 17:01:16,015 INFO status has been updated to successful
[2026-06-12T17:01:16.015+0000] {legacy_client.py:192} INFO - status has been updated to successful
[2026-06-12T17:01:16.435+0000] {base.py:119} INFO - Downloading https://object-store.os-api.cci2.ecmwf.int:443/cci2-prod-cache-2/2026-06-12/8235e6f0a8d6a3d396f8e8c3239e2cb1.nc
[2026-06-12T17:01:17.147+0000] {logging_mixin.py:188} WARNING - 8235e6f0a8d6a3d396f8e8c3239e2cb1.nc:   0%|          | 0.00/1.95M [00:00<?, ?B/s]
[2026-06-12T17:01:18.971+0000] {logging_mixin.py:188} WARNING - 8235e6f0a8d6a3d396f8e8c3239e2cb1.nc:  51%|#####1    | 1.00M/1.95M [00:01<00:01, 576kB/s]
[2026-06-12T17:01:19.085+0000] {logging_mixin.py:188} WARNING - 8235e6f0a8d6a3d396f8e8c3239e2cb1.nc: 100%|##########| 1.95M/1.95M [00:01<00:00, 1.25MB/s]
[2026-06-12T17:01:19.101+0000] {logging_mixin.py:188} WARNING -                                                                                          
[2026-06-12T17:01:19.282+0000] {logging_mixin.py:188} WARNING - 2026-06-12 17:01:19 [INFO] nc downloaded ok: /opt/***/era5/ecmwf/data/nc/_raw/2026/06/07/instant_20260607.nc
[2026-06-12T17:01:19.282+0000] {era5_functions.py:204} INFO - nc downloaded ok: /opt/***/era5/ecmwf/data/nc/_raw/2026/06/07/instant_20260607.nc
[2026-06-12T17:01:19.369+0000] {logging_mixin.py:188} WARNING - 2026-06-12 17:01:19 [INFO] local timestep: 18 — /opt/***/era5/ecmwf/data/nc/_raw/2026/06/07/instant_20260607.nc
[2026-06-12T17:01:19.369+0000] {era5_functions.py:152} INFO - local timestep: 18 — /opt/***/era5/ecmwf/data/nc/_raw/2026/06/07/instant_20260607.nc
[2026-06-12T17:01:19.479+0000] {logging_mixin.py:188} WARNING - 2026-06-12 17:01:19 [INFO] tif outdated (tif=17 < nc=18), removing: /opt/***/era5/ecmwf/data/tif/2026/06/07/t2m_20260607.tif
[2026-06-12T17:01:19.479+0000] {era5_functions.py:261} INFO - tif outdated (tif=17 < nc=18), removing: /opt/***/era5/ecmwf/data/tif/2026/06/07/t2m_20260607.tif
[2026-06-12T17:01:19.583+0000] {logging_mixin.py:188} WARNING - 2026-06-12 17:01:19 [INFO] tif ok (bands=18): /opt/***/era5/ecmwf/data/tif/2026/06/07/t2m_20260607.tif
[2026-06-12T17:01:19.582+0000] {era5_functions.py:304} INFO - tif ok (bands=18): /opt/***/era5/ecmwf/data/tif/2026/06/07/t2m_20260607.tif
[2026-06-12T17:01:19.601+0000] {logging_mixin.py:188} WARNING - 2026-06-12 17:01:19 [INFO] tif outdated (tif=17 < nc=18), removing: /opt/***/era5/ecmwf/data/tif/2026/06/07/d2m_20260607.tif
[2026-06-12T17:01:19.601+0000] {era5_functions.py:261} INFO - tif outdated (tif=17 < nc=18), removing: /opt/***/era5/ecmwf/data/tif/2026/06/07/d2m_20260607.tif
[2026-06-12T17:01:19.700+0000] {logging_mixin.py:188} WARNING - 2026-06-12 17:01:19 [INFO] tif ok (bands=18): /opt/***/era5/ecmwf/data/tif/2026/06/07/d2m_20260607.tif
[2026-06-12T17:01:19.700+0000] {era5_functions.py:304} INFO - tif ok (bands=18): /opt/***/era5/ecmwf/data/tif/2026/06/07/d2m_20260607.tif
[2026-06-12T17:01:19.719+0000] {logging_mixin.py:188} WARNING - 2026-06-12 17:01:19 [INFO] tif outdated (tif=17 < nc=18), removing: /opt/***/era5/ecmwf/data/tif/2026/06/07/sp_20260607.tif
[2026-06-12T17:01:19.719+0000] {era5_functions.py:261} INFO - tif outdated (tif=17 < nc=18), removing: /opt/***/era5/ecmwf/data/tif/2026/06/07/sp_20260607.tif
[2026-06-12T17:01:19.859+0000] {logging_mixin.py:188} WARNING - 2026-06-12 17:01:19 [INFO] tif ok (bands=18): /opt/***/era5/ecmwf/data/tif/2026/06/07/sp_20260607.tif
[2026-06-12T17:01:19.859+0000] {era5_functions.py:304} INFO - tif ok (bands=18): /opt/***/era5/ecmwf/data/tif/2026/06/07/sp_20260607.tif
[2026-06-12T17:01:19.886+0000] {logging_mixin.py:188} WARNING - 2026-06-12 17:01:19 [INFO] tif outdated (tif=17 < nc=18), removing: /opt/***/era5/ecmwf/data/tif/2026/06/07/blh_20260607.tif
[2026-06-12T17:01:19.886+0000] {era5_functions.py:261} INFO - tif outdated (tif=17 < nc=18), removing: /opt/***/era5/ecmwf/data/tif/2026/06/07/blh_20260607.tif
[2026-06-12T17:01:20.002+0000] {logging_mixin.py:188} WARNING - 2026-06-12 17:01:20 [INFO] tif ok (bands=18): /opt/***/era5/ecmwf/data/tif/2026/06/07/blh_20260607.tif
[2026-06-12T17:01:20.002+0000] {era5_functions.py:304} INFO - tif ok (bands=18): /opt/***/era5/ecmwf/data/tif/2026/06/07/blh_20260607.tif
[2026-06-12T17:01:20.020+0000] {logging_mixin.py:188} WARNING - 2026-06-12 17:01:20 [INFO] tif outdated (tif=17 < nc=18), removing: /opt/***/era5/ecmwf/data/tif/2026/06/07/u10_20260607.tif
[2026-06-12T17:01:20.020+0000] {era5_functions.py:261} INFO - tif outdated (tif=17 < nc=18), removing: /opt/***/era5/ecmwf/data/tif/2026/06/07/u10_20260607.tif
[2026-06-12T17:01:20.124+0000] {logging_mixin.py:188} WARNING - 2026-06-12 17:01:20 [INFO] tif ok (bands=18): /opt/***/era5/ecmwf/data/tif/2026/06/07/u10_20260607.tif
[2026-06-12T17:01:20.124+0000] {era5_functions.py:304} INFO - tif ok (bands=18): /opt/***/era5/ecmwf/data/tif/2026/06/07/u10_20260607.tif
[2026-06-12T17:01:20.140+0000] {logging_mixin.py:188} WARNING - 2026-06-12 17:01:20 [INFO] tif outdated (tif=17 < nc=18), removing: /opt/***/era5/ecmwf/data/tif/2026/06/07/v10_20260607.tif
[2026-06-12T17:01:20.140+0000] {era5_functions.py:261} INFO - tif outdated (tif=17 < nc=18), removing: /opt/***/era5/ecmwf/data/tif/2026/06/07/v10_20260607.tif
[2026-06-12T17:01:20.247+0000] {logging_mixin.py:188} WARNING - 2026-06-12 17:01:20 [INFO] tif ok (bands=18): /opt/***/era5/ecmwf/data/tif/2026/06/07/v10_20260607.tif
[2026-06-12T17:01:20.247+0000] {era5_functions.py:304} INFO - tif ok (bands=18): /opt/***/era5/ecmwf/data/tif/2026/06/07/v10_20260607.tif
[2026-06-12T17:01:20.253+0000] {logging_mixin.py:188} WARNING - 2026-06-12 17:01:20 [INFO] === END job=instant date=2026-06-12 ===
[2026-06-12T17:01:20.252+0000] {era5_functions.py:379} INFO - === END job=instant date=2026-06-12 ===
[2026-06-12T17:01:20.254+0000] {python.py:237} INFO - Done. Returned value was: None
[2026-06-12T17:01:20.255+0000] {taskinstance.py:441} INFO - ::group::Post task execution logs
[2026-06-12T17:01:20.271+0000] {taskinstance.py:1206} INFO - Marking task as SUCCESS. dag_id=era5_download_pipeline, task_id=era5_instant, run_id=scheduled__2026-06-12T16:00:00+00:00, execution_date=20260612T160000, start_date=20260612T170001, end_date=20260612T170120
[2026-06-12T17:01:20.333+0000] {local_task_job_runner.py:240} INFO - Task exited with return code 0
[2026-06-12T17:01:20.351+0000] {local_task_job_runner.py:222} INFO - ::endgroup::
