[2026-06-20T23:01:29.885+0000] {local_task_job_runner.py:120} INFO - ::group::Pre task execution logs
[2026-06-20T23:01:29.914+0000] {taskinstance.py:2076} INFO - Dependencies all met for dep_context=non-requeueable deps ti=<TaskInstance: era5_download_pipeline.era5_accum scheduled__2026-06-20T22:00:00+00:00 [queued]>
[2026-06-20T23:01:29.925+0000] {taskinstance.py:2076} INFO - Dependencies all met for dep_context=requeueable deps ti=<TaskInstance: era5_download_pipeline.era5_accum scheduled__2026-06-20T22:00:00+00:00 [queued]>
[2026-06-20T23:01:29.926+0000] {taskinstance.py:2306} INFO - Starting attempt 1 of 1
[2026-06-20T23:01:29.946+0000] {taskinstance.py:2330} INFO - Executing <Task(PythonOperator): era5_accum> on 2026-06-20 22:00:00+00:00
[2026-06-20T23:01:29.960+0000] {warnings.py:110} WARNING - /home/***/.local/lib/python3.12/site-packages/***/task/task_runner/standard_task_runner.py:61: DeprecationWarning: This process (pid=178663) is multi-threaded, use of fork() may lead to deadlocks in the child.
  pid = os.fork()

[2026-06-20T23:01:29.963+0000] {standard_task_runner.py:63} INFO - Started process 178665 to run task
[2026-06-20T23:01:29.962+0000] {standard_task_runner.py:90} INFO - Running: ['***', 'tasks', 'run', 'era5_download_pipeline', 'era5_accum', 'scheduled__2026-06-20T22:00:00+00:00', '--job-id', '2023', '--raw', '--subdir', 'DAGS_FOLDER/era5_dag.py', '--cfg-path', '/tmp/tmpkw6tu8ck']
[2026-06-20T23:01:29.966+0000] {standard_task_runner.py:91} INFO - Job 2023: Subtask era5_accum
[2026-06-20T23:01:30.054+0000] {task_command.py:426} INFO - Running <TaskInstance: era5_download_pipeline.era5_accum scheduled__2026-06-20T22:00:00+00:00 [running]> on host 01cd476fb21a
[2026-06-20T23:01:30.172+0000] {taskinstance.py:2648} INFO - Exporting env vars: AIRFLOW_CTX_DAG_OWNER='era5' AIRFLOW_CTX_DAG_ID='era5_download_pipeline' AIRFLOW_CTX_TASK_ID='era5_accum' AIRFLOW_CTX_EXECUTION_DATE='2026-06-20T22:00:00+00:00' AIRFLOW_CTX_TRY_NUMBER='1' AIRFLOW_CTX_DAG_RUN_ID='scheduled__2026-06-20T22:00:00+00:00'
[2026-06-20T23:01:30.174+0000] {taskinstance.py:430} INFO - ::endgroup::
[2026-06-20T23:01:31.226+0000] {logging_mixin.py:188} WARNING - 2026-06-20 23:01:31 [INFO] === START job=accum date=2026-06-20 ===
[2026-06-20T23:01:31.226+0000] {era5_functions.py:368} INFO - === START job=accum date=2026-06-20 ===
[2026-06-20T23:01:31.228+0000] {logging_mixin.py:188} WARNING - 2026-06-20 23:01:31 [INFO] --- job=accum date=20260620 ---
[2026-06-20T23:01:31.228+0000] {era5_functions.py:330} INFO - --- job=accum date=20260620 ---
[2026-06-20T23:01:31.935+0000] {logging_mixin.py:188} WARNING - 2026-06-20 23:01:31 [WARNING] get_cds_count failed: 400 Client Error: Bad Request for url: https://cds.climate.copernicus.eu/api/retrieve/v1/processes/reanalysis-era5-single-levels/execution
invalid request
None of the data you have requested is available yet, please revise the period requested. The latest date available for this dataset is: 2026-06-15 23:00
[2026-06-20T23:01:31.935+0000] {era5_functions.py:131} WARNING - get_cds_count failed: 400 Client Error: Bad Request for url: https://cds.climate.copernicus.eu/api/retrieve/v1/processes/reanalysis-era5-single-levels/execution
invalid request
None of the data you have requested is available yet, please revise the period requested. The latest date available for this dataset is: 2026-06-15 23:00
[2026-06-20T23:01:31.941+0000] {logging_mixin.py:188} WARNING - 2026-06-20 23:01:31 [WARNING] CDS ยังไม่มีข้อมูล job=accum date=20260620, skip
[2026-06-20T23:01:31.940+0000] {era5_functions.py:335} WARNING - CDS ยังไม่มีข้อมูล job=accum date=20260620, skip
[2026-06-20T23:01:31.944+0000] {logging_mixin.py:188} WARNING - 2026-06-20 23:01:31 [INFO] --- job=accum date=20260619 ---
[2026-06-20T23:01:31.943+0000] {era5_functions.py:330} INFO - --- job=accum date=20260619 ---
[2026-06-20T23:01:32.525+0000] {logging_mixin.py:188} WARNING - 2026-06-20 23:01:32 [WARNING] get_cds_count failed: 400 Client Error: Bad Request for url: https://cds.climate.copernicus.eu/api/retrieve/v1/processes/reanalysis-era5-single-levels/execution
invalid request
None of the data you have requested is available yet, please revise the period requested. The latest date available for this dataset is: 2026-06-15 23:00
[2026-06-20T23:01:32.525+0000] {era5_functions.py:131} WARNING - get_cds_count failed: 400 Client Error: Bad Request for url: https://cds.climate.copernicus.eu/api/retrieve/v1/processes/reanalysis-era5-single-levels/execution
invalid request
None of the data you have requested is available yet, please revise the period requested. The latest date available for this dataset is: 2026-06-15 23:00
[2026-06-20T23:01:32.529+0000] {logging_mixin.py:188} WARNING - 2026-06-20 23:01:32 [WARNING] CDS ยังไม่มีข้อมูล job=accum date=20260619, skip
[2026-06-20T23:01:32.528+0000] {era5_functions.py:335} WARNING - CDS ยังไม่มีข้อมูล job=accum date=20260619, skip
[2026-06-20T23:01:32.530+0000] {logging_mixin.py:188} WARNING - 2026-06-20 23:01:32 [INFO] --- job=accum date=20260618 ---
[2026-06-20T23:01:32.530+0000] {era5_functions.py:330} INFO - --- job=accum date=20260618 ---
[2026-06-20T23:01:33.200+0000] {logging_mixin.py:188} WARNING - 2026-06-20 23:01:33 [WARNING] get_cds_count failed: 400 Client Error: Bad Request for url: https://cds.climate.copernicus.eu/api/retrieve/v1/processes/reanalysis-era5-single-levels/execution
invalid request
None of the data you have requested is available yet, please revise the period requested. The latest date available for this dataset is: 2026-06-15 23:00
[2026-06-20T23:01:33.200+0000] {era5_functions.py:131} WARNING - get_cds_count failed: 400 Client Error: Bad Request for url: https://cds.climate.copernicus.eu/api/retrieve/v1/processes/reanalysis-era5-single-levels/execution
invalid request
None of the data you have requested is available yet, please revise the period requested. The latest date available for this dataset is: 2026-06-15 23:00
[2026-06-20T23:01:33.206+0000] {logging_mixin.py:188} WARNING - 2026-06-20 23:01:33 [WARNING] CDS ยังไม่มีข้อมูล job=accum date=20260618, skip
[2026-06-20T23:01:33.205+0000] {era5_functions.py:335} WARNING - CDS ยังไม่มีข้อมูล job=accum date=20260618, skip
[2026-06-20T23:01:33.210+0000] {logging_mixin.py:188} WARNING - 2026-06-20 23:01:33 [INFO] --- job=accum date=20260617 ---
[2026-06-20T23:01:33.209+0000] {era5_functions.py:330} INFO - --- job=accum date=20260617 ---
[2026-06-20T23:01:34.150+0000] {logging_mixin.py:188} WARNING - 2026-06-20 23:01:34 [WARNING] get_cds_count failed: 400 Client Error: Bad Request for url: https://cds.climate.copernicus.eu/api/retrieve/v1/processes/reanalysis-era5-single-levels/execution
invalid request
None of the data you have requested is available yet, please revise the period requested. The latest date available for this dataset is: 2026-06-15 23:00
[2026-06-20T23:01:34.149+0000] {era5_functions.py:131} WARNING - get_cds_count failed: 400 Client Error: Bad Request for url: https://cds.climate.copernicus.eu/api/retrieve/v1/processes/reanalysis-era5-single-levels/execution
invalid request
None of the data you have requested is available yet, please revise the period requested. The latest date available for this dataset is: 2026-06-15 23:00
[2026-06-20T23:01:34.155+0000] {logging_mixin.py:188} WARNING - 2026-06-20 23:01:34 [WARNING] CDS ยังไม่มีข้อมูล job=accum date=20260617, skip
[2026-06-20T23:01:34.155+0000] {era5_functions.py:335} WARNING - CDS ยังไม่มีข้อมูล job=accum date=20260617, skip
[2026-06-20T23:01:34.160+0000] {logging_mixin.py:188} WARNING - 2026-06-20 23:01:34 [INFO] --- job=accum date=20260616 ---
[2026-06-20T23:01:34.159+0000] {era5_functions.py:330} INFO - --- job=accum date=20260616 ---
[2026-06-20T23:01:34.566+0000] {logging_mixin.py:188} WARNING - 2026-06-20 23:01:34 [WARNING] get_cds_count failed: 400 Client Error: Bad Request for url: https://cds.climate.copernicus.eu/api/retrieve/v1/processes/reanalysis-era5-single-levels/execution
invalid request
None of the data you have requested is available yet, please revise the period requested. The latest date available for this dataset is: 2026-06-15 23:00
[2026-06-20T23:01:34.566+0000] {era5_functions.py:131} WARNING - get_cds_count failed: 400 Client Error: Bad Request for url: https://cds.climate.copernicus.eu/api/retrieve/v1/processes/reanalysis-era5-single-levels/execution
invalid request
None of the data you have requested is available yet, please revise the period requested. The latest date available for this dataset is: 2026-06-15 23:00
[2026-06-20T23:01:34.570+0000] {logging_mixin.py:188} WARNING - 2026-06-20 23:01:34 [WARNING] CDS ยังไม่มีข้อมูล job=accum date=20260616, skip
[2026-06-20T23:01:34.570+0000] {era5_functions.py:335} WARNING - CDS ยังไม่มีข้อมูล job=accum date=20260616, skip
[2026-06-20T23:01:34.574+0000] {logging_mixin.py:188} WARNING - 2026-06-20 23:01:34 [INFO] --- job=accum date=20260615 ---
[2026-06-20T23:01:34.574+0000] {era5_functions.py:330} INFO - --- job=accum date=20260615 ---
[2026-06-20T23:01:35.601+0000] {logging_mixin.py:188} WARNING - 2026-06-20 23:01:35,601 INFO [2025-12-11T00:00:00] Please note that a dedicated catalogue entry for this dataset, post-processed and stored in Analysis Ready Cloud Optimized (ARCO) format (Zarr), is available for optimised time-series retrievals (i.e. for retrieving data from selected variables for a single point over an extended period of time in an efficient way). You can discover it [here](https://cds.climate.copernicus.eu/datasets/reanalysis-era5-single-levels-timeseries?tab=overview)
[2026-06-20T23:01:35.601+0000] {legacy_client.py:192} INFO - [2025-12-11T00:00:00] Please note that a dedicated catalogue entry for this dataset, post-processed and stored in Analysis Ready Cloud Optimized (ARCO) format (Zarr), is available for optimised time-series retrievals (i.e. for retrieving data from selected variables for a single point over an extended period of time in an efficient way). You can discover it [here](https://cds.climate.copernicus.eu/datasets/reanalysis-era5-single-levels-timeseries?tab=overview)
[2026-06-20T23:01:35.608+0000] {logging_mixin.py:188} WARNING - 2026-06-20 23:01:35,607 INFO Request ID is a52c50eb-e82c-4cff-a511-ca3e46edbce6
[2026-06-20T23:01:35.607+0000] {legacy_client.py:192} INFO - Request ID is a52c50eb-e82c-4cff-a511-ca3e46edbce6
[2026-06-20T23:01:35.816+0000] {logging_mixin.py:188} WARNING - 2026-06-20 23:01:35,816 INFO status has been updated to accepted
[2026-06-20T23:01:35.816+0000] {legacy_client.py:192} INFO - status has been updated to accepted
[2026-06-20T23:01:50.274+0000] {logging_mixin.py:188} WARNING - 2026-06-20 23:01:50,274 INFO status has been updated to running
[2026-06-20T23:01:50.274+0000] {legacy_client.py:192} INFO - status has been updated to running
[2026-06-20T23:01:58.085+0000] {logging_mixin.py:188} WARNING - 2026-06-20 23:01:58,085 INFO status has been updated to successful
[2026-06-20T23:01:58.085+0000] {legacy_client.py:192} INFO - status has been updated to successful
[2026-06-20T23:01:58.506+0000] {base.py:119} INFO - Downloading https://object-store.os-api.cci2.ecmwf.int:443/cci2-prod-cache-3/2026-06-20/f2e97e336510b6298d62a9972ed5e5c8.nc
[2026-06-20T23:01:59.491+0000] {logging_mixin.py:188} WARNING - f2e97e336510b6298d62a9972ed5e5c8.nc:   0%|          | 0.00/331k [00:00<?, ?B/s]
[2026-06-20T23:02:00.890+0000] {logging_mixin.py:188} WARNING - f2e97e336510b6298d62a9972ed5e5c8.nc: 100%|##########| 331k/331k [00:01<00:00, 243kB/s]
[2026-06-20T23:02:00.895+0000] {logging_mixin.py:188} WARNING -                                                                                       
[2026-06-20T23:02:01.207+0000] {logging_mixin.py:188} WARNING - 2026-06-20 23:02:01 [INFO] CDS timestep available: 24
[2026-06-20T23:02:01.207+0000] {era5_functions.py:128} INFO - CDS timestep available: 24
[2026-06-20T23:02:01.265+0000] {logging_mixin.py:188} WARNING - 2026-06-20 23:02:01 [INFO] local timestep: 23 — /opt/***/era5/ecmwf/data/nc/_raw/2026/06/15/accum_20260615.nc
[2026-06-20T23:02:01.265+0000] {era5_functions.py:152} INFO - local timestep: 23 — /opt/***/era5/ecmwf/data/nc/_raw/2026/06/15/accum_20260615.nc
[2026-06-20T23:02:01.272+0000] {logging_mixin.py:188} WARNING - 2026-06-20 23:02:01 [INFO] nc outdated (local=23 < cds=24), removing: /opt/***/era5/ecmwf/data/nc/_raw/2026/06/15/accum_20260615.nc
[2026-06-20T23:02:01.272+0000] {era5_functions.py:193} INFO - nc outdated (local=23 < cds=24), removing: /opt/***/era5/ecmwf/data/nc/_raw/2026/06/15/accum_20260615.nc
[2026-06-20T23:02:01.291+0000] {logging_mixin.py:188} WARNING - 2026-06-20 23:02:01 [INFO] download attempt 1/3: /opt/***/era5/ecmwf/data/nc/_raw/2026/06/15/accum_20260615.nc
[2026-06-20T23:02:01.291+0000] {era5_functions.py:200} INFO - download attempt 1/3: /opt/***/era5/ecmwf/data/nc/_raw/2026/06/15/accum_20260615.nc
[2026-06-20T23:02:02.046+0000] {logging_mixin.py:188} WARNING - 2026-06-20 23:02:02,046 INFO [2025-12-11T00:00:00] Please note that a dedicated catalogue entry for this dataset, post-processed and stored in Analysis Ready Cloud Optimized (ARCO) format (Zarr), is available for optimised time-series retrievals (i.e. for retrieving data from selected variables for a single point over an extended period of time in an efficient way). You can discover it [here](https://cds.climate.copernicus.eu/datasets/reanalysis-era5-single-levels-timeseries?tab=overview)
[2026-06-20T23:02:02.046+0000] {legacy_client.py:192} INFO - [2025-12-11T00:00:00] Please note that a dedicated catalogue entry for this dataset, post-processed and stored in Analysis Ready Cloud Optimized (ARCO) format (Zarr), is available for optimised time-series retrievals (i.e. for retrieving data from selected variables for a single point over an extended period of time in an efficient way). You can discover it [here](https://cds.climate.copernicus.eu/datasets/reanalysis-era5-single-levels-timeseries?tab=overview)
[2026-06-20T23:02:02.051+0000] {logging_mixin.py:188} WARNING - 2026-06-20 23:02:02,051 INFO Request ID is 8666bafb-41bf-4171-941c-a516b677cf81
[2026-06-20T23:02:02.051+0000] {legacy_client.py:192} INFO - Request ID is 8666bafb-41bf-4171-941c-a516b677cf81
[2026-06-20T23:02:02.266+0000] {logging_mixin.py:188} WARNING - 2026-06-20 23:02:02,266 INFO status has been updated to accepted
[2026-06-20T23:02:02.266+0000] {legacy_client.py:192} INFO - status has been updated to accepted
[2026-06-20T23:02:24.991+0000] {logging_mixin.py:188} WARNING - 2026-06-20 23:02:24,990 INFO status has been updated to running
[2026-06-20T23:02:24.990+0000] {legacy_client.py:192} INFO - status has been updated to running
[2026-06-20T23:02:36.706+0000] {logging_mixin.py:188} WARNING - 2026-06-20 23:02:36,706 INFO status has been updated to successful
[2026-06-20T23:02:36.706+0000] {legacy_client.py:192} INFO - status has been updated to successful
[2026-06-20T23:02:37.133+0000] {base.py:119} INFO - Downloading https://object-store.os-api.cci2.ecmwf.int:443/cci2-prod-cache-2/2026-06-20/ded0bb335af01fd10d7a02995bf66a5d.nc
[2026-06-20T23:02:38.139+0000] {logging_mixin.py:188} WARNING - ded0bb335af01fd10d7a02995bf66a5d.nc:   0%|          | 0.00/333k [00:00<?, ?B/s]
[2026-06-20T23:02:39.591+0000] {logging_mixin.py:188} WARNING - ded0bb335af01fd10d7a02995bf66a5d.nc: 100%|##########| 333k/333k [00:01<00:00, 235kB/s]
[2026-06-20T23:02:39.606+0000] {logging_mixin.py:188} WARNING -                                                                                       
[2026-06-20T23:02:39.705+0000] {logging_mixin.py:188} WARNING - 2026-06-20 23:02:39 [INFO] nc downloaded ok: /opt/***/era5/ecmwf/data/nc/_raw/2026/06/15/accum_20260615.nc
[2026-06-20T23:02:39.705+0000] {era5_functions.py:204} INFO - nc downloaded ok: /opt/***/era5/ecmwf/data/nc/_raw/2026/06/15/accum_20260615.nc
[2026-06-20T23:02:39.772+0000] {logging_mixin.py:188} WARNING - 2026-06-20 23:02:39 [INFO] local timestep: 24 — /opt/***/era5/ecmwf/data/nc/_raw/2026/06/15/accum_20260615.nc
[2026-06-20T23:02:39.772+0000] {era5_functions.py:152} INFO - local timestep: 24 — /opt/***/era5/ecmwf/data/nc/_raw/2026/06/15/accum_20260615.nc
[2026-06-20T23:02:39.867+0000] {logging_mixin.py:188} WARNING - 2026-06-20 23:02:39 [INFO] tif outdated (tif=23 < nc=24), removing: /opt/***/era5/ecmwf/data/tif/2026/06/15/tp_20260615.tif
[2026-06-20T23:02:39.867+0000] {era5_functions.py:261} INFO - tif outdated (tif=23 < nc=24), removing: /opt/***/era5/ecmwf/data/tif/2026/06/15/tp_20260615.tif
[2026-06-20T23:02:39.967+0000] {logging_mixin.py:188} WARNING - 2026-06-20 23:02:39 [INFO] tif ok (bands=24): /opt/***/era5/ecmwf/data/tif/2026/06/15/tp_20260615.tif
[2026-06-20T23:02:39.966+0000] {era5_functions.py:304} INFO - tif ok (bands=24): /opt/***/era5/ecmwf/data/tif/2026/06/15/tp_20260615.tif
[2026-06-20T23:02:39.972+0000] {logging_mixin.py:188} WARNING - 2026-06-20 23:02:39 [INFO] === END job=accum date=2026-06-20 ===
[2026-06-20T23:02:39.972+0000] {era5_functions.py:379} INFO - === END job=accum date=2026-06-20 ===
[2026-06-20T23:02:39.974+0000] {python.py:237} INFO - Done. Returned value was: None
[2026-06-20T23:02:39.974+0000] {taskinstance.py:441} INFO - ::group::Post task execution logs
[2026-06-20T23:02:39.988+0000] {taskinstance.py:1206} INFO - Marking task as SUCCESS. dag_id=era5_download_pipeline, task_id=era5_accum, run_id=scheduled__2026-06-20T22:00:00+00:00, execution_date=20260620T220000, start_date=20260620T230129, end_date=20260620T230239
[2026-06-20T23:02:40.041+0000] {local_task_job_runner.py:240} INFO - Task exited with return code 0
[2026-06-20T23:02:40.061+0000] {taskinstance.py:3498} INFO - 0 downstream tasks scheduled from follow-on schedule check
[2026-06-20T23:02:40.064+0000] {local_task_job_runner.py:222} INFO - ::endgroup::
