[2026-06-14T02:00:02.087+0000] {local_task_job_runner.py:120} INFO - ::group::Pre task execution logs
[2026-06-14T02:00:02.115+0000] {taskinstance.py:2076} INFO - Dependencies all met for dep_context=non-requeueable deps ti=<TaskInstance: era5_download_pipeline.era5_instant scheduled__2026-06-14T01:00:00+00:00 [queued]>
[2026-06-14T02:00:02.126+0000] {taskinstance.py:2076} INFO - Dependencies all met for dep_context=requeueable deps ti=<TaskInstance: era5_download_pipeline.era5_instant scheduled__2026-06-14T01:00:00+00:00 [queued]>
[2026-06-14T02:00:02.127+0000] {taskinstance.py:2306} INFO - Starting attempt 1 of 1
[2026-06-14T02:00:02.149+0000] {taskinstance.py:2330} INFO - Executing <Task(PythonOperator): era5_instant> on 2026-06-14 01:00:00+00:00
[2026-06-14T02:00:02.163+0000] {warnings.py:110} WARNING - /home/***/.local/lib/python3.12/site-packages/***/task/task_runner/standard_task_runner.py:61: DeprecationWarning: This process (pid=51436) is multi-threaded, use of fork() may lead to deadlocks in the child.
  pid = os.fork()

[2026-06-14T02:00:02.167+0000] {standard_task_runner.py:63} INFO - Started process 51440 to run task
[2026-06-14T02:00:02.167+0000] {standard_task_runner.py:90} INFO - Running: ['***', 'tasks', 'run', 'era5_download_pipeline', 'era5_instant', 'scheduled__2026-06-14T01:00:00+00:00', '--job-id', '1523', '--raw', '--subdir', 'DAGS_FOLDER/era5_dag.py', '--cfg-path', '/tmp/tmp17xavims']
[2026-06-14T02:00:02.172+0000] {standard_task_runner.py:91} INFO - Job 1523: Subtask era5_instant
[2026-06-14T02:00:02.255+0000] {task_command.py:426} INFO - Running <TaskInstance: era5_download_pipeline.era5_instant scheduled__2026-06-14T01:00:00+00:00 [running]> on host 01cd476fb21a
[2026-06-14T02:00:02.399+0000] {taskinstance.py:2648} INFO - Exporting env vars: AIRFLOW_CTX_DAG_OWNER='era5' AIRFLOW_CTX_DAG_ID='era5_download_pipeline' AIRFLOW_CTX_TASK_ID='era5_instant' AIRFLOW_CTX_EXECUTION_DATE='2026-06-14T01:00:00+00:00' AIRFLOW_CTX_TRY_NUMBER='1' AIRFLOW_CTX_DAG_RUN_ID='scheduled__2026-06-14T01:00:00+00:00'
[2026-06-14T02:00:02.402+0000] {taskinstance.py:430} INFO - ::endgroup::
[2026-06-14T02:00:03.448+0000] {logging_mixin.py:188} WARNING - 2026-06-14 02:00:03,448 INFO [2026-06-11T00:00:00Z] Upcoming essential maintenance sessions on Data Stores underlying infrastructure on 15 June. Service disruption expected. For further details, please [visit our forum announcement](https://forum.ecmwf.int/t/upcoming-essential-maintenance-sessions-on-data-stores-underlying-infrastructure-part-2/150414).
[2026-06-14T02:00:03.448+0000] {legacy_client.py:192} INFO - [2026-06-11T00:00:00Z] Upcoming essential maintenance sessions on Data Stores underlying infrastructure on 15 June. Service disruption expected. For further details, please [visit our forum announcement](https://forum.ecmwf.int/t/upcoming-essential-maintenance-sessions-on-data-stores-underlying-infrastructure-part-2/150414).
[2026-06-14T02:00:03.460+0000] {logging_mixin.py:188} WARNING - 2026-06-14 02:00:03 [INFO] === START job=instant date=2026-06-14 ===
[2026-06-14T02:00:03.460+0000] {era5_functions.py:368} INFO - === START job=instant date=2026-06-14 ===
[2026-06-14T02:00:03.464+0000] {logging_mixin.py:188} WARNING - 2026-06-14 02:00:03 [INFO] --- job=instant date=20260614 ---
[2026-06-14T02:00:03.464+0000] {era5_functions.py:330} INFO - --- job=instant date=20260614 ---
[2026-06-14T02:00:04.077+0000] {logging_mixin.py:188} WARNING - 2026-06-14 02:00:04 [WARNING] get_cds_count failed: 400 Client Error: Bad Request for url: https://cds.climate.copernicus.eu/api/retrieve/v1/processes/reanalysis-era5-single-levels/execution
invalid request
None of the data you have requested is available yet, please revise the period requested. The latest date available for this dataset is: 2026-06-09 02:00
[2026-06-14T02:00:04.077+0000] {era5_functions.py:131} WARNING - get_cds_count failed: 400 Client Error: Bad Request for url: https://cds.climate.copernicus.eu/api/retrieve/v1/processes/reanalysis-era5-single-levels/execution
invalid request
None of the data you have requested is available yet, please revise the period requested. The latest date available for this dataset is: 2026-06-09 02:00
[2026-06-14T02:00:04.080+0000] {logging_mixin.py:188} WARNING - 2026-06-14 02:00:04 [WARNING] CDS ยังไม่มีข้อมูล job=instant date=20260614, skip
[2026-06-14T02:00:04.080+0000] {era5_functions.py:335} WARNING - CDS ยังไม่มีข้อมูล job=instant date=20260614, skip
[2026-06-14T02:00:04.082+0000] {logging_mixin.py:188} WARNING - 2026-06-14 02:00:04 [INFO] --- job=instant date=20260613 ---
[2026-06-14T02:00:04.082+0000] {era5_functions.py:330} INFO - --- job=instant date=20260613 ---
[2026-06-14T02:00:04.825+0000] {logging_mixin.py:188} WARNING - 2026-06-14 02:00:04 [WARNING] get_cds_count failed: 400 Client Error: Bad Request for url: https://cds.climate.copernicus.eu/api/retrieve/v1/processes/reanalysis-era5-single-levels/execution
invalid request
None of the data you have requested is available yet, please revise the period requested. The latest date available for this dataset is: 2026-06-09 02:00
[2026-06-14T02:00:04.825+0000] {era5_functions.py:131} WARNING - get_cds_count failed: 400 Client Error: Bad Request for url: https://cds.climate.copernicus.eu/api/retrieve/v1/processes/reanalysis-era5-single-levels/execution
invalid request
None of the data you have requested is available yet, please revise the period requested. The latest date available for this dataset is: 2026-06-09 02:00
[2026-06-14T02:00:04.829+0000] {logging_mixin.py:188} WARNING - 2026-06-14 02:00:04 [WARNING] CDS ยังไม่มีข้อมูล job=instant date=20260613, skip
[2026-06-14T02:00:04.829+0000] {era5_functions.py:335} WARNING - CDS ยังไม่มีข้อมูล job=instant date=20260613, skip
[2026-06-14T02:00:04.833+0000] {logging_mixin.py:188} WARNING - 2026-06-14 02:00:04 [INFO] --- job=instant date=20260612 ---
[2026-06-14T02:00:04.832+0000] {era5_functions.py:330} INFO - --- job=instant date=20260612 ---
[2026-06-14T02:00:05.817+0000] {logging_mixin.py:188} WARNING - 2026-06-14 02:00:05 [WARNING] get_cds_count failed: 400 Client Error: Bad Request for url: https://cds.climate.copernicus.eu/api/retrieve/v1/processes/reanalysis-era5-single-levels/execution
invalid request
None of the data you have requested is available yet, please revise the period requested. The latest date available for this dataset is: 2026-06-09 02:00
[2026-06-14T02:00:05.816+0000] {era5_functions.py:131} WARNING - get_cds_count failed: 400 Client Error: Bad Request for url: https://cds.climate.copernicus.eu/api/retrieve/v1/processes/reanalysis-era5-single-levels/execution
invalid request
None of the data you have requested is available yet, please revise the period requested. The latest date available for this dataset is: 2026-06-09 02:00
[2026-06-14T02:00:05.822+0000] {logging_mixin.py:188} WARNING - 2026-06-14 02:00:05 [WARNING] CDS ยังไม่มีข้อมูล job=instant date=20260612, skip
[2026-06-14T02:00:05.822+0000] {era5_functions.py:335} WARNING - CDS ยังไม่มีข้อมูล job=instant date=20260612, skip
[2026-06-14T02:00:05.826+0000] {logging_mixin.py:188} WARNING - 2026-06-14 02:00:05 [INFO] --- job=instant date=20260611 ---
[2026-06-14T02:00:05.826+0000] {era5_functions.py:330} INFO - --- job=instant date=20260611 ---
[2026-06-14T02:00:08.259+0000] {logging_mixin.py:188} WARNING - 2026-06-14 02:00:08 [WARNING] get_cds_count failed: 400 Client Error: Bad Request for url: https://cds.climate.copernicus.eu/api/retrieve/v1/processes/reanalysis-era5-single-levels/execution
invalid request
None of the data you have requested is available yet, please revise the period requested. The latest date available for this dataset is: 2026-06-09 02:00
[2026-06-14T02:00:08.258+0000] {era5_functions.py:131} WARNING - get_cds_count failed: 400 Client Error: Bad Request for url: https://cds.climate.copernicus.eu/api/retrieve/v1/processes/reanalysis-era5-single-levels/execution
invalid request
None of the data you have requested is available yet, please revise the period requested. The latest date available for this dataset is: 2026-06-09 02:00
[2026-06-14T02:00:08.265+0000] {logging_mixin.py:188} WARNING - 2026-06-14 02:00:08 [WARNING] CDS ยังไม่มีข้อมูล job=instant date=20260611, skip
[2026-06-14T02:00:08.265+0000] {era5_functions.py:335} WARNING - CDS ยังไม่มีข้อมูล job=instant date=20260611, skip
[2026-06-14T02:00:08.270+0000] {logging_mixin.py:188} WARNING - 2026-06-14 02:00:08 [INFO] --- job=instant date=20260610 ---
[2026-06-14T02:00:08.270+0000] {era5_functions.py:330} INFO - --- job=instant date=20260610 ---
[2026-06-14T02:00:11.946+0000] {logging_mixin.py:188} WARNING - 2026-06-14 02:00:11 [WARNING] get_cds_count failed: 400 Client Error: Bad Request for url: https://cds.climate.copernicus.eu/api/retrieve/v1/processes/reanalysis-era5-single-levels/execution
invalid request
None of the data you have requested is available yet, please revise the period requested. The latest date available for this dataset is: 2026-06-09 02:00
[2026-06-14T02:00:11.946+0000] {era5_functions.py:131} WARNING - get_cds_count failed: 400 Client Error: Bad Request for url: https://cds.climate.copernicus.eu/api/retrieve/v1/processes/reanalysis-era5-single-levels/execution
invalid request
None of the data you have requested is available yet, please revise the period requested. The latest date available for this dataset is: 2026-06-09 02:00
[2026-06-14T02:00:11.951+0000] {logging_mixin.py:188} WARNING - 2026-06-14 02:00:11 [WARNING] CDS ยังไม่มีข้อมูล job=instant date=20260610, skip
[2026-06-14T02:00:11.951+0000] {era5_functions.py:335} WARNING - CDS ยังไม่มีข้อมูล job=instant date=20260610, skip
[2026-06-14T02:00:11.956+0000] {logging_mixin.py:188} WARNING - 2026-06-14 02:00:11 [INFO] --- job=instant date=20260609 ---
[2026-06-14T02:00:11.956+0000] {era5_functions.py:330} INFO - --- job=instant date=20260609 ---
[2026-06-14T02:00:12.632+0000] {logging_mixin.py:188} WARNING - 2026-06-14 02:00:12,631 INFO [2025-12-11T00:00:00] Please note that a dedicated catalogue entry for this dataset, post-processed and stored in Analysis Ready Cloud Optimized (ARCO) format (Zarr), is available for optimised time-series retrievals (i.e. for retrieving data from selected variables for a single point over an extended period of time in an efficient way). You can discover it [here](https://cds.climate.copernicus.eu/datasets/reanalysis-era5-single-levels-timeseries?tab=overview)
[2026-06-14T02:00:12.631+0000] {legacy_client.py:192} INFO - [2025-12-11T00:00:00] Please note that a dedicated catalogue entry for this dataset, post-processed and stored in Analysis Ready Cloud Optimized (ARCO) format (Zarr), is available for optimised time-series retrievals (i.e. for retrieving data from selected variables for a single point over an extended period of time in an efficient way). You can discover it [here](https://cds.climate.copernicus.eu/datasets/reanalysis-era5-single-levels-timeseries?tab=overview)
[2026-06-14T02:00:12.637+0000] {logging_mixin.py:188} WARNING - 2026-06-14 02:00:12,636 INFO Request ID is c0870cb9-e1cb-4835-9955-ba90bd48c02f
[2026-06-14T02:00:12.636+0000] {legacy_client.py:192} INFO - Request ID is c0870cb9-e1cb-4835-9955-ba90bd48c02f
[2026-06-14T02:00:12.860+0000] {logging_mixin.py:188} WARNING - 2026-06-14 02:00:12,860 INFO status has been updated to accepted
[2026-06-14T02:00:12.860+0000] {legacy_client.py:192} INFO - status has been updated to accepted
[2026-06-14T02:00:27.584+0000] {logging_mixin.py:188} WARNING - 2026-06-14 02:00:27,584 INFO status has been updated to running
[2026-06-14T02:00:27.584+0000] {legacy_client.py:192} INFO - status has been updated to running
[2026-06-14T02:00:35.382+0000] {logging_mixin.py:188} WARNING - 2026-06-14 02:00:35,382 INFO status has been updated to successful
[2026-06-14T02:00:35.382+0000] {legacy_client.py:192} INFO - status has been updated to successful
[2026-06-14T02:00:36.676+0000] {base.py:119} INFO - Downloading https://object-store.os-api.cci2.ecmwf.int:443/cci2-prod-cache-3/2026-06-14/6c548fe12ddb2952268f70c949fabedd.nc
[2026-06-14T02:00:37.344+0000] {logging_mixin.py:188} WARNING - 6c548fe12ddb2952268f70c949fabedd.nc:   0%|          | 0.00/403k [00:00<?, ?B/s]
[2026-06-14T02:00:38.749+0000] {logging_mixin.py:188} WARNING - 6c548fe12ddb2952268f70c949fabedd.nc: 100%|##########| 403k/403k [00:01<00:00, 294kB/s]
[2026-06-14T02:00:38.753+0000] {logging_mixin.py:188} WARNING -                                                                                       
[2026-06-14T02:00:39.033+0000] {logging_mixin.py:188} WARNING - 2026-06-14 02:00:39 [INFO] CDS timestep available: 3
[2026-06-14T02:00:39.033+0000] {era5_functions.py:128} INFO - CDS timestep available: 3
[2026-06-14T02:00:39.107+0000] {logging_mixin.py:188} WARNING - 2026-06-14 02:00:39 [INFO] local timestep: 2 — /opt/***/era5/ecmwf/data/nc/_raw/2026/06/09/instant_20260609.nc
[2026-06-14T02:00:39.106+0000] {era5_functions.py:152} INFO - local timestep: 2 — /opt/***/era5/ecmwf/data/nc/_raw/2026/06/09/instant_20260609.nc
[2026-06-14T02:00:39.114+0000] {logging_mixin.py:188} WARNING - 2026-06-14 02:00:39 [INFO] nc outdated (local=2 < cds=3), removing: /opt/***/era5/ecmwf/data/nc/_raw/2026/06/09/instant_20260609.nc
[2026-06-14T02:00:39.114+0000] {era5_functions.py:193} INFO - nc outdated (local=2 < cds=3), removing: /opt/***/era5/ecmwf/data/nc/_raw/2026/06/09/instant_20260609.nc
[2026-06-14T02:00:39.154+0000] {logging_mixin.py:188} WARNING - 2026-06-14 02:00:39 [INFO] download attempt 1/3: /opt/***/era5/ecmwf/data/nc/_raw/2026/06/09/instant_20260609.nc
[2026-06-14T02:00:39.154+0000] {era5_functions.py:200} INFO - download attempt 1/3: /opt/***/era5/ecmwf/data/nc/_raw/2026/06/09/instant_20260609.nc
[2026-06-14T02:00:40.150+0000] {logging_mixin.py:188} WARNING - 2026-06-14 02:00:40,150 INFO [2025-12-11T00:00:00] Please note that a dedicated catalogue entry for this dataset, post-processed and stored in Analysis Ready Cloud Optimized (ARCO) format (Zarr), is available for optimised time-series retrievals (i.e. for retrieving data from selected variables for a single point over an extended period of time in an efficient way). You can discover it [here](https://cds.climate.copernicus.eu/datasets/reanalysis-era5-single-levels-timeseries?tab=overview)
[2026-06-14T02:00:40.150+0000] {legacy_client.py:192} INFO - [2025-12-11T00:00:00] Please note that a dedicated catalogue entry for this dataset, post-processed and stored in Analysis Ready Cloud Optimized (ARCO) format (Zarr), is available for optimised time-series retrievals (i.e. for retrieving data from selected variables for a single point over an extended period of time in an efficient way). You can discover it [here](https://cds.climate.copernicus.eu/datasets/reanalysis-era5-single-levels-timeseries?tab=overview)
[2026-06-14T02:00:40.156+0000] {logging_mixin.py:188} WARNING - 2026-06-14 02:00:40,156 INFO Request ID is aa0d8b34-6364-4316-b628-ff2ea72cef2a
[2026-06-14T02:00:40.156+0000] {legacy_client.py:192} INFO - Request ID is aa0d8b34-6364-4316-b628-ff2ea72cef2a
[2026-06-14T02:00:40.368+0000] {logging_mixin.py:188} WARNING - 2026-06-14 02:00:40,368 INFO status has been updated to accepted
[2026-06-14T02:00:40.368+0000] {legacy_client.py:192} INFO - status has been updated to accepted
[2026-06-14T02:01:04.686+0000] {logging_mixin.py:188} WARNING - 2026-06-14 02:01:04,686 INFO status has been updated to running
[2026-06-14T02:01:04.686+0000] {legacy_client.py:192} INFO - status has been updated to running
[2026-06-14T02:01:16.282+0000] {logging_mixin.py:188} WARNING - 2026-06-14 02:01:16,282 INFO status has been updated to successful
[2026-06-14T02:01:16.282+0000] {legacy_client.py:192} INFO - status has been updated to successful
[2026-06-14T02:01:18.120+0000] {base.py:119} INFO - Downloading https://object-store.os-api.cci2.ecmwf.int:443/cci2-prod-cache-2/2026-06-14/ab4d53a557ef74f8f38ccf30ca8333b0.nc
[2026-06-14T02:01:18.826+0000] {logging_mixin.py:188} WARNING - ab4d53a557ef74f8f38ccf30ca8333b0.nc:   0%|          | 0.00/403k [00:00<?, ?B/s]
[2026-06-14T02:01:20.213+0000] {logging_mixin.py:188} WARNING - ab4d53a557ef74f8f38ccf30ca8333b0.nc: 100%|##########| 403k/403k [00:01<00:00, 298kB/s]
[2026-06-14T02:01:20.231+0000] {logging_mixin.py:188} WARNING -                                                                                       
[2026-06-14T02:01:20.361+0000] {logging_mixin.py:188} WARNING - 2026-06-14 02:01:20 [INFO] nc downloaded ok: /opt/***/era5/ecmwf/data/nc/_raw/2026/06/09/instant_20260609.nc
[2026-06-14T02:01:20.361+0000] {era5_functions.py:204} INFO - nc downloaded ok: /opt/***/era5/ecmwf/data/nc/_raw/2026/06/09/instant_20260609.nc
[2026-06-14T02:01:20.431+0000] {logging_mixin.py:188} WARNING - 2026-06-14 02:01:20 [INFO] local timestep: 3 — /opt/***/era5/ecmwf/data/nc/_raw/2026/06/09/instant_20260609.nc
[2026-06-14T02:01:20.431+0000] {era5_functions.py:152} INFO - local timestep: 3 — /opt/***/era5/ecmwf/data/nc/_raw/2026/06/09/instant_20260609.nc
[2026-06-14T02:01:20.519+0000] {logging_mixin.py:188} WARNING - 2026-06-14 02:01:20 [INFO] tif outdated (tif=2 < nc=3), removing: /opt/***/era5/ecmwf/data/tif/2026/06/09/t2m_20260609.tif
[2026-06-14T02:01:20.519+0000] {era5_functions.py:261} INFO - tif outdated (tif=2 < nc=3), removing: /opt/***/era5/ecmwf/data/tif/2026/06/09/t2m_20260609.tif
[2026-06-14T02:01:20.600+0000] {logging_mixin.py:188} WARNING - 2026-06-14 02:01:20 [INFO] tif ok (bands=3): /opt/***/era5/ecmwf/data/tif/2026/06/09/t2m_20260609.tif
[2026-06-14T02:01:20.600+0000] {era5_functions.py:304} INFO - tif ok (bands=3): /opt/***/era5/ecmwf/data/tif/2026/06/09/t2m_20260609.tif
[2026-06-14T02:01:20.619+0000] {logging_mixin.py:188} WARNING - 2026-06-14 02:01:20 [INFO] tif outdated (tif=2 < nc=3), removing: /opt/***/era5/ecmwf/data/tif/2026/06/09/d2m_20260609.tif
[2026-06-14T02:01:20.619+0000] {era5_functions.py:261} INFO - tif outdated (tif=2 < nc=3), removing: /opt/***/era5/ecmwf/data/tif/2026/06/09/d2m_20260609.tif
[2026-06-14T02:01:20.700+0000] {logging_mixin.py:188} WARNING - 2026-06-14 02:01:20 [INFO] tif ok (bands=3): /opt/***/era5/ecmwf/data/tif/2026/06/09/d2m_20260609.tif
[2026-06-14T02:01:20.700+0000] {era5_functions.py:304} INFO - tif ok (bands=3): /opt/***/era5/ecmwf/data/tif/2026/06/09/d2m_20260609.tif
[2026-06-14T02:01:20.720+0000] {logging_mixin.py:188} WARNING - 2026-06-14 02:01:20 [INFO] tif outdated (tif=2 < nc=3), removing: /opt/***/era5/ecmwf/data/tif/2026/06/09/sp_20260609.tif
[2026-06-14T02:01:20.720+0000] {era5_functions.py:261} INFO - tif outdated (tif=2 < nc=3), removing: /opt/***/era5/ecmwf/data/tif/2026/06/09/sp_20260609.tif
[2026-06-14T02:01:20.805+0000] {logging_mixin.py:188} WARNING - 2026-06-14 02:01:20 [INFO] tif ok (bands=3): /opt/***/era5/ecmwf/data/tif/2026/06/09/sp_20260609.tif
[2026-06-14T02:01:20.805+0000] {era5_functions.py:304} INFO - tif ok (bands=3): /opt/***/era5/ecmwf/data/tif/2026/06/09/sp_20260609.tif
[2026-06-14T02:01:20.823+0000] {logging_mixin.py:188} WARNING - 2026-06-14 02:01:20 [INFO] tif outdated (tif=2 < nc=3), removing: /opt/***/era5/ecmwf/data/tif/2026/06/09/blh_20260609.tif
[2026-06-14T02:01:20.823+0000] {era5_functions.py:261} INFO - tif outdated (tif=2 < nc=3), removing: /opt/***/era5/ecmwf/data/tif/2026/06/09/blh_20260609.tif
[2026-06-14T02:01:20.904+0000] {logging_mixin.py:188} WARNING - 2026-06-14 02:01:20 [INFO] tif ok (bands=3): /opt/***/era5/ecmwf/data/tif/2026/06/09/blh_20260609.tif
[2026-06-14T02:01:20.904+0000] {era5_functions.py:304} INFO - tif ok (bands=3): /opt/***/era5/ecmwf/data/tif/2026/06/09/blh_20260609.tif
[2026-06-14T02:01:20.927+0000] {logging_mixin.py:188} WARNING - 2026-06-14 02:01:20 [INFO] tif outdated (tif=2 < nc=3), removing: /opt/***/era5/ecmwf/data/tif/2026/06/09/u10_20260609.tif
[2026-06-14T02:01:20.927+0000] {era5_functions.py:261} INFO - tif outdated (tif=2 < nc=3), removing: /opt/***/era5/ecmwf/data/tif/2026/06/09/u10_20260609.tif
[2026-06-14T02:01:21.007+0000] {logging_mixin.py:188} WARNING - 2026-06-14 02:01:21 [INFO] tif ok (bands=3): /opt/***/era5/ecmwf/data/tif/2026/06/09/u10_20260609.tif
[2026-06-14T02:01:21.006+0000] {era5_functions.py:304} INFO - tif ok (bands=3): /opt/***/era5/ecmwf/data/tif/2026/06/09/u10_20260609.tif
[2026-06-14T02:01:21.025+0000] {logging_mixin.py:188} WARNING - 2026-06-14 02:01:21 [INFO] tif outdated (tif=2 < nc=3), removing: /opt/***/era5/ecmwf/data/tif/2026/06/09/v10_20260609.tif
[2026-06-14T02:01:21.024+0000] {era5_functions.py:261} INFO - tif outdated (tif=2 < nc=3), removing: /opt/***/era5/ecmwf/data/tif/2026/06/09/v10_20260609.tif
[2026-06-14T02:01:21.115+0000] {logging_mixin.py:188} WARNING - 2026-06-14 02:01:21 [INFO] tif ok (bands=3): /opt/***/era5/ecmwf/data/tif/2026/06/09/v10_20260609.tif
[2026-06-14T02:01:21.114+0000] {era5_functions.py:304} INFO - tif ok (bands=3): /opt/***/era5/ecmwf/data/tif/2026/06/09/v10_20260609.tif
[2026-06-14T02:01:21.120+0000] {logging_mixin.py:188} WARNING - 2026-06-14 02:01:21 [INFO] === END job=instant date=2026-06-14 ===
[2026-06-14T02:01:21.120+0000] {era5_functions.py:379} INFO - === END job=instant date=2026-06-14 ===
[2026-06-14T02:01:21.122+0000] {python.py:237} INFO - Done. Returned value was: None
[2026-06-14T02:01:21.122+0000] {taskinstance.py:441} INFO - ::group::Post task execution logs
[2026-06-14T02:01:21.135+0000] {taskinstance.py:1206} INFO - Marking task as SUCCESS. dag_id=era5_download_pipeline, task_id=era5_instant, run_id=scheduled__2026-06-14T01:00:00+00:00, execution_date=20260614T010000, start_date=20260614T020002, end_date=20260614T020121
[2026-06-14T02:01:21.193+0000] {local_task_job_runner.py:240} INFO - Task exited with return code 0
[2026-06-14T02:01:21.219+0000] {taskinstance.py:3498} INFO - 1 downstream tasks scheduled from follow-on schedule check
[2026-06-14T02:01:21.222+0000] {local_task_job_runner.py:222} INFO - ::endgroup::
