[2026-06-23T12:01:21.980+0000] {local_task_job_runner.py:120} INFO - ::group::Pre task execution logs
[2026-06-23T12:01:22.005+0000] {taskinstance.py:2076} INFO - Dependencies all met for dep_context=non-requeueable deps ti=<TaskInstance: era5_download_pipeline.era5_accum scheduled__2026-06-23T11:00:00+00:00 [queued]>
[2026-06-23T12:01:22.017+0000] {taskinstance.py:2076} INFO - Dependencies all met for dep_context=requeueable deps ti=<TaskInstance: era5_download_pipeline.era5_accum scheduled__2026-06-23T11:00:00+00:00 [queued]>
[2026-06-23T12:01:22.019+0000] {taskinstance.py:2306} INFO - Starting attempt 1 of 1
[2026-06-23T12:01:22.034+0000] {taskinstance.py:2330} INFO - Executing <Task(PythonOperator): era5_accum> on 2026-06-23 11:00:00+00:00
[2026-06-23T12:01:22.046+0000] {warnings.py:110} WARNING - /home/***/.local/lib/python3.12/site-packages/***/task/task_runner/standard_task_runner.py:61: DeprecationWarning: This process (pid=225622) is multi-threaded, use of fork() may lead to deadlocks in the child.
  pid = os.fork()

[2026-06-23T12:01:22.050+0000] {standard_task_runner.py:63} INFO - Started process 225624 to run task
[2026-06-23T12:01:22.049+0000] {standard_task_runner.py:90} INFO - Running: ['***', 'tasks', 'run', 'era5_download_pipeline', 'era5_accum', 'scheduled__2026-06-23T11:00:00+00:00', '--job-id', '2209', '--raw', '--subdir', 'DAGS_FOLDER/era5_dag.py', '--cfg-path', '/tmp/tmp19_tomig']
[2026-06-23T12:01:22.052+0000] {standard_task_runner.py:91} INFO - Job 2209: Subtask era5_accum
[2026-06-23T12:01:22.135+0000] {task_command.py:426} INFO - Running <TaskInstance: era5_download_pipeline.era5_accum scheduled__2026-06-23T11:00:00+00:00 [running]> on host 01cd476fb21a
[2026-06-23T12:01:22.255+0000] {taskinstance.py:2648} INFO - Exporting env vars: AIRFLOW_CTX_DAG_OWNER='era5' AIRFLOW_CTX_DAG_ID='era5_download_pipeline' AIRFLOW_CTX_TASK_ID='era5_accum' AIRFLOW_CTX_EXECUTION_DATE='2026-06-23T11:00:00+00:00' AIRFLOW_CTX_TRY_NUMBER='1' AIRFLOW_CTX_DAG_RUN_ID='scheduled__2026-06-23T11:00:00+00:00'
[2026-06-23T12:01:22.258+0000] {taskinstance.py:430} INFO - ::endgroup::
[2026-06-23T12:01:23.347+0000] {logging_mixin.py:188} WARNING - 2026-06-23 12:01:23 [INFO] === START job=accum date=2026-06-23 ===
[2026-06-23T12:01:23.347+0000] {era5_functions.py:368} INFO - === START job=accum date=2026-06-23 ===
[2026-06-23T12:01:23.349+0000] {logging_mixin.py:188} WARNING - 2026-06-23 12:01:23 [INFO] --- job=accum date=20260623 ---
[2026-06-23T12:01:23.349+0000] {era5_functions.py:330} INFO - --- job=accum date=20260623 ---
[2026-06-23T12:01:23.951+0000] {logging_mixin.py:188} WARNING - 2026-06-23 12:01:23 [WARNING] get_cds_count failed: 400 Client Error: Bad Request for url: https://cds.climate.copernicus.eu/api/retrieve/v1/processes/reanalysis-era5-single-levels/execution
invalid request
None of the data you have requested is available yet, please revise the period requested. The latest date available for this dataset is: 2026-06-18 12:00
[2026-06-23T12:01:23.951+0000] {era5_functions.py:131} WARNING - get_cds_count failed: 400 Client Error: Bad Request for url: https://cds.climate.copernicus.eu/api/retrieve/v1/processes/reanalysis-era5-single-levels/execution
invalid request
None of the data you have requested is available yet, please revise the period requested. The latest date available for this dataset is: 2026-06-18 12:00
[2026-06-23T12:01:23.957+0000] {logging_mixin.py:188} WARNING - 2026-06-23 12:01:23 [WARNING] CDS ยังไม่มีข้อมูล job=accum date=20260623, skip
[2026-06-23T12:01:23.957+0000] {era5_functions.py:335} WARNING - CDS ยังไม่มีข้อมูล job=accum date=20260623, skip
[2026-06-23T12:01:23.961+0000] {logging_mixin.py:188} WARNING - 2026-06-23 12:01:23 [INFO] --- job=accum date=20260622 ---
[2026-06-23T12:01:23.961+0000] {era5_functions.py:330} INFO - --- job=accum date=20260622 ---
[2026-06-23T12:01:24.560+0000] {logging_mixin.py:188} WARNING - 2026-06-23 12:01:24 [WARNING] get_cds_count failed: 400 Client Error: Bad Request for url: https://cds.climate.copernicus.eu/api/retrieve/v1/processes/reanalysis-era5-single-levels/execution
invalid request
None of the data you have requested is available yet, please revise the period requested. The latest date available for this dataset is: 2026-06-18 12:00
[2026-06-23T12:01:24.560+0000] {era5_functions.py:131} WARNING - get_cds_count failed: 400 Client Error: Bad Request for url: https://cds.climate.copernicus.eu/api/retrieve/v1/processes/reanalysis-era5-single-levels/execution
invalid request
None of the data you have requested is available yet, please revise the period requested. The latest date available for this dataset is: 2026-06-18 12:00
[2026-06-23T12:01:24.565+0000] {logging_mixin.py:188} WARNING - 2026-06-23 12:01:24 [WARNING] CDS ยังไม่มีข้อมูล job=accum date=20260622, skip
[2026-06-23T12:01:24.565+0000] {era5_functions.py:335} WARNING - CDS ยังไม่มีข้อมูล job=accum date=20260622, skip
[2026-06-23T12:01:24.569+0000] {logging_mixin.py:188} WARNING - 2026-06-23 12:01:24 [INFO] --- job=accum date=20260621 ---
[2026-06-23T12:01:24.569+0000] {era5_functions.py:330} INFO - --- job=accum date=20260621 ---
[2026-06-23T12:01:25.149+0000] {logging_mixin.py:188} WARNING - 2026-06-23 12:01:25 [WARNING] get_cds_count failed: 400 Client Error: Bad Request for url: https://cds.climate.copernicus.eu/api/retrieve/v1/processes/reanalysis-era5-single-levels/execution
invalid request
None of the data you have requested is available yet, please revise the period requested. The latest date available for this dataset is: 2026-06-18 12:00
[2026-06-23T12:01:25.148+0000] {era5_functions.py:131} WARNING - get_cds_count failed: 400 Client Error: Bad Request for url: https://cds.climate.copernicus.eu/api/retrieve/v1/processes/reanalysis-era5-single-levels/execution
invalid request
None of the data you have requested is available yet, please revise the period requested. The latest date available for this dataset is: 2026-06-18 12:00
[2026-06-23T12:01:25.155+0000] {logging_mixin.py:188} WARNING - 2026-06-23 12:01:25 [WARNING] CDS ยังไม่มีข้อมูล job=accum date=20260621, skip
[2026-06-23T12:01:25.155+0000] {era5_functions.py:335} WARNING - CDS ยังไม่มีข้อมูล job=accum date=20260621, skip
[2026-06-23T12:01:25.159+0000] {logging_mixin.py:188} WARNING - 2026-06-23 12:01:25 [INFO] --- job=accum date=20260620 ---
[2026-06-23T12:01:25.159+0000] {era5_functions.py:330} INFO - --- job=accum date=20260620 ---
[2026-06-23T12:01:25.742+0000] {logging_mixin.py:188} WARNING - 2026-06-23 12:01:25 [WARNING] get_cds_count failed: 400 Client Error: Bad Request for url: https://cds.climate.copernicus.eu/api/retrieve/v1/processes/reanalysis-era5-single-levels/execution
invalid request
None of the data you have requested is available yet, please revise the period requested. The latest date available for this dataset is: 2026-06-18 12:00
[2026-06-23T12:01:25.742+0000] {era5_functions.py:131} WARNING - get_cds_count failed: 400 Client Error: Bad Request for url: https://cds.climate.copernicus.eu/api/retrieve/v1/processes/reanalysis-era5-single-levels/execution
invalid request
None of the data you have requested is available yet, please revise the period requested. The latest date available for this dataset is: 2026-06-18 12:00
[2026-06-23T12:01:25.747+0000] {logging_mixin.py:188} WARNING - 2026-06-23 12:01:25 [WARNING] CDS ยังไม่มีข้อมูล job=accum date=20260620, skip
[2026-06-23T12:01:25.747+0000] {era5_functions.py:335} WARNING - CDS ยังไม่มีข้อมูล job=accum date=20260620, skip
[2026-06-23T12:01:25.751+0000] {logging_mixin.py:188} WARNING - 2026-06-23 12:01:25 [INFO] --- job=accum date=20260619 ---
[2026-06-23T12:01:25.750+0000] {era5_functions.py:330} INFO - --- job=accum date=20260619 ---
[2026-06-23T12:01:26.157+0000] {logging_mixin.py:188} WARNING - 2026-06-23 12:01:26 [WARNING] get_cds_count failed: 400 Client Error: Bad Request for url: https://cds.climate.copernicus.eu/api/retrieve/v1/processes/reanalysis-era5-single-levels/execution
invalid request
None of the data you have requested is available yet, please revise the period requested. The latest date available for this dataset is: 2026-06-18 12:00
[2026-06-23T12:01:26.156+0000] {era5_functions.py:131} WARNING - get_cds_count failed: 400 Client Error: Bad Request for url: https://cds.climate.copernicus.eu/api/retrieve/v1/processes/reanalysis-era5-single-levels/execution
invalid request
None of the data you have requested is available yet, please revise the period requested. The latest date available for this dataset is: 2026-06-18 12:00
[2026-06-23T12:01:26.161+0000] {logging_mixin.py:188} WARNING - 2026-06-23 12:01:26 [WARNING] CDS ยังไม่มีข้อมูล job=accum date=20260619, skip
[2026-06-23T12:01:26.161+0000] {era5_functions.py:335} WARNING - CDS ยังไม่มีข้อมูล job=accum date=20260619, skip
[2026-06-23T12:01:26.163+0000] {logging_mixin.py:188} WARNING - 2026-06-23 12:01:26 [INFO] --- job=accum date=20260618 ---
[2026-06-23T12:01:26.163+0000] {era5_functions.py:330} INFO - --- job=accum date=20260618 ---
[2026-06-23T12:01:26.685+0000] {logging_mixin.py:188} WARNING - 2026-06-23 12:01:26,684 INFO [2025-12-11T00:00:00] Please note that a dedicated catalogue entry for this dataset, post-processed and stored in Analysis Ready Cloud Optimized (ARCO) format (Zarr), is available for optimised time-series retrievals (i.e. for retrieving data from selected variables for a single point over an extended period of time in an efficient way). You can discover it [here](https://cds.climate.copernicus.eu/datasets/reanalysis-era5-single-levels-timeseries?tab=overview)
[2026-06-23T12:01:26.684+0000] {legacy_client.py:192} INFO - [2025-12-11T00:00:00] Please note that a dedicated catalogue entry for this dataset, post-processed and stored in Analysis Ready Cloud Optimized (ARCO) format (Zarr), is available for optimised time-series retrievals (i.e. for retrieving data from selected variables for a single point over an extended period of time in an efficient way). You can discover it [here](https://cds.climate.copernicus.eu/datasets/reanalysis-era5-single-levels-timeseries?tab=overview)
[2026-06-23T12:01:26.691+0000] {logging_mixin.py:188} WARNING - 2026-06-23 12:01:26,690 INFO Request ID is 9a148634-d56e-4f60-8467-96c0cbd9804d
[2026-06-23T12:01:26.690+0000] {legacy_client.py:192} INFO - Request ID is 9a148634-d56e-4f60-8467-96c0cbd9804d
[2026-06-23T12:01:27.018+0000] {logging_mixin.py:188} WARNING - 2026-06-23 12:01:27,018 INFO status has been updated to accepted
[2026-06-23T12:01:27.018+0000] {legacy_client.py:192} INFO - status has been updated to accepted
[2026-06-23T12:02:02.106+0000] {logging_mixin.py:188} WARNING - 2026-06-23 12:02:02,106 INFO status has been updated to successful
[2026-06-23T12:02:02.106+0000] {legacy_client.py:192} INFO - status has been updated to successful
[2026-06-23T12:02:02.539+0000] {base.py:119} INFO - Downloading https://object-store.os-api.cci2.ecmwf.int:443/cci2-prod-cache-2/2026-06-23/5ddb6beb3ec4c2f539159d0a34028a33.nc
[2026-06-23T12:02:03.649+0000] {logging_mixin.py:188} WARNING - 5ddb6beb3ec4c2f539159d0a34028a33.nc:   0%|          | 0.00/214k [00:00<?, ?B/s]
[2026-06-23T12:02:05.347+0000] {logging_mixin.py:188} WARNING - 5ddb6beb3ec4c2f539159d0a34028a33.nc: 100%|##########| 214k/214k [00:01<00:00, 129kB/s]
[2026-06-23T12:02:05.352+0000] {logging_mixin.py:188} WARNING -                                                                                       
[2026-06-23T12:02:05.627+0000] {logging_mixin.py:188} WARNING - 2026-06-23 12:02:05 [INFO] CDS timestep available: 13
[2026-06-23T12:02:05.626+0000] {era5_functions.py:128} INFO - CDS timestep available: 13
[2026-06-23T12:02:05.685+0000] {logging_mixin.py:188} WARNING - 2026-06-23 12:02:05 [INFO] local timestep: 12 — /opt/***/era5/ecmwf/data/nc/_raw/2026/06/18/accum_20260618.nc
[2026-06-23T12:02:05.685+0000] {era5_functions.py:152} INFO - local timestep: 12 — /opt/***/era5/ecmwf/data/nc/_raw/2026/06/18/accum_20260618.nc
[2026-06-23T12:02:05.692+0000] {logging_mixin.py:188} WARNING - 2026-06-23 12:02:05 [INFO] nc outdated (local=12 < cds=13), removing: /opt/***/era5/ecmwf/data/nc/_raw/2026/06/18/accum_20260618.nc
[2026-06-23T12:02:05.692+0000] {era5_functions.py:193} INFO - nc outdated (local=12 < cds=13), removing: /opt/***/era5/ecmwf/data/nc/_raw/2026/06/18/accum_20260618.nc
[2026-06-23T12:02:05.714+0000] {logging_mixin.py:188} WARNING - 2026-06-23 12:02:05 [INFO] download attempt 1/3: /opt/***/era5/ecmwf/data/nc/_raw/2026/06/18/accum_20260618.nc
[2026-06-23T12:02:05.713+0000] {era5_functions.py:200} INFO - download attempt 1/3: /opt/***/era5/ecmwf/data/nc/_raw/2026/06/18/accum_20260618.nc
[2026-06-23T12:02:06.682+0000] {logging_mixin.py:188} WARNING - 2026-06-23 12:02:06,681 INFO [2025-12-11T00:00:00] Please note that a dedicated catalogue entry for this dataset, post-processed and stored in Analysis Ready Cloud Optimized (ARCO) format (Zarr), is available for optimised time-series retrievals (i.e. for retrieving data from selected variables for a single point over an extended period of time in an efficient way). You can discover it [here](https://cds.climate.copernicus.eu/datasets/reanalysis-era5-single-levels-timeseries?tab=overview)
[2026-06-23T12:02:06.681+0000] {legacy_client.py:192} INFO - [2025-12-11T00:00:00] Please note that a dedicated catalogue entry for this dataset, post-processed and stored in Analysis Ready Cloud Optimized (ARCO) format (Zarr), is available for optimised time-series retrievals (i.e. for retrieving data from selected variables for a single point over an extended period of time in an efficient way). You can discover it [here](https://cds.climate.copernicus.eu/datasets/reanalysis-era5-single-levels-timeseries?tab=overview)
[2026-06-23T12:02:06.685+0000] {logging_mixin.py:188} WARNING - 2026-06-23 12:02:06,685 INFO Request ID is 24658ca9-f8d6-445c-bedb-971bdeec4ed3
[2026-06-23T12:02:06.685+0000] {legacy_client.py:192} INFO - Request ID is 24658ca9-f8d6-445c-bedb-971bdeec4ed3
[2026-06-23T12:02:06.898+0000] {logging_mixin.py:188} WARNING - 2026-06-23 12:02:06,898 INFO status has been updated to accepted
[2026-06-23T12:02:06.898+0000] {legacy_client.py:192} INFO - status has been updated to accepted
[2026-06-23T12:02:28.937+0000] {logging_mixin.py:188} WARNING - 2026-06-23 12:02:28,937 INFO status has been updated to successful
[2026-06-23T12:02:28.937+0000] {legacy_client.py:192} INFO - status has been updated to successful
[2026-06-23T12:02:29.374+0000] {base.py:119} INFO - Downloading https://object-store.os-api.cci2.ecmwf.int:443/cci2-prod-cache-3/2026-06-23/34362eedeb1d4d17c4c70b0a9c97a624.nc
[2026-06-23T12:02:30.401+0000] {logging_mixin.py:188} WARNING - 34362eedeb1d4d17c4c70b0a9c97a624.nc:   0%|          | 0.00/214k [00:00<?, ?B/s]
[2026-06-23T12:02:32.056+0000] {logging_mixin.py:188} WARNING - 34362eedeb1d4d17c4c70b0a9c97a624.nc: 100%|##########| 214k/214k [00:01<00:00, 132kB/s]
[2026-06-23T12:02:32.078+0000] {logging_mixin.py:188} WARNING -                                                                                       
[2026-06-23T12:02:32.175+0000] {logging_mixin.py:188} WARNING - 2026-06-23 12:02:32 [INFO] nc downloaded ok: /opt/***/era5/ecmwf/data/nc/_raw/2026/06/18/accum_20260618.nc
[2026-06-23T12:02:32.174+0000] {era5_functions.py:204} INFO - nc downloaded ok: /opt/***/era5/ecmwf/data/nc/_raw/2026/06/18/accum_20260618.nc
[2026-06-23T12:02:32.230+0000] {logging_mixin.py:188} WARNING - 2026-06-23 12:02:32 [INFO] local timestep: 13 — /opt/***/era5/ecmwf/data/nc/_raw/2026/06/18/accum_20260618.nc
[2026-06-23T12:02:32.230+0000] {era5_functions.py:152} INFO - local timestep: 13 — /opt/***/era5/ecmwf/data/nc/_raw/2026/06/18/accum_20260618.nc
[2026-06-23T12:02:32.324+0000] {logging_mixin.py:188} WARNING - 2026-06-23 12:02:32 [INFO] tif outdated (tif=12 < nc=13), removing: /opt/***/era5/ecmwf/data/tif/2026/06/18/tp_20260618.tif
[2026-06-23T12:02:32.324+0000] {era5_functions.py:261} INFO - tif outdated (tif=12 < nc=13), removing: /opt/***/era5/ecmwf/data/tif/2026/06/18/tp_20260618.tif
[2026-06-23T12:02:32.428+0000] {logging_mixin.py:188} WARNING - 2026-06-23 12:02:32 [INFO] tif ok (bands=13): /opt/***/era5/ecmwf/data/tif/2026/06/18/tp_20260618.tif
[2026-06-23T12:02:32.427+0000] {era5_functions.py:304} INFO - tif ok (bands=13): /opt/***/era5/ecmwf/data/tif/2026/06/18/tp_20260618.tif
[2026-06-23T12:02:32.435+0000] {logging_mixin.py:188} WARNING - 2026-06-23 12:02:32 [INFO] === END job=accum date=2026-06-23 ===
[2026-06-23T12:02:32.435+0000] {era5_functions.py:379} INFO - === END job=accum date=2026-06-23 ===
[2026-06-23T12:02:32.437+0000] {python.py:237} INFO - Done. Returned value was: None
[2026-06-23T12:02:32.437+0000] {taskinstance.py:441} INFO - ::group::Post task execution logs
[2026-06-23T12:02:32.452+0000] {taskinstance.py:1206} INFO - Marking task as SUCCESS. dag_id=era5_download_pipeline, task_id=era5_accum, run_id=scheduled__2026-06-23T11:00:00+00:00, execution_date=20260623T110000, start_date=20260623T120122, end_date=20260623T120232
[2026-06-23T12:02:32.509+0000] {local_task_job_runner.py:240} INFO - Task exited with return code 0
[2026-06-23T12:02:32.528+0000] {taskinstance.py:3498} INFO - 0 downstream tasks scheduled from follow-on schedule check
[2026-06-23T12:02:32.532+0000] {local_task_job_runner.py:222} INFO - ::endgroup::
