[2026-06-24T07:04:39.387+0000] {local_task_job_runner.py:120} INFO - ::group::Pre task execution logs
[2026-06-24T07:04:39.419+0000] {taskinstance.py:2076} INFO - Dependencies all met for dep_context=non-requeueable deps ti=<TaskInstance: era5_download_pipeline.era5_accum scheduled__2026-06-24T06:00:00+00:00 [queued]>
[2026-06-24T07:04:39.432+0000] {taskinstance.py:2076} INFO - Dependencies all met for dep_context=requeueable deps ti=<TaskInstance: era5_download_pipeline.era5_accum scheduled__2026-06-24T06:00:00+00:00 [queued]>
[2026-06-24T07:04:39.434+0000] {taskinstance.py:2306} INFO - Starting attempt 1 of 1
[2026-06-24T07:04:39.454+0000] {taskinstance.py:2330} INFO - Executing <Task(PythonOperator): era5_accum> on 2026-06-24 06:00:00+00:00
[2026-06-24T07:04:39.466+0000] {warnings.py:110} WARNING - /home/***/.local/lib/python3.12/site-packages/***/task/task_runner/standard_task_runner.py:61: DeprecationWarning: This process (pid=240290) is multi-threaded, use of fork() may lead to deadlocks in the child.
  pid = os.fork()

[2026-06-24T07:04:39.469+0000] {standard_task_runner.py:63} INFO - Started process 240292 to run task
[2026-06-24T07:04:39.469+0000] {standard_task_runner.py:90} INFO - Running: ['***', 'tasks', 'run', 'era5_download_pipeline', 'era5_accum', 'scheduled__2026-06-24T06:00:00+00:00', '--job-id', '2267', '--raw', '--subdir', 'DAGS_FOLDER/era5_dag.py', '--cfg-path', '/tmp/tmpj5g7_h84']
[2026-06-24T07:04:39.473+0000] {standard_task_runner.py:91} INFO - Job 2267: Subtask era5_accum
[2026-06-24T07:04:39.558+0000] {task_command.py:426} INFO - Running <TaskInstance: era5_download_pipeline.era5_accum scheduled__2026-06-24T06:00:00+00:00 [running]> on host 01cd476fb21a
[2026-06-24T07:04:39.684+0000] {taskinstance.py:2648} INFO - Exporting env vars: AIRFLOW_CTX_DAG_OWNER='era5' AIRFLOW_CTX_DAG_ID='era5_download_pipeline' AIRFLOW_CTX_TASK_ID='era5_accum' AIRFLOW_CTX_EXECUTION_DATE='2026-06-24T06:00:00+00:00' AIRFLOW_CTX_TRY_NUMBER='1' AIRFLOW_CTX_DAG_RUN_ID='scheduled__2026-06-24T06:00:00+00:00'
[2026-06-24T07:04:39.687+0000] {taskinstance.py:430} INFO - ::endgroup::
[2026-06-24T07:04:40.759+0000] {logging_mixin.py:188} WARNING - 2026-06-24 07:04:40 [INFO] === START job=accum date=2026-06-24 ===
[2026-06-24T07:04:40.758+0000] {era5_functions.py:368} INFO - === START job=accum date=2026-06-24 ===
[2026-06-24T07:04:40.763+0000] {logging_mixin.py:188} WARNING - 2026-06-24 07:04:40 [INFO] --- job=accum date=20260624 ---
[2026-06-24T07:04:40.763+0000] {era5_functions.py:330} INFO - --- job=accum date=20260624 ---
[2026-06-24T07:04:41.458+0000] {logging_mixin.py:188} WARNING - 2026-06-24 07:04:41 [WARNING] get_cds_count failed: 400 Client Error: Bad Request for url: https://cds.climate.copernicus.eu/api/retrieve/v1/processes/reanalysis-era5-single-levels/execution
invalid request
None of the data you have requested is available yet, please revise the period requested. The latest date available for this dataset is: 2026-06-19 07:00
[2026-06-24T07:04:41.458+0000] {era5_functions.py:131} WARNING - get_cds_count failed: 400 Client Error: Bad Request for url: https://cds.climate.copernicus.eu/api/retrieve/v1/processes/reanalysis-era5-single-levels/execution
invalid request
None of the data you have requested is available yet, please revise the period requested. The latest date available for this dataset is: 2026-06-19 07:00
[2026-06-24T07:04:41.462+0000] {logging_mixin.py:188} WARNING - 2026-06-24 07:04:41 [WARNING] CDS ยังไม่มีข้อมูล job=accum date=20260624, skip
[2026-06-24T07:04:41.461+0000] {era5_functions.py:335} WARNING - CDS ยังไม่มีข้อมูล job=accum date=20260624, skip
[2026-06-24T07:04:41.463+0000] {logging_mixin.py:188} WARNING - 2026-06-24 07:04:41 [INFO] --- job=accum date=20260623 ---
[2026-06-24T07:04:41.463+0000] {era5_functions.py:330} INFO - --- job=accum date=20260623 ---
[2026-06-24T07:04:42.067+0000] {logging_mixin.py:188} WARNING - 2026-06-24 07:04:42 [WARNING] get_cds_count failed: 400 Client Error: Bad Request for url: https://cds.climate.copernicus.eu/api/retrieve/v1/processes/reanalysis-era5-single-levels/execution
invalid request
None of the data you have requested is available yet, please revise the period requested. The latest date available for this dataset is: 2026-06-19 07:00
[2026-06-24T07:04:42.067+0000] {era5_functions.py:131} WARNING - get_cds_count failed: 400 Client Error: Bad Request for url: https://cds.climate.copernicus.eu/api/retrieve/v1/processes/reanalysis-era5-single-levels/execution
invalid request
None of the data you have requested is available yet, please revise the period requested. The latest date available for this dataset is: 2026-06-19 07:00
[2026-06-24T07:04:42.072+0000] {logging_mixin.py:188} WARNING - 2026-06-24 07:04:42 [WARNING] CDS ยังไม่มีข้อมูล job=accum date=20260623, skip
[2026-06-24T07:04:42.071+0000] {era5_functions.py:335} WARNING - CDS ยังไม่มีข้อมูล job=accum date=20260623, skip
[2026-06-24T07:04:42.075+0000] {logging_mixin.py:188} WARNING - 2026-06-24 07:04:42 [INFO] --- job=accum date=20260622 ---
[2026-06-24T07:04:42.075+0000] {era5_functions.py:330} INFO - --- job=accum date=20260622 ---
[2026-06-24T07:04:42.734+0000] {logging_mixin.py:188} WARNING - 2026-06-24 07:04:42 [WARNING] get_cds_count failed: 400 Client Error: Bad Request for url: https://cds.climate.copernicus.eu/api/retrieve/v1/processes/reanalysis-era5-single-levels/execution
invalid request
None of the data you have requested is available yet, please revise the period requested. The latest date available for this dataset is: 2026-06-19 07:00
[2026-06-24T07:04:42.734+0000] {era5_functions.py:131} WARNING - get_cds_count failed: 400 Client Error: Bad Request for url: https://cds.climate.copernicus.eu/api/retrieve/v1/processes/reanalysis-era5-single-levels/execution
invalid request
None of the data you have requested is available yet, please revise the period requested. The latest date available for this dataset is: 2026-06-19 07:00
[2026-06-24T07:04:42.739+0000] {logging_mixin.py:188} WARNING - 2026-06-24 07:04:42 [WARNING] CDS ยังไม่มีข้อมูล job=accum date=20260622, skip
[2026-06-24T07:04:42.739+0000] {era5_functions.py:335} WARNING - CDS ยังไม่มีข้อมูล job=accum date=20260622, skip
[2026-06-24T07:04:42.743+0000] {logging_mixin.py:188} WARNING - 2026-06-24 07:04:42 [INFO] --- job=accum date=20260621 ---
[2026-06-24T07:04:42.743+0000] {era5_functions.py:330} INFO - --- job=accum date=20260621 ---
[2026-06-24T07:04:43.576+0000] {logging_mixin.py:188} WARNING - 2026-06-24 07:04:43 [WARNING] get_cds_count failed: 400 Client Error: Bad Request for url: https://cds.climate.copernicus.eu/api/retrieve/v1/processes/reanalysis-era5-single-levels/execution
invalid request
None of the data you have requested is available yet, please revise the period requested. The latest date available for this dataset is: 2026-06-19 07:00
[2026-06-24T07:04:43.576+0000] {era5_functions.py:131} WARNING - get_cds_count failed: 400 Client Error: Bad Request for url: https://cds.climate.copernicus.eu/api/retrieve/v1/processes/reanalysis-era5-single-levels/execution
invalid request
None of the data you have requested is available yet, please revise the period requested. The latest date available for this dataset is: 2026-06-19 07:00
[2026-06-24T07:04:43.579+0000] {logging_mixin.py:188} WARNING - 2026-06-24 07:04:43 [WARNING] CDS ยังไม่มีข้อมูล job=accum date=20260621, skip
[2026-06-24T07:04:43.579+0000] {era5_functions.py:335} WARNING - CDS ยังไม่มีข้อมูล job=accum date=20260621, skip
[2026-06-24T07:04:43.581+0000] {logging_mixin.py:188} WARNING - 2026-06-24 07:04:43 [INFO] --- job=accum date=20260620 ---
[2026-06-24T07:04:43.581+0000] {era5_functions.py:330} INFO - --- job=accum date=20260620 ---
[2026-06-24T07:04:44.710+0000] {logging_mixin.py:188} WARNING - 2026-06-24 07:04:44 [WARNING] get_cds_count failed: 400 Client Error: Bad Request for url: https://cds.climate.copernicus.eu/api/retrieve/v1/processes/reanalysis-era5-single-levels/execution
invalid request
None of the data you have requested is available yet, please revise the period requested. The latest date available for this dataset is: 2026-06-19 07:00
[2026-06-24T07:04:44.710+0000] {era5_functions.py:131} WARNING - get_cds_count failed: 400 Client Error: Bad Request for url: https://cds.climate.copernicus.eu/api/retrieve/v1/processes/reanalysis-era5-single-levels/execution
invalid request
None of the data you have requested is available yet, please revise the period requested. The latest date available for this dataset is: 2026-06-19 07:00
[2026-06-24T07:04:44.715+0000] {logging_mixin.py:188} WARNING - 2026-06-24 07:04:44 [WARNING] CDS ยังไม่มีข้อมูล job=accum date=20260620, skip
[2026-06-24T07:04:44.715+0000] {era5_functions.py:335} WARNING - CDS ยังไม่มีข้อมูล job=accum date=20260620, skip
[2026-06-24T07:04:44.720+0000] {logging_mixin.py:188} WARNING - 2026-06-24 07:04:44 [INFO] --- job=accum date=20260619 ---
[2026-06-24T07:04:44.720+0000] {era5_functions.py:330} INFO - --- job=accum date=20260619 ---
[2026-06-24T07:04:45.489+0000] {logging_mixin.py:188} WARNING - 2026-06-24 07:04:45,488 INFO [2025-12-11T00:00:00] Please note that a dedicated catalogue entry for this dataset, post-processed and stored in Analysis Ready Cloud Optimized (ARCO) format (Zarr), is available for optimised time-series retrievals (i.e. for retrieving data from selected variables for a single point over an extended period of time in an efficient way). You can discover it [here](https://cds.climate.copernicus.eu/datasets/reanalysis-era5-single-levels-timeseries?tab=overview)
[2026-06-24T07:04:45.488+0000] {legacy_client.py:192} INFO - [2025-12-11T00:00:00] Please note that a dedicated catalogue entry for this dataset, post-processed and stored in Analysis Ready Cloud Optimized (ARCO) format (Zarr), is available for optimised time-series retrievals (i.e. for retrieving data from selected variables for a single point over an extended period of time in an efficient way). You can discover it [here](https://cds.climate.copernicus.eu/datasets/reanalysis-era5-single-levels-timeseries?tab=overview)
[2026-06-24T07:04:45.492+0000] {logging_mixin.py:188} WARNING - 2026-06-24 07:04:45,491 INFO Request ID is 5dce8534-567d-4243-8551-f98409c0e971
[2026-06-24T07:04:45.491+0000] {legacy_client.py:192} INFO - Request ID is 5dce8534-567d-4243-8551-f98409c0e971
[2026-06-24T07:04:45.708+0000] {logging_mixin.py:188} WARNING - 2026-06-24 07:04:45,708 INFO status has been updated to accepted
[2026-06-24T07:04:45.708+0000] {legacy_client.py:192} INFO - status has been updated to accepted
[2026-06-24T07:06:44.577+0000] {logging_mixin.py:188} WARNING - 2026-06-24 07:06:44,576 INFO status has been updated to successful
[2026-06-24T07:06:44.576+0000] {legacy_client.py:192} INFO - status has been updated to successful
[2026-06-24T07:06:44.984+0000] {base.py:119} INFO - Downloading https://object-store.os-api.cci2.ecmwf.int:443/cci2-prod-cache-3/2026-06-24/b321eb23d0da8ab921c07eca1af84283.nc
[2026-06-24T07:06:45.977+0000] {logging_mixin.py:188} WARNING - b321eb23d0da8ab921c07eca1af84283.nc:   0%|          | 0.00/136k [00:00<?, ?B/s]
[2026-06-24T07:06:47.829+0000] {logging_mixin.py:188} WARNING - b321eb23d0da8ab921c07eca1af84283.nc: 100%|##########| 136k/136k [00:01<00:00, 75.5kB/s]
[2026-06-24T07:06:47.831+0000] {logging_mixin.py:188} WARNING -                                                                                        
[2026-06-24T07:06:48.072+0000] {logging_mixin.py:188} WARNING - 2026-06-24 07:06:48 [INFO] CDS timestep available: 8
[2026-06-24T07:06:48.072+0000] {era5_functions.py:128} INFO - CDS timestep available: 8
[2026-06-24T07:06:48.129+0000] {logging_mixin.py:188} WARNING - 2026-06-24 07:06:48 [INFO] local timestep: 7 — /opt/***/era5/ecmwf/data/nc/_raw/2026/06/19/accum_20260619.nc
[2026-06-24T07:06:48.129+0000] {era5_functions.py:152} INFO - local timestep: 7 — /opt/***/era5/ecmwf/data/nc/_raw/2026/06/19/accum_20260619.nc
[2026-06-24T07:06:48.135+0000] {logging_mixin.py:188} WARNING - 2026-06-24 07:06:48 [INFO] nc outdated (local=7 < cds=8), removing: /opt/***/era5/ecmwf/data/nc/_raw/2026/06/19/accum_20260619.nc
[2026-06-24T07:06:48.135+0000] {era5_functions.py:193} INFO - nc outdated (local=7 < cds=8), removing: /opt/***/era5/ecmwf/data/nc/_raw/2026/06/19/accum_20260619.nc
[2026-06-24T07:06:48.158+0000] {logging_mixin.py:188} WARNING - 2026-06-24 07:06:48 [INFO] download attempt 1/3: /opt/***/era5/ecmwf/data/nc/_raw/2026/06/19/accum_20260619.nc
[2026-06-24T07:06:48.158+0000] {era5_functions.py:200} INFO - download attempt 1/3: /opt/***/era5/ecmwf/data/nc/_raw/2026/06/19/accum_20260619.nc
[2026-06-24T07:06:51.461+0000] {logging_mixin.py:188} WARNING - 2026-06-24 07:06:51,460 INFO [2025-12-11T00:00:00] Please note that a dedicated catalogue entry for this dataset, post-processed and stored in Analysis Ready Cloud Optimized (ARCO) format (Zarr), is available for optimised time-series retrievals (i.e. for retrieving data from selected variables for a single point over an extended period of time in an efficient way). You can discover it [here](https://cds.climate.copernicus.eu/datasets/reanalysis-era5-single-levels-timeseries?tab=overview)
[2026-06-24T07:06:51.460+0000] {legacy_client.py:192} INFO - [2025-12-11T00:00:00] Please note that a dedicated catalogue entry for this dataset, post-processed and stored in Analysis Ready Cloud Optimized (ARCO) format (Zarr), is available for optimised time-series retrievals (i.e. for retrieving data from selected variables for a single point over an extended period of time in an efficient way). You can discover it [here](https://cds.climate.copernicus.eu/datasets/reanalysis-era5-single-levels-timeseries?tab=overview)
[2026-06-24T07:06:51.463+0000] {logging_mixin.py:188} WARNING - 2026-06-24 07:06:51,463 INFO Request ID is 18e0f470-a9d3-4d9f-bfc9-012e5fbcdff4
[2026-06-24T07:06:51.463+0000] {legacy_client.py:192} INFO - Request ID is 18e0f470-a9d3-4d9f-bfc9-012e5fbcdff4
[2026-06-24T07:06:51.681+0000] {logging_mixin.py:188} WARNING - 2026-06-24 07:06:51,681 INFO status has been updated to accepted
[2026-06-24T07:06:51.681+0000] {legacy_client.py:192} INFO - status has been updated to accepted
[2026-06-24T07:07:42.674+0000] {logging_mixin.py:188} WARNING - 2026-06-24 07:07:42,673 INFO status has been updated to successful
[2026-06-24T07:07:42.673+0000] {legacy_client.py:192} INFO - status has been updated to successful
[2026-06-24T07:07:43.112+0000] {base.py:119} INFO - Downloading https://object-store.os-api.cci2.ecmwf.int:443/cci2-prod-cache-1/2026-06-24/4c7ca1f4a6ae1e097f92aa2fa554977e.nc
[2026-06-24T07:07:44.156+0000] {logging_mixin.py:188} WARNING - 4c7ca1f4a6ae1e097f92aa2fa554977e.nc:   0%|          | 0.00/136k [00:00<?, ?B/s]
[2026-06-24T07:07:46.775+0000] {logging_mixin.py:188} WARNING - 4c7ca1f4a6ae1e097f92aa2fa554977e.nc: 100%|##########| 136k/136k [00:02<00:00, 53.4kB/s]
[2026-06-24T07:07:46.792+0000] {logging_mixin.py:188} WARNING -                                                                                        
[2026-06-24T07:07:46.913+0000] {logging_mixin.py:188} WARNING - 2026-06-24 07:07:46 [INFO] nc downloaded ok: /opt/***/era5/ecmwf/data/nc/_raw/2026/06/19/accum_20260619.nc
[2026-06-24T07:07:46.912+0000] {era5_functions.py:204} INFO - nc downloaded ok: /opt/***/era5/ecmwf/data/nc/_raw/2026/06/19/accum_20260619.nc
[2026-06-24T07:07:46.983+0000] {logging_mixin.py:188} WARNING - 2026-06-24 07:07:46 [INFO] local timestep: 8 — /opt/***/era5/ecmwf/data/nc/_raw/2026/06/19/accum_20260619.nc
[2026-06-24T07:07:46.983+0000] {era5_functions.py:152} INFO - local timestep: 8 — /opt/***/era5/ecmwf/data/nc/_raw/2026/06/19/accum_20260619.nc
[2026-06-24T07:07:47.104+0000] {logging_mixin.py:188} WARNING - 2026-06-24 07:07:47 [INFO] tif outdated (tif=7 < nc=8), removing: /opt/***/era5/ecmwf/data/tif/2026/06/19/tp_20260619.tif
[2026-06-24T07:07:47.104+0000] {era5_functions.py:261} INFO - tif outdated (tif=7 < nc=8), removing: /opt/***/era5/ecmwf/data/tif/2026/06/19/tp_20260619.tif
[2026-06-24T07:07:47.225+0000] {logging_mixin.py:188} WARNING - 2026-06-24 07:07:47 [INFO] tif ok (bands=8): /opt/***/era5/ecmwf/data/tif/2026/06/19/tp_20260619.tif
[2026-06-24T07:07:47.225+0000] {era5_functions.py:304} INFO - tif ok (bands=8): /opt/***/era5/ecmwf/data/tif/2026/06/19/tp_20260619.tif
[2026-06-24T07:07:47.231+0000] {logging_mixin.py:188} WARNING - 2026-06-24 07:07:47 [INFO] === END job=accum date=2026-06-24 ===
[2026-06-24T07:07:47.231+0000] {era5_functions.py:379} INFO - === END job=accum date=2026-06-24 ===
[2026-06-24T07:07:47.233+0000] {python.py:237} INFO - Done. Returned value was: None
[2026-06-24T07:07:47.234+0000] {taskinstance.py:441} INFO - ::group::Post task execution logs
[2026-06-24T07:07:47.255+0000] {taskinstance.py:1206} INFO - Marking task as SUCCESS. dag_id=era5_download_pipeline, task_id=era5_accum, run_id=scheduled__2026-06-24T06:00:00+00:00, execution_date=20260624T060000, start_date=20260624T070439, end_date=20260624T070747
[2026-06-24T07:07:47.358+0000] {local_task_job_runner.py:240} INFO - Task exited with return code 0
[2026-06-24T07:07:47.386+0000] {taskinstance.py:3498} INFO - 0 downstream tasks scheduled from follow-on schedule check
[2026-06-24T07:07:47.390+0000] {local_task_job_runner.py:222} INFO - ::endgroup::
