[2026-06-19T09:00:01.761+0000] {local_task_job_runner.py:120} INFO - ::group::Pre task execution logs
[2026-06-19T09:00:01.791+0000] {taskinstance.py:2076} INFO - Dependencies all met for dep_context=non-requeueable deps ti=<TaskInstance: era5_download_pipeline.era5_instant scheduled__2026-06-19T08:00:00+00:00 [queued]>
[2026-06-19T09:00:01.803+0000] {taskinstance.py:2076} INFO - Dependencies all met for dep_context=requeueable deps ti=<TaskInstance: era5_download_pipeline.era5_instant scheduled__2026-06-19T08:00:00+00:00 [queued]>
[2026-06-19T09:00:01.805+0000] {taskinstance.py:2306} INFO - Starting attempt 1 of 1
[2026-06-19T09:00:01.831+0000] {taskinstance.py:2330} INFO - Executing <Task(PythonOperator): era5_instant> on 2026-06-19 08:00:00+00:00
[2026-06-19T09:00:01.843+0000] {warnings.py:110} WARNING - /home/***/.local/lib/python3.12/site-packages/***/task/task_runner/standard_task_runner.py:61: DeprecationWarning: This process (pid=149369) is multi-threaded, use of fork() may lead to deadlocks in the child.
  pid = os.fork()

[2026-06-19T09:00:01.847+0000] {standard_task_runner.py:63} INFO - Started process 149372 to run task
[2026-06-19T09:00:01.846+0000] {standard_task_runner.py:90} INFO - Running: ['***', 'tasks', 'run', 'era5_download_pipeline', 'era5_instant', 'scheduled__2026-06-19T08:00:00+00:00', '--job-id', '1906', '--raw', '--subdir', 'DAGS_FOLDER/era5_dag.py', '--cfg-path', '/tmp/tmp6kzqztgg']
[2026-06-19T09:00:01.851+0000] {standard_task_runner.py:91} INFO - Job 1906: Subtask era5_instant
[2026-06-19T09:00:01.936+0000] {task_command.py:426} INFO - Running <TaskInstance: era5_download_pipeline.era5_instant scheduled__2026-06-19T08:00:00+00:00 [running]> on host 01cd476fb21a
[2026-06-19T09:00:02.064+0000] {taskinstance.py:2648} INFO - Exporting env vars: AIRFLOW_CTX_DAG_OWNER='era5' AIRFLOW_CTX_DAG_ID='era5_download_pipeline' AIRFLOW_CTX_TASK_ID='era5_instant' AIRFLOW_CTX_EXECUTION_DATE='2026-06-19T08:00:00+00:00' AIRFLOW_CTX_TRY_NUMBER='1' AIRFLOW_CTX_DAG_RUN_ID='scheduled__2026-06-19T08:00:00+00:00'
[2026-06-19T09:00:02.066+0000] {taskinstance.py:430} INFO - ::endgroup::
[2026-06-19T09:00:03.131+0000] {logging_mixin.py:188} WARNING - 2026-06-19 09:00:03 [INFO] === START job=instant date=2026-06-19 ===
[2026-06-19T09:00:03.131+0000] {era5_functions.py:368} INFO - === START job=instant date=2026-06-19 ===
[2026-06-19T09:00:03.135+0000] {logging_mixin.py:188} WARNING - 2026-06-19 09:00:03 [INFO] --- job=instant date=20260619 ---
[2026-06-19T09:00:03.135+0000] {era5_functions.py:330} INFO - --- job=instant date=20260619 ---
[2026-06-19T09:00:04.571+0000] {logging_mixin.py:188} WARNING - 2026-06-19 09:00:04 [WARNING] get_cds_count failed: 400 Client Error: Bad Request for url: https://cds.climate.copernicus.eu/api/retrieve/v1/processes/reanalysis-era5-single-levels/execution
invalid request
None of the data you have requested is available yet, please revise the period requested. The latest date available for this dataset is: 2026-06-14 09:00
[2026-06-19T09:00:04.571+0000] {era5_functions.py:131} WARNING - get_cds_count failed: 400 Client Error: Bad Request for url: https://cds.climate.copernicus.eu/api/retrieve/v1/processes/reanalysis-era5-single-levels/execution
invalid request
None of the data you have requested is available yet, please revise the period requested. The latest date available for this dataset is: 2026-06-14 09:00
[2026-06-19T09:00:04.574+0000] {logging_mixin.py:188} WARNING - 2026-06-19 09:00:04 [WARNING] CDS ยังไม่มีข้อมูล job=instant date=20260619, skip
[2026-06-19T09:00:04.574+0000] {era5_functions.py:335} WARNING - CDS ยังไม่มีข้อมูล job=instant date=20260619, skip
[2026-06-19T09:00:04.577+0000] {logging_mixin.py:188} WARNING - 2026-06-19 09:00:04 [INFO] --- job=instant date=20260618 ---
[2026-06-19T09:00:04.577+0000] {era5_functions.py:330} INFO - --- job=instant date=20260618 ---
[2026-06-19T09:00:05.215+0000] {logging_mixin.py:188} WARNING - 2026-06-19 09:00:05 [WARNING] get_cds_count failed: 400 Client Error: Bad Request for url: https://cds.climate.copernicus.eu/api/retrieve/v1/processes/reanalysis-era5-single-levels/execution
invalid request
None of the data you have requested is available yet, please revise the period requested. The latest date available for this dataset is: 2026-06-14 09:00
[2026-06-19T09:00:05.215+0000] {era5_functions.py:131} WARNING - get_cds_count failed: 400 Client Error: Bad Request for url: https://cds.climate.copernicus.eu/api/retrieve/v1/processes/reanalysis-era5-single-levels/execution
invalid request
None of the data you have requested is available yet, please revise the period requested. The latest date available for this dataset is: 2026-06-14 09:00
[2026-06-19T09:00:05.222+0000] {logging_mixin.py:188} WARNING - 2026-06-19 09:00:05 [WARNING] CDS ยังไม่มีข้อมูล job=instant date=20260618, skip
[2026-06-19T09:00:05.222+0000] {era5_functions.py:335} WARNING - CDS ยังไม่มีข้อมูล job=instant date=20260618, skip
[2026-06-19T09:00:05.224+0000] {logging_mixin.py:188} WARNING - 2026-06-19 09:00:05 [INFO] --- job=instant date=20260617 ---
[2026-06-19T09:00:05.224+0000] {era5_functions.py:330} INFO - --- job=instant date=20260617 ---
[2026-06-19T09:00:06.402+0000] {logging_mixin.py:188} WARNING - 2026-06-19 09:00:06 [WARNING] get_cds_count failed: 400 Client Error: Bad Request for url: https://cds.climate.copernicus.eu/api/retrieve/v1/processes/reanalysis-era5-single-levels/execution
invalid request
None of the data you have requested is available yet, please revise the period requested. The latest date available for this dataset is: 2026-06-14 09:00
[2026-06-19T09:00:06.402+0000] {era5_functions.py:131} WARNING - get_cds_count failed: 400 Client Error: Bad Request for url: https://cds.climate.copernicus.eu/api/retrieve/v1/processes/reanalysis-era5-single-levels/execution
invalid request
None of the data you have requested is available yet, please revise the period requested. The latest date available for this dataset is: 2026-06-14 09:00
[2026-06-19T09:00:06.407+0000] {logging_mixin.py:188} WARNING - 2026-06-19 09:00:06 [WARNING] CDS ยังไม่มีข้อมูล job=instant date=20260617, skip
[2026-06-19T09:00:06.407+0000] {era5_functions.py:335} WARNING - CDS ยังไม่มีข้อมูล job=instant date=20260617, skip
[2026-06-19T09:00:06.410+0000] {logging_mixin.py:188} WARNING - 2026-06-19 09:00:06 [INFO] --- job=instant date=20260616 ---
[2026-06-19T09:00:06.410+0000] {era5_functions.py:330} INFO - --- job=instant date=20260616 ---
[2026-06-19T09:00:07.167+0000] {logging_mixin.py:188} WARNING - 2026-06-19 09:00:07 [WARNING] get_cds_count failed: 400 Client Error: Bad Request for url: https://cds.climate.copernicus.eu/api/retrieve/v1/processes/reanalysis-era5-single-levels/execution
invalid request
None of the data you have requested is available yet, please revise the period requested. The latest date available for this dataset is: 2026-06-14 09:00
[2026-06-19T09:00:07.166+0000] {era5_functions.py:131} WARNING - get_cds_count failed: 400 Client Error: Bad Request for url: https://cds.climate.copernicus.eu/api/retrieve/v1/processes/reanalysis-era5-single-levels/execution
invalid request
None of the data you have requested is available yet, please revise the period requested. The latest date available for this dataset is: 2026-06-14 09:00
[2026-06-19T09:00:07.171+0000] {logging_mixin.py:188} WARNING - 2026-06-19 09:00:07 [WARNING] CDS ยังไม่มีข้อมูล job=instant date=20260616, skip
[2026-06-19T09:00:07.171+0000] {era5_functions.py:335} WARNING - CDS ยังไม่มีข้อมูล job=instant date=20260616, skip
[2026-06-19T09:00:07.175+0000] {logging_mixin.py:188} WARNING - 2026-06-19 09:00:07 [INFO] --- job=instant date=20260615 ---
[2026-06-19T09:00:07.175+0000] {era5_functions.py:330} INFO - --- job=instant date=20260615 ---
[2026-06-19T09:00:07.692+0000] {logging_mixin.py:188} WARNING - 2026-06-19 09:00:07 [WARNING] get_cds_count failed: 400 Client Error: Bad Request for url: https://cds.climate.copernicus.eu/api/retrieve/v1/processes/reanalysis-era5-single-levels/execution
invalid request
None of the data you have requested is available yet, please revise the period requested. The latest date available for this dataset is: 2026-06-14 09:00
[2026-06-19T09:00:07.692+0000] {era5_functions.py:131} WARNING - get_cds_count failed: 400 Client Error: Bad Request for url: https://cds.climate.copernicus.eu/api/retrieve/v1/processes/reanalysis-era5-single-levels/execution
invalid request
None of the data you have requested is available yet, please revise the period requested. The latest date available for this dataset is: 2026-06-14 09:00
[2026-06-19T09:00:07.696+0000] {logging_mixin.py:188} WARNING - 2026-06-19 09:00:07 [WARNING] CDS ยังไม่มีข้อมูล job=instant date=20260615, skip
[2026-06-19T09:00:07.695+0000] {era5_functions.py:335} WARNING - CDS ยังไม่มีข้อมูล job=instant date=20260615, skip
[2026-06-19T09:00:07.697+0000] {logging_mixin.py:188} WARNING - 2026-06-19 09:00:07 [INFO] --- job=instant date=20260614 ---
[2026-06-19T09:00:07.697+0000] {era5_functions.py:330} INFO - --- job=instant date=20260614 ---
[2026-06-19T09:00:09.623+0000] {logging_mixin.py:188} WARNING - 2026-06-19 09:00:09,622 INFO [2025-12-11T00:00:00] Please note that a dedicated catalogue entry for this dataset, post-processed and stored in Analysis Ready Cloud Optimized (ARCO) format (Zarr), is available for optimised time-series retrievals (i.e. for retrieving data from selected variables for a single point over an extended period of time in an efficient way). You can discover it [here](https://cds.climate.copernicus.eu/datasets/reanalysis-era5-single-levels-timeseries?tab=overview)
[2026-06-19T09:00:09.622+0000] {legacy_client.py:192} INFO - [2025-12-11T00:00:00] Please note that a dedicated catalogue entry for this dataset, post-processed and stored in Analysis Ready Cloud Optimized (ARCO) format (Zarr), is available for optimised time-series retrievals (i.e. for retrieving data from selected variables for a single point over an extended period of time in an efficient way). You can discover it [here](https://cds.climate.copernicus.eu/datasets/reanalysis-era5-single-levels-timeseries?tab=overview)
[2026-06-19T09:00:09.627+0000] {logging_mixin.py:188} WARNING - 2026-06-19 09:00:09,627 INFO Request ID is 8e3f4cc6-7ac6-4bac-938c-463d5482c981
[2026-06-19T09:00:09.627+0000] {legacy_client.py:192} INFO - Request ID is 8e3f4cc6-7ac6-4bac-938c-463d5482c981
[2026-06-19T09:00:09.831+0000] {logging_mixin.py:188} WARNING - 2026-06-19 09:00:09,831 INFO status has been updated to accepted
[2026-06-19T09:00:09.831+0000] {legacy_client.py:192} INFO - status has been updated to accepted
[2026-06-19T09:00:27.146+0000] {logging_mixin.py:188} WARNING - 2026-06-19 09:00:27,145 INFO status has been updated to running
[2026-06-19T09:00:27.145+0000] {legacy_client.py:192} INFO - status has been updated to running
[2026-06-19T09:00:34.946+0000] {logging_mixin.py:188} WARNING - 2026-06-19 09:00:34,946 INFO status has been updated to successful
[2026-06-19T09:00:34.946+0000] {legacy_client.py:192} INFO - status has been updated to successful
[2026-06-19T09:00:35.402+0000] {base.py:119} INFO - Downloading https://object-store.os-api.cci2.ecmwf.int:443/cci2-prod-cache-2/2026-06-19/e940db3a07ef17ec434ea7bb3cbd03d3.nc
[2026-06-19T09:00:36.426+0000] {logging_mixin.py:188} WARNING - e940db3a07ef17ec434ea7bb3cbd03d3.nc:   0%|          | 0.00/1.12M [00:00<?, ?B/s]
[2026-06-19T09:00:38.493+0000] {logging_mixin.py:188} WARNING - e940db3a07ef17ec434ea7bb3cbd03d3.nc:  89%|########9 | 1.00M/1.12M [00:02<00:00, 508kB/s]
[2026-06-19T09:00:38.501+0000] {logging_mixin.py:188} WARNING -                                                                                         
[2026-06-19T09:00:38.803+0000] {logging_mixin.py:188} WARNING - 2026-06-19 09:00:38 [INFO] CDS timestep available: 10
[2026-06-19T09:00:38.802+0000] {era5_functions.py:128} INFO - CDS timestep available: 10
[2026-06-19T09:00:38.916+0000] {logging_mixin.py:188} WARNING - 2026-06-19 09:00:38 [INFO] local timestep: 9 — /opt/***/era5/ecmwf/data/nc/_raw/2026/06/14/instant_20260614.nc
[2026-06-19T09:00:38.916+0000] {era5_functions.py:152} INFO - local timestep: 9 — /opt/***/era5/ecmwf/data/nc/_raw/2026/06/14/instant_20260614.nc
[2026-06-19T09:00:38.926+0000] {logging_mixin.py:188} WARNING - 2026-06-19 09:00:38 [INFO] nc outdated (local=9 < cds=10), removing: /opt/***/era5/ecmwf/data/nc/_raw/2026/06/14/instant_20260614.nc
[2026-06-19T09:00:38.926+0000] {era5_functions.py:193} INFO - nc outdated (local=9 < cds=10), removing: /opt/***/era5/ecmwf/data/nc/_raw/2026/06/14/instant_20260614.nc
[2026-06-19T09:00:38.949+0000] {logging_mixin.py:188} WARNING - 2026-06-19 09:00:38 [INFO] download attempt 1/3: /opt/***/era5/ecmwf/data/nc/_raw/2026/06/14/instant_20260614.nc
[2026-06-19T09:00:38.949+0000] {era5_functions.py:200} INFO - download attempt 1/3: /opt/***/era5/ecmwf/data/nc/_raw/2026/06/14/instant_20260614.nc
[2026-06-19T09:00:39.690+0000] {logging_mixin.py:188} WARNING - 2026-06-19 09:00:39,689 INFO [2025-12-11T00:00:00] Please note that a dedicated catalogue entry for this dataset, post-processed and stored in Analysis Ready Cloud Optimized (ARCO) format (Zarr), is available for optimised time-series retrievals (i.e. for retrieving data from selected variables for a single point over an extended period of time in an efficient way). You can discover it [here](https://cds.climate.copernicus.eu/datasets/reanalysis-era5-single-levels-timeseries?tab=overview)
[2026-06-19T09:00:39.689+0000] {legacy_client.py:192} INFO - [2025-12-11T00:00:00] Please note that a dedicated catalogue entry for this dataset, post-processed and stored in Analysis Ready Cloud Optimized (ARCO) format (Zarr), is available for optimised time-series retrievals (i.e. for retrieving data from selected variables for a single point over an extended period of time in an efficient way). You can discover it [here](https://cds.climate.copernicus.eu/datasets/reanalysis-era5-single-levels-timeseries?tab=overview)
[2026-06-19T09:00:39.694+0000] {logging_mixin.py:188} WARNING - 2026-06-19 09:00:39,694 INFO Request ID is 4e76835c-cef2-4ed4-9de4-750685aacab6
[2026-06-19T09:00:39.694+0000] {legacy_client.py:192} INFO - Request ID is 4e76835c-cef2-4ed4-9de4-750685aacab6
[2026-06-19T09:00:40.056+0000] {logging_mixin.py:188} WARNING - 2026-06-19 09:00:40,056 INFO status has been updated to accepted
[2026-06-19T09:00:40.056+0000] {legacy_client.py:192} INFO - status has been updated to accepted
[2026-06-19T09:01:02.250+0000] {logging_mixin.py:188} WARNING - 2026-06-19 09:01:02,250 INFO status has been updated to running
[2026-06-19T09:01:02.250+0000] {legacy_client.py:192} INFO - status has been updated to running
[2026-06-19T09:01:13.852+0000] {logging_mixin.py:188} WARNING - 2026-06-19 09:01:13,851 INFO status has been updated to successful
[2026-06-19T09:01:13.851+0000] {legacy_client.py:192} INFO - status has been updated to successful
[2026-06-19T09:01:15.926+0000] {base.py:119} INFO - Downloading https://object-store.os-api.cci2.ecmwf.int:443/cci2-prod-cache-2/2026-06-19/93d1f07657efc35727e35df3d327e3d8.nc
[2026-06-19T09:01:16.929+0000] {logging_mixin.py:188} WARNING - 93d1f07657efc35727e35df3d327e3d8.nc:   0%|          | 0.00/1.12M [00:00<?, ?B/s]
[2026-06-19T09:01:19.010+0000] {logging_mixin.py:188} WARNING - 93d1f07657efc35727e35df3d327e3d8.nc:  89%|########9 | 1.00M/1.12M [00:02<00:00, 504kB/s]
[2026-06-19T09:01:19.025+0000] {logging_mixin.py:188} WARNING -                                                                                         
[2026-06-19T09:01:19.167+0000] {logging_mixin.py:188} WARNING - 2026-06-19 09:01:19 [INFO] nc downloaded ok: /opt/***/era5/ecmwf/data/nc/_raw/2026/06/14/instant_20260614.nc
[2026-06-19T09:01:19.167+0000] {era5_functions.py:204} INFO - nc downloaded ok: /opt/***/era5/ecmwf/data/nc/_raw/2026/06/14/instant_20260614.nc
[2026-06-19T09:01:19.275+0000] {logging_mixin.py:188} WARNING - 2026-06-19 09:01:19 [INFO] local timestep: 10 — /opt/***/era5/ecmwf/data/nc/_raw/2026/06/14/instant_20260614.nc
[2026-06-19T09:01:19.274+0000] {era5_functions.py:152} INFO - local timestep: 10 — /opt/***/era5/ecmwf/data/nc/_raw/2026/06/14/instant_20260614.nc
[2026-06-19T09:01:19.382+0000] {logging_mixin.py:188} WARNING - 2026-06-19 09:01:19 [INFO] tif outdated (tif=9 < nc=10), removing: /opt/***/era5/ecmwf/data/tif/2026/06/14/t2m_20260614.tif
[2026-06-19T09:01:19.382+0000] {era5_functions.py:261} INFO - tif outdated (tif=9 < nc=10), removing: /opt/***/era5/ecmwf/data/tif/2026/06/14/t2m_20260614.tif
[2026-06-19T09:01:19.488+0000] {logging_mixin.py:188} WARNING - 2026-06-19 09:01:19 [INFO] tif ok (bands=10): /opt/***/era5/ecmwf/data/tif/2026/06/14/t2m_20260614.tif
[2026-06-19T09:01:19.488+0000] {era5_functions.py:304} INFO - tif ok (bands=10): /opt/***/era5/ecmwf/data/tif/2026/06/14/t2m_20260614.tif
[2026-06-19T09:01:19.506+0000] {logging_mixin.py:188} WARNING - 2026-06-19 09:01:19 [INFO] tif outdated (tif=9 < nc=10), removing: /opt/***/era5/ecmwf/data/tif/2026/06/14/d2m_20260614.tif
[2026-06-19T09:01:19.505+0000] {era5_functions.py:261} INFO - tif outdated (tif=9 < nc=10), removing: /opt/***/era5/ecmwf/data/tif/2026/06/14/d2m_20260614.tif
[2026-06-19T09:01:19.602+0000] {logging_mixin.py:188} WARNING - 2026-06-19 09:01:19 [INFO] tif ok (bands=10): /opt/***/era5/ecmwf/data/tif/2026/06/14/d2m_20260614.tif
[2026-06-19T09:01:19.601+0000] {era5_functions.py:304} INFO - tif ok (bands=10): /opt/***/era5/ecmwf/data/tif/2026/06/14/d2m_20260614.tif
[2026-06-19T09:01:19.628+0000] {logging_mixin.py:188} WARNING - 2026-06-19 09:01:19 [INFO] tif outdated (tif=9 < nc=10), removing: /opt/***/era5/ecmwf/data/tif/2026/06/14/sp_20260614.tif
[2026-06-19T09:01:19.628+0000] {era5_functions.py:261} INFO - tif outdated (tif=9 < nc=10), removing: /opt/***/era5/ecmwf/data/tif/2026/06/14/sp_20260614.tif
[2026-06-19T09:01:19.729+0000] {logging_mixin.py:188} WARNING - 2026-06-19 09:01:19 [INFO] tif ok (bands=10): /opt/***/era5/ecmwf/data/tif/2026/06/14/sp_20260614.tif
[2026-06-19T09:01:19.729+0000] {era5_functions.py:304} INFO - tif ok (bands=10): /opt/***/era5/ecmwf/data/tif/2026/06/14/sp_20260614.tif
[2026-06-19T09:01:19.749+0000] {logging_mixin.py:188} WARNING - 2026-06-19 09:01:19 [INFO] tif outdated (tif=9 < nc=10), removing: /opt/***/era5/ecmwf/data/tif/2026/06/14/blh_20260614.tif
[2026-06-19T09:01:19.749+0000] {era5_functions.py:261} INFO - tif outdated (tif=9 < nc=10), removing: /opt/***/era5/ecmwf/data/tif/2026/06/14/blh_20260614.tif
[2026-06-19T09:01:19.866+0000] {logging_mixin.py:188} WARNING - 2026-06-19 09:01:19 [INFO] tif ok (bands=10): /opt/***/era5/ecmwf/data/tif/2026/06/14/blh_20260614.tif
[2026-06-19T09:01:19.866+0000] {era5_functions.py:304} INFO - tif ok (bands=10): /opt/***/era5/ecmwf/data/tif/2026/06/14/blh_20260614.tif
[2026-06-19T09:01:19.890+0000] {logging_mixin.py:188} WARNING - 2026-06-19 09:01:19 [INFO] tif outdated (tif=9 < nc=10), removing: /opt/***/era5/ecmwf/data/tif/2026/06/14/u10_20260614.tif
[2026-06-19T09:01:19.890+0000] {era5_functions.py:261} INFO - tif outdated (tif=9 < nc=10), removing: /opt/***/era5/ecmwf/data/tif/2026/06/14/u10_20260614.tif
[2026-06-19T09:01:19.995+0000] {logging_mixin.py:188} WARNING - 2026-06-19 09:01:19 [INFO] tif ok (bands=10): /opt/***/era5/ecmwf/data/tif/2026/06/14/u10_20260614.tif
[2026-06-19T09:01:19.994+0000] {era5_functions.py:304} INFO - tif ok (bands=10): /opt/***/era5/ecmwf/data/tif/2026/06/14/u10_20260614.tif
[2026-06-19T09:01:20.014+0000] {logging_mixin.py:188} WARNING - 2026-06-19 09:01:20 [INFO] tif outdated (tif=9 < nc=10), removing: /opt/***/era5/ecmwf/data/tif/2026/06/14/v10_20260614.tif
[2026-06-19T09:01:20.014+0000] {era5_functions.py:261} INFO - tif outdated (tif=9 < nc=10), removing: /opt/***/era5/ecmwf/data/tif/2026/06/14/v10_20260614.tif
[2026-06-19T09:01:20.105+0000] {logging_mixin.py:188} WARNING - 2026-06-19 09:01:20 [INFO] tif ok (bands=10): /opt/***/era5/ecmwf/data/tif/2026/06/14/v10_20260614.tif
[2026-06-19T09:01:20.104+0000] {era5_functions.py:304} INFO - tif ok (bands=10): /opt/***/era5/ecmwf/data/tif/2026/06/14/v10_20260614.tif
[2026-06-19T09:01:20.110+0000] {logging_mixin.py:188} WARNING - 2026-06-19 09:01:20 [INFO] === END job=instant date=2026-06-19 ===
[2026-06-19T09:01:20.109+0000] {era5_functions.py:379} INFO - === END job=instant date=2026-06-19 ===
[2026-06-19T09:01:20.111+0000] {python.py:237} INFO - Done. Returned value was: None
[2026-06-19T09:01:20.112+0000] {taskinstance.py:441} INFO - ::group::Post task execution logs
[2026-06-19T09:01:20.125+0000] {taskinstance.py:1206} INFO - Marking task as SUCCESS. dag_id=era5_download_pipeline, task_id=era5_instant, run_id=scheduled__2026-06-19T08:00:00+00:00, execution_date=20260619T080000, start_date=20260619T090001, end_date=20260619T090120
[2026-06-19T09:01:20.195+0000] {local_task_job_runner.py:240} INFO - Task exited with return code 0
[2026-06-19T09:01:20.228+0000] {taskinstance.py:3498} INFO - 1 downstream tasks scheduled from follow-on schedule check
[2026-06-19T09:01:20.231+0000] {local_task_job_runner.py:222} INFO - ::endgroup::
