[2026-06-06T09:01:29.961+0000] {local_task_job_runner.py:120} INFO - ::group::Pre task execution logs
[2026-06-06T09:01:29.995+0000] {taskinstance.py:2076} INFO - Dependencies all met for dep_context=non-requeueable deps ti=<TaskInstance: era5_download_pipeline.era5_accum scheduled__2026-06-06T08:00:00+00:00 [queued]>
[2026-06-06T09:01:30.008+0000] {taskinstance.py:2076} INFO - Dependencies all met for dep_context=requeueable deps ti=<TaskInstance: era5_download_pipeline.era5_accum scheduled__2026-06-06T08:00:00+00:00 [queued]>
[2026-06-06T09:01:30.009+0000] {taskinstance.py:2306} INFO - Starting attempt 1 of 1
[2026-06-06T09:01:30.026+0000] {taskinstance.py:2330} INFO - Executing <Task(PythonOperator): era5_accum> on 2026-06-06 08:00:00+00:00
[2026-06-06T09:01:30.041+0000] {warnings.py:110} WARNING - /home/***/.local/lib/python3.12/site-packages/***/task/task_runner/standard_task_runner.py:61: DeprecationWarning: This process (pid=75977) is multi-threaded, use of fork() may lead to deadlocks in the child.
  pid = os.fork()

[2026-06-06T09:01:30.044+0000] {standard_task_runner.py:63} INFO - Started process 75979 to run task
[2026-06-06T09:01:30.043+0000] {standard_task_runner.py:90} INFO - Running: ['***', 'tasks', 'run', 'era5_download_pipeline', 'era5_accum', 'scheduled__2026-06-06T08:00:00+00:00', '--job-id', '1048', '--raw', '--subdir', 'DAGS_FOLDER/era5_dag.py', '--cfg-path', '/tmp/tmpug2g22e0']
[2026-06-06T09:01:30.047+0000] {standard_task_runner.py:91} INFO - Job 1048: Subtask era5_accum
[2026-06-06T09:01:30.147+0000] {task_command.py:426} INFO - Running <TaskInstance: era5_download_pipeline.era5_accum scheduled__2026-06-06T08:00:00+00:00 [running]> on host 01cd476fb21a
[2026-06-06T09:01:30.285+0000] {taskinstance.py:2648} INFO - Exporting env vars: AIRFLOW_CTX_DAG_OWNER='era5' AIRFLOW_CTX_DAG_ID='era5_download_pipeline' AIRFLOW_CTX_TASK_ID='era5_accum' AIRFLOW_CTX_EXECUTION_DATE='2026-06-06T08:00:00+00:00' AIRFLOW_CTX_TRY_NUMBER='1' AIRFLOW_CTX_DAG_RUN_ID='scheduled__2026-06-06T08:00:00+00:00'
[2026-06-06T09:01:30.290+0000] {taskinstance.py:430} INFO - ::endgroup::
[2026-06-06T09:01:31.385+0000] {logging_mixin.py:188} WARNING - 2026-06-06 09:01:31 [INFO] === START job=accum date=2026-06-06 ===
[2026-06-06T09:01:31.384+0000] {era5_functions.py:368} INFO - === START job=accum date=2026-06-06 ===
[2026-06-06T09:01:31.388+0000] {logging_mixin.py:188} WARNING - 2026-06-06 09:01:31 [INFO] --- job=accum date=20260606 ---
[2026-06-06T09:01:31.388+0000] {era5_functions.py:330} INFO - --- job=accum date=20260606 ---
[2026-06-06T09:01:33.031+0000] {logging_mixin.py:188} WARNING - 2026-06-06 09:01:33 [WARNING] get_cds_count failed: 400 Client Error: Bad Request for url: https://cds.climate.copernicus.eu/api/retrieve/v1/processes/reanalysis-era5-single-levels/execution
invalid request
None of the data you have requested is available yet, please revise the period requested. The latest date available for this dataset is: 2026-06-01 09:00
[2026-06-06T09:01:33.031+0000] {era5_functions.py:131} WARNING - get_cds_count failed: 400 Client Error: Bad Request for url: https://cds.climate.copernicus.eu/api/retrieve/v1/processes/reanalysis-era5-single-levels/execution
invalid request
None of the data you have requested is available yet, please revise the period requested. The latest date available for this dataset is: 2026-06-01 09:00
[2026-06-06T09:01:33.034+0000] {logging_mixin.py:188} WARNING - 2026-06-06 09:01:33 [WARNING] CDS ยังไม่มีข้อมูล job=accum date=20260606, skip
[2026-06-06T09:01:33.034+0000] {era5_functions.py:335} WARNING - CDS ยังไม่มีข้อมูล job=accum date=20260606, skip
[2026-06-06T09:01:33.036+0000] {logging_mixin.py:188} WARNING - 2026-06-06 09:01:33 [INFO] --- job=accum date=20260605 ---
[2026-06-06T09:01:33.036+0000] {era5_functions.py:330} INFO - --- job=accum date=20260605 ---
[2026-06-06T09:01:33.666+0000] {logging_mixin.py:188} WARNING - 2026-06-06 09:01:33 [WARNING] get_cds_count failed: 400 Client Error: Bad Request for url: https://cds.climate.copernicus.eu/api/retrieve/v1/processes/reanalysis-era5-single-levels/execution
invalid request
None of the data you have requested is available yet, please revise the period requested. The latest date available for this dataset is: 2026-06-01 09:00
[2026-06-06T09:01:33.666+0000] {era5_functions.py:131} WARNING - get_cds_count failed: 400 Client Error: Bad Request for url: https://cds.climate.copernicus.eu/api/retrieve/v1/processes/reanalysis-era5-single-levels/execution
invalid request
None of the data you have requested is available yet, please revise the period requested. The latest date available for this dataset is: 2026-06-01 09:00
[2026-06-06T09:01:33.672+0000] {logging_mixin.py:188} WARNING - 2026-06-06 09:01:33 [WARNING] CDS ยังไม่มีข้อมูล job=accum date=20260605, skip
[2026-06-06T09:01:33.671+0000] {era5_functions.py:335} WARNING - CDS ยังไม่มีข้อมูล job=accum date=20260605, skip
[2026-06-06T09:01:33.675+0000] {logging_mixin.py:188} WARNING - 2026-06-06 09:01:33 [INFO] --- job=accum date=20260604 ---
[2026-06-06T09:01:33.675+0000] {era5_functions.py:330} INFO - --- job=accum date=20260604 ---
[2026-06-06T09:01:34.354+0000] {logging_mixin.py:188} WARNING - 2026-06-06 09:01:34 [WARNING] get_cds_count failed: 400 Client Error: Bad Request for url: https://cds.climate.copernicus.eu/api/retrieve/v1/processes/reanalysis-era5-single-levels/execution
invalid request
None of the data you have requested is available yet, please revise the period requested. The latest date available for this dataset is: 2026-06-01 09:00
[2026-06-06T09:01:34.354+0000] {era5_functions.py:131} WARNING - get_cds_count failed: 400 Client Error: Bad Request for url: https://cds.climate.copernicus.eu/api/retrieve/v1/processes/reanalysis-era5-single-levels/execution
invalid request
None of the data you have requested is available yet, please revise the period requested. The latest date available for this dataset is: 2026-06-01 09:00
[2026-06-06T09:01:34.360+0000] {logging_mixin.py:188} WARNING - 2026-06-06 09:01:34 [WARNING] CDS ยังไม่มีข้อมูล job=accum date=20260604, skip
[2026-06-06T09:01:34.360+0000] {era5_functions.py:335} WARNING - CDS ยังไม่มีข้อมูล job=accum date=20260604, skip
[2026-06-06T09:01:34.364+0000] {logging_mixin.py:188} WARNING - 2026-06-06 09:01:34 [INFO] --- job=accum date=20260603 ---
[2026-06-06T09:01:34.364+0000] {era5_functions.py:330} INFO - --- job=accum date=20260603 ---
[2026-06-06T09:01:34.982+0000] {logging_mixin.py:188} WARNING - 2026-06-06 09:01:34 [WARNING] get_cds_count failed: 400 Client Error: Bad Request for url: https://cds.climate.copernicus.eu/api/retrieve/v1/processes/reanalysis-era5-single-levels/execution
invalid request
None of the data you have requested is available yet, please revise the period requested. The latest date available for this dataset is: 2026-06-01 09:00
[2026-06-06T09:01:34.981+0000] {era5_functions.py:131} WARNING - get_cds_count failed: 400 Client Error: Bad Request for url: https://cds.climate.copernicus.eu/api/retrieve/v1/processes/reanalysis-era5-single-levels/execution
invalid request
None of the data you have requested is available yet, please revise the period requested. The latest date available for this dataset is: 2026-06-01 09:00
[2026-06-06T09:01:34.988+0000] {logging_mixin.py:188} WARNING - 2026-06-06 09:01:34 [WARNING] CDS ยังไม่มีข้อมูล job=accum date=20260603, skip
[2026-06-06T09:01:34.987+0000] {era5_functions.py:335} WARNING - CDS ยังไม่มีข้อมูล job=accum date=20260603, skip
[2026-06-06T09:01:34.991+0000] {logging_mixin.py:188} WARNING - 2026-06-06 09:01:34 [INFO] --- job=accum date=20260602 ---
[2026-06-06T09:01:34.991+0000] {era5_functions.py:330} INFO - --- job=accum date=20260602 ---
[2026-06-06T09:01:35.484+0000] {logging_mixin.py:188} WARNING - 2026-06-06 09:01:35 [WARNING] get_cds_count failed: 400 Client Error: Bad Request for url: https://cds.climate.copernicus.eu/api/retrieve/v1/processes/reanalysis-era5-single-levels/execution
invalid request
None of the data you have requested is available yet, please revise the period requested. The latest date available for this dataset is: 2026-06-01 09:00
[2026-06-06T09:01:35.483+0000] {era5_functions.py:131} WARNING - get_cds_count failed: 400 Client Error: Bad Request for url: https://cds.climate.copernicus.eu/api/retrieve/v1/processes/reanalysis-era5-single-levels/execution
invalid request
None of the data you have requested is available yet, please revise the period requested. The latest date available for this dataset is: 2026-06-01 09:00
[2026-06-06T09:01:35.489+0000] {logging_mixin.py:188} WARNING - 2026-06-06 09:01:35 [WARNING] CDS ยังไม่มีข้อมูล job=accum date=20260602, skip
[2026-06-06T09:01:35.489+0000] {era5_functions.py:335} WARNING - CDS ยังไม่มีข้อมูล job=accum date=20260602, skip
[2026-06-06T09:01:35.493+0000] {logging_mixin.py:188} WARNING - 2026-06-06 09:01:35 [INFO] --- job=accum date=20260601 ---
[2026-06-06T09:01:35.493+0000] {era5_functions.py:330} INFO - --- job=accum date=20260601 ---
[2026-06-06T09:01:36.032+0000] {logging_mixin.py:188} WARNING - 2026-06-06 09:01:36,032 INFO [2025-12-11T00:00:00] Please note that a dedicated catalogue entry for this dataset, post-processed and stored in Analysis Ready Cloud Optimized (ARCO) format (Zarr), is available for optimised time-series retrievals (i.e. for retrieving data from selected variables for a single point over an extended period of time in an efficient way). You can discover it [here](https://cds.climate.copernicus.eu/datasets/reanalysis-era5-single-levels-timeseries?tab=overview)
[2026-06-06T09:01:36.032+0000] {legacy_client.py:192} INFO - [2025-12-11T00:00:00] Please note that a dedicated catalogue entry for this dataset, post-processed and stored in Analysis Ready Cloud Optimized (ARCO) format (Zarr), is available for optimised time-series retrievals (i.e. for retrieving data from selected variables for a single point over an extended period of time in an efficient way). You can discover it [here](https://cds.climate.copernicus.eu/datasets/reanalysis-era5-single-levels-timeseries?tab=overview)
[2026-06-06T09:01:36.038+0000] {logging_mixin.py:188} WARNING - 2026-06-06 09:01:36,037 INFO Request ID is ae8d051a-a9a7-4b6c-9b07-728776363777
[2026-06-06T09:01:36.037+0000] {legacy_client.py:192} INFO - Request ID is ae8d051a-a9a7-4b6c-9b07-728776363777
[2026-06-06T09:01:36.243+0000] {logging_mixin.py:188} WARNING - 2026-06-06 09:01:36,243 INFO status has been updated to accepted
[2026-06-06T09:01:36.243+0000] {legacy_client.py:192} INFO - status has been updated to accepted
[2026-06-06T09:01:58.275+0000] {logging_mixin.py:188} WARNING - 2026-06-06 09:01:58,274 INFO status has been updated to running
[2026-06-06T09:01:58.274+0000] {legacy_client.py:192} INFO - status has been updated to running
[2026-06-06T09:02:09.873+0000] {logging_mixin.py:188} WARNING - 2026-06-06 09:02:09,873 INFO status has been updated to successful
[2026-06-06T09:02:09.873+0000] {legacy_client.py:192} INFO - status has been updated to successful
[2026-06-06T09:02:11.744+0000] {base.py:119} INFO - Downloading https://object-store.os-api.cci2.ecmwf.int:443/cci2-prod-cache-3/2026-06-06/cf7885c3fb64b6e4067062b74aa955e9.nc
[2026-06-06T09:02:12.762+0000] {logging_mixin.py:188} WARNING - cf7885c3fb64b6e4067062b74aa955e9.nc:   0%|          | 0.00/157k [00:00<?, ?B/s]
[2026-06-06T09:02:14.007+0000] {logging_mixin.py:188} WARNING - cf7885c3fb64b6e4067062b74aa955e9.nc: 100%|##########| 157k/157k [00:01<00:00, 130kB/s]
[2026-06-06T09:02:14.012+0000] {logging_mixin.py:188} WARNING -                                                                                       
[2026-06-06T09:02:14.304+0000] {logging_mixin.py:188} WARNING - 2026-06-06 09:02:14 [INFO] CDS timestep available: 10
[2026-06-06T09:02:14.303+0000] {era5_functions.py:128} INFO - CDS timestep available: 10
[2026-06-06T09:02:14.354+0000] {logging_mixin.py:188} WARNING - 2026-06-06 09:02:14 [INFO] local timestep: 9 — /opt/***/era5/ecmwf/data/nc/_raw/2026/06/01/accum_20260601.nc
[2026-06-06T09:02:14.354+0000] {era5_functions.py:152} INFO - local timestep: 9 — /opt/***/era5/ecmwf/data/nc/_raw/2026/06/01/accum_20260601.nc
[2026-06-06T09:02:14.363+0000] {logging_mixin.py:188} WARNING - 2026-06-06 09:02:14 [INFO] nc outdated (local=9 < cds=10), removing: /opt/***/era5/ecmwf/data/nc/_raw/2026/06/01/accum_20260601.nc
[2026-06-06T09:02:14.363+0000] {era5_functions.py:193} INFO - nc outdated (local=9 < cds=10), removing: /opt/***/era5/ecmwf/data/nc/_raw/2026/06/01/accum_20260601.nc
[2026-06-06T09:02:14.386+0000] {logging_mixin.py:188} WARNING - 2026-06-06 09:02:14 [INFO] download attempt 1/3: /opt/***/era5/ecmwf/data/nc/_raw/2026/06/01/accum_20260601.nc
[2026-06-06T09:02:14.386+0000] {era5_functions.py:200} INFO - download attempt 1/3: /opt/***/era5/ecmwf/data/nc/_raw/2026/06/01/accum_20260601.nc
[2026-06-06T09:02:15.099+0000] {logging_mixin.py:188} WARNING - 2026-06-06 09:02:15,099 INFO [2025-12-11T00:00:00] Please note that a dedicated catalogue entry for this dataset, post-processed and stored in Analysis Ready Cloud Optimized (ARCO) format (Zarr), is available for optimised time-series retrievals (i.e. for retrieving data from selected variables for a single point over an extended period of time in an efficient way). You can discover it [here](https://cds.climate.copernicus.eu/datasets/reanalysis-era5-single-levels-timeseries?tab=overview)
[2026-06-06T09:02:15.099+0000] {legacy_client.py:192} INFO - [2025-12-11T00:00:00] Please note that a dedicated catalogue entry for this dataset, post-processed and stored in Analysis Ready Cloud Optimized (ARCO) format (Zarr), is available for optimised time-series retrievals (i.e. for retrieving data from selected variables for a single point over an extended period of time in an efficient way). You can discover it [here](https://cds.climate.copernicus.eu/datasets/reanalysis-era5-single-levels-timeseries?tab=overview)
[2026-06-06T09:02:15.102+0000] {logging_mixin.py:188} WARNING - 2026-06-06 09:02:15,101 INFO Request ID is ab61c28a-7278-4f5e-9e93-7df8d4815c7a
[2026-06-06T09:02:15.101+0000] {legacy_client.py:192} INFO - Request ID is ab61c28a-7278-4f5e-9e93-7df8d4815c7a
[2026-06-06T09:02:15.308+0000] {logging_mixin.py:188} WARNING - 2026-06-06 09:02:15,308 INFO status has been updated to accepted
[2026-06-06T09:02:15.308+0000] {legacy_client.py:192} INFO - status has been updated to accepted
[2026-06-06T09:02:37.516+0000] {logging_mixin.py:188} WARNING - 2026-06-06 09:02:37,515 INFO status has been updated to running
[2026-06-06T09:02:37.515+0000] {legacy_client.py:192} INFO - status has been updated to running
[2026-06-06T09:02:49.114+0000] {logging_mixin.py:188} WARNING - 2026-06-06 09:02:49,113 INFO status has been updated to successful
[2026-06-06T09:02:49.113+0000] {legacy_client.py:192} INFO - status has been updated to successful
[2026-06-06T09:02:49.549+0000] {base.py:119} INFO - Downloading https://object-store.os-api.cci2.ecmwf.int:443/cci2-prod-cache-3/2026-06-06/da0ea20182abff67dc5bf03f688b464a.nc
[2026-06-06T09:02:50.275+0000] {logging_mixin.py:188} WARNING - da0ea20182abff67dc5bf03f688b464a.nc:   0%|          | 0.00/157k [00:00<?, ?B/s]
[2026-06-06T09:02:51.499+0000] {logging_mixin.py:188} WARNING - da0ea20182abff67dc5bf03f688b464a.nc: 100%|##########| 157k/157k [00:01<00:00, 132kB/s]
[2026-06-06T09:02:51.515+0000] {logging_mixin.py:188} WARNING -                                                                                       
[2026-06-06T09:02:51.596+0000] {logging_mixin.py:188} WARNING - 2026-06-06 09:02:51 [INFO] nc downloaded ok: /opt/***/era5/ecmwf/data/nc/_raw/2026/06/01/accum_20260601.nc
[2026-06-06T09:02:51.596+0000] {era5_functions.py:204} INFO - nc downloaded ok: /opt/***/era5/ecmwf/data/nc/_raw/2026/06/01/accum_20260601.nc
[2026-06-06T09:02:51.656+0000] {logging_mixin.py:188} WARNING - 2026-06-06 09:02:51 [INFO] local timestep: 10 — /opt/***/era5/ecmwf/data/nc/_raw/2026/06/01/accum_20260601.nc
[2026-06-06T09:02:51.656+0000] {era5_functions.py:152} INFO - local timestep: 10 — /opt/***/era5/ecmwf/data/nc/_raw/2026/06/01/accum_20260601.nc
[2026-06-06T09:02:51.726+0000] {logging_mixin.py:188} WARNING - 2026-06-06 09:02:51 [INFO] tif outdated (tif=9 < nc=10), removing: /opt/***/era5/ecmwf/data/tif/2026/06/01/tp_20260601.tif
[2026-06-06T09:02:51.726+0000] {era5_functions.py:261} INFO - tif outdated (tif=9 < nc=10), removing: /opt/***/era5/ecmwf/data/tif/2026/06/01/tp_20260601.tif
[2026-06-06T09:02:51.818+0000] {logging_mixin.py:188} WARNING - 2026-06-06 09:02:51 [INFO] tif ok (bands=10): /opt/***/era5/ecmwf/data/tif/2026/06/01/tp_20260601.tif
[2026-06-06T09:02:51.818+0000] {era5_functions.py:304} INFO - tif ok (bands=10): /opt/***/era5/ecmwf/data/tif/2026/06/01/tp_20260601.tif
[2026-06-06T09:02:51.823+0000] {logging_mixin.py:188} WARNING - 2026-06-06 09:02:51 [INFO] === END job=accum date=2026-06-06 ===
[2026-06-06T09:02:51.823+0000] {era5_functions.py:379} INFO - === END job=accum date=2026-06-06 ===
[2026-06-06T09:02:51.825+0000] {python.py:237} INFO - Done. Returned value was: None
[2026-06-06T09:02:51.825+0000] {taskinstance.py:441} INFO - ::group::Post task execution logs
[2026-06-06T09:02:51.840+0000] {taskinstance.py:1206} INFO - Marking task as SUCCESS. dag_id=era5_download_pipeline, task_id=era5_accum, run_id=scheduled__2026-06-06T08:00:00+00:00, execution_date=20260606T080000, start_date=20260606T090129, end_date=20260606T090251
[2026-06-06T09:02:51.902+0000] {local_task_job_runner.py:240} INFO - Task exited with return code 0
[2026-06-06T09:02:51.922+0000] {taskinstance.py:3498} INFO - 0 downstream tasks scheduled from follow-on schedule check
[2026-06-06T09:02:51.925+0000] {local_task_job_runner.py:222} INFO - ::endgroup::
