[2026-06-06T03:01:37.748+0000] {local_task_job_runner.py:120} INFO - ::group::Pre task execution logs
[2026-06-06T03:01:37.771+0000] {taskinstance.py:2076} INFO - Dependencies all met for dep_context=non-requeueable deps ti=<TaskInstance: era5_download_pipeline.era5_accum scheduled__2026-06-06T02:00:00+00:00 [queued]>
[2026-06-06T03:01:37.782+0000] {taskinstance.py:2076} INFO - Dependencies all met for dep_context=requeueable deps ti=<TaskInstance: era5_download_pipeline.era5_accum scheduled__2026-06-06T02:00:00+00:00 [queued]>
[2026-06-06T03:01:37.784+0000] {taskinstance.py:2306} INFO - Starting attempt 1 of 1
[2026-06-06T03:01:37.798+0000] {taskinstance.py:2330} INFO - Executing <Task(PythonOperator): era5_accum> on 2026-06-06 02:00:00+00:00
[2026-06-06T03:01:37.809+0000] {warnings.py:110} WARNING - /home/***/.local/lib/python3.12/site-packages/***/task/task_runner/standard_task_runner.py:61: DeprecationWarning: This process (pid=71350) is multi-threaded, use of fork() may lead to deadlocks in the child.
  pid = os.fork()

[2026-06-06T03:01:37.811+0000] {standard_task_runner.py:63} INFO - Started process 71352 to run task
[2026-06-06T03:01:37.811+0000] {standard_task_runner.py:90} INFO - Running: ['***', 'tasks', 'run', 'era5_download_pipeline', 'era5_accum', 'scheduled__2026-06-06T02:00:00+00:00', '--job-id', '1030', '--raw', '--subdir', 'DAGS_FOLDER/era5_dag.py', '--cfg-path', '/tmp/tmp8dhyn_1b']
[2026-06-06T03:01:37.815+0000] {standard_task_runner.py:91} INFO - Job 1030: Subtask era5_accum
[2026-06-06T03:01:37.898+0000] {task_command.py:426} INFO - Running <TaskInstance: era5_download_pipeline.era5_accum scheduled__2026-06-06T02:00:00+00:00 [running]> on host 01cd476fb21a
[2026-06-06T03:01:38.045+0000] {taskinstance.py:2648} INFO - Exporting env vars: AIRFLOW_CTX_DAG_OWNER='era5' AIRFLOW_CTX_DAG_ID='era5_download_pipeline' AIRFLOW_CTX_TASK_ID='era5_accum' AIRFLOW_CTX_EXECUTION_DATE='2026-06-06T02:00:00+00:00' AIRFLOW_CTX_TRY_NUMBER='1' AIRFLOW_CTX_DAG_RUN_ID='scheduled__2026-06-06T02:00:00+00:00'
[2026-06-06T03:01:38.048+0000] {taskinstance.py:430} INFO - ::endgroup::
[2026-06-06T03:01:39.108+0000] {logging_mixin.py:188} WARNING - 2026-06-06 03:01:39 [INFO] === START job=accum date=2026-06-06 ===
[2026-06-06T03:01:39.107+0000] {era5_functions.py:368} INFO - === START job=accum date=2026-06-06 ===
[2026-06-06T03:01:39.111+0000] {logging_mixin.py:188} WARNING - 2026-06-06 03:01:39 [INFO] --- job=accum date=20260606 ---
[2026-06-06T03:01:39.111+0000] {era5_functions.py:330} INFO - --- job=accum date=20260606 ---
[2026-06-06T03:01:39.693+0000] {logging_mixin.py:188} WARNING - 2026-06-06 03:01:39 [WARNING] get_cds_count failed: 400 Client Error: Bad Request for url: https://cds.climate.copernicus.eu/api/retrieve/v1/processes/reanalysis-era5-single-levels/execution
invalid request
None of the data you have requested is available yet, please revise the period requested. The latest date available for this dataset is: 2026-06-01 03:00
[2026-06-06T03:01:39.692+0000] {era5_functions.py:131} WARNING - get_cds_count failed: 400 Client Error: Bad Request for url: https://cds.climate.copernicus.eu/api/retrieve/v1/processes/reanalysis-era5-single-levels/execution
invalid request
None of the data you have requested is available yet, please revise the period requested. The latest date available for this dataset is: 2026-06-01 03:00
[2026-06-06T03:01:39.696+0000] {logging_mixin.py:188} WARNING - 2026-06-06 03:01:39 [WARNING] CDS ยังไม่มีข้อมูล job=accum date=20260606, skip
[2026-06-06T03:01:39.696+0000] {era5_functions.py:335} WARNING - CDS ยังไม่มีข้อมูล job=accum date=20260606, skip
[2026-06-06T03:01:39.698+0000] {logging_mixin.py:188} WARNING - 2026-06-06 03:01:39 [INFO] --- job=accum date=20260605 ---
[2026-06-06T03:01:39.698+0000] {era5_functions.py:330} INFO - --- job=accum date=20260605 ---
[2026-06-06T03:01:40.310+0000] {logging_mixin.py:188} WARNING - 2026-06-06 03:01:40 [WARNING] get_cds_count failed: 400 Client Error: Bad Request for url: https://cds.climate.copernicus.eu/api/retrieve/v1/processes/reanalysis-era5-single-levels/execution
invalid request
None of the data you have requested is available yet, please revise the period requested. The latest date available for this dataset is: 2026-06-01 03:00
[2026-06-06T03:01:40.310+0000] {era5_functions.py:131} WARNING - get_cds_count failed: 400 Client Error: Bad Request for url: https://cds.climate.copernicus.eu/api/retrieve/v1/processes/reanalysis-era5-single-levels/execution
invalid request
None of the data you have requested is available yet, please revise the period requested. The latest date available for this dataset is: 2026-06-01 03:00
[2026-06-06T03:01:40.315+0000] {logging_mixin.py:188} WARNING - 2026-06-06 03:01:40 [WARNING] CDS ยังไม่มีข้อมูล job=accum date=20260605, skip
[2026-06-06T03:01:40.315+0000] {era5_functions.py:335} WARNING - CDS ยังไม่มีข้อมูล job=accum date=20260605, skip
[2026-06-06T03:01:40.318+0000] {logging_mixin.py:188} WARNING - 2026-06-06 03:01:40 [INFO] --- job=accum date=20260604 ---
[2026-06-06T03:01:40.318+0000] {era5_functions.py:330} INFO - --- job=accum date=20260604 ---
[2026-06-06T03:01:40.982+0000] {logging_mixin.py:188} WARNING - 2026-06-06 03:01:40 [WARNING] get_cds_count failed: 400 Client Error: Bad Request for url: https://cds.climate.copernicus.eu/api/retrieve/v1/processes/reanalysis-era5-single-levels/execution
invalid request
None of the data you have requested is available yet, please revise the period requested. The latest date available for this dataset is: 2026-06-01 03:00
[2026-06-06T03:01:40.982+0000] {era5_functions.py:131} WARNING - get_cds_count failed: 400 Client Error: Bad Request for url: https://cds.climate.copernicus.eu/api/retrieve/v1/processes/reanalysis-era5-single-levels/execution
invalid request
None of the data you have requested is available yet, please revise the period requested. The latest date available for this dataset is: 2026-06-01 03:00
[2026-06-06T03:01:40.986+0000] {logging_mixin.py:188} WARNING - 2026-06-06 03:01:40 [WARNING] CDS ยังไม่มีข้อมูล job=accum date=20260604, skip
[2026-06-06T03:01:40.986+0000] {era5_functions.py:335} WARNING - CDS ยังไม่มีข้อมูล job=accum date=20260604, skip
[2026-06-06T03:01:40.988+0000] {logging_mixin.py:188} WARNING - 2026-06-06 03:01:40 [INFO] --- job=accum date=20260603 ---
[2026-06-06T03:01:40.988+0000] {era5_functions.py:330} INFO - --- job=accum date=20260603 ---
[2026-06-06T03:01:41.604+0000] {logging_mixin.py:188} WARNING - 2026-06-06 03:01:41 [WARNING] get_cds_count failed: 400 Client Error: Bad Request for url: https://cds.climate.copernicus.eu/api/retrieve/v1/processes/reanalysis-era5-single-levels/execution
invalid request
None of the data you have requested is available yet, please revise the period requested. The latest date available for this dataset is: 2026-06-01 03:00
[2026-06-06T03:01:41.604+0000] {era5_functions.py:131} WARNING - get_cds_count failed: 400 Client Error: Bad Request for url: https://cds.climate.copernicus.eu/api/retrieve/v1/processes/reanalysis-era5-single-levels/execution
invalid request
None of the data you have requested is available yet, please revise the period requested. The latest date available for this dataset is: 2026-06-01 03:00
[2026-06-06T03:01:41.607+0000] {logging_mixin.py:188} WARNING - 2026-06-06 03:01:41 [WARNING] CDS ยังไม่มีข้อมูล job=accum date=20260603, skip
[2026-06-06T03:01:41.607+0000] {era5_functions.py:335} WARNING - CDS ยังไม่มีข้อมูล job=accum date=20260603, skip
[2026-06-06T03:01:41.609+0000] {logging_mixin.py:188} WARNING - 2026-06-06 03:01:41 [INFO] --- job=accum date=20260602 ---
[2026-06-06T03:01:41.609+0000] {era5_functions.py:330} INFO - --- job=accum date=20260602 ---
[2026-06-06T03:01:42.938+0000] {logging_mixin.py:188} WARNING - 2026-06-06 03:01:42 [WARNING] get_cds_count failed: 400 Client Error: Bad Request for url: https://cds.climate.copernicus.eu/api/retrieve/v1/processes/reanalysis-era5-single-levels/execution
invalid request
None of the data you have requested is available yet, please revise the period requested. The latest date available for this dataset is: 2026-06-01 03:00
[2026-06-06T03:01:42.938+0000] {era5_functions.py:131} WARNING - get_cds_count failed: 400 Client Error: Bad Request for url: https://cds.climate.copernicus.eu/api/retrieve/v1/processes/reanalysis-era5-single-levels/execution
invalid request
None of the data you have requested is available yet, please revise the period requested. The latest date available for this dataset is: 2026-06-01 03:00
[2026-06-06T03:01:42.942+0000] {logging_mixin.py:188} WARNING - 2026-06-06 03:01:42 [WARNING] CDS ยังไม่มีข้อมูล job=accum date=20260602, skip
[2026-06-06T03:01:42.942+0000] {era5_functions.py:335} WARNING - CDS ยังไม่มีข้อมูล job=accum date=20260602, skip
[2026-06-06T03:01:42.945+0000] {logging_mixin.py:188} WARNING - 2026-06-06 03:01:42 [INFO] --- job=accum date=20260601 ---
[2026-06-06T03:01:42.945+0000] {era5_functions.py:330} INFO - --- job=accum date=20260601 ---
[2026-06-06T03:01:43.668+0000] {logging_mixin.py:188} WARNING - 2026-06-06 03:01:43,668 INFO [2025-12-11T00:00:00] Please note that a dedicated catalogue entry for this dataset, post-processed and stored in Analysis Ready Cloud Optimized (ARCO) format (Zarr), is available for optimised time-series retrievals (i.e. for retrieving data from selected variables for a single point over an extended period of time in an efficient way). You can discover it [here](https://cds.climate.copernicus.eu/datasets/reanalysis-era5-single-levels-timeseries?tab=overview)
[2026-06-06T03:01:43.668+0000] {legacy_client.py:192} INFO - [2025-12-11T00:00:00] Please note that a dedicated catalogue entry for this dataset, post-processed and stored in Analysis Ready Cloud Optimized (ARCO) format (Zarr), is available for optimised time-series retrievals (i.e. for retrieving data from selected variables for a single point over an extended period of time in an efficient way). You can discover it [here](https://cds.climate.copernicus.eu/datasets/reanalysis-era5-single-levels-timeseries?tab=overview)
[2026-06-06T03:01:43.671+0000] {logging_mixin.py:188} WARNING - 2026-06-06 03:01:43,671 INFO Request ID is 6b0d9137-b6e5-488e-9491-19541441bffe
[2026-06-06T03:01:43.671+0000] {legacy_client.py:192} INFO - Request ID is 6b0d9137-b6e5-488e-9491-19541441bffe
[2026-06-06T03:01:43.894+0000] {logging_mixin.py:188} WARNING - 2026-06-06 03:01:43,893 INFO status has been updated to accepted
[2026-06-06T03:01:43.893+0000] {legacy_client.py:192} INFO - status has been updated to accepted
[2026-06-06T03:02:06.147+0000] {logging_mixin.py:188} WARNING - 2026-06-06 03:02:06,146 INFO status has been updated to successful
[2026-06-06T03:02:06.146+0000] {legacy_client.py:192} INFO - status has been updated to successful
[2026-06-06T03:02:06.576+0000] {base.py:119} INFO - Downloading https://object-store.os-api.cci2.ecmwf.int:443/cci2-prod-cache-2/2026-06-06/31c0f476503a94a284a52d9a8f96f632.nc
[2026-06-06T03:02:07.296+0000] {logging_mixin.py:188} WARNING - 31c0f476503a94a284a52d9a8f96f632.nc:   0%|          | 0.00/76.3k [00:00<?, ?B/s]
[2026-06-06T03:02:08.664+0000] {logging_mixin.py:188} WARNING - 31c0f476503a94a284a52d9a8f96f632.nc: 100%|##########| 76.3k/76.3k [00:01<00:00, 57.2kB/s]
[2026-06-06T03:02:08.669+0000] {logging_mixin.py:188} WARNING -                                                                                          
[2026-06-06T03:02:09.022+0000] {logging_mixin.py:188} WARNING - 2026-06-06 03:02:09 [INFO] CDS timestep available: 4
[2026-06-06T03:02:09.022+0000] {era5_functions.py:128} INFO - CDS timestep available: 4
[2026-06-06T03:02:09.085+0000] {logging_mixin.py:188} WARNING - 2026-06-06 03:02:09 [INFO] local timestep: 3 — /opt/***/era5/ecmwf/data/nc/_raw/2026/06/01/accum_20260601.nc
[2026-06-06T03:02:09.085+0000] {era5_functions.py:152} INFO - local timestep: 3 — /opt/***/era5/ecmwf/data/nc/_raw/2026/06/01/accum_20260601.nc
[2026-06-06T03:02:09.094+0000] {logging_mixin.py:188} WARNING - 2026-06-06 03:02:09 [INFO] nc outdated (local=3 < cds=4), removing: /opt/***/era5/ecmwf/data/nc/_raw/2026/06/01/accum_20260601.nc
[2026-06-06T03:02:09.094+0000] {era5_functions.py:193} INFO - nc outdated (local=3 < cds=4), removing: /opt/***/era5/ecmwf/data/nc/_raw/2026/06/01/accum_20260601.nc
[2026-06-06T03:02:09.116+0000] {logging_mixin.py:188} WARNING - 2026-06-06 03:02:09 [INFO] download attempt 1/3: /opt/***/era5/ecmwf/data/nc/_raw/2026/06/01/accum_20260601.nc
[2026-06-06T03:02:09.116+0000] {era5_functions.py:200} INFO - download attempt 1/3: /opt/***/era5/ecmwf/data/nc/_raw/2026/06/01/accum_20260601.nc
[2026-06-06T03:02:09.965+0000] {logging_mixin.py:188} WARNING - 2026-06-06 03:02:09,964 INFO [2025-12-11T00:00:00] Please note that a dedicated catalogue entry for this dataset, post-processed and stored in Analysis Ready Cloud Optimized (ARCO) format (Zarr), is available for optimised time-series retrievals (i.e. for retrieving data from selected variables for a single point over an extended period of time in an efficient way). You can discover it [here](https://cds.climate.copernicus.eu/datasets/reanalysis-era5-single-levels-timeseries?tab=overview)
[2026-06-06T03:02:09.964+0000] {legacy_client.py:192} INFO - [2025-12-11T00:00:00] Please note that a dedicated catalogue entry for this dataset, post-processed and stored in Analysis Ready Cloud Optimized (ARCO) format (Zarr), is available for optimised time-series retrievals (i.e. for retrieving data from selected variables for a single point over an extended period of time in an efficient way). You can discover it [here](https://cds.climate.copernicus.eu/datasets/reanalysis-era5-single-levels-timeseries?tab=overview)
[2026-06-06T03:02:09.968+0000] {logging_mixin.py:188} WARNING - 2026-06-06 03:02:09,968 INFO Request ID is e68d5b65-bce5-4a56-b417-d43abf113a5a
[2026-06-06T03:02:09.968+0000] {legacy_client.py:192} INFO - Request ID is e68d5b65-bce5-4a56-b417-d43abf113a5a
[2026-06-06T03:02:10.194+0000] {logging_mixin.py:188} WARNING - 2026-06-06 03:02:10,194 INFO status has been updated to accepted
[2026-06-06T03:02:10.194+0000] {legacy_client.py:192} INFO - status has been updated to accepted
[2026-06-06T03:02:33.012+0000] {logging_mixin.py:188} WARNING - 2026-06-06 03:02:33,011 INFO status has been updated to running
[2026-06-06T03:02:33.011+0000] {legacy_client.py:192} INFO - status has been updated to running
[2026-06-06T03:02:44.621+0000] {logging_mixin.py:188} WARNING - 2026-06-06 03:02:44,620 INFO status has been updated to successful
[2026-06-06T03:02:44.620+0000] {legacy_client.py:192} INFO - status has been updated to successful
[2026-06-06T03:02:45.068+0000] {base.py:119} INFO - Downloading https://object-store.os-api.cci2.ecmwf.int:443/cci2-prod-cache-1/2026-06-06/fde86dc31bb7df96667a98a3c687da0d.nc
[2026-06-06T03:02:45.760+0000] {logging_mixin.py:188} WARNING - fde86dc31bb7df96667a98a3c687da0d.nc:   0%|          | 0.00/76.3k [00:00<?, ?B/s]
[2026-06-06T03:02:47.113+0000] {logging_mixin.py:188} WARNING - fde86dc31bb7df96667a98a3c687da0d.nc: 100%|##########| 76.3k/76.3k [00:01<00:00, 57.8kB/s]
[2026-06-06T03:02:47.129+0000] {logging_mixin.py:188} WARNING -                                                                                          
[2026-06-06T03:02:47.218+0000] {logging_mixin.py:188} WARNING - 2026-06-06 03:02:47 [INFO] nc downloaded ok: /opt/***/era5/ecmwf/data/nc/_raw/2026/06/01/accum_20260601.nc
[2026-06-06T03:02:47.218+0000] {era5_functions.py:204} INFO - nc downloaded ok: /opt/***/era5/ecmwf/data/nc/_raw/2026/06/01/accum_20260601.nc
[2026-06-06T03:02:47.273+0000] {logging_mixin.py:188} WARNING - 2026-06-06 03:02:47 [INFO] local timestep: 4 — /opt/***/era5/ecmwf/data/nc/_raw/2026/06/01/accum_20260601.nc
[2026-06-06T03:02:47.272+0000] {era5_functions.py:152} INFO - local timestep: 4 — /opt/***/era5/ecmwf/data/nc/_raw/2026/06/01/accum_20260601.nc
[2026-06-06T03:02:47.357+0000] {logging_mixin.py:188} WARNING - 2026-06-06 03:02:47 [INFO] tif outdated (tif=3 < nc=4), removing: /opt/***/era5/ecmwf/data/tif/2026/06/01/tp_20260601.tif
[2026-06-06T03:02:47.357+0000] {era5_functions.py:261} INFO - tif outdated (tif=3 < nc=4), removing: /opt/***/era5/ecmwf/data/tif/2026/06/01/tp_20260601.tif
[2026-06-06T03:02:47.437+0000] {logging_mixin.py:188} WARNING - 2026-06-06 03:02:47 [INFO] tif ok (bands=4): /opt/***/era5/ecmwf/data/tif/2026/06/01/tp_20260601.tif
[2026-06-06T03:02:47.437+0000] {era5_functions.py:304} INFO - tif ok (bands=4): /opt/***/era5/ecmwf/data/tif/2026/06/01/tp_20260601.tif
[2026-06-06T03:02:47.442+0000] {logging_mixin.py:188} WARNING - 2026-06-06 03:02:47 [INFO] === END job=accum date=2026-06-06 ===
[2026-06-06T03:02:47.441+0000] {era5_functions.py:379} INFO - === END job=accum date=2026-06-06 ===
[2026-06-06T03:02:47.443+0000] {python.py:237} INFO - Done. Returned value was: None
[2026-06-06T03:02:47.444+0000] {taskinstance.py:441} INFO - ::group::Post task execution logs
[2026-06-06T03:02:47.459+0000] {taskinstance.py:1206} INFO - Marking task as SUCCESS. dag_id=era5_download_pipeline, task_id=era5_accum, run_id=scheduled__2026-06-06T02:00:00+00:00, execution_date=20260606T020000, start_date=20260606T030137, end_date=20260606T030247
[2026-06-06T03:02:47.540+0000] {local_task_job_runner.py:240} INFO - Task exited with return code 0
[2026-06-06T03:02:47.561+0000] {taskinstance.py:3498} INFO - 0 downstream tasks scheduled from follow-on schedule check
[2026-06-06T03:02:47.565+0000] {local_task_job_runner.py:222} INFO - ::endgroup::
