[2026-07-19T19:00:02.054+0000] {local_task_job_runner.py:120} INFO - ::group::Pre task execution logs
[2026-07-19T19:00:02.079+0000] {taskinstance.py:2076} INFO - Dependencies all met for dep_context=non-requeueable deps ti=<TaskInstance: era5_download_pipeline.era5_instant scheduled__2026-07-19T18:00:00+00:00 [queued]>
[2026-07-19T19:00:02.088+0000] {taskinstance.py:2076} INFO - Dependencies all met for dep_context=requeueable deps ti=<TaskInstance: era5_download_pipeline.era5_instant scheduled__2026-07-19T18:00:00+00:00 [queued]>
[2026-07-19T19:00:02.090+0000] {taskinstance.py:2306} INFO - Starting attempt 1 of 1
[2026-07-19T19:00:02.109+0000] {taskinstance.py:2330} INFO - Executing <Task(PythonOperator): era5_instant> on 2026-07-19 18:00:00+00:00
[2026-07-19T19:00:02.121+0000] {warnings.py:110} WARNING - /home/***/.local/lib/python3.12/site-packages/***/task/task_runner/standard_task_runner.py:61: DeprecationWarning: This process (pid=48828) is multi-threaded, use of fork() may lead to deadlocks in the child.
  pid = os.fork()

[2026-07-19T19:00:02.124+0000] {standard_task_runner.py:63} INFO - Started process 48830 to run task
[2026-07-19T19:00:02.123+0000] {standard_task_runner.py:90} INFO - Running: ['***', 'tasks', 'run', 'era5_download_pipeline', 'era5_instant', 'scheduled__2026-07-19T18:00:00+00:00', '--job-id', '2406', '--raw', '--subdir', 'DAGS_FOLDER/era5_dag.py', '--cfg-path', '/tmp/tmpsxxcdrrz']
[2026-07-19T19:00:02.127+0000] {standard_task_runner.py:91} INFO - Job 2406: Subtask era5_instant
[2026-07-19T19:00:02.204+0000] {task_command.py:426} INFO - Running <TaskInstance: era5_download_pipeline.era5_instant scheduled__2026-07-19T18:00:00+00:00 [running]> on host 01cd476fb21a
[2026-07-19T19:00:02.360+0000] {taskinstance.py:2648} INFO - Exporting env vars: AIRFLOW_CTX_DAG_OWNER='era5' AIRFLOW_CTX_DAG_ID='era5_download_pipeline' AIRFLOW_CTX_TASK_ID='era5_instant' AIRFLOW_CTX_EXECUTION_DATE='2026-07-19T18:00:00+00:00' AIRFLOW_CTX_TRY_NUMBER='1' AIRFLOW_CTX_DAG_RUN_ID='scheduled__2026-07-19T18:00:00+00:00'
[2026-07-19T19:00:02.363+0000] {taskinstance.py:430} INFO - ::endgroup::
[2026-07-19T19:00:03.477+0000] {logging_mixin.py:188} WARNING - 2026-07-19 19:00:03 [INFO] === START job=instant date=2026-07-19 ===
[2026-07-19T19:00:03.477+0000] {era5_functions.py:368} INFO - === START job=instant date=2026-07-19 ===
[2026-07-19T19:00:03.481+0000] {logging_mixin.py:188} WARNING - 2026-07-19 19:00:03 [INFO] --- job=instant date=20260719 ---
[2026-07-19T19:00:03.481+0000] {era5_functions.py:330} INFO - --- job=instant date=20260719 ---
[2026-07-19T19:00:04.774+0000] {logging_mixin.py:188} WARNING - 2026-07-19 19:00:04 [WARNING] get_cds_count failed: 400 Client Error: Bad Request for url: https://cds.climate.copernicus.eu/api/retrieve/v1/processes/reanalysis-era5-single-levels/execution
invalid request
None of the data you have requested is available yet, please revise the period requested. The latest date available for this dataset is: 2026-07-14 19:00
[2026-07-19T19:00:04.773+0000] {era5_functions.py:131} WARNING - get_cds_count failed: 400 Client Error: Bad Request for url: https://cds.climate.copernicus.eu/api/retrieve/v1/processes/reanalysis-era5-single-levels/execution
invalid request
None of the data you have requested is available yet, please revise the period requested. The latest date available for this dataset is: 2026-07-14 19:00
[2026-07-19T19:00:04.779+0000] {logging_mixin.py:188} WARNING - 2026-07-19 19:00:04 [WARNING] CDS ยังไม่มีข้อมูล job=instant date=20260719, skip
[2026-07-19T19:00:04.779+0000] {era5_functions.py:335} WARNING - CDS ยังไม่มีข้อมูล job=instant date=20260719, skip
[2026-07-19T19:00:04.782+0000] {logging_mixin.py:188} WARNING - 2026-07-19 19:00:04 [INFO] --- job=instant date=20260718 ---
[2026-07-19T19:00:04.782+0000] {era5_functions.py:330} INFO - --- job=instant date=20260718 ---
[2026-07-19T19:00:06.890+0000] {logging_mixin.py:188} WARNING - 2026-07-19 19:00:06 [WARNING] get_cds_count failed: 400 Client Error: Bad Request for url: https://cds.climate.copernicus.eu/api/retrieve/v1/processes/reanalysis-era5-single-levels/execution
invalid request
None of the data you have requested is available yet, please revise the period requested. The latest date available for this dataset is: 2026-07-14 19:00
[2026-07-19T19:00:06.890+0000] {era5_functions.py:131} WARNING - get_cds_count failed: 400 Client Error: Bad Request for url: https://cds.climate.copernicus.eu/api/retrieve/v1/processes/reanalysis-era5-single-levels/execution
invalid request
None of the data you have requested is available yet, please revise the period requested. The latest date available for this dataset is: 2026-07-14 19:00
[2026-07-19T19:00:06.895+0000] {logging_mixin.py:188} WARNING - 2026-07-19 19:00:06 [WARNING] CDS ยังไม่มีข้อมูล job=instant date=20260718, skip
[2026-07-19T19:00:06.895+0000] {era5_functions.py:335} WARNING - CDS ยังไม่มีข้อมูล job=instant date=20260718, skip
[2026-07-19T19:00:06.898+0000] {logging_mixin.py:188} WARNING - 2026-07-19 19:00:06 [INFO] --- job=instant date=20260717 ---
[2026-07-19T19:00:06.898+0000] {era5_functions.py:330} INFO - --- job=instant date=20260717 ---
[2026-07-19T19:00:08.621+0000] {logging_mixin.py:188} WARNING - 2026-07-19 19:00:08 [WARNING] get_cds_count failed: 400 Client Error: Bad Request for url: https://cds.climate.copernicus.eu/api/retrieve/v1/processes/reanalysis-era5-single-levels/execution
invalid request
None of the data you have requested is available yet, please revise the period requested. The latest date available for this dataset is: 2026-07-14 19:00
[2026-07-19T19:00:08.621+0000] {era5_functions.py:131} WARNING - get_cds_count failed: 400 Client Error: Bad Request for url: https://cds.climate.copernicus.eu/api/retrieve/v1/processes/reanalysis-era5-single-levels/execution
invalid request
None of the data you have requested is available yet, please revise the period requested. The latest date available for this dataset is: 2026-07-14 19:00
[2026-07-19T19:00:08.624+0000] {logging_mixin.py:188} WARNING - 2026-07-19 19:00:08 [WARNING] CDS ยังไม่มีข้อมูล job=instant date=20260717, skip
[2026-07-19T19:00:08.624+0000] {era5_functions.py:335} WARNING - CDS ยังไม่มีข้อมูล job=instant date=20260717, skip
[2026-07-19T19:00:08.627+0000] {logging_mixin.py:188} WARNING - 2026-07-19 19:00:08 [INFO] --- job=instant date=20260716 ---
[2026-07-19T19:00:08.627+0000] {era5_functions.py:330} INFO - --- job=instant date=20260716 ---
[2026-07-19T19:00:09.214+0000] {logging_mixin.py:188} WARNING - 2026-07-19 19:00:09 [WARNING] get_cds_count failed: 400 Client Error: Bad Request for url: https://cds.climate.copernicus.eu/api/retrieve/v1/processes/reanalysis-era5-single-levels/execution
invalid request
None of the data you have requested is available yet, please revise the period requested. The latest date available for this dataset is: 2026-07-14 19:00
[2026-07-19T19:00:09.214+0000] {era5_functions.py:131} WARNING - get_cds_count failed: 400 Client Error: Bad Request for url: https://cds.climate.copernicus.eu/api/retrieve/v1/processes/reanalysis-era5-single-levels/execution
invalid request
None of the data you have requested is available yet, please revise the period requested. The latest date available for this dataset is: 2026-07-14 19:00
[2026-07-19T19:00:09.218+0000] {logging_mixin.py:188} WARNING - 2026-07-19 19:00:09 [WARNING] CDS ยังไม่มีข้อมูล job=instant date=20260716, skip
[2026-07-19T19:00:09.217+0000] {era5_functions.py:335} WARNING - CDS ยังไม่มีข้อมูล job=instant date=20260716, skip
[2026-07-19T19:00:09.220+0000] {logging_mixin.py:188} WARNING - 2026-07-19 19:00:09 [INFO] --- job=instant date=20260715 ---
[2026-07-19T19:00:09.220+0000] {era5_functions.py:330} INFO - --- job=instant date=20260715 ---
[2026-07-19T19:00:12.352+0000] {logging_mixin.py:188} WARNING - 2026-07-19 19:00:12 [WARNING] get_cds_count failed: 400 Client Error: Bad Request for url: https://cds.climate.copernicus.eu/api/retrieve/v1/processes/reanalysis-era5-single-levels/execution
invalid request
None of the data you have requested is available yet, please revise the period requested. The latest date available for this dataset is: 2026-07-14 19:00
[2026-07-19T19:00:12.351+0000] {era5_functions.py:131} WARNING - get_cds_count failed: 400 Client Error: Bad Request for url: https://cds.climate.copernicus.eu/api/retrieve/v1/processes/reanalysis-era5-single-levels/execution
invalid request
None of the data you have requested is available yet, please revise the period requested. The latest date available for this dataset is: 2026-07-14 19:00
[2026-07-19T19:00:12.355+0000] {logging_mixin.py:188} WARNING - 2026-07-19 19:00:12 [WARNING] CDS ยังไม่มีข้อมูล job=instant date=20260715, skip
[2026-07-19T19:00:12.355+0000] {era5_functions.py:335} WARNING - CDS ยังไม่มีข้อมูล job=instant date=20260715, skip
[2026-07-19T19:00:12.358+0000] {logging_mixin.py:188} WARNING - 2026-07-19 19:00:12 [INFO] --- job=instant date=20260714 ---
[2026-07-19T19:00:12.358+0000] {era5_functions.py:330} INFO - --- job=instant date=20260714 ---
[2026-07-19T19:00:12.963+0000] {logging_mixin.py:188} WARNING - 2026-07-19 19:00:12,962 INFO Request ID is c0de171a-ce2a-4486-9da6-0cde4b7a211c
[2026-07-19T19:00:12.962+0000] {legacy_client.py:192} INFO - Request ID is c0de171a-ce2a-4486-9da6-0cde4b7a211c
[2026-07-19T19:00:13.183+0000] {logging_mixin.py:188} WARNING - 2026-07-19 19:00:13,182 INFO status has been updated to accepted
[2026-07-19T19:00:13.182+0000] {legacy_client.py:192} INFO - status has been updated to accepted
[2026-07-19T19:00:48.396+0000] {logging_mixin.py:188} WARNING - 2026-07-19 19:00:48,395 INFO status has been updated to running
[2026-07-19T19:00:48.395+0000] {legacy_client.py:192} INFO - status has been updated to running
[2026-07-19T19:01:05.689+0000] {logging_mixin.py:188} WARNING - 2026-07-19 19:01:05,688 INFO status has been updated to successful
[2026-07-19T19:01:05.688+0000] {legacy_client.py:192} INFO - status has been updated to successful
[2026-07-19T19:01:06.117+0000] {base.py:119} INFO - Downloading https://object-store.os-api.cci2.ecmwf.int:443/cci2-prod-cache-3/2026-07-19/7885b04ab5144e9516318d0a50fd095.nc
[2026-07-19T19:01:06.779+0000] {logging_mixin.py:188} WARNING - 7885b04ab5144e9516318d0a50fd095.nc:   0%|          | 0.00/2.16M [00:00<?, ?B/s]
[2026-07-19T19:01:16.319+0000] {logging_mixin.py:188} WARNING - 7885b04ab5144e9516318d0a50fd095.nc:  46%|####6     | 1.00M/2.16M [00:09<00:11, 110kB/s]
[2026-07-19T19:01:18.958+0000] {logging_mixin.py:188} WARNING - 7885b04ab5144e9516318d0a50fd095.nc:  92%|#########2| 2.00M/2.16M [00:12<00:00, 191kB/s]
[2026-07-19T19:01:19.134+0000] {logging_mixin.py:188} WARNING - 7885b04ab5144e9516318d0a50fd095.nc: 100%|##########| 2.16M/2.16M [00:12<00:00, 212kB/s]
[2026-07-19T19:01:19.138+0000] {logging_mixin.py:188} WARNING -                                                                                        
[2026-07-19T19:01:19.422+0000] {logging_mixin.py:188} WARNING - 2026-07-19 19:01:19 [INFO] CDS timestep available: 20
[2026-07-19T19:01:19.422+0000] {era5_functions.py:128} INFO - CDS timestep available: 20
[2026-07-19T19:01:19.512+0000] {logging_mixin.py:188} WARNING - 2026-07-19 19:01:19 [INFO] local timestep: 19 — /opt/***/era5/ecmwf/data/nc/_raw/2026/07/14/instant_20260714.nc
[2026-07-19T19:01:19.512+0000] {era5_functions.py:152} INFO - local timestep: 19 — /opt/***/era5/ecmwf/data/nc/_raw/2026/07/14/instant_20260714.nc
[2026-07-19T19:01:19.518+0000] {logging_mixin.py:188} WARNING - 2026-07-19 19:01:19 [INFO] nc outdated (local=19 < cds=20), removing: /opt/***/era5/ecmwf/data/nc/_raw/2026/07/14/instant_20260714.nc
[2026-07-19T19:01:19.518+0000] {era5_functions.py:193} INFO - nc outdated (local=19 < cds=20), removing: /opt/***/era5/ecmwf/data/nc/_raw/2026/07/14/instant_20260714.nc
[2026-07-19T19:01:19.536+0000] {logging_mixin.py:188} WARNING - 2026-07-19 19:01:19 [INFO] download attempt 1/3: /opt/***/era5/ecmwf/data/nc/_raw/2026/07/14/instant_20260714.nc
[2026-07-19T19:01:19.536+0000] {era5_functions.py:200} INFO - download attempt 1/3: /opt/***/era5/ecmwf/data/nc/_raw/2026/07/14/instant_20260714.nc
[2026-07-19T19:01:20.265+0000] {logging_mixin.py:188} WARNING - 2026-07-19 19:01:20,264 INFO Request ID is 59007825-85e6-49af-94f9-a15e3122c64b
[2026-07-19T19:01:20.264+0000] {legacy_client.py:192} INFO - Request ID is 59007825-85e6-49af-94f9-a15e3122c64b
[2026-07-19T19:01:20.492+0000] {logging_mixin.py:188} WARNING - 2026-07-19 19:01:20,491 INFO status has been updated to accepted
[2026-07-19T19:01:20.491+0000] {legacy_client.py:192} INFO - status has been updated to accepted
[2026-07-19T19:01:42.993+0000] {logging_mixin.py:188} WARNING - 2026-07-19 19:01:42,993 INFO status has been updated to running
[2026-07-19T19:01:42.993+0000] {legacy_client.py:192} INFO - status has been updated to running
[2026-07-19T19:01:54.593+0000] {logging_mixin.py:188} WARNING - 2026-07-19 19:01:54,592 INFO status has been updated to successful
[2026-07-19T19:01:54.592+0000] {legacy_client.py:192} INFO - status has been updated to successful
[2026-07-19T19:01:55.048+0000] {base.py:119} INFO - Downloading https://object-store.os-api.cci2.ecmwf.int:443/cci2-prod-cache-2/2026-07-19/fe53f51d32ea09ff188e0eac27f5ba50.nc
[2026-07-19T19:01:56.359+0000] {logging_mixin.py:188} WARNING - fe53f51d32ea09ff188e0eac27f5ba50.nc:   0%|          | 0.00/2.16M [00:00<?, ?B/s]
[2026-07-19T19:01:58.122+0000] {logging_mixin.py:188} WARNING - fe53f51d32ea09ff188e0eac27f5ba50.nc:  46%|####6     | 1.00M/2.16M [00:01<00:02, 595kB/s]
[2026-07-19T19:01:58.405+0000] {logging_mixin.py:188} WARNING - fe53f51d32ea09ff188e0eac27f5ba50.nc:  92%|#########2| 2.00M/2.16M [00:02<00:00, 1.18MB/s]
[2026-07-19T19:01:58.420+0000] {logging_mixin.py:188} WARNING -                                                                                          
[2026-07-19T19:01:58.587+0000] {logging_mixin.py:188} WARNING - 2026-07-19 19:01:58 [INFO] nc downloaded ok: /opt/***/era5/ecmwf/data/nc/_raw/2026/07/14/instant_20260714.nc
[2026-07-19T19:01:58.587+0000] {era5_functions.py:204} INFO - nc downloaded ok: /opt/***/era5/ecmwf/data/nc/_raw/2026/07/14/instant_20260714.nc
[2026-07-19T19:01:58.670+0000] {logging_mixin.py:188} WARNING - 2026-07-19 19:01:58 [INFO] local timestep: 20 — /opt/***/era5/ecmwf/data/nc/_raw/2026/07/14/instant_20260714.nc
[2026-07-19T19:01:58.669+0000] {era5_functions.py:152} INFO - local timestep: 20 — /opt/***/era5/ecmwf/data/nc/_raw/2026/07/14/instant_20260714.nc
[2026-07-19T19:01:58.775+0000] {logging_mixin.py:188} WARNING - 2026-07-19 19:01:58 [INFO] tif outdated (tif=19 < nc=20), removing: /opt/***/era5/ecmwf/data/tif/2026/07/14/t2m_20260714.tif
[2026-07-19T19:01:58.775+0000] {era5_functions.py:261} INFO - tif outdated (tif=19 < nc=20), removing: /opt/***/era5/ecmwf/data/tif/2026/07/14/t2m_20260714.tif
[2026-07-19T19:01:58.882+0000] {logging_mixin.py:188} WARNING - 2026-07-19 19:01:58 [INFO] tif ok (bands=20): /opt/***/era5/ecmwf/data/tif/2026/07/14/t2m_20260714.tif
[2026-07-19T19:01:58.881+0000] {era5_functions.py:304} INFO - tif ok (bands=20): /opt/***/era5/ecmwf/data/tif/2026/07/14/t2m_20260714.tif
[2026-07-19T19:01:58.899+0000] {logging_mixin.py:188} WARNING - 2026-07-19 19:01:58 [INFO] tif outdated (tif=19 < nc=20), removing: /opt/***/era5/ecmwf/data/tif/2026/07/14/d2m_20260714.tif
[2026-07-19T19:01:58.899+0000] {era5_functions.py:261} INFO - tif outdated (tif=19 < nc=20), removing: /opt/***/era5/ecmwf/data/tif/2026/07/14/d2m_20260714.tif
[2026-07-19T19:01:59.011+0000] {logging_mixin.py:188} WARNING - 2026-07-19 19:01:59 [INFO] tif ok (bands=20): /opt/***/era5/ecmwf/data/tif/2026/07/14/d2m_20260714.tif
[2026-07-19T19:01:59.011+0000] {era5_functions.py:304} INFO - tif ok (bands=20): /opt/***/era5/ecmwf/data/tif/2026/07/14/d2m_20260714.tif
[2026-07-19T19:01:59.028+0000] {logging_mixin.py:188} WARNING - 2026-07-19 19:01:59 [INFO] tif outdated (tif=19 < nc=20), removing: /opt/***/era5/ecmwf/data/tif/2026/07/14/sp_20260714.tif
[2026-07-19T19:01:59.028+0000] {era5_functions.py:261} INFO - tif outdated (tif=19 < nc=20), removing: /opt/***/era5/ecmwf/data/tif/2026/07/14/sp_20260714.tif
[2026-07-19T19:01:59.124+0000] {logging_mixin.py:188} WARNING - 2026-07-19 19:01:59 [INFO] tif ok (bands=20): /opt/***/era5/ecmwf/data/tif/2026/07/14/sp_20260714.tif
[2026-07-19T19:01:59.124+0000] {era5_functions.py:304} INFO - tif ok (bands=20): /opt/***/era5/ecmwf/data/tif/2026/07/14/sp_20260714.tif
[2026-07-19T19:01:59.142+0000] {logging_mixin.py:188} WARNING - 2026-07-19 19:01:59 [INFO] tif outdated (tif=19 < nc=20), removing: /opt/***/era5/ecmwf/data/tif/2026/07/14/blh_20260714.tif
[2026-07-19T19:01:59.142+0000] {era5_functions.py:261} INFO - tif outdated (tif=19 < nc=20), removing: /opt/***/era5/ecmwf/data/tif/2026/07/14/blh_20260714.tif
[2026-07-19T19:01:59.274+0000] {logging_mixin.py:188} WARNING - 2026-07-19 19:01:59 [INFO] tif ok (bands=20): /opt/***/era5/ecmwf/data/tif/2026/07/14/blh_20260714.tif
[2026-07-19T19:01:59.274+0000] {era5_functions.py:304} INFO - tif ok (bands=20): /opt/***/era5/ecmwf/data/tif/2026/07/14/blh_20260714.tif
[2026-07-19T19:01:59.292+0000] {logging_mixin.py:188} WARNING - 2026-07-19 19:01:59 [INFO] tif outdated (tif=19 < nc=20), removing: /opt/***/era5/ecmwf/data/tif/2026/07/14/u10_20260714.tif
[2026-07-19T19:01:59.292+0000] {era5_functions.py:261} INFO - tif outdated (tif=19 < nc=20), removing: /opt/***/era5/ecmwf/data/tif/2026/07/14/u10_20260714.tif
[2026-07-19T19:01:59.440+0000] {logging_mixin.py:188} WARNING - 2026-07-19 19:01:59 [INFO] tif ok (bands=20): /opt/***/era5/ecmwf/data/tif/2026/07/14/u10_20260714.tif
[2026-07-19T19:01:59.440+0000] {era5_functions.py:304} INFO - tif ok (bands=20): /opt/***/era5/ecmwf/data/tif/2026/07/14/u10_20260714.tif
[2026-07-19T19:01:59.464+0000] {logging_mixin.py:188} WARNING - 2026-07-19 19:01:59 [INFO] tif outdated (tif=19 < nc=20), removing: /opt/***/era5/ecmwf/data/tif/2026/07/14/v10_20260714.tif
[2026-07-19T19:01:59.464+0000] {era5_functions.py:261} INFO - tif outdated (tif=19 < nc=20), removing: /opt/***/era5/ecmwf/data/tif/2026/07/14/v10_20260714.tif
[2026-07-19T19:01:59.586+0000] {logging_mixin.py:188} WARNING - 2026-07-19 19:01:59 [INFO] tif ok (bands=20): /opt/***/era5/ecmwf/data/tif/2026/07/14/v10_20260714.tif
[2026-07-19T19:01:59.586+0000] {era5_functions.py:304} INFO - tif ok (bands=20): /opt/***/era5/ecmwf/data/tif/2026/07/14/v10_20260714.tif
[2026-07-19T19:01:59.593+0000] {logging_mixin.py:188} WARNING - 2026-07-19 19:01:59 [INFO] === END job=instant date=2026-07-19 ===
[2026-07-19T19:01:59.592+0000] {era5_functions.py:379} INFO - === END job=instant date=2026-07-19 ===
[2026-07-19T19:01:59.594+0000] {python.py:237} INFO - Done. Returned value was: None
[2026-07-19T19:01:59.595+0000] {taskinstance.py:441} INFO - ::group::Post task execution logs
[2026-07-19T19:01:59.609+0000] {taskinstance.py:1206} INFO - Marking task as SUCCESS. dag_id=era5_download_pipeline, task_id=era5_instant, run_id=scheduled__2026-07-19T18:00:00+00:00, execution_date=20260719T180000, start_date=20260719T190002, end_date=20260719T190159
[2026-07-19T19:01:59.696+0000] {local_task_job_runner.py:240} INFO - Task exited with return code 0
[2026-07-19T19:01:59.723+0000] {taskinstance.py:3498} INFO - 1 downstream tasks scheduled from follow-on schedule check
[2026-07-19T19:01:59.728+0000] {local_task_job_runner.py:222} INFO - ::endgroup::
