[2026-06-09T00:02:32.838+0000] {local_task_job_runner.py:120} INFO - ::group::Pre task execution logs
[2026-06-09T00:02:32.867+0000] {taskinstance.py:2076} INFO - Dependencies all met for dep_context=non-requeueable deps ti=<TaskInstance: era5_download_pipeline.era5_accum scheduled__2026-06-08T23:00:00+00:00 [queued]>
[2026-06-09T00:02:32.879+0000] {taskinstance.py:2076} INFO - Dependencies all met for dep_context=requeueable deps ti=<TaskInstance: era5_download_pipeline.era5_accum scheduled__2026-06-08T23:00:00+00:00 [queued]>
[2026-06-09T00:02:32.881+0000] {taskinstance.py:2306} INFO - Starting attempt 1 of 1
[2026-06-09T00:02:32.901+0000] {taskinstance.py:2330} INFO - Executing <Task(PythonOperator): era5_accum> on 2026-06-08 23:00:00+00:00
[2026-06-09T00:02:32.913+0000] {warnings.py:110} WARNING - /home/***/.local/lib/python3.12/site-packages/***/task/task_runner/standard_task_runner.py:61: DeprecationWarning: This process (pid=124621) is multi-threaded, use of fork() may lead to deadlocks in the child.
  pid = os.fork()

[2026-06-09T00:02:32.915+0000] {standard_task_runner.py:63} INFO - Started process 124623 to run task
[2026-06-09T00:02:32.915+0000] {standard_task_runner.py:90} INFO - Running: ['***', 'tasks', 'run', 'era5_download_pipeline', 'era5_accum', 'scheduled__2026-06-08T23:00:00+00:00', '--job-id', '1242', '--raw', '--subdir', 'DAGS_FOLDER/era5_dag.py', '--cfg-path', '/tmp/tmpfb6f0e_1']
[2026-06-09T00:02:32.919+0000] {standard_task_runner.py:91} INFO - Job 1242: Subtask era5_accum
[2026-06-09T00:02:33.031+0000] {task_command.py:426} INFO - Running <TaskInstance: era5_download_pipeline.era5_accum scheduled__2026-06-08T23:00:00+00:00 [running]> on host 01cd476fb21a
[2026-06-09T00:02:33.164+0000] {taskinstance.py:2648} INFO - Exporting env vars: AIRFLOW_CTX_DAG_OWNER='era5' AIRFLOW_CTX_DAG_ID='era5_download_pipeline' AIRFLOW_CTX_TASK_ID='era5_accum' AIRFLOW_CTX_EXECUTION_DATE='2026-06-08T23:00:00+00:00' AIRFLOW_CTX_TRY_NUMBER='1' AIRFLOW_CTX_DAG_RUN_ID='scheduled__2026-06-08T23:00:00+00:00'
[2026-06-09T00:02:33.167+0000] {taskinstance.py:430} INFO - ::endgroup::
[2026-06-09T00:02:34.237+0000] {logging_mixin.py:188} WARNING - 2026-06-09 00:02:34 [INFO] === START job=accum date=2026-06-08 ===
[2026-06-09T00:02:34.236+0000] {era5_functions.py:368} INFO - === START job=accum date=2026-06-08 ===
[2026-06-09T00:02:34.241+0000] {logging_mixin.py:188} WARNING - 2026-06-09 00:02:34 [INFO] --- job=accum date=20260608 ---
[2026-06-09T00:02:34.241+0000] {era5_functions.py:330} INFO - --- job=accum date=20260608 ---
[2026-06-09T00:02:35.016+0000] {logging_mixin.py:188} WARNING - 2026-06-09 00:02:35 [WARNING] get_cds_count failed: 400 Client Error: Bad Request for url: https://cds.climate.copernicus.eu/api/retrieve/v1/processes/reanalysis-era5-single-levels/execution
invalid request
None of the data you have requested is available yet, please revise the period requested. The latest date available for this dataset is: 2026-06-04 00:00
[2026-06-09T00:02:35.016+0000] {era5_functions.py:131} WARNING - get_cds_count failed: 400 Client Error: Bad Request for url: https://cds.climate.copernicus.eu/api/retrieve/v1/processes/reanalysis-era5-single-levels/execution
invalid request
None of the data you have requested is available yet, please revise the period requested. The latest date available for this dataset is: 2026-06-04 00:00
[2026-06-09T00:02:35.022+0000] {logging_mixin.py:188} WARNING - 2026-06-09 00:02:35 [WARNING] CDS ยังไม่มีข้อมูล job=accum date=20260608, skip
[2026-06-09T00:02:35.022+0000] {era5_functions.py:335} WARNING - CDS ยังไม่มีข้อมูล job=accum date=20260608, skip
[2026-06-09T00:02:35.028+0000] {logging_mixin.py:188} WARNING - 2026-06-09 00:02:35 [INFO] --- job=accum date=20260607 ---
[2026-06-09T00:02:35.028+0000] {era5_functions.py:330} INFO - --- job=accum date=20260607 ---
[2026-06-09T00:02:35.642+0000] {logging_mixin.py:188} WARNING - 2026-06-09 00:02:35 [WARNING] get_cds_count failed: 400 Client Error: Bad Request for url: https://cds.climate.copernicus.eu/api/retrieve/v1/processes/reanalysis-era5-single-levels/execution
invalid request
None of the data you have requested is available yet, please revise the period requested. The latest date available for this dataset is: 2026-06-04 00:00
[2026-06-09T00:02:35.642+0000] {era5_functions.py:131} WARNING - get_cds_count failed: 400 Client Error: Bad Request for url: https://cds.climate.copernicus.eu/api/retrieve/v1/processes/reanalysis-era5-single-levels/execution
invalid request
None of the data you have requested is available yet, please revise the period requested. The latest date available for this dataset is: 2026-06-04 00:00
[2026-06-09T00:02:35.647+0000] {logging_mixin.py:188} WARNING - 2026-06-09 00:02:35 [WARNING] CDS ยังไม่มีข้อมูล job=accum date=20260607, skip
[2026-06-09T00:02:35.647+0000] {era5_functions.py:335} WARNING - CDS ยังไม่มีข้อมูล job=accum date=20260607, skip
[2026-06-09T00:02:35.651+0000] {logging_mixin.py:188} WARNING - 2026-06-09 00:02:35 [INFO] --- job=accum date=20260606 ---
[2026-06-09T00:02:35.651+0000] {era5_functions.py:330} INFO - --- job=accum date=20260606 ---
[2026-06-09T00:02:36.327+0000] {logging_mixin.py:188} WARNING - 2026-06-09 00:02:36 [WARNING] get_cds_count failed: 400 Client Error: Bad Request for url: https://cds.climate.copernicus.eu/api/retrieve/v1/processes/reanalysis-era5-single-levels/execution
invalid request
None of the data you have requested is available yet, please revise the period requested. The latest date available for this dataset is: 2026-06-04 00:00
[2026-06-09T00:02:36.327+0000] {era5_functions.py:131} WARNING - get_cds_count failed: 400 Client Error: Bad Request for url: https://cds.climate.copernicus.eu/api/retrieve/v1/processes/reanalysis-era5-single-levels/execution
invalid request
None of the data you have requested is available yet, please revise the period requested. The latest date available for this dataset is: 2026-06-04 00:00
[2026-06-09T00:02:36.332+0000] {logging_mixin.py:188} WARNING - 2026-06-09 00:02:36 [WARNING] CDS ยังไม่มีข้อมูล job=accum date=20260606, skip
[2026-06-09T00:02:36.332+0000] {era5_functions.py:335} WARNING - CDS ยังไม่มีข้อมูล job=accum date=20260606, skip
[2026-06-09T00:02:36.334+0000] {logging_mixin.py:188} WARNING - 2026-06-09 00:02:36 [INFO] --- job=accum date=20260605 ---
[2026-06-09T00:02:36.334+0000] {era5_functions.py:330} INFO - --- job=accum date=20260605 ---
[2026-06-09T00:02:38.202+0000] {logging_mixin.py:188} WARNING - 2026-06-09 00:02:38 [WARNING] get_cds_count failed: 400 Client Error: Bad Request for url: https://cds.climate.copernicus.eu/api/retrieve/v1/processes/reanalysis-era5-single-levels/execution
invalid request
None of the data you have requested is available yet, please revise the period requested. The latest date available for this dataset is: 2026-06-04 00:00
[2026-06-09T00:02:38.201+0000] {era5_functions.py:131} WARNING - get_cds_count failed: 400 Client Error: Bad Request for url: https://cds.climate.copernicus.eu/api/retrieve/v1/processes/reanalysis-era5-single-levels/execution
invalid request
None of the data you have requested is available yet, please revise the period requested. The latest date available for this dataset is: 2026-06-04 00:00
[2026-06-09T00:02:38.204+0000] {logging_mixin.py:188} WARNING - 2026-06-09 00:02:38 [WARNING] CDS ยังไม่มีข้อมูล job=accum date=20260605, skip
[2026-06-09T00:02:38.204+0000] {era5_functions.py:335} WARNING - CDS ยังไม่มีข้อมูล job=accum date=20260605, skip
[2026-06-09T00:02:38.207+0000] {logging_mixin.py:188} WARNING - 2026-06-09 00:02:38 [INFO] --- job=accum date=20260604 ---
[2026-06-09T00:02:38.207+0000] {era5_functions.py:330} INFO - --- job=accum date=20260604 ---
[2026-06-09T00:02:39.345+0000] {logging_mixin.py:188} WARNING - 2026-06-09 00:02:39,345 INFO [2025-12-11T00:00:00] Please note that a dedicated catalogue entry for this dataset, post-processed and stored in Analysis Ready Cloud Optimized (ARCO) format (Zarr), is available for optimised time-series retrievals (i.e. for retrieving data from selected variables for a single point over an extended period of time in an efficient way). You can discover it [here](https://cds.climate.copernicus.eu/datasets/reanalysis-era5-single-levels-timeseries?tab=overview)
[2026-06-09T00:02:39.345+0000] {legacy_client.py:192} INFO - [2025-12-11T00:00:00] Please note that a dedicated catalogue entry for this dataset, post-processed and stored in Analysis Ready Cloud Optimized (ARCO) format (Zarr), is available for optimised time-series retrievals (i.e. for retrieving data from selected variables for a single point over an extended period of time in an efficient way). You can discover it [here](https://cds.climate.copernicus.eu/datasets/reanalysis-era5-single-levels-timeseries?tab=overview)
[2026-06-09T00:02:39.347+0000] {logging_mixin.py:188} WARNING - 2026-06-09 00:02:39,347 INFO Request ID is a9cab0da-a793-4cf3-8045-6b329c7aed12
[2026-06-09T00:02:39.347+0000] {legacy_client.py:192} INFO - Request ID is a9cab0da-a793-4cf3-8045-6b329c7aed12
[2026-06-09T00:02:39.548+0000] {logging_mixin.py:188} WARNING - 2026-06-09 00:02:39,548 INFO status has been updated to accepted
[2026-06-09T00:02:39.548+0000] {legacy_client.py:192} INFO - status has been updated to accepted
[2026-06-09T00:02:54.852+0000] {logging_mixin.py:188} WARNING - 2026-06-09 00:02:54,852 INFO status has been updated to successful
[2026-06-09T00:02:54.852+0000] {legacy_client.py:192} INFO - status has been updated to successful
[2026-06-09T00:02:55.335+0000] {base.py:119} INFO - Downloading https://object-store.os-api.cci2.ecmwf.int:443/cci2-prod-cache-3/2026-06-09/351c40f96bd199468b21338f35b2dbe9.nc
[2026-06-09T00:02:56.059+0000] {logging_mixin.py:188} WARNING - 351c40f96bd199468b21338f35b2dbe9.nc:   0%|          | 0.00/39.0k [00:00<?, ?B/s]
[2026-06-09T00:02:56.956+0000] {logging_mixin.py:188} WARNING - 351c40f96bd199468b21338f35b2dbe9.nc: 100%|##########| 39.0k/39.0k [00:00<00:00, 44.6kB/s]
[2026-06-09T00:02:56.963+0000] {logging_mixin.py:188} WARNING -                                                                                          
[2026-06-09T00:02:57.291+0000] {logging_mixin.py:188} WARNING - 2026-06-09 00:02:57 [INFO] CDS timestep available: 1
[2026-06-09T00:02:57.291+0000] {era5_functions.py:128} INFO - CDS timestep available: 1
[2026-06-09T00:02:57.312+0000] {logging_mixin.py:188} WARNING - 2026-06-09 00:02:57 [INFO] download attempt 1/3: /opt/***/era5/ecmwf/data/nc/_raw/2026/06/04/accum_20260604.nc
[2026-06-09T00:02:57.312+0000] {era5_functions.py:200} INFO - download attempt 1/3: /opt/***/era5/ecmwf/data/nc/_raw/2026/06/04/accum_20260604.nc
[2026-06-09T00:02:58.031+0000] {logging_mixin.py:188} WARNING - 2026-06-09 00:02:58,030 INFO [2025-12-11T00:00:00] Please note that a dedicated catalogue entry for this dataset, post-processed and stored in Analysis Ready Cloud Optimized (ARCO) format (Zarr), is available for optimised time-series retrievals (i.e. for retrieving data from selected variables for a single point over an extended period of time in an efficient way). You can discover it [here](https://cds.climate.copernicus.eu/datasets/reanalysis-era5-single-levels-timeseries?tab=overview)
[2026-06-09T00:02:58.030+0000] {legacy_client.py:192} INFO - [2025-12-11T00:00:00] Please note that a dedicated catalogue entry for this dataset, post-processed and stored in Analysis Ready Cloud Optimized (ARCO) format (Zarr), is available for optimised time-series retrievals (i.e. for retrieving data from selected variables for a single point over an extended period of time in an efficient way). You can discover it [here](https://cds.climate.copernicus.eu/datasets/reanalysis-era5-single-levels-timeseries?tab=overview)
[2026-06-09T00:02:58.034+0000] {logging_mixin.py:188} WARNING - 2026-06-09 00:02:58,034 INFO Request ID is 10cc1c13-91e6-4c6b-876c-b0bff0582af5
[2026-06-09T00:02:58.034+0000] {legacy_client.py:192} INFO - Request ID is 10cc1c13-91e6-4c6b-876c-b0bff0582af5
[2026-06-09T00:02:58.248+0000] {logging_mixin.py:188} WARNING - 2026-06-09 00:02:58,248 INFO status has been updated to accepted
[2026-06-09T00:02:58.248+0000] {legacy_client.py:192} INFO - status has been updated to accepted
[2026-06-09T00:03:21.493+0000] {logging_mixin.py:188} WARNING - 2026-06-09 00:03:21,492 INFO status has been updated to running
[2026-06-09T00:03:21.492+0000] {legacy_client.py:192} INFO - status has been updated to running
[2026-06-09T00:03:33.084+0000] {logging_mixin.py:188} WARNING - 2026-06-09 00:03:33,084 INFO status has been updated to successful
[2026-06-09T00:03:33.084+0000] {legacy_client.py:192} INFO - status has been updated to successful
[2026-06-09T00:03:33.498+0000] {base.py:119} INFO - Downloading https://object-store.os-api.cci2.ecmwf.int:443/cci2-prod-cache-2/2026-06-09/6044c3703ff343f17e3f55b08c0162c1.nc
[2026-06-09T00:03:34.175+0000] {logging_mixin.py:188} WARNING - 6044c3703ff343f17e3f55b08c0162c1.nc:   0%|          | 0.00/39.0k [00:00<?, ?B/s]
[2026-06-09T00:03:35.519+0000] {logging_mixin.py:188} WARNING - 6044c3703ff343f17e3f55b08c0162c1.nc: 100%|##########| 39.0k/39.0k [00:01<00:00, 29.7kB/s]
[2026-06-09T00:03:35.549+0000] {logging_mixin.py:188} WARNING -                                                                                          
[2026-06-09T00:03:35.622+0000] {logging_mixin.py:188} WARNING - 2026-06-09 00:03:35 [INFO] nc downloaded ok: /opt/***/era5/ecmwf/data/nc/_raw/2026/06/04/accum_20260604.nc
[2026-06-09T00:03:35.622+0000] {era5_functions.py:204} INFO - nc downloaded ok: /opt/***/era5/ecmwf/data/nc/_raw/2026/06/04/accum_20260604.nc
[2026-06-09T00:03:35.670+0000] {logging_mixin.py:188} WARNING - 2026-06-09 00:03:35 [INFO] local timestep: 1 — /opt/***/era5/ecmwf/data/nc/_raw/2026/06/04/accum_20260604.nc
[2026-06-09T00:03:35.670+0000] {era5_functions.py:152} INFO - local timestep: 1 — /opt/***/era5/ecmwf/data/nc/_raw/2026/06/04/accum_20260604.nc
[2026-06-09T00:03:35.790+0000] {logging_mixin.py:188} WARNING - 2026-06-09 00:03:35 [INFO] tif ok (bands=1): /opt/***/era5/ecmwf/data/tif/2026/06/04/tp_20260604.tif
[2026-06-09T00:03:35.790+0000] {era5_functions.py:304} INFO - tif ok (bands=1): /opt/***/era5/ecmwf/data/tif/2026/06/04/tp_20260604.tif
[2026-06-09T00:03:35.794+0000] {logging_mixin.py:188} WARNING - 2026-06-09 00:03:35 [INFO] --- job=accum date=20260603 ---
[2026-06-09T00:03:35.794+0000] {era5_functions.py:330} INFO - --- job=accum date=20260603 ---
[2026-06-09T00:03:36.799+0000] {logging_mixin.py:188} WARNING - 2026-06-09 00:03:36,798 INFO [2025-12-11T00:00:00] Please note that a dedicated catalogue entry for this dataset, post-processed and stored in Analysis Ready Cloud Optimized (ARCO) format (Zarr), is available for optimised time-series retrievals (i.e. for retrieving data from selected variables for a single point over an extended period of time in an efficient way). You can discover it [here](https://cds.climate.copernicus.eu/datasets/reanalysis-era5-single-levels-timeseries?tab=overview)
[2026-06-09T00:03:36.798+0000] {legacy_client.py:192} INFO - [2025-12-11T00:00:00] Please note that a dedicated catalogue entry for this dataset, post-processed and stored in Analysis Ready Cloud Optimized (ARCO) format (Zarr), is available for optimised time-series retrievals (i.e. for retrieving data from selected variables for a single point over an extended period of time in an efficient way). You can discover it [here](https://cds.climate.copernicus.eu/datasets/reanalysis-era5-single-levels-timeseries?tab=overview)
[2026-06-09T00:03:36.803+0000] {logging_mixin.py:188} WARNING - 2026-06-09 00:03:36,803 INFO Request ID is c6de18ce-e25c-43cf-a865-dc8b75ba5a32
[2026-06-09T00:03:36.803+0000] {legacy_client.py:192} INFO - Request ID is c6de18ce-e25c-43cf-a865-dc8b75ba5a32
[2026-06-09T00:03:38.155+0000] {logging_mixin.py:188} WARNING - 2026-06-09 00:03:38,155 INFO status has been updated to accepted
[2026-06-09T00:03:38.155+0000] {legacy_client.py:192} INFO - status has been updated to accepted
[2026-06-09T00:03:52.434+0000] {logging_mixin.py:188} WARNING - 2026-06-09 00:03:52,434 INFO status has been updated to successful
[2026-06-09T00:03:52.434+0000] {legacy_client.py:192} INFO - status has been updated to successful
[2026-06-09T00:03:52.838+0000] {base.py:119} INFO - Downloading https://object-store.os-api.cci2.ecmwf.int:443/cci2-prod-cache-1/2026-06-09/677d5e01034659690c1faece0d1d4c1.nc
[2026-06-09T00:03:53.849+0000] {logging_mixin.py:188} WARNING - 677d5e01034659690c1faece0d1d4c1.nc:   0%|          | 0.00/329k [00:00<?, ?B/s]
[2026-06-09T00:03:55.234+0000] {logging_mixin.py:188} WARNING - 677d5e01034659690c1faece0d1d4c1.nc: 100%|##########| 329k/329k [00:01<00:00, 244kB/s]
[2026-06-09T00:03:55.239+0000] {logging_mixin.py:188} WARNING -                                                                                      
[2026-06-09T00:03:55.251+0000] {logging_mixin.py:188} WARNING - 2026-06-09 00:03:55 [INFO] CDS timestep available: 24
[2026-06-09T00:03:55.251+0000] {era5_functions.py:128} INFO - CDS timestep available: 24
[2026-06-09T00:03:55.322+0000] {logging_mixin.py:188} WARNING - 2026-06-09 00:03:55 [INFO] local timestep: 24 — /opt/***/era5/ecmwf/data/nc/_raw/2026/06/03/accum_20260603.nc
[2026-06-09T00:03:55.321+0000] {era5_functions.py:152} INFO - local timestep: 24 — /opt/***/era5/ecmwf/data/nc/_raw/2026/06/03/accum_20260603.nc
[2026-06-09T00:03:55.323+0000] {logging_mixin.py:188} WARNING - 2026-06-09 00:03:55 [INFO] nc up-to-date (local=24, cds=24): /opt/***/era5/ecmwf/data/nc/_raw/2026/06/03/accum_20260603.nc
[2026-06-09T00:03:55.323+0000] {era5_functions.py:189} INFO - nc up-to-date (local=24, cds=24): /opt/***/era5/ecmwf/data/nc/_raw/2026/06/03/accum_20260603.nc
[2026-06-09T00:03:55.380+0000] {logging_mixin.py:188} WARNING - 2026-06-09 00:03:55 [INFO] local timestep: 24 — /opt/***/era5/ecmwf/data/nc/_raw/2026/06/03/accum_20260603.nc
[2026-06-09T00:03:55.380+0000] {era5_functions.py:152} INFO - local timestep: 24 — /opt/***/era5/ecmwf/data/nc/_raw/2026/06/03/accum_20260603.nc
[2026-06-09T00:03:55.439+0000] {logging_mixin.py:188} WARNING - 2026-06-09 00:03:55 [INFO] tif up-to-date (tif=24, nc=24), skip: /opt/***/era5/ecmwf/data/tif/2026/06/03/tp_20260603.tif
[2026-06-09T00:03:55.439+0000] {era5_functions.py:256} INFO - tif up-to-date (tif=24, nc=24), skip: /opt/***/era5/ecmwf/data/tif/2026/06/03/tp_20260603.tif
[2026-06-09T00:03:55.443+0000] {logging_mixin.py:188} WARNING - 2026-06-09 00:03:55 [INFO] === END job=accum date=2026-06-08 ===
[2026-06-09T00:03:55.443+0000] {era5_functions.py:379} INFO - === END job=accum date=2026-06-08 ===
[2026-06-09T00:03:55.445+0000] {python.py:237} INFO - Done. Returned value was: None
[2026-06-09T00:03:55.446+0000] {taskinstance.py:441} INFO - ::group::Post task execution logs
[2026-06-09T00:03:55.459+0000] {taskinstance.py:1206} INFO - Marking task as SUCCESS. dag_id=era5_download_pipeline, task_id=era5_accum, run_id=scheduled__2026-06-08T23:00:00+00:00, execution_date=20260608T230000, start_date=20260609T000232, end_date=20260609T000355
[2026-06-09T00:03:55.554+0000] {local_task_job_runner.py:240} INFO - Task exited with return code 0
[2026-06-09T00:03:55.579+0000] {taskinstance.py:3498} INFO - 0 downstream tasks scheduled from follow-on schedule check
[2026-06-09T00:03:55.583+0000] {local_task_job_runner.py:222} INFO - ::endgroup::
