[2026-06-06T17:00:02.709+0000] {local_task_job_runner.py:120} INFO - ::group::Pre task execution logs
[2026-06-06T17:00:02.735+0000] {taskinstance.py:2076} INFO - Dependencies all met for dep_context=non-requeueable deps ti=<TaskInstance: era5_download_pipeline.era5_instant scheduled__2026-06-06T16:00:00+00:00 [queued]>
[2026-06-06T17:00:02.748+0000] {taskinstance.py:2076} INFO - Dependencies all met for dep_context=requeueable deps ti=<TaskInstance: era5_download_pipeline.era5_instant scheduled__2026-06-06T16:00:00+00:00 [queued]>
[2026-06-06T17:00:02.749+0000] {taskinstance.py:2306} INFO - Starting attempt 1 of 1
[2026-06-06T17:00:02.766+0000] {taskinstance.py:2330} INFO - Executing <Task(PythonOperator): era5_instant> on 2026-06-06 16:00:00+00:00
[2026-06-06T17:00:02.778+0000] {warnings.py:110} WARNING - /home/***/.local/lib/python3.12/site-packages/***/task/task_runner/standard_task_runner.py:61: DeprecationWarning: This process (pid=82127) is multi-threaded, use of fork() may lead to deadlocks in the child.
  pid = os.fork()

[2026-06-06T17:00:02.781+0000] {standard_task_runner.py:63} INFO - Started process 82130 to run task
[2026-06-06T17:00:02.781+0000] {standard_task_runner.py:90} INFO - Running: ['***', 'tasks', 'run', 'era5_download_pipeline', 'era5_instant', 'scheduled__2026-06-06T16:00:00+00:00', '--job-id', '1070', '--raw', '--subdir', 'DAGS_FOLDER/era5_dag.py', '--cfg-path', '/tmp/tmp6b9pianb']
[2026-06-06T17:00:02.785+0000] {standard_task_runner.py:91} INFO - Job 1070: Subtask era5_instant
[2026-06-06T17:00:02.875+0000] {task_command.py:426} INFO - Running <TaskInstance: era5_download_pipeline.era5_instant scheduled__2026-06-06T16:00:00+00:00 [running]> on host 01cd476fb21a
[2026-06-06T17:00:02.997+0000] {taskinstance.py:2648} INFO - Exporting env vars: AIRFLOW_CTX_DAG_OWNER='era5' AIRFLOW_CTX_DAG_ID='era5_download_pipeline' AIRFLOW_CTX_TASK_ID='era5_instant' AIRFLOW_CTX_EXECUTION_DATE='2026-06-06T16:00:00+00:00' AIRFLOW_CTX_TRY_NUMBER='1' AIRFLOW_CTX_DAG_RUN_ID='scheduled__2026-06-06T16:00:00+00:00'
[2026-06-06T17:00:03.000+0000] {taskinstance.py:430} INFO - ::endgroup::
[2026-06-06T17:00:04.053+0000] {logging_mixin.py:188} WARNING - 2026-06-06 17:00:04 [INFO] === START job=instant date=2026-06-06 ===
[2026-06-06T17:00:04.052+0000] {era5_functions.py:368} INFO - === START job=instant date=2026-06-06 ===
[2026-06-06T17:00:04.055+0000] {logging_mixin.py:188} WARNING - 2026-06-06 17:00:04 [INFO] --- job=instant date=20260606 ---
[2026-06-06T17:00:04.055+0000] {era5_functions.py:330} INFO - --- job=instant date=20260606 ---
[2026-06-06T17:00:04.945+0000] {logging_mixin.py:188} WARNING - 2026-06-06 17:00:04 [WARNING] get_cds_count failed: 400 Client Error: Bad Request for url: https://cds.climate.copernicus.eu/api/retrieve/v1/processes/reanalysis-era5-single-levels/execution
invalid request
None of the data you have requested is available yet, please revise the period requested. The latest date available for this dataset is: 2026-06-01 17:00
[2026-06-06T17:00:04.944+0000] {era5_functions.py:131} WARNING - get_cds_count failed: 400 Client Error: Bad Request for url: https://cds.climate.copernicus.eu/api/retrieve/v1/processes/reanalysis-era5-single-levels/execution
invalid request
None of the data you have requested is available yet, please revise the period requested. The latest date available for this dataset is: 2026-06-01 17:00
[2026-06-06T17:00:04.950+0000] {logging_mixin.py:188} WARNING - 2026-06-06 17:00:04 [WARNING] CDS ยังไม่มีข้อมูล job=instant date=20260606, skip
[2026-06-06T17:00:04.950+0000] {era5_functions.py:335} WARNING - CDS ยังไม่มีข้อมูล job=instant date=20260606, skip
[2026-06-06T17:00:04.954+0000] {logging_mixin.py:188} WARNING - 2026-06-06 17:00:04 [INFO] --- job=instant date=20260605 ---
[2026-06-06T17:00:04.953+0000] {era5_functions.py:330} INFO - --- job=instant date=20260605 ---
[2026-06-06T17:00:05.615+0000] {logging_mixin.py:188} WARNING - 2026-06-06 17:00:05 [WARNING] get_cds_count failed: 400 Client Error: Bad Request for url: https://cds.climate.copernicus.eu/api/retrieve/v1/processes/reanalysis-era5-single-levels/execution
invalid request
None of the data you have requested is available yet, please revise the period requested. The latest date available for this dataset is: 2026-06-01 17:00
[2026-06-06T17:00:05.614+0000] {era5_functions.py:131} WARNING - get_cds_count failed: 400 Client Error: Bad Request for url: https://cds.climate.copernicus.eu/api/retrieve/v1/processes/reanalysis-era5-single-levels/execution
invalid request
None of the data you have requested is available yet, please revise the period requested. The latest date available for this dataset is: 2026-06-01 17:00
[2026-06-06T17:00:05.620+0000] {logging_mixin.py:188} WARNING - 2026-06-06 17:00:05 [WARNING] CDS ยังไม่มีข้อมูล job=instant date=20260605, skip
[2026-06-06T17:00:05.620+0000] {era5_functions.py:335} WARNING - CDS ยังไม่มีข้อมูล job=instant date=20260605, skip
[2026-06-06T17:00:05.624+0000] {logging_mixin.py:188} WARNING - 2026-06-06 17:00:05 [INFO] --- job=instant date=20260604 ---
[2026-06-06T17:00:05.624+0000] {era5_functions.py:330} INFO - --- job=instant date=20260604 ---
[2026-06-06T17:00:06.271+0000] {logging_mixin.py:188} WARNING - 2026-06-06 17:00:06 [WARNING] get_cds_count failed: 400 Client Error: Bad Request for url: https://cds.climate.copernicus.eu/api/retrieve/v1/processes/reanalysis-era5-single-levels/execution
invalid request
None of the data you have requested is available yet, please revise the period requested. The latest date available for this dataset is: 2026-06-01 17:00
[2026-06-06T17:00:06.271+0000] {era5_functions.py:131} WARNING - get_cds_count failed: 400 Client Error: Bad Request for url: https://cds.climate.copernicus.eu/api/retrieve/v1/processes/reanalysis-era5-single-levels/execution
invalid request
None of the data you have requested is available yet, please revise the period requested. The latest date available for this dataset is: 2026-06-01 17:00
[2026-06-06T17:00:06.275+0000] {logging_mixin.py:188} WARNING - 2026-06-06 17:00:06 [WARNING] CDS ยังไม่มีข้อมูล job=instant date=20260604, skip
[2026-06-06T17:00:06.274+0000] {era5_functions.py:335} WARNING - CDS ยังไม่มีข้อมูล job=instant date=20260604, skip
[2026-06-06T17:00:06.277+0000] {logging_mixin.py:188} WARNING - 2026-06-06 17:00:06 [INFO] --- job=instant date=20260603 ---
[2026-06-06T17:00:06.277+0000] {era5_functions.py:330} INFO - --- job=instant date=20260603 ---
[2026-06-06T17:00:06.914+0000] {logging_mixin.py:188} WARNING - 2026-06-06 17:00:06 [WARNING] get_cds_count failed: 400 Client Error: Bad Request for url: https://cds.climate.copernicus.eu/api/retrieve/v1/processes/reanalysis-era5-single-levels/execution
invalid request
None of the data you have requested is available yet, please revise the period requested. The latest date available for this dataset is: 2026-06-01 17:00
[2026-06-06T17:00:06.914+0000] {era5_functions.py:131} WARNING - get_cds_count failed: 400 Client Error: Bad Request for url: https://cds.climate.copernicus.eu/api/retrieve/v1/processes/reanalysis-era5-single-levels/execution
invalid request
None of the data you have requested is available yet, please revise the period requested. The latest date available for this dataset is: 2026-06-01 17:00
[2026-06-06T17:00:06.920+0000] {logging_mixin.py:188} WARNING - 2026-06-06 17:00:06 [WARNING] CDS ยังไม่มีข้อมูล job=instant date=20260603, skip
[2026-06-06T17:00:06.919+0000] {era5_functions.py:335} WARNING - CDS ยังไม่มีข้อมูล job=instant date=20260603, skip
[2026-06-06T17:00:06.923+0000] {logging_mixin.py:188} WARNING - 2026-06-06 17:00:06 [INFO] --- job=instant date=20260602 ---
[2026-06-06T17:00:06.923+0000] {era5_functions.py:330} INFO - --- job=instant date=20260602 ---
[2026-06-06T17:00:07.369+0000] {logging_mixin.py:188} WARNING - 2026-06-06 17:00:07 [WARNING] get_cds_count failed: 400 Client Error: Bad Request for url: https://cds.climate.copernicus.eu/api/retrieve/v1/processes/reanalysis-era5-single-levels/execution
invalid request
None of the data you have requested is available yet, please revise the period requested. The latest date available for this dataset is: 2026-06-01 17:00
[2026-06-06T17:00:07.368+0000] {era5_functions.py:131} WARNING - get_cds_count failed: 400 Client Error: Bad Request for url: https://cds.climate.copernicus.eu/api/retrieve/v1/processes/reanalysis-era5-single-levels/execution
invalid request
None of the data you have requested is available yet, please revise the period requested. The latest date available for this dataset is: 2026-06-01 17:00
[2026-06-06T17:00:07.373+0000] {logging_mixin.py:188} WARNING - 2026-06-06 17:00:07 [WARNING] CDS ยังไม่มีข้อมูล job=instant date=20260602, skip
[2026-06-06T17:00:07.373+0000] {era5_functions.py:335} WARNING - CDS ยังไม่มีข้อมูล job=instant date=20260602, skip
[2026-06-06T17:00:07.376+0000] {logging_mixin.py:188} WARNING - 2026-06-06 17:00:07 [INFO] --- job=instant date=20260601 ---
[2026-06-06T17:00:07.376+0000] {era5_functions.py:330} INFO - --- job=instant date=20260601 ---
[2026-06-06T17:00:08.398+0000] {logging_mixin.py:188} WARNING - 2026-06-06 17:00:08,398 INFO [2025-12-11T00:00:00] Please note that a dedicated catalogue entry for this dataset, post-processed and stored in Analysis Ready Cloud Optimized (ARCO) format (Zarr), is available for optimised time-series retrievals (i.e. for retrieving data from selected variables for a single point over an extended period of time in an efficient way). You can discover it [here](https://cds.climate.copernicus.eu/datasets/reanalysis-era5-single-levels-timeseries?tab=overview)
[2026-06-06T17:00:08.398+0000] {legacy_client.py:192} INFO - [2025-12-11T00:00:00] Please note that a dedicated catalogue entry for this dataset, post-processed and stored in Analysis Ready Cloud Optimized (ARCO) format (Zarr), is available for optimised time-series retrievals (i.e. for retrieving data from selected variables for a single point over an extended period of time in an efficient way). You can discover it [here](https://cds.climate.copernicus.eu/datasets/reanalysis-era5-single-levels-timeseries?tab=overview)
[2026-06-06T17:00:08.404+0000] {logging_mixin.py:188} WARNING - 2026-06-06 17:00:08,403 INFO Request ID is f47262a9-5a63-46f9-aa78-235e0cf45dcf
[2026-06-06T17:00:08.403+0000] {legacy_client.py:192} INFO - Request ID is f47262a9-5a63-46f9-aa78-235e0cf45dcf
[2026-06-06T17:00:08.617+0000] {logging_mixin.py:188} WARNING - 2026-06-06 17:00:08,616 INFO status has been updated to accepted
[2026-06-06T17:00:08.616+0000] {legacy_client.py:192} INFO - status has been updated to accepted
[2026-06-06T17:00:30.713+0000] {logging_mixin.py:188} WARNING - 2026-06-06 17:00:30,712 INFO status has been updated to running
[2026-06-06T17:00:30.712+0000] {legacy_client.py:192} INFO - status has been updated to running
[2026-06-06T17:00:42.332+0000] {logging_mixin.py:188} WARNING - 2026-06-06 17:00:42,332 INFO status has been updated to successful
[2026-06-06T17:00:42.332+0000] {legacy_client.py:192} INFO - status has been updated to successful
[2026-06-06T17:00:42.740+0000] {base.py:119} INFO - Downloading https://object-store.os-api.cci2.ecmwf.int:443/cci2-prod-cache-3/2026-06-06/276f48244aef749dc549d952a55c1fe6.nc
[2026-06-06T17:00:43.753+0000] {logging_mixin.py:188} WARNING - 276f48244aef749dc549d952a55c1fe6.nc:   0%|          | 0.00/1.94M [00:00<?, ?B/s]
[2026-06-06T17:00:45.509+0000] {logging_mixin.py:188} WARNING - 276f48244aef749dc549d952a55c1fe6.nc:  52%|#####1    | 1.00M/1.94M [00:01<00:01, 598kB/s]
[2026-06-06T17:00:45.688+0000] {logging_mixin.py:188} WARNING - 276f48244aef749dc549d952a55c1fe6.nc: 100%|##########| 1.94M/1.94M [00:01<00:00, 1.22MB/s]
[2026-06-06T17:00:45.692+0000] {logging_mixin.py:188} WARNING -                                                                                          
[2026-06-06T17:00:46.011+0000] {logging_mixin.py:188} WARNING - 2026-06-06 17:00:46 [INFO] CDS timestep available: 18
[2026-06-06T17:00:46.011+0000] {era5_functions.py:128} INFO - CDS timestep available: 18
[2026-06-06T17:00:46.097+0000] {logging_mixin.py:188} WARNING - 2026-06-06 17:00:46 [INFO] local timestep: 17 — /opt/***/era5/ecmwf/data/nc/_raw/2026/06/01/instant_20260601.nc
[2026-06-06T17:00:46.097+0000] {era5_functions.py:152} INFO - local timestep: 17 — /opt/***/era5/ecmwf/data/nc/_raw/2026/06/01/instant_20260601.nc
[2026-06-06T17:00:46.105+0000] {logging_mixin.py:188} WARNING - 2026-06-06 17:00:46 [INFO] nc outdated (local=17 < cds=18), removing: /opt/***/era5/ecmwf/data/nc/_raw/2026/06/01/instant_20260601.nc
[2026-06-06T17:00:46.105+0000] {era5_functions.py:193} INFO - nc outdated (local=17 < cds=18), removing: /opt/***/era5/ecmwf/data/nc/_raw/2026/06/01/instant_20260601.nc
[2026-06-06T17:00:46.124+0000] {logging_mixin.py:188} WARNING - 2026-06-06 17:00:46 [INFO] download attempt 1/3: /opt/***/era5/ecmwf/data/nc/_raw/2026/06/01/instant_20260601.nc
[2026-06-06T17:00:46.124+0000] {era5_functions.py:200} INFO - download attempt 1/3: /opt/***/era5/ecmwf/data/nc/_raw/2026/06/01/instant_20260601.nc
[2026-06-06T17:00:46.857+0000] {logging_mixin.py:188} WARNING - 2026-06-06 17:00:46,857 INFO [2025-12-11T00:00:00] Please note that a dedicated catalogue entry for this dataset, post-processed and stored in Analysis Ready Cloud Optimized (ARCO) format (Zarr), is available for optimised time-series retrievals (i.e. for retrieving data from selected variables for a single point over an extended period of time in an efficient way). You can discover it [here](https://cds.climate.copernicus.eu/datasets/reanalysis-era5-single-levels-timeseries?tab=overview)
[2026-06-06T17:00:46.857+0000] {legacy_client.py:192} INFO - [2025-12-11T00:00:00] Please note that a dedicated catalogue entry for this dataset, post-processed and stored in Analysis Ready Cloud Optimized (ARCO) format (Zarr), is available for optimised time-series retrievals (i.e. for retrieving data from selected variables for a single point over an extended period of time in an efficient way). You can discover it [here](https://cds.climate.copernicus.eu/datasets/reanalysis-era5-single-levels-timeseries?tab=overview)
[2026-06-06T17:00:46.860+0000] {logging_mixin.py:188} WARNING - 2026-06-06 17:00:46,860 INFO Request ID is 38a57fe2-2f9f-4fae-bb84-202115333a08
[2026-06-06T17:00:46.860+0000] {legacy_client.py:192} INFO - Request ID is 38a57fe2-2f9f-4fae-bb84-202115333a08
[2026-06-06T17:00:47.067+0000] {logging_mixin.py:188} WARNING - 2026-06-06 17:00:47,066 INFO status has been updated to accepted
[2026-06-06T17:00:47.066+0000] {legacy_client.py:192} INFO - status has been updated to accepted
[2026-06-06T17:01:09.107+0000] {logging_mixin.py:188} WARNING - 2026-06-06 17:01:09,107 INFO status has been updated to running
[2026-06-06T17:01:09.107+0000] {legacy_client.py:192} INFO - status has been updated to running
[2026-06-06T17:01:20.715+0000] {logging_mixin.py:188} WARNING - 2026-06-06 17:01:20,715 INFO status has been updated to successful
[2026-06-06T17:01:20.715+0000] {legacy_client.py:192} INFO - status has been updated to successful
[2026-06-06T17:01:21.168+0000] {base.py:119} INFO - Downloading https://object-store.os-api.cci2.ecmwf.int:443/cci2-prod-cache-1/2026-06-06/301443cbc6f0f7f9f9c2b1e692d8b477.nc
[2026-06-06T17:01:21.877+0000] {logging_mixin.py:188} WARNING - 301443cbc6f0f7f9f9c2b1e692d8b477.nc:   0%|          | 0.00/1.94M [00:00<?, ?B/s]
[2026-06-06T17:01:23.984+0000] {logging_mixin.py:188} WARNING - 301443cbc6f0f7f9f9c2b1e692d8b477.nc:  52%|#####1    | 1.00M/1.94M [00:02<00:01, 498kB/s]
[2026-06-06T17:01:24.329+0000] {logging_mixin.py:188} WARNING - 301443cbc6f0f7f9f9c2b1e692d8b477.nc: 100%|##########| 1.94M/1.94M [00:02<00:00, 945kB/s]
[2026-06-06T17:01:24.349+0000] {logging_mixin.py:188} WARNING -                                                                                         
[2026-06-06T17:01:24.538+0000] {logging_mixin.py:188} WARNING - 2026-06-06 17:01:24 [INFO] nc downloaded ok: /opt/***/era5/ecmwf/data/nc/_raw/2026/06/01/instant_20260601.nc
[2026-06-06T17:01:24.538+0000] {era5_functions.py:204} INFO - nc downloaded ok: /opt/***/era5/ecmwf/data/nc/_raw/2026/06/01/instant_20260601.nc
[2026-06-06T17:01:24.615+0000] {logging_mixin.py:188} WARNING - 2026-06-06 17:01:24 [INFO] local timestep: 18 — /opt/***/era5/ecmwf/data/nc/_raw/2026/06/01/instant_20260601.nc
[2026-06-06T17:01:24.614+0000] {era5_functions.py:152} INFO - local timestep: 18 — /opt/***/era5/ecmwf/data/nc/_raw/2026/06/01/instant_20260601.nc
[2026-06-06T17:01:24.722+0000] {logging_mixin.py:188} WARNING - 2026-06-06 17:01:24 [INFO] tif outdated (tif=17 < nc=18), removing: /opt/***/era5/ecmwf/data/tif/2026/06/01/t2m_20260601.tif
[2026-06-06T17:01:24.722+0000] {era5_functions.py:261} INFO - tif outdated (tif=17 < nc=18), removing: /opt/***/era5/ecmwf/data/tif/2026/06/01/t2m_20260601.tif
[2026-06-06T17:01:24.821+0000] {logging_mixin.py:188} WARNING - 2026-06-06 17:01:24 [INFO] tif ok (bands=18): /opt/***/era5/ecmwf/data/tif/2026/06/01/t2m_20260601.tif
[2026-06-06T17:01:24.821+0000] {era5_functions.py:304} INFO - tif ok (bands=18): /opt/***/era5/ecmwf/data/tif/2026/06/01/t2m_20260601.tif
[2026-06-06T17:01:24.838+0000] {logging_mixin.py:188} WARNING - 2026-06-06 17:01:24 [INFO] tif outdated (tif=17 < nc=18), removing: /opt/***/era5/ecmwf/data/tif/2026/06/01/d2m_20260601.tif
[2026-06-06T17:01:24.837+0000] {era5_functions.py:261} INFO - tif outdated (tif=17 < nc=18), removing: /opt/***/era5/ecmwf/data/tif/2026/06/01/d2m_20260601.tif
[2026-06-06T17:01:24.931+0000] {logging_mixin.py:188} WARNING - 2026-06-06 17:01:24 [INFO] tif ok (bands=18): /opt/***/era5/ecmwf/data/tif/2026/06/01/d2m_20260601.tif
[2026-06-06T17:01:24.930+0000] {era5_functions.py:304} INFO - tif ok (bands=18): /opt/***/era5/ecmwf/data/tif/2026/06/01/d2m_20260601.tif
[2026-06-06T17:01:24.946+0000] {logging_mixin.py:188} WARNING - 2026-06-06 17:01:24 [INFO] tif outdated (tif=17 < nc=18), removing: /opt/***/era5/ecmwf/data/tif/2026/06/01/sp_20260601.tif
[2026-06-06T17:01:24.946+0000] {era5_functions.py:261} INFO - tif outdated (tif=17 < nc=18), removing: /opt/***/era5/ecmwf/data/tif/2026/06/01/sp_20260601.tif
[2026-06-06T17:01:25.034+0000] {logging_mixin.py:188} WARNING - 2026-06-06 17:01:25 [INFO] tif ok (bands=18): /opt/***/era5/ecmwf/data/tif/2026/06/01/sp_20260601.tif
[2026-06-06T17:01:25.034+0000] {era5_functions.py:304} INFO - tif ok (bands=18): /opt/***/era5/ecmwf/data/tif/2026/06/01/sp_20260601.tif
[2026-06-06T17:01:25.050+0000] {logging_mixin.py:188} WARNING - 2026-06-06 17:01:25 [INFO] tif outdated (tif=17 < nc=18), removing: /opt/***/era5/ecmwf/data/tif/2026/06/01/blh_20260601.tif
[2026-06-06T17:01:25.050+0000] {era5_functions.py:261} INFO - tif outdated (tif=17 < nc=18), removing: /opt/***/era5/ecmwf/data/tif/2026/06/01/blh_20260601.tif
[2026-06-06T17:01:25.143+0000] {logging_mixin.py:188} WARNING - 2026-06-06 17:01:25 [INFO] tif ok (bands=18): /opt/***/era5/ecmwf/data/tif/2026/06/01/blh_20260601.tif
[2026-06-06T17:01:25.143+0000] {era5_functions.py:304} INFO - tif ok (bands=18): /opt/***/era5/ecmwf/data/tif/2026/06/01/blh_20260601.tif
[2026-06-06T17:01:25.159+0000] {logging_mixin.py:188} WARNING - 2026-06-06 17:01:25 [INFO] tif outdated (tif=17 < nc=18), removing: /opt/***/era5/ecmwf/data/tif/2026/06/01/u10_20260601.tif
[2026-06-06T17:01:25.159+0000] {era5_functions.py:261} INFO - tif outdated (tif=17 < nc=18), removing: /opt/***/era5/ecmwf/data/tif/2026/06/01/u10_20260601.tif
[2026-06-06T17:01:25.314+0000] {logging_mixin.py:188} WARNING - 2026-06-06 17:01:25 [INFO] tif ok (bands=18): /opt/***/era5/ecmwf/data/tif/2026/06/01/u10_20260601.tif
[2026-06-06T17:01:25.314+0000] {era5_functions.py:304} INFO - tif ok (bands=18): /opt/***/era5/ecmwf/data/tif/2026/06/01/u10_20260601.tif
[2026-06-06T17:01:25.332+0000] {logging_mixin.py:188} WARNING - 2026-06-06 17:01:25 [INFO] tif outdated (tif=17 < nc=18), removing: /opt/***/era5/ecmwf/data/tif/2026/06/01/v10_20260601.tif
[2026-06-06T17:01:25.332+0000] {era5_functions.py:261} INFO - tif outdated (tif=17 < nc=18), removing: /opt/***/era5/ecmwf/data/tif/2026/06/01/v10_20260601.tif
[2026-06-06T17:01:25.452+0000] {logging_mixin.py:188} WARNING - 2026-06-06 17:01:25 [INFO] tif ok (bands=18): /opt/***/era5/ecmwf/data/tif/2026/06/01/v10_20260601.tif
[2026-06-06T17:01:25.452+0000] {era5_functions.py:304} INFO - tif ok (bands=18): /opt/***/era5/ecmwf/data/tif/2026/06/01/v10_20260601.tif
[2026-06-06T17:01:25.459+0000] {logging_mixin.py:188} WARNING - 2026-06-06 17:01:25 [INFO] === END job=instant date=2026-06-06 ===
[2026-06-06T17:01:25.459+0000] {era5_functions.py:379} INFO - === END job=instant date=2026-06-06 ===
[2026-06-06T17:01:25.461+0000] {python.py:237} INFO - Done. Returned value was: None
[2026-06-06T17:01:25.461+0000] {taskinstance.py:441} INFO - ::group::Post task execution logs
[2026-06-06T17:01:25.480+0000] {taskinstance.py:1206} INFO - Marking task as SUCCESS. dag_id=era5_download_pipeline, task_id=era5_instant, run_id=scheduled__2026-06-06T16:00:00+00:00, execution_date=20260606T160000, start_date=20260606T170002, end_date=20260606T170125
[2026-06-06T17:01:25.567+0000] {local_task_job_runner.py:240} INFO - Task exited with return code 0
[2026-06-06T17:01:25.602+0000] {taskinstance.py:3498} INFO - 1 downstream tasks scheduled from follow-on schedule check
[2026-06-06T17:01:25.606+0000] {local_task_job_runner.py:222} INFO - ::endgroup::
