[2026-06-22T20:00:01.897+0000] {local_task_job_runner.py:120} INFO - ::group::Pre task execution logs
[2026-06-22T20:00:01.924+0000] {taskinstance.py:2076} INFO - Dependencies all met for dep_context=non-requeueable deps ti=<TaskInstance: era5_download_pipeline.era5_instant scheduled__2026-06-22T19:00:00+00:00 [queued]>
[2026-06-22T20:00:01.933+0000] {taskinstance.py:2076} INFO - Dependencies all met for dep_context=requeueable deps ti=<TaskInstance: era5_download_pipeline.era5_instant scheduled__2026-06-22T19:00:00+00:00 [queued]>
[2026-06-22T20:00:01.935+0000] {taskinstance.py:2306} INFO - Starting attempt 1 of 1
[2026-06-22T20:00:01.950+0000] {taskinstance.py:2330} INFO - Executing <Task(PythonOperator): era5_instant> on 2026-06-22 19:00:00+00:00
[2026-06-22T20:00:01.962+0000] {warnings.py:110} WARNING - /home/***/.local/lib/python3.12/site-packages/***/task/task_runner/standard_task_runner.py:61: DeprecationWarning: This process (pid=213299) is multi-threaded, use of fork() may lead to deadlocks in the child.
  pid = os.fork()

[2026-06-22T20:00:01.966+0000] {standard_task_runner.py:63} INFO - Started process 213303 to run task
[2026-06-22T20:00:01.966+0000] {standard_task_runner.py:90} INFO - Running: ['***', 'tasks', 'run', 'era5_download_pipeline', 'era5_instant', 'scheduled__2026-06-22T19:00:00+00:00', '--job-id', '2158', '--raw', '--subdir', 'DAGS_FOLDER/era5_dag.py', '--cfg-path', '/tmp/tmpa8td2_yi']
[2026-06-22T20:00:01.970+0000] {standard_task_runner.py:91} INFO - Job 2158: Subtask era5_instant
[2026-06-22T20:00:02.054+0000] {task_command.py:426} INFO - Running <TaskInstance: era5_download_pipeline.era5_instant scheduled__2026-06-22T19:00:00+00:00 [running]> on host 01cd476fb21a
[2026-06-22T20:00:02.175+0000] {taskinstance.py:2648} INFO - Exporting env vars: AIRFLOW_CTX_DAG_OWNER='era5' AIRFLOW_CTX_DAG_ID='era5_download_pipeline' AIRFLOW_CTX_TASK_ID='era5_instant' AIRFLOW_CTX_EXECUTION_DATE='2026-06-22T19:00:00+00:00' AIRFLOW_CTX_TRY_NUMBER='1' AIRFLOW_CTX_DAG_RUN_ID='scheduled__2026-06-22T19:00:00+00:00'
[2026-06-22T20:00:02.178+0000] {taskinstance.py:430} INFO - ::endgroup::
[2026-06-22T20:00:03.241+0000] {logging_mixin.py:188} WARNING - 2026-06-22 20:00:03 [INFO] === START job=instant date=2026-06-22 ===
[2026-06-22T20:00:03.241+0000] {era5_functions.py:368} INFO - === START job=instant date=2026-06-22 ===
[2026-06-22T20:00:03.246+0000] {logging_mixin.py:188} WARNING - 2026-06-22 20:00:03 [INFO] --- job=instant date=20260622 ---
[2026-06-22T20:00:03.245+0000] {era5_functions.py:330} INFO - --- job=instant date=20260622 ---
[2026-06-22T20:00:03.846+0000] {logging_mixin.py:188} WARNING - 2026-06-22 20:00:03 [WARNING] get_cds_count failed: 400 Client Error: Bad Request for url: https://cds.climate.copernicus.eu/api/retrieve/v1/processes/reanalysis-era5-single-levels/execution
invalid request
None of the data you have requested is available yet, please revise the period requested. The latest date available for this dataset is: 2026-06-17 20:00
[2026-06-22T20:00:03.846+0000] {era5_functions.py:131} WARNING - get_cds_count failed: 400 Client Error: Bad Request for url: https://cds.climate.copernicus.eu/api/retrieve/v1/processes/reanalysis-era5-single-levels/execution
invalid request
None of the data you have requested is available yet, please revise the period requested. The latest date available for this dataset is: 2026-06-17 20:00
[2026-06-22T20:00:03.850+0000] {logging_mixin.py:188} WARNING - 2026-06-22 20:00:03 [WARNING] CDS ยังไม่มีข้อมูล job=instant date=20260622, skip
[2026-06-22T20:00:03.849+0000] {era5_functions.py:335} WARNING - CDS ยังไม่มีข้อมูล job=instant date=20260622, skip
[2026-06-22T20:00:03.853+0000] {logging_mixin.py:188} WARNING - 2026-06-22 20:00:03 [INFO] --- job=instant date=20260621 ---
[2026-06-22T20:00:03.853+0000] {era5_functions.py:330} INFO - --- job=instant date=20260621 ---
[2026-06-22T20:00:05.248+0000] {logging_mixin.py:188} WARNING - 2026-06-22 20:00:05 [WARNING] get_cds_count failed: 400 Client Error: Bad Request for url: https://cds.climate.copernicus.eu/api/retrieve/v1/processes/reanalysis-era5-single-levels/execution
invalid request
None of the data you have requested is available yet, please revise the period requested. The latest date available for this dataset is: 2026-06-17 20:00
[2026-06-22T20:00:05.248+0000] {era5_functions.py:131} WARNING - get_cds_count failed: 400 Client Error: Bad Request for url: https://cds.climate.copernicus.eu/api/retrieve/v1/processes/reanalysis-era5-single-levels/execution
invalid request
None of the data you have requested is available yet, please revise the period requested. The latest date available for this dataset is: 2026-06-17 20:00
[2026-06-22T20:00:05.255+0000] {logging_mixin.py:188} WARNING - 2026-06-22 20:00:05 [WARNING] CDS ยังไม่มีข้อมูล job=instant date=20260621, skip
[2026-06-22T20:00:05.254+0000] {era5_functions.py:335} WARNING - CDS ยังไม่มีข้อมูล job=instant date=20260621, skip
[2026-06-22T20:00:05.258+0000] {logging_mixin.py:188} WARNING - 2026-06-22 20:00:05 [INFO] --- job=instant date=20260620 ---
[2026-06-22T20:00:05.258+0000] {era5_functions.py:330} INFO - --- job=instant date=20260620 ---
[2026-06-22T20:00:05.855+0000] {logging_mixin.py:188} WARNING - 2026-06-22 20:00:05 [WARNING] get_cds_count failed: 400 Client Error: Bad Request for url: https://cds.climate.copernicus.eu/api/retrieve/v1/processes/reanalysis-era5-single-levels/execution
invalid request
None of the data you have requested is available yet, please revise the period requested. The latest date available for this dataset is: 2026-06-17 20:00
[2026-06-22T20:00:05.855+0000] {era5_functions.py:131} WARNING - get_cds_count failed: 400 Client Error: Bad Request for url: https://cds.climate.copernicus.eu/api/retrieve/v1/processes/reanalysis-era5-single-levels/execution
invalid request
None of the data you have requested is available yet, please revise the period requested. The latest date available for this dataset is: 2026-06-17 20:00
[2026-06-22T20:00:05.859+0000] {logging_mixin.py:188} WARNING - 2026-06-22 20:00:05 [WARNING] CDS ยังไม่มีข้อมูล job=instant date=20260620, skip
[2026-06-22T20:00:05.859+0000] {era5_functions.py:335} WARNING - CDS ยังไม่มีข้อมูล job=instant date=20260620, skip
[2026-06-22T20:00:05.863+0000] {logging_mixin.py:188} WARNING - 2026-06-22 20:00:05 [INFO] --- job=instant date=20260619 ---
[2026-06-22T20:00:05.862+0000] {era5_functions.py:330} INFO - --- job=instant date=20260619 ---
[2026-06-22T20:00:06.966+0000] {logging_mixin.py:188} WARNING - 2026-06-22 20:00:06 [WARNING] get_cds_count failed: 400 Client Error: Bad Request for url: https://cds.climate.copernicus.eu/api/retrieve/v1/processes/reanalysis-era5-single-levels/execution
invalid request
None of the data you have requested is available yet, please revise the period requested. The latest date available for this dataset is: 2026-06-17 20:00
[2026-06-22T20:00:06.965+0000] {era5_functions.py:131} WARNING - get_cds_count failed: 400 Client Error: Bad Request for url: https://cds.climate.copernicus.eu/api/retrieve/v1/processes/reanalysis-era5-single-levels/execution
invalid request
None of the data you have requested is available yet, please revise the period requested. The latest date available for this dataset is: 2026-06-17 20:00
[2026-06-22T20:00:06.969+0000] {logging_mixin.py:188} WARNING - 2026-06-22 20:00:06 [WARNING] CDS ยังไม่มีข้อมูล job=instant date=20260619, skip
[2026-06-22T20:00:06.968+0000] {era5_functions.py:335} WARNING - CDS ยังไม่มีข้อมูล job=instant date=20260619, skip
[2026-06-22T20:00:06.971+0000] {logging_mixin.py:188} WARNING - 2026-06-22 20:00:06 [INFO] --- job=instant date=20260618 ---
[2026-06-22T20:00:06.971+0000] {era5_functions.py:330} INFO - --- job=instant date=20260618 ---
[2026-06-22T20:00:07.390+0000] {logging_mixin.py:188} WARNING - 2026-06-22 20:00:07 [WARNING] get_cds_count failed: 400 Client Error: Bad Request for url: https://cds.climate.copernicus.eu/api/retrieve/v1/processes/reanalysis-era5-single-levels/execution
invalid request
None of the data you have requested is available yet, please revise the period requested. The latest date available for this dataset is: 2026-06-17 20:00
[2026-06-22T20:00:07.390+0000] {era5_functions.py:131} WARNING - get_cds_count failed: 400 Client Error: Bad Request for url: https://cds.climate.copernicus.eu/api/retrieve/v1/processes/reanalysis-era5-single-levels/execution
invalid request
None of the data you have requested is available yet, please revise the period requested. The latest date available for this dataset is: 2026-06-17 20:00
[2026-06-22T20:00:07.394+0000] {logging_mixin.py:188} WARNING - 2026-06-22 20:00:07 [WARNING] CDS ยังไม่มีข้อมูล job=instant date=20260618, skip
[2026-06-22T20:00:07.393+0000] {era5_functions.py:335} WARNING - CDS ยังไม่มีข้อมูล job=instant date=20260618, skip
[2026-06-22T20:00:07.397+0000] {logging_mixin.py:188} WARNING - 2026-06-22 20:00:07 [INFO] --- job=instant date=20260617 ---
[2026-06-22T20:00:07.397+0000] {era5_functions.py:330} INFO - --- job=instant date=20260617 ---
[2026-06-22T20:00:07.979+0000] {logging_mixin.py:188} WARNING - 2026-06-22 20:00:07,979 INFO [2025-12-11T00:00:00] Please note that a dedicated catalogue entry for this dataset, post-processed and stored in Analysis Ready Cloud Optimized (ARCO) format (Zarr), is available for optimised time-series retrievals (i.e. for retrieving data from selected variables for a single point over an extended period of time in an efficient way). You can discover it [here](https://cds.climate.copernicus.eu/datasets/reanalysis-era5-single-levels-timeseries?tab=overview)
[2026-06-22T20:00:07.979+0000] {legacy_client.py:192} INFO - [2025-12-11T00:00:00] Please note that a dedicated catalogue entry for this dataset, post-processed and stored in Analysis Ready Cloud Optimized (ARCO) format (Zarr), is available for optimised time-series retrievals (i.e. for retrieving data from selected variables for a single point over an extended period of time in an efficient way). You can discover it [here](https://cds.climate.copernicus.eu/datasets/reanalysis-era5-single-levels-timeseries?tab=overview)
[2026-06-22T20:00:07.982+0000] {logging_mixin.py:188} WARNING - 2026-06-22 20:00:07,982 INFO Request ID is 913b2f17-816b-4d24-850a-075dc2714ca7
[2026-06-22T20:00:07.982+0000] {legacy_client.py:192} INFO - Request ID is 913b2f17-816b-4d24-850a-075dc2714ca7
[2026-06-22T20:00:08.192+0000] {logging_mixin.py:188} WARNING - 2026-06-22 20:00:08,192 INFO status has been updated to accepted
[2026-06-22T20:00:08.192+0000] {legacy_client.py:192} INFO - status has been updated to accepted
[2026-06-22T20:00:30.362+0000] {logging_mixin.py:188} WARNING - 2026-06-22 20:00:30,362 INFO status has been updated to running
[2026-06-22T20:00:30.362+0000] {legacy_client.py:192} INFO - status has been updated to running
[2026-06-22T20:00:59.378+0000] {logging_mixin.py:188} WARNING - 2026-06-22 20:00:59,377 INFO status has been updated to successful
[2026-06-22T20:00:59.377+0000] {legacy_client.py:192} INFO - status has been updated to successful
[2026-06-22T20:00:59.785+0000] {base.py:119} INFO - Downloading https://object-store.os-api.cci2.ecmwf.int:443/cci2-prod-cache-2/2026-06-22/849a0532ac816c4b3f346dc3497033a2.nc
[2026-06-22T20:01:01.061+0000] {logging_mixin.py:188} WARNING - 849a0532ac816c4b3f346dc3497033a2.nc:   0%|          | 0.00/2.24M [00:00<?, ?B/s]
[2026-06-22T20:01:03.053+0000] {logging_mixin.py:188} WARNING - 849a0532ac816c4b3f346dc3497033a2.nc:  45%|####4     | 1.00M/2.24M [00:01<00:02, 527kB/s]
[2026-06-22T20:01:03.573+0000] {logging_mixin.py:188} WARNING - 849a0532ac816c4b3f346dc3497033a2.nc:  89%|########9 | 2.00M/2.24M [00:02<00:00, 932kB/s]
[2026-06-22T20:01:03.586+0000] {logging_mixin.py:188} WARNING -                                                                                         
[2026-06-22T20:01:03.885+0000] {logging_mixin.py:188} WARNING - 2026-06-22 20:01:03 [INFO] CDS timestep available: 21
[2026-06-22T20:01:03.885+0000] {era5_functions.py:128} INFO - CDS timestep available: 21
[2026-06-22T20:01:03.962+0000] {logging_mixin.py:188} WARNING - 2026-06-22 20:01:03 [INFO] local timestep: 20 — /opt/***/era5/ecmwf/data/nc/_raw/2026/06/17/instant_20260617.nc
[2026-06-22T20:01:03.962+0000] {era5_functions.py:152} INFO - local timestep: 20 — /opt/***/era5/ecmwf/data/nc/_raw/2026/06/17/instant_20260617.nc
[2026-06-22T20:01:03.969+0000] {logging_mixin.py:188} WARNING - 2026-06-22 20:01:03 [INFO] nc outdated (local=20 < cds=21), removing: /opt/***/era5/ecmwf/data/nc/_raw/2026/06/17/instant_20260617.nc
[2026-06-22T20:01:03.969+0000] {era5_functions.py:193} INFO - nc outdated (local=20 < cds=21), removing: /opt/***/era5/ecmwf/data/nc/_raw/2026/06/17/instant_20260617.nc
[2026-06-22T20:01:03.985+0000] {logging_mixin.py:188} WARNING - 2026-06-22 20:01:03 [INFO] download attempt 1/3: /opt/***/era5/ecmwf/data/nc/_raw/2026/06/17/instant_20260617.nc
[2026-06-22T20:01:03.984+0000] {era5_functions.py:200} INFO - download attempt 1/3: /opt/***/era5/ecmwf/data/nc/_raw/2026/06/17/instant_20260617.nc
[2026-06-22T20:01:06.209+0000] {logging_mixin.py:188} WARNING - 2026-06-22 20:01:06,209 INFO [2025-12-11T00:00:00] Please note that a dedicated catalogue entry for this dataset, post-processed and stored in Analysis Ready Cloud Optimized (ARCO) format (Zarr), is available for optimised time-series retrievals (i.e. for retrieving data from selected variables for a single point over an extended period of time in an efficient way). You can discover it [here](https://cds.climate.copernicus.eu/datasets/reanalysis-era5-single-levels-timeseries?tab=overview)
[2026-06-22T20:01:06.209+0000] {legacy_client.py:192} INFO - [2025-12-11T00:00:00] Please note that a dedicated catalogue entry for this dataset, post-processed and stored in Analysis Ready Cloud Optimized (ARCO) format (Zarr), is available for optimised time-series retrievals (i.e. for retrieving data from selected variables for a single point over an extended period of time in an efficient way). You can discover it [here](https://cds.climate.copernicus.eu/datasets/reanalysis-era5-single-levels-timeseries?tab=overview)
[2026-06-22T20:01:06.214+0000] {logging_mixin.py:188} WARNING - 2026-06-22 20:01:06,213 INFO Request ID is 17b65e7b-8c30-4629-85ab-1b6c1d61d21a
[2026-06-22T20:01:06.213+0000] {legacy_client.py:192} INFO - Request ID is 17b65e7b-8c30-4629-85ab-1b6c1d61d21a
[2026-06-22T20:01:06.422+0000] {logging_mixin.py:188} WARNING - 2026-06-22 20:01:06,422 INFO status has been updated to accepted
[2026-06-22T20:01:06.422+0000] {legacy_client.py:192} INFO - status has been updated to accepted
[2026-06-22T20:01:28.893+0000] {logging_mixin.py:188} WARNING - 2026-06-22 20:01:28,893 INFO status has been updated to running
[2026-06-22T20:01:28.893+0000] {legacy_client.py:192} INFO - status has been updated to running
[2026-06-22T20:01:57.794+0000] {logging_mixin.py:188} WARNING - 2026-06-22 20:01:57,794 INFO status has been updated to successful
[2026-06-22T20:01:57.794+0000] {legacy_client.py:192} INFO - status has been updated to successful
[2026-06-22T20:01:58.221+0000] {base.py:119} INFO - Downloading https://object-store.os-api.cci2.ecmwf.int:443/cci2-prod-cache-3/2026-06-22/d8d02efd5e9f030c2628f1cc9a383c40.nc
[2026-06-22T20:02:03.145+0000] {logging_mixin.py:188} WARNING - d8d02efd5e9f030c2628f1cc9a383c40.nc:   0%|          | 0.00/2.24M [00:00<?, ?B/s]
[2026-06-22T20:02:16.424+0000] {logging_mixin.py:188} WARNING - d8d02efd5e9f030c2628f1cc9a383c40.nc:  45%|####4     | 1.00M/2.24M [00:13<00:16, 79.0kB/s]
[2026-06-22T20:02:29.951+0000] {logging_mixin.py:188} WARNING - d8d02efd5e9f030c2628f1cc9a383c40.nc:  89%|########9 | 2.00M/2.24M [00:26<00:03, 78.1kB/s]
[2026-06-22T20:02:31.774+0000] {logging_mixin.py:188} WARNING - d8d02efd5e9f030c2628f1cc9a383c40.nc: 100%|##########| 2.24M/2.24M [00:28<00:00, 84.3kB/s]
[2026-06-22T20:02:31.794+0000] {logging_mixin.py:188} WARNING -                                                                                          
[2026-06-22T20:02:31.975+0000] {logging_mixin.py:188} WARNING - 2026-06-22 20:02:31 [INFO] nc downloaded ok: /opt/***/era5/ecmwf/data/nc/_raw/2026/06/17/instant_20260617.nc
[2026-06-22T20:02:31.975+0000] {era5_functions.py:204} INFO - nc downloaded ok: /opt/***/era5/ecmwf/data/nc/_raw/2026/06/17/instant_20260617.nc
[2026-06-22T20:02:32.072+0000] {logging_mixin.py:188} WARNING - 2026-06-22 20:02:32 [INFO] local timestep: 21 — /opt/***/era5/ecmwf/data/nc/_raw/2026/06/17/instant_20260617.nc
[2026-06-22T20:02:32.072+0000] {era5_functions.py:152} INFO - local timestep: 21 — /opt/***/era5/ecmwf/data/nc/_raw/2026/06/17/instant_20260617.nc
[2026-06-22T20:02:32.186+0000] {logging_mixin.py:188} WARNING - 2026-06-22 20:02:32 [INFO] tif outdated (tif=20 < nc=21), removing: /opt/***/era5/ecmwf/data/tif/2026/06/17/t2m_20260617.tif
[2026-06-22T20:02:32.185+0000] {era5_functions.py:261} INFO - tif outdated (tif=20 < nc=21), removing: /opt/***/era5/ecmwf/data/tif/2026/06/17/t2m_20260617.tif
[2026-06-22T20:02:32.302+0000] {logging_mixin.py:188} WARNING - 2026-06-22 20:02:32 [INFO] tif ok (bands=21): /opt/***/era5/ecmwf/data/tif/2026/06/17/t2m_20260617.tif
[2026-06-22T20:02:32.301+0000] {era5_functions.py:304} INFO - tif ok (bands=21): /opt/***/era5/ecmwf/data/tif/2026/06/17/t2m_20260617.tif
[2026-06-22T20:02:32.318+0000] {logging_mixin.py:188} WARNING - 2026-06-22 20:02:32 [INFO] tif outdated (tif=20 < nc=21), removing: /opt/***/era5/ecmwf/data/tif/2026/06/17/d2m_20260617.tif
[2026-06-22T20:02:32.318+0000] {era5_functions.py:261} INFO - tif outdated (tif=20 < nc=21), removing: /opt/***/era5/ecmwf/data/tif/2026/06/17/d2m_20260617.tif
[2026-06-22T20:02:32.421+0000] {logging_mixin.py:188} WARNING - 2026-06-22 20:02:32 [INFO] tif ok (bands=21): /opt/***/era5/ecmwf/data/tif/2026/06/17/d2m_20260617.tif
[2026-06-22T20:02:32.421+0000] {era5_functions.py:304} INFO - tif ok (bands=21): /opt/***/era5/ecmwf/data/tif/2026/06/17/d2m_20260617.tif
[2026-06-22T20:02:32.448+0000] {logging_mixin.py:188} WARNING - 2026-06-22 20:02:32 [INFO] tif outdated (tif=20 < nc=21), removing: /opt/***/era5/ecmwf/data/tif/2026/06/17/sp_20260617.tif
[2026-06-22T20:02:32.447+0000] {era5_functions.py:261} INFO - tif outdated (tif=20 < nc=21), removing: /opt/***/era5/ecmwf/data/tif/2026/06/17/sp_20260617.tif
[2026-06-22T20:02:32.595+0000] {logging_mixin.py:188} WARNING - 2026-06-22 20:02:32 [INFO] tif ok (bands=21): /opt/***/era5/ecmwf/data/tif/2026/06/17/sp_20260617.tif
[2026-06-22T20:02:32.595+0000] {era5_functions.py:304} INFO - tif ok (bands=21): /opt/***/era5/ecmwf/data/tif/2026/06/17/sp_20260617.tif
[2026-06-22T20:02:32.614+0000] {logging_mixin.py:188} WARNING - 2026-06-22 20:02:32 [INFO] tif outdated (tif=20 < nc=21), removing: /opt/***/era5/ecmwf/data/tif/2026/06/17/blh_20260617.tif
[2026-06-22T20:02:32.613+0000] {era5_functions.py:261} INFO - tif outdated (tif=20 < nc=21), removing: /opt/***/era5/ecmwf/data/tif/2026/06/17/blh_20260617.tif
[2026-06-22T20:02:32.727+0000] {logging_mixin.py:188} WARNING - 2026-06-22 20:02:32 [INFO] tif ok (bands=21): /opt/***/era5/ecmwf/data/tif/2026/06/17/blh_20260617.tif
[2026-06-22T20:02:32.727+0000] {era5_functions.py:304} INFO - tif ok (bands=21): /opt/***/era5/ecmwf/data/tif/2026/06/17/blh_20260617.tif
[2026-06-22T20:02:32.758+0000] {logging_mixin.py:188} WARNING - 2026-06-22 20:02:32 [INFO] tif outdated (tif=20 < nc=21), removing: /opt/***/era5/ecmwf/data/tif/2026/06/17/u10_20260617.tif
[2026-06-22T20:02:32.758+0000] {era5_functions.py:261} INFO - tif outdated (tif=20 < nc=21), removing: /opt/***/era5/ecmwf/data/tif/2026/06/17/u10_20260617.tif
[2026-06-22T20:02:32.889+0000] {logging_mixin.py:188} WARNING - 2026-06-22 20:02:32 [INFO] tif ok (bands=21): /opt/***/era5/ecmwf/data/tif/2026/06/17/u10_20260617.tif
[2026-06-22T20:02:32.889+0000] {era5_functions.py:304} INFO - tif ok (bands=21): /opt/***/era5/ecmwf/data/tif/2026/06/17/u10_20260617.tif
[2026-06-22T20:02:32.907+0000] {logging_mixin.py:188} WARNING - 2026-06-22 20:02:32 [INFO] tif outdated (tif=20 < nc=21), removing: /opt/***/era5/ecmwf/data/tif/2026/06/17/v10_20260617.tif
[2026-06-22T20:02:32.907+0000] {era5_functions.py:261} INFO - tif outdated (tif=20 < nc=21), removing: /opt/***/era5/ecmwf/data/tif/2026/06/17/v10_20260617.tif
[2026-06-22T20:02:33.015+0000] {logging_mixin.py:188} WARNING - 2026-06-22 20:02:33 [INFO] tif ok (bands=21): /opt/***/era5/ecmwf/data/tif/2026/06/17/v10_20260617.tif
[2026-06-22T20:02:33.015+0000] {era5_functions.py:304} INFO - tif ok (bands=21): /opt/***/era5/ecmwf/data/tif/2026/06/17/v10_20260617.tif
[2026-06-22T20:02:33.022+0000] {logging_mixin.py:188} WARNING - 2026-06-22 20:02:33 [INFO] === END job=instant date=2026-06-22 ===
[2026-06-22T20:02:33.021+0000] {era5_functions.py:379} INFO - === END job=instant date=2026-06-22 ===
[2026-06-22T20:02:33.024+0000] {python.py:237} INFO - Done. Returned value was: None
[2026-06-22T20:02:33.024+0000] {taskinstance.py:441} INFO - ::group::Post task execution logs
[2026-06-22T20:02:33.040+0000] {taskinstance.py:1206} INFO - Marking task as SUCCESS. dag_id=era5_download_pipeline, task_id=era5_instant, run_id=scheduled__2026-06-22T19:00:00+00:00, execution_date=20260622T190000, start_date=20260622T200001, end_date=20260622T200233
[2026-06-22T20:02:33.097+0000] {local_task_job_runner.py:240} INFO - Task exited with return code 0
[2026-06-22T20:02:33.140+0000] {taskinstance.py:3498} INFO - 1 downstream tasks scheduled from follow-on schedule check
[2026-06-22T20:02:33.144+0000] {local_task_job_runner.py:222} INFO - ::endgroup::
