[2026-07-18T09:00:01.568+0000] {local_task_job_runner.py:120} INFO - ::group::Pre task execution logs
[2026-07-18T09:00:01.592+0000] {taskinstance.py:2076} INFO - Dependencies all met for dep_context=non-requeueable deps ti=<TaskInstance: era5_download_pipeline.era5_instant scheduled__2026-07-18T08:00:00+00:00 [queued]>
[2026-07-18T09:00:01.602+0000] {taskinstance.py:2076} INFO - Dependencies all met for dep_context=requeueable deps ti=<TaskInstance: era5_download_pipeline.era5_instant scheduled__2026-07-18T08:00:00+00:00 [queued]>
[2026-07-18T09:00:01.603+0000] {taskinstance.py:2306} INFO - Starting attempt 1 of 1
[2026-07-18T09:00:01.618+0000] {taskinstance.py:2330} INFO - Executing <Task(PythonOperator): era5_instant> on 2026-07-18 08:00:00+00:00
[2026-07-18T09:00:01.629+0000] {warnings.py:110} WARNING - /home/***/.local/lib/python3.12/site-packages/***/task/task_runner/standard_task_runner.py:61: DeprecationWarning: This process (pid=22709) is multi-threaded, use of fork() may lead to deadlocks in the child.
  pid = os.fork()

[2026-07-18T09:00:01.632+0000] {standard_task_runner.py:63} INFO - Started process 22711 to run task
[2026-07-18T09:00:01.631+0000] {standard_task_runner.py:90} INFO - Running: ['***', 'tasks', 'run', 'era5_download_pipeline', 'era5_instant', 'scheduled__2026-07-18T08:00:00+00:00', '--job-id', '2337', '--raw', '--subdir', 'DAGS_FOLDER/era5_dag.py', '--cfg-path', '/tmp/tmpffcdhq4h']
[2026-07-18T09:00:01.636+0000] {standard_task_runner.py:91} INFO - Job 2337: Subtask era5_instant
[2026-07-18T09:00:01.720+0000] {task_command.py:426} INFO - Running <TaskInstance: era5_download_pipeline.era5_instant scheduled__2026-07-18T08:00:00+00:00 [running]> on host 01cd476fb21a
[2026-07-18T09:00:01.844+0000] {taskinstance.py:2648} INFO - Exporting env vars: AIRFLOW_CTX_DAG_OWNER='era5' AIRFLOW_CTX_DAG_ID='era5_download_pipeline' AIRFLOW_CTX_TASK_ID='era5_instant' AIRFLOW_CTX_EXECUTION_DATE='2026-07-18T08:00:00+00:00' AIRFLOW_CTX_TRY_NUMBER='1' AIRFLOW_CTX_DAG_RUN_ID='scheduled__2026-07-18T08:00:00+00:00'
[2026-07-18T09:00:01.847+0000] {taskinstance.py:430} INFO - ::endgroup::
[2026-07-18T09:00:02.969+0000] {logging_mixin.py:188} WARNING - 2026-07-18 09:00:02 [INFO] === START job=instant date=2026-07-18 ===
[2026-07-18T09:00:02.969+0000] {era5_functions.py:368} INFO - === START job=instant date=2026-07-18 ===
[2026-07-18T09:00:02.973+0000] {logging_mixin.py:188} WARNING - 2026-07-18 09:00:02 [INFO] --- job=instant date=20260718 ---
[2026-07-18T09:00:02.973+0000] {era5_functions.py:330} INFO - --- job=instant date=20260718 ---
[2026-07-18T09:00:04.335+0000] {logging_mixin.py:188} WARNING - 2026-07-18 09:00:04 [WARNING] get_cds_count failed: 400 Client Error: Bad Request for url: https://cds.climate.copernicus.eu/api/retrieve/v1/processes/reanalysis-era5-single-levels/execution
invalid request
None of the data you have requested is available yet, please revise the period requested. The latest date available for this dataset is: 2026-07-13 09:00
[2026-07-18T09:00:04.334+0000] {era5_functions.py:131} WARNING - get_cds_count failed: 400 Client Error: Bad Request for url: https://cds.climate.copernicus.eu/api/retrieve/v1/processes/reanalysis-era5-single-levels/execution
invalid request
None of the data you have requested is available yet, please revise the period requested. The latest date available for this dataset is: 2026-07-13 09:00
[2026-07-18T09:00:04.340+0000] {logging_mixin.py:188} WARNING - 2026-07-18 09:00:04 [WARNING] CDS ยังไม่มีข้อมูล job=instant date=20260718, skip
[2026-07-18T09:00:04.340+0000] {era5_functions.py:335} WARNING - CDS ยังไม่มีข้อมูล job=instant date=20260718, skip
[2026-07-18T09:00:04.344+0000] {logging_mixin.py:188} WARNING - 2026-07-18 09:00:04 [INFO] --- job=instant date=20260717 ---
[2026-07-18T09:00:04.344+0000] {era5_functions.py:330} INFO - --- job=instant date=20260717 ---
[2026-07-18T09:00:05.566+0000] {logging_mixin.py:188} WARNING - 2026-07-18 09:00:05 [WARNING] get_cds_count failed: 400 Client Error: Bad Request for url: https://cds.climate.copernicus.eu/api/retrieve/v1/processes/reanalysis-era5-single-levels/execution
invalid request
None of the data you have requested is available yet, please revise the period requested. The latest date available for this dataset is: 2026-07-13 09:00
[2026-07-18T09:00:05.566+0000] {era5_functions.py:131} WARNING - get_cds_count failed: 400 Client Error: Bad Request for url: https://cds.climate.copernicus.eu/api/retrieve/v1/processes/reanalysis-era5-single-levels/execution
invalid request
None of the data you have requested is available yet, please revise the period requested. The latest date available for this dataset is: 2026-07-13 09:00
[2026-07-18T09:00:05.570+0000] {logging_mixin.py:188} WARNING - 2026-07-18 09:00:05 [WARNING] CDS ยังไม่มีข้อมูล job=instant date=20260717, skip
[2026-07-18T09:00:05.570+0000] {era5_functions.py:335} WARNING - CDS ยังไม่มีข้อมูล job=instant date=20260717, skip
[2026-07-18T09:00:05.573+0000] {logging_mixin.py:188} WARNING - 2026-07-18 09:00:05 [INFO] --- job=instant date=20260716 ---
[2026-07-18T09:00:05.573+0000] {era5_functions.py:330} INFO - --- job=instant date=20260716 ---
[2026-07-18T09:00:06.158+0000] {logging_mixin.py:188} WARNING - 2026-07-18 09:00:06 [WARNING] get_cds_count failed: 400 Client Error: Bad Request for url: https://cds.climate.copernicus.eu/api/retrieve/v1/processes/reanalysis-era5-single-levels/execution
invalid request
None of the data you have requested is available yet, please revise the period requested. The latest date available for this dataset is: 2026-07-13 09:00
[2026-07-18T09:00:06.158+0000] {era5_functions.py:131} WARNING - get_cds_count failed: 400 Client Error: Bad Request for url: https://cds.climate.copernicus.eu/api/retrieve/v1/processes/reanalysis-era5-single-levels/execution
invalid request
None of the data you have requested is available yet, please revise the period requested. The latest date available for this dataset is: 2026-07-13 09:00
[2026-07-18T09:00:06.160+0000] {logging_mixin.py:188} WARNING - 2026-07-18 09:00:06 [WARNING] CDS ยังไม่มีข้อมูล job=instant date=20260716, skip
[2026-07-18T09:00:06.160+0000] {era5_functions.py:335} WARNING - CDS ยังไม่มีข้อมูล job=instant date=20260716, skip
[2026-07-18T09:00:06.162+0000] {logging_mixin.py:188} WARNING - 2026-07-18 09:00:06 [INFO] --- job=instant date=20260715 ---
[2026-07-18T09:00:06.162+0000] {era5_functions.py:330} INFO - --- job=instant date=20260715 ---
[2026-07-18T09:00:06.754+0000] {logging_mixin.py:188} WARNING - 2026-07-18 09:00:06 [WARNING] get_cds_count failed: 400 Client Error: Bad Request for url: https://cds.climate.copernicus.eu/api/retrieve/v1/processes/reanalysis-era5-single-levels/execution
invalid request
None of the data you have requested is available yet, please revise the period requested. The latest date available for this dataset is: 2026-07-13 09:00
[2026-07-18T09:00:06.754+0000] {era5_functions.py:131} WARNING - get_cds_count failed: 400 Client Error: Bad Request for url: https://cds.climate.copernicus.eu/api/retrieve/v1/processes/reanalysis-era5-single-levels/execution
invalid request
None of the data you have requested is available yet, please revise the period requested. The latest date available for this dataset is: 2026-07-13 09:00
[2026-07-18T09:00:06.759+0000] {logging_mixin.py:188} WARNING - 2026-07-18 09:00:06 [WARNING] CDS ยังไม่มีข้อมูล job=instant date=20260715, skip
[2026-07-18T09:00:06.759+0000] {era5_functions.py:335} WARNING - CDS ยังไม่มีข้อมูล job=instant date=20260715, skip
[2026-07-18T09:00:06.763+0000] {logging_mixin.py:188} WARNING - 2026-07-18 09:00:06 [INFO] --- job=instant date=20260714 ---
[2026-07-18T09:00:06.763+0000] {era5_functions.py:330} INFO - --- job=instant date=20260714 ---
[2026-07-18T09:00:07.182+0000] {logging_mixin.py:188} WARNING - 2026-07-18 09:00:07 [WARNING] get_cds_count failed: 400 Client Error: Bad Request for url: https://cds.climate.copernicus.eu/api/retrieve/v1/processes/reanalysis-era5-single-levels/execution
invalid request
None of the data you have requested is available yet, please revise the period requested. The latest date available for this dataset is: 2026-07-13 09:00
[2026-07-18T09:00:07.182+0000] {era5_functions.py:131} WARNING - get_cds_count failed: 400 Client Error: Bad Request for url: https://cds.climate.copernicus.eu/api/retrieve/v1/processes/reanalysis-era5-single-levels/execution
invalid request
None of the data you have requested is available yet, please revise the period requested. The latest date available for this dataset is: 2026-07-13 09:00
[2026-07-18T09:00:07.185+0000] {logging_mixin.py:188} WARNING - 2026-07-18 09:00:07 [WARNING] CDS ยังไม่มีข้อมูล job=instant date=20260714, skip
[2026-07-18T09:00:07.185+0000] {era5_functions.py:335} WARNING - CDS ยังไม่มีข้อมูล job=instant date=20260714, skip
[2026-07-18T09:00:07.187+0000] {logging_mixin.py:188} WARNING - 2026-07-18 09:00:07 [INFO] --- job=instant date=20260713 ---
[2026-07-18T09:00:07.187+0000] {era5_functions.py:330} INFO - --- job=instant date=20260713 ---
[2026-07-18T09:00:08.202+0000] {logging_mixin.py:188} WARNING - 2026-07-18 09:00:08,202 INFO Request ID is a6bafbcc-7b1f-40f3-a54a-baeb0747c520
[2026-07-18T09:00:08.202+0000] {legacy_client.py:192} INFO - Request ID is a6bafbcc-7b1f-40f3-a54a-baeb0747c520
[2026-07-18T09:00:08.616+0000] {logging_mixin.py:188} WARNING - 2026-07-18 09:00:08,616 INFO status has been updated to accepted
[2026-07-18T09:00:08.616+0000] {legacy_client.py:192} INFO - status has been updated to accepted
[2026-07-18T09:00:23.093+0000] {logging_mixin.py:188} WARNING - 2026-07-18 09:00:23,093 INFO status has been updated to running
[2026-07-18T09:00:23.093+0000] {legacy_client.py:192} INFO - status has been updated to running
[2026-07-18T09:00:30.899+0000] {logging_mixin.py:188} WARNING - 2026-07-18 09:00:30,899 INFO status has been updated to successful
[2026-07-18T09:00:30.899+0000] {legacy_client.py:192} INFO - status has been updated to successful
[2026-07-18T09:00:31.311+0000] {base.py:119} INFO - Downloading https://object-store.os-api.cci2.ecmwf.int:443/cci2-prod-cache-3/2026-07-18/8d8877a4ffeb1145cf9460a59344441.nc
[2026-07-18T09:00:32.020+0000] {logging_mixin.py:188} WARNING - 8d8877a4ffeb1145cf9460a59344441.nc:   0%|          | 0.00/1.11M [00:00<?, ?B/s]
[2026-07-18T09:00:33.973+0000] {logging_mixin.py:188} WARNING - 8d8877a4ffeb1145cf9460a59344441.nc:  90%|######### | 1.00M/1.11M [00:01<00:00, 537kB/s]
[2026-07-18T09:00:33.983+0000] {logging_mixin.py:188} WARNING -                                                                                        
[2026-07-18T09:00:34.262+0000] {logging_mixin.py:188} WARNING - 2026-07-18 09:00:34 [INFO] CDS timestep available: 10
[2026-07-18T09:00:34.262+0000] {era5_functions.py:128} INFO - CDS timestep available: 10
[2026-07-18T09:00:34.339+0000] {logging_mixin.py:188} WARNING - 2026-07-18 09:00:34 [INFO] local timestep: 9 — /opt/***/era5/ecmwf/data/nc/_raw/2026/07/13/instant_20260713.nc
[2026-07-18T09:00:34.339+0000] {era5_functions.py:152} INFO - local timestep: 9 — /opt/***/era5/ecmwf/data/nc/_raw/2026/07/13/instant_20260713.nc
[2026-07-18T09:00:34.347+0000] {logging_mixin.py:188} WARNING - 2026-07-18 09:00:34 [INFO] nc outdated (local=9 < cds=10), removing: /opt/***/era5/ecmwf/data/nc/_raw/2026/07/13/instant_20260713.nc
[2026-07-18T09:00:34.347+0000] {era5_functions.py:193} INFO - nc outdated (local=9 < cds=10), removing: /opt/***/era5/ecmwf/data/nc/_raw/2026/07/13/instant_20260713.nc
[2026-07-18T09:00:34.368+0000] {logging_mixin.py:188} WARNING - 2026-07-18 09:00:34 [INFO] download attempt 1/3: /opt/***/era5/ecmwf/data/nc/_raw/2026/07/13/instant_20260713.nc
[2026-07-18T09:00:34.368+0000] {era5_functions.py:200} INFO - download attempt 1/3: /opt/***/era5/ecmwf/data/nc/_raw/2026/07/13/instant_20260713.nc
[2026-07-18T09:00:35.239+0000] {logging_mixin.py:188} WARNING - 2026-07-18 09:00:35,239 INFO Request ID is 82819953-8f72-4b99-b758-1ab105e90856
[2026-07-18T09:00:35.239+0000] {legacy_client.py:192} INFO - Request ID is 82819953-8f72-4b99-b758-1ab105e90856
[2026-07-18T09:00:35.442+0000] {logging_mixin.py:188} WARNING - 2026-07-18 09:00:35,442 INFO status has been updated to accepted
[2026-07-18T09:00:35.442+0000] {legacy_client.py:192} INFO - status has been updated to accepted
[2026-07-18T09:00:57.931+0000] {logging_mixin.py:188} WARNING - 2026-07-18 09:00:57,930 INFO status has been updated to running
[2026-07-18T09:00:57.930+0000] {legacy_client.py:192} INFO - status has been updated to running
[2026-07-18T09:01:26.829+0000] {logging_mixin.py:188} WARNING - 2026-07-18 09:01:26,828 INFO status has been updated to successful
[2026-07-18T09:01:26.828+0000] {legacy_client.py:192} INFO - status has been updated to successful
[2026-07-18T09:01:27.285+0000] {base.py:119} INFO - Downloading https://object-store.os-api.cci2.ecmwf.int:443/cci2-prod-cache-2/2026-07-18/39bc9c560890e26e608be37c44a0c11b.nc
[2026-07-18T09:01:28.011+0000] {logging_mixin.py:188} WARNING - 39bc9c560890e26e608be37c44a0c11b.nc:   0%|          | 0.00/1.11M [00:00<?, ?B/s]
[2026-07-18T09:01:29.956+0000] {logging_mixin.py:188} WARNING - 39bc9c560890e26e608be37c44a0c11b.nc:  90%|######### | 1.00M/1.11M [00:01<00:00, 540kB/s]
[2026-07-18T09:01:29.977+0000] {logging_mixin.py:188} WARNING -                                                                                         
[2026-07-18T09:01:30.111+0000] {logging_mixin.py:188} WARNING - 2026-07-18 09:01:30 [INFO] nc downloaded ok: /opt/***/era5/ecmwf/data/nc/_raw/2026/07/13/instant_20260713.nc
[2026-07-18T09:01:30.111+0000] {era5_functions.py:204} INFO - nc downloaded ok: /opt/***/era5/ecmwf/data/nc/_raw/2026/07/13/instant_20260713.nc
[2026-07-18T09:01:30.201+0000] {logging_mixin.py:188} WARNING - 2026-07-18 09:01:30 [INFO] local timestep: 10 — /opt/***/era5/ecmwf/data/nc/_raw/2026/07/13/instant_20260713.nc
[2026-07-18T09:01:30.200+0000] {era5_functions.py:152} INFO - local timestep: 10 — /opt/***/era5/ecmwf/data/nc/_raw/2026/07/13/instant_20260713.nc
[2026-07-18T09:01:30.291+0000] {logging_mixin.py:188} WARNING - 2026-07-18 09:01:30 [INFO] tif outdated (tif=9 < nc=10), removing: /opt/***/era5/ecmwf/data/tif/2026/07/13/t2m_20260713.tif
[2026-07-18T09:01:30.291+0000] {era5_functions.py:261} INFO - tif outdated (tif=9 < nc=10), removing: /opt/***/era5/ecmwf/data/tif/2026/07/13/t2m_20260713.tif
[2026-07-18T09:01:30.377+0000] {logging_mixin.py:188} WARNING - 2026-07-18 09:01:30 [INFO] tif ok (bands=10): /opt/***/era5/ecmwf/data/tif/2026/07/13/t2m_20260713.tif
[2026-07-18T09:01:30.377+0000] {era5_functions.py:304} INFO - tif ok (bands=10): /opt/***/era5/ecmwf/data/tif/2026/07/13/t2m_20260713.tif
[2026-07-18T09:01:30.392+0000] {logging_mixin.py:188} WARNING - 2026-07-18 09:01:30 [INFO] tif outdated (tif=9 < nc=10), removing: /opt/***/era5/ecmwf/data/tif/2026/07/13/d2m_20260713.tif
[2026-07-18T09:01:30.392+0000] {era5_functions.py:261} INFO - tif outdated (tif=9 < nc=10), removing: /opt/***/era5/ecmwf/data/tif/2026/07/13/d2m_20260713.tif
[2026-07-18T09:01:30.467+0000] {logging_mixin.py:188} WARNING - 2026-07-18 09:01:30 [INFO] tif ok (bands=10): /opt/***/era5/ecmwf/data/tif/2026/07/13/d2m_20260713.tif
[2026-07-18T09:01:30.467+0000] {era5_functions.py:304} INFO - tif ok (bands=10): /opt/***/era5/ecmwf/data/tif/2026/07/13/d2m_20260713.tif
[2026-07-18T09:01:30.486+0000] {logging_mixin.py:188} WARNING - 2026-07-18 09:01:30 [INFO] tif outdated (tif=9 < nc=10), removing: /opt/***/era5/ecmwf/data/tif/2026/07/13/sp_20260713.tif
[2026-07-18T09:01:30.486+0000] {era5_functions.py:261} INFO - tif outdated (tif=9 < nc=10), removing: /opt/***/era5/ecmwf/data/tif/2026/07/13/sp_20260713.tif
[2026-07-18T09:01:30.577+0000] {logging_mixin.py:188} WARNING - 2026-07-18 09:01:30 [INFO] tif ok (bands=10): /opt/***/era5/ecmwf/data/tif/2026/07/13/sp_20260713.tif
[2026-07-18T09:01:30.577+0000] {era5_functions.py:304} INFO - tif ok (bands=10): /opt/***/era5/ecmwf/data/tif/2026/07/13/sp_20260713.tif
[2026-07-18T09:01:30.597+0000] {logging_mixin.py:188} WARNING - 2026-07-18 09:01:30 [INFO] tif outdated (tif=9 < nc=10), removing: /opt/***/era5/ecmwf/data/tif/2026/07/13/blh_20260713.tif
[2026-07-18T09:01:30.597+0000] {era5_functions.py:261} INFO - tif outdated (tif=9 < nc=10), removing: /opt/***/era5/ecmwf/data/tif/2026/07/13/blh_20260713.tif
[2026-07-18T09:01:30.692+0000] {logging_mixin.py:188} WARNING - 2026-07-18 09:01:30 [INFO] tif ok (bands=10): /opt/***/era5/ecmwf/data/tif/2026/07/13/blh_20260713.tif
[2026-07-18T09:01:30.692+0000] {era5_functions.py:304} INFO - tif ok (bands=10): /opt/***/era5/ecmwf/data/tif/2026/07/13/blh_20260713.tif
[2026-07-18T09:01:30.710+0000] {logging_mixin.py:188} WARNING - 2026-07-18 09:01:30 [INFO] tif outdated (tif=9 < nc=10), removing: /opt/***/era5/ecmwf/data/tif/2026/07/13/u10_20260713.tif
[2026-07-18T09:01:30.710+0000] {era5_functions.py:261} INFO - tif outdated (tif=9 < nc=10), removing: /opt/***/era5/ecmwf/data/tif/2026/07/13/u10_20260713.tif
[2026-07-18T09:01:30.791+0000] {logging_mixin.py:188} WARNING - 2026-07-18 09:01:30 [INFO] tif ok (bands=10): /opt/***/era5/ecmwf/data/tif/2026/07/13/u10_20260713.tif
[2026-07-18T09:01:30.790+0000] {era5_functions.py:304} INFO - tif ok (bands=10): /opt/***/era5/ecmwf/data/tif/2026/07/13/u10_20260713.tif
[2026-07-18T09:01:30.807+0000] {logging_mixin.py:188} WARNING - 2026-07-18 09:01:30 [INFO] tif outdated (tif=9 < nc=10), removing: /opt/***/era5/ecmwf/data/tif/2026/07/13/v10_20260713.tif
[2026-07-18T09:01:30.807+0000] {era5_functions.py:261} INFO - tif outdated (tif=9 < nc=10), removing: /opt/***/era5/ecmwf/data/tif/2026/07/13/v10_20260713.tif
[2026-07-18T09:01:30.910+0000] {logging_mixin.py:188} WARNING - 2026-07-18 09:01:30 [INFO] tif ok (bands=10): /opt/***/era5/ecmwf/data/tif/2026/07/13/v10_20260713.tif
[2026-07-18T09:01:30.910+0000] {era5_functions.py:304} INFO - tif ok (bands=10): /opt/***/era5/ecmwf/data/tif/2026/07/13/v10_20260713.tif
[2026-07-18T09:01:30.916+0000] {logging_mixin.py:188} WARNING - 2026-07-18 09:01:30 [INFO] === END job=instant date=2026-07-18 ===
[2026-07-18T09:01:30.916+0000] {era5_functions.py:379} INFO - === END job=instant date=2026-07-18 ===
[2026-07-18T09:01:30.918+0000] {python.py:237} INFO - Done. Returned value was: None
[2026-07-18T09:01:30.919+0000] {taskinstance.py:441} INFO - ::group::Post task execution logs
[2026-07-18T09:01:30.933+0000] {taskinstance.py:1206} INFO - Marking task as SUCCESS. dag_id=era5_download_pipeline, task_id=era5_instant, run_id=scheduled__2026-07-18T08:00:00+00:00, execution_date=20260718T080000, start_date=20260718T090001, end_date=20260718T090130
[2026-07-18T09:01:31.006+0000] {local_task_job_runner.py:240} INFO - Task exited with return code 0
[2026-07-18T09:01:31.036+0000] {taskinstance.py:3498} INFO - 1 downstream tasks scheduled from follow-on schedule check
[2026-07-18T09:01:31.041+0000] {local_task_job_runner.py:222} INFO - ::endgroup::
