[2026-06-02T15:00:01.884+0000] {local_task_job_runner.py:120} INFO - ::group::Pre task execution logs
[2026-06-02T15:00:01.912+0000] {taskinstance.py:2076} INFO - Dependencies all met for dep_context=non-requeueable deps ti=<TaskInstance: era5_download_pipeline.era5_instant scheduled__2026-06-02T14:00:00+00:00 [queued]>
[2026-06-02T15:00:01.922+0000] {taskinstance.py:2076} INFO - Dependencies all met for dep_context=requeueable deps ti=<TaskInstance: era5_download_pipeline.era5_instant scheduled__2026-06-02T14:00:00+00:00 [queued]>
[2026-06-02T15:00:01.923+0000] {taskinstance.py:2306} INFO - Starting attempt 1 of 1
[2026-06-02T15:00:01.939+0000] {taskinstance.py:2330} INFO - Executing <Task(PythonOperator): era5_instant> on 2026-06-02 14:00:00+00:00
[2026-06-02T15:00:01.950+0000] {warnings.py:110} WARNING - /home/***/.local/lib/python3.12/site-packages/***/task/task_runner/standard_task_runner.py:61: DeprecationWarning: This process (pid=6514) is multi-threaded, use of fork() may lead to deadlocks in the child.
  pid = os.fork()

[2026-06-02T15:00:01.954+0000] {standard_task_runner.py:63} INFO - Started process 6518 to run task
[2026-06-02T15:00:01.952+0000] {standard_task_runner.py:90} INFO - Running: ['***', 'tasks', 'run', 'era5_download_pipeline', 'era5_instant', 'scheduled__2026-06-02T14:00:00+00:00', '--job-id', '772', '--raw', '--subdir', 'DAGS_FOLDER/era5_dag.py', '--cfg-path', '/tmp/tmpw18dugm6']
[2026-06-02T15:00:01.957+0000] {standard_task_runner.py:91} INFO - Job 772: Subtask era5_instant
[2026-06-02T15:00:02.035+0000] {task_command.py:426} INFO - Running <TaskInstance: era5_download_pipeline.era5_instant scheduled__2026-06-02T14:00:00+00:00 [running]> on host 01cd476fb21a
[2026-06-02T15:00:02.170+0000] {taskinstance.py:2648} INFO - Exporting env vars: AIRFLOW_CTX_DAG_OWNER='era5' AIRFLOW_CTX_DAG_ID='era5_download_pipeline' AIRFLOW_CTX_TASK_ID='era5_instant' AIRFLOW_CTX_EXECUTION_DATE='2026-06-02T14:00:00+00:00' AIRFLOW_CTX_TRY_NUMBER='1' AIRFLOW_CTX_DAG_RUN_ID='scheduled__2026-06-02T14:00:00+00:00'
[2026-06-02T15:00:02.172+0000] {taskinstance.py:430} INFO - ::endgroup::
[2026-06-02T15:00:03.245+0000] {logging_mixin.py:188} WARNING - 2026-06-02 15:00:03 [INFO] === START job=instant date=2026-06-02 ===
[2026-06-02T15:00:03.245+0000] {era5_functions.py:368} INFO - === START job=instant date=2026-06-02 ===
[2026-06-02T15:00:03.248+0000] {logging_mixin.py:188} WARNING - 2026-06-02 15:00:03 [INFO] --- job=instant date=20260602 ---
[2026-06-02T15:00:03.248+0000] {era5_functions.py:330} INFO - --- job=instant date=20260602 ---
[2026-06-02T15:00:03.831+0000] {logging_mixin.py:188} WARNING - 2026-06-02 15:00:03 [WARNING] get_cds_count failed: 400 Client Error: Bad Request for url: https://cds.climate.copernicus.eu/api/retrieve/v1/processes/reanalysis-era5-single-levels/execution
invalid request
None of the data you have requested is available yet, please revise the period requested. The latest date available for this dataset is: 2026-05-28 15:00
[2026-06-02T15:00:03.831+0000] {era5_functions.py:131} WARNING - get_cds_count failed: 400 Client Error: Bad Request for url: https://cds.climate.copernicus.eu/api/retrieve/v1/processes/reanalysis-era5-single-levels/execution
invalid request
None of the data you have requested is available yet, please revise the period requested. The latest date available for this dataset is: 2026-05-28 15:00
[2026-06-02T15:00:03.837+0000] {logging_mixin.py:188} WARNING - 2026-06-02 15:00:03 [WARNING] CDS ยังไม่มีข้อมูล job=instant date=20260602, skip
[2026-06-02T15:00:03.837+0000] {era5_functions.py:335} WARNING - CDS ยังไม่มีข้อมูล job=instant date=20260602, skip
[2026-06-02T15:00:03.841+0000] {logging_mixin.py:188} WARNING - 2026-06-02 15:00:03 [INFO] --- job=instant date=20260601 ---
[2026-06-02T15:00:03.840+0000] {era5_functions.py:330} INFO - --- job=instant date=20260601 ---
[2026-06-02T15:00:05.669+0000] {logging_mixin.py:188} WARNING - 2026-06-02 15:00:05 [WARNING] get_cds_count failed: 400 Client Error: Bad Request for url: https://cds.climate.copernicus.eu/api/retrieve/v1/processes/reanalysis-era5-single-levels/execution
invalid request
None of the data you have requested is available yet, please revise the period requested. The latest date available for this dataset is: 2026-05-28 15:00
[2026-06-02T15:00:05.669+0000] {era5_functions.py:131} WARNING - get_cds_count failed: 400 Client Error: Bad Request for url: https://cds.climate.copernicus.eu/api/retrieve/v1/processes/reanalysis-era5-single-levels/execution
invalid request
None of the data you have requested is available yet, please revise the period requested. The latest date available for this dataset is: 2026-05-28 15:00
[2026-06-02T15:00:05.675+0000] {logging_mixin.py:188} WARNING - 2026-06-02 15:00:05 [WARNING] CDS ยังไม่มีข้อมูล job=instant date=20260601, skip
[2026-06-02T15:00:05.674+0000] {era5_functions.py:335} WARNING - CDS ยังไม่มีข้อมูล job=instant date=20260601, skip
[2026-06-02T15:00:05.679+0000] {logging_mixin.py:188} WARNING - 2026-06-02 15:00:05 [INFO] --- job=instant date=20260531 ---
[2026-06-02T15:00:05.679+0000] {era5_functions.py:330} INFO - --- job=instant date=20260531 ---
[2026-06-02T15:00:07.891+0000] {logging_mixin.py:188} WARNING - 2026-06-02 15:00:07 [WARNING] get_cds_count failed: 400 Client Error: Bad Request for url: https://cds.climate.copernicus.eu/api/retrieve/v1/processes/reanalysis-era5-single-levels/execution
invalid request
None of the data you have requested is available yet, please revise the period requested. The latest date available for this dataset is: 2026-05-28 15:00
[2026-06-02T15:00:07.891+0000] {era5_functions.py:131} WARNING - get_cds_count failed: 400 Client Error: Bad Request for url: https://cds.climate.copernicus.eu/api/retrieve/v1/processes/reanalysis-era5-single-levels/execution
invalid request
None of the data you have requested is available yet, please revise the period requested. The latest date available for this dataset is: 2026-05-28 15:00
[2026-06-02T15:00:07.895+0000] {logging_mixin.py:188} WARNING - 2026-06-02 15:00:07 [WARNING] CDS ยังไม่มีข้อมูล job=instant date=20260531, skip
[2026-06-02T15:00:07.895+0000] {era5_functions.py:335} WARNING - CDS ยังไม่มีข้อมูล job=instant date=20260531, skip
[2026-06-02T15:00:07.898+0000] {logging_mixin.py:188} WARNING - 2026-06-02 15:00:07 [INFO] --- job=instant date=20260530 ---
[2026-06-02T15:00:07.897+0000] {era5_functions.py:330} INFO - --- job=instant date=20260530 ---
[2026-06-02T15:00:13.450+0000] {logging_mixin.py:188} WARNING - 2026-06-02 15:00:13 [WARNING] get_cds_count failed: 400 Client Error: Bad Request for url: https://cds.climate.copernicus.eu/api/retrieve/v1/processes/reanalysis-era5-single-levels/execution
invalid request
None of the data you have requested is available yet, please revise the period requested. The latest date available for this dataset is: 2026-05-28 15:00
[2026-06-02T15:00:13.450+0000] {era5_functions.py:131} WARNING - get_cds_count failed: 400 Client Error: Bad Request for url: https://cds.climate.copernicus.eu/api/retrieve/v1/processes/reanalysis-era5-single-levels/execution
invalid request
None of the data you have requested is available yet, please revise the period requested. The latest date available for this dataset is: 2026-05-28 15:00
[2026-06-02T15:00:13.455+0000] {logging_mixin.py:188} WARNING - 2026-06-02 15:00:13 [WARNING] CDS ยังไม่มีข้อมูล job=instant date=20260530, skip
[2026-06-02T15:00:13.455+0000] {era5_functions.py:335} WARNING - CDS ยังไม่มีข้อมูล job=instant date=20260530, skip
[2026-06-02T15:00:13.458+0000] {logging_mixin.py:188} WARNING - 2026-06-02 15:00:13 [INFO] --- job=instant date=20260529 ---
[2026-06-02T15:00:13.458+0000] {era5_functions.py:330} INFO - --- job=instant date=20260529 ---
[2026-06-02T15:00:14.368+0000] {logging_mixin.py:188} WARNING - 2026-06-02 15:00:14 [WARNING] get_cds_count failed: 400 Client Error: Bad Request for url: https://cds.climate.copernicus.eu/api/retrieve/v1/processes/reanalysis-era5-single-levels/execution
invalid request
None of the data you have requested is available yet, please revise the period requested. The latest date available for this dataset is: 2026-05-28 15:00
[2026-06-02T15:00:14.368+0000] {era5_functions.py:131} WARNING - get_cds_count failed: 400 Client Error: Bad Request for url: https://cds.climate.copernicus.eu/api/retrieve/v1/processes/reanalysis-era5-single-levels/execution
invalid request
None of the data you have requested is available yet, please revise the period requested. The latest date available for this dataset is: 2026-05-28 15:00
[2026-06-02T15:00:14.373+0000] {logging_mixin.py:188} WARNING - 2026-06-02 15:00:14 [WARNING] CDS ยังไม่มีข้อมูล job=instant date=20260529, skip
[2026-06-02T15:00:14.373+0000] {era5_functions.py:335} WARNING - CDS ยังไม่มีข้อมูล job=instant date=20260529, skip
[2026-06-02T15:00:14.377+0000] {logging_mixin.py:188} WARNING - 2026-06-02 15:00:14 [INFO] --- job=instant date=20260528 ---
[2026-06-02T15:00:14.377+0000] {era5_functions.py:330} INFO - --- job=instant date=20260528 ---
[2026-06-02T15:00:15.950+0000] {logging_mixin.py:188} WARNING - 2026-06-02 15:00:15,949 INFO [2025-12-11T00:00:00] Please note that a dedicated catalogue entry for this dataset, post-processed and stored in Analysis Ready Cloud Optimized (ARCO) format (Zarr), is available for optimised time-series retrievals (i.e. for retrieving data from selected variables for a single point over an extended period of time in an efficient way). You can discover it [here](https://cds.climate.copernicus.eu/datasets/reanalysis-era5-single-levels-timeseries?tab=overview)
[2026-06-02T15:00:15.949+0000] {legacy_client.py:192} INFO - [2025-12-11T00:00:00] Please note that a dedicated catalogue entry for this dataset, post-processed and stored in Analysis Ready Cloud Optimized (ARCO) format (Zarr), is available for optimised time-series retrievals (i.e. for retrieving data from selected variables for a single point over an extended period of time in an efficient way). You can discover it [here](https://cds.climate.copernicus.eu/datasets/reanalysis-era5-single-levels-timeseries?tab=overview)
[2026-06-02T15:00:15.954+0000] {logging_mixin.py:188} WARNING - 2026-06-02 15:00:15,954 INFO Request ID is 081b9204-d345-42f1-ae2e-0034b5120838
[2026-06-02T15:00:15.954+0000] {legacy_client.py:192} INFO - Request ID is 081b9204-d345-42f1-ae2e-0034b5120838
[2026-06-02T15:00:16.180+0000] {logging_mixin.py:188} WARNING - 2026-06-02 15:00:16,179 INFO status has been updated to accepted
[2026-06-02T15:00:16.179+0000] {legacy_client.py:192} INFO - status has been updated to accepted
[2026-06-02T15:00:41.394+0000] {logging_mixin.py:188} WARNING - 2026-06-02 15:00:41,393 INFO status has been updated to successful
[2026-06-02T15:00:41.393+0000] {legacy_client.py:192} INFO - status has been updated to successful
[2026-06-02T15:00:41.798+0000] {base.py:119} INFO - Downloading https://object-store.os-api.cci2.ecmwf.int:443/cci2-prod-cache-3/2026-06-02/1c1fc9dfdba1c4c19526f762078403fc.nc
[2026-06-02T15:00:42.764+0000] {logging_mixin.py:188} WARNING - 1c1fc9dfdba1c4c19526f762078403fc.nc:   0%|          | 0.00/1.75M [00:00<?, ?B/s]
[2026-06-02T15:00:44.817+0000] {logging_mixin.py:188} WARNING - 1c1fc9dfdba1c4c19526f762078403fc.nc:  57%|#####7    | 1.00M/1.75M [00:02<00:01, 511kB/s]
[2026-06-02T15:00:44.976+0000] {logging_mixin.py:188} WARNING - 1c1fc9dfdba1c4c19526f762078403fc.nc: 100%|##########| 1.75M/1.75M [00:02<00:00, 955kB/s]
[2026-06-02T15:00:44.981+0000] {logging_mixin.py:188} WARNING -                                                                                         
[2026-06-02T15:00:45.319+0000] {logging_mixin.py:188} WARNING - 2026-06-02 15:00:45 [INFO] CDS timestep available: 16
[2026-06-02T15:00:45.319+0000] {era5_functions.py:128} INFO - CDS timestep available: 16
[2026-06-02T15:00:45.405+0000] {logging_mixin.py:188} WARNING - 2026-06-02 15:00:45 [INFO] local timestep: 15 — /opt/***/era5/ecmwf/data/nc/_raw/2026/05/28/instant_20260528.nc
[2026-06-02T15:00:45.405+0000] {era5_functions.py:152} INFO - local timestep: 15 — /opt/***/era5/ecmwf/data/nc/_raw/2026/05/28/instant_20260528.nc
[2026-06-02T15:00:45.411+0000] {logging_mixin.py:188} WARNING - 2026-06-02 15:00:45 [INFO] nc outdated (local=15 < cds=16), removing: /opt/***/era5/ecmwf/data/nc/_raw/2026/05/28/instant_20260528.nc
[2026-06-02T15:00:45.411+0000] {era5_functions.py:193} INFO - nc outdated (local=15 < cds=16), removing: /opt/***/era5/ecmwf/data/nc/_raw/2026/05/28/instant_20260528.nc
[2026-06-02T15:00:45.429+0000] {logging_mixin.py:188} WARNING - 2026-06-02 15:00:45 [INFO] download attempt 1/3: /opt/***/era5/ecmwf/data/nc/_raw/2026/05/28/instant_20260528.nc
[2026-06-02T15:00:45.429+0000] {era5_functions.py:200} INFO - download attempt 1/3: /opt/***/era5/ecmwf/data/nc/_raw/2026/05/28/instant_20260528.nc
[2026-06-02T15:00:46.453+0000] {logging_mixin.py:188} WARNING - 2026-06-02 15:00:46,453 INFO [2025-12-11T00:00:00] Please note that a dedicated catalogue entry for this dataset, post-processed and stored in Analysis Ready Cloud Optimized (ARCO) format (Zarr), is available for optimised time-series retrievals (i.e. for retrieving data from selected variables for a single point over an extended period of time in an efficient way). You can discover it [here](https://cds.climate.copernicus.eu/datasets/reanalysis-era5-single-levels-timeseries?tab=overview)
[2026-06-02T15:00:46.453+0000] {legacy_client.py:192} INFO - [2025-12-11T00:00:00] Please note that a dedicated catalogue entry for this dataset, post-processed and stored in Analysis Ready Cloud Optimized (ARCO) format (Zarr), is available for optimised time-series retrievals (i.e. for retrieving data from selected variables for a single point over an extended period of time in an efficient way). You can discover it [here](https://cds.climate.copernicus.eu/datasets/reanalysis-era5-single-levels-timeseries?tab=overview)
[2026-06-02T15:00:46.455+0000] {logging_mixin.py:188} WARNING - 2026-06-02 15:00:46,455 INFO Request ID is b3c7ff72-6b13-43b6-9d8d-a079c6a8e957
[2026-06-02T15:00:46.455+0000] {legacy_client.py:192} INFO - Request ID is b3c7ff72-6b13-43b6-9d8d-a079c6a8e957
[2026-06-02T15:00:46.678+0000] {logging_mixin.py:188} WARNING - 2026-06-02 15:00:46,677 INFO status has been updated to accepted
[2026-06-02T15:00:46.677+0000] {legacy_client.py:192} INFO - status has been updated to accepted
[2026-06-02T15:01:08.789+0000] {logging_mixin.py:188} WARNING - 2026-06-02 15:01:08,788 INFO status has been updated to running
[2026-06-02T15:01:08.788+0000] {legacy_client.py:192} INFO - status has been updated to running
[2026-06-02T15:01:20.499+0000] {logging_mixin.py:188} WARNING - 2026-06-02 15:01:20,498 INFO status has been updated to successful
[2026-06-02T15:01:20.498+0000] {legacy_client.py:192} INFO - status has been updated to successful
[2026-06-02T15:01:20.972+0000] {base.py:119} INFO - Downloading https://object-store.os-api.cci2.ecmwf.int:443/cci2-prod-cache-3/2026-06-02/5d4a0fcf64f938c1869d5d1a6f0e5733.nc
[2026-06-02T15:01:21.645+0000] {logging_mixin.py:188} WARNING - 5d4a0fcf64f938c1869d5d1a6f0e5733.nc:   0%|          | 0.00/1.75M [00:00<?, ?B/s]
[2026-06-02T15:01:23.589+0000] {logging_mixin.py:188} WARNING - 5d4a0fcf64f938c1869d5d1a6f0e5733.nc:  57%|#####7    | 1.00M/1.75M [00:01<00:01, 540kB/s]
[2026-06-02T15:01:24.124+0000] {logging_mixin.py:188} WARNING - 5d4a0fcf64f938c1869d5d1a6f0e5733.nc: 100%|##########| 1.75M/1.75M [00:02<00:00, 803kB/s]
[2026-06-02T15:01:24.143+0000] {logging_mixin.py:188} WARNING -                                                                                         
[2026-06-02T15:01:24.305+0000] {logging_mixin.py:188} WARNING - 2026-06-02 15:01:24 [INFO] nc downloaded ok: /opt/***/era5/ecmwf/data/nc/_raw/2026/05/28/instant_20260528.nc
[2026-06-02T15:01:24.305+0000] {era5_functions.py:204} INFO - nc downloaded ok: /opt/***/era5/ecmwf/data/nc/_raw/2026/05/28/instant_20260528.nc
[2026-06-02T15:01:24.381+0000] {logging_mixin.py:188} WARNING - 2026-06-02 15:01:24 [INFO] local timestep: 16 — /opt/***/era5/ecmwf/data/nc/_raw/2026/05/28/instant_20260528.nc
[2026-06-02T15:01:24.380+0000] {era5_functions.py:152} INFO - local timestep: 16 — /opt/***/era5/ecmwf/data/nc/_raw/2026/05/28/instant_20260528.nc
[2026-06-02T15:01:24.470+0000] {logging_mixin.py:188} WARNING - 2026-06-02 15:01:24 [INFO] tif outdated (tif=15 < nc=16), removing: /opt/***/era5/ecmwf/data/tif/2026/05/28/t2m_20260528.tif
[2026-06-02T15:01:24.470+0000] {era5_functions.py:261} INFO - tif outdated (tif=15 < nc=16), removing: /opt/***/era5/ecmwf/data/tif/2026/05/28/t2m_20260528.tif
[2026-06-02T15:01:24.561+0000] {logging_mixin.py:188} WARNING - 2026-06-02 15:01:24 [INFO] tif ok (bands=16): /opt/***/era5/ecmwf/data/tif/2026/05/28/t2m_20260528.tif
[2026-06-02T15:01:24.561+0000] {era5_functions.py:304} INFO - tif ok (bands=16): /opt/***/era5/ecmwf/data/tif/2026/05/28/t2m_20260528.tif
[2026-06-02T15:01:24.577+0000] {logging_mixin.py:188} WARNING - 2026-06-02 15:01:24 [INFO] tif outdated (tif=15 < nc=16), removing: /opt/***/era5/ecmwf/data/tif/2026/05/28/d2m_20260528.tif
[2026-06-02T15:01:24.577+0000] {era5_functions.py:261} INFO - tif outdated (tif=15 < nc=16), removing: /opt/***/era5/ecmwf/data/tif/2026/05/28/d2m_20260528.tif
[2026-06-02T15:01:24.663+0000] {logging_mixin.py:188} WARNING - 2026-06-02 15:01:24 [INFO] tif ok (bands=16): /opt/***/era5/ecmwf/data/tif/2026/05/28/d2m_20260528.tif
[2026-06-02T15:01:24.663+0000] {era5_functions.py:304} INFO - tif ok (bands=16): /opt/***/era5/ecmwf/data/tif/2026/05/28/d2m_20260528.tif
[2026-06-02T15:01:24.683+0000] {logging_mixin.py:188} WARNING - 2026-06-02 15:01:24 [INFO] tif outdated (tif=15 < nc=16), removing: /opt/***/era5/ecmwf/data/tif/2026/05/28/sp_20260528.tif
[2026-06-02T15:01:24.682+0000] {era5_functions.py:261} INFO - tif outdated (tif=15 < nc=16), removing: /opt/***/era5/ecmwf/data/tif/2026/05/28/sp_20260528.tif
[2026-06-02T15:01:24.778+0000] {logging_mixin.py:188} WARNING - 2026-06-02 15:01:24 [INFO] tif ok (bands=16): /opt/***/era5/ecmwf/data/tif/2026/05/28/sp_20260528.tif
[2026-06-02T15:01:24.778+0000] {era5_functions.py:304} INFO - tif ok (bands=16): /opt/***/era5/ecmwf/data/tif/2026/05/28/sp_20260528.tif
[2026-06-02T15:01:24.794+0000] {logging_mixin.py:188} WARNING - 2026-06-02 15:01:24 [INFO] tif outdated (tif=15 < nc=16), removing: /opt/***/era5/ecmwf/data/tif/2026/05/28/blh_20260528.tif
[2026-06-02T15:01:24.794+0000] {era5_functions.py:261} INFO - tif outdated (tif=15 < nc=16), removing: /opt/***/era5/ecmwf/data/tif/2026/05/28/blh_20260528.tif
[2026-06-02T15:01:24.890+0000] {logging_mixin.py:188} WARNING - 2026-06-02 15:01:24 [INFO] tif ok (bands=16): /opt/***/era5/ecmwf/data/tif/2026/05/28/blh_20260528.tif
[2026-06-02T15:01:24.890+0000] {era5_functions.py:304} INFO - tif ok (bands=16): /opt/***/era5/ecmwf/data/tif/2026/05/28/blh_20260528.tif
[2026-06-02T15:01:24.906+0000] {logging_mixin.py:188} WARNING - 2026-06-02 15:01:24 [INFO] tif outdated (tif=15 < nc=16), removing: /opt/***/era5/ecmwf/data/tif/2026/05/28/u10_20260528.tif
[2026-06-02T15:01:24.906+0000] {era5_functions.py:261} INFO - tif outdated (tif=15 < nc=16), removing: /opt/***/era5/ecmwf/data/tif/2026/05/28/u10_20260528.tif
[2026-06-02T15:01:24.994+0000] {logging_mixin.py:188} WARNING - 2026-06-02 15:01:24 [INFO] tif ok (bands=16): /opt/***/era5/ecmwf/data/tif/2026/05/28/u10_20260528.tif
[2026-06-02T15:01:24.993+0000] {era5_functions.py:304} INFO - tif ok (bands=16): /opt/***/era5/ecmwf/data/tif/2026/05/28/u10_20260528.tif
[2026-06-02T15:01:25.011+0000] {logging_mixin.py:188} WARNING - 2026-06-02 15:01:25 [INFO] tif outdated (tif=15 < nc=16), removing: /opt/***/era5/ecmwf/data/tif/2026/05/28/v10_20260528.tif
[2026-06-02T15:01:25.010+0000] {era5_functions.py:261} INFO - tif outdated (tif=15 < nc=16), removing: /opt/***/era5/ecmwf/data/tif/2026/05/28/v10_20260528.tif
[2026-06-02T15:01:25.103+0000] {logging_mixin.py:188} WARNING - 2026-06-02 15:01:25 [INFO] tif ok (bands=16): /opt/***/era5/ecmwf/data/tif/2026/05/28/v10_20260528.tif
[2026-06-02T15:01:25.102+0000] {era5_functions.py:304} INFO - tif ok (bands=16): /opt/***/era5/ecmwf/data/tif/2026/05/28/v10_20260528.tif
[2026-06-02T15:01:25.108+0000] {logging_mixin.py:188} WARNING - 2026-06-02 15:01:25 [INFO] === END job=instant date=2026-06-02 ===
[2026-06-02T15:01:25.108+0000] {era5_functions.py:379} INFO - === END job=instant date=2026-06-02 ===
[2026-06-02T15:01:25.109+0000] {python.py:237} INFO - Done. Returned value was: None
[2026-06-02T15:01:25.110+0000] {taskinstance.py:441} INFO - ::group::Post task execution logs
[2026-06-02T15:01:25.125+0000] {taskinstance.py:1206} INFO - Marking task as SUCCESS. dag_id=era5_download_pipeline, task_id=era5_instant, run_id=scheduled__2026-06-02T14:00:00+00:00, execution_date=20260602T140000, start_date=20260602T150001, end_date=20260602T150125
[2026-06-02T15:01:25.210+0000] {local_task_job_runner.py:240} INFO - Task exited with return code 0
[2026-06-02T15:01:25.252+0000] {taskinstance.py:3498} INFO - 1 downstream tasks scheduled from follow-on schedule check
[2026-06-02T15:01:25.256+0000] {local_task_job_runner.py:222} INFO - ::endgroup::
