[2026-06-04T23:00:02.507+0000] {local_task_job_runner.py:120} INFO - ::group::Pre task execution logs
[2026-06-04T23:00:02.531+0000] {taskinstance.py:2076} INFO - Dependencies all met for dep_context=non-requeueable deps ti=<TaskInstance: era5_download_pipeline.era5_instant scheduled__2026-06-04T22:00:00+00:00 [queued]>
[2026-06-04T23:00:02.541+0000] {taskinstance.py:2076} INFO - Dependencies all met for dep_context=requeueable deps ti=<TaskInstance: era5_download_pipeline.era5_instant scheduled__2026-06-04T22:00:00+00:00 [queued]>
[2026-06-04T23:00:02.542+0000] {taskinstance.py:2306} INFO - Starting attempt 1 of 1
[2026-06-04T23:00:02.559+0000] {taskinstance.py:2330} INFO - Executing <Task(PythonOperator): era5_instant> on 2026-06-04 22:00:00+00:00
[2026-06-04T23:00:02.572+0000] {warnings.py:110} WARNING - /home/***/.local/lib/python3.12/site-packages/***/task/task_runner/standard_task_runner.py:61: DeprecationWarning: This process (pid=49731) is multi-threaded, use of fork() may lead to deadlocks in the child.
  pid = os.fork()

[2026-06-04T23:00:02.575+0000] {standard_task_runner.py:63} INFO - Started process 49735 to run task
[2026-06-04T23:00:02.575+0000] {standard_task_runner.py:90} INFO - Running: ['***', 'tasks', 'run', 'era5_download_pipeline', 'era5_instant', 'scheduled__2026-06-04T22:00:00+00:00', '--job-id', '942', '--raw', '--subdir', 'DAGS_FOLDER/era5_dag.py', '--cfg-path', '/tmp/tmpylbq524f']
[2026-06-04T23:00:02.579+0000] {standard_task_runner.py:91} INFO - Job 942: Subtask era5_instant
[2026-06-04T23:00:02.665+0000] {task_command.py:426} INFO - Running <TaskInstance: era5_download_pipeline.era5_instant scheduled__2026-06-04T22:00:00+00:00 [running]> on host 01cd476fb21a
[2026-06-04T23:00:02.783+0000] {taskinstance.py:2648} INFO - Exporting env vars: AIRFLOW_CTX_DAG_OWNER='era5' AIRFLOW_CTX_DAG_ID='era5_download_pipeline' AIRFLOW_CTX_TASK_ID='era5_instant' AIRFLOW_CTX_EXECUTION_DATE='2026-06-04T22:00:00+00:00' AIRFLOW_CTX_TRY_NUMBER='1' AIRFLOW_CTX_DAG_RUN_ID='scheduled__2026-06-04T22:00:00+00:00'
[2026-06-04T23:00:02.785+0000] {taskinstance.py:430} INFO - ::endgroup::
[2026-06-04T23:00:03.837+0000] {logging_mixin.py:188} WARNING - 2026-06-04 23:00:03 [INFO] === START job=instant date=2026-06-04 ===
[2026-06-04T23:00:03.837+0000] {era5_functions.py:368} INFO - === START job=instant date=2026-06-04 ===
[2026-06-04T23:00:03.841+0000] {logging_mixin.py:188} WARNING - 2026-06-04 23:00:03 [INFO] --- job=instant date=20260604 ---
[2026-06-04T23:00:03.840+0000] {era5_functions.py:330} INFO - --- job=instant date=20260604 ---
[2026-06-04T23:00:04.431+0000] {logging_mixin.py:188} WARNING - 2026-06-04 23:00:04 [WARNING] get_cds_count failed: 400 Client Error: Bad Request for url: https://cds.climate.copernicus.eu/api/retrieve/v1/processes/reanalysis-era5-single-levels/execution
invalid request
None of the data you have requested is available yet, please revise the period requested. The latest date available for this dataset is: 2026-05-30 23:00
[2026-06-04T23:00:04.431+0000] {era5_functions.py:131} WARNING - get_cds_count failed: 400 Client Error: Bad Request for url: https://cds.climate.copernicus.eu/api/retrieve/v1/processes/reanalysis-era5-single-levels/execution
invalid request
None of the data you have requested is available yet, please revise the period requested. The latest date available for this dataset is: 2026-05-30 23:00
[2026-06-04T23:00:04.434+0000] {logging_mixin.py:188} WARNING - 2026-06-04 23:00:04 [WARNING] CDS ยังไม่มีข้อมูล job=instant date=20260604, skip
[2026-06-04T23:00:04.434+0000] {era5_functions.py:335} WARNING - CDS ยังไม่มีข้อมูล job=instant date=20260604, skip
[2026-06-04T23:00:04.436+0000] {logging_mixin.py:188} WARNING - 2026-06-04 23:00:04 [INFO] --- job=instant date=20260603 ---
[2026-06-04T23:00:04.436+0000] {era5_functions.py:330} INFO - --- job=instant date=20260603 ---
[2026-06-04T23:00:05.009+0000] {logging_mixin.py:188} WARNING - 2026-06-04 23:00:05 [WARNING] get_cds_count failed: 400 Client Error: Bad Request for url: https://cds.climate.copernicus.eu/api/retrieve/v1/processes/reanalysis-era5-single-levels/execution
invalid request
None of the data you have requested is available yet, please revise the period requested. The latest date available for this dataset is: 2026-05-30 23:00
[2026-06-04T23:00:05.009+0000] {era5_functions.py:131} WARNING - get_cds_count failed: 400 Client Error: Bad Request for url: https://cds.climate.copernicus.eu/api/retrieve/v1/processes/reanalysis-era5-single-levels/execution
invalid request
None of the data you have requested is available yet, please revise the period requested. The latest date available for this dataset is: 2026-05-30 23:00
[2026-06-04T23:00:05.012+0000] {logging_mixin.py:188} WARNING - 2026-06-04 23:00:05 [WARNING] CDS ยังไม่มีข้อมูล job=instant date=20260603, skip
[2026-06-04T23:00:05.012+0000] {era5_functions.py:335} WARNING - CDS ยังไม่มีข้อมูล job=instant date=20260603, skip
[2026-06-04T23:00:05.015+0000] {logging_mixin.py:188} WARNING - 2026-06-04 23:00:05 [INFO] --- job=instant date=20260602 ---
[2026-06-04T23:00:05.015+0000] {era5_functions.py:330} INFO - --- job=instant date=20260602 ---
[2026-06-04T23:00:05.616+0000] {logging_mixin.py:188} WARNING - 2026-06-04 23:00:05 [WARNING] get_cds_count failed: 400 Client Error: Bad Request for url: https://cds.climate.copernicus.eu/api/retrieve/v1/processes/reanalysis-era5-single-levels/execution
invalid request
None of the data you have requested is available yet, please revise the period requested. The latest date available for this dataset is: 2026-05-30 23:00
[2026-06-04T23:00:05.616+0000] {era5_functions.py:131} WARNING - get_cds_count failed: 400 Client Error: Bad Request for url: https://cds.climate.copernicus.eu/api/retrieve/v1/processes/reanalysis-era5-single-levels/execution
invalid request
None of the data you have requested is available yet, please revise the period requested. The latest date available for this dataset is: 2026-05-30 23:00
[2026-06-04T23:00:05.620+0000] {logging_mixin.py:188} WARNING - 2026-06-04 23:00:05 [WARNING] CDS ยังไม่มีข้อมูล job=instant date=20260602, skip
[2026-06-04T23:00:05.620+0000] {era5_functions.py:335} WARNING - CDS ยังไม่มีข้อมูล job=instant date=20260602, skip
[2026-06-04T23:00:05.622+0000] {logging_mixin.py:188} WARNING - 2026-06-04 23:00:05 [INFO] --- job=instant date=20260601 ---
[2026-06-04T23:00:05.622+0000] {era5_functions.py:330} INFO - --- job=instant date=20260601 ---
[2026-06-04T23:00:06.249+0000] {logging_mixin.py:188} WARNING - 2026-06-04 23:00:06 [WARNING] get_cds_count failed: 400 Client Error: Bad Request for url: https://cds.climate.copernicus.eu/api/retrieve/v1/processes/reanalysis-era5-single-levels/execution
invalid request
None of the data you have requested is available yet, please revise the period requested. The latest date available for this dataset is: 2026-05-30 23:00
[2026-06-04T23:00:06.249+0000] {era5_functions.py:131} WARNING - get_cds_count failed: 400 Client Error: Bad Request for url: https://cds.climate.copernicus.eu/api/retrieve/v1/processes/reanalysis-era5-single-levels/execution
invalid request
None of the data you have requested is available yet, please revise the period requested. The latest date available for this dataset is: 2026-05-30 23:00
[2026-06-04T23:00:06.253+0000] {logging_mixin.py:188} WARNING - 2026-06-04 23:00:06 [WARNING] CDS ยังไม่มีข้อมูล job=instant date=20260601, skip
[2026-06-04T23:00:06.253+0000] {era5_functions.py:335} WARNING - CDS ยังไม่มีข้อมูล job=instant date=20260601, skip
[2026-06-04T23:00:06.256+0000] {logging_mixin.py:188} WARNING - 2026-06-04 23:00:06 [INFO] --- job=instant date=20260531 ---
[2026-06-04T23:00:06.256+0000] {era5_functions.py:330} INFO - --- job=instant date=20260531 ---
[2026-06-04T23:00:07.121+0000] {logging_mixin.py:188} WARNING - 2026-06-04 23:00:07 [WARNING] get_cds_count failed: 400 Client Error: Bad Request for url: https://cds.climate.copernicus.eu/api/retrieve/v1/processes/reanalysis-era5-single-levels/execution
invalid request
None of the data you have requested is available yet, please revise the period requested. The latest date available for this dataset is: 2026-05-30 23:00
[2026-06-04T23:00:07.121+0000] {era5_functions.py:131} WARNING - get_cds_count failed: 400 Client Error: Bad Request for url: https://cds.climate.copernicus.eu/api/retrieve/v1/processes/reanalysis-era5-single-levels/execution
invalid request
None of the data you have requested is available yet, please revise the period requested. The latest date available for this dataset is: 2026-05-30 23:00
[2026-06-04T23:00:07.125+0000] {logging_mixin.py:188} WARNING - 2026-06-04 23:00:07 [WARNING] CDS ยังไม่มีข้อมูล job=instant date=20260531, skip
[2026-06-04T23:00:07.125+0000] {era5_functions.py:335} WARNING - CDS ยังไม่มีข้อมูล job=instant date=20260531, skip
[2026-06-04T23:00:07.127+0000] {logging_mixin.py:188} WARNING - 2026-06-04 23:00:07 [INFO] --- job=instant date=20260530 ---
[2026-06-04T23:00:07.127+0000] {era5_functions.py:330} INFO - --- job=instant date=20260530 ---
[2026-06-04T23:00:08.493+0000] {logging_mixin.py:188} WARNING - 2026-06-04 23:00:08,493 INFO [2025-12-11T00:00:00] Please note that a dedicated catalogue entry for this dataset, post-processed and stored in Analysis Ready Cloud Optimized (ARCO) format (Zarr), is available for optimised time-series retrievals (i.e. for retrieving data from selected variables for a single point over an extended period of time in an efficient way). You can discover it [here](https://cds.climate.copernicus.eu/datasets/reanalysis-era5-single-levels-timeseries?tab=overview)
[2026-06-04T23:00:08.493+0000] {legacy_client.py:192} INFO - [2025-12-11T00:00:00] Please note that a dedicated catalogue entry for this dataset, post-processed and stored in Analysis Ready Cloud Optimized (ARCO) format (Zarr), is available for optimised time-series retrievals (i.e. for retrieving data from selected variables for a single point over an extended period of time in an efficient way). You can discover it [here](https://cds.climate.copernicus.eu/datasets/reanalysis-era5-single-levels-timeseries?tab=overview)
[2026-06-04T23:00:08.498+0000] {logging_mixin.py:188} WARNING - 2026-06-04 23:00:08,497 INFO Request ID is 6557745b-bc86-4867-8add-56a589140567
[2026-06-04T23:00:08.497+0000] {legacy_client.py:192} INFO - Request ID is 6557745b-bc86-4867-8add-56a589140567
[2026-06-04T23:00:08.713+0000] {logging_mixin.py:188} WARNING - 2026-06-04 23:00:08,713 INFO status has been updated to accepted
[2026-06-04T23:00:08.713+0000] {legacy_client.py:192} INFO - status has been updated to accepted
[2026-06-04T23:00:23.406+0000] {logging_mixin.py:188} WARNING - 2026-06-04 23:00:23,405 INFO status has been updated to running
[2026-06-04T23:00:23.405+0000] {legacy_client.py:192} INFO - status has been updated to running
[2026-06-04T23:00:43.040+0000] {logging_mixin.py:188} WARNING - 2026-06-04 23:00:43,040 INFO status has been updated to successful
[2026-06-04T23:00:43.040+0000] {legacy_client.py:192} INFO - status has been updated to successful
[2026-06-04T23:00:44.839+0000] {base.py:119} INFO - Downloading https://object-store.os-api.cci2.ecmwf.int:443/cci2-prod-cache-3/2026-06-04/3cda37bdfb5495a7fa31439a6f7331cd.nc
[2026-06-04T23:00:45.763+0000] {logging_mixin.py:188} WARNING - 3cda37bdfb5495a7fa31439a6f7331cd.nc:   0%|          | 0.00/2.58M [00:00<?, ?B/s]
[2026-06-04T23:00:47.860+0000] {logging_mixin.py:188} WARNING - 3cda37bdfb5495a7fa31439a6f7331cd.nc:  39%|###8      | 1.00M/2.58M [00:02<00:03, 500kB/s]
[2026-06-04T23:00:48.218+0000] {logging_mixin.py:188} WARNING - 3cda37bdfb5495a7fa31439a6f7331cd.nc:  78%|#######7  | 2.00M/2.58M [00:02<00:00, 977kB/s]
[2026-06-04T23:00:48.246+0000] {logging_mixin.py:188} WARNING -                                                                                         
[2026-06-04T23:00:48.513+0000] {logging_mixin.py:188} WARNING - 2026-06-04 23:00:48 [INFO] CDS timestep available: 24
[2026-06-04T23:00:48.513+0000] {era5_functions.py:128} INFO - CDS timestep available: 24
[2026-06-04T23:00:48.602+0000] {logging_mixin.py:188} WARNING - 2026-06-04 23:00:48 [INFO] local timestep: 23 — /opt/***/era5/ecmwf/data/nc/_raw/2026/05/30/instant_20260530.nc
[2026-06-04T23:00:48.602+0000] {era5_functions.py:152} INFO - local timestep: 23 — /opt/***/era5/ecmwf/data/nc/_raw/2026/05/30/instant_20260530.nc
[2026-06-04T23:00:48.610+0000] {logging_mixin.py:188} WARNING - 2026-06-04 23:00:48 [INFO] nc outdated (local=23 < cds=24), removing: /opt/***/era5/ecmwf/data/nc/_raw/2026/05/30/instant_20260530.nc
[2026-06-04T23:00:48.610+0000] {era5_functions.py:193} INFO - nc outdated (local=23 < cds=24), removing: /opt/***/era5/ecmwf/data/nc/_raw/2026/05/30/instant_20260530.nc
[2026-06-04T23:00:48.630+0000] {logging_mixin.py:188} WARNING - 2026-06-04 23:00:48 [INFO] download attempt 1/3: /opt/***/era5/ecmwf/data/nc/_raw/2026/05/30/instant_20260530.nc
[2026-06-04T23:00:48.630+0000] {era5_functions.py:200} INFO - download attempt 1/3: /opt/***/era5/ecmwf/data/nc/_raw/2026/05/30/instant_20260530.nc
[2026-06-04T23:00:49.382+0000] {logging_mixin.py:188} WARNING - 2026-06-04 23:00:49,381 INFO [2025-12-11T00:00:00] Please note that a dedicated catalogue entry for this dataset, post-processed and stored in Analysis Ready Cloud Optimized (ARCO) format (Zarr), is available for optimised time-series retrievals (i.e. for retrieving data from selected variables for a single point over an extended period of time in an efficient way). You can discover it [here](https://cds.climate.copernicus.eu/datasets/reanalysis-era5-single-levels-timeseries?tab=overview)
[2026-06-04T23:00:49.381+0000] {legacy_client.py:192} INFO - [2025-12-11T00:00:00] Please note that a dedicated catalogue entry for this dataset, post-processed and stored in Analysis Ready Cloud Optimized (ARCO) format (Zarr), is available for optimised time-series retrievals (i.e. for retrieving data from selected variables for a single point over an extended period of time in an efficient way). You can discover it [here](https://cds.climate.copernicus.eu/datasets/reanalysis-era5-single-levels-timeseries?tab=overview)
[2026-06-04T23:00:49.386+0000] {logging_mixin.py:188} WARNING - 2026-06-04 23:00:49,386 INFO Request ID is 312ffac6-bcdb-4cee-a49b-d56ea57637ab
[2026-06-04T23:00:49.386+0000] {legacy_client.py:192} INFO - Request ID is 312ffac6-bcdb-4cee-a49b-d56ea57637ab
[2026-06-04T23:00:49.616+0000] {logging_mixin.py:188} WARNING - 2026-06-04 23:00:49,615 INFO status has been updated to accepted
[2026-06-04T23:00:49.615+0000] {legacy_client.py:192} INFO - status has been updated to accepted
[2026-06-04T23:01:04.131+0000] {logging_mixin.py:188} WARNING - 2026-06-04 23:01:04,131 INFO status has been updated to running
[2026-06-04T23:01:04.131+0000] {legacy_client.py:192} INFO - status has been updated to running
[2026-06-04T23:01:11.945+0000] {logging_mixin.py:188} WARNING - 2026-06-04 23:01:11,945 INFO status has been updated to successful
[2026-06-04T23:01:11.945+0000] {legacy_client.py:192} INFO - status has been updated to successful
[2026-06-04T23:01:12.516+0000] {base.py:119} INFO - Downloading https://object-store.os-api.cci2.ecmwf.int:443/cci2-prod-cache-1/2026-06-04/16bb42fb215fb35fda1ff280b0479627.nc
[2026-06-04T23:01:13.599+0000] {logging_mixin.py:188} WARNING - 16bb42fb215fb35fda1ff280b0479627.nc:   0%|          | 0.00/2.58M [00:00<?, ?B/s]
[2026-06-04T23:01:15.791+0000] {logging_mixin.py:188} WARNING - 16bb42fb215fb35fda1ff280b0479627.nc:  39%|###8      | 1.00M/2.58M [00:02<00:03, 479kB/s]
[2026-06-04T23:01:16.133+0000] {logging_mixin.py:188} WARNING - 16bb42fb215fb35fda1ff280b0479627.nc:  78%|#######7  | 2.00M/2.58M [00:02<00:00, 950kB/s]
[2026-06-04T23:01:16.172+0000] {logging_mixin.py:188} WARNING -                                                                                         
[2026-06-04T23:01:16.373+0000] {logging_mixin.py:188} WARNING - 2026-06-04 23:01:16 [INFO] nc downloaded ok: /opt/***/era5/ecmwf/data/nc/_raw/2026/05/30/instant_20260530.nc
[2026-06-04T23:01:16.373+0000] {era5_functions.py:204} INFO - nc downloaded ok: /opt/***/era5/ecmwf/data/nc/_raw/2026/05/30/instant_20260530.nc
[2026-06-04T23:01:16.482+0000] {logging_mixin.py:188} WARNING - 2026-06-04 23:01:16 [INFO] local timestep: 24 — /opt/***/era5/ecmwf/data/nc/_raw/2026/05/30/instant_20260530.nc
[2026-06-04T23:01:16.482+0000] {era5_functions.py:152} INFO - local timestep: 24 — /opt/***/era5/ecmwf/data/nc/_raw/2026/05/30/instant_20260530.nc
[2026-06-04T23:01:16.598+0000] {logging_mixin.py:188} WARNING - 2026-06-04 23:01:16 [INFO] tif outdated (tif=23 < nc=24), removing: /opt/***/era5/ecmwf/data/tif/2026/05/30/t2m_20260530.tif
[2026-06-04T23:01:16.597+0000] {era5_functions.py:261} INFO - tif outdated (tif=23 < nc=24), removing: /opt/***/era5/ecmwf/data/tif/2026/05/30/t2m_20260530.tif
[2026-06-04T23:01:16.723+0000] {logging_mixin.py:188} WARNING - 2026-06-04 23:01:16 [INFO] tif ok (bands=24): /opt/***/era5/ecmwf/data/tif/2026/05/30/t2m_20260530.tif
[2026-06-04T23:01:16.723+0000] {era5_functions.py:304} INFO - tif ok (bands=24): /opt/***/era5/ecmwf/data/tif/2026/05/30/t2m_20260530.tif
[2026-06-04T23:01:16.742+0000] {logging_mixin.py:188} WARNING - 2026-06-04 23:01:16 [INFO] tif outdated (tif=23 < nc=24), removing: /opt/***/era5/ecmwf/data/tif/2026/05/30/d2m_20260530.tif
[2026-06-04T23:01:16.742+0000] {era5_functions.py:261} INFO - tif outdated (tif=23 < nc=24), removing: /opt/***/era5/ecmwf/data/tif/2026/05/30/d2m_20260530.tif
[2026-06-04T23:01:16.849+0000] {logging_mixin.py:188} WARNING - 2026-06-04 23:01:16 [INFO] tif ok (bands=24): /opt/***/era5/ecmwf/data/tif/2026/05/30/d2m_20260530.tif
[2026-06-04T23:01:16.848+0000] {era5_functions.py:304} INFO - tif ok (bands=24): /opt/***/era5/ecmwf/data/tif/2026/05/30/d2m_20260530.tif
[2026-06-04T23:01:16.867+0000] {logging_mixin.py:188} WARNING - 2026-06-04 23:01:16 [INFO] tif outdated (tif=23 < nc=24), removing: /opt/***/era5/ecmwf/data/tif/2026/05/30/sp_20260530.tif
[2026-06-04T23:01:16.867+0000] {era5_functions.py:261} INFO - tif outdated (tif=23 < nc=24), removing: /opt/***/era5/ecmwf/data/tif/2026/05/30/sp_20260530.tif
[2026-06-04T23:01:16.978+0000] {logging_mixin.py:188} WARNING - 2026-06-04 23:01:16 [INFO] tif ok (bands=24): /opt/***/era5/ecmwf/data/tif/2026/05/30/sp_20260530.tif
[2026-06-04T23:01:16.978+0000] {era5_functions.py:304} INFO - tif ok (bands=24): /opt/***/era5/ecmwf/data/tif/2026/05/30/sp_20260530.tif
[2026-06-04T23:01:17.009+0000] {logging_mixin.py:188} WARNING - 2026-06-04 23:01:17 [INFO] tif outdated (tif=23 < nc=24), removing: /opt/***/era5/ecmwf/data/tif/2026/05/30/blh_20260530.tif
[2026-06-04T23:01:17.008+0000] {era5_functions.py:261} INFO - tif outdated (tif=23 < nc=24), removing: /opt/***/era5/ecmwf/data/tif/2026/05/30/blh_20260530.tif
[2026-06-04T23:01:17.141+0000] {logging_mixin.py:188} WARNING - 2026-06-04 23:01:17 [INFO] tif ok (bands=24): /opt/***/era5/ecmwf/data/tif/2026/05/30/blh_20260530.tif
[2026-06-04T23:01:17.140+0000] {era5_functions.py:304} INFO - tif ok (bands=24): /opt/***/era5/ecmwf/data/tif/2026/05/30/blh_20260530.tif
[2026-06-04T23:01:17.161+0000] {logging_mixin.py:188} WARNING - 2026-06-04 23:01:17 [INFO] tif outdated (tif=23 < nc=24), removing: /opt/***/era5/ecmwf/data/tif/2026/05/30/u10_20260530.tif
[2026-06-04T23:01:17.161+0000] {era5_functions.py:261} INFO - tif outdated (tif=23 < nc=24), removing: /opt/***/era5/ecmwf/data/tif/2026/05/30/u10_20260530.tif
[2026-06-04T23:01:17.271+0000] {logging_mixin.py:188} WARNING - 2026-06-04 23:01:17 [INFO] tif ok (bands=24): /opt/***/era5/ecmwf/data/tif/2026/05/30/u10_20260530.tif
[2026-06-04T23:01:17.271+0000] {era5_functions.py:304} INFO - tif ok (bands=24): /opt/***/era5/ecmwf/data/tif/2026/05/30/u10_20260530.tif
[2026-06-04T23:01:17.287+0000] {logging_mixin.py:188} WARNING - 2026-06-04 23:01:17 [INFO] tif outdated (tif=23 < nc=24), removing: /opt/***/era5/ecmwf/data/tif/2026/05/30/v10_20260530.tif
[2026-06-04T23:01:17.287+0000] {era5_functions.py:261} INFO - tif outdated (tif=23 < nc=24), removing: /opt/***/era5/ecmwf/data/tif/2026/05/30/v10_20260530.tif
[2026-06-04T23:01:17.412+0000] {logging_mixin.py:188} WARNING - 2026-06-04 23:01:17 [INFO] tif ok (bands=24): /opt/***/era5/ecmwf/data/tif/2026/05/30/v10_20260530.tif
[2026-06-04T23:01:17.412+0000] {era5_functions.py:304} INFO - tif ok (bands=24): /opt/***/era5/ecmwf/data/tif/2026/05/30/v10_20260530.tif
[2026-06-04T23:01:17.420+0000] {logging_mixin.py:188} WARNING - 2026-06-04 23:01:17 [INFO] === END job=instant date=2026-06-04 ===
[2026-06-04T23:01:17.420+0000] {era5_functions.py:379} INFO - === END job=instant date=2026-06-04 ===
[2026-06-04T23:01:17.423+0000] {python.py:237} INFO - Done. Returned value was: None
[2026-06-04T23:01:17.423+0000] {taskinstance.py:441} INFO - ::group::Post task execution logs
[2026-06-04T23:01:17.443+0000] {taskinstance.py:1206} INFO - Marking task as SUCCESS. dag_id=era5_download_pipeline, task_id=era5_instant, run_id=scheduled__2026-06-04T22:00:00+00:00, execution_date=20260604T220000, start_date=20260604T230002, end_date=20260604T230117
[2026-06-04T23:01:17.543+0000] {local_task_job_runner.py:240} INFO - Task exited with return code 0
[2026-06-04T23:01:17.571+0000] {taskinstance.py:3498} INFO - 1 downstream tasks scheduled from follow-on schedule check
[2026-06-04T23:01:17.575+0000] {local_task_job_runner.py:222} INFO - ::endgroup::
