[2026-06-18T19:01:42.123+0000] {local_task_job_runner.py:120} INFO - ::group::Pre task execution logs
[2026-06-18T19:01:42.145+0000] {taskinstance.py:2076} INFO - Dependencies all met for dep_context=non-requeueable deps ti=<TaskInstance: era5_download_pipeline.era5_accum scheduled__2026-06-18T18:00:00+00:00 [queued]>
[2026-06-18T19:01:42.158+0000] {taskinstance.py:2076} INFO - Dependencies all met for dep_context=requeueable deps ti=<TaskInstance: era5_download_pipeline.era5_accum scheduled__2026-06-18T18:00:00+00:00 [queued]>
[2026-06-18T19:01:42.159+0000] {taskinstance.py:2306} INFO - Starting attempt 1 of 1
[2026-06-18T19:01:42.175+0000] {taskinstance.py:2330} INFO - Executing <Task(PythonOperator): era5_accum> on 2026-06-18 18:00:00+00:00
[2026-06-18T19:01:42.190+0000] {warnings.py:110} WARNING - /home/***/.local/lib/python3.12/site-packages/***/task/task_runner/standard_task_runner.py:61: DeprecationWarning: This process (pid=138612) is multi-threaded, use of fork() may lead to deadlocks in the child.
  pid = os.fork()

[2026-06-18T19:01:42.194+0000] {standard_task_runner.py:63} INFO - Started process 138614 to run task
[2026-06-18T19:01:42.193+0000] {standard_task_runner.py:90} INFO - Running: ['***', 'tasks', 'run', 'era5_download_pipeline', 'era5_accum', 'scheduled__2026-06-18T18:00:00+00:00', '--job-id', '1865', '--raw', '--subdir', 'DAGS_FOLDER/era5_dag.py', '--cfg-path', '/tmp/tmp42r7tb5d']
[2026-06-18T19:01:42.197+0000] {standard_task_runner.py:91} INFO - Job 1865: Subtask era5_accum
[2026-06-18T19:01:42.284+0000] {task_command.py:426} INFO - Running <TaskInstance: era5_download_pipeline.era5_accum scheduled__2026-06-18T18:00:00+00:00 [running]> on host 01cd476fb21a
[2026-06-18T19:01:42.398+0000] {taskinstance.py:2648} INFO - Exporting env vars: AIRFLOW_CTX_DAG_OWNER='era5' AIRFLOW_CTX_DAG_ID='era5_download_pipeline' AIRFLOW_CTX_TASK_ID='era5_accum' AIRFLOW_CTX_EXECUTION_DATE='2026-06-18T18:00:00+00:00' AIRFLOW_CTX_TRY_NUMBER='1' AIRFLOW_CTX_DAG_RUN_ID='scheduled__2026-06-18T18:00:00+00:00'
[2026-06-18T19:01:42.401+0000] {taskinstance.py:430} INFO - ::endgroup::
[2026-06-18T19:01:43.453+0000] {logging_mixin.py:188} WARNING - 2026-06-18 19:01:43 [INFO] === START job=accum date=2026-06-18 ===
[2026-06-18T19:01:43.453+0000] {era5_functions.py:368} INFO - === START job=accum date=2026-06-18 ===
[2026-06-18T19:01:43.455+0000] {logging_mixin.py:188} WARNING - 2026-06-18 19:01:43 [INFO] --- job=accum date=20260618 ---
[2026-06-18T19:01:43.455+0000] {era5_functions.py:330} INFO - --- job=accum date=20260618 ---
[2026-06-18T19:01:44.040+0000] {logging_mixin.py:188} WARNING - 2026-06-18 19:01:44 [WARNING] get_cds_count failed: 400 Client Error: Bad Request for url: https://cds.climate.copernicus.eu/api/retrieve/v1/processes/reanalysis-era5-single-levels/execution
invalid request
None of the data you have requested is available yet, please revise the period requested. The latest date available for this dataset is: 2026-06-13 19:00
[2026-06-18T19:01:44.039+0000] {era5_functions.py:131} WARNING - get_cds_count failed: 400 Client Error: Bad Request for url: https://cds.climate.copernicus.eu/api/retrieve/v1/processes/reanalysis-era5-single-levels/execution
invalid request
None of the data you have requested is available yet, please revise the period requested. The latest date available for this dataset is: 2026-06-13 19:00
[2026-06-18T19:01:44.043+0000] {logging_mixin.py:188} WARNING - 2026-06-18 19:01:44 [WARNING] CDS ยังไม่มีข้อมูล job=accum date=20260618, skip
[2026-06-18T19:01:44.043+0000] {era5_functions.py:335} WARNING - CDS ยังไม่มีข้อมูล job=accum date=20260618, skip
[2026-06-18T19:01:44.046+0000] {logging_mixin.py:188} WARNING - 2026-06-18 19:01:44 [INFO] --- job=accum date=20260617 ---
[2026-06-18T19:01:44.045+0000] {era5_functions.py:330} INFO - --- job=accum date=20260617 ---
[2026-06-18T19:01:46.816+0000] {logging_mixin.py:188} WARNING - 2026-06-18 19:01:46 [WARNING] get_cds_count failed: 400 Client Error: Bad Request for url: https://cds.climate.copernicus.eu/api/retrieve/v1/processes/reanalysis-era5-single-levels/execution
invalid request
None of the data you have requested is available yet, please revise the period requested. The latest date available for this dataset is: 2026-06-13 19:00
[2026-06-18T19:01:46.816+0000] {era5_functions.py:131} WARNING - get_cds_count failed: 400 Client Error: Bad Request for url: https://cds.climate.copernicus.eu/api/retrieve/v1/processes/reanalysis-era5-single-levels/execution
invalid request
None of the data you have requested is available yet, please revise the period requested. The latest date available for this dataset is: 2026-06-13 19:00
[2026-06-18T19:01:46.821+0000] {logging_mixin.py:188} WARNING - 2026-06-18 19:01:46 [WARNING] CDS ยังไม่มีข้อมูล job=accum date=20260617, skip
[2026-06-18T19:01:46.821+0000] {era5_functions.py:335} WARNING - CDS ยังไม่มีข้อมูล job=accum date=20260617, skip
[2026-06-18T19:01:46.826+0000] {logging_mixin.py:188} WARNING - 2026-06-18 19:01:46 [INFO] --- job=accum date=20260616 ---
[2026-06-18T19:01:46.826+0000] {era5_functions.py:330} INFO - --- job=accum date=20260616 ---
[2026-06-18T19:01:47.542+0000] {logging_mixin.py:188} WARNING - 2026-06-18 19:01:47 [WARNING] get_cds_count failed: 400 Client Error: Bad Request for url: https://cds.climate.copernicus.eu/api/retrieve/v1/processes/reanalysis-era5-single-levels/execution
invalid request
None of the data you have requested is available yet, please revise the period requested. The latest date available for this dataset is: 2026-06-13 19:00
[2026-06-18T19:01:47.542+0000] {era5_functions.py:131} WARNING - get_cds_count failed: 400 Client Error: Bad Request for url: https://cds.climate.copernicus.eu/api/retrieve/v1/processes/reanalysis-era5-single-levels/execution
invalid request
None of the data you have requested is available yet, please revise the period requested. The latest date available for this dataset is: 2026-06-13 19:00
[2026-06-18T19:01:47.548+0000] {logging_mixin.py:188} WARNING - 2026-06-18 19:01:47 [WARNING] CDS ยังไม่มีข้อมูล job=accum date=20260616, skip
[2026-06-18T19:01:47.548+0000] {era5_functions.py:335} WARNING - CDS ยังไม่มีข้อมูล job=accum date=20260616, skip
[2026-06-18T19:01:47.552+0000] {logging_mixin.py:188} WARNING - 2026-06-18 19:01:47 [INFO] --- job=accum date=20260615 ---
[2026-06-18T19:01:47.552+0000] {era5_functions.py:330} INFO - --- job=accum date=20260615 ---
[2026-06-18T19:01:49.970+0000] {logging_mixin.py:188} WARNING - 2026-06-18 19:01:49 [WARNING] get_cds_count failed: 400 Client Error: Bad Request for url: https://cds.climate.copernicus.eu/api/retrieve/v1/processes/reanalysis-era5-single-levels/execution
invalid request
None of the data you have requested is available yet, please revise the period requested. The latest date available for this dataset is: 2026-06-13 19:00
[2026-06-18T19:01:49.970+0000] {era5_functions.py:131} WARNING - get_cds_count failed: 400 Client Error: Bad Request for url: https://cds.climate.copernicus.eu/api/retrieve/v1/processes/reanalysis-era5-single-levels/execution
invalid request
None of the data you have requested is available yet, please revise the period requested. The latest date available for this dataset is: 2026-06-13 19:00
[2026-06-18T19:01:49.975+0000] {logging_mixin.py:188} WARNING - 2026-06-18 19:01:49 [WARNING] CDS ยังไม่มีข้อมูล job=accum date=20260615, skip
[2026-06-18T19:01:49.975+0000] {era5_functions.py:335} WARNING - CDS ยังไม่มีข้อมูล job=accum date=20260615, skip
[2026-06-18T19:01:49.980+0000] {logging_mixin.py:188} WARNING - 2026-06-18 19:01:49 [INFO] --- job=accum date=20260614 ---
[2026-06-18T19:01:49.979+0000] {era5_functions.py:330} INFO - --- job=accum date=20260614 ---
[2026-06-18T19:01:50.570+0000] {logging_mixin.py:188} WARNING - 2026-06-18 19:01:50 [WARNING] get_cds_count failed: 400 Client Error: Bad Request for url: https://cds.climate.copernicus.eu/api/retrieve/v1/processes/reanalysis-era5-single-levels/execution
invalid request
None of the data you have requested is available yet, please revise the period requested. The latest date available for this dataset is: 2026-06-13 19:00
[2026-06-18T19:01:50.570+0000] {era5_functions.py:131} WARNING - get_cds_count failed: 400 Client Error: Bad Request for url: https://cds.climate.copernicus.eu/api/retrieve/v1/processes/reanalysis-era5-single-levels/execution
invalid request
None of the data you have requested is available yet, please revise the period requested. The latest date available for this dataset is: 2026-06-13 19:00
[2026-06-18T19:01:50.577+0000] {logging_mixin.py:188} WARNING - 2026-06-18 19:01:50 [WARNING] CDS ยังไม่มีข้อมูล job=accum date=20260614, skip
[2026-06-18T19:01:50.577+0000] {era5_functions.py:335} WARNING - CDS ยังไม่มีข้อมูล job=accum date=20260614, skip
[2026-06-18T19:01:50.582+0000] {logging_mixin.py:188} WARNING - 2026-06-18 19:01:50 [INFO] --- job=accum date=20260613 ---
[2026-06-18T19:01:50.581+0000] {era5_functions.py:330} INFO - --- job=accum date=20260613 ---
[2026-06-18T19:01:52.922+0000] {logging_mixin.py:188} WARNING - 2026-06-18 19:01:52,921 INFO [2025-12-11T00:00:00] Please note that a dedicated catalogue entry for this dataset, post-processed and stored in Analysis Ready Cloud Optimized (ARCO) format (Zarr), is available for optimised time-series retrievals (i.e. for retrieving data from selected variables for a single point over an extended period of time in an efficient way). You can discover it [here](https://cds.climate.copernicus.eu/datasets/reanalysis-era5-single-levels-timeseries?tab=overview)
[2026-06-18T19:01:52.921+0000] {legacy_client.py:192} INFO - [2025-12-11T00:00:00] Please note that a dedicated catalogue entry for this dataset, post-processed and stored in Analysis Ready Cloud Optimized (ARCO) format (Zarr), is available for optimised time-series retrievals (i.e. for retrieving data from selected variables for a single point over an extended period of time in an efficient way). You can discover it [here](https://cds.climate.copernicus.eu/datasets/reanalysis-era5-single-levels-timeseries?tab=overview)
[2026-06-18T19:01:52.927+0000] {logging_mixin.py:188} WARNING - 2026-06-18 19:01:52,926 INFO Request ID is aa5e6f25-8320-4d91-9d94-f56578046312
[2026-06-18T19:01:52.926+0000] {legacy_client.py:192} INFO - Request ID is aa5e6f25-8320-4d91-9d94-f56578046312
[2026-06-18T19:01:53.175+0000] {logging_mixin.py:188} WARNING - 2026-06-18 19:01:53,174 INFO status has been updated to accepted
[2026-06-18T19:01:53.174+0000] {legacy_client.py:192} INFO - status has been updated to accepted
[2026-06-18T19:02:15.227+0000] {logging_mixin.py:188} WARNING - 2026-06-18 19:02:15,226 INFO status has been updated to successful
[2026-06-18T19:02:15.226+0000] {legacy_client.py:192} INFO - status has been updated to successful
[2026-06-18T19:02:15.651+0000] {base.py:119} INFO - Downloading https://object-store.os-api.cci2.ecmwf.int:443/cci2-prod-cache-3/2026-06-18/c066803647bfa3d3232548fdf49522b1.nc
[2026-06-18T19:02:16.302+0000] {logging_mixin.py:188} WARNING - c066803647bfa3d3232548fdf49522b1.nc:   0%|          | 0.00/271k [00:00<?, ?B/s]
[2026-06-18T19:02:17.676+0000] {logging_mixin.py:188} WARNING - c066803647bfa3d3232548fdf49522b1.nc: 100%|##########| 271k/271k [00:01<00:00, 202kB/s]
[2026-06-18T19:02:17.682+0000] {logging_mixin.py:188} WARNING -                                                                                       
[2026-06-18T19:02:17.992+0000] {logging_mixin.py:188} WARNING - 2026-06-18 19:02:17 [INFO] CDS timestep available: 20
[2026-06-18T19:02:17.992+0000] {era5_functions.py:128} INFO - CDS timestep available: 20
[2026-06-18T19:02:18.048+0000] {logging_mixin.py:188} WARNING - 2026-06-18 19:02:18 [INFO] local timestep: 19 — /opt/***/era5/ecmwf/data/nc/_raw/2026/06/13/accum_20260613.nc
[2026-06-18T19:02:18.048+0000] {era5_functions.py:152} INFO - local timestep: 19 — /opt/***/era5/ecmwf/data/nc/_raw/2026/06/13/accum_20260613.nc
[2026-06-18T19:02:18.056+0000] {logging_mixin.py:188} WARNING - 2026-06-18 19:02:18 [INFO] nc outdated (local=19 < cds=20), removing: /opt/***/era5/ecmwf/data/nc/_raw/2026/06/13/accum_20260613.nc
[2026-06-18T19:02:18.056+0000] {era5_functions.py:193} INFO - nc outdated (local=19 < cds=20), removing: /opt/***/era5/ecmwf/data/nc/_raw/2026/06/13/accum_20260613.nc
[2026-06-18T19:02:18.075+0000] {logging_mixin.py:188} WARNING - 2026-06-18 19:02:18 [INFO] download attempt 1/3: /opt/***/era5/ecmwf/data/nc/_raw/2026/06/13/accum_20260613.nc
[2026-06-18T19:02:18.074+0000] {era5_functions.py:200} INFO - download attempt 1/3: /opt/***/era5/ecmwf/data/nc/_raw/2026/06/13/accum_20260613.nc
[2026-06-18T19:02:20.080+0000] {logging_mixin.py:188} WARNING - 2026-06-18 19:02:20,080 INFO [2025-12-11T00:00:00] Please note that a dedicated catalogue entry for this dataset, post-processed and stored in Analysis Ready Cloud Optimized (ARCO) format (Zarr), is available for optimised time-series retrievals (i.e. for retrieving data from selected variables for a single point over an extended period of time in an efficient way). You can discover it [here](https://cds.climate.copernicus.eu/datasets/reanalysis-era5-single-levels-timeseries?tab=overview)
[2026-06-18T19:02:20.080+0000] {legacy_client.py:192} INFO - [2025-12-11T00:00:00] Please note that a dedicated catalogue entry for this dataset, post-processed and stored in Analysis Ready Cloud Optimized (ARCO) format (Zarr), is available for optimised time-series retrievals (i.e. for retrieving data from selected variables for a single point over an extended period of time in an efficient way). You can discover it [here](https://cds.climate.copernicus.eu/datasets/reanalysis-era5-single-levels-timeseries?tab=overview)
[2026-06-18T19:02:20.084+0000] {logging_mixin.py:188} WARNING - 2026-06-18 19:02:20,084 INFO Request ID is 5c88726b-cc43-499d-b2d3-31a35b97b296
[2026-06-18T19:02:20.084+0000] {legacy_client.py:192} INFO - Request ID is 5c88726b-cc43-499d-b2d3-31a35b97b296
[2026-06-18T19:02:20.291+0000] {logging_mixin.py:188} WARNING - 2026-06-18 19:02:20,291 INFO status has been updated to accepted
[2026-06-18T19:02:20.291+0000] {legacy_client.py:192} INFO - status has been updated to accepted
[2026-06-18T19:02:29.284+0000] {logging_mixin.py:188} WARNING - 2026-06-18 19:02:29,283 INFO status has been updated to running
[2026-06-18T19:02:29.283+0000] {legacy_client.py:192} INFO - status has been updated to running
[2026-06-18T19:02:34.883+0000] {logging_mixin.py:188} WARNING - 2026-06-18 19:02:34,883 INFO status has been updated to successful
[2026-06-18T19:02:34.883+0000] {legacy_client.py:192} INFO - status has been updated to successful
[2026-06-18T19:02:35.348+0000] {base.py:119} INFO - Downloading https://object-store.os-api.cci2.ecmwf.int:443/cci2-prod-cache-2/2026-06-18/a05ca0ea8a68c3be13e5682f31131d1f.nc
[2026-06-18T19:02:36.063+0000] {logging_mixin.py:188} WARNING - a05ca0ea8a68c3be13e5682f31131d1f.nc:   0%|          | 0.00/269k [00:00<?, ?B/s]
[2026-06-18T19:02:37.771+0000] {logging_mixin.py:188} WARNING - a05ca0ea8a68c3be13e5682f31131d1f.nc: 100%|##########| 269k/269k [00:01<00:00, 162kB/s]
[2026-06-18T19:02:37.794+0000] {logging_mixin.py:188} WARNING -                                                                                       
[2026-06-18T19:02:37.885+0000] {logging_mixin.py:188} WARNING - 2026-06-18 19:02:37 [INFO] nc downloaded ok: /opt/***/era5/ecmwf/data/nc/_raw/2026/06/13/accum_20260613.nc
[2026-06-18T19:02:37.885+0000] {era5_functions.py:204} INFO - nc downloaded ok: /opt/***/era5/ecmwf/data/nc/_raw/2026/06/13/accum_20260613.nc
[2026-06-18T19:02:37.938+0000] {logging_mixin.py:188} WARNING - 2026-06-18 19:02:37 [INFO] local timestep: 20 — /opt/***/era5/ecmwf/data/nc/_raw/2026/06/13/accum_20260613.nc
[2026-06-18T19:02:37.938+0000] {era5_functions.py:152} INFO - local timestep: 20 — /opt/***/era5/ecmwf/data/nc/_raw/2026/06/13/accum_20260613.nc
[2026-06-18T19:02:38.007+0000] {logging_mixin.py:188} WARNING - 2026-06-18 19:02:38 [INFO] tif outdated (tif=19 < nc=20), removing: /opt/***/era5/ecmwf/data/tif/2026/06/13/tp_20260613.tif
[2026-06-18T19:02:38.006+0000] {era5_functions.py:261} INFO - tif outdated (tif=19 < nc=20), removing: /opt/***/era5/ecmwf/data/tif/2026/06/13/tp_20260613.tif
[2026-06-18T19:02:38.106+0000] {logging_mixin.py:188} WARNING - 2026-06-18 19:02:38 [INFO] tif ok (bands=20): /opt/***/era5/ecmwf/data/tif/2026/06/13/tp_20260613.tif
[2026-06-18T19:02:38.106+0000] {era5_functions.py:304} INFO - tif ok (bands=20): /opt/***/era5/ecmwf/data/tif/2026/06/13/tp_20260613.tif
[2026-06-18T19:02:38.110+0000] {logging_mixin.py:188} WARNING - 2026-06-18 19:02:38 [INFO] === END job=accum date=2026-06-18 ===
[2026-06-18T19:02:38.110+0000] {era5_functions.py:379} INFO - === END job=accum date=2026-06-18 ===
[2026-06-18T19:02:38.112+0000] {python.py:237} INFO - Done. Returned value was: None
[2026-06-18T19:02:38.113+0000] {taskinstance.py:441} INFO - ::group::Post task execution logs
[2026-06-18T19:02:38.126+0000] {taskinstance.py:1206} INFO - Marking task as SUCCESS. dag_id=era5_download_pipeline, task_id=era5_accum, run_id=scheduled__2026-06-18T18:00:00+00:00, execution_date=20260618T180000, start_date=20260618T190142, end_date=20260618T190238
[2026-06-18T19:02:38.187+0000] {local_task_job_runner.py:240} INFO - Task exited with return code 0
[2026-06-18T19:02:38.215+0000] {taskinstance.py:3498} INFO - 0 downstream tasks scheduled from follow-on schedule check
[2026-06-18T19:02:38.219+0000] {local_task_job_runner.py:222} INFO - ::endgroup::
