[2026-06-21T23:00:02.347+0000] {local_task_job_runner.py:120} INFO - ::group::Pre task execution logs
[2026-06-21T23:00:02.373+0000] {taskinstance.py:2076} INFO - Dependencies all met for dep_context=non-requeueable deps ti=<TaskInstance: era5_download_pipeline.era5_instant scheduled__2026-06-21T22:00:00+00:00 [queued]>
[2026-06-21T23:00:02.382+0000] {taskinstance.py:2076} INFO - Dependencies all met for dep_context=requeueable deps ti=<TaskInstance: era5_download_pipeline.era5_instant scheduled__2026-06-21T22:00:00+00:00 [queued]>
[2026-06-21T23:00:02.384+0000] {taskinstance.py:2306} INFO - Starting attempt 1 of 1
[2026-06-21T23:00:02.400+0000] {taskinstance.py:2330} INFO - Executing <Task(PythonOperator): era5_instant> on 2026-06-21 22:00:00+00:00
[2026-06-21T23:00:02.414+0000] {warnings.py:110} WARNING - /home/***/.local/lib/python3.12/site-packages/***/task/task_runner/standard_task_runner.py:61: DeprecationWarning: This process (pid=197135) is multi-threaded, use of fork() may lead to deadlocks in the child.
  pid = os.fork()

[2026-06-21T23:00:02.417+0000] {standard_task_runner.py:63} INFO - Started process 197139 to run task
[2026-06-21T23:00:02.420+0000] {standard_task_runner.py:90} INFO - Running: ['***', 'tasks', 'run', 'era5_download_pipeline', 'era5_instant', 'scheduled__2026-06-21T22:00:00+00:00', '--job-id', '2095', '--raw', '--subdir', 'DAGS_FOLDER/era5_dag.py', '--cfg-path', '/tmp/tmp9rzxf0dl']
[2026-06-21T23:00:02.424+0000] {standard_task_runner.py:91} INFO - Job 2095: Subtask era5_instant
[2026-06-21T23:00:02.523+0000] {task_command.py:426} INFO - Running <TaskInstance: era5_download_pipeline.era5_instant scheduled__2026-06-21T22:00:00+00:00 [running]> on host 01cd476fb21a
[2026-06-21T23:00:02.646+0000] {taskinstance.py:2648} INFO - Exporting env vars: AIRFLOW_CTX_DAG_OWNER='era5' AIRFLOW_CTX_DAG_ID='era5_download_pipeline' AIRFLOW_CTX_TASK_ID='era5_instant' AIRFLOW_CTX_EXECUTION_DATE='2026-06-21T22:00:00+00:00' AIRFLOW_CTX_TRY_NUMBER='1' AIRFLOW_CTX_DAG_RUN_ID='scheduled__2026-06-21T22:00:00+00:00'
[2026-06-21T23:00:02.649+0000] {taskinstance.py:430} INFO - ::endgroup::
[2026-06-21T23:00:03.708+0000] {logging_mixin.py:188} WARNING - 2026-06-21 23:00:03 [INFO] === START job=instant date=2026-06-21 ===
[2026-06-21T23:00:03.708+0000] {era5_functions.py:368} INFO - === START job=instant date=2026-06-21 ===
[2026-06-21T23:00:03.712+0000] {logging_mixin.py:188} WARNING - 2026-06-21 23:00:03 [INFO] --- job=instant date=20260621 ---
[2026-06-21T23:00:03.712+0000] {era5_functions.py:330} INFO - --- job=instant date=20260621 ---
[2026-06-21T23:00:04.422+0000] {logging_mixin.py:188} WARNING - 2026-06-21 23:00:04 [WARNING] get_cds_count failed: 400 Client Error: Bad Request for url: https://cds.climate.copernicus.eu/api/retrieve/v1/processes/reanalysis-era5-single-levels/execution
invalid request
None of the data you have requested is available yet, please revise the period requested. The latest date available for this dataset is: 2026-06-16 23:00
[2026-06-21T23:00:04.422+0000] {era5_functions.py:131} WARNING - get_cds_count failed: 400 Client Error: Bad Request for url: https://cds.climate.copernicus.eu/api/retrieve/v1/processes/reanalysis-era5-single-levels/execution
invalid request
None of the data you have requested is available yet, please revise the period requested. The latest date available for this dataset is: 2026-06-16 23:00
[2026-06-21T23:00:04.426+0000] {logging_mixin.py:188} WARNING - 2026-06-21 23:00:04 [WARNING] CDS ยังไม่มีข้อมูล job=instant date=20260621, skip
[2026-06-21T23:00:04.426+0000] {era5_functions.py:335} WARNING - CDS ยังไม่มีข้อมูล job=instant date=20260621, skip
[2026-06-21T23:00:04.429+0000] {logging_mixin.py:188} WARNING - 2026-06-21 23:00:04 [INFO] --- job=instant date=20260620 ---
[2026-06-21T23:00:04.429+0000] {era5_functions.py:330} INFO - --- job=instant date=20260620 ---
[2026-06-21T23:00:05.678+0000] {logging_mixin.py:188} WARNING - 2026-06-21 23:00:05 [WARNING] get_cds_count failed: 400 Client Error: Bad Request for url: https://cds.climate.copernicus.eu/api/retrieve/v1/processes/reanalysis-era5-single-levels/execution
invalid request
None of the data you have requested is available yet, please revise the period requested. The latest date available for this dataset is: 2026-06-16 23:00
[2026-06-21T23:00:05.678+0000] {era5_functions.py:131} WARNING - get_cds_count failed: 400 Client Error: Bad Request for url: https://cds.climate.copernicus.eu/api/retrieve/v1/processes/reanalysis-era5-single-levels/execution
invalid request
None of the data you have requested is available yet, please revise the period requested. The latest date available for this dataset is: 2026-06-16 23:00
[2026-06-21T23:00:05.683+0000] {logging_mixin.py:188} WARNING - 2026-06-21 23:00:05 [WARNING] CDS ยังไม่มีข้อมูล job=instant date=20260620, skip
[2026-06-21T23:00:05.683+0000] {era5_functions.py:335} WARNING - CDS ยังไม่มีข้อมูล job=instant date=20260620, skip
[2026-06-21T23:00:05.686+0000] {logging_mixin.py:188} WARNING - 2026-06-21 23:00:05 [INFO] --- job=instant date=20260619 ---
[2026-06-21T23:00:05.686+0000] {era5_functions.py:330} INFO - --- job=instant date=20260619 ---
[2026-06-21T23:00:08.516+0000] {logging_mixin.py:188} WARNING - 2026-06-21 23:00:08 [WARNING] get_cds_count failed: 400 Client Error: Bad Request for url: https://cds.climate.copernicus.eu/api/retrieve/v1/processes/reanalysis-era5-single-levels/execution
invalid request
None of the data you have requested is available yet, please revise the period requested. The latest date available for this dataset is: 2026-06-16 23:00
[2026-06-21T23:00:08.516+0000] {era5_functions.py:131} WARNING - get_cds_count failed: 400 Client Error: Bad Request for url: https://cds.climate.copernicus.eu/api/retrieve/v1/processes/reanalysis-era5-single-levels/execution
invalid request
None of the data you have requested is available yet, please revise the period requested. The latest date available for this dataset is: 2026-06-16 23:00
[2026-06-21T23:00:08.521+0000] {logging_mixin.py:188} WARNING - 2026-06-21 23:00:08 [WARNING] CDS ยังไม่มีข้อมูล job=instant date=20260619, skip
[2026-06-21T23:00:08.520+0000] {era5_functions.py:335} WARNING - CDS ยังไม่มีข้อมูล job=instant date=20260619, skip
[2026-06-21T23:00:08.524+0000] {logging_mixin.py:188} WARNING - 2026-06-21 23:00:08 [INFO] --- job=instant date=20260618 ---
[2026-06-21T23:00:08.524+0000] {era5_functions.py:330} INFO - --- job=instant date=20260618 ---
[2026-06-21T23:00:09.906+0000] {logging_mixin.py:188} WARNING - 2026-06-21 23:00:09 [WARNING] get_cds_count failed: 400 Client Error: Bad Request for url: https://cds.climate.copernicus.eu/api/retrieve/v1/processes/reanalysis-era5-single-levels/execution
invalid request
None of the data you have requested is available yet, please revise the period requested. The latest date available for this dataset is: 2026-06-16 23:00
[2026-06-21T23:00:09.906+0000] {era5_functions.py:131} WARNING - get_cds_count failed: 400 Client Error: Bad Request for url: https://cds.climate.copernicus.eu/api/retrieve/v1/processes/reanalysis-era5-single-levels/execution
invalid request
None of the data you have requested is available yet, please revise the period requested. The latest date available for this dataset is: 2026-06-16 23:00
[2026-06-21T23:00:09.911+0000] {logging_mixin.py:188} WARNING - 2026-06-21 23:00:09 [WARNING] CDS ยังไม่มีข้อมูล job=instant date=20260618, skip
[2026-06-21T23:00:09.911+0000] {era5_functions.py:335} WARNING - CDS ยังไม่มีข้อมูล job=instant date=20260618, skip
[2026-06-21T23:00:09.914+0000] {logging_mixin.py:188} WARNING - 2026-06-21 23:00:09 [INFO] --- job=instant date=20260617 ---
[2026-06-21T23:00:09.913+0000] {era5_functions.py:330} INFO - --- job=instant date=20260617 ---
[2026-06-21T23:00:10.674+0000] {logging_mixin.py:188} WARNING - 2026-06-21 23:00:10 [WARNING] get_cds_count failed: 400 Client Error: Bad Request for url: https://cds.climate.copernicus.eu/api/retrieve/v1/processes/reanalysis-era5-single-levels/execution
invalid request
None of the data you have requested is available yet, please revise the period requested. The latest date available for this dataset is: 2026-06-16 23:00
[2026-06-21T23:00:10.674+0000] {era5_functions.py:131} WARNING - get_cds_count failed: 400 Client Error: Bad Request for url: https://cds.climate.copernicus.eu/api/retrieve/v1/processes/reanalysis-era5-single-levels/execution
invalid request
None of the data you have requested is available yet, please revise the period requested. The latest date available for this dataset is: 2026-06-16 23:00
[2026-06-21T23:00:10.679+0000] {logging_mixin.py:188} WARNING - 2026-06-21 23:00:10 [WARNING] CDS ยังไม่มีข้อมูล job=instant date=20260617, skip
[2026-06-21T23:00:10.678+0000] {era5_functions.py:335} WARNING - CDS ยังไม่มีข้อมูล job=instant date=20260617, skip
[2026-06-21T23:00:10.682+0000] {logging_mixin.py:188} WARNING - 2026-06-21 23:00:10 [INFO] --- job=instant date=20260616 ---
[2026-06-21T23:00:10.682+0000] {era5_functions.py:330} INFO - --- job=instant date=20260616 ---
[2026-06-21T23:00:11.225+0000] {logging_mixin.py:188} WARNING - 2026-06-21 23:00:11,224 INFO [2025-12-11T00:00:00] Please note that a dedicated catalogue entry for this dataset, post-processed and stored in Analysis Ready Cloud Optimized (ARCO) format (Zarr), is available for optimised time-series retrievals (i.e. for retrieving data from selected variables for a single point over an extended period of time in an efficient way). You can discover it [here](https://cds.climate.copernicus.eu/datasets/reanalysis-era5-single-levels-timeseries?tab=overview)
[2026-06-21T23:00:11.224+0000] {legacy_client.py:192} INFO - [2025-12-11T00:00:00] Please note that a dedicated catalogue entry for this dataset, post-processed and stored in Analysis Ready Cloud Optimized (ARCO) format (Zarr), is available for optimised time-series retrievals (i.e. for retrieving data from selected variables for a single point over an extended period of time in an efficient way). You can discover it [here](https://cds.climate.copernicus.eu/datasets/reanalysis-era5-single-levels-timeseries?tab=overview)
[2026-06-21T23:00:11.230+0000] {logging_mixin.py:188} WARNING - 2026-06-21 23:00:11,230 INFO Request ID is 0131f077-51ce-4290-ba1b-05a03fc16096
[2026-06-21T23:00:11.230+0000] {legacy_client.py:192} INFO - Request ID is 0131f077-51ce-4290-ba1b-05a03fc16096
[2026-06-21T23:00:11.441+0000] {logging_mixin.py:188} WARNING - 2026-06-21 23:00:11,441 INFO status has been updated to accepted
[2026-06-21T23:00:11.441+0000] {legacy_client.py:192} INFO - status has been updated to accepted
[2026-06-21T23:00:34.355+0000] {logging_mixin.py:188} WARNING - 2026-06-21 23:00:34,355 INFO status has been updated to running
[2026-06-21T23:00:34.355+0000] {legacy_client.py:192} INFO - status has been updated to running
[2026-06-21T23:00:48.753+0000] {logging_mixin.py:188} WARNING - 2026-06-21 23:00:48,753 INFO status has been updated to successful
[2026-06-21T23:00:48.753+0000] {legacy_client.py:192} INFO - status has been updated to successful
[2026-06-21T23:00:52.347+0000] {base.py:119} INFO - Downloading https://object-store.os-api.cci2.ecmwf.int:443/cci2-prod-cache-2/2026-06-21/7d6620531ef5e6ca0fef091a54523911.nc
[2026-06-21T23:00:53.668+0000] {logging_mixin.py:188} WARNING - 7d6620531ef5e6ca0fef091a54523911.nc:   0%|          | 0.00/2.56M [00:00<?, ?B/s]
[2026-06-21T23:00:55.496+0000] {logging_mixin.py:188} WARNING - 7d6620531ef5e6ca0fef091a54523911.nc:  39%|###8      | 1.00M/2.56M [00:01<00:02, 574kB/s]
[2026-06-21T23:00:56.125+0000] {logging_mixin.py:188} WARNING - 7d6620531ef5e6ca0fef091a54523911.nc:  78%|#######7  | 2.00M/2.56M [00:02<00:00, 934kB/s]
[2026-06-21T23:00:56.449+0000] {logging_mixin.py:188} WARNING - 7d6620531ef5e6ca0fef091a54523911.nc: 100%|##########| 2.56M/2.56M [00:02<00:00, 1.11MB/s]
[2026-06-21T23:00:56.454+0000] {logging_mixin.py:188} WARNING -                                                                                          
[2026-06-21T23:00:56.739+0000] {logging_mixin.py:188} WARNING - 2026-06-21 23:00:56 [INFO] CDS timestep available: 24
[2026-06-21T23:00:56.738+0000] {era5_functions.py:128} INFO - CDS timestep available: 24
[2026-06-21T23:00:56.846+0000] {logging_mixin.py:188} WARNING - 2026-06-21 23:00:56 [INFO] local timestep: 23 — /opt/***/era5/ecmwf/data/nc/_raw/2026/06/16/instant_20260616.nc
[2026-06-21T23:00:56.845+0000] {era5_functions.py:152} INFO - local timestep: 23 — /opt/***/era5/ecmwf/data/nc/_raw/2026/06/16/instant_20260616.nc
[2026-06-21T23:00:56.854+0000] {logging_mixin.py:188} WARNING - 2026-06-21 23:00:56 [INFO] nc outdated (local=23 < cds=24), removing: /opt/***/era5/ecmwf/data/nc/_raw/2026/06/16/instant_20260616.nc
[2026-06-21T23:00:56.854+0000] {era5_functions.py:193} INFO - nc outdated (local=23 < cds=24), removing: /opt/***/era5/ecmwf/data/nc/_raw/2026/06/16/instant_20260616.nc
[2026-06-21T23:00:56.880+0000] {logging_mixin.py:188} WARNING - 2026-06-21 23:00:56 [INFO] download attempt 1/3: /opt/***/era5/ecmwf/data/nc/_raw/2026/06/16/instant_20260616.nc
[2026-06-21T23:00:56.880+0000] {era5_functions.py:200} INFO - download attempt 1/3: /opt/***/era5/ecmwf/data/nc/_raw/2026/06/16/instant_20260616.nc
[2026-06-21T23:00:57.582+0000] {logging_mixin.py:188} WARNING - 2026-06-21 23:00:57,582 INFO [2025-12-11T00:00:00] Please note that a dedicated catalogue entry for this dataset, post-processed and stored in Analysis Ready Cloud Optimized (ARCO) format (Zarr), is available for optimised time-series retrievals (i.e. for retrieving data from selected variables for a single point over an extended period of time in an efficient way). You can discover it [here](https://cds.climate.copernicus.eu/datasets/reanalysis-era5-single-levels-timeseries?tab=overview)
[2026-06-21T23:00:57.582+0000] {legacy_client.py:192} INFO - [2025-12-11T00:00:00] Please note that a dedicated catalogue entry for this dataset, post-processed and stored in Analysis Ready Cloud Optimized (ARCO) format (Zarr), is available for optimised time-series retrievals (i.e. for retrieving data from selected variables for a single point over an extended period of time in an efficient way). You can discover it [here](https://cds.climate.copernicus.eu/datasets/reanalysis-era5-single-levels-timeseries?tab=overview)
[2026-06-21T23:00:57.586+0000] {logging_mixin.py:188} WARNING - 2026-06-21 23:00:57,586 INFO Request ID is fee93625-6844-4f7e-b6e0-8b6c2074105f
[2026-06-21T23:00:57.586+0000] {legacy_client.py:192} INFO - Request ID is fee93625-6844-4f7e-b6e0-8b6c2074105f
[2026-06-21T23:00:57.792+0000] {logging_mixin.py:188} WARNING - 2026-06-21 23:00:57,792 INFO status has been updated to accepted
[2026-06-21T23:00:57.792+0000] {legacy_client.py:192} INFO - status has been updated to accepted
[2026-06-21T23:01:21.752+0000] {logging_mixin.py:188} WARNING - 2026-06-21 23:01:21,752 INFO status has been updated to running
[2026-06-21T23:01:21.752+0000] {legacy_client.py:192} INFO - status has been updated to running
[2026-06-21T23:01:33.373+0000] {logging_mixin.py:188} WARNING - 2026-06-21 23:01:33,372 INFO status has been updated to successful
[2026-06-21T23:01:33.372+0000] {legacy_client.py:192} INFO - status has been updated to successful
[2026-06-21T23:01:35.547+0000] {base.py:119} INFO - Downloading https://object-store.os-api.cci2.ecmwf.int:443/cci2-prod-cache-1/2026-06-21/452a5d467df92ac6c6ec55cd2cc6462a.nc
[2026-06-21T23:01:36.212+0000] {logging_mixin.py:188} WARNING - 452a5d467df92ac6c6ec55cd2cc6462a.nc:   0%|          | 0.00/2.57M [00:00<?, ?B/s]
[2026-06-21T23:01:38.004+0000] {logging_mixin.py:188} WARNING - 452a5d467df92ac6c6ec55cd2cc6462a.nc:  39%|###8      | 1.00M/2.57M [00:01<00:02, 586kB/s]
[2026-06-21T23:01:38.273+0000] {logging_mixin.py:188} WARNING - 452a5d467df92ac6c6ec55cd2cc6462a.nc:  78%|#######7  | 2.00M/2.57M [00:02<00:00, 1.17MB/s]
[2026-06-21T23:01:38.309+0000] {logging_mixin.py:188} WARNING -                                                                                          
[2026-06-21T23:01:38.487+0000] {logging_mixin.py:188} WARNING - 2026-06-21 23:01:38 [INFO] nc downloaded ok: /opt/***/era5/ecmwf/data/nc/_raw/2026/06/16/instant_20260616.nc
[2026-06-21T23:01:38.486+0000] {era5_functions.py:204} INFO - nc downloaded ok: /opt/***/era5/ecmwf/data/nc/_raw/2026/06/16/instant_20260616.nc
[2026-06-21T23:01:38.588+0000] {logging_mixin.py:188} WARNING - 2026-06-21 23:01:38 [INFO] local timestep: 24 — /opt/***/era5/ecmwf/data/nc/_raw/2026/06/16/instant_20260616.nc
[2026-06-21T23:01:38.588+0000] {era5_functions.py:152} INFO - local timestep: 24 — /opt/***/era5/ecmwf/data/nc/_raw/2026/06/16/instant_20260616.nc
[2026-06-21T23:01:38.712+0000] {logging_mixin.py:188} WARNING - 2026-06-21 23:01:38 [INFO] tif outdated (tif=23 < nc=24), removing: /opt/***/era5/ecmwf/data/tif/2026/06/16/t2m_20260616.tif
[2026-06-21T23:01:38.711+0000] {era5_functions.py:261} INFO - tif outdated (tif=23 < nc=24), removing: /opt/***/era5/ecmwf/data/tif/2026/06/16/t2m_20260616.tif
[2026-06-21T23:01:38.819+0000] {logging_mixin.py:188} WARNING - 2026-06-21 23:01:38 [INFO] tif ok (bands=24): /opt/***/era5/ecmwf/data/tif/2026/06/16/t2m_20260616.tif
[2026-06-21T23:01:38.819+0000] {era5_functions.py:304} INFO - tif ok (bands=24): /opt/***/era5/ecmwf/data/tif/2026/06/16/t2m_20260616.tif
[2026-06-21T23:01:38.835+0000] {logging_mixin.py:188} WARNING - 2026-06-21 23:01:38 [INFO] tif outdated (tif=23 < nc=24), removing: /opt/***/era5/ecmwf/data/tif/2026/06/16/d2m_20260616.tif
[2026-06-21T23:01:38.835+0000] {era5_functions.py:261} INFO - tif outdated (tif=23 < nc=24), removing: /opt/***/era5/ecmwf/data/tif/2026/06/16/d2m_20260616.tif
[2026-06-21T23:01:38.950+0000] {logging_mixin.py:188} WARNING - 2026-06-21 23:01:38 [INFO] tif ok (bands=24): /opt/***/era5/ecmwf/data/tif/2026/06/16/d2m_20260616.tif
[2026-06-21T23:01:38.949+0000] {era5_functions.py:304} INFO - tif ok (bands=24): /opt/***/era5/ecmwf/data/tif/2026/06/16/d2m_20260616.tif
[2026-06-21T23:01:38.969+0000] {logging_mixin.py:188} WARNING - 2026-06-21 23:01:38 [INFO] tif outdated (tif=23 < nc=24), removing: /opt/***/era5/ecmwf/data/tif/2026/06/16/sp_20260616.tif
[2026-06-21T23:01:38.968+0000] {era5_functions.py:261} INFO - tif outdated (tif=23 < nc=24), removing: /opt/***/era5/ecmwf/data/tif/2026/06/16/sp_20260616.tif
[2026-06-21T23:01:39.086+0000] {logging_mixin.py:188} WARNING - 2026-06-21 23:01:39 [INFO] tif ok (bands=24): /opt/***/era5/ecmwf/data/tif/2026/06/16/sp_20260616.tif
[2026-06-21T23:01:39.086+0000] {era5_functions.py:304} INFO - tif ok (bands=24): /opt/***/era5/ecmwf/data/tif/2026/06/16/sp_20260616.tif
[2026-06-21T23:01:39.111+0000] {logging_mixin.py:188} WARNING - 2026-06-21 23:01:39 [INFO] tif outdated (tif=23 < nc=24), removing: /opt/***/era5/ecmwf/data/tif/2026/06/16/blh_20260616.tif
[2026-06-21T23:01:39.111+0000] {era5_functions.py:261} INFO - tif outdated (tif=23 < nc=24), removing: /opt/***/era5/ecmwf/data/tif/2026/06/16/blh_20260616.tif
[2026-06-21T23:01:39.242+0000] {logging_mixin.py:188} WARNING - 2026-06-21 23:01:39 [INFO] tif ok (bands=24): /opt/***/era5/ecmwf/data/tif/2026/06/16/blh_20260616.tif
[2026-06-21T23:01:39.242+0000] {era5_functions.py:304} INFO - tif ok (bands=24): /opt/***/era5/ecmwf/data/tif/2026/06/16/blh_20260616.tif
[2026-06-21T23:01:39.263+0000] {logging_mixin.py:188} WARNING - 2026-06-21 23:01:39 [INFO] tif outdated (tif=23 < nc=24), removing: /opt/***/era5/ecmwf/data/tif/2026/06/16/u10_20260616.tif
[2026-06-21T23:01:39.263+0000] {era5_functions.py:261} INFO - tif outdated (tif=23 < nc=24), removing: /opt/***/era5/ecmwf/data/tif/2026/06/16/u10_20260616.tif
[2026-06-21T23:01:39.394+0000] {logging_mixin.py:188} WARNING - 2026-06-21 23:01:39 [INFO] tif ok (bands=24): /opt/***/era5/ecmwf/data/tif/2026/06/16/u10_20260616.tif
[2026-06-21T23:01:39.394+0000] {era5_functions.py:304} INFO - tif ok (bands=24): /opt/***/era5/ecmwf/data/tif/2026/06/16/u10_20260616.tif
[2026-06-21T23:01:39.411+0000] {logging_mixin.py:188} WARNING - 2026-06-21 23:01:39 [INFO] tif outdated (tif=23 < nc=24), removing: /opt/***/era5/ecmwf/data/tif/2026/06/16/v10_20260616.tif
[2026-06-21T23:01:39.411+0000] {era5_functions.py:261} INFO - tif outdated (tif=23 < nc=24), removing: /opt/***/era5/ecmwf/data/tif/2026/06/16/v10_20260616.tif
[2026-06-21T23:01:39.526+0000] {logging_mixin.py:188} WARNING - 2026-06-21 23:01:39 [INFO] tif ok (bands=24): /opt/***/era5/ecmwf/data/tif/2026/06/16/v10_20260616.tif
[2026-06-21T23:01:39.526+0000] {era5_functions.py:304} INFO - tif ok (bands=24): /opt/***/era5/ecmwf/data/tif/2026/06/16/v10_20260616.tif
[2026-06-21T23:01:39.532+0000] {logging_mixin.py:188} WARNING - 2026-06-21 23:01:39 [INFO] === END job=instant date=2026-06-21 ===
[2026-06-21T23:01:39.532+0000] {era5_functions.py:379} INFO - === END job=instant date=2026-06-21 ===
[2026-06-21T23:01:39.534+0000] {python.py:237} INFO - Done. Returned value was: None
[2026-06-21T23:01:39.535+0000] {taskinstance.py:441} INFO - ::group::Post task execution logs
[2026-06-21T23:01:39.547+0000] {taskinstance.py:1206} INFO - Marking task as SUCCESS. dag_id=era5_download_pipeline, task_id=era5_instant, run_id=scheduled__2026-06-21T22:00:00+00:00, execution_date=20260621T220000, start_date=20260621T230002, end_date=20260621T230139
[2026-06-21T23:01:39.610+0000] {local_task_job_runner.py:240} INFO - Task exited with return code 0
[2026-06-21T23:01:39.634+0000] {taskinstance.py:3498} INFO - 1 downstream tasks scheduled from follow-on schedule check
[2026-06-21T23:01:39.637+0000] {local_task_job_runner.py:222} INFO - ::endgroup::
