[2026-06-19T15:01:33.190+0000] {local_task_job_runner.py:120} INFO - ::group::Pre task execution logs
[2026-06-19T15:01:33.221+0000] {taskinstance.py:2076} INFO - Dependencies all met for dep_context=non-requeueable deps ti=<TaskInstance: era5_download_pipeline.era5_accum scheduled__2026-06-19T14:00:00+00:00 [queued]>
[2026-06-19T15:01:33.234+0000] {taskinstance.py:2076} INFO - Dependencies all met for dep_context=requeueable deps ti=<TaskInstance: era5_download_pipeline.era5_accum scheduled__2026-06-19T14:00:00+00:00 [queued]>
[2026-06-19T15:01:33.236+0000] {taskinstance.py:2306} INFO - Starting attempt 1 of 1
[2026-06-19T15:01:33.252+0000] {taskinstance.py:2330} INFO - Executing <Task(PythonOperator): era5_accum> on 2026-06-19 14:00:00+00:00
[2026-06-19T15:01:33.263+0000] {warnings.py:110} WARNING - /home/***/.local/lib/python3.12/site-packages/***/task/task_runner/standard_task_runner.py:61: DeprecationWarning: This process (pid=154011) is multi-threaded, use of fork() may lead to deadlocks in the child.
  pid = os.fork()

[2026-06-19T15:01:33.267+0000] {standard_task_runner.py:63} INFO - Started process 154013 to run task
[2026-06-19T15:01:33.265+0000] {standard_task_runner.py:90} INFO - Running: ['***', 'tasks', 'run', 'era5_download_pipeline', 'era5_accum', 'scheduled__2026-06-19T14:00:00+00:00', '--job-id', '1926', '--raw', '--subdir', 'DAGS_FOLDER/era5_dag.py', '--cfg-path', '/tmp/tmp3zrxqs4x']
[2026-06-19T15:01:33.269+0000] {standard_task_runner.py:91} INFO - Job 1926: Subtask era5_accum
[2026-06-19T15:01:33.348+0000] {task_command.py:426} INFO - Running <TaskInstance: era5_download_pipeline.era5_accum scheduled__2026-06-19T14:00:00+00:00 [running]> on host 01cd476fb21a
[2026-06-19T15:01:33.468+0000] {taskinstance.py:2648} INFO - Exporting env vars: AIRFLOW_CTX_DAG_OWNER='era5' AIRFLOW_CTX_DAG_ID='era5_download_pipeline' AIRFLOW_CTX_TASK_ID='era5_accum' AIRFLOW_CTX_EXECUTION_DATE='2026-06-19T14:00:00+00:00' AIRFLOW_CTX_TRY_NUMBER='1' AIRFLOW_CTX_DAG_RUN_ID='scheduled__2026-06-19T14:00:00+00:00'
[2026-06-19T15:01:33.472+0000] {taskinstance.py:430} INFO - ::endgroup::
[2026-06-19T15:01:34.536+0000] {logging_mixin.py:188} WARNING - 2026-06-19 15:01:34 [INFO] === START job=accum date=2026-06-19 ===
[2026-06-19T15:01:34.535+0000] {era5_functions.py:368} INFO - === START job=accum date=2026-06-19 ===
[2026-06-19T15:01:34.539+0000] {logging_mixin.py:188} WARNING - 2026-06-19 15:01:34 [INFO] --- job=accum date=20260619 ---
[2026-06-19T15:01:34.539+0000] {era5_functions.py:330} INFO - --- job=accum date=20260619 ---
[2026-06-19T15:01:35.126+0000] {logging_mixin.py:188} WARNING - 2026-06-19 15:01:35 [WARNING] get_cds_count failed: 400 Client Error: Bad Request for url: https://cds.climate.copernicus.eu/api/retrieve/v1/processes/reanalysis-era5-single-levels/execution
invalid request
None of the data you have requested is available yet, please revise the period requested. The latest date available for this dataset is: 2026-06-14 15:00
[2026-06-19T15:01:35.126+0000] {era5_functions.py:131} WARNING - get_cds_count failed: 400 Client Error: Bad Request for url: https://cds.climate.copernicus.eu/api/retrieve/v1/processes/reanalysis-era5-single-levels/execution
invalid request
None of the data you have requested is available yet, please revise the period requested. The latest date available for this dataset is: 2026-06-14 15:00
[2026-06-19T15:01:35.129+0000] {logging_mixin.py:188} WARNING - 2026-06-19 15:01:35 [WARNING] CDS ยังไม่มีข้อมูล job=accum date=20260619, skip
[2026-06-19T15:01:35.129+0000] {era5_functions.py:335} WARNING - CDS ยังไม่มีข้อมูล job=accum date=20260619, skip
[2026-06-19T15:01:35.131+0000] {logging_mixin.py:188} WARNING - 2026-06-19 15:01:35 [INFO] --- job=accum date=20260618 ---
[2026-06-19T15:01:35.131+0000] {era5_functions.py:330} INFO - --- job=accum date=20260618 ---
[2026-06-19T15:01:35.820+0000] {logging_mixin.py:188} WARNING - 2026-06-19 15:01:35 [WARNING] get_cds_count failed: 400 Client Error: Bad Request for url: https://cds.climate.copernicus.eu/api/retrieve/v1/processes/reanalysis-era5-single-levels/execution
invalid request
None of the data you have requested is available yet, please revise the period requested. The latest date available for this dataset is: 2026-06-14 15:00
[2026-06-19T15:01:35.820+0000] {era5_functions.py:131} WARNING - get_cds_count failed: 400 Client Error: Bad Request for url: https://cds.climate.copernicus.eu/api/retrieve/v1/processes/reanalysis-era5-single-levels/execution
invalid request
None of the data you have requested is available yet, please revise the period requested. The latest date available for this dataset is: 2026-06-14 15:00
[2026-06-19T15:01:35.823+0000] {logging_mixin.py:188} WARNING - 2026-06-19 15:01:35 [WARNING] CDS ยังไม่มีข้อมูล job=accum date=20260618, skip
[2026-06-19T15:01:35.823+0000] {era5_functions.py:335} WARNING - CDS ยังไม่มีข้อมูล job=accum date=20260618, skip
[2026-06-19T15:01:35.825+0000] {logging_mixin.py:188} WARNING - 2026-06-19 15:01:35 [INFO] --- job=accum date=20260617 ---
[2026-06-19T15:01:35.825+0000] {era5_functions.py:330} INFO - --- job=accum date=20260617 ---
[2026-06-19T15:01:37.823+0000] {logging_mixin.py:188} WARNING - 2026-06-19 15:01:37 [WARNING] get_cds_count failed: 400 Client Error: Bad Request for url: https://cds.climate.copernicus.eu/api/retrieve/v1/processes/reanalysis-era5-single-levels/execution
invalid request
None of the data you have requested is available yet, please revise the period requested. The latest date available for this dataset is: 2026-06-14 15:00
[2026-06-19T15:01:37.822+0000] {era5_functions.py:131} WARNING - get_cds_count failed: 400 Client Error: Bad Request for url: https://cds.climate.copernicus.eu/api/retrieve/v1/processes/reanalysis-era5-single-levels/execution
invalid request
None of the data you have requested is available yet, please revise the period requested. The latest date available for this dataset is: 2026-06-14 15:00
[2026-06-19T15:01:37.825+0000] {logging_mixin.py:188} WARNING - 2026-06-19 15:01:37 [WARNING] CDS ยังไม่มีข้อมูล job=accum date=20260617, skip
[2026-06-19T15:01:37.825+0000] {era5_functions.py:335} WARNING - CDS ยังไม่มีข้อมูล job=accum date=20260617, skip
[2026-06-19T15:01:37.827+0000] {logging_mixin.py:188} WARNING - 2026-06-19 15:01:37 [INFO] --- job=accum date=20260616 ---
[2026-06-19T15:01:37.827+0000] {era5_functions.py:330} INFO - --- job=accum date=20260616 ---
[2026-06-19T15:01:38.414+0000] {logging_mixin.py:188} WARNING - 2026-06-19 15:01:38 [WARNING] get_cds_count failed: 400 Client Error: Bad Request for url: https://cds.climate.copernicus.eu/api/retrieve/v1/processes/reanalysis-era5-single-levels/execution
invalid request
None of the data you have requested is available yet, please revise the period requested. The latest date available for this dataset is: 2026-06-14 15:00
[2026-06-19T15:01:38.414+0000] {era5_functions.py:131} WARNING - get_cds_count failed: 400 Client Error: Bad Request for url: https://cds.climate.copernicus.eu/api/retrieve/v1/processes/reanalysis-era5-single-levels/execution
invalid request
None of the data you have requested is available yet, please revise the period requested. The latest date available for this dataset is: 2026-06-14 15:00
[2026-06-19T15:01:38.417+0000] {logging_mixin.py:188} WARNING - 2026-06-19 15:01:38 [WARNING] CDS ยังไม่มีข้อมูล job=accum date=20260616, skip
[2026-06-19T15:01:38.417+0000] {era5_functions.py:335} WARNING - CDS ยังไม่มีข้อมูล job=accum date=20260616, skip
[2026-06-19T15:01:38.418+0000] {logging_mixin.py:188} WARNING - 2026-06-19 15:01:38 [INFO] --- job=accum date=20260615 ---
[2026-06-19T15:01:38.418+0000] {era5_functions.py:330} INFO - --- job=accum date=20260615 ---
[2026-06-19T15:01:39.476+0000] {logging_mixin.py:188} WARNING - 2026-06-19 15:01:39 [WARNING] get_cds_count failed: 400 Client Error: Bad Request for url: https://cds.climate.copernicus.eu/api/retrieve/v1/processes/reanalysis-era5-single-levels/execution
invalid request
None of the data you have requested is available yet, please revise the period requested. The latest date available for this dataset is: 2026-06-14 15:00
[2026-06-19T15:01:39.475+0000] {era5_functions.py:131} WARNING - get_cds_count failed: 400 Client Error: Bad Request for url: https://cds.climate.copernicus.eu/api/retrieve/v1/processes/reanalysis-era5-single-levels/execution
invalid request
None of the data you have requested is available yet, please revise the period requested. The latest date available for this dataset is: 2026-06-14 15:00
[2026-06-19T15:01:39.481+0000] {logging_mixin.py:188} WARNING - 2026-06-19 15:01:39 [WARNING] CDS ยังไม่มีข้อมูล job=accum date=20260615, skip
[2026-06-19T15:01:39.481+0000] {era5_functions.py:335} WARNING - CDS ยังไม่มีข้อมูล job=accum date=20260615, skip
[2026-06-19T15:01:39.486+0000] {logging_mixin.py:188} WARNING - 2026-06-19 15:01:39 [INFO] --- job=accum date=20260614 ---
[2026-06-19T15:01:39.485+0000] {era5_functions.py:330} INFO - --- job=accum date=20260614 ---
[2026-06-19T15:01:40.296+0000] {logging_mixin.py:188} WARNING - 2026-06-19 15:01:40,295 INFO [2025-12-11T00:00:00] Please note that a dedicated catalogue entry for this dataset, post-processed and stored in Analysis Ready Cloud Optimized (ARCO) format (Zarr), is available for optimised time-series retrievals (i.e. for retrieving data from selected variables for a single point over an extended period of time in an efficient way). You can discover it [here](https://cds.climate.copernicus.eu/datasets/reanalysis-era5-single-levels-timeseries?tab=overview)
[2026-06-19T15:01:40.295+0000] {legacy_client.py:192} INFO - [2025-12-11T00:00:00] Please note that a dedicated catalogue entry for this dataset, post-processed and stored in Analysis Ready Cloud Optimized (ARCO) format (Zarr), is available for optimised time-series retrievals (i.e. for retrieving data from selected variables for a single point over an extended period of time in an efficient way). You can discover it [here](https://cds.climate.copernicus.eu/datasets/reanalysis-era5-single-levels-timeseries?tab=overview)
[2026-06-19T15:01:40.301+0000] {logging_mixin.py:188} WARNING - 2026-06-19 15:01:40,301 INFO Request ID is e180c8a5-b61c-489a-a08d-810379458799
[2026-06-19T15:01:40.301+0000] {legacy_client.py:192} INFO - Request ID is e180c8a5-b61c-489a-a08d-810379458799
[2026-06-19T15:01:40.526+0000] {logging_mixin.py:188} WARNING - 2026-06-19 15:01:40,526 INFO status has been updated to accepted
[2026-06-19T15:01:40.526+0000] {legacy_client.py:192} INFO - status has been updated to accepted
[2026-06-19T15:02:14.184+0000] {logging_mixin.py:188} WARNING - 2026-06-19 15:02:14,184 INFO status has been updated to successful
[2026-06-19T15:02:14.184+0000] {legacy_client.py:192} INFO - status has been updated to successful
[2026-06-19T15:02:14.625+0000] {base.py:119} INFO - Downloading https://object-store.os-api.cci2.ecmwf.int:443/cci2-prod-cache-3/2026-06-19/cee1e69ec2348b99bef163a39ac222a1.nc
[2026-06-19T15:02:15.333+0000] {logging_mixin.py:188} WARNING - cee1e69ec2348b99bef163a39ac222a1.nc:   0%|          | 0.00/236k [00:00<?, ?B/s]
[2026-06-19T15:02:17.045+0000] {logging_mixin.py:188} WARNING - cee1e69ec2348b99bef163a39ac222a1.nc: 100%|##########| 236k/236k [00:01<00:00, 141kB/s]
[2026-06-19T15:02:17.051+0000] {logging_mixin.py:188} WARNING -                                                                                       
[2026-06-19T15:02:17.322+0000] {logging_mixin.py:188} WARNING - 2026-06-19 15:02:17 [INFO] CDS timestep available: 16
[2026-06-19T15:02:17.322+0000] {era5_functions.py:128} INFO - CDS timestep available: 16
[2026-06-19T15:02:17.379+0000] {logging_mixin.py:188} WARNING - 2026-06-19 15:02:17 [INFO] local timestep: 15 — /opt/***/era5/ecmwf/data/nc/_raw/2026/06/14/accum_20260614.nc
[2026-06-19T15:02:17.378+0000] {era5_functions.py:152} INFO - local timestep: 15 — /opt/***/era5/ecmwf/data/nc/_raw/2026/06/14/accum_20260614.nc
[2026-06-19T15:02:17.386+0000] {logging_mixin.py:188} WARNING - 2026-06-19 15:02:17 [INFO] nc outdated (local=15 < cds=16), removing: /opt/***/era5/ecmwf/data/nc/_raw/2026/06/14/accum_20260614.nc
[2026-06-19T15:02:17.386+0000] {era5_functions.py:193} INFO - nc outdated (local=15 < cds=16), removing: /opt/***/era5/ecmwf/data/nc/_raw/2026/06/14/accum_20260614.nc
[2026-06-19T15:02:17.408+0000] {logging_mixin.py:188} WARNING - 2026-06-19 15:02:17 [INFO] download attempt 1/3: /opt/***/era5/ecmwf/data/nc/_raw/2026/06/14/accum_20260614.nc
[2026-06-19T15:02:17.408+0000] {era5_functions.py:200} INFO - download attempt 1/3: /opt/***/era5/ecmwf/data/nc/_raw/2026/06/14/accum_20260614.nc
[2026-06-19T15:02:18.816+0000] {logging_mixin.py:188} WARNING - 2026-06-19 15:02:18,816 INFO [2025-12-11T00:00:00] Please note that a dedicated catalogue entry for this dataset, post-processed and stored in Analysis Ready Cloud Optimized (ARCO) format (Zarr), is available for optimised time-series retrievals (i.e. for retrieving data from selected variables for a single point over an extended period of time in an efficient way). You can discover it [here](https://cds.climate.copernicus.eu/datasets/reanalysis-era5-single-levels-timeseries?tab=overview)
[2026-06-19T15:02:18.816+0000] {legacy_client.py:192} INFO - [2025-12-11T00:00:00] Please note that a dedicated catalogue entry for this dataset, post-processed and stored in Analysis Ready Cloud Optimized (ARCO) format (Zarr), is available for optimised time-series retrievals (i.e. for retrieving data from selected variables for a single point over an extended period of time in an efficient way). You can discover it [here](https://cds.climate.copernicus.eu/datasets/reanalysis-era5-single-levels-timeseries?tab=overview)
[2026-06-19T15:02:18.823+0000] {logging_mixin.py:188} WARNING - 2026-06-19 15:02:18,822 INFO Request ID is da3e2c00-abab-4b55-9249-f96a19c25eb5
[2026-06-19T15:02:18.822+0000] {legacy_client.py:192} INFO - Request ID is da3e2c00-abab-4b55-9249-f96a19c25eb5
[2026-06-19T15:02:19.051+0000] {logging_mixin.py:188} WARNING - 2026-06-19 15:02:19,050 INFO status has been updated to accepted
[2026-06-19T15:02:19.050+0000] {legacy_client.py:192} INFO - status has been updated to accepted
[2026-06-19T15:02:33.411+0000] {logging_mixin.py:188} WARNING - 2026-06-19 15:02:33,410 INFO status has been updated to running
[2026-06-19T15:02:33.410+0000] {legacy_client.py:192} INFO - status has been updated to running
[2026-06-19T15:02:41.234+0000] {logging_mixin.py:188} WARNING - 2026-06-19 15:02:41,233 INFO status has been updated to successful
[2026-06-19T15:02:41.233+0000] {legacy_client.py:192} INFO - status has been updated to successful
[2026-06-19T15:02:41.661+0000] {base.py:119} INFO - Downloading https://object-store.os-api.cci2.ecmwf.int:443/cci2-prod-cache-2/2026-06-19/c666938e7beaa2cd8f0b5cbd6e22c2ea.nc
[2026-06-19T15:02:42.371+0000] {logging_mixin.py:188} WARNING - c666938e7beaa2cd8f0b5cbd6e22c2ea.nc:   0%|          | 0.00/236k [00:00<?, ?B/s]
[2026-06-19T15:02:43.791+0000] {logging_mixin.py:188} WARNING - c666938e7beaa2cd8f0b5cbd6e22c2ea.nc: 100%|##########| 236k/236k [00:01<00:00, 170kB/s]
[2026-06-19T15:02:43.809+0000] {logging_mixin.py:188} WARNING -                                                                                       
[2026-06-19T15:02:43.900+0000] {logging_mixin.py:188} WARNING - 2026-06-19 15:02:43 [INFO] nc downloaded ok: /opt/***/era5/ecmwf/data/nc/_raw/2026/06/14/accum_20260614.nc
[2026-06-19T15:02:43.900+0000] {era5_functions.py:204} INFO - nc downloaded ok: /opt/***/era5/ecmwf/data/nc/_raw/2026/06/14/accum_20260614.nc
[2026-06-19T15:02:43.958+0000] {logging_mixin.py:188} WARNING - 2026-06-19 15:02:43 [INFO] local timestep: 16 — /opt/***/era5/ecmwf/data/nc/_raw/2026/06/14/accum_20260614.nc
[2026-06-19T15:02:43.957+0000] {era5_functions.py:152} INFO - local timestep: 16 — /opt/***/era5/ecmwf/data/nc/_raw/2026/06/14/accum_20260614.nc
[2026-06-19T15:02:44.035+0000] {logging_mixin.py:188} WARNING - 2026-06-19 15:02:44 [INFO] tif outdated (tif=15 < nc=16), removing: /opt/***/era5/ecmwf/data/tif/2026/06/14/tp_20260614.tif
[2026-06-19T15:02:44.035+0000] {era5_functions.py:261} INFO - tif outdated (tif=15 < nc=16), removing: /opt/***/era5/ecmwf/data/tif/2026/06/14/tp_20260614.tif
[2026-06-19T15:02:44.140+0000] {logging_mixin.py:188} WARNING - 2026-06-19 15:02:44 [INFO] tif ok (bands=16): /opt/***/era5/ecmwf/data/tif/2026/06/14/tp_20260614.tif
[2026-06-19T15:02:44.140+0000] {era5_functions.py:304} INFO - tif ok (bands=16): /opt/***/era5/ecmwf/data/tif/2026/06/14/tp_20260614.tif
[2026-06-19T15:02:44.146+0000] {logging_mixin.py:188} WARNING - 2026-06-19 15:02:44 [INFO] === END job=accum date=2026-06-19 ===
[2026-06-19T15:02:44.146+0000] {era5_functions.py:379} INFO - === END job=accum date=2026-06-19 ===
[2026-06-19T15:02:44.147+0000] {python.py:237} INFO - Done. Returned value was: None
[2026-06-19T15:02:44.148+0000] {taskinstance.py:441} INFO - ::group::Post task execution logs
[2026-06-19T15:02:44.161+0000] {taskinstance.py:1206} INFO - Marking task as SUCCESS. dag_id=era5_download_pipeline, task_id=era5_accum, run_id=scheduled__2026-06-19T14:00:00+00:00, execution_date=20260619T140000, start_date=20260619T150133, end_date=20260619T150244
[2026-06-19T15:02:44.245+0000] {local_task_job_runner.py:240} INFO - Task exited with return code 0
[2026-06-19T15:02:44.273+0000] {taskinstance.py:3498} INFO - 0 downstream tasks scheduled from follow-on schedule check
[2026-06-19T15:02:44.277+0000] {local_task_job_runner.py:222} INFO - ::endgroup::
