[2026-07-18T14:02:57.328+0000] {local_task_job_runner.py:120} INFO - ::group::Pre task execution logs
[2026-07-18T14:02:57.357+0000] {taskinstance.py:2076} INFO - Dependencies all met for dep_context=non-requeueable deps ti=<TaskInstance: era5_download_pipeline.era5_accum scheduled__2026-07-18T13:00:00+00:00 [queued]>
[2026-07-18T14:02:57.370+0000] {taskinstance.py:2076} INFO - Dependencies all met for dep_context=requeueable deps ti=<TaskInstance: era5_download_pipeline.era5_accum scheduled__2026-07-18T13:00:00+00:00 [queued]>
[2026-07-18T14:02:57.372+0000] {taskinstance.py:2306} INFO - Starting attempt 1 of 1
[2026-07-18T14:02:57.388+0000] {taskinstance.py:2330} INFO - Executing <Task(PythonOperator): era5_accum> on 2026-07-18 13:00:00+00:00
[2026-07-18T14:02:57.400+0000] {warnings.py:110} WARNING - /home/***/.local/lib/python3.12/site-packages/***/task/task_runner/standard_task_runner.py:61: DeprecationWarning: This process (pid=26585) is multi-threaded, use of fork() may lead to deadlocks in the child.
  pid = os.fork()

[2026-07-18T14:02:57.403+0000] {standard_task_runner.py:90} INFO - Running: ['***', 'tasks', 'run', 'era5_download_pipeline', 'era5_accum', 'scheduled__2026-07-18T13:00:00+00:00', '--job-id', '2348', '--raw', '--subdir', 'DAGS_FOLDER/era5_dag.py', '--cfg-path', '/tmp/tmp_i14_2qe']
[2026-07-18T14:02:57.406+0000] {standard_task_runner.py:63} INFO - Started process 26587 to run task
[2026-07-18T14:02:57.407+0000] {standard_task_runner.py:91} INFO - Job 2348: Subtask era5_accum
[2026-07-18T14:02:57.474+0000] {task_command.py:426} INFO - Running <TaskInstance: era5_download_pipeline.era5_accum scheduled__2026-07-18T13:00:00+00:00 [running]> on host 01cd476fb21a
[2026-07-18T14:02:57.616+0000] {taskinstance.py:2648} INFO - Exporting env vars: AIRFLOW_CTX_DAG_OWNER='era5' AIRFLOW_CTX_DAG_ID='era5_download_pipeline' AIRFLOW_CTX_TASK_ID='era5_accum' AIRFLOW_CTX_EXECUTION_DATE='2026-07-18T13:00:00+00:00' AIRFLOW_CTX_TRY_NUMBER='1' AIRFLOW_CTX_DAG_RUN_ID='scheduled__2026-07-18T13:00:00+00:00'
[2026-07-18T14:02:57.618+0000] {taskinstance.py:430} INFO - ::endgroup::
[2026-07-18T14:02:58.801+0000] {logging_mixin.py:188} WARNING - 2026-07-18 14:02:58 [INFO] === START job=accum date=2026-07-18 ===
[2026-07-18T14:02:58.800+0000] {era5_functions.py:368} INFO - === START job=accum date=2026-07-18 ===
[2026-07-18T14:02:58.804+0000] {logging_mixin.py:188} WARNING - 2026-07-18 14:02:58 [INFO] --- job=accum date=20260718 ---
[2026-07-18T14:02:58.804+0000] {era5_functions.py:330} INFO - --- job=accum date=20260718 ---
[2026-07-18T14:02:59.440+0000] {logging_mixin.py:188} WARNING - 2026-07-18 14:02:59 [WARNING] get_cds_count failed: 400 Client Error: Bad Request for url: https://cds.climate.copernicus.eu/api/retrieve/v1/processes/reanalysis-era5-single-levels/execution
invalid request
None of the data you have requested is available yet, please revise the period requested. The latest date available for this dataset is: 2026-07-13 14:00
[2026-07-18T14:02:59.440+0000] {era5_functions.py:131} WARNING - get_cds_count failed: 400 Client Error: Bad Request for url: https://cds.climate.copernicus.eu/api/retrieve/v1/processes/reanalysis-era5-single-levels/execution
invalid request
None of the data you have requested is available yet, please revise the period requested. The latest date available for this dataset is: 2026-07-13 14:00
[2026-07-18T14:02:59.446+0000] {logging_mixin.py:188} WARNING - 2026-07-18 14:02:59 [WARNING] CDS ยังไม่มีข้อมูล job=accum date=20260718, skip
[2026-07-18T14:02:59.445+0000] {era5_functions.py:335} WARNING - CDS ยังไม่มีข้อมูล job=accum date=20260718, skip
[2026-07-18T14:02:59.450+0000] {logging_mixin.py:188} WARNING - 2026-07-18 14:02:59 [INFO] --- job=accum date=20260717 ---
[2026-07-18T14:02:59.450+0000] {era5_functions.py:330} INFO - --- job=accum date=20260717 ---
[2026-07-18T14:03:00.090+0000] {logging_mixin.py:188} WARNING - 2026-07-18 14:03:00 [WARNING] get_cds_count failed: 400 Client Error: Bad Request for url: https://cds.climate.copernicus.eu/api/retrieve/v1/processes/reanalysis-era5-single-levels/execution
invalid request
None of the data you have requested is available yet, please revise the period requested. The latest date available for this dataset is: 2026-07-13 14:00
[2026-07-18T14:03:00.090+0000] {era5_functions.py:131} WARNING - get_cds_count failed: 400 Client Error: Bad Request for url: https://cds.climate.copernicus.eu/api/retrieve/v1/processes/reanalysis-era5-single-levels/execution
invalid request
None of the data you have requested is available yet, please revise the period requested. The latest date available for this dataset is: 2026-07-13 14:00
[2026-07-18T14:03:00.093+0000] {logging_mixin.py:188} WARNING - 2026-07-18 14:03:00 [WARNING] CDS ยังไม่มีข้อมูล job=accum date=20260717, skip
[2026-07-18T14:03:00.093+0000] {era5_functions.py:335} WARNING - CDS ยังไม่มีข้อมูล job=accum date=20260717, skip
[2026-07-18T14:03:00.097+0000] {logging_mixin.py:188} WARNING - 2026-07-18 14:03:00 [INFO] --- job=accum date=20260716 ---
[2026-07-18T14:03:00.097+0000] {era5_functions.py:330} INFO - --- job=accum date=20260716 ---
[2026-07-18T14:03:00.698+0000] {logging_mixin.py:188} WARNING - 2026-07-18 14:03:00 [WARNING] get_cds_count failed: 400 Client Error: Bad Request for url: https://cds.climate.copernicus.eu/api/retrieve/v1/processes/reanalysis-era5-single-levels/execution
invalid request
None of the data you have requested is available yet, please revise the period requested. The latest date available for this dataset is: 2026-07-13 14:00
[2026-07-18T14:03:00.698+0000] {era5_functions.py:131} WARNING - get_cds_count failed: 400 Client Error: Bad Request for url: https://cds.climate.copernicus.eu/api/retrieve/v1/processes/reanalysis-era5-single-levels/execution
invalid request
None of the data you have requested is available yet, please revise the period requested. The latest date available for this dataset is: 2026-07-13 14:00
[2026-07-18T14:03:00.703+0000] {logging_mixin.py:188} WARNING - 2026-07-18 14:03:00 [WARNING] CDS ยังไม่มีข้อมูล job=accum date=20260716, skip
[2026-07-18T14:03:00.702+0000] {era5_functions.py:335} WARNING - CDS ยังไม่มีข้อมูล job=accum date=20260716, skip
[2026-07-18T14:03:00.708+0000] {logging_mixin.py:188} WARNING - 2026-07-18 14:03:00 [INFO] --- job=accum date=20260715 ---
[2026-07-18T14:03:00.708+0000] {era5_functions.py:330} INFO - --- job=accum date=20260715 ---
[2026-07-18T14:03:01.278+0000] {logging_mixin.py:188} WARNING - 2026-07-18 14:03:01 [WARNING] get_cds_count failed: 400 Client Error: Bad Request for url: https://cds.climate.copernicus.eu/api/retrieve/v1/processes/reanalysis-era5-single-levels/execution
invalid request
None of the data you have requested is available yet, please revise the period requested. The latest date available for this dataset is: 2026-07-13 14:00
[2026-07-18T14:03:01.278+0000] {era5_functions.py:131} WARNING - get_cds_count failed: 400 Client Error: Bad Request for url: https://cds.climate.copernicus.eu/api/retrieve/v1/processes/reanalysis-era5-single-levels/execution
invalid request
None of the data you have requested is available yet, please revise the period requested. The latest date available for this dataset is: 2026-07-13 14:00
[2026-07-18T14:03:01.284+0000] {logging_mixin.py:188} WARNING - 2026-07-18 14:03:01 [WARNING] CDS ยังไม่มีข้อมูล job=accum date=20260715, skip
[2026-07-18T14:03:01.284+0000] {era5_functions.py:335} WARNING - CDS ยังไม่มีข้อมูล job=accum date=20260715, skip
[2026-07-18T14:03:01.288+0000] {logging_mixin.py:188} WARNING - 2026-07-18 14:03:01 [INFO] --- job=accum date=20260714 ---
[2026-07-18T14:03:01.288+0000] {era5_functions.py:330} INFO - --- job=accum date=20260714 ---
[2026-07-18T14:03:03.514+0000] {logging_mixin.py:188} WARNING - 2026-07-18 14:03:03 [WARNING] get_cds_count failed: 400 Client Error: Bad Request for url: https://cds.climate.copernicus.eu/api/retrieve/v1/processes/reanalysis-era5-single-levels/execution
invalid request
None of the data you have requested is available yet, please revise the period requested. The latest date available for this dataset is: 2026-07-13 14:00
[2026-07-18T14:03:03.514+0000] {era5_functions.py:131} WARNING - get_cds_count failed: 400 Client Error: Bad Request for url: https://cds.climate.copernicus.eu/api/retrieve/v1/processes/reanalysis-era5-single-levels/execution
invalid request
None of the data you have requested is available yet, please revise the period requested. The latest date available for this dataset is: 2026-07-13 14:00
[2026-07-18T14:03:03.519+0000] {logging_mixin.py:188} WARNING - 2026-07-18 14:03:03 [WARNING] CDS ยังไม่มีข้อมูล job=accum date=20260714, skip
[2026-07-18T14:03:03.518+0000] {era5_functions.py:335} WARNING - CDS ยังไม่มีข้อมูล job=accum date=20260714, skip
[2026-07-18T14:03:03.521+0000] {logging_mixin.py:188} WARNING - 2026-07-18 14:03:03 [INFO] --- job=accum date=20260713 ---
[2026-07-18T14:03:03.521+0000] {era5_functions.py:330} INFO - --- job=accum date=20260713 ---
[2026-07-18T14:03:04.429+0000] {logging_mixin.py:188} WARNING - 2026-07-18 14:03:04,429 INFO Request ID is 436787aa-8d3f-4de1-a0e0-b3c507c877a2
[2026-07-18T14:03:04.429+0000] {legacy_client.py:192} INFO - Request ID is 436787aa-8d3f-4de1-a0e0-b3c507c877a2
[2026-07-18T14:03:04.633+0000] {logging_mixin.py:188} WARNING - 2026-07-18 14:03:04,632 INFO status has been updated to accepted
[2026-07-18T14:03:04.632+0000] {legacy_client.py:192} INFO - status has been updated to accepted
[2026-07-18T14:03:19.942+0000] {logging_mixin.py:188} WARNING - 2026-07-18 14:03:19,941 INFO status has been updated to running
[2026-07-18T14:03:19.941+0000] {legacy_client.py:192} INFO - status has been updated to running
[2026-07-18T14:03:27.762+0000] {logging_mixin.py:188} WARNING - 2026-07-18 14:03:27,762 INFO status has been updated to successful
[2026-07-18T14:03:27.762+0000] {legacy_client.py:192} INFO - status has been updated to successful
[2026-07-18T14:03:29.009+0000] {base.py:119} INFO - Downloading https://object-store.os-api.cci2.ecmwf.int:443/cci2-prod-cache-1/2026-07-18/fab5ad533b9eccdd49b1de7377fa38fe.nc
[2026-07-18T14:03:29.739+0000] {logging_mixin.py:188} WARNING - fab5ad533b9eccdd49b1de7377fa38fe.nc:   0%|          | 0.00/240k [00:00<?, ?B/s]
[2026-07-18T14:03:31.169+0000] {logging_mixin.py:188} WARNING - fab5ad533b9eccdd49b1de7377fa38fe.nc: 100%|##########| 240k/240k [00:01<00:00, 172kB/s]
[2026-07-18T14:03:31.175+0000] {logging_mixin.py:188} WARNING -                                                                                       
[2026-07-18T14:03:31.439+0000] {logging_mixin.py:188} WARNING - 2026-07-18 14:03:31 [INFO] CDS timestep available: 15
[2026-07-18T14:03:31.439+0000] {era5_functions.py:128} INFO - CDS timestep available: 15
[2026-07-18T14:03:31.496+0000] {logging_mixin.py:188} WARNING - 2026-07-18 14:03:31 [INFO] local timestep: 14 — /opt/***/era5/ecmwf/data/nc/_raw/2026/07/13/accum_20260713.nc
[2026-07-18T14:03:31.496+0000] {era5_functions.py:152} INFO - local timestep: 14 — /opt/***/era5/ecmwf/data/nc/_raw/2026/07/13/accum_20260713.nc
[2026-07-18T14:03:31.504+0000] {logging_mixin.py:188} WARNING - 2026-07-18 14:03:31 [INFO] nc outdated (local=14 < cds=15), removing: /opt/***/era5/ecmwf/data/nc/_raw/2026/07/13/accum_20260713.nc
[2026-07-18T14:03:31.504+0000] {era5_functions.py:193} INFO - nc outdated (local=14 < cds=15), removing: /opt/***/era5/ecmwf/data/nc/_raw/2026/07/13/accum_20260713.nc
[2026-07-18T14:03:31.523+0000] {logging_mixin.py:188} WARNING - 2026-07-18 14:03:31 [INFO] download attempt 1/3: /opt/***/era5/ecmwf/data/nc/_raw/2026/07/13/accum_20260713.nc
[2026-07-18T14:03:31.523+0000] {era5_functions.py:200} INFO - download attempt 1/3: /opt/***/era5/ecmwf/data/nc/_raw/2026/07/13/accum_20260713.nc
[2026-07-18T14:03:32.537+0000] {logging_mixin.py:188} WARNING - 2026-07-18 14:03:32,537 INFO Request ID is a5ed5008-18f3-4991-882d-5c3752d019f9
[2026-07-18T14:03:32.537+0000] {legacy_client.py:192} INFO - Request ID is a5ed5008-18f3-4991-882d-5c3752d019f9
[2026-07-18T14:03:32.734+0000] {logging_mixin.py:188} WARNING - 2026-07-18 14:03:32,734 INFO status has been updated to accepted
[2026-07-18T14:03:32.734+0000] {legacy_client.py:192} INFO - status has been updated to accepted
[2026-07-18T14:03:46.977+0000] {logging_mixin.py:188} WARNING - 2026-07-18 14:03:46,977 INFO status has been updated to running
[2026-07-18T14:03:46.977+0000] {legacy_client.py:192} INFO - status has been updated to running
[2026-07-18T14:03:54.803+0000] {logging_mixin.py:188} WARNING - 2026-07-18 14:03:54,802 INFO status has been updated to successful
[2026-07-18T14:03:54.802+0000] {legacy_client.py:192} INFO - status has been updated to successful
[2026-07-18T14:03:55.220+0000] {base.py:119} INFO - Downloading https://object-store.os-api.cci2.ecmwf.int:443/cci2-prod-cache-1/2026-07-18/1fd659eec41899d9068eb5b9319ff8c9.nc
[2026-07-18T14:03:56.335+0000] {logging_mixin.py:188} WARNING - 1fd659eec41899d9068eb5b9319ff8c9.nc:   0%|          | 0.00/240k [00:00<?, ?B/s]
[2026-07-18T14:03:58.339+0000] {logging_mixin.py:188} WARNING - 1fd659eec41899d9068eb5b9319ff8c9.nc: 100%|##########| 240k/240k [00:02<00:00, 123kB/s]
[2026-07-18T14:03:58.357+0000] {logging_mixin.py:188} WARNING -                                                                                       
[2026-07-18T14:03:58.441+0000] {logging_mixin.py:188} WARNING - 2026-07-18 14:03:58 [INFO] nc downloaded ok: /opt/***/era5/ecmwf/data/nc/_raw/2026/07/13/accum_20260713.nc
[2026-07-18T14:03:58.441+0000] {era5_functions.py:204} INFO - nc downloaded ok: /opt/***/era5/ecmwf/data/nc/_raw/2026/07/13/accum_20260713.nc
[2026-07-18T14:03:58.488+0000] {logging_mixin.py:188} WARNING - 2026-07-18 14:03:58 [INFO] local timestep: 15 — /opt/***/era5/ecmwf/data/nc/_raw/2026/07/13/accum_20260713.nc
[2026-07-18T14:03:58.488+0000] {era5_functions.py:152} INFO - local timestep: 15 — /opt/***/era5/ecmwf/data/nc/_raw/2026/07/13/accum_20260713.nc
[2026-07-18T14:03:58.571+0000] {logging_mixin.py:188} WARNING - 2026-07-18 14:03:58 [INFO] tif outdated (tif=14 < nc=15), removing: /opt/***/era5/ecmwf/data/tif/2026/07/13/tp_20260713.tif
[2026-07-18T14:03:58.571+0000] {era5_functions.py:261} INFO - tif outdated (tif=14 < nc=15), removing: /opt/***/era5/ecmwf/data/tif/2026/07/13/tp_20260713.tif
[2026-07-18T14:03:58.666+0000] {logging_mixin.py:188} WARNING - 2026-07-18 14:03:58 [INFO] tif ok (bands=15): /opt/***/era5/ecmwf/data/tif/2026/07/13/tp_20260713.tif
[2026-07-18T14:03:58.666+0000] {era5_functions.py:304} INFO - tif ok (bands=15): /opt/***/era5/ecmwf/data/tif/2026/07/13/tp_20260713.tif
[2026-07-18T14:03:58.671+0000] {logging_mixin.py:188} WARNING - 2026-07-18 14:03:58 [INFO] === END job=accum date=2026-07-18 ===
[2026-07-18T14:03:58.671+0000] {era5_functions.py:379} INFO - === END job=accum date=2026-07-18 ===
[2026-07-18T14:03:58.673+0000] {python.py:237} INFO - Done. Returned value was: None
[2026-07-18T14:03:58.673+0000] {taskinstance.py:441} INFO - ::group::Post task execution logs
[2026-07-18T14:03:58.686+0000] {taskinstance.py:1206} INFO - Marking task as SUCCESS. dag_id=era5_download_pipeline, task_id=era5_accum, run_id=scheduled__2026-07-18T13:00:00+00:00, execution_date=20260718T130000, start_date=20260718T140257, end_date=20260718T140358
[2026-07-18T14:03:58.753+0000] {local_task_job_runner.py:240} INFO - Task exited with return code 0
[2026-07-18T14:03:58.779+0000] {taskinstance.py:3498} INFO - 0 downstream tasks scheduled from follow-on schedule check
[2026-07-18T14:03:58.784+0000] {local_task_job_runner.py:222} INFO - ::endgroup::
