[2026-06-07T15:00:01.832+0000] {local_task_job_runner.py:120} INFO - ::group::Pre task execution logs
[2026-06-07T15:00:01.856+0000] {taskinstance.py:2076} INFO - Dependencies all met for dep_context=non-requeueable deps ti=<TaskInstance: era5_download_pipeline.era5_instant scheduled__2026-06-07T14:00:00+00:00 [queued]>
[2026-06-07T15:00:01.865+0000] {taskinstance.py:2076} INFO - Dependencies all met for dep_context=requeueable deps ti=<TaskInstance: era5_download_pipeline.era5_instant scheduled__2026-06-07T14:00:00+00:00 [queued]>
[2026-06-07T15:00:01.866+0000] {taskinstance.py:2306} INFO - Starting attempt 1 of 1
[2026-06-07T15:00:01.887+0000] {taskinstance.py:2330} INFO - Executing <Task(PythonOperator): era5_instant> on 2026-06-07 14:00:00+00:00
[2026-06-07T15:00:01.900+0000] {warnings.py:110} WARNING - /home/***/.local/lib/python3.12/site-packages/***/task/task_runner/standard_task_runner.py:61: DeprecationWarning: This process (pid=99089) is multi-threaded, use of fork() may lead to deadlocks in the child.
  pid = os.fork()

[2026-06-07T15:00:01.903+0000] {standard_task_runner.py:63} INFO - Started process 99093 to run task
[2026-06-07T15:00:01.904+0000] {standard_task_runner.py:90} INFO - Running: ['***', 'tasks', 'run', 'era5_download_pipeline', 'era5_instant', 'scheduled__2026-06-07T14:00:00+00:00', '--job-id', '1138', '--raw', '--subdir', 'DAGS_FOLDER/era5_dag.py', '--cfg-path', '/tmp/tmp01bmnvdj']
[2026-06-07T15:00:01.908+0000] {standard_task_runner.py:91} INFO - Job 1138: Subtask era5_instant
[2026-06-07T15:00:01.984+0000] {task_command.py:426} INFO - Running <TaskInstance: era5_download_pipeline.era5_instant scheduled__2026-06-07T14:00:00+00:00 [running]> on host 01cd476fb21a
[2026-06-07T15:00:02.110+0000] {taskinstance.py:2648} INFO - Exporting env vars: AIRFLOW_CTX_DAG_OWNER='era5' AIRFLOW_CTX_DAG_ID='era5_download_pipeline' AIRFLOW_CTX_TASK_ID='era5_instant' AIRFLOW_CTX_EXECUTION_DATE='2026-06-07T14:00:00+00:00' AIRFLOW_CTX_TRY_NUMBER='1' AIRFLOW_CTX_DAG_RUN_ID='scheduled__2026-06-07T14:00:00+00:00'
[2026-06-07T15:00:02.114+0000] {taskinstance.py:430} INFO - ::endgroup::
[2026-06-07T15:00:03.179+0000] {logging_mixin.py:188} WARNING - 2026-06-07 15:00:03 [INFO] === START job=instant date=2026-06-07 ===
[2026-06-07T15:00:03.179+0000] {era5_functions.py:368} INFO - === START job=instant date=2026-06-07 ===
[2026-06-07T15:00:03.183+0000] {logging_mixin.py:188} WARNING - 2026-06-07 15:00:03 [INFO] --- job=instant date=20260607 ---
[2026-06-07T15:00:03.182+0000] {era5_functions.py:330} INFO - --- job=instant date=20260607 ---
[2026-06-07T15:00:05.149+0000] {logging_mixin.py:188} WARNING - 2026-06-07 15:00:05 [WARNING] get_cds_count failed: 400 Client Error: Bad Request for url: https://cds.climate.copernicus.eu/api/retrieve/v1/processes/reanalysis-era5-single-levels/execution
invalid request
None of the data you have requested is available yet, please revise the period requested. The latest date available for this dataset is: 2026-06-02 15:00
[2026-06-07T15:00:05.148+0000] {era5_functions.py:131} WARNING - get_cds_count failed: 400 Client Error: Bad Request for url: https://cds.climate.copernicus.eu/api/retrieve/v1/processes/reanalysis-era5-single-levels/execution
invalid request
None of the data you have requested is available yet, please revise the period requested. The latest date available for this dataset is: 2026-06-02 15:00
[2026-06-07T15:00:05.154+0000] {logging_mixin.py:188} WARNING - 2026-06-07 15:00:05 [WARNING] CDS ยังไม่มีข้อมูล job=instant date=20260607, skip
[2026-06-07T15:00:05.154+0000] {era5_functions.py:335} WARNING - CDS ยังไม่มีข้อมูล job=instant date=20260607, skip
[2026-06-07T15:00:05.159+0000] {logging_mixin.py:188} WARNING - 2026-06-07 15:00:05 [INFO] --- job=instant date=20260606 ---
[2026-06-07T15:00:05.159+0000] {era5_functions.py:330} INFO - --- job=instant date=20260606 ---
[2026-06-07T15:00:06.620+0000] {logging_mixin.py:188} WARNING - 2026-06-07 15:00:06 [WARNING] get_cds_count failed: 400 Client Error: Bad Request for url: https://cds.climate.copernicus.eu/api/retrieve/v1/processes/reanalysis-era5-single-levels/execution
invalid request
None of the data you have requested is available yet, please revise the period requested. The latest date available for this dataset is: 2026-06-02 15:00
[2026-06-07T15:00:06.619+0000] {era5_functions.py:131} WARNING - get_cds_count failed: 400 Client Error: Bad Request for url: https://cds.climate.copernicus.eu/api/retrieve/v1/processes/reanalysis-era5-single-levels/execution
invalid request
None of the data you have requested is available yet, please revise the period requested. The latest date available for this dataset is: 2026-06-02 15:00
[2026-06-07T15:00:06.623+0000] {logging_mixin.py:188} WARNING - 2026-06-07 15:00:06 [WARNING] CDS ยังไม่มีข้อมูล job=instant date=20260606, skip
[2026-06-07T15:00:06.623+0000] {era5_functions.py:335} WARNING - CDS ยังไม่มีข้อมูล job=instant date=20260606, skip
[2026-06-07T15:00:06.625+0000] {logging_mixin.py:188} WARNING - 2026-06-07 15:00:06 [INFO] --- job=instant date=20260605 ---
[2026-06-07T15:00:06.625+0000] {era5_functions.py:330} INFO - --- job=instant date=20260605 ---
[2026-06-07T15:00:10.580+0000] {logging_mixin.py:188} WARNING - 2026-06-07 15:00:10 [WARNING] get_cds_count failed: 400 Client Error: Bad Request for url: https://cds.climate.copernicus.eu/api/retrieve/v1/processes/reanalysis-era5-single-levels/execution
invalid request
None of the data you have requested is available yet, please revise the period requested. The latest date available for this dataset is: 2026-06-02 15:00
[2026-06-07T15:00:10.580+0000] {era5_functions.py:131} WARNING - get_cds_count failed: 400 Client Error: Bad Request for url: https://cds.climate.copernicus.eu/api/retrieve/v1/processes/reanalysis-era5-single-levels/execution
invalid request
None of the data you have requested is available yet, please revise the period requested. The latest date available for this dataset is: 2026-06-02 15:00
[2026-06-07T15:00:10.584+0000] {logging_mixin.py:188} WARNING - 2026-06-07 15:00:10 [WARNING] CDS ยังไม่มีข้อมูล job=instant date=20260605, skip
[2026-06-07T15:00:10.583+0000] {era5_functions.py:335} WARNING - CDS ยังไม่มีข้อมูล job=instant date=20260605, skip
[2026-06-07T15:00:10.587+0000] {logging_mixin.py:188} WARNING - 2026-06-07 15:00:10 [INFO] --- job=instant date=20260604 ---
[2026-06-07T15:00:10.586+0000] {era5_functions.py:330} INFO - --- job=instant date=20260604 ---
[2026-06-07T15:00:11.706+0000] {logging_mixin.py:188} WARNING - 2026-06-07 15:00:11 [WARNING] get_cds_count failed: 400 Client Error: Bad Request for url: https://cds.climate.copernicus.eu/api/retrieve/v1/processes/reanalysis-era5-single-levels/execution
invalid request
None of the data you have requested is available yet, please revise the period requested. The latest date available for this dataset is: 2026-06-02 15:00
[2026-06-07T15:00:11.706+0000] {era5_functions.py:131} WARNING - get_cds_count failed: 400 Client Error: Bad Request for url: https://cds.climate.copernicus.eu/api/retrieve/v1/processes/reanalysis-era5-single-levels/execution
invalid request
None of the data you have requested is available yet, please revise the period requested. The latest date available for this dataset is: 2026-06-02 15:00
[2026-06-07T15:00:11.709+0000] {logging_mixin.py:188} WARNING - 2026-06-07 15:00:11 [WARNING] CDS ยังไม่มีข้อมูล job=instant date=20260604, skip
[2026-06-07T15:00:11.709+0000] {era5_functions.py:335} WARNING - CDS ยังไม่มีข้อมูล job=instant date=20260604, skip
[2026-06-07T15:00:11.712+0000] {logging_mixin.py:188} WARNING - 2026-06-07 15:00:11 [INFO] --- job=instant date=20260603 ---
[2026-06-07T15:00:11.712+0000] {era5_functions.py:330} INFO - --- job=instant date=20260603 ---
[2026-06-07T15:00:13.214+0000] {logging_mixin.py:188} WARNING - 2026-06-07 15:00:13 [WARNING] get_cds_count failed: 400 Client Error: Bad Request for url: https://cds.climate.copernicus.eu/api/retrieve/v1/processes/reanalysis-era5-single-levels/execution
invalid request
None of the data you have requested is available yet, please revise the period requested. The latest date available for this dataset is: 2026-06-02 15:00
[2026-06-07T15:00:13.214+0000] {era5_functions.py:131} WARNING - get_cds_count failed: 400 Client Error: Bad Request for url: https://cds.climate.copernicus.eu/api/retrieve/v1/processes/reanalysis-era5-single-levels/execution
invalid request
None of the data you have requested is available yet, please revise the period requested. The latest date available for this dataset is: 2026-06-02 15:00
[2026-06-07T15:00:13.218+0000] {logging_mixin.py:188} WARNING - 2026-06-07 15:00:13 [WARNING] CDS ยังไม่มีข้อมูล job=instant date=20260603, skip
[2026-06-07T15:00:13.218+0000] {era5_functions.py:335} WARNING - CDS ยังไม่มีข้อมูล job=instant date=20260603, skip
[2026-06-07T15:00:13.220+0000] {logging_mixin.py:188} WARNING - 2026-06-07 15:00:13 [INFO] --- job=instant date=20260602 ---
[2026-06-07T15:00:13.220+0000] {era5_functions.py:330} INFO - --- job=instant date=20260602 ---
[2026-06-07T15:00:14.462+0000] {http.py:514} WARNING - Recovering from HTTP error [502 Bad Gateway], attempt 1 of 500
[2026-06-07T15:00:14.463+0000] {http.py:537} WARNING - Retrying in 120 seconds
[2026-06-07T15:02:14.454+0000] {http.py:544} INFO - Retrying now...
[2026-06-07T15:02:15.602+0000] {logging_mixin.py:188} WARNING - 2026-06-07 15:02:15,602 INFO [2025-12-11T00:00:00] Please note that a dedicated catalogue entry for this dataset, post-processed and stored in Analysis Ready Cloud Optimized (ARCO) format (Zarr), is available for optimised time-series retrievals (i.e. for retrieving data from selected variables for a single point over an extended period of time in an efficient way). You can discover it [here](https://cds.climate.copernicus.eu/datasets/reanalysis-era5-single-levels-timeseries?tab=overview)
[2026-06-07T15:02:15.602+0000] {legacy_client.py:192} INFO - [2025-12-11T00:00:00] Please note that a dedicated catalogue entry for this dataset, post-processed and stored in Analysis Ready Cloud Optimized (ARCO) format (Zarr), is available for optimised time-series retrievals (i.e. for retrieving data from selected variables for a single point over an extended period of time in an efficient way). You can discover it [here](https://cds.climate.copernicus.eu/datasets/reanalysis-era5-single-levels-timeseries?tab=overview)
[2026-06-07T15:02:15.608+0000] {logging_mixin.py:188} WARNING - 2026-06-07 15:02:15,607 INFO Request ID is 48dfe614-63ef-4e03-be33-3fec27b5ff4a
[2026-06-07T15:02:15.607+0000] {legacy_client.py:192} INFO - Request ID is 48dfe614-63ef-4e03-be33-3fec27b5ff4a
[2026-06-07T15:02:15.831+0000] {logging_mixin.py:188} WARNING - 2026-06-07 15:02:15,831 INFO status has been updated to accepted
[2026-06-07T15:02:15.831+0000] {legacy_client.py:192} INFO - status has been updated to accepted
[2026-06-07T15:02:37.867+0000] {logging_mixin.py:188} WARNING - 2026-06-07 15:02:37,867 INFO status has been updated to running
[2026-06-07T15:02:37.867+0000] {legacy_client.py:192} INFO - status has been updated to running
[2026-06-07T15:02:49.466+0000] {logging_mixin.py:188} WARNING - 2026-06-07 15:02:49,465 INFO status has been updated to successful
[2026-06-07T15:02:49.465+0000] {legacy_client.py:192} INFO - status has been updated to successful
[2026-06-07T15:02:49.889+0000] {base.py:119} INFO - Downloading https://object-store.os-api.cci2.ecmwf.int:443/cci2-prod-cache-2/2026-06-07/b3360c4d7b6694f68bbb5d5477d77aa9.nc
[2026-06-07T15:02:50.610+0000] {logging_mixin.py:188} WARNING - b3360c4d7b6694f68bbb5d5477d77aa9.nc:   0%|          | 0.00/1.73M [00:00<?, ?B/s]
[2026-06-07T15:02:52.368+0000] {logging_mixin.py:188} WARNING - b3360c4d7b6694f68bbb5d5477d77aa9.nc:  58%|#####7    | 1.00M/1.73M [00:01<00:01, 597kB/s]
[2026-06-07T15:02:53.499+0000] {logging_mixin.py:188} WARNING - b3360c4d7b6694f68bbb5d5477d77aa9.nc: 100%|##########| 1.73M/1.73M [00:02<00:00, 637kB/s]
[2026-06-07T15:02:53.504+0000] {logging_mixin.py:188} WARNING -                                                                                         
[2026-06-07T15:02:53.811+0000] {logging_mixin.py:188} WARNING - 2026-06-07 15:02:53 [INFO] CDS timestep available: 16
[2026-06-07T15:02:53.811+0000] {era5_functions.py:128} INFO - CDS timestep available: 16
[2026-06-07T15:02:53.892+0000] {logging_mixin.py:188} WARNING - 2026-06-07 15:02:53 [INFO] local timestep: 15 — /opt/***/era5/ecmwf/data/nc/_raw/2026/06/02/instant_20260602.nc
[2026-06-07T15:02:53.892+0000] {era5_functions.py:152} INFO - local timestep: 15 — /opt/***/era5/ecmwf/data/nc/_raw/2026/06/02/instant_20260602.nc
[2026-06-07T15:02:53.900+0000] {logging_mixin.py:188} WARNING - 2026-06-07 15:02:53 [INFO] nc outdated (local=15 < cds=16), removing: /opt/***/era5/ecmwf/data/nc/_raw/2026/06/02/instant_20260602.nc
[2026-06-07T15:02:53.900+0000] {era5_functions.py:193} INFO - nc outdated (local=15 < cds=16), removing: /opt/***/era5/ecmwf/data/nc/_raw/2026/06/02/instant_20260602.nc
[2026-06-07T15:02:53.919+0000] {logging_mixin.py:188} WARNING - 2026-06-07 15:02:53 [INFO] download attempt 1/3: /opt/***/era5/ecmwf/data/nc/_raw/2026/06/02/instant_20260602.nc
[2026-06-07T15:02:53.919+0000] {era5_functions.py:200} INFO - download attempt 1/3: /opt/***/era5/ecmwf/data/nc/_raw/2026/06/02/instant_20260602.nc
[2026-06-07T15:02:54.661+0000] {logging_mixin.py:188} WARNING - 2026-06-07 15:02:54,660 INFO [2025-12-11T00:00:00] Please note that a dedicated catalogue entry for this dataset, post-processed and stored in Analysis Ready Cloud Optimized (ARCO) format (Zarr), is available for optimised time-series retrievals (i.e. for retrieving data from selected variables for a single point over an extended period of time in an efficient way). You can discover it [here](https://cds.climate.copernicus.eu/datasets/reanalysis-era5-single-levels-timeseries?tab=overview)
[2026-06-07T15:02:54.660+0000] {legacy_client.py:192} INFO - [2025-12-11T00:00:00] Please note that a dedicated catalogue entry for this dataset, post-processed and stored in Analysis Ready Cloud Optimized (ARCO) format (Zarr), is available for optimised time-series retrievals (i.e. for retrieving data from selected variables for a single point over an extended period of time in an efficient way). You can discover it [here](https://cds.climate.copernicus.eu/datasets/reanalysis-era5-single-levels-timeseries?tab=overview)
[2026-06-07T15:02:54.665+0000] {logging_mixin.py:188} WARNING - 2026-06-07 15:02:54,665 INFO Request ID is 08220e2b-0666-4954-9b52-e9e9ce59d351
[2026-06-07T15:02:54.665+0000] {legacy_client.py:192} INFO - Request ID is 08220e2b-0666-4954-9b52-e9e9ce59d351
[2026-06-07T15:02:55.260+0000] {logging_mixin.py:188} WARNING - 2026-06-07 15:02:55,259 INFO status has been updated to accepted
[2026-06-07T15:02:55.259+0000] {legacy_client.py:192} INFO - status has been updated to accepted
[2026-06-07T15:03:09.600+0000] {logging_mixin.py:188} WARNING - 2026-06-07 15:03:09,599 INFO status has been updated to successful
[2026-06-07T15:03:09.599+0000] {legacy_client.py:192} INFO - status has been updated to successful
[2026-06-07T15:03:11.532+0000] {base.py:119} INFO - Downloading https://object-store.os-api.cci2.ecmwf.int:443/cci2-prod-cache-3/2026-06-07/a6d234c19db0b31b4d72fc95f61f8f2f.nc
[2026-06-07T15:03:12.523+0000] {logging_mixin.py:188} WARNING - a6d234c19db0b31b4d72fc95f61f8f2f.nc:   0%|          | 0.00/1.73M [00:00<?, ?B/s]
[2026-06-07T15:03:14.645+0000] {logging_mixin.py:188} WARNING - a6d234c19db0b31b4d72fc95f61f8f2f.nc:  58%|#####7    | 1.00M/1.73M [00:02<00:01, 494kB/s]
[2026-06-07T15:03:14.695+0000] {logging_mixin.py:188} WARNING -                                                                                         
[2026-06-07T15:03:14.828+0000] {logging_mixin.py:188} WARNING - 2026-06-07 15:03:14 [INFO] nc downloaded ok: /opt/***/era5/ecmwf/data/nc/_raw/2026/06/02/instant_20260602.nc
[2026-06-07T15:03:14.828+0000] {era5_functions.py:204} INFO - nc downloaded ok: /opt/***/era5/ecmwf/data/nc/_raw/2026/06/02/instant_20260602.nc
[2026-06-07T15:03:14.913+0000] {logging_mixin.py:188} WARNING - 2026-06-07 15:03:14 [INFO] local timestep: 16 — /opt/***/era5/ecmwf/data/nc/_raw/2026/06/02/instant_20260602.nc
[2026-06-07T15:03:14.912+0000] {era5_functions.py:152} INFO - local timestep: 16 — /opt/***/era5/ecmwf/data/nc/_raw/2026/06/02/instant_20260602.nc
[2026-06-07T15:03:15.007+0000] {logging_mixin.py:188} WARNING - 2026-06-07 15:03:15 [INFO] tif outdated (tif=15 < nc=16), removing: /opt/***/era5/ecmwf/data/tif/2026/06/02/t2m_20260602.tif
[2026-06-07T15:03:15.007+0000] {era5_functions.py:261} INFO - tif outdated (tif=15 < nc=16), removing: /opt/***/era5/ecmwf/data/tif/2026/06/02/t2m_20260602.tif
[2026-06-07T15:03:15.103+0000] {logging_mixin.py:188} WARNING - 2026-06-07 15:03:15 [INFO] tif ok (bands=16): /opt/***/era5/ecmwf/data/tif/2026/06/02/t2m_20260602.tif
[2026-06-07T15:03:15.102+0000] {era5_functions.py:304} INFO - tif ok (bands=16): /opt/***/era5/ecmwf/data/tif/2026/06/02/t2m_20260602.tif
[2026-06-07T15:03:15.118+0000] {logging_mixin.py:188} WARNING - 2026-06-07 15:03:15 [INFO] tif outdated (tif=15 < nc=16), removing: /opt/***/era5/ecmwf/data/tif/2026/06/02/d2m_20260602.tif
[2026-06-07T15:03:15.118+0000] {era5_functions.py:261} INFO - tif outdated (tif=15 < nc=16), removing: /opt/***/era5/ecmwf/data/tif/2026/06/02/d2m_20260602.tif
[2026-06-07T15:03:15.209+0000] {logging_mixin.py:188} WARNING - 2026-06-07 15:03:15 [INFO] tif ok (bands=16): /opt/***/era5/ecmwf/data/tif/2026/06/02/d2m_20260602.tif
[2026-06-07T15:03:15.209+0000] {era5_functions.py:304} INFO - tif ok (bands=16): /opt/***/era5/ecmwf/data/tif/2026/06/02/d2m_20260602.tif
[2026-06-07T15:03:15.225+0000] {logging_mixin.py:188} WARNING - 2026-06-07 15:03:15 [INFO] tif outdated (tif=15 < nc=16), removing: /opt/***/era5/ecmwf/data/tif/2026/06/02/sp_20260602.tif
[2026-06-07T15:03:15.225+0000] {era5_functions.py:261} INFO - tif outdated (tif=15 < nc=16), removing: /opt/***/era5/ecmwf/data/tif/2026/06/02/sp_20260602.tif
[2026-06-07T15:03:15.323+0000] {logging_mixin.py:188} WARNING - 2026-06-07 15:03:15 [INFO] tif ok (bands=16): /opt/***/era5/ecmwf/data/tif/2026/06/02/sp_20260602.tif
[2026-06-07T15:03:15.323+0000] {era5_functions.py:304} INFO - tif ok (bands=16): /opt/***/era5/ecmwf/data/tif/2026/06/02/sp_20260602.tif
[2026-06-07T15:03:15.347+0000] {logging_mixin.py:188} WARNING - 2026-06-07 15:03:15 [INFO] tif outdated (tif=15 < nc=16), removing: /opt/***/era5/ecmwf/data/tif/2026/06/02/blh_20260602.tif
[2026-06-07T15:03:15.347+0000] {era5_functions.py:261} INFO - tif outdated (tif=15 < nc=16), removing: /opt/***/era5/ecmwf/data/tif/2026/06/02/blh_20260602.tif
[2026-06-07T15:03:15.461+0000] {logging_mixin.py:188} WARNING - 2026-06-07 15:03:15 [INFO] tif ok (bands=16): /opt/***/era5/ecmwf/data/tif/2026/06/02/blh_20260602.tif
[2026-06-07T15:03:15.461+0000] {era5_functions.py:304} INFO - tif ok (bands=16): /opt/***/era5/ecmwf/data/tif/2026/06/02/blh_20260602.tif
[2026-06-07T15:03:15.477+0000] {logging_mixin.py:188} WARNING - 2026-06-07 15:03:15 [INFO] tif outdated (tif=15 < nc=16), removing: /opt/***/era5/ecmwf/data/tif/2026/06/02/u10_20260602.tif
[2026-06-07T15:03:15.477+0000] {era5_functions.py:261} INFO - tif outdated (tif=15 < nc=16), removing: /opt/***/era5/ecmwf/data/tif/2026/06/02/u10_20260602.tif
[2026-06-07T15:03:15.580+0000] {logging_mixin.py:188} WARNING - 2026-06-07 15:03:15 [INFO] tif ok (bands=16): /opt/***/era5/ecmwf/data/tif/2026/06/02/u10_20260602.tif
[2026-06-07T15:03:15.579+0000] {era5_functions.py:304} INFO - tif ok (bands=16): /opt/***/era5/ecmwf/data/tif/2026/06/02/u10_20260602.tif
[2026-06-07T15:03:15.597+0000] {logging_mixin.py:188} WARNING - 2026-06-07 15:03:15 [INFO] tif outdated (tif=15 < nc=16), removing: /opt/***/era5/ecmwf/data/tif/2026/06/02/v10_20260602.tif
[2026-06-07T15:03:15.597+0000] {era5_functions.py:261} INFO - tif outdated (tif=15 < nc=16), removing: /opt/***/era5/ecmwf/data/tif/2026/06/02/v10_20260602.tif
[2026-06-07T15:03:15.697+0000] {logging_mixin.py:188} WARNING - 2026-06-07 15:03:15 [INFO] tif ok (bands=16): /opt/***/era5/ecmwf/data/tif/2026/06/02/v10_20260602.tif
[2026-06-07T15:03:15.697+0000] {era5_functions.py:304} INFO - tif ok (bands=16): /opt/***/era5/ecmwf/data/tif/2026/06/02/v10_20260602.tif
[2026-06-07T15:03:15.702+0000] {logging_mixin.py:188} WARNING - 2026-06-07 15:03:15 [INFO] === END job=instant date=2026-06-07 ===
[2026-06-07T15:03:15.702+0000] {era5_functions.py:379} INFO - === END job=instant date=2026-06-07 ===
[2026-06-07T15:03:15.704+0000] {python.py:237} INFO - Done. Returned value was: None
[2026-06-07T15:03:15.705+0000] {taskinstance.py:441} INFO - ::group::Post task execution logs
[2026-06-07T15:03:15.726+0000] {taskinstance.py:1206} INFO - Marking task as SUCCESS. dag_id=era5_download_pipeline, task_id=era5_instant, run_id=scheduled__2026-06-07T14:00:00+00:00, execution_date=20260607T140000, start_date=20260607T150001, end_date=20260607T150315
[2026-06-07T15:03:15.781+0000] {local_task_job_runner.py:240} INFO - Task exited with return code 0
[2026-06-07T15:03:15.804+0000] {taskinstance.py:3498} INFO - 1 downstream tasks scheduled from follow-on schedule check
[2026-06-07T15:03:15.807+0000] {local_task_job_runner.py:222} INFO - ::endgroup::
