[2026-06-08T07:06:51.292+0000] {local_task_job_runner.py:120} INFO - ::group::Pre task execution logs
[2026-06-08T07:06:51.320+0000] {taskinstance.py:2076} INFO - Dependencies all met for dep_context=non-requeueable deps ti=<TaskInstance: era5_download_pipeline.era5_accum scheduled__2026-06-08T06:00:00+00:00 [queued]>
[2026-06-08T07:06:51.330+0000] {taskinstance.py:2076} INFO - Dependencies all met for dep_context=requeueable deps ti=<TaskInstance: era5_download_pipeline.era5_accum scheduled__2026-06-08T06:00:00+00:00 [queued]>
[2026-06-08T07:06:51.332+0000] {taskinstance.py:2306} INFO - Starting attempt 1 of 1
[2026-06-08T07:06:51.348+0000] {taskinstance.py:2330} INFO - Executing <Task(PythonOperator): era5_accum> on 2026-06-08 06:00:00+00:00
[2026-06-08T07:06:51.359+0000] {warnings.py:110} WARNING - /home/***/.local/lib/python3.12/site-packages/***/task/task_runner/standard_task_runner.py:61: DeprecationWarning: This process (pid=111560) is multi-threaded, use of fork() may lead to deadlocks in the child.
  pid = os.fork()

[2026-06-08T07:06:51.363+0000] {standard_task_runner.py:63} INFO - Started process 111562 to run task
[2026-06-08T07:06:51.362+0000] {standard_task_runner.py:90} INFO - Running: ['***', 'tasks', 'run', 'era5_download_pipeline', 'era5_accum', 'scheduled__2026-06-08T06:00:00+00:00', '--job-id', '1190', '--raw', '--subdir', 'DAGS_FOLDER/era5_dag.py', '--cfg-path', '/tmp/tmp8u2fgpj2']
[2026-06-08T07:06:51.366+0000] {standard_task_runner.py:91} INFO - Job 1190: Subtask era5_accum
[2026-06-08T07:06:51.446+0000] {task_command.py:426} INFO - Running <TaskInstance: era5_download_pipeline.era5_accum scheduled__2026-06-08T06:00:00+00:00 [running]> on host 01cd476fb21a
[2026-06-08T07:06:51.574+0000] {taskinstance.py:2648} INFO - Exporting env vars: AIRFLOW_CTX_DAG_OWNER='era5' AIRFLOW_CTX_DAG_ID='era5_download_pipeline' AIRFLOW_CTX_TASK_ID='era5_accum' AIRFLOW_CTX_EXECUTION_DATE='2026-06-08T06:00:00+00:00' AIRFLOW_CTX_TRY_NUMBER='1' AIRFLOW_CTX_DAG_RUN_ID='scheduled__2026-06-08T06:00:00+00:00'
[2026-06-08T07:06:51.576+0000] {taskinstance.py:430} INFO - ::endgroup::
[2026-06-08T07:06:52.634+0000] {logging_mixin.py:188} WARNING - 2026-06-08 07:06:52 [INFO] === START job=accum date=2026-06-08 ===
[2026-06-08T07:06:52.634+0000] {era5_functions.py:368} INFO - === START job=accum date=2026-06-08 ===
[2026-06-08T07:06:52.637+0000] {logging_mixin.py:188} WARNING - 2026-06-08 07:06:52 [INFO] --- job=accum date=20260608 ---
[2026-06-08T07:06:52.637+0000] {era5_functions.py:330} INFO - --- job=accum date=20260608 ---
[2026-06-08T07:06:53.446+0000] {logging_mixin.py:188} WARNING - 2026-06-08 07:06:53 [WARNING] get_cds_count failed: 400 Client Error: Bad Request for url: https://cds.climate.copernicus.eu/api/retrieve/v1/processes/reanalysis-era5-single-levels/execution
invalid request
None of the data you have requested is available yet, please revise the period requested. The latest date available for this dataset is: 2026-06-03 07:00
[2026-06-08T07:06:53.446+0000] {era5_functions.py:131} WARNING - get_cds_count failed: 400 Client Error: Bad Request for url: https://cds.climate.copernicus.eu/api/retrieve/v1/processes/reanalysis-era5-single-levels/execution
invalid request
None of the data you have requested is available yet, please revise the period requested. The latest date available for this dataset is: 2026-06-03 07:00
[2026-06-08T07:06:53.450+0000] {logging_mixin.py:188} WARNING - 2026-06-08 07:06:53 [WARNING] CDS ยังไม่มีข้อมูล job=accum date=20260608, skip
[2026-06-08T07:06:53.450+0000] {era5_functions.py:335} WARNING - CDS ยังไม่มีข้อมูล job=accum date=20260608, skip
[2026-06-08T07:06:53.452+0000] {logging_mixin.py:188} WARNING - 2026-06-08 07:06:53 [INFO] --- job=accum date=20260607 ---
[2026-06-08T07:06:53.452+0000] {era5_functions.py:330} INFO - --- job=accum date=20260607 ---
[2026-06-08T07:06:54.040+0000] {logging_mixin.py:188} WARNING - 2026-06-08 07:06:54 [WARNING] get_cds_count failed: 400 Client Error: Bad Request for url: https://cds.climate.copernicus.eu/api/retrieve/v1/processes/reanalysis-era5-single-levels/execution
invalid request
None of the data you have requested is available yet, please revise the period requested. The latest date available for this dataset is: 2026-06-03 07:00
[2026-06-08T07:06:54.039+0000] {era5_functions.py:131} WARNING - get_cds_count failed: 400 Client Error: Bad Request for url: https://cds.climate.copernicus.eu/api/retrieve/v1/processes/reanalysis-era5-single-levels/execution
invalid request
None of the data you have requested is available yet, please revise the period requested. The latest date available for this dataset is: 2026-06-03 07:00
[2026-06-08T07:06:54.045+0000] {logging_mixin.py:188} WARNING - 2026-06-08 07:06:54 [WARNING] CDS ยังไม่มีข้อมูล job=accum date=20260607, skip
[2026-06-08T07:06:54.044+0000] {era5_functions.py:335} WARNING - CDS ยังไม่มีข้อมูล job=accum date=20260607, skip
[2026-06-08T07:06:54.048+0000] {logging_mixin.py:188} WARNING - 2026-06-08 07:06:54 [INFO] --- job=accum date=20260606 ---
[2026-06-08T07:06:54.048+0000] {era5_functions.py:330} INFO - --- job=accum date=20260606 ---
[2026-06-08T07:06:56.341+0000] {logging_mixin.py:188} WARNING - 2026-06-08 07:06:56 [WARNING] get_cds_count failed: 400 Client Error: Bad Request for url: https://cds.climate.copernicus.eu/api/retrieve/v1/processes/reanalysis-era5-single-levels/execution
invalid request
None of the data you have requested is available yet, please revise the period requested. The latest date available for this dataset is: 2026-06-03 07:00
[2026-06-08T07:06:56.341+0000] {era5_functions.py:131} WARNING - get_cds_count failed: 400 Client Error: Bad Request for url: https://cds.climate.copernicus.eu/api/retrieve/v1/processes/reanalysis-era5-single-levels/execution
invalid request
None of the data you have requested is available yet, please revise the period requested. The latest date available for this dataset is: 2026-06-03 07:00
[2026-06-08T07:06:56.345+0000] {logging_mixin.py:188} WARNING - 2026-06-08 07:06:56 [WARNING] CDS ยังไม่มีข้อมูล job=accum date=20260606, skip
[2026-06-08T07:06:56.344+0000] {era5_functions.py:335} WARNING - CDS ยังไม่มีข้อมูล job=accum date=20260606, skip
[2026-06-08T07:06:56.346+0000] {logging_mixin.py:188} WARNING - 2026-06-08 07:06:56 [INFO] --- job=accum date=20260605 ---
[2026-06-08T07:06:56.346+0000] {era5_functions.py:330} INFO - --- job=accum date=20260605 ---
[2026-06-08T07:06:57.612+0000] {logging_mixin.py:188} WARNING - 2026-06-08 07:06:57 [WARNING] get_cds_count failed: 400 Client Error: Bad Request for url: https://cds.climate.copernicus.eu/api/retrieve/v1/processes/reanalysis-era5-single-levels/execution
invalid request
None of the data you have requested is available yet, please revise the period requested. The latest date available for this dataset is: 2026-06-03 07:00
[2026-06-08T07:06:57.611+0000] {era5_functions.py:131} WARNING - get_cds_count failed: 400 Client Error: Bad Request for url: https://cds.climate.copernicus.eu/api/retrieve/v1/processes/reanalysis-era5-single-levels/execution
invalid request
None of the data you have requested is available yet, please revise the period requested. The latest date available for this dataset is: 2026-06-03 07:00
[2026-06-08T07:06:57.616+0000] {logging_mixin.py:188} WARNING - 2026-06-08 07:06:57 [WARNING] CDS ยังไม่มีข้อมูล job=accum date=20260605, skip
[2026-06-08T07:06:57.616+0000] {era5_functions.py:335} WARNING - CDS ยังไม่มีข้อมูล job=accum date=20260605, skip
[2026-06-08T07:06:57.620+0000] {logging_mixin.py:188} WARNING - 2026-06-08 07:06:57 [INFO] --- job=accum date=20260604 ---
[2026-06-08T07:06:57.620+0000] {era5_functions.py:330} INFO - --- job=accum date=20260604 ---
[2026-06-08T07:06:59.429+0000] {logging_mixin.py:188} WARNING - 2026-06-08 07:06:59 [WARNING] get_cds_count failed: 400 Client Error: Bad Request for url: https://cds.climate.copernicus.eu/api/retrieve/v1/processes/reanalysis-era5-single-levels/execution
invalid request
None of the data you have requested is available yet, please revise the period requested. The latest date available for this dataset is: 2026-06-03 07:00
[2026-06-08T07:06:59.428+0000] {era5_functions.py:131} WARNING - get_cds_count failed: 400 Client Error: Bad Request for url: https://cds.climate.copernicus.eu/api/retrieve/v1/processes/reanalysis-era5-single-levels/execution
invalid request
None of the data you have requested is available yet, please revise the period requested. The latest date available for this dataset is: 2026-06-03 07:00
[2026-06-08T07:06:59.432+0000] {logging_mixin.py:188} WARNING - 2026-06-08 07:06:59 [WARNING] CDS ยังไม่มีข้อมูล job=accum date=20260604, skip
[2026-06-08T07:06:59.432+0000] {era5_functions.py:335} WARNING - CDS ยังไม่มีข้อมูล job=accum date=20260604, skip
[2026-06-08T07:06:59.434+0000] {logging_mixin.py:188} WARNING - 2026-06-08 07:06:59 [INFO] --- job=accum date=20260603 ---
[2026-06-08T07:06:59.434+0000] {era5_functions.py:330} INFO - --- job=accum date=20260603 ---
[2026-06-08T07:07:01.547+0000] {logging_mixin.py:188} WARNING - 2026-06-08 07:07:01,547 INFO [2025-12-11T00:00:00] Please note that a dedicated catalogue entry for this dataset, post-processed and stored in Analysis Ready Cloud Optimized (ARCO) format (Zarr), is available for optimised time-series retrievals (i.e. for retrieving data from selected variables for a single point over an extended period of time in an efficient way). You can discover it [here](https://cds.climate.copernicus.eu/datasets/reanalysis-era5-single-levels-timeseries?tab=overview)
[2026-06-08T07:07:01.547+0000] {legacy_client.py:192} INFO - [2025-12-11T00:00:00] Please note that a dedicated catalogue entry for this dataset, post-processed and stored in Analysis Ready Cloud Optimized (ARCO) format (Zarr), is available for optimised time-series retrievals (i.e. for retrieving data from selected variables for a single point over an extended period of time in an efficient way). You can discover it [here](https://cds.climate.copernicus.eu/datasets/reanalysis-era5-single-levels-timeseries?tab=overview)
[2026-06-08T07:07:01.551+0000] {logging_mixin.py:188} WARNING - 2026-06-08 07:07:01,550 INFO Request ID is 13ebda10-73bc-4802-96b5-a100b293a97b
[2026-06-08T07:07:01.550+0000] {legacy_client.py:192} INFO - Request ID is 13ebda10-73bc-4802-96b5-a100b293a97b
[2026-06-08T07:07:01.755+0000] {logging_mixin.py:188} WARNING - 2026-06-08 07:07:01,755 INFO status has been updated to accepted
[2026-06-08T07:07:01.755+0000] {legacy_client.py:192} INFO - status has been updated to accepted
[2026-06-08T07:07:16.177+0000] {logging_mixin.py:188} WARNING - 2026-06-08 07:07:16,176 INFO status has been updated to running
[2026-06-08T07:07:16.176+0000] {legacy_client.py:192} INFO - status has been updated to running
[2026-06-08T07:07:23.985+0000] {logging_mixin.py:188} WARNING - 2026-06-08 07:07:23,985 INFO status has been updated to successful
[2026-06-08T07:07:23.985+0000] {legacy_client.py:192} INFO - status has been updated to successful
[2026-06-08T07:07:24.401+0000] {base.py:119} INFO - Downloading https://object-store.os-api.cci2.ecmwf.int:443/cci2-prod-cache-3/2026-06-08/88348874c927db26d5d7c00bea3a148c.nc
[2026-06-08T07:07:25.554+0000] {logging_mixin.py:188} WARNING - 88348874c927db26d5d7c00bea3a148c.nc:   0%|          | 0.00/133k [00:00<?, ?B/s]
[2026-06-08T07:07:27.108+0000] {logging_mixin.py:188} WARNING - 88348874c927db26d5d7c00bea3a148c.nc: 100%|##########| 133k/133k [00:01<00:00, 87.7kB/s]
[2026-06-08T07:07:27.114+0000] {logging_mixin.py:188} WARNING -                                                                                        
[2026-06-08T07:07:27.396+0000] {logging_mixin.py:188} WARNING - 2026-06-08 07:07:27 [INFO] CDS timestep available: 8
[2026-06-08T07:07:27.396+0000] {era5_functions.py:128} INFO - CDS timestep available: 8
[2026-06-08T07:07:27.421+0000] {logging_mixin.py:188} WARNING - 2026-06-08 07:07:27 [INFO] download attempt 1/3: /opt/***/era5/ecmwf/data/nc/_raw/2026/06/03/accum_20260603.nc
[2026-06-08T07:07:27.421+0000] {era5_functions.py:200} INFO - download attempt 1/3: /opt/***/era5/ecmwf/data/nc/_raw/2026/06/03/accum_20260603.nc
[2026-06-08T07:07:30.117+0000] {logging_mixin.py:188} WARNING - 2026-06-08 07:07:30,116 INFO [2025-12-11T00:00:00] Please note that a dedicated catalogue entry for this dataset, post-processed and stored in Analysis Ready Cloud Optimized (ARCO) format (Zarr), is available for optimised time-series retrievals (i.e. for retrieving data from selected variables for a single point over an extended period of time in an efficient way). You can discover it [here](https://cds.climate.copernicus.eu/datasets/reanalysis-era5-single-levels-timeseries?tab=overview)
[2026-06-08T07:07:30.116+0000] {legacy_client.py:192} INFO - [2025-12-11T00:00:00] Please note that a dedicated catalogue entry for this dataset, post-processed and stored in Analysis Ready Cloud Optimized (ARCO) format (Zarr), is available for optimised time-series retrievals (i.e. for retrieving data from selected variables for a single point over an extended period of time in an efficient way). You can discover it [here](https://cds.climate.copernicus.eu/datasets/reanalysis-era5-single-levels-timeseries?tab=overview)
[2026-06-08T07:07:30.122+0000] {logging_mixin.py:188} WARNING - 2026-06-08 07:07:30,122 INFO Request ID is 047f1cda-d9ea-44ce-9ac3-3ff143ff1db9
[2026-06-08T07:07:30.122+0000] {legacy_client.py:192} INFO - Request ID is 047f1cda-d9ea-44ce-9ac3-3ff143ff1db9
[2026-06-08T07:07:30.334+0000] {logging_mixin.py:188} WARNING - 2026-06-08 07:07:30,334 INFO status has been updated to accepted
[2026-06-08T07:07:30.334+0000] {legacy_client.py:192} INFO - status has been updated to accepted
[2026-06-08T07:07:44.798+0000] {logging_mixin.py:188} WARNING - 2026-06-08 07:07:44,798 INFO status has been updated to running
[2026-06-08T07:07:44.798+0000] {legacy_client.py:192} INFO - status has been updated to running
[2026-06-08T07:07:53.254+0000] {logging_mixin.py:188} WARNING - 2026-06-08 07:07:53,253 INFO status has been updated to successful
[2026-06-08T07:07:53.253+0000] {legacy_client.py:192} INFO - status has been updated to successful
[2026-06-08T07:07:53.712+0000] {base.py:119} INFO - Downloading https://object-store.os-api.cci2.ecmwf.int:443/cci2-prod-cache-3/2026-06-08/a5bf278cedd45bd5a058d3892e004d70.nc
[2026-06-08T07:07:54.410+0000] {logging_mixin.py:188} WARNING - a5bf278cedd45bd5a058d3892e004d70.nc:   0%|          | 0.00/133k [00:00<?, ?B/s]
[2026-06-08T07:07:55.961+0000] {logging_mixin.py:188} WARNING - a5bf278cedd45bd5a058d3892e004d70.nc: 100%|##########| 133k/133k [00:01<00:00, 87.8kB/s]
[2026-06-08T07:07:55.981+0000] {logging_mixin.py:188} WARNING -                                                                                        
[2026-06-08T07:07:56.084+0000] {logging_mixin.py:188} WARNING - 2026-06-08 07:07:56 [INFO] nc downloaded ok: /opt/***/era5/ecmwf/data/nc/_raw/2026/06/03/accum_20260603.nc
[2026-06-08T07:07:56.083+0000] {era5_functions.py:204} INFO - nc downloaded ok: /opt/***/era5/ecmwf/data/nc/_raw/2026/06/03/accum_20260603.nc
[2026-06-08T07:07:56.163+0000] {logging_mixin.py:188} WARNING - 2026-06-08 07:07:56 [INFO] local timestep: 8 — /opt/***/era5/ecmwf/data/nc/_raw/2026/06/03/accum_20260603.nc
[2026-06-08T07:07:56.162+0000] {era5_functions.py:152} INFO - local timestep: 8 — /opt/***/era5/ecmwf/data/nc/_raw/2026/06/03/accum_20260603.nc
[2026-06-08T07:07:56.347+0000] {logging_mixin.py:188} WARNING - 2026-06-08 07:07:56 [INFO] tif ok (bands=8): /opt/***/era5/ecmwf/data/tif/2026/06/03/tp_20260603.tif
[2026-06-08T07:07:56.347+0000] {era5_functions.py:304} INFO - tif ok (bands=8): /opt/***/era5/ecmwf/data/tif/2026/06/03/tp_20260603.tif
[2026-06-08T07:07:56.352+0000] {logging_mixin.py:188} WARNING - 2026-06-08 07:07:56 [INFO] === END job=accum date=2026-06-08 ===
[2026-06-08T07:07:56.352+0000] {era5_functions.py:379} INFO - === END job=accum date=2026-06-08 ===
[2026-06-08T07:07:56.353+0000] {python.py:237} INFO - Done. Returned value was: None
[2026-06-08T07:07:56.354+0000] {taskinstance.py:441} INFO - ::group::Post task execution logs
[2026-06-08T07:07:56.367+0000] {taskinstance.py:1206} INFO - Marking task as SUCCESS. dag_id=era5_download_pipeline, task_id=era5_accum, run_id=scheduled__2026-06-08T06:00:00+00:00, execution_date=20260608T060000, start_date=20260608T070651, end_date=20260608T070756
[2026-06-08T07:07:56.453+0000] {local_task_job_runner.py:240} INFO - Task exited with return code 0
[2026-06-08T07:07:56.482+0000] {taskinstance.py:3498} INFO - 0 downstream tasks scheduled from follow-on schedule check
[2026-06-08T07:07:56.487+0000] {local_task_job_runner.py:222} INFO - ::endgroup::
