[2026-06-15T08:00:02.113+0000] {local_task_job_runner.py:120} INFO - ::group::Pre task execution logs
[2026-06-15T08:00:02.140+0000] {taskinstance.py:2076} INFO - Dependencies all met for dep_context=non-requeueable deps ti=<TaskInstance: era5_download_pipeline.era5_rh scheduled__2026-06-15T07:00:00+00:00 [queued]>
[2026-06-15T08:00:02.150+0000] {taskinstance.py:2076} INFO - Dependencies all met for dep_context=requeueable deps ti=<TaskInstance: era5_download_pipeline.era5_rh scheduled__2026-06-15T07:00:00+00:00 [queued]>
[2026-06-15T08:00:02.151+0000] {taskinstance.py:2306} INFO - Starting attempt 1 of 1
[2026-06-15T08:00:02.168+0000] {taskinstance.py:2330} INFO - Executing <Task(PythonOperator): era5_rh> on 2026-06-15 07:00:00+00:00
[2026-06-15T08:00:02.183+0000] {warnings.py:110} WARNING - /home/***/.local/lib/python3.12/site-packages/***/task/task_runner/standard_task_runner.py:61: DeprecationWarning: This process (pid=74583) is multi-threaded, use of fork() may lead to deadlocks in the child.
  pid = os.fork()

[2026-06-15T08:00:02.187+0000] {standard_task_runner.py:63} INFO - Started process 74588 to run task
[2026-06-15T08:00:02.184+0000] {standard_task_runner.py:90} INFO - Running: ['***', 'tasks', 'run', 'era5_download_pipeline', 'era5_rh', 'scheduled__2026-06-15T07:00:00+00:00', '--job-id', '1615', '--raw', '--subdir', 'DAGS_FOLDER/era5_dag.py', '--cfg-path', '/tmp/tmphs17gnp6']
[2026-06-15T08:00:02.189+0000] {standard_task_runner.py:91} INFO - Job 1615: Subtask era5_rh
[2026-06-15T08:00:02.282+0000] {task_command.py:426} INFO - Running <TaskInstance: era5_download_pipeline.era5_rh scheduled__2026-06-15T07:00:00+00:00 [running]> on host 01cd476fb21a
[2026-06-15T08:00:02.409+0000] {taskinstance.py:2648} INFO - Exporting env vars: AIRFLOW_CTX_DAG_OWNER='era5' AIRFLOW_CTX_DAG_ID='era5_download_pipeline' AIRFLOW_CTX_TASK_ID='era5_rh' AIRFLOW_CTX_EXECUTION_DATE='2026-06-15T07:00:00+00:00' AIRFLOW_CTX_TRY_NUMBER='1' AIRFLOW_CTX_DAG_RUN_ID='scheduled__2026-06-15T07:00:00+00:00'
[2026-06-15T08:00:02.411+0000] {taskinstance.py:430} INFO - ::endgroup::
[2026-06-15T08:00:02.442+0000] {logging_mixin.py:188} WARNING - 2026-06-15 08:00:02 [WARNING] missing instant nc: /opt/***/era5/ecmwf/data/nc/_raw/2026/06/15/instant_20260615.nc
[2026-06-15T08:00:02.442+0000] {era5_rh.py:208} WARNING - missing instant nc: /opt/***/era5/ecmwf/data/nc/_raw/2026/06/15/instant_20260615.nc
[2026-06-15T08:00:02.449+0000] {logging_mixin.py:188} WARNING - 2026-06-15 08:00:02 [WARNING] missing instant nc: /opt/***/era5/ecmwf/data/nc/_raw/2026/06/14/instant_20260614.nc
[2026-06-15T08:00:02.449+0000] {era5_rh.py:208} WARNING - missing instant nc: /opt/***/era5/ecmwf/data/nc/_raw/2026/06/14/instant_20260614.nc
[2026-06-15T08:00:02.455+0000] {logging_mixin.py:188} WARNING - 2026-06-15 08:00:02 [WARNING] missing instant nc: /opt/***/era5/ecmwf/data/nc/_raw/2026/06/13/instant_20260613.nc
[2026-06-15T08:00:02.455+0000] {era5_rh.py:208} WARNING - missing instant nc: /opt/***/era5/ecmwf/data/nc/_raw/2026/06/13/instant_20260613.nc
[2026-06-15T08:00:02.462+0000] {logging_mixin.py:188} WARNING - 2026-06-15 08:00:02 [WARNING] missing instant nc: /opt/***/era5/ecmwf/data/nc/_raw/2026/06/12/instant_20260612.nc
[2026-06-15T08:00:02.462+0000] {era5_rh.py:208} WARNING - missing instant nc: /opt/***/era5/ecmwf/data/nc/_raw/2026/06/12/instant_20260612.nc
[2026-06-15T08:00:02.467+0000] {logging_mixin.py:188} WARNING - 2026-06-15 08:00:02 [WARNING] missing instant nc: /opt/***/era5/ecmwf/data/nc/_raw/2026/06/11/instant_20260611.nc
[2026-06-15T08:00:02.467+0000] {era5_rh.py:208} WARNING - missing instant nc: /opt/***/era5/ecmwf/data/nc/_raw/2026/06/11/instant_20260611.nc
[2026-06-15T08:00:02.479+0000] {logging_mixin.py:188} WARNING - 2026-06-15 08:00:02 [INFO] RH nc exists: /opt/***/era5/ecmwf/data/nc/rh/2026/06/10/rh_20260610.nc
[2026-06-15T08:00:02.479+0000] {era5_rh.py:69} INFO - RH nc exists: /opt/***/era5/ecmwf/data/nc/rh/2026/06/10/rh_20260610.nc
[2026-06-15T08:00:02.905+0000] {logging_mixin.py:188} WARNING - 2026-06-15 08:00:02 [INFO] RH tif created: /opt/***/era5/ecmwf/data/tif/2026/06/10/rh_20260610.tif
[2026-06-15T08:00:02.905+0000] {era5_rh.py:183} INFO - RH tif created: /opt/***/era5/ecmwf/data/tif/2026/06/10/rh_20260610.tif
[2026-06-15T08:00:02.910+0000] {python.py:237} INFO - Done. Returned value was: None
[2026-06-15T08:00:02.911+0000] {taskinstance.py:441} INFO - ::group::Post task execution logs
[2026-06-15T08:00:02.931+0000] {taskinstance.py:1206} INFO - Marking task as SUCCESS. dag_id=era5_download_pipeline, task_id=era5_rh, run_id=scheduled__2026-06-15T07:00:00+00:00, execution_date=20260615T070000, start_date=20260615T080002, end_date=20260615T080002
[2026-06-15T08:00:03.007+0000] {local_task_job_runner.py:240} INFO - Task exited with return code 0
[2026-06-15T08:00:03.033+0000] {taskinstance.py:3498} INFO - 0 downstream tasks scheduled from follow-on schedule check
[2026-06-15T08:00:03.037+0000] {local_task_job_runner.py:222} INFO - ::endgroup::
