[2026-06-12T06:00:02.287+0000] {local_task_job_runner.py:120} INFO - ::group::Pre task execution logs
[2026-06-12T06:00:02.311+0000] {taskinstance.py:2076} INFO - Dependencies all met for dep_context=non-requeueable deps ti=<TaskInstance: era5_download_pipeline.era5_instant scheduled__2026-06-12T05:00:00+00:00 [queued]>
[2026-06-12T06:00:02.323+0000] {taskinstance.py:2076} INFO - Dependencies all met for dep_context=requeueable deps ti=<TaskInstance: era5_download_pipeline.era5_instant scheduled__2026-06-12T05:00:00+00:00 [queued]>
[2026-06-12T06:00:02.324+0000] {taskinstance.py:2306} INFO - Starting attempt 1 of 1
[2026-06-12T06:00:02.339+0000] {taskinstance.py:2330} INFO - Executing <Task(PythonOperator): era5_instant> on 2026-06-12 05:00:00+00:00
[2026-06-12T06:00:02.353+0000] {warnings.py:110} WARNING - /home/***/.local/lib/python3.12/site-packages/***/task/task_runner/standard_task_runner.py:61: DeprecationWarning: This process (pid=17424) is multi-threaded, use of fork() may lead to deadlocks in the child.
  pid = os.fork()

[2026-06-12T06:00:02.356+0000] {standard_task_runner.py:63} INFO - Started process 17427 to run task
[2026-06-12T06:00:02.355+0000] {standard_task_runner.py:90} INFO - Running: ['***', 'tasks', 'run', 'era5_download_pipeline', 'era5_instant', 'scheduled__2026-06-12T05:00:00+00:00', '--job-id', '1389', '--raw', '--subdir', 'DAGS_FOLDER/era5_dag.py', '--cfg-path', '/tmp/tmpjidfkmo1']
[2026-06-12T06:00:02.360+0000] {standard_task_runner.py:91} INFO - Job 1389: Subtask era5_instant
[2026-06-12T06:00:02.444+0000] {task_command.py:426} INFO - Running <TaskInstance: era5_download_pipeline.era5_instant scheduled__2026-06-12T05:00:00+00:00 [running]> on host 01cd476fb21a
[2026-06-12T06:00:02.572+0000] {taskinstance.py:2648} INFO - Exporting env vars: AIRFLOW_CTX_DAG_OWNER='era5' AIRFLOW_CTX_DAG_ID='era5_download_pipeline' AIRFLOW_CTX_TASK_ID='era5_instant' AIRFLOW_CTX_EXECUTION_DATE='2026-06-12T05:00:00+00:00' AIRFLOW_CTX_TRY_NUMBER='1' AIRFLOW_CTX_DAG_RUN_ID='scheduled__2026-06-12T05:00:00+00:00'
[2026-06-12T06:00:02.573+0000] {taskinstance.py:430} INFO - ::endgroup::
[2026-06-12T06:00:03.604+0000] {logging_mixin.py:188} WARNING - 2026-06-12 06:00:03,604 INFO [2026-06-11T00:00:00Z] Upcoming essential maintenance sessions on Data Stores underlying infrastructure on 15 June. Service disruption expected. For further details, please [visit our forum announcement](https://forum.ecmwf.int/t/upcoming-essential-maintenance-sessions-on-data-stores-underlying-infrastructure-part-2/150414).
[2026-06-12T06:00:03.604+0000] {legacy_client.py:192} INFO - [2026-06-11T00:00:00Z] Upcoming essential maintenance sessions on Data Stores underlying infrastructure on 15 June. Service disruption expected. For further details, please [visit our forum announcement](https://forum.ecmwf.int/t/upcoming-essential-maintenance-sessions-on-data-stores-underlying-infrastructure-part-2/150414).
[2026-06-12T06:00:03.611+0000] {logging_mixin.py:188} WARNING - 2026-06-12 06:00:03 [INFO] === START job=instant date=2026-06-12 ===
[2026-06-12T06:00:03.611+0000] {era5_functions.py:368} INFO - === START job=instant date=2026-06-12 ===
[2026-06-12T06:00:03.614+0000] {logging_mixin.py:188} WARNING - 2026-06-12 06:00:03 [INFO] --- job=instant date=20260612 ---
[2026-06-12T06:00:03.613+0000] {era5_functions.py:330} INFO - --- job=instant date=20260612 ---
[2026-06-12T06:00:04.386+0000] {logging_mixin.py:188} WARNING - 2026-06-12 06:00:04 [WARNING] get_cds_count failed: 400 Client Error: Bad Request for url: https://cds.climate.copernicus.eu/api/retrieve/v1/processes/reanalysis-era5-single-levels/execution
invalid request
None of the data you have requested is available yet, please revise the period requested. The latest date available for this dataset is: 2026-06-07 06:00
[2026-06-12T06:00:04.386+0000] {era5_functions.py:131} WARNING - get_cds_count failed: 400 Client Error: Bad Request for url: https://cds.climate.copernicus.eu/api/retrieve/v1/processes/reanalysis-era5-single-levels/execution
invalid request
None of the data you have requested is available yet, please revise the period requested. The latest date available for this dataset is: 2026-06-07 06:00
[2026-06-12T06:00:04.390+0000] {logging_mixin.py:188} WARNING - 2026-06-12 06:00:04 [WARNING] CDS ยังไม่มีข้อมูล job=instant date=20260612, skip
[2026-06-12T06:00:04.390+0000] {era5_functions.py:335} WARNING - CDS ยังไม่มีข้อมูล job=instant date=20260612, skip
[2026-06-12T06:00:04.393+0000] {logging_mixin.py:188} WARNING - 2026-06-12 06:00:04 [INFO] --- job=instant date=20260611 ---
[2026-06-12T06:00:04.393+0000] {era5_functions.py:330} INFO - --- job=instant date=20260611 ---
[2026-06-12T06:00:05.136+0000] {logging_mixin.py:188} WARNING - 2026-06-12 06:00:05 [WARNING] get_cds_count failed: 400 Client Error: Bad Request for url: https://cds.climate.copernicus.eu/api/retrieve/v1/processes/reanalysis-era5-single-levels/execution
invalid request
None of the data you have requested is available yet, please revise the period requested. The latest date available for this dataset is: 2026-06-07 06:00
[2026-06-12T06:00:05.136+0000] {era5_functions.py:131} WARNING - get_cds_count failed: 400 Client Error: Bad Request for url: https://cds.climate.copernicus.eu/api/retrieve/v1/processes/reanalysis-era5-single-levels/execution
invalid request
None of the data you have requested is available yet, please revise the period requested. The latest date available for this dataset is: 2026-06-07 06:00
[2026-06-12T06:00:05.139+0000] {logging_mixin.py:188} WARNING - 2026-06-12 06:00:05 [WARNING] CDS ยังไม่มีข้อมูล job=instant date=20260611, skip
[2026-06-12T06:00:05.139+0000] {era5_functions.py:335} WARNING - CDS ยังไม่มีข้อมูล job=instant date=20260611, skip
[2026-06-12T06:00:05.142+0000] {logging_mixin.py:188} WARNING - 2026-06-12 06:00:05 [INFO] --- job=instant date=20260610 ---
[2026-06-12T06:00:05.142+0000] {era5_functions.py:330} INFO - --- job=instant date=20260610 ---
[2026-06-12T06:00:05.966+0000] {logging_mixin.py:188} WARNING - 2026-06-12 06:00:05 [WARNING] get_cds_count failed: 400 Client Error: Bad Request for url: https://cds.climate.copernicus.eu/api/retrieve/v1/processes/reanalysis-era5-single-levels/execution
invalid request
None of the data you have requested is available yet, please revise the period requested. The latest date available for this dataset is: 2026-06-07 06:00
[2026-06-12T06:00:05.965+0000] {era5_functions.py:131} WARNING - get_cds_count failed: 400 Client Error: Bad Request for url: https://cds.climate.copernicus.eu/api/retrieve/v1/processes/reanalysis-era5-single-levels/execution
invalid request
None of the data you have requested is available yet, please revise the period requested. The latest date available for this dataset is: 2026-06-07 06:00
[2026-06-12T06:00:05.969+0000] {logging_mixin.py:188} WARNING - 2026-06-12 06:00:05 [WARNING] CDS ยังไม่มีข้อมูล job=instant date=20260610, skip
[2026-06-12T06:00:05.969+0000] {era5_functions.py:335} WARNING - CDS ยังไม่มีข้อมูล job=instant date=20260610, skip
[2026-06-12T06:00:05.972+0000] {logging_mixin.py:188} WARNING - 2026-06-12 06:00:05 [INFO] --- job=instant date=20260609 ---
[2026-06-12T06:00:05.972+0000] {era5_functions.py:330} INFO - --- job=instant date=20260609 ---
[2026-06-12T06:00:06.569+0000] {logging_mixin.py:188} WARNING - 2026-06-12 06:00:06 [WARNING] get_cds_count failed: 400 Client Error: Bad Request for url: https://cds.climate.copernicus.eu/api/retrieve/v1/processes/reanalysis-era5-single-levels/execution
invalid request
None of the data you have requested is available yet, please revise the period requested. The latest date available for this dataset is: 2026-06-07 06:00
[2026-06-12T06:00:06.569+0000] {era5_functions.py:131} WARNING - get_cds_count failed: 400 Client Error: Bad Request for url: https://cds.climate.copernicus.eu/api/retrieve/v1/processes/reanalysis-era5-single-levels/execution
invalid request
None of the data you have requested is available yet, please revise the period requested. The latest date available for this dataset is: 2026-06-07 06:00
[2026-06-12T06:00:06.574+0000] {logging_mixin.py:188} WARNING - 2026-06-12 06:00:06 [WARNING] CDS ยังไม่มีข้อมูล job=instant date=20260609, skip
[2026-06-12T06:00:06.574+0000] {era5_functions.py:335} WARNING - CDS ยังไม่มีข้อมูล job=instant date=20260609, skip
[2026-06-12T06:00:06.578+0000] {logging_mixin.py:188} WARNING - 2026-06-12 06:00:06 [INFO] --- job=instant date=20260608 ---
[2026-06-12T06:00:06.578+0000] {era5_functions.py:330} INFO - --- job=instant date=20260608 ---
[2026-06-12T06:00:06.986+0000] {logging_mixin.py:188} WARNING - 2026-06-12 06:00:06 [WARNING] get_cds_count failed: 400 Client Error: Bad Request for url: https://cds.climate.copernicus.eu/api/retrieve/v1/processes/reanalysis-era5-single-levels/execution
invalid request
None of the data you have requested is available yet, please revise the period requested. The latest date available for this dataset is: 2026-06-07 06:00
[2026-06-12T06:00:06.986+0000] {era5_functions.py:131} WARNING - get_cds_count failed: 400 Client Error: Bad Request for url: https://cds.climate.copernicus.eu/api/retrieve/v1/processes/reanalysis-era5-single-levels/execution
invalid request
None of the data you have requested is available yet, please revise the period requested. The latest date available for this dataset is: 2026-06-07 06:00
[2026-06-12T06:00:06.989+0000] {logging_mixin.py:188} WARNING - 2026-06-12 06:00:06 [WARNING] CDS ยังไม่มีข้อมูล job=instant date=20260608, skip
[2026-06-12T06:00:06.989+0000] {era5_functions.py:335} WARNING - CDS ยังไม่มีข้อมูล job=instant date=20260608, skip
[2026-06-12T06:00:06.991+0000] {logging_mixin.py:188} WARNING - 2026-06-12 06:00:06 [INFO] --- job=instant date=20260607 ---
[2026-06-12T06:00:06.990+0000] {era5_functions.py:330} INFO - --- job=instant date=20260607 ---
[2026-06-12T06:00:08.098+0000] {logging_mixin.py:188} WARNING - 2026-06-12 06:00:08,097 INFO [2025-12-11T00:00:00] Please note that a dedicated catalogue entry for this dataset, post-processed and stored in Analysis Ready Cloud Optimized (ARCO) format (Zarr), is available for optimised time-series retrievals (i.e. for retrieving data from selected variables for a single point over an extended period of time in an efficient way). You can discover it [here](https://cds.climate.copernicus.eu/datasets/reanalysis-era5-single-levels-timeseries?tab=overview)
[2026-06-12T06:00:08.097+0000] {legacy_client.py:192} INFO - [2025-12-11T00:00:00] Please note that a dedicated catalogue entry for this dataset, post-processed and stored in Analysis Ready Cloud Optimized (ARCO) format (Zarr), is available for optimised time-series retrievals (i.e. for retrieving data from selected variables for a single point over an extended period of time in an efficient way). You can discover it [here](https://cds.climate.copernicus.eu/datasets/reanalysis-era5-single-levels-timeseries?tab=overview)
[2026-06-12T06:00:08.102+0000] {logging_mixin.py:188} WARNING - 2026-06-12 06:00:08,102 INFO Request ID is 97acadbe-63cf-41e4-81cf-c1ce59dba867
[2026-06-12T06:00:08.102+0000] {legacy_client.py:192} INFO - Request ID is 97acadbe-63cf-41e4-81cf-c1ce59dba867
[2026-06-12T06:00:09.095+0000] {logging_mixin.py:188} WARNING - 2026-06-12 06:00:09,094 INFO status has been updated to accepted
[2026-06-12T06:00:09.094+0000] {legacy_client.py:192} INFO - status has been updated to accepted
[2026-06-12T06:00:28.588+0000] {logging_mixin.py:188} WARNING - 2026-06-12 06:00:28,588 INFO status has been updated to running
[2026-06-12T06:00:28.588+0000] {legacy_client.py:192} INFO - status has been updated to running
[2026-06-12T06:00:36.389+0000] {logging_mixin.py:188} WARNING - 2026-06-12 06:00:36,389 INFO status has been updated to successful
[2026-06-12T06:00:36.389+0000] {legacy_client.py:192} INFO - status has been updated to successful
[2026-06-12T06:00:36.792+0000] {base.py:119} INFO - Downloading https://object-store.os-api.cci2.ecmwf.int:443/cci2-prod-cache-3/2026-06-12/a4e1852f794f5b3da8818aeb02003d87.nc
[2026-06-12T06:00:37.840+0000] {logging_mixin.py:188} WARNING - a4e1852f794f5b3da8818aeb02003d87.nc:   0%|          | 0.00/828k [00:00<?, ?B/s]
[2026-06-12T06:00:39.773+0000] {logging_mixin.py:188} WARNING - a4e1852f794f5b3da8818aeb02003d87.nc: 100%|##########| 828k/828k [00:01<00:00, 439kB/s]
[2026-06-12T06:00:39.777+0000] {logging_mixin.py:188} WARNING -                                                                                       
[2026-06-12T06:00:40.057+0000] {logging_mixin.py:188} WARNING - 2026-06-12 06:00:40 [INFO] CDS timestep available: 7
[2026-06-12T06:00:40.056+0000] {era5_functions.py:128} INFO - CDS timestep available: 7
[2026-06-12T06:00:40.136+0000] {logging_mixin.py:188} WARNING - 2026-06-12 06:00:40 [INFO] local timestep: 6 — /opt/***/era5/ecmwf/data/nc/_raw/2026/06/07/instant_20260607.nc
[2026-06-12T06:00:40.136+0000] {era5_functions.py:152} INFO - local timestep: 6 — /opt/***/era5/ecmwf/data/nc/_raw/2026/06/07/instant_20260607.nc
[2026-06-12T06:00:40.144+0000] {logging_mixin.py:188} WARNING - 2026-06-12 06:00:40 [INFO] nc outdated (local=6 < cds=7), removing: /opt/***/era5/ecmwf/data/nc/_raw/2026/06/07/instant_20260607.nc
[2026-06-12T06:00:40.144+0000] {era5_functions.py:193} INFO - nc outdated (local=6 < cds=7), removing: /opt/***/era5/ecmwf/data/nc/_raw/2026/06/07/instant_20260607.nc
[2026-06-12T06:00:40.167+0000] {logging_mixin.py:188} WARNING - 2026-06-12 06:00:40 [INFO] download attempt 1/3: /opt/***/era5/ecmwf/data/nc/_raw/2026/06/07/instant_20260607.nc
[2026-06-12T06:00:40.167+0000] {era5_functions.py:200} INFO - download attempt 1/3: /opt/***/era5/ecmwf/data/nc/_raw/2026/06/07/instant_20260607.nc
[2026-06-12T06:00:41.040+0000] {logging_mixin.py:188} WARNING - 2026-06-12 06:00:41,039 INFO [2025-12-11T00:00:00] Please note that a dedicated catalogue entry for this dataset, post-processed and stored in Analysis Ready Cloud Optimized (ARCO) format (Zarr), is available for optimised time-series retrievals (i.e. for retrieving data from selected variables for a single point over an extended period of time in an efficient way). You can discover it [here](https://cds.climate.copernicus.eu/datasets/reanalysis-era5-single-levels-timeseries?tab=overview)
[2026-06-12T06:00:41.039+0000] {legacy_client.py:192} INFO - [2025-12-11T00:00:00] Please note that a dedicated catalogue entry for this dataset, post-processed and stored in Analysis Ready Cloud Optimized (ARCO) format (Zarr), is available for optimised time-series retrievals (i.e. for retrieving data from selected variables for a single point over an extended period of time in an efficient way). You can discover it [here](https://cds.climate.copernicus.eu/datasets/reanalysis-era5-single-levels-timeseries?tab=overview)
[2026-06-12T06:00:41.044+0000] {logging_mixin.py:188} WARNING - 2026-06-12 06:00:41,044 INFO Request ID is 54819259-ee08-44a4-974e-d790efed32a6
[2026-06-12T06:00:41.044+0000] {legacy_client.py:192} INFO - Request ID is 54819259-ee08-44a4-974e-d790efed32a6
[2026-06-12T06:00:43.844+0000] {logging_mixin.py:188} WARNING - 2026-06-12 06:00:43,844 INFO status has been updated to accepted
[2026-06-12T06:00:43.844+0000] {legacy_client.py:192} INFO - status has been updated to accepted
[2026-06-12T06:01:18.465+0000] {logging_mixin.py:188} WARNING - 2026-06-12 06:01:18,465 INFO status has been updated to running
[2026-06-12T06:01:18.465+0000] {legacy_client.py:192} INFO - status has been updated to running
[2026-06-12T06:01:35.757+0000] {logging_mixin.py:188} WARNING - 2026-06-12 06:01:35,756 INFO status has been updated to successful
[2026-06-12T06:01:35.756+0000] {legacy_client.py:192} INFO - status has been updated to successful
[2026-06-12T06:01:36.218+0000] {base.py:119} INFO - Downloading https://object-store.os-api.cci2.ecmwf.int:443/cci2-prod-cache-2/2026-06-12/a981f26ff78a703517eadc85df9691ee.nc
[2026-06-12T06:01:37.269+0000] {logging_mixin.py:188} WARNING - a981f26ff78a703517eadc85df9691ee.nc:   0%|          | 0.00/828k [00:00<?, ?B/s]
[2026-06-12T06:01:39.230+0000] {logging_mixin.py:188} WARNING - a981f26ff78a703517eadc85df9691ee.nc: 100%|##########| 828k/828k [00:01<00:00, 433kB/s]
[2026-06-12T06:01:39.242+0000] {logging_mixin.py:188} WARNING -                                                                                       
[2026-06-12T06:01:39.357+0000] {logging_mixin.py:188} WARNING - 2026-06-12 06:01:39 [INFO] nc downloaded ok: /opt/***/era5/ecmwf/data/nc/_raw/2026/06/07/instant_20260607.nc
[2026-06-12T06:01:39.357+0000] {era5_functions.py:204} INFO - nc downloaded ok: /opt/***/era5/ecmwf/data/nc/_raw/2026/06/07/instant_20260607.nc
[2026-06-12T06:01:39.443+0000] {logging_mixin.py:188} WARNING - 2026-06-12 06:01:39 [INFO] local timestep: 7 — /opt/***/era5/ecmwf/data/nc/_raw/2026/06/07/instant_20260607.nc
[2026-06-12T06:01:39.442+0000] {era5_functions.py:152} INFO - local timestep: 7 — /opt/***/era5/ecmwf/data/nc/_raw/2026/06/07/instant_20260607.nc
[2026-06-12T06:01:39.568+0000] {logging_mixin.py:188} WARNING - 2026-06-12 06:01:39 [INFO] tif outdated (tif=6 < nc=7), removing: /opt/***/era5/ecmwf/data/tif/2026/06/07/t2m_20260607.tif
[2026-06-12T06:01:39.567+0000] {era5_functions.py:261} INFO - tif outdated (tif=6 < nc=7), removing: /opt/***/era5/ecmwf/data/tif/2026/06/07/t2m_20260607.tif
[2026-06-12T06:01:39.669+0000] {logging_mixin.py:188} WARNING - 2026-06-12 06:01:39 [INFO] tif ok (bands=7): /opt/***/era5/ecmwf/data/tif/2026/06/07/t2m_20260607.tif
[2026-06-12T06:01:39.669+0000] {era5_functions.py:304} INFO - tif ok (bands=7): /opt/***/era5/ecmwf/data/tif/2026/06/07/t2m_20260607.tif
[2026-06-12T06:01:39.687+0000] {logging_mixin.py:188} WARNING - 2026-06-12 06:01:39 [INFO] tif outdated (tif=6 < nc=7), removing: /opt/***/era5/ecmwf/data/tif/2026/06/07/d2m_20260607.tif
[2026-06-12T06:01:39.687+0000] {era5_functions.py:261} INFO - tif outdated (tif=6 < nc=7), removing: /opt/***/era5/ecmwf/data/tif/2026/06/07/d2m_20260607.tif
[2026-06-12T06:01:39.770+0000] {logging_mixin.py:188} WARNING - 2026-06-12 06:01:39 [INFO] tif ok (bands=7): /opt/***/era5/ecmwf/data/tif/2026/06/07/d2m_20260607.tif
[2026-06-12T06:01:39.770+0000] {era5_functions.py:304} INFO - tif ok (bands=7): /opt/***/era5/ecmwf/data/tif/2026/06/07/d2m_20260607.tif
[2026-06-12T06:01:39.790+0000] {logging_mixin.py:188} WARNING - 2026-06-12 06:01:39 [INFO] tif outdated (tif=6 < nc=7), removing: /opt/***/era5/ecmwf/data/tif/2026/06/07/sp_20260607.tif
[2026-06-12T06:01:39.790+0000] {era5_functions.py:261} INFO - tif outdated (tif=6 < nc=7), removing: /opt/***/era5/ecmwf/data/tif/2026/06/07/sp_20260607.tif
[2026-06-12T06:01:39.874+0000] {logging_mixin.py:188} WARNING - 2026-06-12 06:01:39 [INFO] tif ok (bands=7): /opt/***/era5/ecmwf/data/tif/2026/06/07/sp_20260607.tif
[2026-06-12T06:01:39.874+0000] {era5_functions.py:304} INFO - tif ok (bands=7): /opt/***/era5/ecmwf/data/tif/2026/06/07/sp_20260607.tif
[2026-06-12T06:01:39.892+0000] {logging_mixin.py:188} WARNING - 2026-06-12 06:01:39 [INFO] tif outdated (tif=6 < nc=7), removing: /opt/***/era5/ecmwf/data/tif/2026/06/07/blh_20260607.tif
[2026-06-12T06:01:39.892+0000] {era5_functions.py:261} INFO - tif outdated (tif=6 < nc=7), removing: /opt/***/era5/ecmwf/data/tif/2026/06/07/blh_20260607.tif
[2026-06-12T06:01:39.985+0000] {logging_mixin.py:188} WARNING - 2026-06-12 06:01:39 [INFO] tif ok (bands=7): /opt/***/era5/ecmwf/data/tif/2026/06/07/blh_20260607.tif
[2026-06-12T06:01:39.985+0000] {era5_functions.py:304} INFO - tif ok (bands=7): /opt/***/era5/ecmwf/data/tif/2026/06/07/blh_20260607.tif
[2026-06-12T06:01:40.006+0000] {logging_mixin.py:188} WARNING - 2026-06-12 06:01:40 [INFO] tif outdated (tif=6 < nc=7), removing: /opt/***/era5/ecmwf/data/tif/2026/06/07/u10_20260607.tif
[2026-06-12T06:01:40.006+0000] {era5_functions.py:261} INFO - tif outdated (tif=6 < nc=7), removing: /opt/***/era5/ecmwf/data/tif/2026/06/07/u10_20260607.tif
[2026-06-12T06:01:40.099+0000] {logging_mixin.py:188} WARNING - 2026-06-12 06:01:40 [INFO] tif ok (bands=7): /opt/***/era5/ecmwf/data/tif/2026/06/07/u10_20260607.tif
[2026-06-12T06:01:40.098+0000] {era5_functions.py:304} INFO - tif ok (bands=7): /opt/***/era5/ecmwf/data/tif/2026/06/07/u10_20260607.tif
[2026-06-12T06:01:40.116+0000] {logging_mixin.py:188} WARNING - 2026-06-12 06:01:40 [INFO] tif outdated (tif=6 < nc=7), removing: /opt/***/era5/ecmwf/data/tif/2026/06/07/v10_20260607.tif
[2026-06-12T06:01:40.116+0000] {era5_functions.py:261} INFO - tif outdated (tif=6 < nc=7), removing: /opt/***/era5/ecmwf/data/tif/2026/06/07/v10_20260607.tif
[2026-06-12T06:01:40.207+0000] {logging_mixin.py:188} WARNING - 2026-06-12 06:01:40 [INFO] tif ok (bands=7): /opt/***/era5/ecmwf/data/tif/2026/06/07/v10_20260607.tif
[2026-06-12T06:01:40.206+0000] {era5_functions.py:304} INFO - tif ok (bands=7): /opt/***/era5/ecmwf/data/tif/2026/06/07/v10_20260607.tif
[2026-06-12T06:01:40.212+0000] {logging_mixin.py:188} WARNING - 2026-06-12 06:01:40 [INFO] === END job=instant date=2026-06-12 ===
[2026-06-12T06:01:40.212+0000] {era5_functions.py:379} INFO - === END job=instant date=2026-06-12 ===
[2026-06-12T06:01:40.214+0000] {python.py:237} INFO - Done. Returned value was: None
[2026-06-12T06:01:40.215+0000] {taskinstance.py:441} INFO - ::group::Post task execution logs
[2026-06-12T06:01:40.227+0000] {taskinstance.py:1206} INFO - Marking task as SUCCESS. dag_id=era5_download_pipeline, task_id=era5_instant, run_id=scheduled__2026-06-12T05:00:00+00:00, execution_date=20260612T050000, start_date=20260612T060002, end_date=20260612T060140
[2026-06-12T06:01:40.281+0000] {local_task_job_runner.py:240} INFO - Task exited with return code 0
[2026-06-12T06:01:40.307+0000] {taskinstance.py:3498} INFO - 1 downstream tasks scheduled from follow-on schedule check
[2026-06-12T06:01:40.310+0000] {local_task_job_runner.py:222} INFO - ::endgroup::
