[2026-06-19T16:01:30.053+0000] {local_task_job_runner.py:120} INFO - ::group::Pre task execution logs
[2026-06-19T16:01:30.080+0000] {taskinstance.py:2076} INFO - Dependencies all met for dep_context=non-requeueable deps ti=<TaskInstance: era5_download_pipeline.era5_accum scheduled__2026-06-19T15:00:00+00:00 [queued]>
[2026-06-19T16:01:30.092+0000] {taskinstance.py:2076} INFO - Dependencies all met for dep_context=requeueable deps ti=<TaskInstance: era5_download_pipeline.era5_accum scheduled__2026-06-19T15:00:00+00:00 [queued]>
[2026-06-19T16:01:30.094+0000] {taskinstance.py:2306} INFO - Starting attempt 1 of 1
[2026-06-19T16:01:30.112+0000] {taskinstance.py:2330} INFO - Executing <Task(PythonOperator): era5_accum> on 2026-06-19 15:00:00+00:00
[2026-06-19T16:01:30.124+0000] {warnings.py:110} WARNING - /home/***/.local/lib/python3.12/site-packages/***/task/task_runner/standard_task_runner.py:61: DeprecationWarning: This process (pid=154775) is multi-threaded, use of fork() may lead to deadlocks in the child.
  pid = os.fork()

[2026-06-19T16:01:30.127+0000] {standard_task_runner.py:63} INFO - Started process 154784 to run task
[2026-06-19T16:01:30.127+0000] {standard_task_runner.py:90} INFO - Running: ['***', 'tasks', 'run', 'era5_download_pipeline', 'era5_accum', 'scheduled__2026-06-19T15:00:00+00:00', '--job-id', '1929', '--raw', '--subdir', 'DAGS_FOLDER/era5_dag.py', '--cfg-path', '/tmp/tmppbtzp2dn']
[2026-06-19T16:01:30.132+0000] {standard_task_runner.py:91} INFO - Job 1929: Subtask era5_accum
[2026-06-19T16:01:30.210+0000] {task_command.py:426} INFO - Running <TaskInstance: era5_download_pipeline.era5_accum scheduled__2026-06-19T15:00:00+00:00 [running]> on host 01cd476fb21a
[2026-06-19T16:01:30.328+0000] {taskinstance.py:2648} INFO - Exporting env vars: AIRFLOW_CTX_DAG_OWNER='era5' AIRFLOW_CTX_DAG_ID='era5_download_pipeline' AIRFLOW_CTX_TASK_ID='era5_accum' AIRFLOW_CTX_EXECUTION_DATE='2026-06-19T15:00:00+00:00' AIRFLOW_CTX_TRY_NUMBER='1' AIRFLOW_CTX_DAG_RUN_ID='scheduled__2026-06-19T15:00:00+00:00'
[2026-06-19T16:01:30.331+0000] {taskinstance.py:430} INFO - ::endgroup::
[2026-06-19T16:01:31.404+0000] {logging_mixin.py:188} WARNING - 2026-06-19 16:01:31 [INFO] === START job=accum date=2026-06-19 ===
[2026-06-19T16:01:31.403+0000] {era5_functions.py:368} INFO - === START job=accum date=2026-06-19 ===
[2026-06-19T16:01:31.407+0000] {logging_mixin.py:188} WARNING - 2026-06-19 16:01:31 [INFO] --- job=accum date=20260619 ---
[2026-06-19T16:01:31.407+0000] {era5_functions.py:330} INFO - --- job=accum date=20260619 ---
[2026-06-19T16:01:32.352+0000] {logging_mixin.py:188} WARNING - 2026-06-19 16:01:32 [WARNING] get_cds_count failed: 400 Client Error: Bad Request for url: https://cds.climate.copernicus.eu/api/retrieve/v1/processes/reanalysis-era5-single-levels/execution
invalid request
None of the data you have requested is available yet, please revise the period requested. The latest date available for this dataset is: 2026-06-14 16:00
[2026-06-19T16:01:32.352+0000] {era5_functions.py:131} WARNING - get_cds_count failed: 400 Client Error: Bad Request for url: https://cds.climate.copernicus.eu/api/retrieve/v1/processes/reanalysis-era5-single-levels/execution
invalid request
None of the data you have requested is available yet, please revise the period requested. The latest date available for this dataset is: 2026-06-14 16:00
[2026-06-19T16:01:32.357+0000] {logging_mixin.py:188} WARNING - 2026-06-19 16:01:32 [WARNING] CDS ยังไม่มีข้อมูล job=accum date=20260619, skip
[2026-06-19T16:01:32.357+0000] {era5_functions.py:335} WARNING - CDS ยังไม่มีข้อมูล job=accum date=20260619, skip
[2026-06-19T16:01:32.359+0000] {logging_mixin.py:188} WARNING - 2026-06-19 16:01:32 [INFO] --- job=accum date=20260618 ---
[2026-06-19T16:01:32.359+0000] {era5_functions.py:330} INFO - --- job=accum date=20260618 ---
[2026-06-19T16:01:32.805+0000] {logging_mixin.py:188} WARNING - 2026-06-19 16:01:32 [WARNING] get_cds_count failed: 400 Client Error: Bad Request for url: https://cds.climate.copernicus.eu/api/retrieve/v1/processes/reanalysis-era5-single-levels/execution
invalid request
None of the data you have requested is available yet, please revise the period requested. The latest date available for this dataset is: 2026-06-14 16:00
[2026-06-19T16:01:32.804+0000] {era5_functions.py:131} WARNING - get_cds_count failed: 400 Client Error: Bad Request for url: https://cds.climate.copernicus.eu/api/retrieve/v1/processes/reanalysis-era5-single-levels/execution
invalid request
None of the data you have requested is available yet, please revise the period requested. The latest date available for this dataset is: 2026-06-14 16:00
[2026-06-19T16:01:32.808+0000] {logging_mixin.py:188} WARNING - 2026-06-19 16:01:32 [WARNING] CDS ยังไม่มีข้อมูล job=accum date=20260618, skip
[2026-06-19T16:01:32.808+0000] {era5_functions.py:335} WARNING - CDS ยังไม่มีข้อมูล job=accum date=20260618, skip
[2026-06-19T16:01:32.810+0000] {logging_mixin.py:188} WARNING - 2026-06-19 16:01:32 [INFO] --- job=accum date=20260617 ---
[2026-06-19T16:01:32.810+0000] {era5_functions.py:330} INFO - --- job=accum date=20260617 ---
[2026-06-19T16:01:33.265+0000] {logging_mixin.py:188} WARNING - 2026-06-19 16:01:33 [WARNING] get_cds_count failed: 400 Client Error: Bad Request for url: https://cds.climate.copernicus.eu/api/retrieve/v1/processes/reanalysis-era5-single-levels/execution
invalid request
None of the data you have requested is available yet, please revise the period requested. The latest date available for this dataset is: 2026-06-14 16:00
[2026-06-19T16:01:33.265+0000] {era5_functions.py:131} WARNING - get_cds_count failed: 400 Client Error: Bad Request for url: https://cds.climate.copernicus.eu/api/retrieve/v1/processes/reanalysis-era5-single-levels/execution
invalid request
None of the data you have requested is available yet, please revise the period requested. The latest date available for this dataset is: 2026-06-14 16:00
[2026-06-19T16:01:33.268+0000] {logging_mixin.py:188} WARNING - 2026-06-19 16:01:33 [WARNING] CDS ยังไม่มีข้อมูล job=accum date=20260617, skip
[2026-06-19T16:01:33.268+0000] {era5_functions.py:335} WARNING - CDS ยังไม่มีข้อมูล job=accum date=20260617, skip
[2026-06-19T16:01:33.271+0000] {logging_mixin.py:188} WARNING - 2026-06-19 16:01:33 [INFO] --- job=accum date=20260616 ---
[2026-06-19T16:01:33.271+0000] {era5_functions.py:330} INFO - --- job=accum date=20260616 ---
[2026-06-19T16:01:33.675+0000] {logging_mixin.py:188} WARNING - 2026-06-19 16:01:33 [WARNING] get_cds_count failed: 400 Client Error: Bad Request for url: https://cds.climate.copernicus.eu/api/retrieve/v1/processes/reanalysis-era5-single-levels/execution
invalid request
None of the data you have requested is available yet, please revise the period requested. The latest date available for this dataset is: 2026-06-14 16:00
[2026-06-19T16:01:33.674+0000] {era5_functions.py:131} WARNING - get_cds_count failed: 400 Client Error: Bad Request for url: https://cds.climate.copernicus.eu/api/retrieve/v1/processes/reanalysis-era5-single-levels/execution
invalid request
None of the data you have requested is available yet, please revise the period requested. The latest date available for this dataset is: 2026-06-14 16:00
[2026-06-19T16:01:33.679+0000] {logging_mixin.py:188} WARNING - 2026-06-19 16:01:33 [WARNING] CDS ยังไม่มีข้อมูล job=accum date=20260616, skip
[2026-06-19T16:01:33.679+0000] {era5_functions.py:335} WARNING - CDS ยังไม่มีข้อมูล job=accum date=20260616, skip
[2026-06-19T16:01:33.682+0000] {logging_mixin.py:188} WARNING - 2026-06-19 16:01:33 [INFO] --- job=accum date=20260615 ---
[2026-06-19T16:01:33.681+0000] {era5_functions.py:330} INFO - --- job=accum date=20260615 ---
[2026-06-19T16:01:34.100+0000] {logging_mixin.py:188} WARNING - 2026-06-19 16:01:34 [WARNING] get_cds_count failed: 400 Client Error: Bad Request for url: https://cds.climate.copernicus.eu/api/retrieve/v1/processes/reanalysis-era5-single-levels/execution
invalid request
None of the data you have requested is available yet, please revise the period requested. The latest date available for this dataset is: 2026-06-14 16:00
[2026-06-19T16:01:34.100+0000] {era5_functions.py:131} WARNING - get_cds_count failed: 400 Client Error: Bad Request for url: https://cds.climate.copernicus.eu/api/retrieve/v1/processes/reanalysis-era5-single-levels/execution
invalid request
None of the data you have requested is available yet, please revise the period requested. The latest date available for this dataset is: 2026-06-14 16:00
[2026-06-19T16:01:34.104+0000] {logging_mixin.py:188} WARNING - 2026-06-19 16:01:34 [WARNING] CDS ยังไม่มีข้อมูล job=accum date=20260615, skip
[2026-06-19T16:01:34.103+0000] {era5_functions.py:335} WARNING - CDS ยังไม่มีข้อมูล job=accum date=20260615, skip
[2026-06-19T16:01:34.106+0000] {logging_mixin.py:188} WARNING - 2026-06-19 16:01:34 [INFO] --- job=accum date=20260614 ---
[2026-06-19T16:01:34.106+0000] {era5_functions.py:330} INFO - --- job=accum date=20260614 ---
[2026-06-19T16:01:35.121+0000] {logging_mixin.py:188} WARNING - 2026-06-19 16:01:35,121 INFO [2025-12-11T00:00:00] Please note that a dedicated catalogue entry for this dataset, post-processed and stored in Analysis Ready Cloud Optimized (ARCO) format (Zarr), is available for optimised time-series retrievals (i.e. for retrieving data from selected variables for a single point over an extended period of time in an efficient way). You can discover it [here](https://cds.climate.copernicus.eu/datasets/reanalysis-era5-single-levels-timeseries?tab=overview)
[2026-06-19T16:01:35.121+0000] {legacy_client.py:192} INFO - [2025-12-11T00:00:00] Please note that a dedicated catalogue entry for this dataset, post-processed and stored in Analysis Ready Cloud Optimized (ARCO) format (Zarr), is available for optimised time-series retrievals (i.e. for retrieving data from selected variables for a single point over an extended period of time in an efficient way). You can discover it [here](https://cds.climate.copernicus.eu/datasets/reanalysis-era5-single-levels-timeseries?tab=overview)
[2026-06-19T16:01:35.123+0000] {logging_mixin.py:188} WARNING - 2026-06-19 16:01:35,123 INFO Request ID is 5bd952a1-3188-4e70-9e1d-71e1cfa5ba5a
[2026-06-19T16:01:35.123+0000] {legacy_client.py:192} INFO - Request ID is 5bd952a1-3188-4e70-9e1d-71e1cfa5ba5a
[2026-06-19T16:01:35.339+0000] {logging_mixin.py:188} WARNING - 2026-06-19 16:01:35,338 INFO status has been updated to accepted
[2026-06-19T16:01:35.338+0000] {legacy_client.py:192} INFO - status has been updated to accepted
[2026-06-19T16:01:49.599+0000] {logging_mixin.py:188} WARNING - 2026-06-19 16:01:49,599 INFO status has been updated to running
[2026-06-19T16:01:49.599+0000] {legacy_client.py:192} INFO - status has been updated to running
[2026-06-19T16:01:57.425+0000] {logging_mixin.py:188} WARNING - 2026-06-19 16:01:57,424 INFO status has been updated to successful
[2026-06-19T16:01:57.424+0000] {legacy_client.py:192} INFO - status has been updated to successful
[2026-06-19T16:01:57.826+0000] {base.py:119} INFO - Downloading https://object-store.os-api.cci2.ecmwf.int:443/cci2-prod-cache-3/2026-06-19/b8fcd55b2631164332ffc7cd7ae20e67.nc
[2026-06-19T16:01:58.539+0000] {logging_mixin.py:188} WARNING - b8fcd55b2631164332ffc7cd7ae20e67.nc:   0%|          | 0.00/250k [00:00<?, ?B/s]
[2026-06-19T16:01:59.929+0000] {logging_mixin.py:188} WARNING - b8fcd55b2631164332ffc7cd7ae20e67.nc: 100%|##########| 250k/250k [00:01<00:00, 184kB/s]
[2026-06-19T16:01:59.935+0000] {logging_mixin.py:188} WARNING -                                                                                       
[2026-06-19T16:02:00.254+0000] {logging_mixin.py:188} WARNING - 2026-06-19 16:02:00 [INFO] CDS timestep available: 17
[2026-06-19T16:02:00.253+0000] {era5_functions.py:128} INFO - CDS timestep available: 17
[2026-06-19T16:02:00.307+0000] {logging_mixin.py:188} WARNING - 2026-06-19 16:02:00 [INFO] local timestep: 16 — /opt/***/era5/ecmwf/data/nc/_raw/2026/06/14/accum_20260614.nc
[2026-06-19T16:02:00.307+0000] {era5_functions.py:152} INFO - local timestep: 16 — /opt/***/era5/ecmwf/data/nc/_raw/2026/06/14/accum_20260614.nc
[2026-06-19T16:02:00.314+0000] {logging_mixin.py:188} WARNING - 2026-06-19 16:02:00 [INFO] nc outdated (local=16 < cds=17), removing: /opt/***/era5/ecmwf/data/nc/_raw/2026/06/14/accum_20260614.nc
[2026-06-19T16:02:00.314+0000] {era5_functions.py:193} INFO - nc outdated (local=16 < cds=17), removing: /opt/***/era5/ecmwf/data/nc/_raw/2026/06/14/accum_20260614.nc
[2026-06-19T16:02:00.336+0000] {logging_mixin.py:188} WARNING - 2026-06-19 16:02:00 [INFO] download attempt 1/3: /opt/***/era5/ecmwf/data/nc/_raw/2026/06/14/accum_20260614.nc
[2026-06-19T16:02:00.336+0000] {era5_functions.py:200} INFO - download attempt 1/3: /opt/***/era5/ecmwf/data/nc/_raw/2026/06/14/accum_20260614.nc
[2026-06-19T16:02:01.549+0000] {logging_mixin.py:188} WARNING - 2026-06-19 16:02:01,548 INFO [2025-12-11T00:00:00] Please note that a dedicated catalogue entry for this dataset, post-processed and stored in Analysis Ready Cloud Optimized (ARCO) format (Zarr), is available for optimised time-series retrievals (i.e. for retrieving data from selected variables for a single point over an extended period of time in an efficient way). You can discover it [here](https://cds.climate.copernicus.eu/datasets/reanalysis-era5-single-levels-timeseries?tab=overview)
[2026-06-19T16:02:01.548+0000] {legacy_client.py:192} INFO - [2025-12-11T00:00:00] Please note that a dedicated catalogue entry for this dataset, post-processed and stored in Analysis Ready Cloud Optimized (ARCO) format (Zarr), is available for optimised time-series retrievals (i.e. for retrieving data from selected variables for a single point over an extended period of time in an efficient way). You can discover it [here](https://cds.climate.copernicus.eu/datasets/reanalysis-era5-single-levels-timeseries?tab=overview)
[2026-06-19T16:02:01.553+0000] {logging_mixin.py:188} WARNING - 2026-06-19 16:02:01,553 INFO Request ID is 6dfefc01-2d44-44f0-8d63-b6a7da2da43b
[2026-06-19T16:02:01.553+0000] {legacy_client.py:192} INFO - Request ID is 6dfefc01-2d44-44f0-8d63-b6a7da2da43b
[2026-06-19T16:02:01.762+0000] {logging_mixin.py:188} WARNING - 2026-06-19 16:02:01,762 INFO status has been updated to accepted
[2026-06-19T16:02:01.762+0000] {legacy_client.py:192} INFO - status has been updated to accepted
[2026-06-19T16:02:25.620+0000] {logging_mixin.py:188} WARNING - 2026-06-19 16:02:25,620 INFO status has been updated to running
[2026-06-19T16:02:25.620+0000] {legacy_client.py:192} INFO - status has been updated to running
[2026-06-19T16:02:37.215+0000] {logging_mixin.py:188} WARNING - 2026-06-19 16:02:37,215 INFO status has been updated to successful
[2026-06-19T16:02:37.215+0000] {legacy_client.py:192} INFO - status has been updated to successful
[2026-06-19T16:02:37.662+0000] {base.py:119} INFO - Downloading https://object-store.os-api.cci2.ecmwf.int:443/cci2-prod-cache-2/2026-06-19/7bd833687ac1e5cb186755294faca406.nc
[2026-06-19T16:02:38.337+0000] {logging_mixin.py:188} WARNING - 7bd833687ac1e5cb186755294faca406.nc:   0%|          | 0.00/250k [00:00<?, ?B/s]
[2026-06-19T16:02:40.056+0000] {logging_mixin.py:188} WARNING - 7bd833687ac1e5cb186755294faca406.nc: 100%|##########| 250k/250k [00:01<00:00, 149kB/s]
[2026-06-19T16:02:40.078+0000] {logging_mixin.py:188} WARNING -                                                                                       
[2026-06-19T16:02:40.163+0000] {logging_mixin.py:188} WARNING - 2026-06-19 16:02:40 [INFO] nc downloaded ok: /opt/***/era5/ecmwf/data/nc/_raw/2026/06/14/accum_20260614.nc
[2026-06-19T16:02:40.163+0000] {era5_functions.py:204} INFO - nc downloaded ok: /opt/***/era5/ecmwf/data/nc/_raw/2026/06/14/accum_20260614.nc
[2026-06-19T16:02:40.227+0000] {logging_mixin.py:188} WARNING - 2026-06-19 16:02:40 [INFO] local timestep: 17 — /opt/***/era5/ecmwf/data/nc/_raw/2026/06/14/accum_20260614.nc
[2026-06-19T16:02:40.226+0000] {era5_functions.py:152} INFO - local timestep: 17 — /opt/***/era5/ecmwf/data/nc/_raw/2026/06/14/accum_20260614.nc
[2026-06-19T16:02:40.303+0000] {logging_mixin.py:188} WARNING - 2026-06-19 16:02:40 [INFO] tif outdated (tif=16 < nc=17), removing: /opt/***/era5/ecmwf/data/tif/2026/06/14/tp_20260614.tif
[2026-06-19T16:02:40.303+0000] {era5_functions.py:261} INFO - tif outdated (tif=16 < nc=17), removing: /opt/***/era5/ecmwf/data/tif/2026/06/14/tp_20260614.tif
[2026-06-19T16:02:40.405+0000] {logging_mixin.py:188} WARNING - 2026-06-19 16:02:40 [INFO] tif ok (bands=17): /opt/***/era5/ecmwf/data/tif/2026/06/14/tp_20260614.tif
[2026-06-19T16:02:40.404+0000] {era5_functions.py:304} INFO - tif ok (bands=17): /opt/***/era5/ecmwf/data/tif/2026/06/14/tp_20260614.tif
[2026-06-19T16:02:40.411+0000] {logging_mixin.py:188} WARNING - 2026-06-19 16:02:40 [INFO] === END job=accum date=2026-06-19 ===
[2026-06-19T16:02:40.411+0000] {era5_functions.py:379} INFO - === END job=accum date=2026-06-19 ===
[2026-06-19T16:02:40.413+0000] {python.py:237} INFO - Done. Returned value was: None
[2026-06-19T16:02:40.414+0000] {taskinstance.py:441} INFO - ::group::Post task execution logs
[2026-06-19T16:02:40.427+0000] {taskinstance.py:1206} INFO - Marking task as SUCCESS. dag_id=era5_download_pipeline, task_id=era5_accum, run_id=scheduled__2026-06-19T15:00:00+00:00, execution_date=20260619T150000, start_date=20260619T160130, end_date=20260619T160240
[2026-06-19T16:02:40.492+0000] {local_task_job_runner.py:240} INFO - Task exited with return code 0
[2026-06-19T16:02:40.513+0000] {taskinstance.py:3498} INFO - 0 downstream tasks scheduled from follow-on schedule check
[2026-06-19T16:02:40.516+0000] {local_task_job_runner.py:222} INFO - ::endgroup::
