[2026-05-19T09:06:04.171+0000] {local_task_job_runner.py:120} INFO - ::group::Pre task execution logs
[2026-05-19T09:06:04.195+0000] {taskinstance.py:2076} INFO - Dependencies all met for dep_context=non-requeueable deps ti=<TaskInstance: era5_ecmwf_pipeline.era5_accum manual__2026-05-19T09:06:02.044753+00:00 [queued]>
[2026-05-19T09:06:04.204+0000] {taskinstance.py:2076} INFO - Dependencies all met for dep_context=requeueable deps ti=<TaskInstance: era5_ecmwf_pipeline.era5_accum manual__2026-05-19T09:06:02.044753+00:00 [queued]>
[2026-05-19T09:06:04.206+0000] {taskinstance.py:2306} INFO - Starting attempt 1 of 3
[2026-05-19T09:06:04.225+0000] {taskinstance.py:2330} INFO - Executing <Task(PythonOperator): era5_accum> on 2026-05-19 09:06:02.044753+00:00
[2026-05-19T09:06:04.235+0000] {warnings.py:110} WARNING - /home/***/.local/lib/python3.12/site-packages/***/task/task_runner/standard_task_runner.py:61: DeprecationWarning: This process (pid=106) is multi-threaded, use of fork() may lead to deadlocks in the child.
  pid = os.fork()

[2026-05-19T09:06:04.237+0000] {standard_task_runner.py:63} INFO - Started process 110 to run task
[2026-05-19T09:06:04.239+0000] {standard_task_runner.py:90} INFO - Running: ['***', 'tasks', 'run', 'era5_ecmwf_pipeline', 'era5_accum', 'manual__2026-05-19T09:06:02.044753+00:00', '--job-id', '144', '--raw', '--subdir', 'DAGS_FOLDER/era5_dag.py', '--cfg-path', '/tmp/tmp6o4dd5co']
[2026-05-19T09:06:04.243+0000] {standard_task_runner.py:91} INFO - Job 144: Subtask era5_accum
[2026-05-19T09:06:04.325+0000] {task_command.py:426} INFO - Running <TaskInstance: era5_ecmwf_pipeline.era5_accum manual__2026-05-19T09:06:02.044753+00:00 [running]> on host 15b13df49b90
[2026-05-19T09:06:04.441+0000] {taskinstance.py:2648} INFO - Exporting env vars: AIRFLOW_CTX_DAG_OWNER='***' AIRFLOW_CTX_DAG_ID='era5_ecmwf_pipeline' AIRFLOW_CTX_TASK_ID='era5_accum' AIRFLOW_CTX_EXECUTION_DATE='2026-05-19T09:06:02.044753+00:00' AIRFLOW_CTX_TRY_NUMBER='1' AIRFLOW_CTX_DAG_RUN_ID='manual__2026-05-19T09:06:02.044753+00:00'
[2026-05-19T09:06:04.443+0000] {taskinstance.py:430} INFO - ::endgroup::
[2026-05-19T09:06:04.475+0000] {logging_mixin.py:188} WARNING - 2026-05-19 09:06:04 | INFO     | Log file: logs/era5/2026/05/14/era5_20260514.log
[2026-05-19T09:06:04.474+0000] {era5_logger.py:40} INFO - Log file: logs/era5/2026/05/14/era5_20260514.log
[2026-05-19T09:06:05.506+0000] {logging_mixin.py:188} WARNING - 2026-05-19 09:06:05,506 INFO [2026-05-14T00:00:00Z] Upcoming essential maintenance sessions on Data Stores underlying infrastructure on 19 May. Service disruption expected. For further details, please [visit our forum announcement](https://forum.ecmwf.int/t/upcoming-essential-maintenance-sessions-on-data-stores-underlying-infrastructure/14954).
[2026-05-19T09:06:05.506+0000] {legacy_client.py:192} INFO - [2026-05-14T00:00:00Z] Upcoming essential maintenance sessions on Data Stores underlying infrastructure on 19 May. Service disruption expected. For further details, please [visit our forum announcement](https://forum.ecmwf.int/t/upcoming-essential-maintenance-sessions-on-data-stores-underlying-infrastructure/14954).
[2026-05-19T09:06:05.511+0000] {logging_mixin.py:188} WARNING - 2026-05-19 09:06:05 | INFO     | === ERA5 PIPELINE START ===
[2026-05-19T09:06:05.510+0000] {era5_functions.py:264} INFO - === ERA5 PIPELINE START ===
[2026-05-19T09:06:05.514+0000] {logging_mixin.py:188} WARNING - 2026-05-19 09:06:05 | INFO     | ===================================
[2026-05-19T09:06:05.514+0000] {era5_functions.py:213} INFO - ===================================
[2026-05-19T09:06:05.517+0000] {logging_mixin.py:188} WARNING - 2026-05-19 09:06:05 | INFO     | JOB: accum | 20260514
[2026-05-19T09:06:05.517+0000] {era5_functions.py:214} INFO - JOB: accum | 20260514
[2026-05-19T09:06:05.519+0000] {logging_mixin.py:188} WARNING - 2026-05-19 09:06:05 | INFO     | ===================================
[2026-05-19T09:06:05.519+0000] {era5_functions.py:215} INFO - ===================================
[2026-05-19T09:06:05.866+0000] {logging_mixin.py:188} WARNING - 2026-05-19 09:06:05 | WARNING  | [VALIDATE] accum_20260514.nc → not ready 9/24
[2026-05-19T09:06:05.866+0000] {era5_functions.py:59} WARNING - [VALIDATE] accum_20260514.nc → not ready 9/24
[2026-05-19T09:06:05.872+0000] {logging_mixin.py:188} WARNING - 2026-05-19 09:06:05 | WARNING  | [PIPELINE] skip → not ready yet
[2026-05-19T09:06:05.872+0000] {era5_functions.py:229} WARNING - [PIPELINE] skip → not ready yet
[2026-05-19T09:06:05.874+0000] {logging_mixin.py:188} WARNING - 2026-05-19 09:06:05 | INFO     | === DONE ===
[2026-05-19T09:06:05.874+0000] {era5_functions.py:268} INFO - === DONE ===
[2026-05-19T09:06:05.875+0000] {python.py:237} INFO - Done. Returned value was: None
[2026-05-19T09:06:05.876+0000] {taskinstance.py:441} INFO - ::group::Post task execution logs
[2026-05-19T09:06:05.889+0000] {taskinstance.py:1206} INFO - Marking task as SUCCESS. dag_id=era5_ecmwf_pipeline, task_id=era5_accum, run_id=manual__2026-05-19T09:06:02.044753+00:00, execution_date=20260519T090602, start_date=20260519T090604, end_date=20260519T090605
[2026-05-19T09:06:05.941+0000] {local_task_job_runner.py:240} INFO - Task exited with return code 0
[2026-05-19T09:06:05.963+0000] {taskinstance.py:3498} INFO - 0 downstream tasks scheduled from follow-on schedule check
[2026-05-19T09:06:05.967+0000] {local_task_job_runner.py:222} INFO - ::endgroup::
