[2026-06-09T14:03:52.805+0000] {local_task_job_runner.py:120} INFO - ::group::Pre task execution logs
[2026-06-09T14:03:52.838+0000] {taskinstance.py:2076} INFO - Dependencies all met for dep_context=non-requeueable deps ti=<TaskInstance: era5_download_pipeline.era5_accum scheduled__2026-06-09T13:00:00+00:00 [queued]>
[2026-06-09T14:03:52.851+0000] {taskinstance.py:2076} INFO - Dependencies all met for dep_context=requeueable deps ti=<TaskInstance: era5_download_pipeline.era5_accum scheduled__2026-06-09T13:00:00+00:00 [queued]>
[2026-06-09T14:03:52.852+0000] {taskinstance.py:2306} INFO - Starting attempt 1 of 1
[2026-06-09T14:03:52.871+0000] {taskinstance.py:2330} INFO - Executing <Task(PythonOperator): era5_accum> on 2026-06-09 13:00:00+00:00
[2026-06-09T14:03:52.885+0000] {warnings.py:110} WARNING - /home/***/.local/lib/python3.12/site-packages/***/task/task_runner/standard_task_runner.py:61: DeprecationWarning: This process (pid=135416) is multi-threaded, use of fork() may lead to deadlocks in the child.
  pid = os.fork()

[2026-06-09T14:03:52.888+0000] {standard_task_runner.py:63} INFO - Started process 135418 to run task
[2026-06-09T14:03:52.888+0000] {standard_task_runner.py:90} INFO - Running: ['***', 'tasks', 'run', 'era5_download_pipeline', 'era5_accum', 'scheduled__2026-06-09T13:00:00+00:00', '--job-id', '1284', '--raw', '--subdir', 'DAGS_FOLDER/era5_dag.py', '--cfg-path', '/tmp/tmpsyupfnem']
[2026-06-09T14:03:52.893+0000] {standard_task_runner.py:91} INFO - Job 1284: Subtask era5_accum
[2026-06-09T14:03:52.988+0000] {task_command.py:426} INFO - Running <TaskInstance: era5_download_pipeline.era5_accum scheduled__2026-06-09T13:00:00+00:00 [running]> on host 01cd476fb21a
[2026-06-09T14:03:53.130+0000] {taskinstance.py:2648} INFO - Exporting env vars: AIRFLOW_CTX_DAG_OWNER='era5' AIRFLOW_CTX_DAG_ID='era5_download_pipeline' AIRFLOW_CTX_TASK_ID='era5_accum' AIRFLOW_CTX_EXECUTION_DATE='2026-06-09T13:00:00+00:00' AIRFLOW_CTX_TRY_NUMBER='1' AIRFLOW_CTX_DAG_RUN_ID='scheduled__2026-06-09T13:00:00+00:00'
[2026-06-09T14:03:53.133+0000] {taskinstance.py:430} INFO - ::endgroup::
[2026-06-09T14:03:54.195+0000] {logging_mixin.py:188} WARNING - 2026-06-09 14:03:54 [INFO] === START job=accum date=2026-06-09 ===
[2026-06-09T14:03:54.195+0000] {era5_functions.py:368} INFO - === START job=accum date=2026-06-09 ===
[2026-06-09T14:03:54.199+0000] {logging_mixin.py:188} WARNING - 2026-06-09 14:03:54 [INFO] --- job=accum date=20260609 ---
[2026-06-09T14:03:54.199+0000] {era5_functions.py:330} INFO - --- job=accum date=20260609 ---
[2026-06-09T14:03:55.022+0000] {logging_mixin.py:188} WARNING - 2026-06-09 14:03:55 [WARNING] get_cds_count failed: 400 Client Error: Bad Request for url: https://cds.climate.copernicus.eu/api/retrieve/v1/processes/reanalysis-era5-single-levels/execution
invalid request
None of the data you have requested is available yet, please revise the period requested. The latest date available for this dataset is: 2026-06-04 14:00
[2026-06-09T14:03:55.022+0000] {era5_functions.py:131} WARNING - get_cds_count failed: 400 Client Error: Bad Request for url: https://cds.climate.copernicus.eu/api/retrieve/v1/processes/reanalysis-era5-single-levels/execution
invalid request
None of the data you have requested is available yet, please revise the period requested. The latest date available for this dataset is: 2026-06-04 14:00
[2026-06-09T14:03:55.025+0000] {logging_mixin.py:188} WARNING - 2026-06-09 14:03:55 [WARNING] CDS ยังไม่มีข้อมูล job=accum date=20260609, skip
[2026-06-09T14:03:55.025+0000] {era5_functions.py:335} WARNING - CDS ยังไม่มีข้อมูล job=accum date=20260609, skip
[2026-06-09T14:03:55.028+0000] {logging_mixin.py:188} WARNING - 2026-06-09 14:03:55 [INFO] --- job=accum date=20260608 ---
[2026-06-09T14:03:55.028+0000] {era5_functions.py:330} INFO - --- job=accum date=20260608 ---
[2026-06-09T14:03:55.816+0000] {logging_mixin.py:188} WARNING - 2026-06-09 14:03:55 [WARNING] get_cds_count failed: 400 Client Error: Bad Request for url: https://cds.climate.copernicus.eu/api/retrieve/v1/processes/reanalysis-era5-single-levels/execution
invalid request
None of the data you have requested is available yet, please revise the period requested. The latest date available for this dataset is: 2026-06-04 14:00
[2026-06-09T14:03:55.815+0000] {era5_functions.py:131} WARNING - get_cds_count failed: 400 Client Error: Bad Request for url: https://cds.climate.copernicus.eu/api/retrieve/v1/processes/reanalysis-era5-single-levels/execution
invalid request
None of the data you have requested is available yet, please revise the period requested. The latest date available for this dataset is: 2026-06-04 14:00
[2026-06-09T14:03:55.820+0000] {logging_mixin.py:188} WARNING - 2026-06-09 14:03:55 [WARNING] CDS ยังไม่มีข้อมูล job=accum date=20260608, skip
[2026-06-09T14:03:55.820+0000] {era5_functions.py:335} WARNING - CDS ยังไม่มีข้อมูล job=accum date=20260608, skip
[2026-06-09T14:03:55.824+0000] {logging_mixin.py:188} WARNING - 2026-06-09 14:03:55 [INFO] --- job=accum date=20260607 ---
[2026-06-09T14:03:55.824+0000] {era5_functions.py:330} INFO - --- job=accum date=20260607 ---
[2026-06-09T14:03:57.619+0000] {logging_mixin.py:188} WARNING - 2026-06-09 14:03:57 [WARNING] get_cds_count failed: 400 Client Error: Bad Request for url: https://cds.climate.copernicus.eu/api/retrieve/v1/processes/reanalysis-era5-single-levels/execution
invalid request
None of the data you have requested is available yet, please revise the period requested. The latest date available for this dataset is: 2026-06-04 14:00
[2026-06-09T14:03:57.618+0000] {era5_functions.py:131} WARNING - get_cds_count failed: 400 Client Error: Bad Request for url: https://cds.climate.copernicus.eu/api/retrieve/v1/processes/reanalysis-era5-single-levels/execution
invalid request
None of the data you have requested is available yet, please revise the period requested. The latest date available for this dataset is: 2026-06-04 14:00
[2026-06-09T14:03:57.624+0000] {logging_mixin.py:188} WARNING - 2026-06-09 14:03:57 [WARNING] CDS ยังไม่มีข้อมูล job=accum date=20260607, skip
[2026-06-09T14:03:57.624+0000] {era5_functions.py:335} WARNING - CDS ยังไม่มีข้อมูล job=accum date=20260607, skip
[2026-06-09T14:03:57.628+0000] {logging_mixin.py:188} WARNING - 2026-06-09 14:03:57 [INFO] --- job=accum date=20260606 ---
[2026-06-09T14:03:57.628+0000] {era5_functions.py:330} INFO - --- job=accum date=20260606 ---
[2026-06-09T14:03:58.246+0000] {logging_mixin.py:188} WARNING - 2026-06-09 14:03:58 [WARNING] get_cds_count failed: 400 Client Error: Bad Request for url: https://cds.climate.copernicus.eu/api/retrieve/v1/processes/reanalysis-era5-single-levels/execution
invalid request
None of the data you have requested is available yet, please revise the period requested. The latest date available for this dataset is: 2026-06-04 14:00
[2026-06-09T14:03:58.245+0000] {era5_functions.py:131} WARNING - get_cds_count failed: 400 Client Error: Bad Request for url: https://cds.climate.copernicus.eu/api/retrieve/v1/processes/reanalysis-era5-single-levels/execution
invalid request
None of the data you have requested is available yet, please revise the period requested. The latest date available for this dataset is: 2026-06-04 14:00
[2026-06-09T14:03:58.251+0000] {logging_mixin.py:188} WARNING - 2026-06-09 14:03:58 [WARNING] CDS ยังไม่มีข้อมูล job=accum date=20260606, skip
[2026-06-09T14:03:58.251+0000] {era5_functions.py:335} WARNING - CDS ยังไม่มีข้อมูล job=accum date=20260606, skip
[2026-06-09T14:03:58.257+0000] {logging_mixin.py:188} WARNING - 2026-06-09 14:03:58 [INFO] --- job=accum date=20260605 ---
[2026-06-09T14:03:58.257+0000] {era5_functions.py:330} INFO - --- job=accum date=20260605 ---
[2026-06-09T14:04:00.892+0000] {logging_mixin.py:188} WARNING - 2026-06-09 14:04:00 [WARNING] get_cds_count failed: 400 Client Error: Bad Request for url: https://cds.climate.copernicus.eu/api/retrieve/v1/processes/reanalysis-era5-single-levels/execution
invalid request
None of the data you have requested is available yet, please revise the period requested. The latest date available for this dataset is: 2026-06-04 14:00
[2026-06-09T14:04:00.892+0000] {era5_functions.py:131} WARNING - get_cds_count failed: 400 Client Error: Bad Request for url: https://cds.climate.copernicus.eu/api/retrieve/v1/processes/reanalysis-era5-single-levels/execution
invalid request
None of the data you have requested is available yet, please revise the period requested. The latest date available for this dataset is: 2026-06-04 14:00
[2026-06-09T14:04:00.896+0000] {logging_mixin.py:188} WARNING - 2026-06-09 14:04:00 [WARNING] CDS ยังไม่มีข้อมูล job=accum date=20260605, skip
[2026-06-09T14:04:00.896+0000] {era5_functions.py:335} WARNING - CDS ยังไม่มีข้อมูล job=accum date=20260605, skip
[2026-06-09T14:04:00.898+0000] {logging_mixin.py:188} WARNING - 2026-06-09 14:04:00 [INFO] --- job=accum date=20260604 ---
[2026-06-09T14:04:00.898+0000] {era5_functions.py:330} INFO - --- job=accum date=20260604 ---
[2026-06-09T14:04:02.038+0000] {logging_mixin.py:188} WARNING - 2026-06-09 14:04:02,038 INFO [2025-12-11T00:00:00] Please note that a dedicated catalogue entry for this dataset, post-processed and stored in Analysis Ready Cloud Optimized (ARCO) format (Zarr), is available for optimised time-series retrievals (i.e. for retrieving data from selected variables for a single point over an extended period of time in an efficient way). You can discover it [here](https://cds.climate.copernicus.eu/datasets/reanalysis-era5-single-levels-timeseries?tab=overview)
[2026-06-09T14:04:02.038+0000] {legacy_client.py:192} INFO - [2025-12-11T00:00:00] Please note that a dedicated catalogue entry for this dataset, post-processed and stored in Analysis Ready Cloud Optimized (ARCO) format (Zarr), is available for optimised time-series retrievals (i.e. for retrieving data from selected variables for a single point over an extended period of time in an efficient way). You can discover it [here](https://cds.climate.copernicus.eu/datasets/reanalysis-era5-single-levels-timeseries?tab=overview)
[2026-06-09T14:04:02.043+0000] {logging_mixin.py:188} WARNING - 2026-06-09 14:04:02,043 INFO Request ID is 33c7b095-8382-42dc-ae63-ea9b16f65411
[2026-06-09T14:04:02.043+0000] {legacy_client.py:192} INFO - Request ID is 33c7b095-8382-42dc-ae63-ea9b16f65411
[2026-06-09T14:04:02.259+0000] {logging_mixin.py:188} WARNING - 2026-06-09 14:04:02,258 INFO status has been updated to accepted
[2026-06-09T14:04:02.258+0000] {legacy_client.py:192} INFO - status has been updated to accepted
[2026-06-09T14:06:57.962+0000] {logging_mixin.py:188} WARNING - 2026-06-09 14:06:57,961 INFO status has been updated to successful
[2026-06-09T14:06:57.961+0000] {legacy_client.py:192} INFO - status has been updated to successful
[2026-06-09T14:06:58.385+0000] {base.py:119} INFO - Downloading https://object-store.os-api.cci2.ecmwf.int:443/cci2-prod-cache-3/2026-06-09/f5f9aedfd0c4fa3a46c6d3e400d1d48c.nc
[2026-06-09T14:06:59.165+0000] {logging_mixin.py:188} WARNING - f5f9aedfd0c4fa3a46c6d3e400d1d48c.nc:   0%|          | 0.00/224k [00:00<?, ?B/s]
[2026-06-09T14:07:01.099+0000] {logging_mixin.py:188} WARNING - f5f9aedfd0c4fa3a46c6d3e400d1d48c.nc: 100%|##########| 224k/224k [00:01<00:00, 119kB/s]
[2026-06-09T14:07:01.104+0000] {logging_mixin.py:188} WARNING -                                                                                       
[2026-06-09T14:07:01.404+0000] {logging_mixin.py:188} WARNING - 2026-06-09 14:07:01 [INFO] CDS timestep available: 15
[2026-06-09T14:07:01.404+0000] {era5_functions.py:128} INFO - CDS timestep available: 15
[2026-06-09T14:07:01.460+0000] {logging_mixin.py:188} WARNING - 2026-06-09 14:07:01 [INFO] local timestep: 14 — /opt/***/era5/ecmwf/data/nc/_raw/2026/06/04/accum_20260604.nc
[2026-06-09T14:07:01.460+0000] {era5_functions.py:152} INFO - local timestep: 14 — /opt/***/era5/ecmwf/data/nc/_raw/2026/06/04/accum_20260604.nc
[2026-06-09T14:07:01.466+0000] {logging_mixin.py:188} WARNING - 2026-06-09 14:07:01 [INFO] nc outdated (local=14 < cds=15), removing: /opt/***/era5/ecmwf/data/nc/_raw/2026/06/04/accum_20260604.nc
[2026-06-09T14:07:01.466+0000] {era5_functions.py:193} INFO - nc outdated (local=14 < cds=15), removing: /opt/***/era5/ecmwf/data/nc/_raw/2026/06/04/accum_20260604.nc
[2026-06-09T14:07:01.482+0000] {logging_mixin.py:188} WARNING - 2026-06-09 14:07:01 [INFO] download attempt 1/3: /opt/***/era5/ecmwf/data/nc/_raw/2026/06/04/accum_20260604.nc
[2026-06-09T14:07:01.482+0000] {era5_functions.py:200} INFO - download attempt 1/3: /opt/***/era5/ecmwf/data/nc/_raw/2026/06/04/accum_20260604.nc
[2026-06-09T14:07:02.436+0000] {logging_mixin.py:188} WARNING - 2026-06-09 14:07:02,436 INFO [2025-12-11T00:00:00] Please note that a dedicated catalogue entry for this dataset, post-processed and stored in Analysis Ready Cloud Optimized (ARCO) format (Zarr), is available for optimised time-series retrievals (i.e. for retrieving data from selected variables for a single point over an extended period of time in an efficient way). You can discover it [here](https://cds.climate.copernicus.eu/datasets/reanalysis-era5-single-levels-timeseries?tab=overview)
[2026-06-09T14:07:02.436+0000] {legacy_client.py:192} INFO - [2025-12-11T00:00:00] Please note that a dedicated catalogue entry for this dataset, post-processed and stored in Analysis Ready Cloud Optimized (ARCO) format (Zarr), is available for optimised time-series retrievals (i.e. for retrieving data from selected variables for a single point over an extended period of time in an efficient way). You can discover it [here](https://cds.climate.copernicus.eu/datasets/reanalysis-era5-single-levels-timeseries?tab=overview)
[2026-06-09T14:07:02.441+0000] {logging_mixin.py:188} WARNING - 2026-06-09 14:07:02,441 INFO Request ID is ff9eb012-028d-4ff2-9827-23d1c75d95e3
[2026-06-09T14:07:02.441+0000] {legacy_client.py:192} INFO - Request ID is ff9eb012-028d-4ff2-9827-23d1c75d95e3
[2026-06-09T14:07:02.665+0000] {logging_mixin.py:188} WARNING - 2026-06-09 14:07:02,664 INFO status has been updated to accepted
[2026-06-09T14:07:02.664+0000] {legacy_client.py:192} INFO - status has been updated to accepted
[2026-06-09T14:08:19.552+0000] {logging_mixin.py:188} WARNING - 2026-06-09 14:08:19,552 INFO status has been updated to running
[2026-06-09T14:08:19.552+0000] {legacy_client.py:192} INFO - status has been updated to running
[2026-06-09T14:08:58.221+0000] {logging_mixin.py:188} WARNING - 2026-06-09 14:08:58,220 INFO status has been updated to successful
[2026-06-09T14:08:58.220+0000] {legacy_client.py:192} INFO - status has been updated to successful
[2026-06-09T14:08:58.668+0000] {base.py:119} INFO - Downloading https://object-store.os-api.cci2.ecmwf.int:443/cci2-prod-cache-3/2026-06-09/a0876b343f7e8bdbc6af548aede63e56.nc
[2026-06-09T14:08:59.366+0000] {logging_mixin.py:188} WARNING - a0876b343f7e8bdbc6af548aede63e56.nc:   0%|          | 0.00/224k [00:00<?, ?B/s]
[2026-06-09T14:09:00.810+0000] {logging_mixin.py:188} WARNING - a0876b343f7e8bdbc6af548aede63e56.nc: 100%|##########| 224k/224k [00:01<00:00, 159kB/s]
[2026-06-09T14:09:00.832+0000] {logging_mixin.py:188} WARNING -                                                                                       
[2026-06-09T14:09:00.930+0000] {logging_mixin.py:188} WARNING - 2026-06-09 14:09:00 [INFO] nc downloaded ok: /opt/***/era5/ecmwf/data/nc/_raw/2026/06/04/accum_20260604.nc
[2026-06-09T14:09:00.929+0000] {era5_functions.py:204} INFO - nc downloaded ok: /opt/***/era5/ecmwf/data/nc/_raw/2026/06/04/accum_20260604.nc
[2026-06-09T14:09:00.980+0000] {logging_mixin.py:188} WARNING - 2026-06-09 14:09:00 [INFO] local timestep: 15 — /opt/***/era5/ecmwf/data/nc/_raw/2026/06/04/accum_20260604.nc
[2026-06-09T14:09:00.980+0000] {era5_functions.py:152} INFO - local timestep: 15 — /opt/***/era5/ecmwf/data/nc/_raw/2026/06/04/accum_20260604.nc
[2026-06-09T14:09:01.053+0000] {logging_mixin.py:188} WARNING - 2026-06-09 14:09:01 [INFO] tif outdated (tif=14 < nc=15), removing: /opt/***/era5/ecmwf/data/tif/2026/06/04/tp_20260604.tif
[2026-06-09T14:09:01.052+0000] {era5_functions.py:261} INFO - tif outdated (tif=14 < nc=15), removing: /opt/***/era5/ecmwf/data/tif/2026/06/04/tp_20260604.tif
[2026-06-09T14:09:01.139+0000] {logging_mixin.py:188} WARNING - 2026-06-09 14:09:01 [INFO] tif ok (bands=15): /opt/***/era5/ecmwf/data/tif/2026/06/04/tp_20260604.tif
[2026-06-09T14:09:01.139+0000] {era5_functions.py:304} INFO - tif ok (bands=15): /opt/***/era5/ecmwf/data/tif/2026/06/04/tp_20260604.tif
[2026-06-09T14:09:01.145+0000] {logging_mixin.py:188} WARNING - 2026-06-09 14:09:01 [INFO] === END job=accum date=2026-06-09 ===
[2026-06-09T14:09:01.144+0000] {era5_functions.py:379} INFO - === END job=accum date=2026-06-09 ===
[2026-06-09T14:09:01.146+0000] {python.py:237} INFO - Done. Returned value was: None
[2026-06-09T14:09:01.147+0000] {taskinstance.py:441} INFO - ::group::Post task execution logs
[2026-06-09T14:09:01.162+0000] {taskinstance.py:1206} INFO - Marking task as SUCCESS. dag_id=era5_download_pipeline, task_id=era5_accum, run_id=scheduled__2026-06-09T13:00:00+00:00, execution_date=20260609T130000, start_date=20260609T140352, end_date=20260609T140901
[2026-06-09T14:09:01.241+0000] {local_task_job_runner.py:240} INFO - Task exited with return code 0
[2026-06-09T14:09:01.274+0000] {taskinstance.py:3498} INFO - 0 downstream tasks scheduled from follow-on schedule check
[2026-06-09T14:09:01.278+0000] {local_task_job_runner.py:222} INFO - ::endgroup::
