[2026-06-22T15:01:59.264+0000] {local_task_job_runner.py:120} INFO - ::group::Pre task execution logs
[2026-06-22T15:01:59.303+0000] {taskinstance.py:2076} INFO - Dependencies all met for dep_context=non-requeueable deps ti=<TaskInstance: era5_download_pipeline.era5_accum scheduled__2026-06-22T14:00:00+00:00 [queued]>
[2026-06-22T15:01:59.315+0000] {taskinstance.py:2076} INFO - Dependencies all met for dep_context=requeueable deps ti=<TaskInstance: era5_download_pipeline.era5_accum scheduled__2026-06-22T14:00:00+00:00 [queued]>
[2026-06-22T15:01:59.316+0000] {taskinstance.py:2306} INFO - Starting attempt 1 of 1
[2026-06-22T15:01:59.332+0000] {taskinstance.py:2330} INFO - Executing <Task(PythonOperator): era5_accum> on 2026-06-22 14:00:00+00:00
[2026-06-22T15:01:59.345+0000] {warnings.py:110} WARNING - /home/***/.local/lib/python3.12/site-packages/***/task/task_runner/standard_task_runner.py:61: DeprecationWarning: This process (pid=209487) is multi-threaded, use of fork() may lead to deadlocks in the child.
  pid = os.fork()

[2026-06-22T15:01:59.348+0000] {standard_task_runner.py:63} INFO - Started process 209489 to run task
[2026-06-22T15:01:59.349+0000] {standard_task_runner.py:90} INFO - Running: ['***', 'tasks', 'run', 'era5_download_pipeline', 'era5_accum', 'scheduled__2026-06-22T14:00:00+00:00', '--job-id', '2145', '--raw', '--subdir', 'DAGS_FOLDER/era5_dag.py', '--cfg-path', '/tmp/tmporoqkuvc']
[2026-06-22T15:01:59.354+0000] {standard_task_runner.py:91} INFO - Job 2145: Subtask era5_accum
[2026-06-22T15:01:59.433+0000] {task_command.py:426} INFO - Running <TaskInstance: era5_download_pipeline.era5_accum scheduled__2026-06-22T14:00:00+00:00 [running]> on host 01cd476fb21a
[2026-06-22T15:01:59.548+0000] {taskinstance.py:2648} INFO - Exporting env vars: AIRFLOW_CTX_DAG_OWNER='era5' AIRFLOW_CTX_DAG_ID='era5_download_pipeline' AIRFLOW_CTX_TASK_ID='era5_accum' AIRFLOW_CTX_EXECUTION_DATE='2026-06-22T14:00:00+00:00' AIRFLOW_CTX_TRY_NUMBER='1' AIRFLOW_CTX_DAG_RUN_ID='scheduled__2026-06-22T14:00:00+00:00'
[2026-06-22T15:01:59.550+0000] {taskinstance.py:430} INFO - ::endgroup::
[2026-06-22T15:02:00.612+0000] {logging_mixin.py:188} WARNING - 2026-06-22 15:02:00 [INFO] === START job=accum date=2026-06-22 ===
[2026-06-22T15:02:00.612+0000] {era5_functions.py:368} INFO - === START job=accum date=2026-06-22 ===
[2026-06-22T15:02:00.615+0000] {logging_mixin.py:188} WARNING - 2026-06-22 15:02:00 [INFO] --- job=accum date=20260622 ---
[2026-06-22T15:02:00.615+0000] {era5_functions.py:330} INFO - --- job=accum date=20260622 ---
[2026-06-22T15:02:04.202+0000] {logging_mixin.py:188} WARNING - 2026-06-22 15:02:04 [WARNING] get_cds_count failed: 400 Client Error: Bad Request for url: https://cds.climate.copernicus.eu/api/retrieve/v1/processes/reanalysis-era5-single-levels/execution
invalid request
None of the data you have requested is available yet, please revise the period requested. The latest date available for this dataset is: 2026-06-17 15:00
[2026-06-22T15:02:04.202+0000] {era5_functions.py:131} WARNING - get_cds_count failed: 400 Client Error: Bad Request for url: https://cds.climate.copernicus.eu/api/retrieve/v1/processes/reanalysis-era5-single-levels/execution
invalid request
None of the data you have requested is available yet, please revise the period requested. The latest date available for this dataset is: 2026-06-17 15:00
[2026-06-22T15:02:04.208+0000] {logging_mixin.py:188} WARNING - 2026-06-22 15:02:04 [WARNING] CDS ยังไม่มีข้อมูล job=accum date=20260622, skip
[2026-06-22T15:02:04.207+0000] {era5_functions.py:335} WARNING - CDS ยังไม่มีข้อมูล job=accum date=20260622, skip
[2026-06-22T15:02:04.213+0000] {logging_mixin.py:188} WARNING - 2026-06-22 15:02:04 [INFO] --- job=accum date=20260621 ---
[2026-06-22T15:02:04.213+0000] {era5_functions.py:330} INFO - --- job=accum date=20260621 ---
[2026-06-22T15:02:04.858+0000] {logging_mixin.py:188} WARNING - 2026-06-22 15:02:04 [WARNING] get_cds_count failed: 400 Client Error: Bad Request for url: https://cds.climate.copernicus.eu/api/retrieve/v1/processes/reanalysis-era5-single-levels/execution
invalid request
None of the data you have requested is available yet, please revise the period requested. The latest date available for this dataset is: 2026-06-17 15:00
[2026-06-22T15:02:04.858+0000] {era5_functions.py:131} WARNING - get_cds_count failed: 400 Client Error: Bad Request for url: https://cds.climate.copernicus.eu/api/retrieve/v1/processes/reanalysis-era5-single-levels/execution
invalid request
None of the data you have requested is available yet, please revise the period requested. The latest date available for this dataset is: 2026-06-17 15:00
[2026-06-22T15:02:04.862+0000] {logging_mixin.py:188} WARNING - 2026-06-22 15:02:04 [WARNING] CDS ยังไม่มีข้อมูล job=accum date=20260621, skip
[2026-06-22T15:02:04.862+0000] {era5_functions.py:335} WARNING - CDS ยังไม่มีข้อมูล job=accum date=20260621, skip
[2026-06-22T15:02:04.864+0000] {logging_mixin.py:188} WARNING - 2026-06-22 15:02:04 [INFO] --- job=accum date=20260620 ---
[2026-06-22T15:02:04.864+0000] {era5_functions.py:330} INFO - --- job=accum date=20260620 ---
[2026-06-22T15:02:05.448+0000] {logging_mixin.py:188} WARNING - 2026-06-22 15:02:05 [WARNING] get_cds_count failed: 400 Client Error: Bad Request for url: https://cds.climate.copernicus.eu/api/retrieve/v1/processes/reanalysis-era5-single-levels/execution
invalid request
None of the data you have requested is available yet, please revise the period requested. The latest date available for this dataset is: 2026-06-17 15:00
[2026-06-22T15:02:05.448+0000] {era5_functions.py:131} WARNING - get_cds_count failed: 400 Client Error: Bad Request for url: https://cds.climate.copernicus.eu/api/retrieve/v1/processes/reanalysis-era5-single-levels/execution
invalid request
None of the data you have requested is available yet, please revise the period requested. The latest date available for this dataset is: 2026-06-17 15:00
[2026-06-22T15:02:05.453+0000] {logging_mixin.py:188} WARNING - 2026-06-22 15:02:05 [WARNING] CDS ยังไม่มีข้อมูล job=accum date=20260620, skip
[2026-06-22T15:02:05.453+0000] {era5_functions.py:335} WARNING - CDS ยังไม่มีข้อมูล job=accum date=20260620, skip
[2026-06-22T15:02:05.457+0000] {logging_mixin.py:188} WARNING - 2026-06-22 15:02:05 [INFO] --- job=accum date=20260619 ---
[2026-06-22T15:02:05.457+0000] {era5_functions.py:330} INFO - --- job=accum date=20260619 ---
[2026-06-22T15:02:06.219+0000] {logging_mixin.py:188} WARNING - 2026-06-22 15:02:06 [WARNING] get_cds_count failed: 400 Client Error: Bad Request for url: https://cds.climate.copernicus.eu/api/retrieve/v1/processes/reanalysis-era5-single-levels/execution
invalid request
None of the data you have requested is available yet, please revise the period requested. The latest date available for this dataset is: 2026-06-17 15:00
[2026-06-22T15:02:06.219+0000] {era5_functions.py:131} WARNING - get_cds_count failed: 400 Client Error: Bad Request for url: https://cds.climate.copernicus.eu/api/retrieve/v1/processes/reanalysis-era5-single-levels/execution
invalid request
None of the data you have requested is available yet, please revise the period requested. The latest date available for this dataset is: 2026-06-17 15:00
[2026-06-22T15:02:06.224+0000] {logging_mixin.py:188} WARNING - 2026-06-22 15:02:06 [WARNING] CDS ยังไม่มีข้อมูล job=accum date=20260619, skip
[2026-06-22T15:02:06.224+0000] {era5_functions.py:335} WARNING - CDS ยังไม่มีข้อมูล job=accum date=20260619, skip
[2026-06-22T15:02:06.228+0000] {logging_mixin.py:188} WARNING - 2026-06-22 15:02:06 [INFO] --- job=accum date=20260618 ---
[2026-06-22T15:02:06.227+0000] {era5_functions.py:330} INFO - --- job=accum date=20260618 ---
[2026-06-22T15:02:06.790+0000] {logging_mixin.py:188} WARNING - 2026-06-22 15:02:06 [WARNING] get_cds_count failed: 400 Client Error: Bad Request for url: https://cds.climate.copernicus.eu/api/retrieve/v1/processes/reanalysis-era5-single-levels/execution
invalid request
None of the data you have requested is available yet, please revise the period requested. The latest date available for this dataset is: 2026-06-17 15:00
[2026-06-22T15:02:06.790+0000] {era5_functions.py:131} WARNING - get_cds_count failed: 400 Client Error: Bad Request for url: https://cds.climate.copernicus.eu/api/retrieve/v1/processes/reanalysis-era5-single-levels/execution
invalid request
None of the data you have requested is available yet, please revise the period requested. The latest date available for this dataset is: 2026-06-17 15:00
[2026-06-22T15:02:06.796+0000] {logging_mixin.py:188} WARNING - 2026-06-22 15:02:06 [WARNING] CDS ยังไม่มีข้อมูล job=accum date=20260618, skip
[2026-06-22T15:02:06.796+0000] {era5_functions.py:335} WARNING - CDS ยังไม่มีข้อมูล job=accum date=20260618, skip
[2026-06-22T15:02:06.802+0000] {logging_mixin.py:188} WARNING - 2026-06-22 15:02:06 [INFO] --- job=accum date=20260617 ---
[2026-06-22T15:02:06.801+0000] {era5_functions.py:330} INFO - --- job=accum date=20260617 ---
[2026-06-22T15:02:07.322+0000] {logging_mixin.py:188} WARNING - 2026-06-22 15:02:07,322 INFO [2025-12-11T00:00:00] Please note that a dedicated catalogue entry for this dataset, post-processed and stored in Analysis Ready Cloud Optimized (ARCO) format (Zarr), is available for optimised time-series retrievals (i.e. for retrieving data from selected variables for a single point over an extended period of time in an efficient way). You can discover it [here](https://cds.climate.copernicus.eu/datasets/reanalysis-era5-single-levels-timeseries?tab=overview)
[2026-06-22T15:02:07.322+0000] {legacy_client.py:192} INFO - [2025-12-11T00:00:00] Please note that a dedicated catalogue entry for this dataset, post-processed and stored in Analysis Ready Cloud Optimized (ARCO) format (Zarr), is available for optimised time-series retrievals (i.e. for retrieving data from selected variables for a single point over an extended period of time in an efficient way). You can discover it [here](https://cds.climate.copernicus.eu/datasets/reanalysis-era5-single-levels-timeseries?tab=overview)
[2026-06-22T15:02:07.327+0000] {logging_mixin.py:188} WARNING - 2026-06-22 15:02:07,327 INFO Request ID is c22b23bc-9e92-46ce-9d1d-c72af2322e29
[2026-06-22T15:02:07.327+0000] {legacy_client.py:192} INFO - Request ID is c22b23bc-9e92-46ce-9d1d-c72af2322e29
[2026-06-22T15:02:07.533+0000] {logging_mixin.py:188} WARNING - 2026-06-22 15:02:07,533 INFO status has been updated to accepted
[2026-06-22T15:02:07.533+0000] {legacy_client.py:192} INFO - status has been updated to accepted
[2026-06-22T15:02:29.888+0000] {logging_mixin.py:188} WARNING - 2026-06-22 15:02:29,888 INFO status has been updated to successful
[2026-06-22T15:02:29.888+0000] {legacy_client.py:192} INFO - status has been updated to successful
[2026-06-22T15:02:30.337+0000] {base.py:119} INFO - Downloading https://object-store.os-api.cci2.ecmwf.int:443/cci2-prod-cache-3/2026-06-22/ca6244dd09ec6060780345542d86bd2f.nc
[2026-06-22T15:02:31.000+0000] {logging_mixin.py:188} WARNING - ca6244dd09ec6060780345542d86bd2f.nc:   0%|          | 0.00/243k [00:00<?, ?B/s]
[2026-06-22T15:02:32.354+0000] {logging_mixin.py:188} WARNING - ca6244dd09ec6060780345542d86bd2f.nc: 100%|##########| 243k/243k [00:01<00:00, 185kB/s]
[2026-06-22T15:02:32.360+0000] {logging_mixin.py:188} WARNING -                                                                                       
[2026-06-22T15:02:32.660+0000] {logging_mixin.py:188} WARNING - 2026-06-22 15:02:32 [INFO] CDS timestep available: 16
[2026-06-22T15:02:32.660+0000] {era5_functions.py:128} INFO - CDS timestep available: 16
[2026-06-22T15:02:32.723+0000] {logging_mixin.py:188} WARNING - 2026-06-22 15:02:32 [INFO] local timestep: 15 — /opt/***/era5/ecmwf/data/nc/_raw/2026/06/17/accum_20260617.nc
[2026-06-22T15:02:32.723+0000] {era5_functions.py:152} INFO - local timestep: 15 — /opt/***/era5/ecmwf/data/nc/_raw/2026/06/17/accum_20260617.nc
[2026-06-22T15:02:32.731+0000] {logging_mixin.py:188} WARNING - 2026-06-22 15:02:32 [INFO] nc outdated (local=15 < cds=16), removing: /opt/***/era5/ecmwf/data/nc/_raw/2026/06/17/accum_20260617.nc
[2026-06-22T15:02:32.731+0000] {era5_functions.py:193} INFO - nc outdated (local=15 < cds=16), removing: /opt/***/era5/ecmwf/data/nc/_raw/2026/06/17/accum_20260617.nc
[2026-06-22T15:02:32.750+0000] {logging_mixin.py:188} WARNING - 2026-06-22 15:02:32 [INFO] download attempt 1/3: /opt/***/era5/ecmwf/data/nc/_raw/2026/06/17/accum_20260617.nc
[2026-06-22T15:02:32.750+0000] {era5_functions.py:200} INFO - download attempt 1/3: /opt/***/era5/ecmwf/data/nc/_raw/2026/06/17/accum_20260617.nc
[2026-06-22T15:02:33.528+0000] {logging_mixin.py:188} WARNING - 2026-06-22 15:02:33,527 INFO [2025-12-11T00:00:00] Please note that a dedicated catalogue entry for this dataset, post-processed and stored in Analysis Ready Cloud Optimized (ARCO) format (Zarr), is available for optimised time-series retrievals (i.e. for retrieving data from selected variables for a single point over an extended period of time in an efficient way). You can discover it [here](https://cds.climate.copernicus.eu/datasets/reanalysis-era5-single-levels-timeseries?tab=overview)
[2026-06-22T15:02:33.527+0000] {legacy_client.py:192} INFO - [2025-12-11T00:00:00] Please note that a dedicated catalogue entry for this dataset, post-processed and stored in Analysis Ready Cloud Optimized (ARCO) format (Zarr), is available for optimised time-series retrievals (i.e. for retrieving data from selected variables for a single point over an extended period of time in an efficient way). You can discover it [here](https://cds.climate.copernicus.eu/datasets/reanalysis-era5-single-levels-timeseries?tab=overview)
[2026-06-22T15:02:33.533+0000] {logging_mixin.py:188} WARNING - 2026-06-22 15:02:33,532 INFO Request ID is 9cc50225-929d-49ae-a65e-b57f22e5f8bd
[2026-06-22T15:02:33.532+0000] {legacy_client.py:192} INFO - Request ID is 9cc50225-929d-49ae-a65e-b57f22e5f8bd
[2026-06-22T15:02:33.739+0000] {logging_mixin.py:188} WARNING - 2026-06-22 15:02:33,739 INFO status has been updated to accepted
[2026-06-22T15:02:33.739+0000] {legacy_client.py:192} INFO - status has been updated to accepted
[2026-06-22T15:02:51.288+0000] {logging_mixin.py:188} WARNING - 2026-06-22 15:02:51,288 INFO status has been updated to successful
[2026-06-22T15:02:51.288+0000] {legacy_client.py:192} INFO - status has been updated to successful
[2026-06-22T15:02:56.510+0000] {base.py:119} INFO - Downloading https://object-store.os-api.cci2.ecmwf.int:443/cci2-prod-cache-2/2026-06-22/7fff0769f16375d193d610db5e0808cf.nc
[2026-06-22T15:02:57.166+0000] {logging_mixin.py:188} WARNING - 7fff0769f16375d193d610db5e0808cf.nc:   0%|          | 0.00/243k [00:00<?, ?B/s]
[2026-06-22T15:02:58.542+0000] {logging_mixin.py:188} WARNING - 7fff0769f16375d193d610db5e0808cf.nc: 100%|##########| 243k/243k [00:01<00:00, 181kB/s]
[2026-06-22T15:02:58.564+0000] {logging_mixin.py:188} WARNING -                                                                                       
[2026-06-22T15:02:58.648+0000] {logging_mixin.py:188} WARNING - 2026-06-22 15:02:58 [INFO] nc downloaded ok: /opt/***/era5/ecmwf/data/nc/_raw/2026/06/17/accum_20260617.nc
[2026-06-22T15:02:58.648+0000] {era5_functions.py:204} INFO - nc downloaded ok: /opt/***/era5/ecmwf/data/nc/_raw/2026/06/17/accum_20260617.nc
[2026-06-22T15:02:58.699+0000] {logging_mixin.py:188} WARNING - 2026-06-22 15:02:58 [INFO] local timestep: 16 — /opt/***/era5/ecmwf/data/nc/_raw/2026/06/17/accum_20260617.nc
[2026-06-22T15:02:58.699+0000] {era5_functions.py:152} INFO - local timestep: 16 — /opt/***/era5/ecmwf/data/nc/_raw/2026/06/17/accum_20260617.nc
[2026-06-22T15:02:58.778+0000] {logging_mixin.py:188} WARNING - 2026-06-22 15:02:58 [INFO] tif outdated (tif=15 < nc=16), removing: /opt/***/era5/ecmwf/data/tif/2026/06/17/tp_20260617.tif
[2026-06-22T15:02:58.777+0000] {era5_functions.py:261} INFO - tif outdated (tif=15 < nc=16), removing: /opt/***/era5/ecmwf/data/tif/2026/06/17/tp_20260617.tif
[2026-06-22T15:02:58.876+0000] {logging_mixin.py:188} WARNING - 2026-06-22 15:02:58 [INFO] tif ok (bands=16): /opt/***/era5/ecmwf/data/tif/2026/06/17/tp_20260617.tif
[2026-06-22T15:02:58.876+0000] {era5_functions.py:304} INFO - tif ok (bands=16): /opt/***/era5/ecmwf/data/tif/2026/06/17/tp_20260617.tif
[2026-06-22T15:02:58.881+0000] {logging_mixin.py:188} WARNING - 2026-06-22 15:02:58 [INFO] === END job=accum date=2026-06-22 ===
[2026-06-22T15:02:58.881+0000] {era5_functions.py:379} INFO - === END job=accum date=2026-06-22 ===
[2026-06-22T15:02:58.883+0000] {python.py:237} INFO - Done. Returned value was: None
[2026-06-22T15:02:58.884+0000] {taskinstance.py:441} INFO - ::group::Post task execution logs
[2026-06-22T15:02:58.899+0000] {taskinstance.py:1206} INFO - Marking task as SUCCESS. dag_id=era5_download_pipeline, task_id=era5_accum, run_id=scheduled__2026-06-22T14:00:00+00:00, execution_date=20260622T140000, start_date=20260622T150159, end_date=20260622T150258
[2026-06-22T15:02:58.967+0000] {local_task_job_runner.py:240} INFO - Task exited with return code 0
[2026-06-22T15:02:58.987+0000] {taskinstance.py:3498} INFO - 0 downstream tasks scheduled from follow-on schedule check
[2026-06-22T15:02:58.990+0000] {local_task_job_runner.py:222} INFO - ::endgroup::
