[2026-06-02T05:01:19.389+0000] {local_task_job_runner.py:120} INFO - ::group::Pre task execution logs
[2026-06-02T05:01:19.414+0000] {taskinstance.py:2076} INFO - Dependencies all met for dep_context=non-requeueable deps ti=<TaskInstance: era5_download_pipeline.era5_accum scheduled__2026-06-02T04:00:00+00:00 [queued]>
[2026-06-02T05:01:19.424+0000] {taskinstance.py:2076} INFO - Dependencies all met for dep_context=requeueable deps ti=<TaskInstance: era5_download_pipeline.era5_accum scheduled__2026-06-02T04:00:00+00:00 [queued]>
[2026-06-02T05:01:19.426+0000] {taskinstance.py:2306} INFO - Starting attempt 1 of 1
[2026-06-02T05:01:19.442+0000] {taskinstance.py:2330} INFO - Executing <Task(PythonOperator): era5_accum> on 2026-06-02 04:00:00+00:00
[2026-06-02T05:01:19.452+0000] {warnings.py:110} WARNING - /home/***/.local/lib/python3.12/site-packages/***/task/task_runner/standard_task_runner.py:61: DeprecationWarning: This process (pid=145) is multi-threaded, use of fork() may lead to deadlocks in the child.
  pid = os.fork()

[2026-06-02T05:01:19.455+0000] {standard_task_runner.py:63} INFO - Started process 147 to run task
[2026-06-02T05:01:19.455+0000] {standard_task_runner.py:90} INFO - Running: ['***', 'tasks', 'run', 'era5_download_pipeline', 'era5_accum', 'scheduled__2026-06-02T04:00:00+00:00', '--job-id', '740', '--raw', '--subdir', 'DAGS_FOLDER/era5_dag.py', '--cfg-path', '/tmp/tmpjry_mxv5']
[2026-06-02T05:01:19.459+0000] {standard_task_runner.py:91} INFO - Job 740: Subtask era5_accum
[2026-06-02T05:01:19.537+0000] {task_command.py:426} INFO - Running <TaskInstance: era5_download_pipeline.era5_accum scheduled__2026-06-02T04:00:00+00:00 [running]> on host 839c112aff26
[2026-06-02T05:01:19.644+0000] {taskinstance.py:2648} INFO - Exporting env vars: AIRFLOW_CTX_DAG_OWNER='era5' AIRFLOW_CTX_DAG_ID='era5_download_pipeline' AIRFLOW_CTX_TASK_ID='era5_accum' AIRFLOW_CTX_EXECUTION_DATE='2026-06-02T04:00:00+00:00' AIRFLOW_CTX_TRY_NUMBER='1' AIRFLOW_CTX_DAG_RUN_ID='scheduled__2026-06-02T04:00:00+00:00'
[2026-06-02T05:01:19.646+0000] {taskinstance.py:430} INFO - ::endgroup::
[2026-06-02T05:01:20.718+0000] {logging_mixin.py:188} WARNING - 2026-06-02 05:01:20 [INFO] === START job=accum date=2026-06-02 ===
[2026-06-02T05:01:20.717+0000] {era5_functions.py:456} INFO - === START job=accum date=2026-06-02 ===
[2026-06-02T05:01:20.723+0000] {logging_mixin.py:188} WARNING - 2026-06-02 05:01:20 [INFO] --- job=accum date=20260602 ---
[2026-06-02T05:01:20.723+0000] {era5_functions.py:406} INFO - --- job=accum date=20260602 ---
[2026-06-02T05:01:21.356+0000] {logging_mixin.py:188} WARNING - 2026-06-02 05:01:21 [WARNING] get_cds_count failed: 400 Client Error: Bad Request for url: https://cds.climate.copernicus.eu/api/retrieve/v1/processes/reanalysis-era5-single-levels/execution
invalid request
None of the data you have requested is available yet, please revise the period requested. The latest date available for this dataset is: 2026-05-28 05:00
[2026-06-02T05:01:21.355+0000] {era5_functions.py:131} WARNING - get_cds_count failed: 400 Client Error: Bad Request for url: https://cds.climate.copernicus.eu/api/retrieve/v1/processes/reanalysis-era5-single-levels/execution
invalid request
None of the data you have requested is available yet, please revise the period requested. The latest date available for this dataset is: 2026-05-28 05:00
[2026-06-02T05:01:21.360+0000] {logging_mixin.py:188} WARNING - 2026-06-02 05:01:21 [WARNING] CDS ยังไม่มีข้อมูล job=accum date=20260602, skip
[2026-06-02T05:01:21.360+0000] {era5_functions.py:411} WARNING - CDS ยังไม่มีข้อมูล job=accum date=20260602, skip
[2026-06-02T05:01:21.363+0000] {logging_mixin.py:188} WARNING - 2026-06-02 05:01:21 [INFO] --- job=accum date=20260601 ---
[2026-06-02T05:01:21.363+0000] {era5_functions.py:406} INFO - --- job=accum date=20260601 ---
[2026-06-02T05:01:22.056+0000] {logging_mixin.py:188} WARNING - 2026-06-02 05:01:22 [WARNING] get_cds_count failed: 400 Client Error: Bad Request for url: https://cds.climate.copernicus.eu/api/retrieve/v1/processes/reanalysis-era5-single-levels/execution
invalid request
None of the data you have requested is available yet, please revise the period requested. The latest date available for this dataset is: 2026-05-28 05:00
[2026-06-02T05:01:22.056+0000] {era5_functions.py:131} WARNING - get_cds_count failed: 400 Client Error: Bad Request for url: https://cds.climate.copernicus.eu/api/retrieve/v1/processes/reanalysis-era5-single-levels/execution
invalid request
None of the data you have requested is available yet, please revise the period requested. The latest date available for this dataset is: 2026-05-28 05:00
[2026-06-02T05:01:22.063+0000] {logging_mixin.py:188} WARNING - 2026-06-02 05:01:22 [WARNING] CDS ยังไม่มีข้อมูล job=accum date=20260601, skip
[2026-06-02T05:01:22.062+0000] {era5_functions.py:411} WARNING - CDS ยังไม่มีข้อมูล job=accum date=20260601, skip
[2026-06-02T05:01:22.066+0000] {logging_mixin.py:188} WARNING - 2026-06-02 05:01:22 [INFO] --- job=accum date=20260531 ---
[2026-06-02T05:01:22.066+0000] {era5_functions.py:406} INFO - --- job=accum date=20260531 ---
[2026-06-02T05:01:23.018+0000] {logging_mixin.py:188} WARNING - 2026-06-02 05:01:23 [WARNING] get_cds_count failed: 400 Client Error: Bad Request for url: https://cds.climate.copernicus.eu/api/retrieve/v1/processes/reanalysis-era5-single-levels/execution
invalid request
None of the data you have requested is available yet, please revise the period requested. The latest date available for this dataset is: 2026-05-28 05:00
[2026-06-02T05:01:23.017+0000] {era5_functions.py:131} WARNING - get_cds_count failed: 400 Client Error: Bad Request for url: https://cds.climate.copernicus.eu/api/retrieve/v1/processes/reanalysis-era5-single-levels/execution
invalid request
None of the data you have requested is available yet, please revise the period requested. The latest date available for this dataset is: 2026-05-28 05:00
[2026-06-02T05:01:23.023+0000] {logging_mixin.py:188} WARNING - 2026-06-02 05:01:23 [WARNING] CDS ยังไม่มีข้อมูล job=accum date=20260531, skip
[2026-06-02T05:01:23.022+0000] {era5_functions.py:411} WARNING - CDS ยังไม่มีข้อมูล job=accum date=20260531, skip
[2026-06-02T05:01:23.026+0000] {logging_mixin.py:188} WARNING - 2026-06-02 05:01:23 [INFO] --- job=accum date=20260530 ---
[2026-06-02T05:01:23.026+0000] {era5_functions.py:406} INFO - --- job=accum date=20260530 ---
[2026-06-02T05:01:23.831+0000] {logging_mixin.py:188} WARNING - 2026-06-02 05:01:23 [WARNING] get_cds_count failed: 400 Client Error: Bad Request for url: https://cds.climate.copernicus.eu/api/retrieve/v1/processes/reanalysis-era5-single-levels/execution
invalid request
None of the data you have requested is available yet, please revise the period requested. The latest date available for this dataset is: 2026-05-28 05:00
[2026-06-02T05:01:23.831+0000] {era5_functions.py:131} WARNING - get_cds_count failed: 400 Client Error: Bad Request for url: https://cds.climate.copernicus.eu/api/retrieve/v1/processes/reanalysis-era5-single-levels/execution
invalid request
None of the data you have requested is available yet, please revise the period requested. The latest date available for this dataset is: 2026-05-28 05:00
[2026-06-02T05:01:23.835+0000] {logging_mixin.py:188} WARNING - 2026-06-02 05:01:23 [WARNING] CDS ยังไม่มีข้อมูล job=accum date=20260530, skip
[2026-06-02T05:01:23.835+0000] {era5_functions.py:411} WARNING - CDS ยังไม่มีข้อมูล job=accum date=20260530, skip
[2026-06-02T05:01:23.837+0000] {logging_mixin.py:188} WARNING - 2026-06-02 05:01:23 [INFO] --- job=accum date=20260529 ---
[2026-06-02T05:01:23.837+0000] {era5_functions.py:406} INFO - --- job=accum date=20260529 ---
[2026-06-02T05:01:24.253+0000] {logging_mixin.py:188} WARNING - 2026-06-02 05:01:24 [WARNING] get_cds_count failed: 400 Client Error: Bad Request for url: https://cds.climate.copernicus.eu/api/retrieve/v1/processes/reanalysis-era5-single-levels/execution
invalid request
None of the data you have requested is available yet, please revise the period requested. The latest date available for this dataset is: 2026-05-28 05:00
[2026-06-02T05:01:24.253+0000] {era5_functions.py:131} WARNING - get_cds_count failed: 400 Client Error: Bad Request for url: https://cds.climate.copernicus.eu/api/retrieve/v1/processes/reanalysis-era5-single-levels/execution
invalid request
None of the data you have requested is available yet, please revise the period requested. The latest date available for this dataset is: 2026-05-28 05:00
[2026-06-02T05:01:24.255+0000] {logging_mixin.py:188} WARNING - 2026-06-02 05:01:24 [WARNING] CDS ยังไม่มีข้อมูล job=accum date=20260529, skip
[2026-06-02T05:01:24.255+0000] {era5_functions.py:411} WARNING - CDS ยังไม่มีข้อมูล job=accum date=20260529, skip
[2026-06-02T05:01:24.257+0000] {logging_mixin.py:188} WARNING - 2026-06-02 05:01:24 [INFO] --- job=accum date=20260528 ---
[2026-06-02T05:01:24.257+0000] {era5_functions.py:406} INFO - --- job=accum date=20260528 ---
[2026-06-02T05:01:24.885+0000] {logging_mixin.py:188} WARNING - 2026-06-02 05:01:24,884 INFO [2025-12-11T00:00:00] Please note that a dedicated catalogue entry for this dataset, post-processed and stored in Analysis Ready Cloud Optimized (ARCO) format (Zarr), is available for optimised time-series retrievals (i.e. for retrieving data from selected variables for a single point over an extended period of time in an efficient way). You can discover it [here](https://cds.climate.copernicus.eu/datasets/reanalysis-era5-single-levels-timeseries?tab=overview)
[2026-06-02T05:01:24.884+0000] {legacy_client.py:192} INFO - [2025-12-11T00:00:00] Please note that a dedicated catalogue entry for this dataset, post-processed and stored in Analysis Ready Cloud Optimized (ARCO) format (Zarr), is available for optimised time-series retrievals (i.e. for retrieving data from selected variables for a single point over an extended period of time in an efficient way). You can discover it [here](https://cds.climate.copernicus.eu/datasets/reanalysis-era5-single-levels-timeseries?tab=overview)
[2026-06-02T05:01:24.887+0000] {logging_mixin.py:188} WARNING - 2026-06-02 05:01:24,887 INFO Request ID is 52f4197b-09d1-4d23-9499-b8895dccc0dd
[2026-06-02T05:01:24.887+0000] {legacy_client.py:192} INFO - Request ID is 52f4197b-09d1-4d23-9499-b8895dccc0dd
[2026-06-02T05:01:25.108+0000] {logging_mixin.py:188} WARNING - 2026-06-02 05:01:25,108 INFO status has been updated to accepted
[2026-06-02T05:01:25.108+0000] {legacy_client.py:192} INFO - status has been updated to accepted
[2026-06-02T05:01:48.920+0000] {logging_mixin.py:188} WARNING - 2026-06-02 05:01:48,920 INFO status has been updated to successful
[2026-06-02T05:01:48.920+0000] {legacy_client.py:192} INFO - status has been updated to successful
[2026-06-02T05:01:49.329+0000] {base.py:119} INFO - Downloading https://object-store.os-api.cci2.ecmwf.int:443/cci2-prod-cache-2/2026-06-02/5b632ab5153a9cd0bea3a4116289ada9.nc
[2026-06-02T05:01:50.004+0000] {logging_mixin.py:188} WARNING - 5b632ab5153a9cd0bea3a4116289ada9.nc:   0%|          | 0.00/104k [00:00<?, ?B/s]
[2026-06-02T05:01:51.196+0000] {logging_mixin.py:188} WARNING - 5b632ab5153a9cd0bea3a4116289ada9.nc: 100%|##########| 104k/104k [00:01<00:00, 89.6kB/s]
[2026-06-02T05:01:51.201+0000] {logging_mixin.py:188} WARNING -                                                                                        
[2026-06-02T05:01:51.492+0000] {logging_mixin.py:188} WARNING - 2026-06-02 05:01:51 [INFO] CDS timestep available: 6
[2026-06-02T05:01:51.492+0000] {era5_functions.py:128} INFO - CDS timestep available: 6
[2026-06-02T05:01:51.547+0000] {logging_mixin.py:188} WARNING - 2026-06-02 05:01:51 [INFO] local timestep: 5 — /opt/***/era5/ecmwf/data/nc/_raw/2026/05/28/accum_20260528.nc
[2026-06-02T05:01:51.547+0000] {era5_functions.py:152} INFO - local timestep: 5 — /opt/***/era5/ecmwf/data/nc/_raw/2026/05/28/accum_20260528.nc
[2026-06-02T05:01:51.554+0000] {logging_mixin.py:188} WARNING - 2026-06-02 05:01:51 [INFO] nc outdated (local=5 < cds=6), removing: /opt/***/era5/ecmwf/data/nc/_raw/2026/05/28/accum_20260528.nc
[2026-06-02T05:01:51.553+0000] {era5_functions.py:193} INFO - nc outdated (local=5 < cds=6), removing: /opt/***/era5/ecmwf/data/nc/_raw/2026/05/28/accum_20260528.nc
[2026-06-02T05:01:51.572+0000] {logging_mixin.py:188} WARNING - 2026-06-02 05:01:51 [INFO] download attempt 1/3: /opt/***/era5/ecmwf/data/nc/_raw/2026/05/28/accum_20260528.nc
[2026-06-02T05:01:51.572+0000] {era5_functions.py:200} INFO - download attempt 1/3: /opt/***/era5/ecmwf/data/nc/_raw/2026/05/28/accum_20260528.nc
[2026-06-02T05:01:52.290+0000] {logging_mixin.py:188} WARNING - 2026-06-02 05:01:52,289 INFO [2025-12-11T00:00:00] Please note that a dedicated catalogue entry for this dataset, post-processed and stored in Analysis Ready Cloud Optimized (ARCO) format (Zarr), is available for optimised time-series retrievals (i.e. for retrieving data from selected variables for a single point over an extended period of time in an efficient way). You can discover it [here](https://cds.climate.copernicus.eu/datasets/reanalysis-era5-single-levels-timeseries?tab=overview)
[2026-06-02T05:01:52.289+0000] {legacy_client.py:192} INFO - [2025-12-11T00:00:00] Please note that a dedicated catalogue entry for this dataset, post-processed and stored in Analysis Ready Cloud Optimized (ARCO) format (Zarr), is available for optimised time-series retrievals (i.e. for retrieving data from selected variables for a single point over an extended period of time in an efficient way). You can discover it [here](https://cds.climate.copernicus.eu/datasets/reanalysis-era5-single-levels-timeseries?tab=overview)
[2026-06-02T05:01:52.295+0000] {logging_mixin.py:188} WARNING - 2026-06-02 05:01:52,295 INFO Request ID is e22d8963-3753-4c7d-b898-9665c22b047e
[2026-06-02T05:01:52.295+0000] {legacy_client.py:192} INFO - Request ID is e22d8963-3753-4c7d-b898-9665c22b047e
[2026-06-02T05:01:52.504+0000] {logging_mixin.py:188} WARNING - 2026-06-02 05:01:52,504 INFO status has been updated to accepted
[2026-06-02T05:01:52.504+0000] {legacy_client.py:192} INFO - status has been updated to accepted
[2026-06-02T05:02:09.079+0000] {logging_mixin.py:188} WARNING - 2026-06-02 05:02:09,079 INFO status has been updated to running
[2026-06-02T05:02:09.079+0000] {legacy_client.py:192} INFO - status has been updated to running
[2026-06-02T05:02:16.881+0000] {logging_mixin.py:188} WARNING - 2026-06-02 05:02:16,881 INFO status has been updated to successful
[2026-06-02T05:02:16.881+0000] {legacy_client.py:192} INFO - status has been updated to successful
[2026-06-02T05:02:17.310+0000] {base.py:119} INFO - Downloading https://object-store.os-api.cci2.ecmwf.int:443/cci2-prod-cache-3/2026-06-02/2f24feaefa858a7b8be57ee10c6f4d0d.nc
[2026-06-02T05:02:17.975+0000] {logging_mixin.py:188} WARNING - 2f24feaefa858a7b8be57ee10c6f4d0d.nc:   0%|          | 0.00/104k [00:00<?, ?B/s]
[2026-06-02T05:02:19.237+0000] {logging_mixin.py:188} WARNING - 2f24feaefa858a7b8be57ee10c6f4d0d.nc: 100%|##########| 104k/104k [00:01<00:00, 84.6kB/s]
[2026-06-02T05:02:19.251+0000] {logging_mixin.py:188} WARNING -                                                                                        
[2026-06-02T05:02:19.326+0000] {logging_mixin.py:188} WARNING - 2026-06-02 05:02:19 [INFO] nc downloaded ok: /opt/***/era5/ecmwf/data/nc/_raw/2026/05/28/accum_20260528.nc
[2026-06-02T05:02:19.326+0000] {era5_functions.py:204} INFO - nc downloaded ok: /opt/***/era5/ecmwf/data/nc/_raw/2026/05/28/accum_20260528.nc
[2026-06-02T05:02:19.374+0000] {logging_mixin.py:188} WARNING - 2026-06-02 05:02:19 [INFO] local timestep: 6 — /opt/***/era5/ecmwf/data/nc/_raw/2026/05/28/accum_20260528.nc
[2026-06-02T05:02:19.374+0000] {era5_functions.py:152} INFO - local timestep: 6 — /opt/***/era5/ecmwf/data/nc/_raw/2026/05/28/accum_20260528.nc
[2026-06-02T05:02:19.451+0000] {logging_mixin.py:188} WARNING - 2026-06-02 05:02:19 [INFO] tif outdated (tif=5 < nc=6), removing: /opt/***/era5/ecmwf/data/tif/2026/05/28/tp_20260528.tif
[2026-06-02T05:02:19.451+0000] {era5_functions.py:337} INFO - tif outdated (tif=5 < nc=6), removing: /opt/***/era5/ecmwf/data/tif/2026/05/28/tp_20260528.tif
[2026-06-02T05:02:19.538+0000] {logging_mixin.py:188} WARNING - 2026-06-02 05:02:19 [INFO] tif ok (bands=6): /opt/***/era5/ecmwf/data/tif/2026/05/28/tp_20260528.tif
[2026-06-02T05:02:19.537+0000] {era5_functions.py:380} INFO - tif ok (bands=6): /opt/***/era5/ecmwf/data/tif/2026/05/28/tp_20260528.tif
[2026-06-02T05:02:19.542+0000] {logging_mixin.py:188} WARNING - 2026-06-02 05:02:19 [INFO] === END job=accum ===
[2026-06-02T05:02:19.542+0000] {era5_functions.py:465} INFO - === END job=accum ===
[2026-06-02T05:02:19.544+0000] {python.py:237} INFO - Done. Returned value was: None
[2026-06-02T05:02:19.544+0000] {taskinstance.py:441} INFO - ::group::Post task execution logs
[2026-06-02T05:02:19.559+0000] {taskinstance.py:1206} INFO - Marking task as SUCCESS. dag_id=era5_download_pipeline, task_id=era5_accum, run_id=scheduled__2026-06-02T04:00:00+00:00, execution_date=20260602T040000, start_date=20260602T050119, end_date=20260602T050219
[2026-06-02T05:02:19.611+0000] {local_task_job_runner.py:240} INFO - Task exited with return code 0
[2026-06-02T05:02:19.634+0000] {taskinstance.py:3498} INFO - 0 downstream tasks scheduled from follow-on schedule check
[2026-06-02T05:02:19.637+0000] {local_task_job_runner.py:222} INFO - ::endgroup::
