[2026-06-11T11:00:59.843+0000] {local_task_job_runner.py:120} INFO - ::group::Pre task execution logs
[2026-06-11T11:00:59.871+0000] {taskinstance.py:2076} INFO - Dependencies all met for dep_context=non-requeueable deps ti=<TaskInstance: era5_download_pipeline.era5_accum scheduled__2026-06-11T10:00:00+00:00 [queued]>
[2026-06-11T11:00:59.886+0000] {taskinstance.py:2076} INFO - Dependencies all met for dep_context=requeueable deps ti=<TaskInstance: era5_download_pipeline.era5_accum scheduled__2026-06-11T10:00:00+00:00 [queued]>
[2026-06-11T11:00:59.887+0000] {taskinstance.py:2306} INFO - Starting attempt 1 of 1
[2026-06-11T11:00:59.905+0000] {taskinstance.py:2330} INFO - Executing <Task(PythonOperator): era5_accum> on 2026-06-11 10:00:00+00:00
[2026-06-11T11:00:59.923+0000] {standard_task_runner.py:90} INFO - Running: ['***', 'tasks', 'run', 'era5_download_pipeline', 'era5_accum', 'scheduled__2026-06-11T10:00:00+00:00', '--job-id', '1333', '--raw', '--subdir', 'DAGS_FOLDER/era5_dag.py', '--cfg-path', '/tmp/tmp06k9q17_']
[2026-06-11T11:00:59.924+0000] {warnings.py:110} WARNING - /home/***/.local/lib/python3.12/site-packages/***/task/task_runner/standard_task_runner.py:61: DeprecationWarning: This process (pid=2727) is multi-threaded, use of fork() may lead to deadlocks in the child.
  pid = os.fork()

[2026-06-11T11:00:59.928+0000] {standard_task_runner.py:91} INFO - Job 1333: Subtask era5_accum
[2026-06-11T11:00:59.928+0000] {standard_task_runner.py:63} INFO - Started process 2729 to run task
[2026-06-11T11:01:00.015+0000] {task_command.py:426} INFO - Running <TaskInstance: era5_download_pipeline.era5_accum scheduled__2026-06-11T10:00:00+00:00 [running]> on host 01cd476fb21a
[2026-06-11T11:01:00.137+0000] {taskinstance.py:2648} INFO - Exporting env vars: AIRFLOW_CTX_DAG_OWNER='era5' AIRFLOW_CTX_DAG_ID='era5_download_pipeline' AIRFLOW_CTX_TASK_ID='era5_accum' AIRFLOW_CTX_EXECUTION_DATE='2026-06-11T10:00:00+00:00' AIRFLOW_CTX_TRY_NUMBER='1' AIRFLOW_CTX_DAG_RUN_ID='scheduled__2026-06-11T10:00:00+00:00'
[2026-06-11T11:01:00.139+0000] {taskinstance.py:430} INFO - ::endgroup::
[2026-06-11T11:01:01.306+0000] {logging_mixin.py:188} WARNING - 2026-06-11 11:01:01,306 INFO [2026-06-11T00:00:00Z] Upcoming essential maintenance sessions on Data Stores underlying infrastructure on 15 June. Service disruption expected. For further details, please [visit our forum announcement](https://forum.ecmwf.int/t/upcoming-essential-maintenance-sessions-on-data-stores-underlying-infrastructure-part-2/150414).
[2026-06-11T11:01:01.306+0000] {legacy_client.py:192} INFO - [2026-06-11T00:00:00Z] Upcoming essential maintenance sessions on Data Stores underlying infrastructure on 15 June. Service disruption expected. For further details, please [visit our forum announcement](https://forum.ecmwf.int/t/upcoming-essential-maintenance-sessions-on-data-stores-underlying-infrastructure-part-2/150414).
[2026-06-11T11:01:01.316+0000] {logging_mixin.py:188} WARNING - 2026-06-11 11:01:01 [INFO] === START job=accum date=2026-06-11 ===
[2026-06-11T11:01:01.316+0000] {era5_functions.py:368} INFO - === START job=accum date=2026-06-11 ===
[2026-06-11T11:01:01.318+0000] {logging_mixin.py:188} WARNING - 2026-06-11 11:01:01 [INFO] --- job=accum date=20260611 ---
[2026-06-11T11:01:01.318+0000] {era5_functions.py:330} INFO - --- job=accum date=20260611 ---
[2026-06-11T11:01:06.905+0000] {logging_mixin.py:188} WARNING - 2026-06-11 11:01:06 [WARNING] get_cds_count failed: 400 Client Error: Bad Request for url: https://cds.climate.copernicus.eu/api/retrieve/v1/processes/reanalysis-era5-single-levels/execution
invalid request
None of the data you have requested is available yet, please revise the period requested. The latest date available for this dataset is: 2026-06-06 11:00
[2026-06-11T11:01:06.905+0000] {era5_functions.py:131} WARNING - get_cds_count failed: 400 Client Error: Bad Request for url: https://cds.climate.copernicus.eu/api/retrieve/v1/processes/reanalysis-era5-single-levels/execution
invalid request
None of the data you have requested is available yet, please revise the period requested. The latest date available for this dataset is: 2026-06-06 11:00
[2026-06-11T11:01:06.908+0000] {logging_mixin.py:188} WARNING - 2026-06-11 11:01:06 [WARNING] CDS ยังไม่มีข้อมูล job=accum date=20260611, skip
[2026-06-11T11:01:06.907+0000] {era5_functions.py:335} WARNING - CDS ยังไม่มีข้อมูล job=accum date=20260611, skip
[2026-06-11T11:01:06.910+0000] {logging_mixin.py:188} WARNING - 2026-06-11 11:01:06 [INFO] --- job=accum date=20260610 ---
[2026-06-11T11:01:06.910+0000] {era5_functions.py:330} INFO - --- job=accum date=20260610 ---
[2026-06-11T11:01:07.648+0000] {logging_mixin.py:188} WARNING - 2026-06-11 11:01:07 [WARNING] get_cds_count failed: 400 Client Error: Bad Request for url: https://cds.climate.copernicus.eu/api/retrieve/v1/processes/reanalysis-era5-single-levels/execution
invalid request
None of the data you have requested is available yet, please revise the period requested. The latest date available for this dataset is: 2026-06-06 11:00
[2026-06-11T11:01:07.648+0000] {era5_functions.py:131} WARNING - get_cds_count failed: 400 Client Error: Bad Request for url: https://cds.climate.copernicus.eu/api/retrieve/v1/processes/reanalysis-era5-single-levels/execution
invalid request
None of the data you have requested is available yet, please revise the period requested. The latest date available for this dataset is: 2026-06-06 11:00
[2026-06-11T11:01:07.651+0000] {logging_mixin.py:188} WARNING - 2026-06-11 11:01:07 [WARNING] CDS ยังไม่มีข้อมูล job=accum date=20260610, skip
[2026-06-11T11:01:07.651+0000] {era5_functions.py:335} WARNING - CDS ยังไม่มีข้อมูล job=accum date=20260610, skip
[2026-06-11T11:01:07.653+0000] {logging_mixin.py:188} WARNING - 2026-06-11 11:01:07 [INFO] --- job=accum date=20260609 ---
[2026-06-11T11:01:07.653+0000] {era5_functions.py:330} INFO - --- job=accum date=20260609 ---
[2026-06-11T11:01:08.132+0000] {logging_mixin.py:188} WARNING - 2026-06-11 11:01:08 [WARNING] get_cds_count failed: 400 Client Error: Bad Request for url: https://cds.climate.copernicus.eu/api/retrieve/v1/processes/reanalysis-era5-single-levels/execution
invalid request
None of the data you have requested is available yet, please revise the period requested. The latest date available for this dataset is: 2026-06-06 11:00
[2026-06-11T11:01:08.132+0000] {era5_functions.py:131} WARNING - get_cds_count failed: 400 Client Error: Bad Request for url: https://cds.climate.copernicus.eu/api/retrieve/v1/processes/reanalysis-era5-single-levels/execution
invalid request
None of the data you have requested is available yet, please revise the period requested. The latest date available for this dataset is: 2026-06-06 11:00
[2026-06-11T11:01:08.136+0000] {logging_mixin.py:188} WARNING - 2026-06-11 11:01:08 [WARNING] CDS ยังไม่มีข้อมูล job=accum date=20260609, skip
[2026-06-11T11:01:08.136+0000] {era5_functions.py:335} WARNING - CDS ยังไม่มีข้อมูล job=accum date=20260609, skip
[2026-06-11T11:01:08.140+0000] {logging_mixin.py:188} WARNING - 2026-06-11 11:01:08 [INFO] --- job=accum date=20260608 ---
[2026-06-11T11:01:08.139+0000] {era5_functions.py:330} INFO - --- job=accum date=20260608 ---
[2026-06-11T11:01:08.870+0000] {logging_mixin.py:188} WARNING - 2026-06-11 11:01:08 [WARNING] get_cds_count failed: 400 Client Error: Bad Request for url: https://cds.climate.copernicus.eu/api/retrieve/v1/processes/reanalysis-era5-single-levels/execution
invalid request
None of the data you have requested is available yet, please revise the period requested. The latest date available for this dataset is: 2026-06-06 11:00
[2026-06-11T11:01:08.870+0000] {era5_functions.py:131} WARNING - get_cds_count failed: 400 Client Error: Bad Request for url: https://cds.climate.copernicus.eu/api/retrieve/v1/processes/reanalysis-era5-single-levels/execution
invalid request
None of the data you have requested is available yet, please revise the period requested. The latest date available for this dataset is: 2026-06-06 11:00
[2026-06-11T11:01:08.874+0000] {logging_mixin.py:188} WARNING - 2026-06-11 11:01:08 [WARNING] CDS ยังไม่มีข้อมูล job=accum date=20260608, skip
[2026-06-11T11:01:08.873+0000] {era5_functions.py:335} WARNING - CDS ยังไม่มีข้อมูล job=accum date=20260608, skip
[2026-06-11T11:01:08.876+0000] {logging_mixin.py:188} WARNING - 2026-06-11 11:01:08 [INFO] --- job=accum date=20260607 ---
[2026-06-11T11:01:08.876+0000] {era5_functions.py:330} INFO - --- job=accum date=20260607 ---
[2026-06-11T11:01:10.134+0000] {logging_mixin.py:188} WARNING - 2026-06-11 11:01:10 [WARNING] get_cds_count failed: 400 Client Error: Bad Request for url: https://cds.climate.copernicus.eu/api/retrieve/v1/processes/reanalysis-era5-single-levels/execution
invalid request
None of the data you have requested is available yet, please revise the period requested. The latest date available for this dataset is: 2026-06-06 11:00
[2026-06-11T11:01:10.134+0000] {era5_functions.py:131} WARNING - get_cds_count failed: 400 Client Error: Bad Request for url: https://cds.climate.copernicus.eu/api/retrieve/v1/processes/reanalysis-era5-single-levels/execution
invalid request
None of the data you have requested is available yet, please revise the period requested. The latest date available for this dataset is: 2026-06-06 11:00
[2026-06-11T11:01:10.137+0000] {logging_mixin.py:188} WARNING - 2026-06-11 11:01:10 [WARNING] CDS ยังไม่มีข้อมูล job=accum date=20260607, skip
[2026-06-11T11:01:10.137+0000] {era5_functions.py:335} WARNING - CDS ยังไม่มีข้อมูล job=accum date=20260607, skip
[2026-06-11T11:01:10.140+0000] {logging_mixin.py:188} WARNING - 2026-06-11 11:01:10 [INFO] --- job=accum date=20260606 ---
[2026-06-11T11:01:10.140+0000] {era5_functions.py:330} INFO - --- job=accum date=20260606 ---
[2026-06-11T11:01:10.878+0000] {logging_mixin.py:188} WARNING - 2026-06-11 11:01:10,877 INFO [2025-12-11T00:00:00] Please note that a dedicated catalogue entry for this dataset, post-processed and stored in Analysis Ready Cloud Optimized (ARCO) format (Zarr), is available for optimised time-series retrievals (i.e. for retrieving data from selected variables for a single point over an extended period of time in an efficient way). You can discover it [here](https://cds.climate.copernicus.eu/datasets/reanalysis-era5-single-levels-timeseries?tab=overview)
[2026-06-11T11:01:10.877+0000] {legacy_client.py:192} INFO - [2025-12-11T00:00:00] Please note that a dedicated catalogue entry for this dataset, post-processed and stored in Analysis Ready Cloud Optimized (ARCO) format (Zarr), is available for optimised time-series retrievals (i.e. for retrieving data from selected variables for a single point over an extended period of time in an efficient way). You can discover it [here](https://cds.climate.copernicus.eu/datasets/reanalysis-era5-single-levels-timeseries?tab=overview)
[2026-06-11T11:01:10.883+0000] {logging_mixin.py:188} WARNING - 2026-06-11 11:01:10,883 INFO Request ID is c7aa5628-309c-42a3-b28d-4a148427ff73
[2026-06-11T11:01:10.883+0000] {legacy_client.py:192} INFO - Request ID is c7aa5628-309c-42a3-b28d-4a148427ff73
[2026-06-11T11:01:11.148+0000] {logging_mixin.py:188} WARNING - 2026-06-11 11:01:11,148 INFO status has been updated to accepted
[2026-06-11T11:01:11.148+0000] {legacy_client.py:192} INFO - status has been updated to accepted
[2026-06-11T11:01:25.672+0000] {logging_mixin.py:188} WARNING - 2026-06-11 11:01:25,672 INFO status has been updated to running
[2026-06-11T11:01:25.672+0000] {legacy_client.py:192} INFO - status has been updated to running
[2026-06-11T11:01:33.512+0000] {logging_mixin.py:188} WARNING - 2026-06-11 11:01:33,512 INFO status has been updated to successful
[2026-06-11T11:01:33.512+0000] {legacy_client.py:192} INFO - status has been updated to successful
[2026-06-11T11:01:34.547+0000] {base.py:119} INFO - Downloading https://object-store.os-api.cci2.ecmwf.int:443/cci2-prod-cache-1/2026-06-11/7a54a7a5c7426e9d1d3c0299ce174319.nc
[2026-06-11T11:01:35.651+0000] {logging_mixin.py:188} WARNING - 7a54a7a5c7426e9d1d3c0299ce174319.nc:   0%|          | 0.00/193k [00:00<?, ?B/s]
[2026-06-11T11:01:37.339+0000] {logging_mixin.py:188} WARNING - 7a54a7a5c7426e9d1d3c0299ce174319.nc: 100%|##########| 193k/193k [00:01<00:00, 117kB/s]
[2026-06-11T11:01:37.344+0000] {logging_mixin.py:188} WARNING -                                                                                       
[2026-06-11T11:01:37.612+0000] {logging_mixin.py:188} WARNING - 2026-06-11 11:01:37 [INFO] CDS timestep available: 12
[2026-06-11T11:01:37.612+0000] {era5_functions.py:128} INFO - CDS timestep available: 12
[2026-06-11T11:01:37.668+0000] {logging_mixin.py:188} WARNING - 2026-06-11 11:01:37 [INFO] local timestep: 11 — /opt/***/era5/ecmwf/data/nc/_raw/2026/06/06/accum_20260606.nc
[2026-06-11T11:01:37.667+0000] {era5_functions.py:152} INFO - local timestep: 11 — /opt/***/era5/ecmwf/data/nc/_raw/2026/06/06/accum_20260606.nc
[2026-06-11T11:01:37.677+0000] {logging_mixin.py:188} WARNING - 2026-06-11 11:01:37 [INFO] nc outdated (local=11 < cds=12), removing: /opt/***/era5/ecmwf/data/nc/_raw/2026/06/06/accum_20260606.nc
[2026-06-11T11:01:37.677+0000] {era5_functions.py:193} INFO - nc outdated (local=11 < cds=12), removing: /opt/***/era5/ecmwf/data/nc/_raw/2026/06/06/accum_20260606.nc
[2026-06-11T11:01:37.696+0000] {logging_mixin.py:188} WARNING - 2026-06-11 11:01:37 [INFO] download attempt 1/3: /opt/***/era5/ecmwf/data/nc/_raw/2026/06/06/accum_20260606.nc
[2026-06-11T11:01:37.696+0000] {era5_functions.py:200} INFO - download attempt 1/3: /opt/***/era5/ecmwf/data/nc/_raw/2026/06/06/accum_20260606.nc
[2026-06-11T11:01:38.518+0000] {logging_mixin.py:188} WARNING - 2026-06-11 11:01:38,518 INFO [2025-12-11T00:00:00] Please note that a dedicated catalogue entry for this dataset, post-processed and stored in Analysis Ready Cloud Optimized (ARCO) format (Zarr), is available for optimised time-series retrievals (i.e. for retrieving data from selected variables for a single point over an extended period of time in an efficient way). You can discover it [here](https://cds.climate.copernicus.eu/datasets/reanalysis-era5-single-levels-timeseries?tab=overview)
[2026-06-11T11:01:38.518+0000] {legacy_client.py:192} INFO - [2025-12-11T00:00:00] Please note that a dedicated catalogue entry for this dataset, post-processed and stored in Analysis Ready Cloud Optimized (ARCO) format (Zarr), is available for optimised time-series retrievals (i.e. for retrieving data from selected variables for a single point over an extended period of time in an efficient way). You can discover it [here](https://cds.climate.copernicus.eu/datasets/reanalysis-era5-single-levels-timeseries?tab=overview)
[2026-06-11T11:01:38.523+0000] {logging_mixin.py:188} WARNING - 2026-06-11 11:01:38,522 INFO Request ID is a60aa987-a017-432a-bc58-f9d26b9500c8
[2026-06-11T11:01:38.522+0000] {legacy_client.py:192} INFO - Request ID is a60aa987-a017-432a-bc58-f9d26b9500c8
[2026-06-11T11:01:38.763+0000] {logging_mixin.py:188} WARNING - 2026-06-11 11:01:38,762 INFO status has been updated to accepted
[2026-06-11T11:01:38.762+0000] {legacy_client.py:192} INFO - status has been updated to accepted
[2026-06-11T11:02:13.516+0000] {logging_mixin.py:188} WARNING - 2026-06-11 11:02:13,516 INFO status has been updated to successful
[2026-06-11T11:02:13.516+0000] {legacy_client.py:192} INFO - status has been updated to successful
[2026-06-11T11:02:14.454+0000] {base.py:119} INFO - Downloading https://object-store.os-api.cci2.ecmwf.int:443/cci2-prod-cache-2/2026-06-11/cf4d46b4aa3a5ee21d5932901c4fa067.nc
[2026-06-11T11:02:15.203+0000] {logging_mixin.py:188} WARNING - cf4d46b4aa3a5ee21d5932901c4fa067.nc:   0%|          | 0.00/193k [00:00<?, ?B/s]
[2026-06-11T11:02:16.678+0000] {logging_mixin.py:188} WARNING - cf4d46b4aa3a5ee21d5932901c4fa067.nc: 100%|##########| 193k/193k [00:01<00:00, 134kB/s]
[2026-06-11T11:02:16.702+0000] {logging_mixin.py:188} WARNING -                                                                                       
[2026-06-11T11:02:16.787+0000] {logging_mixin.py:188} WARNING - 2026-06-11 11:02:16 [INFO] nc downloaded ok: /opt/***/era5/ecmwf/data/nc/_raw/2026/06/06/accum_20260606.nc
[2026-06-11T11:02:16.787+0000] {era5_functions.py:204} INFO - nc downloaded ok: /opt/***/era5/ecmwf/data/nc/_raw/2026/06/06/accum_20260606.nc
[2026-06-11T11:02:16.838+0000] {logging_mixin.py:188} WARNING - 2026-06-11 11:02:16 [INFO] local timestep: 12 — /opt/***/era5/ecmwf/data/nc/_raw/2026/06/06/accum_20260606.nc
[2026-06-11T11:02:16.838+0000] {era5_functions.py:152} INFO - local timestep: 12 — /opt/***/era5/ecmwf/data/nc/_raw/2026/06/06/accum_20260606.nc
[2026-06-11T11:02:16.924+0000] {logging_mixin.py:188} WARNING - 2026-06-11 11:02:16 [INFO] tif outdated (tif=11 < nc=12), removing: /opt/***/era5/ecmwf/data/tif/2026/06/06/tp_20260606.tif
[2026-06-11T11:02:16.924+0000] {era5_functions.py:261} INFO - tif outdated (tif=11 < nc=12), removing: /opt/***/era5/ecmwf/data/tif/2026/06/06/tp_20260606.tif
[2026-06-11T11:02:17.027+0000] {logging_mixin.py:188} WARNING - 2026-06-11 11:02:17 [INFO] tif ok (bands=12): /opt/***/era5/ecmwf/data/tif/2026/06/06/tp_20260606.tif
[2026-06-11T11:02:17.026+0000] {era5_functions.py:304} INFO - tif ok (bands=12): /opt/***/era5/ecmwf/data/tif/2026/06/06/tp_20260606.tif
[2026-06-11T11:02:17.032+0000] {logging_mixin.py:188} WARNING - 2026-06-11 11:02:17 [INFO] === END job=accum date=2026-06-11 ===
[2026-06-11T11:02:17.032+0000] {era5_functions.py:379} INFO - === END job=accum date=2026-06-11 ===
[2026-06-11T11:02:17.033+0000] {python.py:237} INFO - Done. Returned value was: None
[2026-06-11T11:02:17.034+0000] {taskinstance.py:441} INFO - ::group::Post task execution logs
[2026-06-11T11:02:17.054+0000] {taskinstance.py:1206} INFO - Marking task as SUCCESS. dag_id=era5_download_pipeline, task_id=era5_accum, run_id=scheduled__2026-06-11T10:00:00+00:00, execution_date=20260611T100000, start_date=20260611T110059, end_date=20260611T110217
[2026-06-11T11:02:17.150+0000] {local_task_job_runner.py:240} INFO - Task exited with return code 0
[2026-06-11T11:02:17.177+0000] {taskinstance.py:3498} INFO - 0 downstream tasks scheduled from follow-on schedule check
[2026-06-11T11:02:17.181+0000] {local_task_job_runner.py:222} INFO - ::endgroup::
