[2026-06-18T07:01:25.205+0000] {local_task_job_runner.py:120} INFO - ::group::Pre task execution logs
[2026-06-18T07:01:25.231+0000] {taskinstance.py:2076} INFO - Dependencies all met for dep_context=non-requeueable deps ti=<TaskInstance: era5_download_pipeline.era5_accum scheduled__2026-06-18T06:00:00+00:00 [queued]>
[2026-06-18T07:01:25.240+0000] {taskinstance.py:2076} INFO - Dependencies all met for dep_context=requeueable deps ti=<TaskInstance: era5_download_pipeline.era5_accum scheduled__2026-06-18T06:00:00+00:00 [queued]>
[2026-06-18T07:01:25.242+0000] {taskinstance.py:2306} INFO - Starting attempt 1 of 1
[2026-06-18T07:01:25.258+0000] {taskinstance.py:2330} INFO - Executing <Task(PythonOperator): era5_accum> on 2026-06-18 06:00:00+00:00
[2026-06-18T07:01:25.270+0000] {warnings.py:110} WARNING - /home/***/.local/lib/python3.12/site-packages/***/task/task_runner/standard_task_runner.py:61: DeprecationWarning: This process (pid=129372) is multi-threaded, use of fork() may lead to deadlocks in the child.
  pid = os.fork()

[2026-06-18T07:01:25.273+0000] {standard_task_runner.py:63} INFO - Started process 129374 to run task
[2026-06-18T07:01:25.272+0000] {standard_task_runner.py:90} INFO - Running: ['***', 'tasks', 'run', 'era5_download_pipeline', 'era5_accum', 'scheduled__2026-06-18T06:00:00+00:00', '--job-id', '1829', '--raw', '--subdir', 'DAGS_FOLDER/era5_dag.py', '--cfg-path', '/tmp/tmp_vw7gr67']
[2026-06-18T07:01:25.276+0000] {standard_task_runner.py:91} INFO - Job 1829: Subtask era5_accum
[2026-06-18T07:01:25.355+0000] {task_command.py:426} INFO - Running <TaskInstance: era5_download_pipeline.era5_accum scheduled__2026-06-18T06:00:00+00:00 [running]> on host 01cd476fb21a
[2026-06-18T07:01:25.496+0000] {taskinstance.py:2648} INFO - Exporting env vars: AIRFLOW_CTX_DAG_OWNER='era5' AIRFLOW_CTX_DAG_ID='era5_download_pipeline' AIRFLOW_CTX_TASK_ID='era5_accum' AIRFLOW_CTX_EXECUTION_DATE='2026-06-18T06:00:00+00:00' AIRFLOW_CTX_TRY_NUMBER='1' AIRFLOW_CTX_DAG_RUN_ID='scheduled__2026-06-18T06:00:00+00:00'
[2026-06-18T07:01:25.500+0000] {taskinstance.py:430} INFO - ::endgroup::
[2026-06-18T07:01:26.547+0000] {logging_mixin.py:188} WARNING - 2026-06-18 07:01:26 [INFO] === START job=accum date=2026-06-18 ===
[2026-06-18T07:01:26.546+0000] {era5_functions.py:368} INFO - === START job=accum date=2026-06-18 ===
[2026-06-18T07:01:26.551+0000] {logging_mixin.py:188} WARNING - 2026-06-18 07:01:26 [INFO] --- job=accum date=20260618 ---
[2026-06-18T07:01:26.551+0000] {era5_functions.py:330} INFO - --- job=accum date=20260618 ---
[2026-06-18T07:01:27.228+0000] {logging_mixin.py:188} WARNING - 2026-06-18 07:01:27 [WARNING] get_cds_count failed: 400 Client Error: Bad Request for url: https://cds.climate.copernicus.eu/api/retrieve/v1/processes/reanalysis-era5-single-levels/execution
invalid request
None of the data you have requested is available yet, please revise the period requested. The latest date available for this dataset is: 2026-06-13 07:00
[2026-06-18T07:01:27.228+0000] {era5_functions.py:131} WARNING - get_cds_count failed: 400 Client Error: Bad Request for url: https://cds.climate.copernicus.eu/api/retrieve/v1/processes/reanalysis-era5-single-levels/execution
invalid request
None of the data you have requested is available yet, please revise the period requested. The latest date available for this dataset is: 2026-06-13 07:00
[2026-06-18T07:01:27.231+0000] {logging_mixin.py:188} WARNING - 2026-06-18 07:01:27 [WARNING] CDS ยังไม่มีข้อมูล job=accum date=20260618, skip
[2026-06-18T07:01:27.231+0000] {era5_functions.py:335} WARNING - CDS ยังไม่มีข้อมูล job=accum date=20260618, skip
[2026-06-18T07:01:27.234+0000] {logging_mixin.py:188} WARNING - 2026-06-18 07:01:27 [INFO] --- job=accum date=20260617 ---
[2026-06-18T07:01:27.234+0000] {era5_functions.py:330} INFO - --- job=accum date=20260617 ---
[2026-06-18T07:01:27.833+0000] {logging_mixin.py:188} WARNING - 2026-06-18 07:01:27 [WARNING] get_cds_count failed: 400 Client Error: Bad Request for url: https://cds.climate.copernicus.eu/api/retrieve/v1/processes/reanalysis-era5-single-levels/execution
invalid request
None of the data you have requested is available yet, please revise the period requested. The latest date available for this dataset is: 2026-06-13 07:00
[2026-06-18T07:01:27.832+0000] {era5_functions.py:131} WARNING - get_cds_count failed: 400 Client Error: Bad Request for url: https://cds.climate.copernicus.eu/api/retrieve/v1/processes/reanalysis-era5-single-levels/execution
invalid request
None of the data you have requested is available yet, please revise the period requested. The latest date available for this dataset is: 2026-06-13 07:00
[2026-06-18T07:01:27.839+0000] {logging_mixin.py:188} WARNING - 2026-06-18 07:01:27 [WARNING] CDS ยังไม่มีข้อมูล job=accum date=20260617, skip
[2026-06-18T07:01:27.838+0000] {era5_functions.py:335} WARNING - CDS ยังไม่มีข้อมูล job=accum date=20260617, skip
[2026-06-18T07:01:27.842+0000] {logging_mixin.py:188} WARNING - 2026-06-18 07:01:27 [INFO] --- job=accum date=20260616 ---
[2026-06-18T07:01:27.842+0000] {era5_functions.py:330} INFO - --- job=accum date=20260616 ---
[2026-06-18T07:01:28.456+0000] {logging_mixin.py:188} WARNING - 2026-06-18 07:01:28 [WARNING] get_cds_count failed: 400 Client Error: Bad Request for url: https://cds.climate.copernicus.eu/api/retrieve/v1/processes/reanalysis-era5-single-levels/execution
invalid request
None of the data you have requested is available yet, please revise the period requested. The latest date available for this dataset is: 2026-06-13 07:00
[2026-06-18T07:01:28.455+0000] {era5_functions.py:131} WARNING - get_cds_count failed: 400 Client Error: Bad Request for url: https://cds.climate.copernicus.eu/api/retrieve/v1/processes/reanalysis-era5-single-levels/execution
invalid request
None of the data you have requested is available yet, please revise the period requested. The latest date available for this dataset is: 2026-06-13 07:00
[2026-06-18T07:01:28.460+0000] {logging_mixin.py:188} WARNING - 2026-06-18 07:01:28 [WARNING] CDS ยังไม่มีข้อมูล job=accum date=20260616, skip
[2026-06-18T07:01:28.460+0000] {era5_functions.py:335} WARNING - CDS ยังไม่มีข้อมูล job=accum date=20260616, skip
[2026-06-18T07:01:28.463+0000] {logging_mixin.py:188} WARNING - 2026-06-18 07:01:28 [INFO] --- job=accum date=20260615 ---
[2026-06-18T07:01:28.463+0000] {era5_functions.py:330} INFO - --- job=accum date=20260615 ---
[2026-06-18T07:01:28.984+0000] {logging_mixin.py:188} WARNING - 2026-06-18 07:01:28 [WARNING] get_cds_count failed: 400 Client Error: Bad Request for url: https://cds.climate.copernicus.eu/api/retrieve/v1/processes/reanalysis-era5-single-levels/execution
invalid request
None of the data you have requested is available yet, please revise the period requested. The latest date available for this dataset is: 2026-06-13 07:00
[2026-06-18T07:01:28.984+0000] {era5_functions.py:131} WARNING - get_cds_count failed: 400 Client Error: Bad Request for url: https://cds.climate.copernicus.eu/api/retrieve/v1/processes/reanalysis-era5-single-levels/execution
invalid request
None of the data you have requested is available yet, please revise the period requested. The latest date available for this dataset is: 2026-06-13 07:00
[2026-06-18T07:01:28.990+0000] {logging_mixin.py:188} WARNING - 2026-06-18 07:01:28 [WARNING] CDS ยังไม่มีข้อมูล job=accum date=20260615, skip
[2026-06-18T07:01:28.989+0000] {era5_functions.py:335} WARNING - CDS ยังไม่มีข้อมูล job=accum date=20260615, skip
[2026-06-18T07:01:28.994+0000] {logging_mixin.py:188} WARNING - 2026-06-18 07:01:28 [INFO] --- job=accum date=20260614 ---
[2026-06-18T07:01:28.994+0000] {era5_functions.py:330} INFO - --- job=accum date=20260614 ---
[2026-06-18T07:01:29.435+0000] {logging_mixin.py:188} WARNING - 2026-06-18 07:01:29 [WARNING] get_cds_count failed: 400 Client Error: Bad Request for url: https://cds.climate.copernicus.eu/api/retrieve/v1/processes/reanalysis-era5-single-levels/execution
invalid request
None of the data you have requested is available yet, please revise the period requested. The latest date available for this dataset is: 2026-06-13 07:00
[2026-06-18T07:01:29.435+0000] {era5_functions.py:131} WARNING - get_cds_count failed: 400 Client Error: Bad Request for url: https://cds.climate.copernicus.eu/api/retrieve/v1/processes/reanalysis-era5-single-levels/execution
invalid request
None of the data you have requested is available yet, please revise the period requested. The latest date available for this dataset is: 2026-06-13 07:00
[2026-06-18T07:01:29.438+0000] {logging_mixin.py:188} WARNING - 2026-06-18 07:01:29 [WARNING] CDS ยังไม่มีข้อมูล job=accum date=20260614, skip
[2026-06-18T07:01:29.438+0000] {era5_functions.py:335} WARNING - CDS ยังไม่มีข้อมูล job=accum date=20260614, skip
[2026-06-18T07:01:29.440+0000] {logging_mixin.py:188} WARNING - 2026-06-18 07:01:29 [INFO] --- job=accum date=20260613 ---
[2026-06-18T07:01:29.439+0000] {era5_functions.py:330} INFO - --- job=accum date=20260613 ---
[2026-06-18T07:01:30.842+0000] {logging_mixin.py:188} WARNING - 2026-06-18 07:01:30,842 INFO [2025-12-11T00:00:00] Please note that a dedicated catalogue entry for this dataset, post-processed and stored in Analysis Ready Cloud Optimized (ARCO) format (Zarr), is available for optimised time-series retrievals (i.e. for retrieving data from selected variables for a single point over an extended period of time in an efficient way). You can discover it [here](https://cds.climate.copernicus.eu/datasets/reanalysis-era5-single-levels-timeseries?tab=overview)
[2026-06-18T07:01:30.842+0000] {legacy_client.py:192} INFO - [2025-12-11T00:00:00] Please note that a dedicated catalogue entry for this dataset, post-processed and stored in Analysis Ready Cloud Optimized (ARCO) format (Zarr), is available for optimised time-series retrievals (i.e. for retrieving data from selected variables for a single point over an extended period of time in an efficient way). You can discover it [here](https://cds.climate.copernicus.eu/datasets/reanalysis-era5-single-levels-timeseries?tab=overview)
[2026-06-18T07:01:30.845+0000] {logging_mixin.py:188} WARNING - 2026-06-18 07:01:30,845 INFO Request ID is 939b6420-55eb-4844-bddc-6651917ce50c
[2026-06-18T07:01:30.845+0000] {legacy_client.py:192} INFO - Request ID is 939b6420-55eb-4844-bddc-6651917ce50c
[2026-06-18T07:01:31.060+0000] {logging_mixin.py:188} WARNING - 2026-06-18 07:01:31,060 INFO status has been updated to accepted
[2026-06-18T07:01:31.060+0000] {legacy_client.py:192} INFO - status has been updated to accepted
[2026-06-18T07:02:08.455+0000] {logging_mixin.py:188} WARNING - 2026-06-18 07:02:08,455 INFO status has been updated to successful
[2026-06-18T07:02:08.455+0000] {legacy_client.py:192} INFO - status has been updated to successful
[2026-06-18T07:02:09.423+0000] {base.py:119} INFO - Downloading https://object-store.os-api.cci2.ecmwf.int:443/cci2-prod-cache-1/2026-06-18/2e2f0fdf3cf254abfa71120def34b107.nc
[2026-06-18T07:02:10.438+0000] {logging_mixin.py:188} WARNING - 2e2f0fdf3cf254abfa71120def34b107.nc:   0%|          | 0.00/134k [00:00<?, ?B/s]
[2026-06-18T07:02:12.037+0000] {logging_mixin.py:188} WARNING - 2e2f0fdf3cf254abfa71120def34b107.nc: 100%|##########| 134k/134k [00:01<00:00, 86.1kB/s]
[2026-06-18T07:02:12.041+0000] {logging_mixin.py:188} WARNING -                                                                                        
[2026-06-18T07:02:12.305+0000] {logging_mixin.py:188} WARNING - 2026-06-18 07:02:12 [INFO] CDS timestep available: 8
[2026-06-18T07:02:12.305+0000] {era5_functions.py:128} INFO - CDS timestep available: 8
[2026-06-18T07:02:12.358+0000] {logging_mixin.py:188} WARNING - 2026-06-18 07:02:12 [INFO] local timestep: 7 — /opt/***/era5/ecmwf/data/nc/_raw/2026/06/13/accum_20260613.nc
[2026-06-18T07:02:12.358+0000] {era5_functions.py:152} INFO - local timestep: 7 — /opt/***/era5/ecmwf/data/nc/_raw/2026/06/13/accum_20260613.nc
[2026-06-18T07:02:12.366+0000] {logging_mixin.py:188} WARNING - 2026-06-18 07:02:12 [INFO] nc outdated (local=7 < cds=8), removing: /opt/***/era5/ecmwf/data/nc/_raw/2026/06/13/accum_20260613.nc
[2026-06-18T07:02:12.366+0000] {era5_functions.py:193} INFO - nc outdated (local=7 < cds=8), removing: /opt/***/era5/ecmwf/data/nc/_raw/2026/06/13/accum_20260613.nc
[2026-06-18T07:02:12.385+0000] {logging_mixin.py:188} WARNING - 2026-06-18 07:02:12 [INFO] download attempt 1/3: /opt/***/era5/ecmwf/data/nc/_raw/2026/06/13/accum_20260613.nc
[2026-06-18T07:02:12.384+0000] {era5_functions.py:200} INFO - download attempt 1/3: /opt/***/era5/ecmwf/data/nc/_raw/2026/06/13/accum_20260613.nc
[2026-06-18T07:02:13.299+0000] {logging_mixin.py:188} WARNING - 2026-06-18 07:02:13,299 INFO [2025-12-11T00:00:00] Please note that a dedicated catalogue entry for this dataset, post-processed and stored in Analysis Ready Cloud Optimized (ARCO) format (Zarr), is available for optimised time-series retrievals (i.e. for retrieving data from selected variables for a single point over an extended period of time in an efficient way). You can discover it [here](https://cds.climate.copernicus.eu/datasets/reanalysis-era5-single-levels-timeseries?tab=overview)
[2026-06-18T07:02:13.299+0000] {legacy_client.py:192} INFO - [2025-12-11T00:00:00] Please note that a dedicated catalogue entry for this dataset, post-processed and stored in Analysis Ready Cloud Optimized (ARCO) format (Zarr), is available for optimised time-series retrievals (i.e. for retrieving data from selected variables for a single point over an extended period of time in an efficient way). You can discover it [here](https://cds.climate.copernicus.eu/datasets/reanalysis-era5-single-levels-timeseries?tab=overview)
[2026-06-18T07:02:13.302+0000] {logging_mixin.py:188} WARNING - 2026-06-18 07:02:13,302 INFO Request ID is 4f0fb553-4970-4a9c-8070-8fb98915f8d6
[2026-06-18T07:02:13.302+0000] {legacy_client.py:192} INFO - Request ID is 4f0fb553-4970-4a9c-8070-8fb98915f8d6
[2026-06-18T07:02:15.770+0000] {logging_mixin.py:188} WARNING - 2026-06-18 07:02:15,770 INFO status has been updated to accepted
[2026-06-18T07:02:15.770+0000] {legacy_client.py:192} INFO - status has been updated to accepted
[2026-06-18T07:02:49.384+0000] {logging_mixin.py:188} WARNING - 2026-06-18 07:02:49,384 INFO status has been updated to successful
[2026-06-18T07:02:49.384+0000] {legacy_client.py:192} INFO - status has been updated to successful
[2026-06-18T07:02:49.815+0000] {base.py:119} INFO - Downloading https://object-store.os-api.cci2.ecmwf.int:443/cci2-prod-cache-1/2026-06-18/d9d726b150f0d1c6e85402573f62bf52.nc
[2026-06-18T07:02:50.795+0000] {logging_mixin.py:188} WARNING - d9d726b150f0d1c6e85402573f62bf52.nc:   0%|          | 0.00/134k [00:00<?, ?B/s]
[2026-06-18T07:02:52.059+0000] {logging_mixin.py:188} WARNING - d9d726b150f0d1c6e85402573f62bf52.nc: 100%|##########| 134k/134k [00:01<00:00, 109kB/s]
[2026-06-18T07:02:52.078+0000] {logging_mixin.py:188} WARNING -                                                                                       
[2026-06-18T07:02:52.162+0000] {logging_mixin.py:188} WARNING - 2026-06-18 07:02:52 [INFO] nc downloaded ok: /opt/***/era5/ecmwf/data/nc/_raw/2026/06/13/accum_20260613.nc
[2026-06-18T07:02:52.162+0000] {era5_functions.py:204} INFO - nc downloaded ok: /opt/***/era5/ecmwf/data/nc/_raw/2026/06/13/accum_20260613.nc
[2026-06-18T07:02:52.237+0000] {logging_mixin.py:188} WARNING - 2026-06-18 07:02:52 [INFO] local timestep: 8 — /opt/***/era5/ecmwf/data/nc/_raw/2026/06/13/accum_20260613.nc
[2026-06-18T07:02:52.237+0000] {era5_functions.py:152} INFO - local timestep: 8 — /opt/***/era5/ecmwf/data/nc/_raw/2026/06/13/accum_20260613.nc
[2026-06-18T07:02:52.322+0000] {logging_mixin.py:188} WARNING - 2026-06-18 07:02:52 [INFO] tif outdated (tif=7 < nc=8), removing: /opt/***/era5/ecmwf/data/tif/2026/06/13/tp_20260613.tif
[2026-06-18T07:02:52.322+0000] {era5_functions.py:261} INFO - tif outdated (tif=7 < nc=8), removing: /opt/***/era5/ecmwf/data/tif/2026/06/13/tp_20260613.tif
[2026-06-18T07:02:52.422+0000] {logging_mixin.py:188} WARNING - 2026-06-18 07:02:52 [INFO] tif ok (bands=8): /opt/***/era5/ecmwf/data/tif/2026/06/13/tp_20260613.tif
[2026-06-18T07:02:52.422+0000] {era5_functions.py:304} INFO - tif ok (bands=8): /opt/***/era5/ecmwf/data/tif/2026/06/13/tp_20260613.tif
[2026-06-18T07:02:52.427+0000] {logging_mixin.py:188} WARNING - 2026-06-18 07:02:52 [INFO] === END job=accum date=2026-06-18 ===
[2026-06-18T07:02:52.427+0000] {era5_functions.py:379} INFO - === END job=accum date=2026-06-18 ===
[2026-06-18T07:02:52.429+0000] {python.py:237} INFO - Done. Returned value was: None
[2026-06-18T07:02:52.430+0000] {taskinstance.py:441} INFO - ::group::Post task execution logs
[2026-06-18T07:02:52.444+0000] {taskinstance.py:1206} INFO - Marking task as SUCCESS. dag_id=era5_download_pipeline, task_id=era5_accum, run_id=scheduled__2026-06-18T06:00:00+00:00, execution_date=20260618T060000, start_date=20260618T070125, end_date=20260618T070252
[2026-06-18T07:02:52.537+0000] {local_task_job_runner.py:240} INFO - Task exited with return code 0
[2026-06-18T07:02:52.557+0000] {taskinstance.py:3498} INFO - 0 downstream tasks scheduled from follow-on schedule check
[2026-06-18T07:02:52.561+0000] {local_task_job_runner.py:222} INFO - ::endgroup::
