[2026-06-14T11:01:13.696+0000] {local_task_job_runner.py:120} INFO - ::group::Pre task execution logs
[2026-06-14T11:01:13.728+0000] {taskinstance.py:2076} INFO - Dependencies all met for dep_context=non-requeueable deps ti=<TaskInstance: era5_download_pipeline.era5_accum scheduled__2026-06-14T10:00:00+00:00 [queued]>
[2026-06-14T11:01:13.741+0000] {taskinstance.py:2076} INFO - Dependencies all met for dep_context=requeueable deps ti=<TaskInstance: era5_download_pipeline.era5_accum scheduled__2026-06-14T10:00:00+00:00 [queued]>
[2026-06-14T11:01:13.743+0000] {taskinstance.py:2306} INFO - Starting attempt 1 of 1
[2026-06-14T11:01:13.760+0000] {taskinstance.py:2330} INFO - Executing <Task(PythonOperator): era5_accum> on 2026-06-14 10:00:00+00:00
[2026-06-14T11:01:13.771+0000] {warnings.py:110} WARNING - /home/***/.local/lib/python3.12/site-packages/***/task/task_runner/standard_task_runner.py:61: DeprecationWarning: This process (pid=58409) is multi-threaded, use of fork() may lead to deadlocks in the child.
  pid = os.fork()

[2026-06-14T11:01:13.774+0000] {standard_task_runner.py:63} INFO - Started process 58411 to run task
[2026-06-14T11:01:13.774+0000] {standard_task_runner.py:90} INFO - Running: ['***', 'tasks', 'run', 'era5_download_pipeline', 'era5_accum', 'scheduled__2026-06-14T10:00:00+00:00', '--job-id', '1552', '--raw', '--subdir', 'DAGS_FOLDER/era5_dag.py', '--cfg-path', '/tmp/tmp3b_l0861']
[2026-06-14T11:01:13.777+0000] {standard_task_runner.py:91} INFO - Job 1552: Subtask era5_accum
[2026-06-14T11:01:13.856+0000] {task_command.py:426} INFO - Running <TaskInstance: era5_download_pipeline.era5_accum scheduled__2026-06-14T10:00:00+00:00 [running]> on host 01cd476fb21a
[2026-06-14T11:01:14.001+0000] {taskinstance.py:2648} INFO - Exporting env vars: AIRFLOW_CTX_DAG_OWNER='era5' AIRFLOW_CTX_DAG_ID='era5_download_pipeline' AIRFLOW_CTX_TASK_ID='era5_accum' AIRFLOW_CTX_EXECUTION_DATE='2026-06-14T10:00:00+00:00' AIRFLOW_CTX_TRY_NUMBER='1' AIRFLOW_CTX_DAG_RUN_ID='scheduled__2026-06-14T10:00:00+00:00'
[2026-06-14T11:01:14.004+0000] {taskinstance.py:430} INFO - ::endgroup::
[2026-06-14T11:01:15.098+0000] {logging_mixin.py:188} WARNING - 2026-06-14 11:01:15,097 INFO [2026-06-11T00:00:00Z] Upcoming essential maintenance sessions on Data Stores underlying infrastructure on 15 June. Service disruption expected. For further details, please [visit our forum announcement](https://forum.ecmwf.int/t/upcoming-essential-maintenance-sessions-on-data-stores-underlying-infrastructure-part-2/150414).
[2026-06-14T11:01:15.097+0000] {legacy_client.py:192} INFO - [2026-06-11T00:00:00Z] Upcoming essential maintenance sessions on Data Stores underlying infrastructure on 15 June. Service disruption expected. For further details, please [visit our forum announcement](https://forum.ecmwf.int/t/upcoming-essential-maintenance-sessions-on-data-stores-underlying-infrastructure-part-2/150414).
[2026-06-14T11:01:15.106+0000] {logging_mixin.py:188} WARNING - 2026-06-14 11:01:15 [INFO] === START job=accum date=2026-06-14 ===
[2026-06-14T11:01:15.106+0000] {era5_functions.py:368} INFO - === START job=accum date=2026-06-14 ===
[2026-06-14T11:01:15.108+0000] {logging_mixin.py:188} WARNING - 2026-06-14 11:01:15 [INFO] --- job=accum date=20260614 ---
[2026-06-14T11:01:15.108+0000] {era5_functions.py:330} INFO - --- job=accum date=20260614 ---
[2026-06-14T11:01:15.747+0000] {logging_mixin.py:188} WARNING - 2026-06-14 11:01:15 [WARNING] get_cds_count failed: 400 Client Error: Bad Request for url: https://cds.climate.copernicus.eu/api/retrieve/v1/processes/reanalysis-era5-single-levels/execution
invalid request
None of the data you have requested is available yet, please revise the period requested. The latest date available for this dataset is: 2026-06-09 11:00
[2026-06-14T11:01:15.747+0000] {era5_functions.py:131} WARNING - get_cds_count failed: 400 Client Error: Bad Request for url: https://cds.climate.copernicus.eu/api/retrieve/v1/processes/reanalysis-era5-single-levels/execution
invalid request
None of the data you have requested is available yet, please revise the period requested. The latest date available for this dataset is: 2026-06-09 11:00
[2026-06-14T11:01:15.750+0000] {logging_mixin.py:188} WARNING - 2026-06-14 11:01:15 [WARNING] CDS ยังไม่มีข้อมูล job=accum date=20260614, skip
[2026-06-14T11:01:15.750+0000] {era5_functions.py:335} WARNING - CDS ยังไม่มีข้อมูล job=accum date=20260614, skip
[2026-06-14T11:01:15.753+0000] {logging_mixin.py:188} WARNING - 2026-06-14 11:01:15 [INFO] --- job=accum date=20260613 ---
[2026-06-14T11:01:15.753+0000] {era5_functions.py:330} INFO - --- job=accum date=20260613 ---
[2026-06-14T11:01:16.279+0000] {logging_mixin.py:188} WARNING - 2026-06-14 11:01:16 [WARNING] get_cds_count failed: 400 Client Error: Bad Request for url: https://cds.climate.copernicus.eu/api/retrieve/v1/processes/reanalysis-era5-single-levels/execution
invalid request
None of the data you have requested is available yet, please revise the period requested. The latest date available for this dataset is: 2026-06-09 11:00
[2026-06-14T11:01:16.279+0000] {era5_functions.py:131} WARNING - get_cds_count failed: 400 Client Error: Bad Request for url: https://cds.climate.copernicus.eu/api/retrieve/v1/processes/reanalysis-era5-single-levels/execution
invalid request
None of the data you have requested is available yet, please revise the period requested. The latest date available for this dataset is: 2026-06-09 11:00
[2026-06-14T11:01:16.283+0000] {logging_mixin.py:188} WARNING - 2026-06-14 11:01:16 [WARNING] CDS ยังไม่มีข้อมูล job=accum date=20260613, skip
[2026-06-14T11:01:16.283+0000] {era5_functions.py:335} WARNING - CDS ยังไม่มีข้อมูล job=accum date=20260613, skip
[2026-06-14T11:01:16.287+0000] {logging_mixin.py:188} WARNING - 2026-06-14 11:01:16 [INFO] --- job=accum date=20260612 ---
[2026-06-14T11:01:16.286+0000] {era5_functions.py:330} INFO - --- job=accum date=20260612 ---
[2026-06-14T11:01:16.950+0000] {logging_mixin.py:188} WARNING - 2026-06-14 11:01:16 [WARNING] get_cds_count failed: 400 Client Error: Bad Request for url: https://cds.climate.copernicus.eu/api/retrieve/v1/processes/reanalysis-era5-single-levels/execution
invalid request
None of the data you have requested is available yet, please revise the period requested. The latest date available for this dataset is: 2026-06-09 11:00
[2026-06-14T11:01:16.950+0000] {era5_functions.py:131} WARNING - get_cds_count failed: 400 Client Error: Bad Request for url: https://cds.climate.copernicus.eu/api/retrieve/v1/processes/reanalysis-era5-single-levels/execution
invalid request
None of the data you have requested is available yet, please revise the period requested. The latest date available for this dataset is: 2026-06-09 11:00
[2026-06-14T11:01:16.954+0000] {logging_mixin.py:188} WARNING - 2026-06-14 11:01:16 [WARNING] CDS ยังไม่มีข้อมูล job=accum date=20260612, skip
[2026-06-14T11:01:16.954+0000] {era5_functions.py:335} WARNING - CDS ยังไม่มีข้อมูล job=accum date=20260612, skip
[2026-06-14T11:01:16.957+0000] {logging_mixin.py:188} WARNING - 2026-06-14 11:01:16 [INFO] --- job=accum date=20260611 ---
[2026-06-14T11:01:16.957+0000] {era5_functions.py:330} INFO - --- job=accum date=20260611 ---
[2026-06-14T11:01:17.891+0000] {logging_mixin.py:188} WARNING - 2026-06-14 11:01:17 [WARNING] get_cds_count failed: 400 Client Error: Bad Request for url: https://cds.climate.copernicus.eu/api/retrieve/v1/processes/reanalysis-era5-single-levels/execution
invalid request
None of the data you have requested is available yet, please revise the period requested. The latest date available for this dataset is: 2026-06-09 11:00
[2026-06-14T11:01:17.891+0000] {era5_functions.py:131} WARNING - get_cds_count failed: 400 Client Error: Bad Request for url: https://cds.climate.copernicus.eu/api/retrieve/v1/processes/reanalysis-era5-single-levels/execution
invalid request
None of the data you have requested is available yet, please revise the period requested. The latest date available for this dataset is: 2026-06-09 11:00
[2026-06-14T11:01:17.896+0000] {logging_mixin.py:188} WARNING - 2026-06-14 11:01:17 [WARNING] CDS ยังไม่มีข้อมูล job=accum date=20260611, skip
[2026-06-14T11:01:17.896+0000] {era5_functions.py:335} WARNING - CDS ยังไม่มีข้อมูล job=accum date=20260611, skip
[2026-06-14T11:01:17.899+0000] {logging_mixin.py:188} WARNING - 2026-06-14 11:01:17 [INFO] --- job=accum date=20260610 ---
[2026-06-14T11:01:17.899+0000] {era5_functions.py:330} INFO - --- job=accum date=20260610 ---
[2026-06-14T11:01:18.674+0000] {logging_mixin.py:188} WARNING - 2026-06-14 11:01:18 [WARNING] get_cds_count failed: 400 Client Error: Bad Request for url: https://cds.climate.copernicus.eu/api/retrieve/v1/processes/reanalysis-era5-single-levels/execution
invalid request
None of the data you have requested is available yet, please revise the period requested. The latest date available for this dataset is: 2026-06-09 11:00
[2026-06-14T11:01:18.674+0000] {era5_functions.py:131} WARNING - get_cds_count failed: 400 Client Error: Bad Request for url: https://cds.climate.copernicus.eu/api/retrieve/v1/processes/reanalysis-era5-single-levels/execution
invalid request
None of the data you have requested is available yet, please revise the period requested. The latest date available for this dataset is: 2026-06-09 11:00
[2026-06-14T11:01:18.678+0000] {logging_mixin.py:188} WARNING - 2026-06-14 11:01:18 [WARNING] CDS ยังไม่มีข้อมูล job=accum date=20260610, skip
[2026-06-14T11:01:18.678+0000] {era5_functions.py:335} WARNING - CDS ยังไม่มีข้อมูล job=accum date=20260610, skip
[2026-06-14T11:01:18.680+0000] {logging_mixin.py:188} WARNING - 2026-06-14 11:01:18 [INFO] --- job=accum date=20260609 ---
[2026-06-14T11:01:18.679+0000] {era5_functions.py:330} INFO - --- job=accum date=20260609 ---
[2026-06-14T11:01:19.319+0000] {logging_mixin.py:188} WARNING - 2026-06-14 11:01:19,319 INFO [2025-12-11T00:00:00] Please note that a dedicated catalogue entry for this dataset, post-processed and stored in Analysis Ready Cloud Optimized (ARCO) format (Zarr), is available for optimised time-series retrievals (i.e. for retrieving data from selected variables for a single point over an extended period of time in an efficient way). You can discover it [here](https://cds.climate.copernicus.eu/datasets/reanalysis-era5-single-levels-timeseries?tab=overview)
[2026-06-14T11:01:19.319+0000] {legacy_client.py:192} INFO - [2025-12-11T00:00:00] Please note that a dedicated catalogue entry for this dataset, post-processed and stored in Analysis Ready Cloud Optimized (ARCO) format (Zarr), is available for optimised time-series retrievals (i.e. for retrieving data from selected variables for a single point over an extended period of time in an efficient way). You can discover it [here](https://cds.climate.copernicus.eu/datasets/reanalysis-era5-single-levels-timeseries?tab=overview)
[2026-06-14T11:01:19.323+0000] {logging_mixin.py:188} WARNING - 2026-06-14 11:01:19,323 INFO Request ID is 716b70de-0ce5-410f-9d1a-bdd0b4b8d1ba
[2026-06-14T11:01:19.323+0000] {legacy_client.py:192} INFO - Request ID is 716b70de-0ce5-410f-9d1a-bdd0b4b8d1ba
[2026-06-14T11:01:19.564+0000] {logging_mixin.py:188} WARNING - 2026-06-14 11:01:19,563 INFO status has been updated to accepted
[2026-06-14T11:01:19.563+0000] {legacy_client.py:192} INFO - status has been updated to accepted
[2026-06-14T11:01:28.591+0000] {logging_mixin.py:188} WARNING - 2026-06-14 11:01:28,591 INFO status has been updated to running
[2026-06-14T11:01:28.591+0000] {legacy_client.py:192} INFO - status has been updated to running
[2026-06-14T11:02:10.617+0000] {logging_mixin.py:188} WARNING - 2026-06-14 11:02:10,616 INFO status has been updated to successful
[2026-06-14T11:02:10.616+0000] {legacy_client.py:192} INFO - status has been updated to successful
[2026-06-14T11:02:11.043+0000] {base.py:119} INFO - Downloading https://object-store.os-api.cci2.ecmwf.int:443/cci2-prod-cache-3/2026-06-14/276bfa16d943a9894a109092d4242603.nc
[2026-06-14T11:02:12.009+0000] {logging_mixin.py:188} WARNING - 276bfa16d943a9894a109092d4242603.nc:   0%|          | 0.00/200k [00:00<?, ?B/s]
[2026-06-14T11:02:13.528+0000] {logging_mixin.py:188} WARNING - 276bfa16d943a9894a109092d4242603.nc: 100%|##########| 200k/200k [00:01<00:00, 135kB/s]
[2026-06-14T11:02:13.534+0000] {logging_mixin.py:188} WARNING -                                                                                       
[2026-06-14T11:02:13.838+0000] {logging_mixin.py:188} WARNING - 2026-06-14 11:02:13 [INFO] CDS timestep available: 12
[2026-06-14T11:02:13.838+0000] {era5_functions.py:128} INFO - CDS timestep available: 12
[2026-06-14T11:02:13.908+0000] {logging_mixin.py:188} WARNING - 2026-06-14 11:02:13 [INFO] local timestep: 11 — /opt/***/era5/ecmwf/data/nc/_raw/2026/06/09/accum_20260609.nc
[2026-06-14T11:02:13.908+0000] {era5_functions.py:152} INFO - local timestep: 11 — /opt/***/era5/ecmwf/data/nc/_raw/2026/06/09/accum_20260609.nc
[2026-06-14T11:02:13.918+0000] {logging_mixin.py:188} WARNING - 2026-06-14 11:02:13 [INFO] nc outdated (local=11 < cds=12), removing: /opt/***/era5/ecmwf/data/nc/_raw/2026/06/09/accum_20260609.nc
[2026-06-14T11:02:13.917+0000] {era5_functions.py:193} INFO - nc outdated (local=11 < cds=12), removing: /opt/***/era5/ecmwf/data/nc/_raw/2026/06/09/accum_20260609.nc
[2026-06-14T11:02:13.941+0000] {logging_mixin.py:188} WARNING - 2026-06-14 11:02:13 [INFO] download attempt 1/3: /opt/***/era5/ecmwf/data/nc/_raw/2026/06/09/accum_20260609.nc
[2026-06-14T11:02:13.941+0000] {era5_functions.py:200} INFO - download attempt 1/3: /opt/***/era5/ecmwf/data/nc/_raw/2026/06/09/accum_20260609.nc
[2026-06-14T11:02:14.796+0000] {logging_mixin.py:188} WARNING - 2026-06-14 11:02:14,796 INFO [2025-12-11T00:00:00] Please note that a dedicated catalogue entry for this dataset, post-processed and stored in Analysis Ready Cloud Optimized (ARCO) format (Zarr), is available for optimised time-series retrievals (i.e. for retrieving data from selected variables for a single point over an extended period of time in an efficient way). You can discover it [here](https://cds.climate.copernicus.eu/datasets/reanalysis-era5-single-levels-timeseries?tab=overview)
[2026-06-14T11:02:14.796+0000] {legacy_client.py:192} INFO - [2025-12-11T00:00:00] Please note that a dedicated catalogue entry for this dataset, post-processed and stored in Analysis Ready Cloud Optimized (ARCO) format (Zarr), is available for optimised time-series retrievals (i.e. for retrieving data from selected variables for a single point over an extended period of time in an efficient way). You can discover it [here](https://cds.climate.copernicus.eu/datasets/reanalysis-era5-single-levels-timeseries?tab=overview)
[2026-06-14T11:02:14.799+0000] {logging_mixin.py:188} WARNING - 2026-06-14 11:02:14,799 INFO Request ID is 94dbc482-4db7-4c45-b5f0-dd4e56590bba
[2026-06-14T11:02:14.799+0000] {legacy_client.py:192} INFO - Request ID is 94dbc482-4db7-4c45-b5f0-dd4e56590bba
[2026-06-14T11:02:15.016+0000] {logging_mixin.py:188} WARNING - 2026-06-14 11:02:15,015 INFO status has been updated to accepted
[2026-06-14T11:02:15.015+0000] {legacy_client.py:192} INFO - status has been updated to accepted
[2026-06-14T11:02:29.323+0000] {logging_mixin.py:188} WARNING - 2026-06-14 11:02:29,322 INFO status has been updated to running
[2026-06-14T11:02:29.322+0000] {legacy_client.py:192} INFO - status has been updated to running
[2026-06-14T11:02:37.371+0000] {logging_mixin.py:188} WARNING - 2026-06-14 11:02:37,371 INFO status has been updated to successful
[2026-06-14T11:02:37.371+0000] {legacy_client.py:192} INFO - status has been updated to successful
[2026-06-14T11:02:40.576+0000] {base.py:119} INFO - Downloading https://object-store.os-api.cci2.ecmwf.int:443/cci2-prod-cache-1/2026-06-14/9ffda973d59421e5d288b74360ad29b5.nc
[2026-06-14T11:02:41.268+0000] {logging_mixin.py:188} WARNING - 9ffda973d59421e5d288b74360ad29b5.nc:   0%|          | 0.00/200k [00:00<?, ?B/s]
[2026-06-14T11:02:42.505+0000] {logging_mixin.py:188} WARNING - 9ffda973d59421e5d288b74360ad29b5.nc: 100%|##########| 200k/200k [00:01<00:00, 166kB/s]
[2026-06-14T11:02:42.524+0000] {logging_mixin.py:188} WARNING -                                                                                       
[2026-06-14T11:02:42.616+0000] {logging_mixin.py:188} WARNING - 2026-06-14 11:02:42 [INFO] nc downloaded ok: /opt/***/era5/ecmwf/data/nc/_raw/2026/06/09/accum_20260609.nc
[2026-06-14T11:02:42.616+0000] {era5_functions.py:204} INFO - nc downloaded ok: /opt/***/era5/ecmwf/data/nc/_raw/2026/06/09/accum_20260609.nc
[2026-06-14T11:02:42.668+0000] {logging_mixin.py:188} WARNING - 2026-06-14 11:02:42 [INFO] local timestep: 12 — /opt/***/era5/ecmwf/data/nc/_raw/2026/06/09/accum_20260609.nc
[2026-06-14T11:02:42.668+0000] {era5_functions.py:152} INFO - local timestep: 12 — /opt/***/era5/ecmwf/data/nc/_raw/2026/06/09/accum_20260609.nc
[2026-06-14T11:02:42.741+0000] {logging_mixin.py:188} WARNING - 2026-06-14 11:02:42 [INFO] tif outdated (tif=11 < nc=12), removing: /opt/***/era5/ecmwf/data/tif/2026/06/09/tp_20260609.tif
[2026-06-14T11:02:42.741+0000] {era5_functions.py:261} INFO - tif outdated (tif=11 < nc=12), removing: /opt/***/era5/ecmwf/data/tif/2026/06/09/tp_20260609.tif
[2026-06-14T11:02:42.839+0000] {logging_mixin.py:188} WARNING - 2026-06-14 11:02:42 [INFO] tif ok (bands=12): /opt/***/era5/ecmwf/data/tif/2026/06/09/tp_20260609.tif
[2026-06-14T11:02:42.839+0000] {era5_functions.py:304} INFO - tif ok (bands=12): /opt/***/era5/ecmwf/data/tif/2026/06/09/tp_20260609.tif
[2026-06-14T11:02:42.845+0000] {logging_mixin.py:188} WARNING - 2026-06-14 11:02:42 [INFO] === END job=accum date=2026-06-14 ===
[2026-06-14T11:02:42.845+0000] {era5_functions.py:379} INFO - === END job=accum date=2026-06-14 ===
[2026-06-14T11:02:42.847+0000] {python.py:237} INFO - Done. Returned value was: None
[2026-06-14T11:02:42.847+0000] {taskinstance.py:441} INFO - ::group::Post task execution logs
[2026-06-14T11:02:42.861+0000] {taskinstance.py:1206} INFO - Marking task as SUCCESS. dag_id=era5_download_pipeline, task_id=era5_accum, run_id=scheduled__2026-06-14T10:00:00+00:00, execution_date=20260614T100000, start_date=20260614T110113, end_date=20260614T110242
[2026-06-14T11:02:42.921+0000] {local_task_job_runner.py:240} INFO - Task exited with return code 0
[2026-06-14T11:02:42.945+0000] {taskinstance.py:3498} INFO - 0 downstream tasks scheduled from follow-on schedule check
[2026-06-14T11:02:42.949+0000] {local_task_job_runner.py:222} INFO - ::endgroup::
