[2026-07-18T14:00:01.444+0000] {local_task_job_runner.py:120} INFO - ::group::Pre task execution logs
[2026-07-18T14:00:01.471+0000] {taskinstance.py:2076} INFO - Dependencies all met for dep_context=non-requeueable deps ti=<TaskInstance: era5_download_pipeline.era5_instant scheduled__2026-07-18T13:00:00+00:00 [queued]>
[2026-07-18T14:00:01.481+0000] {taskinstance.py:2076} INFO - Dependencies all met for dep_context=requeueable deps ti=<TaskInstance: era5_download_pipeline.era5_instant scheduled__2026-07-18T13:00:00+00:00 [queued]>
[2026-07-18T14:00:01.483+0000] {taskinstance.py:2306} INFO - Starting attempt 1 of 1
[2026-07-18T14:00:01.498+0000] {taskinstance.py:2330} INFO - Executing <Task(PythonOperator): era5_instant> on 2026-07-18 13:00:00+00:00
[2026-07-18T14:00:01.514+0000] {warnings.py:110} WARNING - /home/***/.local/lib/python3.12/site-packages/***/task/task_runner/standard_task_runner.py:61: DeprecationWarning: This process (pid=26546) is multi-threaded, use of fork() may lead to deadlocks in the child.
  pid = os.fork()

[2026-07-18T14:00:01.517+0000] {standard_task_runner.py:63} INFO - Started process 26548 to run task
[2026-07-18T14:00:01.514+0000] {standard_task_runner.py:90} INFO - Running: ['***', 'tasks', 'run', 'era5_download_pipeline', 'era5_instant', 'scheduled__2026-07-18T13:00:00+00:00', '--job-id', '2347', '--raw', '--subdir', 'DAGS_FOLDER/era5_dag.py', '--cfg-path', '/tmp/tmpyxd8emve']
[2026-07-18T14:00:01.520+0000] {standard_task_runner.py:91} INFO - Job 2347: Subtask era5_instant
[2026-07-18T14:00:01.600+0000] {task_command.py:426} INFO - Running <TaskInstance: era5_download_pipeline.era5_instant scheduled__2026-07-18T13:00:00+00:00 [running]> on host 01cd476fb21a
[2026-07-18T14:00:01.725+0000] {taskinstance.py:2648} INFO - Exporting env vars: AIRFLOW_CTX_DAG_OWNER='era5' AIRFLOW_CTX_DAG_ID='era5_download_pipeline' AIRFLOW_CTX_TASK_ID='era5_instant' AIRFLOW_CTX_EXECUTION_DATE='2026-07-18T13:00:00+00:00' AIRFLOW_CTX_TRY_NUMBER='1' AIRFLOW_CTX_DAG_RUN_ID='scheduled__2026-07-18T13:00:00+00:00'
[2026-07-18T14:00:01.727+0000] {taskinstance.py:430} INFO - ::endgroup::
[2026-07-18T14:00:02.922+0000] {logging_mixin.py:188} WARNING - 2026-07-18 14:00:02 [INFO] === START job=instant date=2026-07-18 ===
[2026-07-18T14:00:02.922+0000] {era5_functions.py:368} INFO - === START job=instant date=2026-07-18 ===
[2026-07-18T14:00:02.924+0000] {logging_mixin.py:188} WARNING - 2026-07-18 14:00:02 [INFO] --- job=instant date=20260718 ---
[2026-07-18T14:00:02.924+0000] {era5_functions.py:330} INFO - --- job=instant date=20260718 ---
[2026-07-18T14:00:03.552+0000] {logging_mixin.py:188} WARNING - 2026-07-18 14:00:03 [WARNING] get_cds_count failed: 400 Client Error: Bad Request for url: https://cds.climate.copernicus.eu/api/retrieve/v1/processes/reanalysis-era5-single-levels/execution
invalid request
None of the data you have requested is available yet, please revise the period requested. The latest date available for this dataset is: 2026-07-13 14:00
[2026-07-18T14:00:03.551+0000] {era5_functions.py:131} WARNING - get_cds_count failed: 400 Client Error: Bad Request for url: https://cds.climate.copernicus.eu/api/retrieve/v1/processes/reanalysis-era5-single-levels/execution
invalid request
None of the data you have requested is available yet, please revise the period requested. The latest date available for this dataset is: 2026-07-13 14:00
[2026-07-18T14:00:03.556+0000] {logging_mixin.py:188} WARNING - 2026-07-18 14:00:03 [WARNING] CDS ยังไม่มีข้อมูล job=instant date=20260718, skip
[2026-07-18T14:00:03.556+0000] {era5_functions.py:335} WARNING - CDS ยังไม่มีข้อมูล job=instant date=20260718, skip
[2026-07-18T14:00:03.560+0000] {logging_mixin.py:188} WARNING - 2026-07-18 14:00:03 [INFO] --- job=instant date=20260717 ---
[2026-07-18T14:00:03.560+0000] {era5_functions.py:330} INFO - --- job=instant date=20260717 ---
[2026-07-18T14:00:04.928+0000] {logging_mixin.py:188} WARNING - 2026-07-18 14:00:04 [WARNING] get_cds_count failed: 400 Client Error: Bad Request for url: https://cds.climate.copernicus.eu/api/retrieve/v1/processes/reanalysis-era5-single-levels/execution
invalid request
None of the data you have requested is available yet, please revise the period requested. The latest date available for this dataset is: 2026-07-13 14:00
[2026-07-18T14:00:04.928+0000] {era5_functions.py:131} WARNING - get_cds_count failed: 400 Client Error: Bad Request for url: https://cds.climate.copernicus.eu/api/retrieve/v1/processes/reanalysis-era5-single-levels/execution
invalid request
None of the data you have requested is available yet, please revise the period requested. The latest date available for this dataset is: 2026-07-13 14:00
[2026-07-18T14:00:04.934+0000] {logging_mixin.py:188} WARNING - 2026-07-18 14:00:04 [WARNING] CDS ยังไม่มีข้อมูล job=instant date=20260717, skip
[2026-07-18T14:00:04.934+0000] {era5_functions.py:335} WARNING - CDS ยังไม่มีข้อมูล job=instant date=20260717, skip
[2026-07-18T14:00:04.939+0000] {logging_mixin.py:188} WARNING - 2026-07-18 14:00:04 [INFO] --- job=instant date=20260716 ---
[2026-07-18T14:00:04.938+0000] {era5_functions.py:330} INFO - --- job=instant date=20260716 ---
[2026-07-18T14:00:06.642+0000] {logging_mixin.py:188} WARNING - 2026-07-18 14:00:06 [WARNING] get_cds_count failed: 400 Client Error: Bad Request for url: https://cds.climate.copernicus.eu/api/retrieve/v1/processes/reanalysis-era5-single-levels/execution
invalid request
None of the data you have requested is available yet, please revise the period requested. The latest date available for this dataset is: 2026-07-13 14:00
[2026-07-18T14:00:06.642+0000] {era5_functions.py:131} WARNING - get_cds_count failed: 400 Client Error: Bad Request for url: https://cds.climate.copernicus.eu/api/retrieve/v1/processes/reanalysis-era5-single-levels/execution
invalid request
None of the data you have requested is available yet, please revise the period requested. The latest date available for this dataset is: 2026-07-13 14:00
[2026-07-18T14:00:06.645+0000] {logging_mixin.py:188} WARNING - 2026-07-18 14:00:06 [WARNING] CDS ยังไม่มีข้อมูล job=instant date=20260716, skip
[2026-07-18T14:00:06.645+0000] {era5_functions.py:335} WARNING - CDS ยังไม่มีข้อมูล job=instant date=20260716, skip
[2026-07-18T14:00:06.647+0000] {logging_mixin.py:188} WARNING - 2026-07-18 14:00:06 [INFO] --- job=instant date=20260715 ---
[2026-07-18T14:00:06.647+0000] {era5_functions.py:330} INFO - --- job=instant date=20260715 ---
[2026-07-18T14:00:07.283+0000] {logging_mixin.py:188} WARNING - 2026-07-18 14:00:07 [WARNING] get_cds_count failed: 400 Client Error: Bad Request for url: https://cds.climate.copernicus.eu/api/retrieve/v1/processes/reanalysis-era5-single-levels/execution
invalid request
None of the data you have requested is available yet, please revise the period requested. The latest date available for this dataset is: 2026-07-13 14:00
[2026-07-18T14:00:07.283+0000] {era5_functions.py:131} WARNING - get_cds_count failed: 400 Client Error: Bad Request for url: https://cds.climate.copernicus.eu/api/retrieve/v1/processes/reanalysis-era5-single-levels/execution
invalid request
None of the data you have requested is available yet, please revise the period requested. The latest date available for this dataset is: 2026-07-13 14:00
[2026-07-18T14:00:07.290+0000] {logging_mixin.py:188} WARNING - 2026-07-18 14:00:07 [WARNING] CDS ยังไม่มีข้อมูล job=instant date=20260715, skip
[2026-07-18T14:00:07.290+0000] {era5_functions.py:335} WARNING - CDS ยังไม่มีข้อมูล job=instant date=20260715, skip
[2026-07-18T14:00:07.293+0000] {logging_mixin.py:188} WARNING - 2026-07-18 14:00:07 [INFO] --- job=instant date=20260714 ---
[2026-07-18T14:00:07.293+0000] {era5_functions.py:330} INFO - --- job=instant date=20260714 ---
[2026-07-18T14:00:13.448+0000] {logging_mixin.py:188} WARNING - 2026-07-18 14:00:13 [WARNING] get_cds_count failed: 400 Client Error: Bad Request for url: https://cds.climate.copernicus.eu/api/retrieve/v1/processes/reanalysis-era5-single-levels/execution
invalid request
None of the data you have requested is available yet, please revise the period requested. The latest date available for this dataset is: 2026-07-13 14:00
[2026-07-18T14:00:13.448+0000] {era5_functions.py:131} WARNING - get_cds_count failed: 400 Client Error: Bad Request for url: https://cds.climate.copernicus.eu/api/retrieve/v1/processes/reanalysis-era5-single-levels/execution
invalid request
None of the data you have requested is available yet, please revise the period requested. The latest date available for this dataset is: 2026-07-13 14:00
[2026-07-18T14:00:13.452+0000] {logging_mixin.py:188} WARNING - 2026-07-18 14:00:13 [WARNING] CDS ยังไม่มีข้อมูล job=instant date=20260714, skip
[2026-07-18T14:00:13.452+0000] {era5_functions.py:335} WARNING - CDS ยังไม่มีข้อมูล job=instant date=20260714, skip
[2026-07-18T14:00:13.455+0000] {logging_mixin.py:188} WARNING - 2026-07-18 14:00:13 [INFO] --- job=instant date=20260713 ---
[2026-07-18T14:00:13.455+0000] {era5_functions.py:330} INFO - --- job=instant date=20260713 ---
[2026-07-18T14:00:14.363+0000] {logging_mixin.py:188} WARNING - 2026-07-18 14:00:14,363 INFO Request ID is 49e0b31d-9d73-4500-82ed-bf90ca65d8ca
[2026-07-18T14:00:14.363+0000] {legacy_client.py:192} INFO - Request ID is 49e0b31d-9d73-4500-82ed-bf90ca65d8ca
[2026-07-18T14:00:14.568+0000] {logging_mixin.py:188} WARNING - 2026-07-18 14:00:14,568 INFO status has been updated to accepted
[2026-07-18T14:00:14.568+0000] {legacy_client.py:192} INFO - status has been updated to accepted
[2026-07-18T14:02:10.119+0000] {logging_mixin.py:188} WARNING - 2026-07-18 14:02:10,119 INFO status has been updated to successful
[2026-07-18T14:02:10.119+0000] {legacy_client.py:192} INFO - status has been updated to successful
[2026-07-18T14:02:10.530+0000] {base.py:119} INFO - Downloading https://object-store.os-api.cci2.ecmwf.int:443/cci2-prod-cache-3/2026-07-18/e003f9061422945e4b7436cf144c814.nc
[2026-07-18T14:02:11.269+0000] {logging_mixin.py:188} WARNING - e003f9061422945e4b7436cf144c814.nc:   0%|          | 0.00/1.62M [00:00<?, ?B/s]
[2026-07-18T14:02:12.990+0000] {logging_mixin.py:188} WARNING - e003f9061422945e4b7436cf144c814.nc:  62%|######1   | 1.00M/1.62M [00:01<00:01, 610kB/s]
[2026-07-18T14:02:13.026+0000] {logging_mixin.py:188} WARNING -                                                                                        
[2026-07-18T14:02:13.313+0000] {logging_mixin.py:188} WARNING - 2026-07-18 14:02:13 [INFO] CDS timestep available: 15
[2026-07-18T14:02:13.313+0000] {era5_functions.py:128} INFO - CDS timestep available: 15
[2026-07-18T14:02:13.394+0000] {logging_mixin.py:188} WARNING - 2026-07-18 14:02:13 [INFO] local timestep: 14 — /opt/***/era5/ecmwf/data/nc/_raw/2026/07/13/instant_20260713.nc
[2026-07-18T14:02:13.394+0000] {era5_functions.py:152} INFO - local timestep: 14 — /opt/***/era5/ecmwf/data/nc/_raw/2026/07/13/instant_20260713.nc
[2026-07-18T14:02:13.400+0000] {logging_mixin.py:188} WARNING - 2026-07-18 14:02:13 [INFO] nc outdated (local=14 < cds=15), removing: /opt/***/era5/ecmwf/data/nc/_raw/2026/07/13/instant_20260713.nc
[2026-07-18T14:02:13.400+0000] {era5_functions.py:193} INFO - nc outdated (local=14 < cds=15), removing: /opt/***/era5/ecmwf/data/nc/_raw/2026/07/13/instant_20260713.nc
[2026-07-18T14:02:13.421+0000] {logging_mixin.py:188} WARNING - 2026-07-18 14:02:13 [INFO] download attempt 1/3: /opt/***/era5/ecmwf/data/nc/_raw/2026/07/13/instant_20260713.nc
[2026-07-18T14:02:13.420+0000] {era5_functions.py:200} INFO - download attempt 1/3: /opt/***/era5/ecmwf/data/nc/_raw/2026/07/13/instant_20260713.nc
[2026-07-18T14:02:14.179+0000] {logging_mixin.py:188} WARNING - 2026-07-18 14:02:14,179 INFO Request ID is 00f5b680-f641-4371-8b66-c520fa27c718
[2026-07-18T14:02:14.179+0000] {legacy_client.py:192} INFO - Request ID is 00f5b680-f641-4371-8b66-c520fa27c718
[2026-07-18T14:02:15.021+0000] {logging_mixin.py:188} WARNING - 2026-07-18 14:02:15,021 INFO status has been updated to accepted
[2026-07-18T14:02:15.021+0000] {legacy_client.py:192} INFO - status has been updated to accepted
[2026-07-18T14:02:49.750+0000] {logging_mixin.py:188} WARNING - 2026-07-18 14:02:49,749 INFO status has been updated to successful
[2026-07-18T14:02:49.749+0000] {legacy_client.py:192} INFO - status has been updated to successful
[2026-07-18T14:02:50.189+0000] {base.py:119} INFO - Downloading https://object-store.os-api.cci2.ecmwf.int:443/cci2-prod-cache-2/2026-07-18/f0f4fece22dff76b6752575a73b6234c.nc
[2026-07-18T14:02:50.951+0000] {logging_mixin.py:188} WARNING - f0f4fece22dff76b6752575a73b6234c.nc:   0%|          | 0.00/1.62M [00:00<?, ?B/s]
[2026-07-18T14:02:53.508+0000] {logging_mixin.py:188} WARNING - f0f4fece22dff76b6752575a73b6234c.nc:  62%|######1   | 1.00M/1.62M [00:02<00:01, 410kB/s]
[2026-07-18T14:02:54.394+0000] {logging_mixin.py:188} WARNING - f0f4fece22dff76b6752575a73b6234c.nc: 100%|##########| 1.62M/1.62M [00:03<00:00, 517kB/s]
[2026-07-18T14:02:54.413+0000] {logging_mixin.py:188} WARNING -                                                                                         
[2026-07-18T14:02:54.553+0000] {logging_mixin.py:188} WARNING - 2026-07-18 14:02:54 [INFO] nc downloaded ok: /opt/***/era5/ecmwf/data/nc/_raw/2026/07/13/instant_20260713.nc
[2026-07-18T14:02:54.553+0000] {era5_functions.py:204} INFO - nc downloaded ok: /opt/***/era5/ecmwf/data/nc/_raw/2026/07/13/instant_20260713.nc
[2026-07-18T14:02:54.648+0000] {logging_mixin.py:188} WARNING - 2026-07-18 14:02:54 [INFO] local timestep: 15 — /opt/***/era5/ecmwf/data/nc/_raw/2026/07/13/instant_20260713.nc
[2026-07-18T14:02:54.648+0000] {era5_functions.py:152} INFO - local timestep: 15 — /opt/***/era5/ecmwf/data/nc/_raw/2026/07/13/instant_20260713.nc
[2026-07-18T14:02:54.742+0000] {logging_mixin.py:188} WARNING - 2026-07-18 14:02:54 [INFO] tif outdated (tif=14 < nc=15), removing: /opt/***/era5/ecmwf/data/tif/2026/07/13/t2m_20260713.tif
[2026-07-18T14:02:54.742+0000] {era5_functions.py:261} INFO - tif outdated (tif=14 < nc=15), removing: /opt/***/era5/ecmwf/data/tif/2026/07/13/t2m_20260713.tif
[2026-07-18T14:02:54.841+0000] {logging_mixin.py:188} WARNING - 2026-07-18 14:02:54 [INFO] tif ok (bands=15): /opt/***/era5/ecmwf/data/tif/2026/07/13/t2m_20260713.tif
[2026-07-18T14:02:54.840+0000] {era5_functions.py:304} INFO - tif ok (bands=15): /opt/***/era5/ecmwf/data/tif/2026/07/13/t2m_20260713.tif
[2026-07-18T14:02:54.857+0000] {logging_mixin.py:188} WARNING - 2026-07-18 14:02:54 [INFO] tif outdated (tif=14 < nc=15), removing: /opt/***/era5/ecmwf/data/tif/2026/07/13/d2m_20260713.tif
[2026-07-18T14:02:54.857+0000] {era5_functions.py:261} INFO - tif outdated (tif=14 < nc=15), removing: /opt/***/era5/ecmwf/data/tif/2026/07/13/d2m_20260713.tif
[2026-07-18T14:02:54.971+0000] {logging_mixin.py:188} WARNING - 2026-07-18 14:02:54 [INFO] tif ok (bands=15): /opt/***/era5/ecmwf/data/tif/2026/07/13/d2m_20260713.tif
[2026-07-18T14:02:54.971+0000] {era5_functions.py:304} INFO - tif ok (bands=15): /opt/***/era5/ecmwf/data/tif/2026/07/13/d2m_20260713.tif
[2026-07-18T14:02:54.991+0000] {logging_mixin.py:188} WARNING - 2026-07-18 14:02:54 [INFO] tif outdated (tif=14 < nc=15), removing: /opt/***/era5/ecmwf/data/tif/2026/07/13/sp_20260713.tif
[2026-07-18T14:02:54.990+0000] {era5_functions.py:261} INFO - tif outdated (tif=14 < nc=15), removing: /opt/***/era5/ecmwf/data/tif/2026/07/13/sp_20260713.tif
[2026-07-18T14:02:55.096+0000] {logging_mixin.py:188} WARNING - 2026-07-18 14:02:55 [INFO] tif ok (bands=15): /opt/***/era5/ecmwf/data/tif/2026/07/13/sp_20260713.tif
[2026-07-18T14:02:55.096+0000] {era5_functions.py:304} INFO - tif ok (bands=15): /opt/***/era5/ecmwf/data/tif/2026/07/13/sp_20260713.tif
[2026-07-18T14:02:55.122+0000] {logging_mixin.py:188} WARNING - 2026-07-18 14:02:55 [INFO] tif outdated (tif=14 < nc=15), removing: /opt/***/era5/ecmwf/data/tif/2026/07/13/blh_20260713.tif
[2026-07-18T14:02:55.122+0000] {era5_functions.py:261} INFO - tif outdated (tif=14 < nc=15), removing: /opt/***/era5/ecmwf/data/tif/2026/07/13/blh_20260713.tif
[2026-07-18T14:02:55.227+0000] {logging_mixin.py:188} WARNING - 2026-07-18 14:02:55 [INFO] tif ok (bands=15): /opt/***/era5/ecmwf/data/tif/2026/07/13/blh_20260713.tif
[2026-07-18T14:02:55.227+0000] {era5_functions.py:304} INFO - tif ok (bands=15): /opt/***/era5/ecmwf/data/tif/2026/07/13/blh_20260713.tif
[2026-07-18T14:02:55.245+0000] {logging_mixin.py:188} WARNING - 2026-07-18 14:02:55 [INFO] tif outdated (tif=14 < nc=15), removing: /opt/***/era5/ecmwf/data/tif/2026/07/13/u10_20260713.tif
[2026-07-18T14:02:55.244+0000] {era5_functions.py:261} INFO - tif outdated (tif=14 < nc=15), removing: /opt/***/era5/ecmwf/data/tif/2026/07/13/u10_20260713.tif
[2026-07-18T14:02:55.334+0000] {logging_mixin.py:188} WARNING - 2026-07-18 14:02:55 [INFO] tif ok (bands=15): /opt/***/era5/ecmwf/data/tif/2026/07/13/u10_20260713.tif
[2026-07-18T14:02:55.334+0000] {era5_functions.py:304} INFO - tif ok (bands=15): /opt/***/era5/ecmwf/data/tif/2026/07/13/u10_20260713.tif
[2026-07-18T14:02:55.351+0000] {logging_mixin.py:188} WARNING - 2026-07-18 14:02:55 [INFO] tif outdated (tif=14 < nc=15), removing: /opt/***/era5/ecmwf/data/tif/2026/07/13/v10_20260713.tif
[2026-07-18T14:02:55.351+0000] {era5_functions.py:261} INFO - tif outdated (tif=14 < nc=15), removing: /opt/***/era5/ecmwf/data/tif/2026/07/13/v10_20260713.tif
[2026-07-18T14:02:55.440+0000] {logging_mixin.py:188} WARNING - 2026-07-18 14:02:55 [INFO] tif ok (bands=15): /opt/***/era5/ecmwf/data/tif/2026/07/13/v10_20260713.tif
[2026-07-18T14:02:55.439+0000] {era5_functions.py:304} INFO - tif ok (bands=15): /opt/***/era5/ecmwf/data/tif/2026/07/13/v10_20260713.tif
[2026-07-18T14:02:55.445+0000] {logging_mixin.py:188} WARNING - 2026-07-18 14:02:55 [INFO] === END job=instant date=2026-07-18 ===
[2026-07-18T14:02:55.444+0000] {era5_functions.py:379} INFO - === END job=instant date=2026-07-18 ===
[2026-07-18T14:02:55.446+0000] {python.py:237} INFO - Done. Returned value was: None
[2026-07-18T14:02:55.447+0000] {taskinstance.py:441} INFO - ::group::Post task execution logs
[2026-07-18T14:02:55.459+0000] {taskinstance.py:1206} INFO - Marking task as SUCCESS. dag_id=era5_download_pipeline, task_id=era5_instant, run_id=scheduled__2026-07-18T13:00:00+00:00, execution_date=20260718T130000, start_date=20260718T140001, end_date=20260718T140255
[2026-07-18T14:02:55.527+0000] {local_task_job_runner.py:240} INFO - Task exited with return code 0
[2026-07-18T14:02:55.552+0000] {taskinstance.py:3498} INFO - 1 downstream tasks scheduled from follow-on schedule check
[2026-07-18T14:02:55.556+0000] {local_task_job_runner.py:222} INFO - ::endgroup::
