[2026-06-06T02:00:02.551+0000] {local_task_job_runner.py:120} INFO - ::group::Pre task execution logs
[2026-06-06T02:00:02.574+0000] {taskinstance.py:2076} INFO - Dependencies all met for dep_context=non-requeueable deps ti=<TaskInstance: era5_download_pipeline.era5_instant scheduled__2026-06-06T01:00:00+00:00 [queued]>
[2026-06-06T02:00:02.584+0000] {taskinstance.py:2076} INFO - Dependencies all met for dep_context=requeueable deps ti=<TaskInstance: era5_download_pipeline.era5_instant scheduled__2026-06-06T01:00:00+00:00 [queued]>
[2026-06-06T02:00:02.585+0000] {taskinstance.py:2306} INFO - Starting attempt 1 of 1
[2026-06-06T02:00:02.601+0000] {taskinstance.py:2330} INFO - Executing <Task(PythonOperator): era5_instant> on 2026-06-06 01:00:00+00:00
[2026-06-06T02:00:02.616+0000] {warnings.py:110} WARNING - /home/***/.local/lib/python3.12/site-packages/***/task/task_runner/standard_task_runner.py:61: DeprecationWarning: This process (pid=70553) is multi-threaded, use of fork() may lead to deadlocks in the child.
  pid = os.fork()

[2026-06-06T02:00:02.621+0000] {standard_task_runner.py:63} INFO - Started process 70556 to run task
[2026-06-06T02:00:02.617+0000] {standard_task_runner.py:90} INFO - Running: ['***', 'tasks', 'run', 'era5_download_pipeline', 'era5_instant', 'scheduled__2026-06-06T01:00:00+00:00', '--job-id', '1025', '--raw', '--subdir', 'DAGS_FOLDER/era5_dag.py', '--cfg-path', '/tmp/tmpm1j8wr33']
[2026-06-06T02:00:02.623+0000] {standard_task_runner.py:91} INFO - Job 1025: Subtask era5_instant
[2026-06-06T02:00:02.725+0000] {task_command.py:426} INFO - Running <TaskInstance: era5_download_pipeline.era5_instant scheduled__2026-06-06T01:00:00+00:00 [running]> on host 01cd476fb21a
[2026-06-06T02:00:02.872+0000] {taskinstance.py:2648} INFO - Exporting env vars: AIRFLOW_CTX_DAG_OWNER='era5' AIRFLOW_CTX_DAG_ID='era5_download_pipeline' AIRFLOW_CTX_TASK_ID='era5_instant' AIRFLOW_CTX_EXECUTION_DATE='2026-06-06T01:00:00+00:00' AIRFLOW_CTX_TRY_NUMBER='1' AIRFLOW_CTX_DAG_RUN_ID='scheduled__2026-06-06T01:00:00+00:00'
[2026-06-06T02:00:02.874+0000] {taskinstance.py:430} INFO - ::endgroup::
[2026-06-06T02:00:03.918+0000] {logging_mixin.py:188} WARNING - 2026-06-06 02:00:03 [INFO] === START job=instant date=2026-06-06 ===
[2026-06-06T02:00:03.917+0000] {era5_functions.py:368} INFO - === START job=instant date=2026-06-06 ===
[2026-06-06T02:00:03.921+0000] {logging_mixin.py:188} WARNING - 2026-06-06 02:00:03 [INFO] --- job=instant date=20260606 ---
[2026-06-06T02:00:03.921+0000] {era5_functions.py:330} INFO - --- job=instant date=20260606 ---
[2026-06-06T02:00:04.685+0000] {logging_mixin.py:188} WARNING - 2026-06-06 02:00:04 [WARNING] get_cds_count failed: 400 Client Error: Bad Request for url: https://cds.climate.copernicus.eu/api/retrieve/v1/processes/reanalysis-era5-single-levels/execution
invalid request
None of the data you have requested is available yet, please revise the period requested. The latest date available for this dataset is: 2026-06-01 02:00
[2026-06-06T02:00:04.685+0000] {era5_functions.py:131} WARNING - get_cds_count failed: 400 Client Error: Bad Request for url: https://cds.climate.copernicus.eu/api/retrieve/v1/processes/reanalysis-era5-single-levels/execution
invalid request
None of the data you have requested is available yet, please revise the period requested. The latest date available for this dataset is: 2026-06-01 02:00
[2026-06-06T02:00:04.693+0000] {logging_mixin.py:188} WARNING - 2026-06-06 02:00:04 [WARNING] CDS ยังไม่มีข้อมูล job=instant date=20260606, skip
[2026-06-06T02:00:04.692+0000] {era5_functions.py:335} WARNING - CDS ยังไม่มีข้อมูล job=instant date=20260606, skip
[2026-06-06T02:00:04.697+0000] {logging_mixin.py:188} WARNING - 2026-06-06 02:00:04 [INFO] --- job=instant date=20260605 ---
[2026-06-06T02:00:04.697+0000] {era5_functions.py:330} INFO - --- job=instant date=20260605 ---
[2026-06-06T02:00:05.438+0000] {logging_mixin.py:188} WARNING - 2026-06-06 02:00:05 [WARNING] get_cds_count failed: 400 Client Error: Bad Request for url: https://cds.climate.copernicus.eu/api/retrieve/v1/processes/reanalysis-era5-single-levels/execution
invalid request
None of the data you have requested is available yet, please revise the period requested. The latest date available for this dataset is: 2026-06-01 02:00
[2026-06-06T02:00:05.438+0000] {era5_functions.py:131} WARNING - get_cds_count failed: 400 Client Error: Bad Request for url: https://cds.climate.copernicus.eu/api/retrieve/v1/processes/reanalysis-era5-single-levels/execution
invalid request
None of the data you have requested is available yet, please revise the period requested. The latest date available for this dataset is: 2026-06-01 02:00
[2026-06-06T02:00:05.444+0000] {logging_mixin.py:188} WARNING - 2026-06-06 02:00:05 [WARNING] CDS ยังไม่มีข้อมูล job=instant date=20260605, skip
[2026-06-06T02:00:05.443+0000] {era5_functions.py:335} WARNING - CDS ยังไม่มีข้อมูล job=instant date=20260605, skip
[2026-06-06T02:00:05.447+0000] {logging_mixin.py:188} WARNING - 2026-06-06 02:00:05 [INFO] --- job=instant date=20260604 ---
[2026-06-06T02:00:05.447+0000] {era5_functions.py:330} INFO - --- job=instant date=20260604 ---
[2026-06-06T02:00:06.349+0000] {logging_mixin.py:188} WARNING - 2026-06-06 02:00:06 [WARNING] get_cds_count failed: 400 Client Error: Bad Request for url: https://cds.climate.copernicus.eu/api/retrieve/v1/processes/reanalysis-era5-single-levels/execution
invalid request
None of the data you have requested is available yet, please revise the period requested. The latest date available for this dataset is: 2026-06-01 02:00
[2026-06-06T02:00:06.349+0000] {era5_functions.py:131} WARNING - get_cds_count failed: 400 Client Error: Bad Request for url: https://cds.climate.copernicus.eu/api/retrieve/v1/processes/reanalysis-era5-single-levels/execution
invalid request
None of the data you have requested is available yet, please revise the period requested. The latest date available for this dataset is: 2026-06-01 02:00
[2026-06-06T02:00:06.355+0000] {logging_mixin.py:188} WARNING - 2026-06-06 02:00:06 [WARNING] CDS ยังไม่มีข้อมูล job=instant date=20260604, skip
[2026-06-06T02:00:06.355+0000] {era5_functions.py:335} WARNING - CDS ยังไม่มีข้อมูล job=instant date=20260604, skip
[2026-06-06T02:00:06.359+0000] {logging_mixin.py:188} WARNING - 2026-06-06 02:00:06 [INFO] --- job=instant date=20260603 ---
[2026-06-06T02:00:06.359+0000] {era5_functions.py:330} INFO - --- job=instant date=20260603 ---
[2026-06-06T02:00:09.222+0000] {logging_mixin.py:188} WARNING - 2026-06-06 02:00:09 [WARNING] get_cds_count failed: 400 Client Error: Bad Request for url: https://cds.climate.copernicus.eu/api/retrieve/v1/processes/reanalysis-era5-single-levels/execution
invalid request
None of the data you have requested is available yet, please revise the period requested. The latest date available for this dataset is: 2026-06-01 02:00
[2026-06-06T02:00:09.221+0000] {era5_functions.py:131} WARNING - get_cds_count failed: 400 Client Error: Bad Request for url: https://cds.climate.copernicus.eu/api/retrieve/v1/processes/reanalysis-era5-single-levels/execution
invalid request
None of the data you have requested is available yet, please revise the period requested. The latest date available for this dataset is: 2026-06-01 02:00
[2026-06-06T02:00:09.225+0000] {logging_mixin.py:188} WARNING - 2026-06-06 02:00:09 [WARNING] CDS ยังไม่มีข้อมูล job=instant date=20260603, skip
[2026-06-06T02:00:09.224+0000] {era5_functions.py:335} WARNING - CDS ยังไม่มีข้อมูล job=instant date=20260603, skip
[2026-06-06T02:00:09.228+0000] {logging_mixin.py:188} WARNING - 2026-06-06 02:00:09 [INFO] --- job=instant date=20260602 ---
[2026-06-06T02:00:09.227+0000] {era5_functions.py:330} INFO - --- job=instant date=20260602 ---
[2026-06-06T02:00:10.073+0000] {logging_mixin.py:188} WARNING - 2026-06-06 02:00:10 [WARNING] get_cds_count failed: 400 Client Error: Bad Request for url: https://cds.climate.copernicus.eu/api/retrieve/v1/processes/reanalysis-era5-single-levels/execution
invalid request
None of the data you have requested is available yet, please revise the period requested. The latest date available for this dataset is: 2026-06-01 02:00
[2026-06-06T02:00:10.073+0000] {era5_functions.py:131} WARNING - get_cds_count failed: 400 Client Error: Bad Request for url: https://cds.climate.copernicus.eu/api/retrieve/v1/processes/reanalysis-era5-single-levels/execution
invalid request
None of the data you have requested is available yet, please revise the period requested. The latest date available for this dataset is: 2026-06-01 02:00
[2026-06-06T02:00:10.076+0000] {logging_mixin.py:188} WARNING - 2026-06-06 02:00:10 [WARNING] CDS ยังไม่มีข้อมูล job=instant date=20260602, skip
[2026-06-06T02:00:10.076+0000] {era5_functions.py:335} WARNING - CDS ยังไม่มีข้อมูล job=instant date=20260602, skip
[2026-06-06T02:00:10.079+0000] {logging_mixin.py:188} WARNING - 2026-06-06 02:00:10 [INFO] --- job=instant date=20260601 ---
[2026-06-06T02:00:10.079+0000] {era5_functions.py:330} INFO - --- job=instant date=20260601 ---
[2026-06-06T02:00:11.609+0000] {logging_mixin.py:188} WARNING - 2026-06-06 02:00:11,608 INFO [2025-12-11T00:00:00] Please note that a dedicated catalogue entry for this dataset, post-processed and stored in Analysis Ready Cloud Optimized (ARCO) format (Zarr), is available for optimised time-series retrievals (i.e. for retrieving data from selected variables for a single point over an extended period of time in an efficient way). You can discover it [here](https://cds.climate.copernicus.eu/datasets/reanalysis-era5-single-levels-timeseries?tab=overview)
[2026-06-06T02:00:11.608+0000] {legacy_client.py:192} INFO - [2025-12-11T00:00:00] Please note that a dedicated catalogue entry for this dataset, post-processed and stored in Analysis Ready Cloud Optimized (ARCO) format (Zarr), is available for optimised time-series retrievals (i.e. for retrieving data from selected variables for a single point over an extended period of time in an efficient way). You can discover it [here](https://cds.climate.copernicus.eu/datasets/reanalysis-era5-single-levels-timeseries?tab=overview)
[2026-06-06T02:00:11.614+0000] {logging_mixin.py:188} WARNING - 2026-06-06 02:00:11,613 INFO Request ID is 8160b87d-f80b-4dde-babe-4095b8c1aa23
[2026-06-06T02:00:11.613+0000] {legacy_client.py:192} INFO - Request ID is 8160b87d-f80b-4dde-babe-4095b8c1aa23
[2026-06-06T02:00:12.860+0000] {logging_mixin.py:188} WARNING - 2026-06-06 02:00:12,859 INFO status has been updated to accepted
[2026-06-06T02:00:12.859+0000] {legacy_client.py:192} INFO - status has been updated to accepted
[2026-06-06T02:01:29.640+0000] {logging_mixin.py:188} WARNING - 2026-06-06 02:01:29,639 INFO status has been updated to successful
[2026-06-06T02:01:29.639+0000] {legacy_client.py:192} INFO - status has been updated to successful
[2026-06-06T02:01:30.227+0000] {base.py:119} INFO - Downloading https://object-store.os-api.cci2.ecmwf.int:443/cci2-prod-cache-2/2026-06-06/b07405775f3ce46b613406b4759742fc.nc
[2026-06-06T02:01:31.216+0000] {logging_mixin.py:188} WARNING - b07405775f3ce46b613406b4759742fc.nc:   0%|          | 0.00/399k [00:00<?, ?B/s]
[2026-06-06T02:01:33.249+0000] {logging_mixin.py:188} WARNING - b07405775f3ce46b613406b4759742fc.nc: 100%|##########| 399k/399k [00:02<00:00, 201kB/s]
[2026-06-06T02:01:33.253+0000] {logging_mixin.py:188} WARNING -                                                                                       
[2026-06-06T02:01:33.534+0000] {logging_mixin.py:188} WARNING - 2026-06-06 02:01:33 [INFO] CDS timestep available: 3
[2026-06-06T02:01:33.534+0000] {era5_functions.py:128} INFO - CDS timestep available: 3
[2026-06-06T02:01:33.622+0000] {logging_mixin.py:188} WARNING - 2026-06-06 02:01:33 [INFO] local timestep: 2 — /opt/***/era5/ecmwf/data/nc/_raw/2026/06/01/instant_20260601.nc
[2026-06-06T02:01:33.622+0000] {era5_functions.py:152} INFO - local timestep: 2 — /opt/***/era5/ecmwf/data/nc/_raw/2026/06/01/instant_20260601.nc
[2026-06-06T02:01:33.630+0000] {logging_mixin.py:188} WARNING - 2026-06-06 02:01:33 [INFO] nc outdated (local=2 < cds=3), removing: /opt/***/era5/ecmwf/data/nc/_raw/2026/06/01/instant_20260601.nc
[2026-06-06T02:01:33.630+0000] {era5_functions.py:193} INFO - nc outdated (local=2 < cds=3), removing: /opt/***/era5/ecmwf/data/nc/_raw/2026/06/01/instant_20260601.nc
[2026-06-06T02:01:33.652+0000] {logging_mixin.py:188} WARNING - 2026-06-06 02:01:33 [INFO] download attempt 1/3: /opt/***/era5/ecmwf/data/nc/_raw/2026/06/01/instant_20260601.nc
[2026-06-06T02:01:33.652+0000] {era5_functions.py:200} INFO - download attempt 1/3: /opt/***/era5/ecmwf/data/nc/_raw/2026/06/01/instant_20260601.nc
[2026-06-06T02:01:34.392+0000] {logging_mixin.py:188} WARNING - 2026-06-06 02:01:34,392 INFO [2025-12-11T00:00:00] Please note that a dedicated catalogue entry for this dataset, post-processed and stored in Analysis Ready Cloud Optimized (ARCO) format (Zarr), is available for optimised time-series retrievals (i.e. for retrieving data from selected variables for a single point over an extended period of time in an efficient way). You can discover it [here](https://cds.climate.copernicus.eu/datasets/reanalysis-era5-single-levels-timeseries?tab=overview)
[2026-06-06T02:01:34.392+0000] {legacy_client.py:192} INFO - [2025-12-11T00:00:00] Please note that a dedicated catalogue entry for this dataset, post-processed and stored in Analysis Ready Cloud Optimized (ARCO) format (Zarr), is available for optimised time-series retrievals (i.e. for retrieving data from selected variables for a single point over an extended period of time in an efficient way). You can discover it [here](https://cds.climate.copernicus.eu/datasets/reanalysis-era5-single-levels-timeseries?tab=overview)
[2026-06-06T02:01:34.398+0000] {logging_mixin.py:188} WARNING - 2026-06-06 02:01:34,397 INFO Request ID is 3837fb1d-e8fa-49c3-a61a-eb3f9a439264
[2026-06-06T02:01:34.397+0000] {legacy_client.py:192} INFO - Request ID is 3837fb1d-e8fa-49c3-a61a-eb3f9a439264
[2026-06-06T02:01:34.630+0000] {logging_mixin.py:188} WARNING - 2026-06-06 02:01:34,630 INFO status has been updated to accepted
[2026-06-06T02:01:34.630+0000] {legacy_client.py:192} INFO - status has been updated to accepted
[2026-06-06T02:02:10.714+0000] {logging_mixin.py:188} WARNING - 2026-06-06 02:02:10,714 INFO status has been updated to successful
[2026-06-06T02:02:10.714+0000] {legacy_client.py:192} INFO - status has been updated to successful
[2026-06-06T02:02:11.143+0000] {base.py:119} INFO - Downloading https://object-store.os-api.cci2.ecmwf.int:443/cci2-prod-cache-2/2026-06-06/1bd4324a3b4b1b2631df5b86d56c35c4.nc
[2026-06-06T02:02:12.180+0000] {logging_mixin.py:188} WARNING - 1bd4324a3b4b1b2631df5b86d56c35c4.nc:   0%|          | 0.00/399k [00:00<?, ?B/s]
[2026-06-06T02:02:13.774+0000] {logging_mixin.py:188} WARNING - 1bd4324a3b4b1b2631df5b86d56c35c4.nc: 100%|##########| 399k/399k [00:01<00:00, 257kB/s]
[2026-06-06T02:02:13.802+0000] {logging_mixin.py:188} WARNING -                                                                                       
[2026-06-06T02:02:13.902+0000] {logging_mixin.py:188} WARNING - 2026-06-06 02:02:13 [INFO] nc downloaded ok: /opt/***/era5/ecmwf/data/nc/_raw/2026/06/01/instant_20260601.nc
[2026-06-06T02:02:13.902+0000] {era5_functions.py:204} INFO - nc downloaded ok: /opt/***/era5/ecmwf/data/nc/_raw/2026/06/01/instant_20260601.nc
[2026-06-06T02:02:13.975+0000] {logging_mixin.py:188} WARNING - 2026-06-06 02:02:13 [INFO] local timestep: 3 — /opt/***/era5/ecmwf/data/nc/_raw/2026/06/01/instant_20260601.nc
[2026-06-06T02:02:13.974+0000] {era5_functions.py:152} INFO - local timestep: 3 — /opt/***/era5/ecmwf/data/nc/_raw/2026/06/01/instant_20260601.nc
[2026-06-06T02:02:14.080+0000] {logging_mixin.py:188} WARNING - 2026-06-06 02:02:14 [INFO] tif outdated (tif=2 < nc=3), removing: /opt/***/era5/ecmwf/data/tif/2026/06/01/t2m_20260601.tif
[2026-06-06T02:02:14.080+0000] {era5_functions.py:261} INFO - tif outdated (tif=2 < nc=3), removing: /opt/***/era5/ecmwf/data/tif/2026/06/01/t2m_20260601.tif
[2026-06-06T02:02:14.156+0000] {logging_mixin.py:188} WARNING - 2026-06-06 02:02:14 [INFO] tif ok (bands=3): /opt/***/era5/ecmwf/data/tif/2026/06/01/t2m_20260601.tif
[2026-06-06T02:02:14.156+0000] {era5_functions.py:304} INFO - tif ok (bands=3): /opt/***/era5/ecmwf/data/tif/2026/06/01/t2m_20260601.tif
[2026-06-06T02:02:14.172+0000] {logging_mixin.py:188} WARNING - 2026-06-06 02:02:14 [INFO] tif outdated (tif=2 < nc=3), removing: /opt/***/era5/ecmwf/data/tif/2026/06/01/d2m_20260601.tif
[2026-06-06T02:02:14.172+0000] {era5_functions.py:261} INFO - tif outdated (tif=2 < nc=3), removing: /opt/***/era5/ecmwf/data/tif/2026/06/01/d2m_20260601.tif
[2026-06-06T02:02:14.243+0000] {logging_mixin.py:188} WARNING - 2026-06-06 02:02:14 [INFO] tif ok (bands=3): /opt/***/era5/ecmwf/data/tif/2026/06/01/d2m_20260601.tif
[2026-06-06T02:02:14.243+0000] {era5_functions.py:304} INFO - tif ok (bands=3): /opt/***/era5/ecmwf/data/tif/2026/06/01/d2m_20260601.tif
[2026-06-06T02:02:14.258+0000] {logging_mixin.py:188} WARNING - 2026-06-06 02:02:14 [INFO] tif outdated (tif=2 < nc=3), removing: /opt/***/era5/ecmwf/data/tif/2026/06/01/sp_20260601.tif
[2026-06-06T02:02:14.258+0000] {era5_functions.py:261} INFO - tif outdated (tif=2 < nc=3), removing: /opt/***/era5/ecmwf/data/tif/2026/06/01/sp_20260601.tif
[2026-06-06T02:02:14.336+0000] {logging_mixin.py:188} WARNING - 2026-06-06 02:02:14 [INFO] tif ok (bands=3): /opt/***/era5/ecmwf/data/tif/2026/06/01/sp_20260601.tif
[2026-06-06T02:02:14.336+0000] {era5_functions.py:304} INFO - tif ok (bands=3): /opt/***/era5/ecmwf/data/tif/2026/06/01/sp_20260601.tif
[2026-06-06T02:02:14.361+0000] {logging_mixin.py:188} WARNING - 2026-06-06 02:02:14 [INFO] tif outdated (tif=2 < nc=3), removing: /opt/***/era5/ecmwf/data/tif/2026/06/01/blh_20260601.tif
[2026-06-06T02:02:14.361+0000] {era5_functions.py:261} INFO - tif outdated (tif=2 < nc=3), removing: /opt/***/era5/ecmwf/data/tif/2026/06/01/blh_20260601.tif
[2026-06-06T02:02:14.436+0000] {logging_mixin.py:188} WARNING - 2026-06-06 02:02:14 [INFO] tif ok (bands=3): /opt/***/era5/ecmwf/data/tif/2026/06/01/blh_20260601.tif
[2026-06-06T02:02:14.435+0000] {era5_functions.py:304} INFO - tif ok (bands=3): /opt/***/era5/ecmwf/data/tif/2026/06/01/blh_20260601.tif
[2026-06-06T02:02:14.451+0000] {logging_mixin.py:188} WARNING - 2026-06-06 02:02:14 [INFO] tif outdated (tif=2 < nc=3), removing: /opt/***/era5/ecmwf/data/tif/2026/06/01/u10_20260601.tif
[2026-06-06T02:02:14.451+0000] {era5_functions.py:261} INFO - tif outdated (tif=2 < nc=3), removing: /opt/***/era5/ecmwf/data/tif/2026/06/01/u10_20260601.tif
[2026-06-06T02:02:14.525+0000] {logging_mixin.py:188} WARNING - 2026-06-06 02:02:14 [INFO] tif ok (bands=3): /opt/***/era5/ecmwf/data/tif/2026/06/01/u10_20260601.tif
[2026-06-06T02:02:14.525+0000] {era5_functions.py:304} INFO - tif ok (bands=3): /opt/***/era5/ecmwf/data/tif/2026/06/01/u10_20260601.tif
[2026-06-06T02:02:14.542+0000] {logging_mixin.py:188} WARNING - 2026-06-06 02:02:14 [INFO] tif outdated (tif=2 < nc=3), removing: /opt/***/era5/ecmwf/data/tif/2026/06/01/v10_20260601.tif
[2026-06-06T02:02:14.542+0000] {era5_functions.py:261} INFO - tif outdated (tif=2 < nc=3), removing: /opt/***/era5/ecmwf/data/tif/2026/06/01/v10_20260601.tif
[2026-06-06T02:02:14.622+0000] {logging_mixin.py:188} WARNING - 2026-06-06 02:02:14 [INFO] tif ok (bands=3): /opt/***/era5/ecmwf/data/tif/2026/06/01/v10_20260601.tif
[2026-06-06T02:02:14.622+0000] {era5_functions.py:304} INFO - tif ok (bands=3): /opt/***/era5/ecmwf/data/tif/2026/06/01/v10_20260601.tif
[2026-06-06T02:02:14.627+0000] {logging_mixin.py:188} WARNING - 2026-06-06 02:02:14 [INFO] === END job=instant date=2026-06-06 ===
[2026-06-06T02:02:14.627+0000] {era5_functions.py:379} INFO - === END job=instant date=2026-06-06 ===
[2026-06-06T02:02:14.629+0000] {python.py:237} INFO - Done. Returned value was: None
[2026-06-06T02:02:14.630+0000] {taskinstance.py:441} INFO - ::group::Post task execution logs
[2026-06-06T02:02:14.647+0000] {taskinstance.py:1206} INFO - Marking task as SUCCESS. dag_id=era5_download_pipeline, task_id=era5_instant, run_id=scheduled__2026-06-06T01:00:00+00:00, execution_date=20260606T010000, start_date=20260606T020002, end_date=20260606T020214
[2026-06-06T02:02:14.732+0000] {local_task_job_runner.py:240} INFO - Task exited with return code 0
[2026-06-06T02:02:14.761+0000] {taskinstance.py:3498} INFO - 1 downstream tasks scheduled from follow-on schedule check
[2026-06-06T02:02:14.765+0000] {local_task_job_runner.py:222} INFO - ::endgroup::
