[2026-06-03T09:01:20.613+0000] {local_task_job_runner.py:120} INFO - ::group::Pre task execution logs
[2026-06-03T09:01:20.638+0000] {taskinstance.py:2076} INFO - Dependencies all met for dep_context=non-requeueable deps ti=<TaskInstance: era5_download_pipeline.era5_accum scheduled__2026-06-03T08:00:00+00:00 [queued]>
[2026-06-03T09:01:20.649+0000] {taskinstance.py:2076} INFO - Dependencies all met for dep_context=requeueable deps ti=<TaskInstance: era5_download_pipeline.era5_accum scheduled__2026-06-03T08:00:00+00:00 [queued]>
[2026-06-03T09:01:20.650+0000] {taskinstance.py:2306} INFO - Starting attempt 1 of 1
[2026-06-03T09:01:20.666+0000] {taskinstance.py:2330} INFO - Executing <Task(PythonOperator): era5_accum> on 2026-06-03 08:00:00+00:00
[2026-06-03T09:01:20.677+0000] {warnings.py:110} WARNING - /home/***/.local/lib/python3.12/site-packages/***/task/task_runner/standard_task_runner.py:61: DeprecationWarning: This process (pid=20451) is multi-threaded, use of fork() may lead to deadlocks in the child.
  pid = os.fork()

[2026-06-03T09:01:20.680+0000] {standard_task_runner.py:63} INFO - Started process 20453 to run task
[2026-06-03T09:01:20.680+0000] {standard_task_runner.py:90} INFO - Running: ['***', 'tasks', 'run', 'era5_download_pipeline', 'era5_accum', 'scheduled__2026-06-03T08:00:00+00:00', '--job-id', '829', '--raw', '--subdir', 'DAGS_FOLDER/era5_dag.py', '--cfg-path', '/tmp/tmpwes6t_cy']
[2026-06-03T09:01:20.684+0000] {standard_task_runner.py:91} INFO - Job 829: Subtask era5_accum
[2026-06-03T09:01:20.772+0000] {task_command.py:426} INFO - Running <TaskInstance: era5_download_pipeline.era5_accum scheduled__2026-06-03T08:00:00+00:00 [running]> on host 01cd476fb21a
[2026-06-03T09:01:20.899+0000] {taskinstance.py:2648} INFO - Exporting env vars: AIRFLOW_CTX_DAG_OWNER='era5' AIRFLOW_CTX_DAG_ID='era5_download_pipeline' AIRFLOW_CTX_TASK_ID='era5_accum' AIRFLOW_CTX_EXECUTION_DATE='2026-06-03T08:00:00+00:00' AIRFLOW_CTX_TRY_NUMBER='1' AIRFLOW_CTX_DAG_RUN_ID='scheduled__2026-06-03T08:00:00+00:00'
[2026-06-03T09:01:20.902+0000] {taskinstance.py:430} INFO - ::endgroup::
[2026-06-03T09:01:21.954+0000] {logging_mixin.py:188} WARNING - 2026-06-03 09:01:21 [INFO] === START job=accum date=2026-06-03 ===
[2026-06-03T09:01:21.953+0000] {era5_functions.py:368} INFO - === START job=accum date=2026-06-03 ===
[2026-06-03T09:01:21.957+0000] {logging_mixin.py:188} WARNING - 2026-06-03 09:01:21 [INFO] --- job=accum date=20260603 ---
[2026-06-03T09:01:21.957+0000] {era5_functions.py:330} INFO - --- job=accum date=20260603 ---
[2026-06-03T09:01:22.624+0000] {logging_mixin.py:188} WARNING - 2026-06-03 09:01:22 [WARNING] get_cds_count failed: 400 Client Error: Bad Request for url: https://cds.climate.copernicus.eu/api/retrieve/v1/processes/reanalysis-era5-single-levels/execution
invalid request
None of the data you have requested is available yet, please revise the period requested. The latest date available for this dataset is: 2026-05-29 09:00
[2026-06-03T09:01:22.624+0000] {era5_functions.py:131} WARNING - get_cds_count failed: 400 Client Error: Bad Request for url: https://cds.climate.copernicus.eu/api/retrieve/v1/processes/reanalysis-era5-single-levels/execution
invalid request
None of the data you have requested is available yet, please revise the period requested. The latest date available for this dataset is: 2026-05-29 09:00
[2026-06-03T09:01:22.629+0000] {logging_mixin.py:188} WARNING - 2026-06-03 09:01:22 [WARNING] CDS ยังไม่มีข้อมูล job=accum date=20260603, skip
[2026-06-03T09:01:22.629+0000] {era5_functions.py:335} WARNING - CDS ยังไม่มีข้อมูล job=accum date=20260603, skip
[2026-06-03T09:01:22.632+0000] {logging_mixin.py:188} WARNING - 2026-06-03 09:01:22 [INFO] --- job=accum date=20260602 ---
[2026-06-03T09:01:22.631+0000] {era5_functions.py:330} INFO - --- job=accum date=20260602 ---
[2026-06-03T09:01:23.209+0000] {logging_mixin.py:188} WARNING - 2026-06-03 09:01:23 [WARNING] get_cds_count failed: 400 Client Error: Bad Request for url: https://cds.climate.copernicus.eu/api/retrieve/v1/processes/reanalysis-era5-single-levels/execution
invalid request
None of the data you have requested is available yet, please revise the period requested. The latest date available for this dataset is: 2026-05-29 09:00
[2026-06-03T09:01:23.209+0000] {era5_functions.py:131} WARNING - get_cds_count failed: 400 Client Error: Bad Request for url: https://cds.climate.copernicus.eu/api/retrieve/v1/processes/reanalysis-era5-single-levels/execution
invalid request
None of the data you have requested is available yet, please revise the period requested. The latest date available for this dataset is: 2026-05-29 09:00
[2026-06-03T09:01:23.213+0000] {logging_mixin.py:188} WARNING - 2026-06-03 09:01:23 [WARNING] CDS ยังไม่มีข้อมูล job=accum date=20260602, skip
[2026-06-03T09:01:23.213+0000] {era5_functions.py:335} WARNING - CDS ยังไม่มีข้อมูล job=accum date=20260602, skip
[2026-06-03T09:01:23.216+0000] {logging_mixin.py:188} WARNING - 2026-06-03 09:01:23 [INFO] --- job=accum date=20260601 ---
[2026-06-03T09:01:23.216+0000] {era5_functions.py:330} INFO - --- job=accum date=20260601 ---
[2026-06-03T09:01:24.413+0000] {logging_mixin.py:188} WARNING - 2026-06-03 09:01:24 [WARNING] get_cds_count failed: 400 Client Error: Bad Request for url: https://cds.climate.copernicus.eu/api/retrieve/v1/processes/reanalysis-era5-single-levels/execution
invalid request
None of the data you have requested is available yet, please revise the period requested. The latest date available for this dataset is: 2026-05-29 09:00
[2026-06-03T09:01:24.413+0000] {era5_functions.py:131} WARNING - get_cds_count failed: 400 Client Error: Bad Request for url: https://cds.climate.copernicus.eu/api/retrieve/v1/processes/reanalysis-era5-single-levels/execution
invalid request
None of the data you have requested is available yet, please revise the period requested. The latest date available for this dataset is: 2026-05-29 09:00
[2026-06-03T09:01:24.419+0000] {logging_mixin.py:188} WARNING - 2026-06-03 09:01:24 [WARNING] CDS ยังไม่มีข้อมูล job=accum date=20260601, skip
[2026-06-03T09:01:24.418+0000] {era5_functions.py:335} WARNING - CDS ยังไม่มีข้อมูล job=accum date=20260601, skip
[2026-06-03T09:01:24.422+0000] {logging_mixin.py:188} WARNING - 2026-06-03 09:01:24 [INFO] --- job=accum date=20260531 ---
[2026-06-03T09:01:24.422+0000] {era5_functions.py:330} INFO - --- job=accum date=20260531 ---
[2026-06-03T09:01:25.352+0000] {logging_mixin.py:188} WARNING - 2026-06-03 09:01:25 [WARNING] get_cds_count failed: 400 Client Error: Bad Request for url: https://cds.climate.copernicus.eu/api/retrieve/v1/processes/reanalysis-era5-single-levels/execution
invalid request
None of the data you have requested is available yet, please revise the period requested. The latest date available for this dataset is: 2026-05-29 09:00
[2026-06-03T09:01:25.352+0000] {era5_functions.py:131} WARNING - get_cds_count failed: 400 Client Error: Bad Request for url: https://cds.climate.copernicus.eu/api/retrieve/v1/processes/reanalysis-era5-single-levels/execution
invalid request
None of the data you have requested is available yet, please revise the period requested. The latest date available for this dataset is: 2026-05-29 09:00
[2026-06-03T09:01:25.357+0000] {logging_mixin.py:188} WARNING - 2026-06-03 09:01:25 [WARNING] CDS ยังไม่มีข้อมูล job=accum date=20260531, skip
[2026-06-03T09:01:25.357+0000] {era5_functions.py:335} WARNING - CDS ยังไม่มีข้อมูล job=accum date=20260531, skip
[2026-06-03T09:01:25.362+0000] {logging_mixin.py:188} WARNING - 2026-06-03 09:01:25 [INFO] --- job=accum date=20260530 ---
[2026-06-03T09:01:25.362+0000] {era5_functions.py:330} INFO - --- job=accum date=20260530 ---
[2026-06-03T09:01:26.119+0000] {logging_mixin.py:188} WARNING - 2026-06-03 09:01:26 [WARNING] get_cds_count failed: 400 Client Error: Bad Request for url: https://cds.climate.copernicus.eu/api/retrieve/v1/processes/reanalysis-era5-single-levels/execution
invalid request
None of the data you have requested is available yet, please revise the period requested. The latest date available for this dataset is: 2026-05-29 09:00
[2026-06-03T09:01:26.119+0000] {era5_functions.py:131} WARNING - get_cds_count failed: 400 Client Error: Bad Request for url: https://cds.climate.copernicus.eu/api/retrieve/v1/processes/reanalysis-era5-single-levels/execution
invalid request
None of the data you have requested is available yet, please revise the period requested. The latest date available for this dataset is: 2026-05-29 09:00
[2026-06-03T09:01:26.125+0000] {logging_mixin.py:188} WARNING - 2026-06-03 09:01:26 [WARNING] CDS ยังไม่มีข้อมูล job=accum date=20260530, skip
[2026-06-03T09:01:26.125+0000] {era5_functions.py:335} WARNING - CDS ยังไม่มีข้อมูล job=accum date=20260530, skip
[2026-06-03T09:01:26.129+0000] {logging_mixin.py:188} WARNING - 2026-06-03 09:01:26 [INFO] --- job=accum date=20260529 ---
[2026-06-03T09:01:26.129+0000] {era5_functions.py:330} INFO - --- job=accum date=20260529 ---
[2026-06-03T09:01:26.686+0000] {logging_mixin.py:188} WARNING - 2026-06-03 09:01:26,686 INFO [2025-12-11T00:00:00] Please note that a dedicated catalogue entry for this dataset, post-processed and stored in Analysis Ready Cloud Optimized (ARCO) format (Zarr), is available for optimised time-series retrievals (i.e. for retrieving data from selected variables for a single point over an extended period of time in an efficient way). You can discover it [here](https://cds.climate.copernicus.eu/datasets/reanalysis-era5-single-levels-timeseries?tab=overview)
[2026-06-03T09:01:26.686+0000] {legacy_client.py:192} INFO - [2025-12-11T00:00:00] Please note that a dedicated catalogue entry for this dataset, post-processed and stored in Analysis Ready Cloud Optimized (ARCO) format (Zarr), is available for optimised time-series retrievals (i.e. for retrieving data from selected variables for a single point over an extended period of time in an efficient way). You can discover it [here](https://cds.climate.copernicus.eu/datasets/reanalysis-era5-single-levels-timeseries?tab=overview)
[2026-06-03T09:01:26.691+0000] {logging_mixin.py:188} WARNING - 2026-06-03 09:01:26,691 INFO Request ID is de1ca03f-c444-4185-a748-fc7e4329f7b0
[2026-06-03T09:01:26.691+0000] {legacy_client.py:192} INFO - Request ID is de1ca03f-c444-4185-a748-fc7e4329f7b0
[2026-06-03T09:01:26.938+0000] {logging_mixin.py:188} WARNING - 2026-06-03 09:01:26,938 INFO status has been updated to accepted
[2026-06-03T09:01:26.938+0000] {legacy_client.py:192} INFO - status has been updated to accepted
[2026-06-03T09:02:00.581+0000] {logging_mixin.py:188} WARNING - 2026-06-03 09:02:00,579 INFO status has been updated to running
[2026-06-03T09:02:00.579+0000] {legacy_client.py:192} INFO - status has been updated to running
[2026-06-03T09:02:17.882+0000] {logging_mixin.py:188} WARNING - 2026-06-03 09:02:17,881 INFO status has been updated to successful
[2026-06-03T09:02:17.881+0000] {legacy_client.py:192} INFO - status has been updated to successful
[2026-06-03T09:02:18.308+0000] {base.py:119} INFO - Downloading https://object-store.os-api.cci2.ecmwf.int:443/cci2-prod-cache-2/2026-06-03/27cbea4373f16a0f574df3139eb246cd.nc
[2026-06-03T09:02:19.332+0000] {logging_mixin.py:188} WARNING - 27cbea4373f16a0f574df3139eb246cd.nc:   0%|          | 0.00/168k [00:00<?, ?B/s]
[2026-06-03T09:02:20.690+0000] {logging_mixin.py:188} WARNING - 27cbea4373f16a0f574df3139eb246cd.nc: 100%|##########| 168k/168k [00:01<00:00, 127kB/s]
[2026-06-03T09:02:20.696+0000] {logging_mixin.py:188} WARNING -                                                                                       
[2026-06-03T09:02:20.989+0000] {logging_mixin.py:188} WARNING - 2026-06-03 09:02:20 [INFO] CDS timestep available: 10
[2026-06-03T09:02:20.989+0000] {era5_functions.py:128} INFO - CDS timestep available: 10
[2026-06-03T09:02:21.037+0000] {logging_mixin.py:188} WARNING - 2026-06-03 09:02:21 [INFO] local timestep: 9 — /opt/***/era5/ecmwf/data/nc/_raw/2026/05/29/accum_20260529.nc
[2026-06-03T09:02:21.037+0000] {era5_functions.py:152} INFO - local timestep: 9 — /opt/***/era5/ecmwf/data/nc/_raw/2026/05/29/accum_20260529.nc
[2026-06-03T09:02:21.044+0000] {logging_mixin.py:188} WARNING - 2026-06-03 09:02:21 [INFO] nc outdated (local=9 < cds=10), removing: /opt/***/era5/ecmwf/data/nc/_raw/2026/05/29/accum_20260529.nc
[2026-06-03T09:02:21.044+0000] {era5_functions.py:193} INFO - nc outdated (local=9 < cds=10), removing: /opt/***/era5/ecmwf/data/nc/_raw/2026/05/29/accum_20260529.nc
[2026-06-03T09:02:21.060+0000] {logging_mixin.py:188} WARNING - 2026-06-03 09:02:21 [INFO] download attempt 1/3: /opt/***/era5/ecmwf/data/nc/_raw/2026/05/29/accum_20260529.nc
[2026-06-03T09:02:21.060+0000] {era5_functions.py:200} INFO - download attempt 1/3: /opt/***/era5/ecmwf/data/nc/_raw/2026/05/29/accum_20260529.nc
[2026-06-03T09:02:22.150+0000] {logging_mixin.py:188} WARNING - 2026-06-03 09:02:22,150 INFO [2025-12-11T00:00:00] Please note that a dedicated catalogue entry for this dataset, post-processed and stored in Analysis Ready Cloud Optimized (ARCO) format (Zarr), is available for optimised time-series retrievals (i.e. for retrieving data from selected variables for a single point over an extended period of time in an efficient way). You can discover it [here](https://cds.climate.copernicus.eu/datasets/reanalysis-era5-single-levels-timeseries?tab=overview)
[2026-06-03T09:02:22.150+0000] {legacy_client.py:192} INFO - [2025-12-11T00:00:00] Please note that a dedicated catalogue entry for this dataset, post-processed and stored in Analysis Ready Cloud Optimized (ARCO) format (Zarr), is available for optimised time-series retrievals (i.e. for retrieving data from selected variables for a single point over an extended period of time in an efficient way). You can discover it [here](https://cds.climate.copernicus.eu/datasets/reanalysis-era5-single-levels-timeseries?tab=overview)
[2026-06-03T09:02:22.153+0000] {logging_mixin.py:188} WARNING - 2026-06-03 09:02:22,153 INFO Request ID is b06b858a-89c9-40d3-b35c-2ab81d4911a1
[2026-06-03T09:02:22.153+0000] {legacy_client.py:192} INFO - Request ID is b06b858a-89c9-40d3-b35c-2ab81d4911a1
[2026-06-03T09:02:22.371+0000] {logging_mixin.py:188} WARNING - 2026-06-03 09:02:22,371 INFO status has been updated to accepted
[2026-06-03T09:02:22.371+0000] {legacy_client.py:192} INFO - status has been updated to accepted
[2026-06-03T09:05:18.588+0000] {logging_mixin.py:188} WARNING - 2026-06-03 09:05:18,587 INFO status has been updated to successful
[2026-06-03T09:05:18.587+0000] {legacy_client.py:192} INFO - status has been updated to successful
[2026-06-03T09:05:20.520+0000] {base.py:119} INFO - Downloading https://object-store.os-api.cci2.ecmwf.int:443/cci2-prod-cache-1/2026-06-03/fb5c62a54607806a0a888a925487af0a.nc
[2026-06-03T09:05:21.247+0000] {logging_mixin.py:188} WARNING - fb5c62a54607806a0a888a925487af0a.nc:   0%|          | 0.00/168k [00:00<?, ?B/s]
[2026-06-03T09:05:22.795+0000] {logging_mixin.py:188} WARNING - fb5c62a54607806a0a888a925487af0a.nc: 100%|##########| 168k/168k [00:01<00:00, 111kB/s]
[2026-06-03T09:05:22.809+0000] {logging_mixin.py:188} WARNING -                                                                                       
[2026-06-03T09:05:22.887+0000] {logging_mixin.py:188} WARNING - 2026-06-03 09:05:22 [INFO] nc downloaded ok: /opt/***/era5/ecmwf/data/nc/_raw/2026/05/29/accum_20260529.nc
[2026-06-03T09:05:22.887+0000] {era5_functions.py:204} INFO - nc downloaded ok: /opt/***/era5/ecmwf/data/nc/_raw/2026/05/29/accum_20260529.nc
[2026-06-03T09:05:22.945+0000] {logging_mixin.py:188} WARNING - 2026-06-03 09:05:22 [INFO] local timestep: 10 — /opt/***/era5/ecmwf/data/nc/_raw/2026/05/29/accum_20260529.nc
[2026-06-03T09:05:22.945+0000] {era5_functions.py:152} INFO - local timestep: 10 — /opt/***/era5/ecmwf/data/nc/_raw/2026/05/29/accum_20260529.nc
[2026-06-03T09:05:23.014+0000] {logging_mixin.py:188} WARNING - 2026-06-03 09:05:23 [INFO] tif outdated (tif=9 < nc=10), removing: /opt/***/era5/ecmwf/data/tif/2026/05/29/tp_20260529.tif
[2026-06-03T09:05:23.014+0000] {era5_functions.py:261} INFO - tif outdated (tif=9 < nc=10), removing: /opt/***/era5/ecmwf/data/tif/2026/05/29/tp_20260529.tif
[2026-06-03T09:05:23.100+0000] {logging_mixin.py:188} WARNING - 2026-06-03 09:05:23 [INFO] tif ok (bands=10): /opt/***/era5/ecmwf/data/tif/2026/05/29/tp_20260529.tif
[2026-06-03T09:05:23.100+0000] {era5_functions.py:304} INFO - tif ok (bands=10): /opt/***/era5/ecmwf/data/tif/2026/05/29/tp_20260529.tif
[2026-06-03T09:05:23.104+0000] {logging_mixin.py:188} WARNING - 2026-06-03 09:05:23 [INFO] === END job=accum date=2026-06-03 ===
[2026-06-03T09:05:23.104+0000] {era5_functions.py:379} INFO - === END job=accum date=2026-06-03 ===
[2026-06-03T09:05:23.106+0000] {python.py:237} INFO - Done. Returned value was: None
[2026-06-03T09:05:23.106+0000] {taskinstance.py:441} INFO - ::group::Post task execution logs
[2026-06-03T09:05:23.123+0000] {taskinstance.py:1206} INFO - Marking task as SUCCESS. dag_id=era5_download_pipeline, task_id=era5_accum, run_id=scheduled__2026-06-03T08:00:00+00:00, execution_date=20260603T080000, start_date=20260603T090120, end_date=20260603T090523
[2026-06-03T09:05:23.197+0000] {local_task_job_runner.py:240} INFO - Task exited with return code 0
[2026-06-03T09:05:23.223+0000] {taskinstance.py:3498} INFO - 0 downstream tasks scheduled from follow-on schedule check
[2026-06-03T09:05:23.227+0000] {local_task_job_runner.py:222} INFO - ::endgroup::
