[2026-06-22T04:00:03.270+0000] {local_task_job_runner.py:120} INFO - ::group::Pre task execution logs
[2026-06-22T04:00:03.304+0000] {taskinstance.py:2076} INFO - Dependencies all met for dep_context=non-requeueable deps ti=<TaskInstance: era5_download_pipeline.era5_rh scheduled__2026-06-22T03:00:00+00:00 [queued]>
[2026-06-22T04:00:03.316+0000] {taskinstance.py:2076} INFO - Dependencies all met for dep_context=requeueable deps ti=<TaskInstance: era5_download_pipeline.era5_rh scheduled__2026-06-22T03:00:00+00:00 [queued]>
[2026-06-22T04:00:03.317+0000] {taskinstance.py:2306} INFO - Starting attempt 1 of 1
[2026-06-22T04:00:03.337+0000] {taskinstance.py:2330} INFO - Executing <Task(PythonOperator): era5_rh> on 2026-06-22 03:00:00+00:00
[2026-06-22T04:00:03.351+0000] {warnings.py:110} WARNING - /home/***/.local/lib/python3.12/site-packages/***/task/task_runner/standard_task_runner.py:61: DeprecationWarning: This process (pid=201006) is multi-threaded, use of fork() may lead to deadlocks in the child.
  pid = os.fork()

[2026-06-22T04:00:03.355+0000] {standard_task_runner.py:63} INFO - Started process 201010 to run task
[2026-06-22T04:00:03.352+0000] {standard_task_runner.py:90} INFO - Running: ['***', 'tasks', 'run', 'era5_download_pipeline', 'era5_rh', 'scheduled__2026-06-22T03:00:00+00:00', '--job-id', '2111', '--raw', '--subdir', 'DAGS_FOLDER/era5_dag.py', '--cfg-path', '/tmp/tmpspcwmex2']
[2026-06-22T04:00:03.357+0000] {standard_task_runner.py:91} INFO - Job 2111: Subtask era5_rh
[2026-06-22T04:00:03.439+0000] {task_command.py:426} INFO - Running <TaskInstance: era5_download_pipeline.era5_rh scheduled__2026-06-22T03:00:00+00:00 [running]> on host 01cd476fb21a
[2026-06-22T04:00:03.562+0000] {taskinstance.py:2648} INFO - Exporting env vars: AIRFLOW_CTX_DAG_OWNER='era5' AIRFLOW_CTX_DAG_ID='era5_download_pipeline' AIRFLOW_CTX_TASK_ID='era5_rh' AIRFLOW_CTX_EXECUTION_DATE='2026-06-22T03:00:00+00:00' AIRFLOW_CTX_TRY_NUMBER='1' AIRFLOW_CTX_DAG_RUN_ID='scheduled__2026-06-22T03:00:00+00:00'
[2026-06-22T04:00:03.564+0000] {taskinstance.py:430} INFO - ::endgroup::
[2026-06-22T04:00:03.600+0000] {logging_mixin.py:188} WARNING - 2026-06-22 04:00:03 [WARNING] missing instant nc: /opt/***/era5/ecmwf/data/nc/_raw/2026/06/22/instant_20260622.nc
[2026-06-22T04:00:03.600+0000] {era5_rh.py:208} WARNING - missing instant nc: /opt/***/era5/ecmwf/data/nc/_raw/2026/06/22/instant_20260622.nc
[2026-06-22T04:00:03.608+0000] {logging_mixin.py:188} WARNING - 2026-06-22 04:00:03 [WARNING] missing instant nc: /opt/***/era5/ecmwf/data/nc/_raw/2026/06/21/instant_20260621.nc
[2026-06-22T04:00:03.608+0000] {era5_rh.py:208} WARNING - missing instant nc: /opt/***/era5/ecmwf/data/nc/_raw/2026/06/21/instant_20260621.nc
[2026-06-22T04:00:03.616+0000] {logging_mixin.py:188} WARNING - 2026-06-22 04:00:03 [WARNING] missing instant nc: /opt/***/era5/ecmwf/data/nc/_raw/2026/06/20/instant_20260620.nc
[2026-06-22T04:00:03.616+0000] {era5_rh.py:208} WARNING - missing instant nc: /opt/***/era5/ecmwf/data/nc/_raw/2026/06/20/instant_20260620.nc
[2026-06-22T04:00:03.624+0000] {logging_mixin.py:188} WARNING - 2026-06-22 04:00:03 [WARNING] missing instant nc: /opt/***/era5/ecmwf/data/nc/_raw/2026/06/19/instant_20260619.nc
[2026-06-22T04:00:03.624+0000] {era5_rh.py:208} WARNING - missing instant nc: /opt/***/era5/ecmwf/data/nc/_raw/2026/06/19/instant_20260619.nc
[2026-06-22T04:00:03.631+0000] {logging_mixin.py:188} WARNING - 2026-06-22 04:00:03 [WARNING] missing instant nc: /opt/***/era5/ecmwf/data/nc/_raw/2026/06/18/instant_20260618.nc
[2026-06-22T04:00:03.631+0000] {era5_rh.py:208} WARNING - missing instant nc: /opt/***/era5/ecmwf/data/nc/_raw/2026/06/18/instant_20260618.nc
[2026-06-22T04:00:03.645+0000] {logging_mixin.py:188} WARNING - 2026-06-22 04:00:03 [INFO] RH nc exists: /opt/***/era5/ecmwf/data/nc/rh/2026/06/17/rh_20260617.nc
[2026-06-22T04:00:03.645+0000] {era5_rh.py:69} INFO - RH nc exists: /opt/***/era5/ecmwf/data/nc/rh/2026/06/17/rh_20260617.nc
[2026-06-22T04:00:04.120+0000] {logging_mixin.py:188} WARNING - 2026-06-22 04:00:04 [INFO] RH tif created: /opt/***/era5/ecmwf/data/tif/2026/06/17/rh_20260617.tif
[2026-06-22T04:00:04.120+0000] {era5_rh.py:183} INFO - RH tif created: /opt/***/era5/ecmwf/data/tif/2026/06/17/rh_20260617.tif
[2026-06-22T04:00:04.126+0000] {python.py:237} INFO - Done. Returned value was: None
[2026-06-22T04:00:04.127+0000] {taskinstance.py:441} INFO - ::group::Post task execution logs
[2026-06-22T04:00:04.142+0000] {taskinstance.py:1206} INFO - Marking task as SUCCESS. dag_id=era5_download_pipeline, task_id=era5_rh, run_id=scheduled__2026-06-22T03:00:00+00:00, execution_date=20260622T030000, start_date=20260622T040003, end_date=20260622T040004
[2026-06-22T04:00:04.214+0000] {local_task_job_runner.py:240} INFO - Task exited with return code 0
[2026-06-22T04:00:04.238+0000] {taskinstance.py:3498} INFO - 0 downstream tasks scheduled from follow-on schedule check
[2026-06-22T04:00:04.242+0000] {local_task_job_runner.py:222} INFO - ::endgroup::
