[2026-06-02T20:00:01.754+0000] {local_task_job_runner.py:120} INFO - ::group::Pre task execution logs
[2026-06-02T20:00:01.792+0000] {taskinstance.py:2076} INFO - Dependencies all met for dep_context=non-requeueable deps ti=<TaskInstance: era5_download_pipeline.era5_instant scheduled__2026-06-02T19:00:00+00:00 [queued]>
[2026-06-02T20:00:01.804+0000] {taskinstance.py:2076} INFO - Dependencies all met for dep_context=requeueable deps ti=<TaskInstance: era5_download_pipeline.era5_instant scheduled__2026-06-02T19:00:00+00:00 [queued]>
[2026-06-02T20:00:01.805+0000] {taskinstance.py:2306} INFO - Starting attempt 1 of 1
[2026-06-02T20:00:01.822+0000] {taskinstance.py:2330} INFO - Executing <Task(PythonOperator): era5_instant> on 2026-06-02 19:00:00+00:00
[2026-06-02T20:00:01.833+0000] {warnings.py:110} WARNING - /home/***/.local/lib/python3.12/site-packages/***/task/task_runner/standard_task_runner.py:61: DeprecationWarning: This process (pid=10365) is multi-threaded, use of fork() may lead to deadlocks in the child.
  pid = os.fork()

[2026-06-02T20:00:01.836+0000] {standard_task_runner.py:63} INFO - Started process 10369 to run task
[2026-06-02T20:00:01.836+0000] {standard_task_runner.py:90} INFO - Running: ['***', 'tasks', 'run', 'era5_download_pipeline', 'era5_instant', 'scheduled__2026-06-02T19:00:00+00:00', '--job-id', '788', '--raw', '--subdir', 'DAGS_FOLDER/era5_dag.py', '--cfg-path', '/tmp/tmpmubqbnl6']
[2026-06-02T20:00:01.841+0000] {standard_task_runner.py:91} INFO - Job 788: Subtask era5_instant
[2026-06-02T20:00:01.922+0000] {task_command.py:426} INFO - Running <TaskInstance: era5_download_pipeline.era5_instant scheduled__2026-06-02T19:00:00+00:00 [running]> on host 01cd476fb21a
[2026-06-02T20:00:02.057+0000] {taskinstance.py:2648} INFO - Exporting env vars: AIRFLOW_CTX_DAG_OWNER='era5' AIRFLOW_CTX_DAG_ID='era5_download_pipeline' AIRFLOW_CTX_TASK_ID='era5_instant' AIRFLOW_CTX_EXECUTION_DATE='2026-06-02T19:00:00+00:00' AIRFLOW_CTX_TRY_NUMBER='1' AIRFLOW_CTX_DAG_RUN_ID='scheduled__2026-06-02T19:00:00+00:00'
[2026-06-02T20:00:02.059+0000] {taskinstance.py:430} INFO - ::endgroup::
[2026-06-02T20:00:07.150+0000] {logging_mixin.py:188} WARNING - 2026-06-02 20:00:07 [INFO] === START job=instant date=2026-06-02 ===
[2026-06-02T20:00:07.150+0000] {era5_functions.py:368} INFO - === START job=instant date=2026-06-02 ===
[2026-06-02T20:00:07.154+0000] {logging_mixin.py:188} WARNING - 2026-06-02 20:00:07 [INFO] --- job=instant date=20260602 ---
[2026-06-02T20:00:07.154+0000] {era5_functions.py:330} INFO - --- job=instant date=20260602 ---
[2026-06-02T20:00:09.588+0000] {logging_mixin.py:188} WARNING - 2026-06-02 20:00:09 [WARNING] get_cds_count failed: 400 Client Error: Bad Request for url: https://cds.climate.copernicus.eu/api/retrieve/v1/processes/reanalysis-era5-single-levels/execution
invalid request
None of the data you have requested is available yet, please revise the period requested. The latest date available for this dataset is: 2026-05-28 20:00
[2026-06-02T20:00:09.587+0000] {era5_functions.py:131} WARNING - get_cds_count failed: 400 Client Error: Bad Request for url: https://cds.climate.copernicus.eu/api/retrieve/v1/processes/reanalysis-era5-single-levels/execution
invalid request
None of the data you have requested is available yet, please revise the period requested. The latest date available for this dataset is: 2026-05-28 20:00
[2026-06-02T20:00:09.594+0000] {logging_mixin.py:188} WARNING - 2026-06-02 20:00:09 [WARNING] CDS ยังไม่มีข้อมูล job=instant date=20260602, skip
[2026-06-02T20:00:09.593+0000] {era5_functions.py:335} WARNING - CDS ยังไม่มีข้อมูล job=instant date=20260602, skip
[2026-06-02T20:00:09.598+0000] {logging_mixin.py:188} WARNING - 2026-06-02 20:00:09 [INFO] --- job=instant date=20260601 ---
[2026-06-02T20:00:09.598+0000] {era5_functions.py:330} INFO - --- job=instant date=20260601 ---
[2026-06-02T20:00:10.385+0000] {logging_mixin.py:188} WARNING - 2026-06-02 20:00:10 [WARNING] get_cds_count failed: 400 Client Error: Bad Request for url: https://cds.climate.copernicus.eu/api/retrieve/v1/processes/reanalysis-era5-single-levels/execution
invalid request
None of the data you have requested is available yet, please revise the period requested. The latest date available for this dataset is: 2026-05-28 20:00
[2026-06-02T20:00:10.384+0000] {era5_functions.py:131} WARNING - get_cds_count failed: 400 Client Error: Bad Request for url: https://cds.climate.copernicus.eu/api/retrieve/v1/processes/reanalysis-era5-single-levels/execution
invalid request
None of the data you have requested is available yet, please revise the period requested. The latest date available for this dataset is: 2026-05-28 20:00
[2026-06-02T20:00:10.390+0000] {logging_mixin.py:188} WARNING - 2026-06-02 20:00:10 [WARNING] CDS ยังไม่มีข้อมูล job=instant date=20260601, skip
[2026-06-02T20:00:10.389+0000] {era5_functions.py:335} WARNING - CDS ยังไม่มีข้อมูล job=instant date=20260601, skip
[2026-06-02T20:00:10.393+0000] {logging_mixin.py:188} WARNING - 2026-06-02 20:00:10 [INFO] --- job=instant date=20260531 ---
[2026-06-02T20:00:10.393+0000] {era5_functions.py:330} INFO - --- job=instant date=20260531 ---
[2026-06-02T20:00:10.970+0000] {logging_mixin.py:188} WARNING - 2026-06-02 20:00:10 [WARNING] get_cds_count failed: 400 Client Error: Bad Request for url: https://cds.climate.copernicus.eu/api/retrieve/v1/processes/reanalysis-era5-single-levels/execution
invalid request
None of the data you have requested is available yet, please revise the period requested. The latest date available for this dataset is: 2026-05-28 20:00
[2026-06-02T20:00:10.970+0000] {era5_functions.py:131} WARNING - get_cds_count failed: 400 Client Error: Bad Request for url: https://cds.climate.copernicus.eu/api/retrieve/v1/processes/reanalysis-era5-single-levels/execution
invalid request
None of the data you have requested is available yet, please revise the period requested. The latest date available for this dataset is: 2026-05-28 20:00
[2026-06-02T20:00:10.975+0000] {logging_mixin.py:188} WARNING - 2026-06-02 20:00:10 [WARNING] CDS ยังไม่มีข้อมูล job=instant date=20260531, skip
[2026-06-02T20:00:10.975+0000] {era5_functions.py:335} WARNING - CDS ยังไม่มีข้อมูล job=instant date=20260531, skip
[2026-06-02T20:00:10.979+0000] {logging_mixin.py:188} WARNING - 2026-06-02 20:00:10 [INFO] --- job=instant date=20260530 ---
[2026-06-02T20:00:10.979+0000] {era5_functions.py:330} INFO - --- job=instant date=20260530 ---
[2026-06-02T20:00:11.578+0000] {logging_mixin.py:188} WARNING - 2026-06-02 20:00:11 [WARNING] get_cds_count failed: 400 Client Error: Bad Request for url: https://cds.climate.copernicus.eu/api/retrieve/v1/processes/reanalysis-era5-single-levels/execution
invalid request
None of the data you have requested is available yet, please revise the period requested. The latest date available for this dataset is: 2026-05-28 20:00
[2026-06-02T20:00:11.578+0000] {era5_functions.py:131} WARNING - get_cds_count failed: 400 Client Error: Bad Request for url: https://cds.climate.copernicus.eu/api/retrieve/v1/processes/reanalysis-era5-single-levels/execution
invalid request
None of the data you have requested is available yet, please revise the period requested. The latest date available for this dataset is: 2026-05-28 20:00
[2026-06-02T20:00:11.583+0000] {logging_mixin.py:188} WARNING - 2026-06-02 20:00:11 [WARNING] CDS ยังไม่มีข้อมูล job=instant date=20260530, skip
[2026-06-02T20:00:11.583+0000] {era5_functions.py:335} WARNING - CDS ยังไม่มีข้อมูล job=instant date=20260530, skip
[2026-06-02T20:00:11.587+0000] {logging_mixin.py:188} WARNING - 2026-06-02 20:00:11 [INFO] --- job=instant date=20260529 ---
[2026-06-02T20:00:11.586+0000] {era5_functions.py:330} INFO - --- job=instant date=20260529 ---
[2026-06-02T20:00:12.720+0000] {logging_mixin.py:188} WARNING - 2026-06-02 20:00:12 [WARNING] get_cds_count failed: 400 Client Error: Bad Request for url: https://cds.climate.copernicus.eu/api/retrieve/v1/processes/reanalysis-era5-single-levels/execution
invalid request
None of the data you have requested is available yet, please revise the period requested. The latest date available for this dataset is: 2026-05-28 20:00
[2026-06-02T20:00:12.719+0000] {era5_functions.py:131} WARNING - get_cds_count failed: 400 Client Error: Bad Request for url: https://cds.climate.copernicus.eu/api/retrieve/v1/processes/reanalysis-era5-single-levels/execution
invalid request
None of the data you have requested is available yet, please revise the period requested. The latest date available for this dataset is: 2026-05-28 20:00
[2026-06-02T20:00:12.726+0000] {logging_mixin.py:188} WARNING - 2026-06-02 20:00:12 [WARNING] CDS ยังไม่มีข้อมูล job=instant date=20260529, skip
[2026-06-02T20:00:12.725+0000] {era5_functions.py:335} WARNING - CDS ยังไม่มีข้อมูล job=instant date=20260529, skip
[2026-06-02T20:00:12.729+0000] {logging_mixin.py:188} WARNING - 2026-06-02 20:00:12 [INFO] --- job=instant date=20260528 ---
[2026-06-02T20:00:12.729+0000] {era5_functions.py:330} INFO - --- job=instant date=20260528 ---
[2026-06-02T20:00:13.463+0000] {logging_mixin.py:188} WARNING - 2026-06-02 20:00:13,463 INFO [2025-12-11T00:00:00] Please note that a dedicated catalogue entry for this dataset, post-processed and stored in Analysis Ready Cloud Optimized (ARCO) format (Zarr), is available for optimised time-series retrievals (i.e. for retrieving data from selected variables for a single point over an extended period of time in an efficient way). You can discover it [here](https://cds.climate.copernicus.eu/datasets/reanalysis-era5-single-levels-timeseries?tab=overview)
[2026-06-02T20:00:13.463+0000] {legacy_client.py:192} INFO - [2025-12-11T00:00:00] Please note that a dedicated catalogue entry for this dataset, post-processed and stored in Analysis Ready Cloud Optimized (ARCO) format (Zarr), is available for optimised time-series retrievals (i.e. for retrieving data from selected variables for a single point over an extended period of time in an efficient way). You can discover it [here](https://cds.climate.copernicus.eu/datasets/reanalysis-era5-single-levels-timeseries?tab=overview)
[2026-06-02T20:00:13.466+0000] {logging_mixin.py:188} WARNING - 2026-06-02 20:00:13,466 INFO Request ID is 2e223518-e804-4ec8-87b3-cd429e05b25a
[2026-06-02T20:00:13.466+0000] {legacy_client.py:192} INFO - Request ID is 2e223518-e804-4ec8-87b3-cd429e05b25a
[2026-06-02T20:00:15.530+0000] {logging_mixin.py:188} WARNING - 2026-06-02 20:00:15,530 INFO status has been updated to accepted
[2026-06-02T20:00:15.530+0000] {legacy_client.py:192} INFO - status has been updated to accepted
[2026-06-02T20:00:29.848+0000] {logging_mixin.py:188} WARNING - 2026-06-02 20:00:29,848 INFO status has been updated to running
[2026-06-02T20:00:29.848+0000] {legacy_client.py:192} INFO - status has been updated to running
[2026-06-02T20:00:52.749+0000] {logging_mixin.py:188} WARNING - 2026-06-02 20:00:52,748 INFO status has been updated to successful
[2026-06-02T20:00:52.748+0000] {legacy_client.py:192} INFO - status has been updated to successful
[2026-06-02T20:00:53.158+0000] {base.py:119} INFO - Downloading https://object-store.os-api.cci2.ecmwf.int:443/cci2-prod-cache-1/2026-06-02/e5b01488e432bb2107dc75a54652124f.nc
[2026-06-02T20:00:54.204+0000] {logging_mixin.py:188} WARNING - e5b01488e432bb2107dc75a54652124f.nc:   0%|          | 0.00/2.28M [00:00<?, ?B/s]
[2026-06-02T20:00:56.321+0000] {logging_mixin.py:188} WARNING - e5b01488e432bb2107dc75a54652124f.nc:  44%|####3     | 1.00M/2.28M [00:02<00:02, 496kB/s]
[2026-06-02T20:00:58.737+0000] {logging_mixin.py:188} WARNING - e5b01488e432bb2107dc75a54652124f.nc:  88%|########7 | 2.00M/2.28M [00:04<00:00, 458kB/s]
[2026-06-02T20:00:59.093+0000] {logging_mixin.py:188} WARNING - e5b01488e432bb2107dc75a54652124f.nc: 100%|##########| 2.28M/2.28M [00:04<00:00, 498kB/s]
[2026-06-02T20:00:59.097+0000] {logging_mixin.py:188} WARNING -                                                                                         
[2026-06-02T20:00:59.384+0000] {logging_mixin.py:188} WARNING - 2026-06-02 20:00:59 [INFO] CDS timestep available: 21
[2026-06-02T20:00:59.384+0000] {era5_functions.py:128} INFO - CDS timestep available: 21
[2026-06-02T20:00:59.475+0000] {logging_mixin.py:188} WARNING - 2026-06-02 20:00:59 [INFO] local timestep: 20 — /opt/***/era5/ecmwf/data/nc/_raw/2026/05/28/instant_20260528.nc
[2026-06-02T20:00:59.475+0000] {era5_functions.py:152} INFO - local timestep: 20 — /opt/***/era5/ecmwf/data/nc/_raw/2026/05/28/instant_20260528.nc
[2026-06-02T20:00:59.484+0000] {logging_mixin.py:188} WARNING - 2026-06-02 20:00:59 [INFO] nc outdated (local=20 < cds=21), removing: /opt/***/era5/ecmwf/data/nc/_raw/2026/05/28/instant_20260528.nc
[2026-06-02T20:00:59.483+0000] {era5_functions.py:193} INFO - nc outdated (local=20 < cds=21), removing: /opt/***/era5/ecmwf/data/nc/_raw/2026/05/28/instant_20260528.nc
[2026-06-02T20:00:59.500+0000] {logging_mixin.py:188} WARNING - 2026-06-02 20:00:59 [INFO] download attempt 1/3: /opt/***/era5/ecmwf/data/nc/_raw/2026/05/28/instant_20260528.nc
[2026-06-02T20:00:59.500+0000] {era5_functions.py:200} INFO - download attempt 1/3: /opt/***/era5/ecmwf/data/nc/_raw/2026/05/28/instant_20260528.nc
[2026-06-02T20:01:00.254+0000] {logging_mixin.py:188} WARNING - 2026-06-02 20:01:00,254 INFO [2025-12-11T00:00:00] Please note that a dedicated catalogue entry for this dataset, post-processed and stored in Analysis Ready Cloud Optimized (ARCO) format (Zarr), is available for optimised time-series retrievals (i.e. for retrieving data from selected variables for a single point over an extended period of time in an efficient way). You can discover it [here](https://cds.climate.copernicus.eu/datasets/reanalysis-era5-single-levels-timeseries?tab=overview)
[2026-06-02T20:01:00.254+0000] {legacy_client.py:192} INFO - [2025-12-11T00:00:00] Please note that a dedicated catalogue entry for this dataset, post-processed and stored in Analysis Ready Cloud Optimized (ARCO) format (Zarr), is available for optimised time-series retrievals (i.e. for retrieving data from selected variables for a single point over an extended period of time in an efficient way). You can discover it [here](https://cds.climate.copernicus.eu/datasets/reanalysis-era5-single-levels-timeseries?tab=overview)
[2026-06-02T20:01:00.258+0000] {logging_mixin.py:188} WARNING - 2026-06-02 20:01:00,258 INFO Request ID is 596b701e-dc92-4dd3-a1e2-e44cedd06b7c
[2026-06-02T20:01:00.258+0000] {legacy_client.py:192} INFO - Request ID is 596b701e-dc92-4dd3-a1e2-e44cedd06b7c
[2026-06-02T20:01:01.874+0000] {logging_mixin.py:188} WARNING - 2026-06-02 20:01:01,874 INFO status has been updated to accepted
[2026-06-02T20:01:01.874+0000] {legacy_client.py:192} INFO - status has been updated to accepted
[2026-06-02T20:01:25.570+0000] {logging_mixin.py:188} WARNING - 2026-06-02 20:01:25,570 INFO status has been updated to successful
[2026-06-02T20:01:25.570+0000] {legacy_client.py:192} INFO - status has been updated to successful
[2026-06-02T20:01:25.993+0000] {base.py:119} INFO - Downloading https://object-store.os-api.cci2.ecmwf.int:443/cci2-prod-cache-3/2026-06-02/b5c1c7b58cdec42eca39eeb17d29f275.nc
[2026-06-02T20:01:27.009+0000] {logging_mixin.py:188} WARNING - b5c1c7b58cdec42eca39eeb17d29f275.nc:   0%|          | 0.00/2.28M [00:00<?, ?B/s]
[2026-06-02T20:01:29.142+0000] {logging_mixin.py:188} WARNING - b5c1c7b58cdec42eca39eeb17d29f275.nc:  44%|####3     | 1.00M/2.28M [00:02<00:02, 492kB/s]
[2026-06-02T20:01:29.540+0000] {logging_mixin.py:188} WARNING - b5c1c7b58cdec42eca39eeb17d29f275.nc:  88%|########7 | 2.00M/2.28M [00:02<00:00, 943kB/s]
[2026-06-02T20:01:29.561+0000] {logging_mixin.py:188} WARNING -                                                                                         
[2026-06-02T20:01:29.732+0000] {logging_mixin.py:188} WARNING - 2026-06-02 20:01:29 [INFO] nc downloaded ok: /opt/***/era5/ecmwf/data/nc/_raw/2026/05/28/instant_20260528.nc
[2026-06-02T20:01:29.731+0000] {era5_functions.py:204} INFO - nc downloaded ok: /opt/***/era5/ecmwf/data/nc/_raw/2026/05/28/instant_20260528.nc
[2026-06-02T20:01:29.822+0000] {logging_mixin.py:188} WARNING - 2026-06-02 20:01:29 [INFO] local timestep: 21 — /opt/***/era5/ecmwf/data/nc/_raw/2026/05/28/instant_20260528.nc
[2026-06-02T20:01:29.821+0000] {era5_functions.py:152} INFO - local timestep: 21 — /opt/***/era5/ecmwf/data/nc/_raw/2026/05/28/instant_20260528.nc
[2026-06-02T20:01:29.925+0000] {logging_mixin.py:188} WARNING - 2026-06-02 20:01:29 [INFO] tif outdated (tif=20 < nc=21), removing: /opt/***/era5/ecmwf/data/tif/2026/05/28/t2m_20260528.tif
[2026-06-02T20:01:29.924+0000] {era5_functions.py:261} INFO - tif outdated (tif=20 < nc=21), removing: /opt/***/era5/ecmwf/data/tif/2026/05/28/t2m_20260528.tif
[2026-06-02T20:01:30.023+0000] {logging_mixin.py:188} WARNING - 2026-06-02 20:01:30 [INFO] tif ok (bands=21): /opt/***/era5/ecmwf/data/tif/2026/05/28/t2m_20260528.tif
[2026-06-02T20:01:30.023+0000] {era5_functions.py:304} INFO - tif ok (bands=21): /opt/***/era5/ecmwf/data/tif/2026/05/28/t2m_20260528.tif
[2026-06-02T20:01:30.041+0000] {logging_mixin.py:188} WARNING - 2026-06-02 20:01:30 [INFO] tif outdated (tif=20 < nc=21), removing: /opt/***/era5/ecmwf/data/tif/2026/05/28/d2m_20260528.tif
[2026-06-02T20:01:30.041+0000] {era5_functions.py:261} INFO - tif outdated (tif=20 < nc=21), removing: /opt/***/era5/ecmwf/data/tif/2026/05/28/d2m_20260528.tif
[2026-06-02T20:01:30.136+0000] {logging_mixin.py:188} WARNING - 2026-06-02 20:01:30 [INFO] tif ok (bands=21): /opt/***/era5/ecmwf/data/tif/2026/05/28/d2m_20260528.tif
[2026-06-02T20:01:30.136+0000] {era5_functions.py:304} INFO - tif ok (bands=21): /opt/***/era5/ecmwf/data/tif/2026/05/28/d2m_20260528.tif
[2026-06-02T20:01:30.155+0000] {logging_mixin.py:188} WARNING - 2026-06-02 20:01:30 [INFO] tif outdated (tif=20 < nc=21), removing: /opt/***/era5/ecmwf/data/tif/2026/05/28/sp_20260528.tif
[2026-06-02T20:01:30.155+0000] {era5_functions.py:261} INFO - tif outdated (tif=20 < nc=21), removing: /opt/***/era5/ecmwf/data/tif/2026/05/28/sp_20260528.tif
[2026-06-02T20:01:30.273+0000] {logging_mixin.py:188} WARNING - 2026-06-02 20:01:30 [INFO] tif ok (bands=21): /opt/***/era5/ecmwf/data/tif/2026/05/28/sp_20260528.tif
[2026-06-02T20:01:30.272+0000] {era5_functions.py:304} INFO - tif ok (bands=21): /opt/***/era5/ecmwf/data/tif/2026/05/28/sp_20260528.tif
[2026-06-02T20:01:30.289+0000] {logging_mixin.py:188} WARNING - 2026-06-02 20:01:30 [INFO] tif outdated (tif=20 < nc=21), removing: /opt/***/era5/ecmwf/data/tif/2026/05/28/blh_20260528.tif
[2026-06-02T20:01:30.289+0000] {era5_functions.py:261} INFO - tif outdated (tif=20 < nc=21), removing: /opt/***/era5/ecmwf/data/tif/2026/05/28/blh_20260528.tif
[2026-06-02T20:01:30.386+0000] {logging_mixin.py:188} WARNING - 2026-06-02 20:01:30 [INFO] tif ok (bands=21): /opt/***/era5/ecmwf/data/tif/2026/05/28/blh_20260528.tif
[2026-06-02T20:01:30.386+0000] {era5_functions.py:304} INFO - tif ok (bands=21): /opt/***/era5/ecmwf/data/tif/2026/05/28/blh_20260528.tif
[2026-06-02T20:01:30.402+0000] {logging_mixin.py:188} WARNING - 2026-06-02 20:01:30 [INFO] tif outdated (tif=20 < nc=21), removing: /opt/***/era5/ecmwf/data/tif/2026/05/28/u10_20260528.tif
[2026-06-02T20:01:30.401+0000] {era5_functions.py:261} INFO - tif outdated (tif=20 < nc=21), removing: /opt/***/era5/ecmwf/data/tif/2026/05/28/u10_20260528.tif
[2026-06-02T20:01:30.497+0000] {logging_mixin.py:188} WARNING - 2026-06-02 20:01:30 [INFO] tif ok (bands=21): /opt/***/era5/ecmwf/data/tif/2026/05/28/u10_20260528.tif
[2026-06-02T20:01:30.497+0000] {era5_functions.py:304} INFO - tif ok (bands=21): /opt/***/era5/ecmwf/data/tif/2026/05/28/u10_20260528.tif
[2026-06-02T20:01:30.513+0000] {logging_mixin.py:188} WARNING - 2026-06-02 20:01:30 [INFO] tif outdated (tif=20 < nc=21), removing: /opt/***/era5/ecmwf/data/tif/2026/05/28/v10_20260528.tif
[2026-06-02T20:01:30.512+0000] {era5_functions.py:261} INFO - tif outdated (tif=20 < nc=21), removing: /opt/***/era5/ecmwf/data/tif/2026/05/28/v10_20260528.tif
[2026-06-02T20:01:30.611+0000] {logging_mixin.py:188} WARNING - 2026-06-02 20:01:30 [INFO] tif ok (bands=21): /opt/***/era5/ecmwf/data/tif/2026/05/28/v10_20260528.tif
[2026-06-02T20:01:30.611+0000] {era5_functions.py:304} INFO - tif ok (bands=21): /opt/***/era5/ecmwf/data/tif/2026/05/28/v10_20260528.tif
[2026-06-02T20:01:30.617+0000] {logging_mixin.py:188} WARNING - 2026-06-02 20:01:30 [INFO] === END job=instant date=2026-06-02 ===
[2026-06-02T20:01:30.617+0000] {era5_functions.py:379} INFO - === END job=instant date=2026-06-02 ===
[2026-06-02T20:01:30.619+0000] {python.py:237} INFO - Done. Returned value was: None
[2026-06-02T20:01:30.619+0000] {taskinstance.py:441} INFO - ::group::Post task execution logs
[2026-06-02T20:01:30.637+0000] {taskinstance.py:1206} INFO - Marking task as SUCCESS. dag_id=era5_download_pipeline, task_id=era5_instant, run_id=scheduled__2026-06-02T19:00:00+00:00, execution_date=20260602T190000, start_date=20260602T200001, end_date=20260602T200130
[2026-06-02T20:01:30.696+0000] {local_task_job_runner.py:240} INFO - Task exited with return code 0
[2026-06-02T20:01:30.726+0000] {taskinstance.py:3498} INFO - 1 downstream tasks scheduled from follow-on schedule check
[2026-06-02T20:01:30.729+0000] {local_task_job_runner.py:222} INFO - ::endgroup::
