[2026-06-12T12:02:54.053+0000] {local_task_job_runner.py:120} INFO - ::group::Pre task execution logs
[2026-06-12T12:02:54.088+0000] {taskinstance.py:2076} INFO - Dependencies all met for dep_context=non-requeueable deps ti=<TaskInstance: era5_download_pipeline.era5_accum scheduled__2026-06-12T11:00:00+00:00 [queued]>
[2026-06-12T12:02:54.102+0000] {taskinstance.py:2076} INFO - Dependencies all met for dep_context=requeueable deps ti=<TaskInstance: era5_download_pipeline.era5_accum scheduled__2026-06-12T11:00:00+00:00 [queued]>
[2026-06-12T12:02:54.104+0000] {taskinstance.py:2306} INFO - Starting attempt 1 of 1
[2026-06-12T12:02:54.123+0000] {taskinstance.py:2330} INFO - Executing <Task(PythonOperator): era5_accum> on 2026-06-12 11:00:00+00:00
[2026-06-12T12:02:54.137+0000] {warnings.py:110} WARNING - /home/***/.local/lib/python3.12/site-packages/***/task/task_runner/standard_task_runner.py:61: DeprecationWarning: This process (pid=22092) is multi-threaded, use of fork() may lead to deadlocks in the child.
  pid = os.fork()

[2026-06-12T12:02:54.140+0000] {standard_task_runner.py:63} INFO - Started process 22094 to run task
[2026-06-12T12:02:54.139+0000] {standard_task_runner.py:90} INFO - Running: ['***', 'tasks', 'run', 'era5_download_pipeline', 'era5_accum', 'scheduled__2026-06-12T11:00:00+00:00', '--job-id', '1409', '--raw', '--subdir', 'DAGS_FOLDER/era5_dag.py', '--cfg-path', '/tmp/tmpknus9mtg']
[2026-06-12T12:02:54.143+0000] {standard_task_runner.py:91} INFO - Job 1409: Subtask era5_accum
[2026-06-12T12:02:54.225+0000] {task_command.py:426} INFO - Running <TaskInstance: era5_download_pipeline.era5_accum scheduled__2026-06-12T11:00:00+00:00 [running]> on host 01cd476fb21a
[2026-06-12T12:02:54.359+0000] {taskinstance.py:2648} INFO - Exporting env vars: AIRFLOW_CTX_DAG_OWNER='era5' AIRFLOW_CTX_DAG_ID='era5_download_pipeline' AIRFLOW_CTX_TASK_ID='era5_accum' AIRFLOW_CTX_EXECUTION_DATE='2026-06-12T11:00:00+00:00' AIRFLOW_CTX_TRY_NUMBER='1' AIRFLOW_CTX_DAG_RUN_ID='scheduled__2026-06-12T11:00:00+00:00'
[2026-06-12T12:02:54.362+0000] {taskinstance.py:430} INFO - ::endgroup::
[2026-06-12T12:02:55.435+0000] {logging_mixin.py:188} WARNING - 2026-06-12 12:02:55,434 INFO [2026-06-11T00:00:00Z] Upcoming essential maintenance sessions on Data Stores underlying infrastructure on 15 June. Service disruption expected. For further details, please [visit our forum announcement](https://forum.ecmwf.int/t/upcoming-essential-maintenance-sessions-on-data-stores-underlying-infrastructure-part-2/150414).
[2026-06-12T12:02:55.434+0000] {legacy_client.py:192} INFO - [2026-06-11T00:00:00Z] Upcoming essential maintenance sessions on Data Stores underlying infrastructure on 15 June. Service disruption expected. For further details, please [visit our forum announcement](https://forum.ecmwf.int/t/upcoming-essential-maintenance-sessions-on-data-stores-underlying-infrastructure-part-2/150414).
[2026-06-12T12:02:55.446+0000] {logging_mixin.py:188} WARNING - 2026-06-12 12:02:55 [INFO] === START job=accum date=2026-06-12 ===
[2026-06-12T12:02:55.445+0000] {era5_functions.py:368} INFO - === START job=accum date=2026-06-12 ===
[2026-06-12T12:02:55.448+0000] {logging_mixin.py:188} WARNING - 2026-06-12 12:02:55 [INFO] --- job=accum date=20260612 ---
[2026-06-12T12:02:55.448+0000] {era5_functions.py:330} INFO - --- job=accum date=20260612 ---
[2026-06-12T12:02:56.060+0000] {logging_mixin.py:188} WARNING - 2026-06-12 12:02:56 [WARNING] get_cds_count failed: 400 Client Error: Bad Request for url: https://cds.climate.copernicus.eu/api/retrieve/v1/processes/reanalysis-era5-single-levels/execution
invalid request
None of the data you have requested is available yet, please revise the period requested. The latest date available for this dataset is: 2026-06-07 12:00
[2026-06-12T12:02:56.059+0000] {era5_functions.py:131} WARNING - get_cds_count failed: 400 Client Error: Bad Request for url: https://cds.climate.copernicus.eu/api/retrieve/v1/processes/reanalysis-era5-single-levels/execution
invalid request
None of the data you have requested is available yet, please revise the period requested. The latest date available for this dataset is: 2026-06-07 12:00
[2026-06-12T12:02:56.065+0000] {logging_mixin.py:188} WARNING - 2026-06-12 12:02:56 [WARNING] CDS ยังไม่มีข้อมูล job=accum date=20260612, skip
[2026-06-12T12:02:56.064+0000] {era5_functions.py:335} WARNING - CDS ยังไม่มีข้อมูล job=accum date=20260612, skip
[2026-06-12T12:02:56.069+0000] {logging_mixin.py:188} WARNING - 2026-06-12 12:02:56 [INFO] --- job=accum date=20260611 ---
[2026-06-12T12:02:56.069+0000] {era5_functions.py:330} INFO - --- job=accum date=20260611 ---
[2026-06-12T12:02:56.489+0000] {logging_mixin.py:188} WARNING - 2026-06-12 12:02:56 [WARNING] get_cds_count failed: 400 Client Error: Bad Request for url: https://cds.climate.copernicus.eu/api/retrieve/v1/processes/reanalysis-era5-single-levels/execution
invalid request
None of the data you have requested is available yet, please revise the period requested. The latest date available for this dataset is: 2026-06-07 12:00
[2026-06-12T12:02:56.489+0000] {era5_functions.py:131} WARNING - get_cds_count failed: 400 Client Error: Bad Request for url: https://cds.climate.copernicus.eu/api/retrieve/v1/processes/reanalysis-era5-single-levels/execution
invalid request
None of the data you have requested is available yet, please revise the period requested. The latest date available for this dataset is: 2026-06-07 12:00
[2026-06-12T12:02:56.493+0000] {logging_mixin.py:188} WARNING - 2026-06-12 12:02:56 [WARNING] CDS ยังไม่มีข้อมูล job=accum date=20260611, skip
[2026-06-12T12:02:56.493+0000] {era5_functions.py:335} WARNING - CDS ยังไม่มีข้อมูล job=accum date=20260611, skip
[2026-06-12T12:02:56.496+0000] {logging_mixin.py:188} WARNING - 2026-06-12 12:02:56 [INFO] --- job=accum date=20260610 ---
[2026-06-12T12:02:56.496+0000] {era5_functions.py:330} INFO - --- job=accum date=20260610 ---
[2026-06-12T12:02:56.950+0000] {logging_mixin.py:188} WARNING - 2026-06-12 12:02:56 [WARNING] get_cds_count failed: 400 Client Error: Bad Request for url: https://cds.climate.copernicus.eu/api/retrieve/v1/processes/reanalysis-era5-single-levels/execution
invalid request
None of the data you have requested is available yet, please revise the period requested. The latest date available for this dataset is: 2026-06-07 12:00
[2026-06-12T12:02:56.950+0000] {era5_functions.py:131} WARNING - get_cds_count failed: 400 Client Error: Bad Request for url: https://cds.climate.copernicus.eu/api/retrieve/v1/processes/reanalysis-era5-single-levels/execution
invalid request
None of the data you have requested is available yet, please revise the period requested. The latest date available for this dataset is: 2026-06-07 12:00
[2026-06-12T12:02:56.955+0000] {logging_mixin.py:188} WARNING - 2026-06-12 12:02:56 [WARNING] CDS ยังไม่มีข้อมูล job=accum date=20260610, skip
[2026-06-12T12:02:56.955+0000] {era5_functions.py:335} WARNING - CDS ยังไม่มีข้อมูล job=accum date=20260610, skip
[2026-06-12T12:02:56.959+0000] {logging_mixin.py:188} WARNING - 2026-06-12 12:02:56 [INFO] --- job=accum date=20260609 ---
[2026-06-12T12:02:56.959+0000] {era5_functions.py:330} INFO - --- job=accum date=20260609 ---
[2026-06-12T12:02:57.377+0000] {logging_mixin.py:188} WARNING - 2026-06-12 12:02:57 [WARNING] get_cds_count failed: 400 Client Error: Bad Request for url: https://cds.climate.copernicus.eu/api/retrieve/v1/processes/reanalysis-era5-single-levels/execution
invalid request
None of the data you have requested is available yet, please revise the period requested. The latest date available for this dataset is: 2026-06-07 12:00
[2026-06-12T12:02:57.377+0000] {era5_functions.py:131} WARNING - get_cds_count failed: 400 Client Error: Bad Request for url: https://cds.climate.copernicus.eu/api/retrieve/v1/processes/reanalysis-era5-single-levels/execution
invalid request
None of the data you have requested is available yet, please revise the period requested. The latest date available for this dataset is: 2026-06-07 12:00
[2026-06-12T12:02:57.383+0000] {logging_mixin.py:188} WARNING - 2026-06-12 12:02:57 [WARNING] CDS ยังไม่มีข้อมูล job=accum date=20260609, skip
[2026-06-12T12:02:57.383+0000] {era5_functions.py:335} WARNING - CDS ยังไม่มีข้อมูล job=accum date=20260609, skip
[2026-06-12T12:02:57.388+0000] {logging_mixin.py:188} WARNING - 2026-06-12 12:02:57 [INFO] --- job=accum date=20260608 ---
[2026-06-12T12:02:57.387+0000] {era5_functions.py:330} INFO - --- job=accum date=20260608 ---
[2026-06-12T12:02:58.596+0000] {logging_mixin.py:188} WARNING - 2026-06-12 12:02:58 [WARNING] get_cds_count failed: 400 Client Error: Bad Request for url: https://cds.climate.copernicus.eu/api/retrieve/v1/processes/reanalysis-era5-single-levels/execution
invalid request
None of the data you have requested is available yet, please revise the period requested. The latest date available for this dataset is: 2026-06-07 12:00
[2026-06-12T12:02:58.595+0000] {era5_functions.py:131} WARNING - get_cds_count failed: 400 Client Error: Bad Request for url: https://cds.climate.copernicus.eu/api/retrieve/v1/processes/reanalysis-era5-single-levels/execution
invalid request
None of the data you have requested is available yet, please revise the period requested. The latest date available for this dataset is: 2026-06-07 12:00
[2026-06-12T12:02:58.601+0000] {logging_mixin.py:188} WARNING - 2026-06-12 12:02:58 [WARNING] CDS ยังไม่มีข้อมูล job=accum date=20260608, skip
[2026-06-12T12:02:58.601+0000] {era5_functions.py:335} WARNING - CDS ยังไม่มีข้อมูล job=accum date=20260608, skip
[2026-06-12T12:02:58.604+0000] {logging_mixin.py:188} WARNING - 2026-06-12 12:02:58 [INFO] --- job=accum date=20260607 ---
[2026-06-12T12:02:58.604+0000] {era5_functions.py:330} INFO - --- job=accum date=20260607 ---
[2026-06-12T12:02:59.746+0000] {logging_mixin.py:188} WARNING - 2026-06-12 12:02:59,746 INFO [2025-12-11T00:00:00] Please note that a dedicated catalogue entry for this dataset, post-processed and stored in Analysis Ready Cloud Optimized (ARCO) format (Zarr), is available for optimised time-series retrievals (i.e. for retrieving data from selected variables for a single point over an extended period of time in an efficient way). You can discover it [here](https://cds.climate.copernicus.eu/datasets/reanalysis-era5-single-levels-timeseries?tab=overview)
[2026-06-12T12:02:59.746+0000] {legacy_client.py:192} INFO - [2025-12-11T00:00:00] Please note that a dedicated catalogue entry for this dataset, post-processed and stored in Analysis Ready Cloud Optimized (ARCO) format (Zarr), is available for optimised time-series retrievals (i.e. for retrieving data from selected variables for a single point over an extended period of time in an efficient way). You can discover it [here](https://cds.climate.copernicus.eu/datasets/reanalysis-era5-single-levels-timeseries?tab=overview)
[2026-06-12T12:02:59.749+0000] {logging_mixin.py:188} WARNING - 2026-06-12 12:02:59,749 INFO Request ID is 3e04fd19-db9f-4694-b55a-167a67e42d83
[2026-06-12T12:02:59.749+0000] {legacy_client.py:192} INFO - Request ID is 3e04fd19-db9f-4694-b55a-167a67e42d83
[2026-06-12T12:02:59.989+0000] {logging_mixin.py:188} WARNING - 2026-06-12 12:02:59,988 INFO status has been updated to accepted
[2026-06-12T12:02:59.988+0000] {legacy_client.py:192} INFO - status has been updated to accepted
[2026-06-12T12:03:22.358+0000] {logging_mixin.py:188} WARNING - 2026-06-12 12:03:22,358 INFO status has been updated to running
[2026-06-12T12:03:22.358+0000] {legacy_client.py:192} INFO - status has been updated to running
[2026-06-12T12:04:17.128+0000] {logging_mixin.py:188} WARNING - 2026-06-12 12:04:17,128 INFO status has been updated to successful
[2026-06-12T12:04:17.128+0000] {legacy_client.py:192} INFO - status has been updated to successful
[2026-06-12T12:04:17.984+0000] {base.py:119} INFO - Downloading https://object-store.os-api.cci2.ecmwf.int:443/cci2-prod-cache-2/2026-06-12/77aa932cca7af3d33c7fe25b535a4e98.nc
[2026-06-12T12:04:19.057+0000] {logging_mixin.py:188} WARNING - 77aa932cca7af3d33c7fe25b535a4e98.nc:   0%|          | 0.00/204k [00:00<?, ?B/s]
[2026-06-12T12:04:20.661+0000] {logging_mixin.py:188} WARNING - 77aa932cca7af3d33c7fe25b535a4e98.nc: 100%|##########| 204k/204k [00:01<00:00, 131kB/s]
[2026-06-12T12:04:20.664+0000] {logging_mixin.py:188} WARNING -                                                                                       
[2026-06-12T12:04:20.952+0000] {logging_mixin.py:188} WARNING - 2026-06-12 12:04:20 [INFO] CDS timestep available: 13
[2026-06-12T12:04:20.952+0000] {era5_functions.py:128} INFO - CDS timestep available: 13
[2026-06-12T12:04:21.013+0000] {logging_mixin.py:188} WARNING - 2026-06-12 12:04:21 [INFO] local timestep: 12 — /opt/***/era5/ecmwf/data/nc/_raw/2026/06/07/accum_20260607.nc
[2026-06-12T12:04:21.013+0000] {era5_functions.py:152} INFO - local timestep: 12 — /opt/***/era5/ecmwf/data/nc/_raw/2026/06/07/accum_20260607.nc
[2026-06-12T12:04:21.021+0000] {logging_mixin.py:188} WARNING - 2026-06-12 12:04:21 [INFO] nc outdated (local=12 < cds=13), removing: /opt/***/era5/ecmwf/data/nc/_raw/2026/06/07/accum_20260607.nc
[2026-06-12T12:04:21.021+0000] {era5_functions.py:193} INFO - nc outdated (local=12 < cds=13), removing: /opt/***/era5/ecmwf/data/nc/_raw/2026/06/07/accum_20260607.nc
[2026-06-12T12:04:21.042+0000] {logging_mixin.py:188} WARNING - 2026-06-12 12:04:21 [INFO] download attempt 1/3: /opt/***/era5/ecmwf/data/nc/_raw/2026/06/07/accum_20260607.nc
[2026-06-12T12:04:21.041+0000] {era5_functions.py:200} INFO - download attempt 1/3: /opt/***/era5/ecmwf/data/nc/_raw/2026/06/07/accum_20260607.nc
[2026-06-12T12:04:21.769+0000] {logging_mixin.py:188} WARNING - 2026-06-12 12:04:21,769 INFO [2025-12-11T00:00:00] Please note that a dedicated catalogue entry for this dataset, post-processed and stored in Analysis Ready Cloud Optimized (ARCO) format (Zarr), is available for optimised time-series retrievals (i.e. for retrieving data from selected variables for a single point over an extended period of time in an efficient way). You can discover it [here](https://cds.climate.copernicus.eu/datasets/reanalysis-era5-single-levels-timeseries?tab=overview)
[2026-06-12T12:04:21.769+0000] {legacy_client.py:192} INFO - [2025-12-11T00:00:00] Please note that a dedicated catalogue entry for this dataset, post-processed and stored in Analysis Ready Cloud Optimized (ARCO) format (Zarr), is available for optimised time-series retrievals (i.e. for retrieving data from selected variables for a single point over an extended period of time in an efficient way). You can discover it [here](https://cds.climate.copernicus.eu/datasets/reanalysis-era5-single-levels-timeseries?tab=overview)
[2026-06-12T12:04:21.773+0000] {logging_mixin.py:188} WARNING - 2026-06-12 12:04:21,773 INFO Request ID is 64effc70-70d4-46ca-aacb-54089beb786f
[2026-06-12T12:04:21.773+0000] {legacy_client.py:192} INFO - Request ID is 64effc70-70d4-46ca-aacb-54089beb786f
[2026-06-12T12:04:22.000+0000] {logging_mixin.py:188} WARNING - 2026-06-12 12:04:22,000 INFO status has been updated to accepted
[2026-06-12T12:04:22.000+0000] {legacy_client.py:192} INFO - status has been updated to accepted
[2026-06-12T12:04:44.248+0000] {logging_mixin.py:188} WARNING - 2026-06-12 12:04:44,248 INFO status has been updated to running
[2026-06-12T12:04:44.248+0000] {legacy_client.py:192} INFO - status has been updated to running
[2026-06-12T12:04:55.854+0000] {logging_mixin.py:188} WARNING - 2026-06-12 12:04:55,853 INFO status has been updated to successful
[2026-06-12T12:04:55.853+0000] {legacy_client.py:192} INFO - status has been updated to successful
[2026-06-12T12:04:56.283+0000] {base.py:119} INFO - Downloading https://object-store.os-api.cci2.ecmwf.int:443/cci2-prod-cache-2/2026-06-12/aa35c7af087617f8b46ea063d410f7f4.nc
[2026-06-12T12:04:57.266+0000] {logging_mixin.py:188} WARNING - aa35c7af087617f8b46ea063d410f7f4.nc:   0%|          | 0.00/204k [00:00<?, ?B/s]
[2026-06-12T12:04:58.544+0000] {logging_mixin.py:188} WARNING - aa35c7af087617f8b46ea063d410f7f4.nc: 100%|##########| 204k/204k [00:01<00:00, 164kB/s]
[2026-06-12T12:04:58.564+0000] {logging_mixin.py:188} WARNING -                                                                                       
[2026-06-12T12:04:58.675+0000] {logging_mixin.py:188} WARNING - 2026-06-12 12:04:58 [INFO] nc downloaded ok: /opt/***/era5/ecmwf/data/nc/_raw/2026/06/07/accum_20260607.nc
[2026-06-12T12:04:58.675+0000] {era5_functions.py:204} INFO - nc downloaded ok: /opt/***/era5/ecmwf/data/nc/_raw/2026/06/07/accum_20260607.nc
[2026-06-12T12:04:58.747+0000] {logging_mixin.py:188} WARNING - 2026-06-12 12:04:58 [INFO] local timestep: 13 — /opt/***/era5/ecmwf/data/nc/_raw/2026/06/07/accum_20260607.nc
[2026-06-12T12:04:58.746+0000] {era5_functions.py:152} INFO - local timestep: 13 — /opt/***/era5/ecmwf/data/nc/_raw/2026/06/07/accum_20260607.nc
[2026-06-12T12:04:58.820+0000] {logging_mixin.py:188} WARNING - 2026-06-12 12:04:58 [INFO] tif outdated (tif=12 < nc=13), removing: /opt/***/era5/ecmwf/data/tif/2026/06/07/tp_20260607.tif
[2026-06-12T12:04:58.820+0000] {era5_functions.py:261} INFO - tif outdated (tif=12 < nc=13), removing: /opt/***/era5/ecmwf/data/tif/2026/06/07/tp_20260607.tif
[2026-06-12T12:04:58.920+0000] {logging_mixin.py:188} WARNING - 2026-06-12 12:04:58 [INFO] tif ok (bands=13): /opt/***/era5/ecmwf/data/tif/2026/06/07/tp_20260607.tif
[2026-06-12T12:04:58.920+0000] {era5_functions.py:304} INFO - tif ok (bands=13): /opt/***/era5/ecmwf/data/tif/2026/06/07/tp_20260607.tif
[2026-06-12T12:04:58.925+0000] {logging_mixin.py:188} WARNING - 2026-06-12 12:04:58 [INFO] === END job=accum date=2026-06-12 ===
[2026-06-12T12:04:58.925+0000] {era5_functions.py:379} INFO - === END job=accum date=2026-06-12 ===
[2026-06-12T12:04:58.927+0000] {python.py:237} INFO - Done. Returned value was: None
[2026-06-12T12:04:58.928+0000] {taskinstance.py:441} INFO - ::group::Post task execution logs
[2026-06-12T12:04:58.941+0000] {taskinstance.py:1206} INFO - Marking task as SUCCESS. dag_id=era5_download_pipeline, task_id=era5_accum, run_id=scheduled__2026-06-12T11:00:00+00:00, execution_date=20260612T110000, start_date=20260612T120254, end_date=20260612T120458
[2026-06-12T12:04:59.006+0000] {local_task_job_runner.py:240} INFO - Task exited with return code 0
[2026-06-12T12:04:59.039+0000] {taskinstance.py:3498} INFO - 0 downstream tasks scheduled from follow-on schedule check
[2026-06-12T12:04:59.042+0000] {local_task_job_runner.py:222} INFO - ::endgroup::
