[2026-05-22T05:00:01.972+0000] {local_task_job_runner.py:120} INFO - ::group::Pre task execution logs
[2026-05-22T05:00:01.991+0000] {taskinstance.py:2076} INFO - Dependencies all met for dep_context=non-requeueable deps ti=<TaskInstance: era5_ecmwf_pipeline.era5_accum scheduled__2026-05-22T04:00:00+00:00 [queued]>
[2026-05-22T05:00:01.999+0000] {taskinstance.py:2076} INFO - Dependencies all met for dep_context=requeueable deps ti=<TaskInstance: era5_ecmwf_pipeline.era5_accum scheduled__2026-05-22T04:00:00+00:00 [queued]>
[2026-05-22T05:00:02.000+0000] {taskinstance.py:2306} INFO - Starting attempt 1 of 1
[2026-05-22T05:00:02.015+0000] {taskinstance.py:2330} INFO - Executing <Task(PythonOperator): era5_accum> on 2026-05-22 04:00:00+00:00
[2026-05-22T05:00:02.024+0000] {warnings.py:110} WARNING - /home/***/.local/lib/python3.12/site-packages/***/task/task_runner/standard_task_runner.py:61: DeprecationWarning: This process (pid=1298) is multi-threaded, use of fork() may lead to deadlocks in the child.
  pid = os.fork()

[2026-05-22T05:00:02.026+0000] {standard_task_runner.py:63} INFO - Started process 1302 to run task
[2026-05-22T05:00:02.026+0000] {standard_task_runner.py:90} INFO - Running: ['***', 'tasks', 'run', 'era5_ecmwf_pipeline', 'era5_accum', 'scheduled__2026-05-22T04:00:00+00:00', '--job-id', '309', '--raw', '--subdir', 'DAGS_FOLDER/era5_dag.py', '--cfg-path', '/tmp/tmpajxzy3ov']
[2026-05-22T05:00:02.030+0000] {standard_task_runner.py:91} INFO - Job 309: Subtask era5_accum
[2026-05-22T05:00:02.088+0000] {task_command.py:426} INFO - Running <TaskInstance: era5_ecmwf_pipeline.era5_accum scheduled__2026-05-22T04:00:00+00:00 [running]> on host fc8478f399e7
[2026-05-22T05:00:02.202+0000] {taskinstance.py:2648} INFO - Exporting env vars: AIRFLOW_CTX_DAG_OWNER='***' AIRFLOW_CTX_DAG_ID='era5_ecmwf_pipeline' AIRFLOW_CTX_TASK_ID='era5_accum' AIRFLOW_CTX_EXECUTION_DATE='2026-05-22T04:00:00+00:00' AIRFLOW_CTX_TRY_NUMBER='1' AIRFLOW_CTX_DAG_RUN_ID='scheduled__2026-05-22T04:00:00+00:00'
[2026-05-22T05:00:02.204+0000] {taskinstance.py:430} INFO - ::endgroup::
[2026-05-22T05:00:02.222+0000] {logging_mixin.py:188} INFO - RUN → accum | 2026-05-17
[2026-05-22T05:00:02.230+0000] {era5_logger.py:51} INFO - Log file: logs/era5/2026/05/17/era5_20260517.log
[2026-05-22T05:00:02.231+0000] {era5_functions.py:329} INFO - ERA5 [ACCUM] START: 2026-05-17
[2026-05-22T05:00:03.273+0000] {era5_functions.py:285} INFO - ============================================================
[2026-05-22T05:00:03.274+0000] {era5_functions.py:286} INFO - JOB : ACCUM | 2026-05-17
[2026-05-22T05:00:03.275+0000] {era5_functions.py:287} INFO - VARS: ['tp']
[2026-05-22T05:00:03.275+0000] {era5_functions.py:288} INFO - ============================================================
[2026-05-22T05:00:03.631+0000] {era5_functions.py:63} WARNING - [VALIDATE NC] accum_20260517.nc → NOT READY (4/24)
[2026-05-22T05:00:03.634+0000] {era5_functions.py:123} WARNING - [NC] ERA5 not ready → accum_20260517.nc
[2026-05-22T05:00:03.634+0000] {era5_functions.py:295} WARNING - [PIPELINE] skip tif → nc not ready
[2026-05-22T05:00:03.635+0000] {era5_functions.py:341} INFO - ERA5 [ACCUM] COMPLETE ✓
[2026-05-22T05:00:03.636+0000] {logging_mixin.py:188} INFO - RUN → accum | 2026-05-16
[2026-05-22T05:00:03.639+0000] {era5_logger.py:51} INFO - Log file: logs/era5/2026/05/16/era5_20260516.log
[2026-05-22T05:00:03.640+0000] {era5_functions.py:329} INFO - ERA5 [ACCUM] START: 2026-05-16
[2026-05-22T05:00:05.124+0000] {era5_functions.py:285} INFO - ============================================================
[2026-05-22T05:00:05.126+0000] {era5_functions.py:286} INFO - JOB : ACCUM | 2026-05-16
[2026-05-22T05:00:05.128+0000] {era5_functions.py:287} INFO - VARS: ['tp']
[2026-05-22T05:00:05.129+0000] {era5_functions.py:288} INFO - ============================================================
[2026-05-22T05:00:05.180+0000] {era5_functions.py:63} WARNING - [VALIDATE NC] accum_20260516.nc → NOT READY (2/24)
[2026-05-22T05:00:05.183+0000] {era5_functions.py:123} WARNING - [NC] ERA5 not ready → accum_20260516.nc
[2026-05-22T05:00:05.184+0000] {era5_functions.py:295} WARNING - [PIPELINE] skip tif → nc not ready
[2026-05-22T05:00:05.185+0000] {era5_functions.py:341} INFO - ERA5 [ACCUM] COMPLETE ✓
[2026-05-22T05:00:05.185+0000] {logging_mixin.py:188} INFO - RUN → accum | 2026-05-15
[2026-05-22T05:00:05.187+0000] {era5_logger.py:51} INFO - Log file: logs/era5/2026/05/15/era5_20260515.log
[2026-05-22T05:00:05.188+0000] {era5_functions.py:329} INFO - ERA5 [ACCUM] START: 2026-05-15
[2026-05-22T05:00:06.494+0000] {era5_functions.py:285} INFO - ============================================================
[2026-05-22T05:00:06.495+0000] {era5_functions.py:286} INFO - JOB : ACCUM | 2026-05-15
[2026-05-22T05:00:06.496+0000] {era5_functions.py:287} INFO - VARS: ['tp']
[2026-05-22T05:00:06.498+0000] {era5_functions.py:288} INFO - ============================================================
[2026-05-22T05:00:06.553+0000] {era5_functions.py:63} WARNING - [VALIDATE NC] accum_20260515.nc → NOT READY (2/24)
[2026-05-22T05:00:06.556+0000] {era5_functions.py:123} WARNING - [NC] ERA5 not ready → accum_20260515.nc
[2026-05-22T05:00:06.557+0000] {era5_functions.py:295} WARNING - [PIPELINE] skip tif → nc not ready
[2026-05-22T05:00:06.558+0000] {era5_functions.py:341} INFO - ERA5 [ACCUM] COMPLETE ✓
[2026-05-22T05:00:06.559+0000] {python.py:237} INFO - Done. Returned value was: None
[2026-05-22T05:00:06.559+0000] {taskinstance.py:441} INFO - ::group::Post task execution logs
[2026-05-22T05:00:06.572+0000] {taskinstance.py:1206} INFO - Marking task as SUCCESS. dag_id=era5_ecmwf_pipeline, task_id=era5_accum, run_id=scheduled__2026-05-22T04:00:00+00:00, execution_date=20260522T040000, start_date=20260522T050001, end_date=20260522T050006
[2026-05-22T05:00:06.618+0000] {local_task_job_runner.py:240} INFO - Task exited with return code 0
[2026-05-22T05:00:06.640+0000] {taskinstance.py:3498} INFO - 0 downstream tasks scheduled from follow-on schedule check
[2026-05-22T05:00:06.643+0000] {local_task_job_runner.py:222} INFO - ::endgroup::
