[2026-06-19T13:00:01.895+0000] {local_task_job_runner.py:120} INFO - ::group::Pre task execution logs
[2026-06-19T13:00:01.927+0000] {taskinstance.py:2076} INFO - Dependencies all met for dep_context=non-requeueable deps ti=<TaskInstance: era5_download_pipeline.era5_instant scheduled__2026-06-19T12:00:00+00:00 [queued]>
[2026-06-19T13:00:01.937+0000] {taskinstance.py:2076} INFO - Dependencies all met for dep_context=requeueable deps ti=<TaskInstance: era5_download_pipeline.era5_instant scheduled__2026-06-19T12:00:00+00:00 [queued]>
[2026-06-19T13:00:01.938+0000] {taskinstance.py:2306} INFO - Starting attempt 1 of 1
[2026-06-19T13:00:01.954+0000] {taskinstance.py:2330} INFO - Executing <Task(PythonOperator): era5_instant> on 2026-06-19 12:00:00+00:00
[2026-06-19T13:00:01.968+0000] {warnings.py:110} WARNING - /home/***/.local/lib/python3.12/site-packages/***/task/task_runner/standard_task_runner.py:61: DeprecationWarning: This process (pid=152443) is multi-threaded, use of fork() may lead to deadlocks in the child.
  pid = os.fork()

[2026-06-19T13:00:01.971+0000] {standard_task_runner.py:63} INFO - Started process 152447 to run task
[2026-06-19T13:00:01.971+0000] {standard_task_runner.py:90} INFO - Running: ['***', 'tasks', 'run', 'era5_download_pipeline', 'era5_instant', 'scheduled__2026-06-19T12:00:00+00:00', '--job-id', '1919', '--raw', '--subdir', 'DAGS_FOLDER/era5_dag.py', '--cfg-path', '/tmp/tmpgrjqc0dc']
[2026-06-19T13:00:01.975+0000] {standard_task_runner.py:91} INFO - Job 1919: Subtask era5_instant
[2026-06-19T13:00:02.058+0000] {task_command.py:426} INFO - Running <TaskInstance: era5_download_pipeline.era5_instant scheduled__2026-06-19T12:00:00+00:00 [running]> on host 01cd476fb21a
[2026-06-19T13:00:02.176+0000] {taskinstance.py:2648} INFO - Exporting env vars: AIRFLOW_CTX_DAG_OWNER='era5' AIRFLOW_CTX_DAG_ID='era5_download_pipeline' AIRFLOW_CTX_TASK_ID='era5_instant' AIRFLOW_CTX_EXECUTION_DATE='2026-06-19T12:00:00+00:00' AIRFLOW_CTX_TRY_NUMBER='1' AIRFLOW_CTX_DAG_RUN_ID='scheduled__2026-06-19T12:00:00+00:00'
[2026-06-19T13:00:02.178+0000] {taskinstance.py:430} INFO - ::endgroup::
[2026-06-19T13:00:03.232+0000] {logging_mixin.py:188} WARNING - 2026-06-19 13:00:03 [INFO] === START job=instant date=2026-06-19 ===
[2026-06-19T13:00:03.232+0000] {era5_functions.py:368} INFO - === START job=instant date=2026-06-19 ===
[2026-06-19T13:00:03.236+0000] {logging_mixin.py:188} WARNING - 2026-06-19 13:00:03 [INFO] --- job=instant date=20260619 ---
[2026-06-19T13:00:03.235+0000] {era5_functions.py:330} INFO - --- job=instant date=20260619 ---
[2026-06-19T13:00:04.135+0000] {logging_mixin.py:188} WARNING - 2026-06-19 13:00:04 [WARNING] get_cds_count failed: 400 Client Error: Bad Request for url: https://cds.climate.copernicus.eu/api/retrieve/v1/processes/reanalysis-era5-single-levels/execution
invalid request
None of the data you have requested is available yet, please revise the period requested. The latest date available for this dataset is: 2026-06-14 13:00
[2026-06-19T13:00:04.135+0000] {era5_functions.py:131} WARNING - get_cds_count failed: 400 Client Error: Bad Request for url: https://cds.climate.copernicus.eu/api/retrieve/v1/processes/reanalysis-era5-single-levels/execution
invalid request
None of the data you have requested is available yet, please revise the period requested. The latest date available for this dataset is: 2026-06-14 13:00
[2026-06-19T13:00:04.139+0000] {logging_mixin.py:188} WARNING - 2026-06-19 13:00:04 [WARNING] CDS ยังไม่มีข้อมูล job=instant date=20260619, skip
[2026-06-19T13:00:04.139+0000] {era5_functions.py:335} WARNING - CDS ยังไม่มีข้อมูล job=instant date=20260619, skip
[2026-06-19T13:00:04.142+0000] {logging_mixin.py:188} WARNING - 2026-06-19 13:00:04 [INFO] --- job=instant date=20260618 ---
[2026-06-19T13:00:04.141+0000] {era5_functions.py:330} INFO - --- job=instant date=20260618 ---
[2026-06-19T13:00:05.046+0000] {logging_mixin.py:188} WARNING - 2026-06-19 13:00:05 [WARNING] get_cds_count failed: 400 Client Error: Bad Request for url: https://cds.climate.copernicus.eu/api/retrieve/v1/processes/reanalysis-era5-single-levels/execution
invalid request
None of the data you have requested is available yet, please revise the period requested. The latest date available for this dataset is: 2026-06-14 13:00
[2026-06-19T13:00:05.046+0000] {era5_functions.py:131} WARNING - get_cds_count failed: 400 Client Error: Bad Request for url: https://cds.climate.copernicus.eu/api/retrieve/v1/processes/reanalysis-era5-single-levels/execution
invalid request
None of the data you have requested is available yet, please revise the period requested. The latest date available for this dataset is: 2026-06-14 13:00
[2026-06-19T13:00:05.049+0000] {logging_mixin.py:188} WARNING - 2026-06-19 13:00:05 [WARNING] CDS ยังไม่มีข้อมูล job=instant date=20260618, skip
[2026-06-19T13:00:05.049+0000] {era5_functions.py:335} WARNING - CDS ยังไม่มีข้อมูล job=instant date=20260618, skip
[2026-06-19T13:00:05.051+0000] {logging_mixin.py:188} WARNING - 2026-06-19 13:00:05 [INFO] --- job=instant date=20260617 ---
[2026-06-19T13:00:05.051+0000] {era5_functions.py:330} INFO - --- job=instant date=20260617 ---
[2026-06-19T13:00:05.702+0000] {logging_mixin.py:188} WARNING - 2026-06-19 13:00:05 [WARNING] get_cds_count failed: 400 Client Error: Bad Request for url: https://cds.climate.copernicus.eu/api/retrieve/v1/processes/reanalysis-era5-single-levels/execution
invalid request
None of the data you have requested is available yet, please revise the period requested. The latest date available for this dataset is: 2026-06-14 13:00
[2026-06-19T13:00:05.702+0000] {era5_functions.py:131} WARNING - get_cds_count failed: 400 Client Error: Bad Request for url: https://cds.climate.copernicus.eu/api/retrieve/v1/processes/reanalysis-era5-single-levels/execution
invalid request
None of the data you have requested is available yet, please revise the period requested. The latest date available for this dataset is: 2026-06-14 13:00
[2026-06-19T13:00:05.707+0000] {logging_mixin.py:188} WARNING - 2026-06-19 13:00:05 [WARNING] CDS ยังไม่มีข้อมูล job=instant date=20260617, skip
[2026-06-19T13:00:05.707+0000] {era5_functions.py:335} WARNING - CDS ยังไม่มีข้อมูล job=instant date=20260617, skip
[2026-06-19T13:00:05.710+0000] {logging_mixin.py:188} WARNING - 2026-06-19 13:00:05 [INFO] --- job=instant date=20260616 ---
[2026-06-19T13:00:05.710+0000] {era5_functions.py:330} INFO - --- job=instant date=20260616 ---
[2026-06-19T13:00:06.473+0000] {logging_mixin.py:188} WARNING - 2026-06-19 13:00:06 [WARNING] get_cds_count failed: 400 Client Error: Bad Request for url: https://cds.climate.copernicus.eu/api/retrieve/v1/processes/reanalysis-era5-single-levels/execution
invalid request
None of the data you have requested is available yet, please revise the period requested. The latest date available for this dataset is: 2026-06-14 13:00
[2026-06-19T13:00:06.473+0000] {era5_functions.py:131} WARNING - get_cds_count failed: 400 Client Error: Bad Request for url: https://cds.climate.copernicus.eu/api/retrieve/v1/processes/reanalysis-era5-single-levels/execution
invalid request
None of the data you have requested is available yet, please revise the period requested. The latest date available for this dataset is: 2026-06-14 13:00
[2026-06-19T13:00:06.477+0000] {logging_mixin.py:188} WARNING - 2026-06-19 13:00:06 [WARNING] CDS ยังไม่มีข้อมูล job=instant date=20260616, skip
[2026-06-19T13:00:06.476+0000] {era5_functions.py:335} WARNING - CDS ยังไม่มีข้อมูล job=instant date=20260616, skip
[2026-06-19T13:00:06.480+0000] {logging_mixin.py:188} WARNING - 2026-06-19 13:00:06 [INFO] --- job=instant date=20260615 ---
[2026-06-19T13:00:06.480+0000] {era5_functions.py:330} INFO - --- job=instant date=20260615 ---
[2026-06-19T13:00:10.355+0000] {logging_mixin.py:188} WARNING - 2026-06-19 13:00:10 [WARNING] get_cds_count failed: 400 Client Error: Bad Request for url: https://cds.climate.copernicus.eu/api/retrieve/v1/processes/reanalysis-era5-single-levels/execution
invalid request
None of the data you have requested is available yet, please revise the period requested. The latest date available for this dataset is: 2026-06-14 13:00
[2026-06-19T13:00:10.355+0000] {era5_functions.py:131} WARNING - get_cds_count failed: 400 Client Error: Bad Request for url: https://cds.climate.copernicus.eu/api/retrieve/v1/processes/reanalysis-era5-single-levels/execution
invalid request
None of the data you have requested is available yet, please revise the period requested. The latest date available for this dataset is: 2026-06-14 13:00
[2026-06-19T13:00:10.361+0000] {logging_mixin.py:188} WARNING - 2026-06-19 13:00:10 [WARNING] CDS ยังไม่มีข้อมูล job=instant date=20260615, skip
[2026-06-19T13:00:10.360+0000] {era5_functions.py:335} WARNING - CDS ยังไม่มีข้อมูล job=instant date=20260615, skip
[2026-06-19T13:00:10.365+0000] {logging_mixin.py:188} WARNING - 2026-06-19 13:00:10 [INFO] --- job=instant date=20260614 ---
[2026-06-19T13:00:10.365+0000] {era5_functions.py:330} INFO - --- job=instant date=20260614 ---
[2026-06-19T13:00:11.270+0000] {logging_mixin.py:188} WARNING - 2026-06-19 13:00:11,269 INFO [2025-12-11T00:00:00] Please note that a dedicated catalogue entry for this dataset, post-processed and stored in Analysis Ready Cloud Optimized (ARCO) format (Zarr), is available for optimised time-series retrievals (i.e. for retrieving data from selected variables for a single point over an extended period of time in an efficient way). You can discover it [here](https://cds.climate.copernicus.eu/datasets/reanalysis-era5-single-levels-timeseries?tab=overview)
[2026-06-19T13:00:11.269+0000] {legacy_client.py:192} INFO - [2025-12-11T00:00:00] Please note that a dedicated catalogue entry for this dataset, post-processed and stored in Analysis Ready Cloud Optimized (ARCO) format (Zarr), is available for optimised time-series retrievals (i.e. for retrieving data from selected variables for a single point over an extended period of time in an efficient way). You can discover it [here](https://cds.climate.copernicus.eu/datasets/reanalysis-era5-single-levels-timeseries?tab=overview)
[2026-06-19T13:00:11.276+0000] {logging_mixin.py:188} WARNING - 2026-06-19 13:00:11,275 INFO Request ID is f065c8c3-890e-4509-9f5c-30bbee63b1a7
[2026-06-19T13:00:11.275+0000] {legacy_client.py:192} INFO - Request ID is f065c8c3-890e-4509-9f5c-30bbee63b1a7
[2026-06-19T13:00:11.546+0000] {logging_mixin.py:188} WARNING - 2026-06-19 13:00:11,546 INFO status has been updated to accepted
[2026-06-19T13:00:11.546+0000] {legacy_client.py:192} INFO - status has been updated to accepted
[2026-06-19T13:00:26.973+0000] {logging_mixin.py:188} WARNING - 2026-06-19 13:00:26,972 INFO status has been updated to running
[2026-06-19T13:00:26.972+0000] {legacy_client.py:192} INFO - status has been updated to running
[2026-06-19T13:00:34.786+0000] {logging_mixin.py:188} WARNING - 2026-06-19 13:00:34,785 INFO status has been updated to successful
[2026-06-19T13:00:34.785+0000] {legacy_client.py:192} INFO - status has been updated to successful
[2026-06-19T13:00:35.348+0000] {base.py:119} INFO - Downloading https://object-store.os-api.cci2.ecmwf.int:443/cci2-prod-cache-1/2026-06-19/833ec2820c74e2bf080d10936625b9fa.nc
[2026-06-19T13:00:36.389+0000] {logging_mixin.py:188} WARNING - 833ec2820c74e2bf080d10936625b9fa.nc:   0%|          | 0.00/1.53M [00:00<?, ?B/s]
[2026-06-19T13:00:39.576+0000] {logging_mixin.py:188} WARNING - 833ec2820c74e2bf080d10936625b9fa.nc:  65%|######5   | 1.00M/1.53M [00:03<00:01, 329kB/s]
[2026-06-19T13:00:39.753+0000] {logging_mixin.py:188} WARNING - 833ec2820c74e2bf080d10936625b9fa.nc: 100%|##########| 1.53M/1.53M [00:03<00:00, 535kB/s]
[2026-06-19T13:00:39.758+0000] {logging_mixin.py:188} WARNING -                                                                                         
[2026-06-19T13:00:40.088+0000] {logging_mixin.py:188} WARNING - 2026-06-19 13:00:40 [INFO] CDS timestep available: 14
[2026-06-19T13:00:40.088+0000] {era5_functions.py:128} INFO - CDS timestep available: 14
[2026-06-19T13:00:40.189+0000] {logging_mixin.py:188} WARNING - 2026-06-19 13:00:40 [INFO] local timestep: 13 — /opt/***/era5/ecmwf/data/nc/_raw/2026/06/14/instant_20260614.nc
[2026-06-19T13:00:40.188+0000] {era5_functions.py:152} INFO - local timestep: 13 — /opt/***/era5/ecmwf/data/nc/_raw/2026/06/14/instant_20260614.nc
[2026-06-19T13:00:40.198+0000] {logging_mixin.py:188} WARNING - 2026-06-19 13:00:40 [INFO] nc outdated (local=13 < cds=14), removing: /opt/***/era5/ecmwf/data/nc/_raw/2026/06/14/instant_20260614.nc
[2026-06-19T13:00:40.198+0000] {era5_functions.py:193} INFO - nc outdated (local=13 < cds=14), removing: /opt/***/era5/ecmwf/data/nc/_raw/2026/06/14/instant_20260614.nc
[2026-06-19T13:00:40.220+0000] {logging_mixin.py:188} WARNING - 2026-06-19 13:00:40 [INFO] download attempt 1/3: /opt/***/era5/ecmwf/data/nc/_raw/2026/06/14/instant_20260614.nc
[2026-06-19T13:00:40.220+0000] {era5_functions.py:200} INFO - download attempt 1/3: /opt/***/era5/ecmwf/data/nc/_raw/2026/06/14/instant_20260614.nc
[2026-06-19T13:00:41.046+0000] {logging_mixin.py:188} WARNING - 2026-06-19 13:00:41,046 INFO [2025-12-11T00:00:00] Please note that a dedicated catalogue entry for this dataset, post-processed and stored in Analysis Ready Cloud Optimized (ARCO) format (Zarr), is available for optimised time-series retrievals (i.e. for retrieving data from selected variables for a single point over an extended period of time in an efficient way). You can discover it [here](https://cds.climate.copernicus.eu/datasets/reanalysis-era5-single-levels-timeseries?tab=overview)
[2026-06-19T13:00:41.046+0000] {legacy_client.py:192} INFO - [2025-12-11T00:00:00] Please note that a dedicated catalogue entry for this dataset, post-processed and stored in Analysis Ready Cloud Optimized (ARCO) format (Zarr), is available for optimised time-series retrievals (i.e. for retrieving data from selected variables for a single point over an extended period of time in an efficient way). You can discover it [here](https://cds.climate.copernicus.eu/datasets/reanalysis-era5-single-levels-timeseries?tab=overview)
[2026-06-19T13:00:41.052+0000] {logging_mixin.py:188} WARNING - 2026-06-19 13:00:41,052 INFO Request ID is 5b4e1b71-5d45-4206-98cb-3f9aa8b0a501
[2026-06-19T13:00:41.052+0000] {legacy_client.py:192} INFO - Request ID is 5b4e1b71-5d45-4206-98cb-3f9aa8b0a501
[2026-06-19T13:00:41.264+0000] {logging_mixin.py:188} WARNING - 2026-06-19 13:00:41,262 INFO status has been updated to accepted
[2026-06-19T13:00:41.262+0000] {legacy_client.py:192} INFO - status has been updated to accepted
[2026-06-19T13:01:06.465+0000] {logging_mixin.py:188} WARNING - 2026-06-19 13:01:06,464 INFO status has been updated to running
[2026-06-19T13:01:06.464+0000] {legacy_client.py:192} INFO - status has been updated to running
[2026-06-19T13:01:18.066+0000] {logging_mixin.py:188} WARNING - 2026-06-19 13:01:18,065 INFO status has been updated to successful
[2026-06-19T13:01:18.065+0000] {legacy_client.py:192} INFO - status has been updated to successful
[2026-06-19T13:01:18.541+0000] {base.py:119} INFO - Downloading https://object-store.os-api.cci2.ecmwf.int:443/cci2-prod-cache-1/2026-06-19/7ed3e71b766905b15b1c6bbc15695332.nc
[2026-06-19T13:01:19.220+0000] {logging_mixin.py:188} WARNING - 7ed3e71b766905b15b1c6bbc15695332.nc:   0%|          | 0.00/1.53M [00:00<?, ?B/s]
[2026-06-19T13:01:20.991+0000] {logging_mixin.py:188} WARNING - 7ed3e71b766905b15b1c6bbc15695332.nc:  65%|######5   | 1.00M/1.53M [00:01<00:00, 592kB/s]
[2026-06-19T13:01:21.036+0000] {logging_mixin.py:188} WARNING -                                                                                         
[2026-06-19T13:01:21.186+0000] {logging_mixin.py:188} WARNING - 2026-06-19 13:01:21 [INFO] nc downloaded ok: /opt/***/era5/ecmwf/data/nc/_raw/2026/06/14/instant_20260614.nc
[2026-06-19T13:01:21.185+0000] {era5_functions.py:204} INFO - nc downloaded ok: /opt/***/era5/ecmwf/data/nc/_raw/2026/06/14/instant_20260614.nc
[2026-06-19T13:01:21.281+0000] {logging_mixin.py:188} WARNING - 2026-06-19 13:01:21 [INFO] local timestep: 14 — /opt/***/era5/ecmwf/data/nc/_raw/2026/06/14/instant_20260614.nc
[2026-06-19T13:01:21.281+0000] {era5_functions.py:152} INFO - local timestep: 14 — /opt/***/era5/ecmwf/data/nc/_raw/2026/06/14/instant_20260614.nc
[2026-06-19T13:01:21.393+0000] {logging_mixin.py:188} WARNING - 2026-06-19 13:01:21 [INFO] tif outdated (tif=13 < nc=14), removing: /opt/***/era5/ecmwf/data/tif/2026/06/14/t2m_20260614.tif
[2026-06-19T13:01:21.393+0000] {era5_functions.py:261} INFO - tif outdated (tif=13 < nc=14), removing: /opt/***/era5/ecmwf/data/tif/2026/06/14/t2m_20260614.tif
[2026-06-19T13:01:21.494+0000] {logging_mixin.py:188} WARNING - 2026-06-19 13:01:21 [INFO] tif ok (bands=14): /opt/***/era5/ecmwf/data/tif/2026/06/14/t2m_20260614.tif
[2026-06-19T13:01:21.494+0000] {era5_functions.py:304} INFO - tif ok (bands=14): /opt/***/era5/ecmwf/data/tif/2026/06/14/t2m_20260614.tif
[2026-06-19T13:01:21.514+0000] {logging_mixin.py:188} WARNING - 2026-06-19 13:01:21 [INFO] tif outdated (tif=13 < nc=14), removing: /opt/***/era5/ecmwf/data/tif/2026/06/14/d2m_20260614.tif
[2026-06-19T13:01:21.514+0000] {era5_functions.py:261} INFO - tif outdated (tif=13 < nc=14), removing: /opt/***/era5/ecmwf/data/tif/2026/06/14/d2m_20260614.tif
[2026-06-19T13:01:21.610+0000] {logging_mixin.py:188} WARNING - 2026-06-19 13:01:21 [INFO] tif ok (bands=14): /opt/***/era5/ecmwf/data/tif/2026/06/14/d2m_20260614.tif
[2026-06-19T13:01:21.610+0000] {era5_functions.py:304} INFO - tif ok (bands=14): /opt/***/era5/ecmwf/data/tif/2026/06/14/d2m_20260614.tif
[2026-06-19T13:01:21.629+0000] {logging_mixin.py:188} WARNING - 2026-06-19 13:01:21 [INFO] tif outdated (tif=13 < nc=14), removing: /opt/***/era5/ecmwf/data/tif/2026/06/14/sp_20260614.tif
[2026-06-19T13:01:21.628+0000] {era5_functions.py:261} INFO - tif outdated (tif=13 < nc=14), removing: /opt/***/era5/ecmwf/data/tif/2026/06/14/sp_20260614.tif
[2026-06-19T13:01:21.723+0000] {logging_mixin.py:188} WARNING - 2026-06-19 13:01:21 [INFO] tif ok (bands=14): /opt/***/era5/ecmwf/data/tif/2026/06/14/sp_20260614.tif
[2026-06-19T13:01:21.723+0000] {era5_functions.py:304} INFO - tif ok (bands=14): /opt/***/era5/ecmwf/data/tif/2026/06/14/sp_20260614.tif
[2026-06-19T13:01:21.742+0000] {logging_mixin.py:188} WARNING - 2026-06-19 13:01:21 [INFO] tif outdated (tif=13 < nc=14), removing: /opt/***/era5/ecmwf/data/tif/2026/06/14/blh_20260614.tif
[2026-06-19T13:01:21.742+0000] {era5_functions.py:261} INFO - tif outdated (tif=13 < nc=14), removing: /opt/***/era5/ecmwf/data/tif/2026/06/14/blh_20260614.tif
[2026-06-19T13:01:21.840+0000] {logging_mixin.py:188} WARNING - 2026-06-19 13:01:21 [INFO] tif ok (bands=14): /opt/***/era5/ecmwf/data/tif/2026/06/14/blh_20260614.tif
[2026-06-19T13:01:21.840+0000] {era5_functions.py:304} INFO - tif ok (bands=14): /opt/***/era5/ecmwf/data/tif/2026/06/14/blh_20260614.tif
[2026-06-19T13:01:21.857+0000] {logging_mixin.py:188} WARNING - 2026-06-19 13:01:21 [INFO] tif outdated (tif=13 < nc=14), removing: /opt/***/era5/ecmwf/data/tif/2026/06/14/u10_20260614.tif
[2026-06-19T13:01:21.857+0000] {era5_functions.py:261} INFO - tif outdated (tif=13 < nc=14), removing: /opt/***/era5/ecmwf/data/tif/2026/06/14/u10_20260614.tif
[2026-06-19T13:01:21.961+0000] {logging_mixin.py:188} WARNING - 2026-06-19 13:01:21 [INFO] tif ok (bands=14): /opt/***/era5/ecmwf/data/tif/2026/06/14/u10_20260614.tif
[2026-06-19T13:01:21.960+0000] {era5_functions.py:304} INFO - tif ok (bands=14): /opt/***/era5/ecmwf/data/tif/2026/06/14/u10_20260614.tif
[2026-06-19T13:01:21.982+0000] {logging_mixin.py:188} WARNING - 2026-06-19 13:01:21 [INFO] tif outdated (tif=13 < nc=14), removing: /opt/***/era5/ecmwf/data/tif/2026/06/14/v10_20260614.tif
[2026-06-19T13:01:21.982+0000] {era5_functions.py:261} INFO - tif outdated (tif=13 < nc=14), removing: /opt/***/era5/ecmwf/data/tif/2026/06/14/v10_20260614.tif
[2026-06-19T13:01:22.088+0000] {logging_mixin.py:188} WARNING - 2026-06-19 13:01:22 [INFO] tif ok (bands=14): /opt/***/era5/ecmwf/data/tif/2026/06/14/v10_20260614.tif
[2026-06-19T13:01:22.088+0000] {era5_functions.py:304} INFO - tif ok (bands=14): /opt/***/era5/ecmwf/data/tif/2026/06/14/v10_20260614.tif
[2026-06-19T13:01:22.094+0000] {logging_mixin.py:188} WARNING - 2026-06-19 13:01:22 [INFO] === END job=instant date=2026-06-19 ===
[2026-06-19T13:01:22.094+0000] {era5_functions.py:379} INFO - === END job=instant date=2026-06-19 ===
[2026-06-19T13:01:22.096+0000] {python.py:237} INFO - Done. Returned value was: None
[2026-06-19T13:01:22.097+0000] {taskinstance.py:441} INFO - ::group::Post task execution logs
[2026-06-19T13:01:22.112+0000] {taskinstance.py:1206} INFO - Marking task as SUCCESS. dag_id=era5_download_pipeline, task_id=era5_instant, run_id=scheduled__2026-06-19T12:00:00+00:00, execution_date=20260619T120000, start_date=20260619T130001, end_date=20260619T130122
[2026-06-19T13:01:22.180+0000] {local_task_job_runner.py:240} INFO - Task exited with return code 0
[2026-06-19T13:01:22.208+0000] {taskinstance.py:3498} INFO - 1 downstream tasks scheduled from follow-on schedule check
[2026-06-19T13:01:22.212+0000] {local_task_job_runner.py:222} INFO - ::endgroup::
