[2026-06-20T21:01:49.518+0000] {local_task_job_runner.py:120} INFO - ::group::Pre task execution logs
[2026-06-20T21:01:49.550+0000] {taskinstance.py:2076} INFO - Dependencies all met for dep_context=non-requeueable deps ti=<TaskInstance: era5_download_pipeline.era5_accum scheduled__2026-06-20T20:00:00+00:00 [queued]>
[2026-06-20T21:01:49.567+0000] {taskinstance.py:2076} INFO - Dependencies all met for dep_context=requeueable deps ti=<TaskInstance: era5_download_pipeline.era5_accum scheduled__2026-06-20T20:00:00+00:00 [queued]>
[2026-06-20T21:01:49.569+0000] {taskinstance.py:2306} INFO - Starting attempt 1 of 1
[2026-06-20T21:01:49.589+0000] {taskinstance.py:2330} INFO - Executing <Task(PythonOperator): era5_accum> on 2026-06-20 20:00:00+00:00
[2026-06-20T21:01:49.603+0000] {warnings.py:110} WARNING - /home/***/.local/lib/python3.12/site-packages/***/task/task_runner/standard_task_runner.py:61: DeprecationWarning: This process (pid=177126) is multi-threaded, use of fork() may lead to deadlocks in the child.
  pid = os.fork()

[2026-06-20T21:01:49.606+0000] {standard_task_runner.py:63} INFO - Started process 177128 to run task
[2026-06-20T21:01:49.606+0000] {standard_task_runner.py:90} INFO - Running: ['***', 'tasks', 'run', 'era5_download_pipeline', 'era5_accum', 'scheduled__2026-06-20T20:00:00+00:00', '--job-id', '2017', '--raw', '--subdir', 'DAGS_FOLDER/era5_dag.py', '--cfg-path', '/tmp/tmprg_14pk9']
[2026-06-20T21:01:49.611+0000] {standard_task_runner.py:91} INFO - Job 2017: Subtask era5_accum
[2026-06-20T21:01:49.700+0000] {task_command.py:426} INFO - Running <TaskInstance: era5_download_pipeline.era5_accum scheduled__2026-06-20T20:00:00+00:00 [running]> on host 01cd476fb21a
[2026-06-20T21:01:49.845+0000] {taskinstance.py:2648} INFO - Exporting env vars: AIRFLOW_CTX_DAG_OWNER='era5' AIRFLOW_CTX_DAG_ID='era5_download_pipeline' AIRFLOW_CTX_TASK_ID='era5_accum' AIRFLOW_CTX_EXECUTION_DATE='2026-06-20T20:00:00+00:00' AIRFLOW_CTX_TRY_NUMBER='1' AIRFLOW_CTX_DAG_RUN_ID='scheduled__2026-06-20T20:00:00+00:00'
[2026-06-20T21:01:49.848+0000] {taskinstance.py:430} INFO - ::endgroup::
[2026-06-20T21:01:50.929+0000] {logging_mixin.py:188} WARNING - 2026-06-20 21:01:50 [INFO] === START job=accum date=2026-06-20 ===
[2026-06-20T21:01:50.928+0000] {era5_functions.py:368} INFO - === START job=accum date=2026-06-20 ===
[2026-06-20T21:01:50.933+0000] {logging_mixin.py:188} WARNING - 2026-06-20 21:01:50 [INFO] --- job=accum date=20260620 ---
[2026-06-20T21:01:50.933+0000] {era5_functions.py:330} INFO - --- job=accum date=20260620 ---
[2026-06-20T21:01:51.534+0000] {logging_mixin.py:188} WARNING - 2026-06-20 21:01:51 [WARNING] get_cds_count failed: 400 Client Error: Bad Request for url: https://cds.climate.copernicus.eu/api/retrieve/v1/processes/reanalysis-era5-single-levels/execution
invalid request
None of the data you have requested is available yet, please revise the period requested. The latest date available for this dataset is: 2026-06-15 21:00
[2026-06-20T21:01:51.533+0000] {era5_functions.py:131} WARNING - get_cds_count failed: 400 Client Error: Bad Request for url: https://cds.climate.copernicus.eu/api/retrieve/v1/processes/reanalysis-era5-single-levels/execution
invalid request
None of the data you have requested is available yet, please revise the period requested. The latest date available for this dataset is: 2026-06-15 21:00
[2026-06-20T21:01:51.538+0000] {logging_mixin.py:188} WARNING - 2026-06-20 21:01:51 [WARNING] CDS ยังไม่มีข้อมูล job=accum date=20260620, skip
[2026-06-20T21:01:51.538+0000] {era5_functions.py:335} WARNING - CDS ยังไม่มีข้อมูล job=accum date=20260620, skip
[2026-06-20T21:01:51.541+0000] {logging_mixin.py:188} WARNING - 2026-06-20 21:01:51 [INFO] --- job=accum date=20260619 ---
[2026-06-20T21:01:51.540+0000] {era5_functions.py:330} INFO - --- job=accum date=20260619 ---
[2026-06-20T21:01:52.151+0000] {logging_mixin.py:188} WARNING - 2026-06-20 21:01:52 [WARNING] get_cds_count failed: 400 Client Error: Bad Request for url: https://cds.climate.copernicus.eu/api/retrieve/v1/processes/reanalysis-era5-single-levels/execution
invalid request
None of the data you have requested is available yet, please revise the period requested. The latest date available for this dataset is: 2026-06-15 21:00
[2026-06-20T21:01:52.151+0000] {era5_functions.py:131} WARNING - get_cds_count failed: 400 Client Error: Bad Request for url: https://cds.climate.copernicus.eu/api/retrieve/v1/processes/reanalysis-era5-single-levels/execution
invalid request
None of the data you have requested is available yet, please revise the period requested. The latest date available for this dataset is: 2026-06-15 21:00
[2026-06-20T21:01:52.158+0000] {logging_mixin.py:188} WARNING - 2026-06-20 21:01:52 [WARNING] CDS ยังไม่มีข้อมูล job=accum date=20260619, skip
[2026-06-20T21:01:52.157+0000] {era5_functions.py:335} WARNING - CDS ยังไม่มีข้อมูล job=accum date=20260619, skip
[2026-06-20T21:01:52.163+0000] {logging_mixin.py:188} WARNING - 2026-06-20 21:01:52 [INFO] --- job=accum date=20260618 ---
[2026-06-20T21:01:52.162+0000] {era5_functions.py:330} INFO - --- job=accum date=20260618 ---
[2026-06-20T21:01:52.752+0000] {logging_mixin.py:188} WARNING - 2026-06-20 21:01:52 [WARNING] get_cds_count failed: 400 Client Error: Bad Request for url: https://cds.climate.copernicus.eu/api/retrieve/v1/processes/reanalysis-era5-single-levels/execution
invalid request
None of the data you have requested is available yet, please revise the period requested. The latest date available for this dataset is: 2026-06-15 21:00
[2026-06-20T21:01:52.752+0000] {era5_functions.py:131} WARNING - get_cds_count failed: 400 Client Error: Bad Request for url: https://cds.climate.copernicus.eu/api/retrieve/v1/processes/reanalysis-era5-single-levels/execution
invalid request
None of the data you have requested is available yet, please revise the period requested. The latest date available for this dataset is: 2026-06-15 21:00
[2026-06-20T21:01:52.757+0000] {logging_mixin.py:188} WARNING - 2026-06-20 21:01:52 [WARNING] CDS ยังไม่มีข้อมูล job=accum date=20260618, skip
[2026-06-20T21:01:52.757+0000] {era5_functions.py:335} WARNING - CDS ยังไม่มีข้อมูล job=accum date=20260618, skip
[2026-06-20T21:01:52.761+0000] {logging_mixin.py:188} WARNING - 2026-06-20 21:01:52 [INFO] --- job=accum date=20260617 ---
[2026-06-20T21:01:52.761+0000] {era5_functions.py:330} INFO - --- job=accum date=20260617 ---
[2026-06-20T21:01:53.388+0000] {logging_mixin.py:188} WARNING - 2026-06-20 21:01:53 [WARNING] get_cds_count failed: 400 Client Error: Bad Request for url: https://cds.climate.copernicus.eu/api/retrieve/v1/processes/reanalysis-era5-single-levels/execution
invalid request
None of the data you have requested is available yet, please revise the period requested. The latest date available for this dataset is: 2026-06-15 21:00
[2026-06-20T21:01:53.388+0000] {era5_functions.py:131} WARNING - get_cds_count failed: 400 Client Error: Bad Request for url: https://cds.climate.copernicus.eu/api/retrieve/v1/processes/reanalysis-era5-single-levels/execution
invalid request
None of the data you have requested is available yet, please revise the period requested. The latest date available for this dataset is: 2026-06-15 21:00
[2026-06-20T21:01:53.392+0000] {logging_mixin.py:188} WARNING - 2026-06-20 21:01:53 [WARNING] CDS ยังไม่มีข้อมูล job=accum date=20260617, skip
[2026-06-20T21:01:53.392+0000] {era5_functions.py:335} WARNING - CDS ยังไม่มีข้อมูล job=accum date=20260617, skip
[2026-06-20T21:01:53.396+0000] {logging_mixin.py:188} WARNING - 2026-06-20 21:01:53 [INFO] --- job=accum date=20260616 ---
[2026-06-20T21:01:53.396+0000] {era5_functions.py:330} INFO - --- job=accum date=20260616 ---
[2026-06-20T21:01:53.847+0000] {logging_mixin.py:188} WARNING - 2026-06-20 21:01:53 [WARNING] get_cds_count failed: 400 Client Error: Bad Request for url: https://cds.climate.copernicus.eu/api/retrieve/v1/processes/reanalysis-era5-single-levels/execution
invalid request
None of the data you have requested is available yet, please revise the period requested. The latest date available for this dataset is: 2026-06-15 21:00
[2026-06-20T21:01:53.846+0000] {era5_functions.py:131} WARNING - get_cds_count failed: 400 Client Error: Bad Request for url: https://cds.climate.copernicus.eu/api/retrieve/v1/processes/reanalysis-era5-single-levels/execution
invalid request
None of the data you have requested is available yet, please revise the period requested. The latest date available for this dataset is: 2026-06-15 21:00
[2026-06-20T21:01:53.853+0000] {logging_mixin.py:188} WARNING - 2026-06-20 21:01:53 [WARNING] CDS ยังไม่มีข้อมูล job=accum date=20260616, skip
[2026-06-20T21:01:53.852+0000] {era5_functions.py:335} WARNING - CDS ยังไม่มีข้อมูล job=accum date=20260616, skip
[2026-06-20T21:01:53.857+0000] {logging_mixin.py:188} WARNING - 2026-06-20 21:01:53 [INFO] --- job=accum date=20260615 ---
[2026-06-20T21:01:53.857+0000] {era5_functions.py:330} INFO - --- job=accum date=20260615 ---
[2026-06-20T21:01:54.686+0000] {logging_mixin.py:188} WARNING - 2026-06-20 21:01:54,685 INFO [2025-12-11T00:00:00] Please note that a dedicated catalogue entry for this dataset, post-processed and stored in Analysis Ready Cloud Optimized (ARCO) format (Zarr), is available for optimised time-series retrievals (i.e. for retrieving data from selected variables for a single point over an extended period of time in an efficient way). You can discover it [here](https://cds.climate.copernicus.eu/datasets/reanalysis-era5-single-levels-timeseries?tab=overview)
[2026-06-20T21:01:54.685+0000] {legacy_client.py:192} INFO - [2025-12-11T00:00:00] Please note that a dedicated catalogue entry for this dataset, post-processed and stored in Analysis Ready Cloud Optimized (ARCO) format (Zarr), is available for optimised time-series retrievals (i.e. for retrieving data from selected variables for a single point over an extended period of time in an efficient way). You can discover it [here](https://cds.climate.copernicus.eu/datasets/reanalysis-era5-single-levels-timeseries?tab=overview)
[2026-06-20T21:01:54.690+0000] {logging_mixin.py:188} WARNING - 2026-06-20 21:01:54,689 INFO Request ID is 75283c7f-e266-4a07-a277-a83b5aef9191
[2026-06-20T21:01:54.689+0000] {legacy_client.py:192} INFO - Request ID is 75283c7f-e266-4a07-a277-a83b5aef9191
[2026-06-20T21:01:54.894+0000] {logging_mixin.py:188} WARNING - 2026-06-20 21:01:54,894 INFO status has been updated to accepted
[2026-06-20T21:01:54.894+0000] {legacy_client.py:192} INFO - status has been updated to accepted
[2026-06-20T21:02:09.294+0000] {logging_mixin.py:188} WARNING - 2026-06-20 21:02:09,294 INFO status has been updated to running
[2026-06-20T21:02:09.294+0000] {legacy_client.py:192} INFO - status has been updated to running
[2026-06-20T21:02:17.097+0000] {logging_mixin.py:188} WARNING - 2026-06-20 21:02:17,096 INFO status has been updated to successful
[2026-06-20T21:02:17.096+0000] {legacy_client.py:192} INFO - status has been updated to successful
[2026-06-20T21:02:17.757+0000] {base.py:119} INFO - Downloading https://object-store.os-api.cci2.ecmwf.int:443/cci2-prod-cache-2/2026-06-20/a6524ea2ff7aa9794667ce1c92016728.nc
[2026-06-20T21:02:18.436+0000] {logging_mixin.py:188} WARNING - a6524ea2ff7aa9794667ce1c92016728.nc:   0%|          | 0.00/307k [00:00<?, ?B/s]
[2026-06-20T21:02:20.158+0000] {logging_mixin.py:188} WARNING - a6524ea2ff7aa9794667ce1c92016728.nc: 100%|##########| 307k/307k [00:01<00:00, 183kB/s]
[2026-06-20T21:02:20.162+0000] {logging_mixin.py:188} WARNING -                                                                                       
[2026-06-20T21:02:20.475+0000] {logging_mixin.py:188} WARNING - 2026-06-20 21:02:20 [INFO] CDS timestep available: 22
[2026-06-20T21:02:20.475+0000] {era5_functions.py:128} INFO - CDS timestep available: 22
[2026-06-20T21:02:20.550+0000] {logging_mixin.py:188} WARNING - 2026-06-20 21:02:20 [INFO] local timestep: 21 — /opt/***/era5/ecmwf/data/nc/_raw/2026/06/15/accum_20260615.nc
[2026-06-20T21:02:20.550+0000] {era5_functions.py:152} INFO - local timestep: 21 — /opt/***/era5/ecmwf/data/nc/_raw/2026/06/15/accum_20260615.nc
[2026-06-20T21:02:20.560+0000] {logging_mixin.py:188} WARNING - 2026-06-20 21:02:20 [INFO] nc outdated (local=21 < cds=22), removing: /opt/***/era5/ecmwf/data/nc/_raw/2026/06/15/accum_20260615.nc
[2026-06-20T21:02:20.559+0000] {era5_functions.py:193} INFO - nc outdated (local=21 < cds=22), removing: /opt/***/era5/ecmwf/data/nc/_raw/2026/06/15/accum_20260615.nc
[2026-06-20T21:02:20.585+0000] {logging_mixin.py:188} WARNING - 2026-06-20 21:02:20 [INFO] download attempt 1/3: /opt/***/era5/ecmwf/data/nc/_raw/2026/06/15/accum_20260615.nc
[2026-06-20T21:02:20.585+0000] {era5_functions.py:200} INFO - download attempt 1/3: /opt/***/era5/ecmwf/data/nc/_raw/2026/06/15/accum_20260615.nc
[2026-06-20T21:02:21.935+0000] {logging_mixin.py:188} WARNING - 2026-06-20 21:02:21,935 INFO [2025-12-11T00:00:00] Please note that a dedicated catalogue entry for this dataset, post-processed and stored in Analysis Ready Cloud Optimized (ARCO) format (Zarr), is available for optimised time-series retrievals (i.e. for retrieving data from selected variables for a single point over an extended period of time in an efficient way). You can discover it [here](https://cds.climate.copernicus.eu/datasets/reanalysis-era5-single-levels-timeseries?tab=overview)
[2026-06-20T21:02:21.935+0000] {legacy_client.py:192} INFO - [2025-12-11T00:00:00] Please note that a dedicated catalogue entry for this dataset, post-processed and stored in Analysis Ready Cloud Optimized (ARCO) format (Zarr), is available for optimised time-series retrievals (i.e. for retrieving data from selected variables for a single point over an extended period of time in an efficient way). You can discover it [here](https://cds.climate.copernicus.eu/datasets/reanalysis-era5-single-levels-timeseries?tab=overview)
[2026-06-20T21:02:21.940+0000] {logging_mixin.py:188} WARNING - 2026-06-20 21:02:21,940 INFO Request ID is a591e32a-054b-49bd-8f58-9e251f2152c6
[2026-06-20T21:02:21.940+0000] {legacy_client.py:192} INFO - Request ID is a591e32a-054b-49bd-8f58-9e251f2152c6
[2026-06-20T21:02:22.150+0000] {logging_mixin.py:188} WARNING - 2026-06-20 21:02:22,149 INFO status has been updated to accepted
[2026-06-20T21:02:22.149+0000] {legacy_client.py:192} INFO - status has been updated to accepted
[2026-06-20T21:02:44.213+0000] {logging_mixin.py:188} WARNING - 2026-06-20 21:02:44,213 INFO status has been updated to successful
[2026-06-20T21:02:44.213+0000] {legacy_client.py:192} INFO - status has been updated to successful
[2026-06-20T21:02:44.683+0000] {base.py:119} INFO - Downloading https://object-store.os-api.cci2.ecmwf.int:443/cci2-prod-cache-2/2026-06-20/a7bc398815719a76004aecb099d4f59e.nc
[2026-06-20T21:02:45.381+0000] {logging_mixin.py:188} WARNING - a7bc398815719a76004aecb099d4f59e.nc:   0%|          | 0.00/308k [00:00<?, ?B/s]
[2026-06-20T21:02:46.767+0000] {logging_mixin.py:188} WARNING - a7bc398815719a76004aecb099d4f59e.nc: 100%|##########| 308k/308k [00:01<00:00, 228kB/s]
[2026-06-20T21:02:46.784+0000] {logging_mixin.py:188} WARNING -                                                                                       
[2026-06-20T21:02:46.889+0000] {logging_mixin.py:188} WARNING - 2026-06-20 21:02:46 [INFO] nc downloaded ok: /opt/***/era5/ecmwf/data/nc/_raw/2026/06/15/accum_20260615.nc
[2026-06-20T21:02:46.889+0000] {era5_functions.py:204} INFO - nc downloaded ok: /opt/***/era5/ecmwf/data/nc/_raw/2026/06/15/accum_20260615.nc
[2026-06-20T21:02:46.946+0000] {logging_mixin.py:188} WARNING - 2026-06-20 21:02:46 [INFO] local timestep: 22 — /opt/***/era5/ecmwf/data/nc/_raw/2026/06/15/accum_20260615.nc
[2026-06-20T21:02:46.945+0000] {era5_functions.py:152} INFO - local timestep: 22 — /opt/***/era5/ecmwf/data/nc/_raw/2026/06/15/accum_20260615.nc
[2026-06-20T21:02:47.031+0000] {logging_mixin.py:188} WARNING - 2026-06-20 21:02:47 [INFO] tif outdated (tif=21 < nc=22), removing: /opt/***/era5/ecmwf/data/tif/2026/06/15/tp_20260615.tif
[2026-06-20T21:02:47.030+0000] {era5_functions.py:261} INFO - tif outdated (tif=21 < nc=22), removing: /opt/***/era5/ecmwf/data/tif/2026/06/15/tp_20260615.tif
[2026-06-20T21:02:47.131+0000] {logging_mixin.py:188} WARNING - 2026-06-20 21:02:47 [INFO] tif ok (bands=22): /opt/***/era5/ecmwf/data/tif/2026/06/15/tp_20260615.tif
[2026-06-20T21:02:47.131+0000] {era5_functions.py:304} INFO - tif ok (bands=22): /opt/***/era5/ecmwf/data/tif/2026/06/15/tp_20260615.tif
[2026-06-20T21:02:47.136+0000] {logging_mixin.py:188} WARNING - 2026-06-20 21:02:47 [INFO] === END job=accum date=2026-06-20 ===
[2026-06-20T21:02:47.136+0000] {era5_functions.py:379} INFO - === END job=accum date=2026-06-20 ===
[2026-06-20T21:02:47.138+0000] {python.py:237} INFO - Done. Returned value was: None
[2026-06-20T21:02:47.139+0000] {taskinstance.py:441} INFO - ::group::Post task execution logs
[2026-06-20T21:02:47.152+0000] {taskinstance.py:1206} INFO - Marking task as SUCCESS. dag_id=era5_download_pipeline, task_id=era5_accum, run_id=scheduled__2026-06-20T20:00:00+00:00, execution_date=20260620T200000, start_date=20260620T210149, end_date=20260620T210247
[2026-06-20T21:02:47.235+0000] {local_task_job_runner.py:240} INFO - Task exited with return code 0
[2026-06-20T21:02:47.261+0000] {taskinstance.py:3498} INFO - 0 downstream tasks scheduled from follow-on schedule check
[2026-06-20T21:02:47.265+0000] {local_task_job_runner.py:222} INFO - ::endgroup::
