[2026-06-07T15:03:18.208+0000] {local_task_job_runner.py:120} INFO - ::group::Pre task execution logs
[2026-06-07T15:03:18.250+0000] {taskinstance.py:2076} INFO - Dependencies all met for dep_context=non-requeueable deps ti=<TaskInstance: era5_download_pipeline.era5_accum scheduled__2026-06-07T14:00:00+00:00 [queued]>
[2026-06-07T15:03:18.262+0000] {taskinstance.py:2076} INFO - Dependencies all met for dep_context=requeueable deps ti=<TaskInstance: era5_download_pipeline.era5_accum scheduled__2026-06-07T14:00:00+00:00 [queued]>
[2026-06-07T15:03:18.263+0000] {taskinstance.py:2306} INFO - Starting attempt 1 of 1
[2026-06-07T15:03:18.278+0000] {taskinstance.py:2330} INFO - Executing <Task(PythonOperator): era5_accum> on 2026-06-07 14:00:00+00:00
[2026-06-07T15:03:18.291+0000] {warnings.py:110} WARNING - /home/***/.local/lib/python3.12/site-packages/***/task/task_runner/standard_task_runner.py:61: DeprecationWarning: This process (pid=99137) is multi-threaded, use of fork() may lead to deadlocks in the child.
  pid = os.fork()

[2026-06-07T15:03:18.295+0000] {standard_task_runner.py:63} INFO - Started process 99139 to run task
[2026-06-07T15:03:18.294+0000] {standard_task_runner.py:90} INFO - Running: ['***', 'tasks', 'run', 'era5_download_pipeline', 'era5_accum', 'scheduled__2026-06-07T14:00:00+00:00', '--job-id', '1139', '--raw', '--subdir', 'DAGS_FOLDER/era5_dag.py', '--cfg-path', '/tmp/tmpm5xff9zy']
[2026-06-07T15:03:18.300+0000] {standard_task_runner.py:91} INFO - Job 1139: Subtask era5_accum
[2026-06-07T15:03:18.381+0000] {task_command.py:426} INFO - Running <TaskInstance: era5_download_pipeline.era5_accum scheduled__2026-06-07T14:00:00+00:00 [running]> on host 01cd476fb21a
[2026-06-07T15:03:18.505+0000] {taskinstance.py:2648} INFO - Exporting env vars: AIRFLOW_CTX_DAG_OWNER='era5' AIRFLOW_CTX_DAG_ID='era5_download_pipeline' AIRFLOW_CTX_TASK_ID='era5_accum' AIRFLOW_CTX_EXECUTION_DATE='2026-06-07T14:00:00+00:00' AIRFLOW_CTX_TRY_NUMBER='1' AIRFLOW_CTX_DAG_RUN_ID='scheduled__2026-06-07T14:00:00+00:00'
[2026-06-07T15:03:18.507+0000] {taskinstance.py:430} INFO - ::endgroup::
[2026-06-07T15:03:19.554+0000] {logging_mixin.py:188} WARNING - 2026-06-07 15:03:19 [INFO] === START job=accum date=2026-06-07 ===
[2026-06-07T15:03:19.553+0000] {era5_functions.py:368} INFO - === START job=accum date=2026-06-07 ===
[2026-06-07T15:03:19.557+0000] {logging_mixin.py:188} WARNING - 2026-06-07 15:03:19 [INFO] --- job=accum date=20260607 ---
[2026-06-07T15:03:19.556+0000] {era5_functions.py:330} INFO - --- job=accum date=20260607 ---
[2026-06-07T15:03:20.327+0000] {logging_mixin.py:188} WARNING - 2026-06-07 15:03:20 [WARNING] get_cds_count failed: 400 Client Error: Bad Request for url: https://cds.climate.copernicus.eu/api/retrieve/v1/processes/reanalysis-era5-single-levels/execution
invalid request
None of the data you have requested is available yet, please revise the period requested. The latest date available for this dataset is: 2026-06-02 15:00
[2026-06-07T15:03:20.327+0000] {era5_functions.py:131} WARNING - get_cds_count failed: 400 Client Error: Bad Request for url: https://cds.climate.copernicus.eu/api/retrieve/v1/processes/reanalysis-era5-single-levels/execution
invalid request
None of the data you have requested is available yet, please revise the period requested. The latest date available for this dataset is: 2026-06-02 15:00
[2026-06-07T15:03:20.330+0000] {logging_mixin.py:188} WARNING - 2026-06-07 15:03:20 [WARNING] CDS ยังไม่มีข้อมูล job=accum date=20260607, skip
[2026-06-07T15:03:20.330+0000] {era5_functions.py:335} WARNING - CDS ยังไม่มีข้อมูล job=accum date=20260607, skip
[2026-06-07T15:03:20.333+0000] {logging_mixin.py:188} WARNING - 2026-06-07 15:03:20 [INFO] --- job=accum date=20260606 ---
[2026-06-07T15:03:20.333+0000] {era5_functions.py:330} INFO - --- job=accum date=20260606 ---
[2026-06-07T15:03:20.918+0000] {logging_mixin.py:188} WARNING - 2026-06-07 15:03:20 [WARNING] get_cds_count failed: 400 Client Error: Bad Request for url: https://cds.climate.copernicus.eu/api/retrieve/v1/processes/reanalysis-era5-single-levels/execution
invalid request
None of the data you have requested is available yet, please revise the period requested. The latest date available for this dataset is: 2026-06-02 15:00
[2026-06-07T15:03:20.918+0000] {era5_functions.py:131} WARNING - get_cds_count failed: 400 Client Error: Bad Request for url: https://cds.climate.copernicus.eu/api/retrieve/v1/processes/reanalysis-era5-single-levels/execution
invalid request
None of the data you have requested is available yet, please revise the period requested. The latest date available for this dataset is: 2026-06-02 15:00
[2026-06-07T15:03:20.923+0000] {logging_mixin.py:188} WARNING - 2026-06-07 15:03:20 [WARNING] CDS ยังไม่มีข้อมูล job=accum date=20260606, skip
[2026-06-07T15:03:20.922+0000] {era5_functions.py:335} WARNING - CDS ยังไม่มีข้อมูล job=accum date=20260606, skip
[2026-06-07T15:03:20.925+0000] {logging_mixin.py:188} WARNING - 2026-06-07 15:03:20 [INFO] --- job=accum date=20260605 ---
[2026-06-07T15:03:20.925+0000] {era5_functions.py:330} INFO - --- job=accum date=20260605 ---
[2026-06-07T15:03:21.668+0000] {logging_mixin.py:188} WARNING - 2026-06-07 15:03:21 [WARNING] get_cds_count failed: 400 Client Error: Bad Request for url: https://cds.climate.copernicus.eu/api/retrieve/v1/processes/reanalysis-era5-single-levels/execution
invalid request
None of the data you have requested is available yet, please revise the period requested. The latest date available for this dataset is: 2026-06-02 15:00
[2026-06-07T15:03:21.667+0000] {era5_functions.py:131} WARNING - get_cds_count failed: 400 Client Error: Bad Request for url: https://cds.climate.copernicus.eu/api/retrieve/v1/processes/reanalysis-era5-single-levels/execution
invalid request
None of the data you have requested is available yet, please revise the period requested. The latest date available for this dataset is: 2026-06-02 15:00
[2026-06-07T15:03:21.672+0000] {logging_mixin.py:188} WARNING - 2026-06-07 15:03:21 [WARNING] CDS ยังไม่มีข้อมูล job=accum date=20260605, skip
[2026-06-07T15:03:21.672+0000] {era5_functions.py:335} WARNING - CDS ยังไม่มีข้อมูล job=accum date=20260605, skip
[2026-06-07T15:03:21.676+0000] {logging_mixin.py:188} WARNING - 2026-06-07 15:03:21 [INFO] --- job=accum date=20260604 ---
[2026-06-07T15:03:21.676+0000] {era5_functions.py:330} INFO - --- job=accum date=20260604 ---
[2026-06-07T15:03:22.466+0000] {logging_mixin.py:188} WARNING - 2026-06-07 15:03:22 [WARNING] get_cds_count failed: 400 Client Error: Bad Request for url: https://cds.climate.copernicus.eu/api/retrieve/v1/processes/reanalysis-era5-single-levels/execution
invalid request
None of the data you have requested is available yet, please revise the period requested. The latest date available for this dataset is: 2026-06-02 15:00
[2026-06-07T15:03:22.466+0000] {era5_functions.py:131} WARNING - get_cds_count failed: 400 Client Error: Bad Request for url: https://cds.climate.copernicus.eu/api/retrieve/v1/processes/reanalysis-era5-single-levels/execution
invalid request
None of the data you have requested is available yet, please revise the period requested. The latest date available for this dataset is: 2026-06-02 15:00
[2026-06-07T15:03:22.471+0000] {logging_mixin.py:188} WARNING - 2026-06-07 15:03:22 [WARNING] CDS ยังไม่มีข้อมูล job=accum date=20260604, skip
[2026-06-07T15:03:22.471+0000] {era5_functions.py:335} WARNING - CDS ยังไม่มีข้อมูล job=accum date=20260604, skip
[2026-06-07T15:03:22.474+0000] {logging_mixin.py:188} WARNING - 2026-06-07 15:03:22 [INFO] --- job=accum date=20260603 ---
[2026-06-07T15:03:22.474+0000] {era5_functions.py:330} INFO - --- job=accum date=20260603 ---
[2026-06-07T15:03:23.082+0000] {logging_mixin.py:188} WARNING - 2026-06-07 15:03:23 [WARNING] get_cds_count failed: 400 Client Error: Bad Request for url: https://cds.climate.copernicus.eu/api/retrieve/v1/processes/reanalysis-era5-single-levels/execution
invalid request
None of the data you have requested is available yet, please revise the period requested. The latest date available for this dataset is: 2026-06-02 15:00
[2026-06-07T15:03:23.082+0000] {era5_functions.py:131} WARNING - get_cds_count failed: 400 Client Error: Bad Request for url: https://cds.climate.copernicus.eu/api/retrieve/v1/processes/reanalysis-era5-single-levels/execution
invalid request
None of the data you have requested is available yet, please revise the period requested. The latest date available for this dataset is: 2026-06-02 15:00
[2026-06-07T15:03:23.087+0000] {logging_mixin.py:188} WARNING - 2026-06-07 15:03:23 [WARNING] CDS ยังไม่มีข้อมูล job=accum date=20260603, skip
[2026-06-07T15:03:23.087+0000] {era5_functions.py:335} WARNING - CDS ยังไม่มีข้อมูล job=accum date=20260603, skip
[2026-06-07T15:03:23.089+0000] {logging_mixin.py:188} WARNING - 2026-06-07 15:03:23 [INFO] --- job=accum date=20260602 ---
[2026-06-07T15:03:23.089+0000] {era5_functions.py:330} INFO - --- job=accum date=20260602 ---
[2026-06-07T15:03:23.647+0000] {logging_mixin.py:188} WARNING - 2026-06-07 15:03:23,647 INFO [2025-12-11T00:00:00] Please note that a dedicated catalogue entry for this dataset, post-processed and stored in Analysis Ready Cloud Optimized (ARCO) format (Zarr), is available for optimised time-series retrievals (i.e. for retrieving data from selected variables for a single point over an extended period of time in an efficient way). You can discover it [here](https://cds.climate.copernicus.eu/datasets/reanalysis-era5-single-levels-timeseries?tab=overview)
[2026-06-07T15:03:23.647+0000] {legacy_client.py:192} INFO - [2025-12-11T00:00:00] Please note that a dedicated catalogue entry for this dataset, post-processed and stored in Analysis Ready Cloud Optimized (ARCO) format (Zarr), is available for optimised time-series retrievals (i.e. for retrieving data from selected variables for a single point over an extended period of time in an efficient way). You can discover it [here](https://cds.climate.copernicus.eu/datasets/reanalysis-era5-single-levels-timeseries?tab=overview)
[2026-06-07T15:03:23.653+0000] {logging_mixin.py:188} WARNING - 2026-06-07 15:03:23,652 INFO Request ID is 8286b9e5-c7be-434a-ba4d-cfe9bb44035d
[2026-06-07T15:03:23.652+0000] {legacy_client.py:192} INFO - Request ID is 8286b9e5-c7be-434a-ba4d-cfe9bb44035d
[2026-06-07T15:03:23.861+0000] {logging_mixin.py:188} WARNING - 2026-06-07 15:03:23,860 INFO status has been updated to accepted
[2026-06-07T15:03:23.860+0000] {legacy_client.py:192} INFO - status has been updated to accepted
[2026-06-07T15:03:38.112+0000] {logging_mixin.py:188} WARNING - 2026-06-07 15:03:38,112 INFO status has been updated to running
[2026-06-07T15:03:38.112+0000] {legacy_client.py:192} INFO - status has been updated to running
[2026-06-07T15:03:45.942+0000] {logging_mixin.py:188} WARNING - 2026-06-07 15:03:45,941 INFO status has been updated to successful
[2026-06-07T15:03:45.941+0000] {legacy_client.py:192} INFO - status has been updated to successful
[2026-06-07T15:03:46.347+0000] {base.py:119} INFO - Downloading https://object-store.os-api.cci2.ecmwf.int:443/cci2-prod-cache-3/2026-06-07/892a6ab25de1fd49a8a9a888fd95580c.nc
[2026-06-07T15:03:47.338+0000] {logging_mixin.py:188} WARNING - 892a6ab25de1fd49a8a9a888fd95580c.nc:   0%|          | 0.00/246k [00:00<?, ?B/s]
[2026-06-07T15:03:48.737+0000] {logging_mixin.py:188} WARNING - 892a6ab25de1fd49a8a9a888fd95580c.nc: 100%|##########| 246k/246k [00:01<00:00, 180kB/s]
[2026-06-07T15:03:48.741+0000] {logging_mixin.py:188} WARNING -                                                                                       
[2026-06-07T15:03:49.039+0000] {logging_mixin.py:188} WARNING - 2026-06-07 15:03:49 [INFO] CDS timestep available: 16
[2026-06-07T15:03:49.039+0000] {era5_functions.py:128} INFO - CDS timestep available: 16
[2026-06-07T15:03:49.097+0000] {logging_mixin.py:188} WARNING - 2026-06-07 15:03:49 [INFO] local timestep: 15 — /opt/***/era5/ecmwf/data/nc/_raw/2026/06/02/accum_20260602.nc
[2026-06-07T15:03:49.097+0000] {era5_functions.py:152} INFO - local timestep: 15 — /opt/***/era5/ecmwf/data/nc/_raw/2026/06/02/accum_20260602.nc
[2026-06-07T15:03:49.104+0000] {logging_mixin.py:188} WARNING - 2026-06-07 15:03:49 [INFO] nc outdated (local=15 < cds=16), removing: /opt/***/era5/ecmwf/data/nc/_raw/2026/06/02/accum_20260602.nc
[2026-06-07T15:03:49.104+0000] {era5_functions.py:193} INFO - nc outdated (local=15 < cds=16), removing: /opt/***/era5/ecmwf/data/nc/_raw/2026/06/02/accum_20260602.nc
[2026-06-07T15:03:49.124+0000] {logging_mixin.py:188} WARNING - 2026-06-07 15:03:49 [INFO] download attempt 1/3: /opt/***/era5/ecmwf/data/nc/_raw/2026/06/02/accum_20260602.nc
[2026-06-07T15:03:49.124+0000] {era5_functions.py:200} INFO - download attempt 1/3: /opt/***/era5/ecmwf/data/nc/_raw/2026/06/02/accum_20260602.nc
[2026-06-07T15:03:49.850+0000] {logging_mixin.py:188} WARNING - 2026-06-07 15:03:49,850 INFO [2025-12-11T00:00:00] Please note that a dedicated catalogue entry for this dataset, post-processed and stored in Analysis Ready Cloud Optimized (ARCO) format (Zarr), is available for optimised time-series retrievals (i.e. for retrieving data from selected variables for a single point over an extended period of time in an efficient way). You can discover it [here](https://cds.climate.copernicus.eu/datasets/reanalysis-era5-single-levels-timeseries?tab=overview)
[2026-06-07T15:03:49.850+0000] {legacy_client.py:192} INFO - [2025-12-11T00:00:00] Please note that a dedicated catalogue entry for this dataset, post-processed and stored in Analysis Ready Cloud Optimized (ARCO) format (Zarr), is available for optimised time-series retrievals (i.e. for retrieving data from selected variables for a single point over an extended period of time in an efficient way). You can discover it [here](https://cds.climate.copernicus.eu/datasets/reanalysis-era5-single-levels-timeseries?tab=overview)
[2026-06-07T15:03:49.855+0000] {logging_mixin.py:188} WARNING - 2026-06-07 15:03:49,855 INFO Request ID is 801163b4-f7da-4655-b914-efe8ff7acb2d
[2026-06-07T15:03:49.855+0000] {legacy_client.py:192} INFO - Request ID is 801163b4-f7da-4655-b914-efe8ff7acb2d
[2026-06-07T15:03:50.067+0000] {logging_mixin.py:188} WARNING - 2026-06-07 15:03:50,067 INFO status has been updated to accepted
[2026-06-07T15:03:50.067+0000] {legacy_client.py:192} INFO - status has been updated to accepted
[2026-06-07T15:04:05.282+0000] {logging_mixin.py:188} WARNING - 2026-06-07 15:04:05,282 INFO status has been updated to running
[2026-06-07T15:04:05.282+0000] {legacy_client.py:192} INFO - status has been updated to running
[2026-06-07T15:04:13.084+0000] {logging_mixin.py:188} WARNING - 2026-06-07 15:04:13,084 INFO status has been updated to successful
[2026-06-07T15:04:13.084+0000] {legacy_client.py:192} INFO - status has been updated to successful
[2026-06-07T15:04:13.510+0000] {base.py:119} INFO - Downloading https://object-store.os-api.cci2.ecmwf.int:443/cci2-prod-cache-1/2026-06-07/b42b15846487f94125908b8e9e03fa67.nc
[2026-06-07T15:04:14.230+0000] {logging_mixin.py:188} WARNING - b42b15846487f94125908b8e9e03fa67.nc:   0%|          | 0.00/246k [00:00<?, ?B/s]
[2026-06-07T15:04:15.632+0000] {logging_mixin.py:188} WARNING - b42b15846487f94125908b8e9e03fa67.nc: 100%|##########| 246k/246k [00:01<00:00, 180kB/s]
[2026-06-07T15:04:15.658+0000] {logging_mixin.py:188} WARNING -                                                                                       
[2026-06-07T15:04:15.767+0000] {logging_mixin.py:188} WARNING - 2026-06-07 15:04:15 [INFO] nc downloaded ok: /opt/***/era5/ecmwf/data/nc/_raw/2026/06/02/accum_20260602.nc
[2026-06-07T15:04:15.767+0000] {era5_functions.py:204} INFO - nc downloaded ok: /opt/***/era5/ecmwf/data/nc/_raw/2026/06/02/accum_20260602.nc
[2026-06-07T15:04:15.824+0000] {logging_mixin.py:188} WARNING - 2026-06-07 15:04:15 [INFO] local timestep: 16 — /opt/***/era5/ecmwf/data/nc/_raw/2026/06/02/accum_20260602.nc
[2026-06-07T15:04:15.824+0000] {era5_functions.py:152} INFO - local timestep: 16 — /opt/***/era5/ecmwf/data/nc/_raw/2026/06/02/accum_20260602.nc
[2026-06-07T15:04:15.907+0000] {logging_mixin.py:188} WARNING - 2026-06-07 15:04:15 [INFO] tif outdated (tif=15 < nc=16), removing: /opt/***/era5/ecmwf/data/tif/2026/06/02/tp_20260602.tif
[2026-06-07T15:04:15.907+0000] {era5_functions.py:261} INFO - tif outdated (tif=15 < nc=16), removing: /opt/***/era5/ecmwf/data/tif/2026/06/02/tp_20260602.tif
[2026-06-07T15:04:16.005+0000] {logging_mixin.py:188} WARNING - 2026-06-07 15:04:16 [INFO] tif ok (bands=16): /opt/***/era5/ecmwf/data/tif/2026/06/02/tp_20260602.tif
[2026-06-07T15:04:16.004+0000] {era5_functions.py:304} INFO - tif ok (bands=16): /opt/***/era5/ecmwf/data/tif/2026/06/02/tp_20260602.tif
[2026-06-07T15:04:16.012+0000] {logging_mixin.py:188} WARNING - 2026-06-07 15:04:16 [INFO] === END job=accum date=2026-06-07 ===
[2026-06-07T15:04:16.012+0000] {era5_functions.py:379} INFO - === END job=accum date=2026-06-07 ===
[2026-06-07T15:04:16.014+0000] {python.py:237} INFO - Done. Returned value was: None
[2026-06-07T15:04:16.015+0000] {taskinstance.py:441} INFO - ::group::Post task execution logs
[2026-06-07T15:04:16.033+0000] {taskinstance.py:1206} INFO - Marking task as SUCCESS. dag_id=era5_download_pipeline, task_id=era5_accum, run_id=scheduled__2026-06-07T14:00:00+00:00, execution_date=20260607T140000, start_date=20260607T150318, end_date=20260607T150416
[2026-06-07T15:04:16.121+0000] {local_task_job_runner.py:240} INFO - Task exited with return code 0
[2026-06-07T15:04:16.150+0000] {taskinstance.py:3498} INFO - 0 downstream tasks scheduled from follow-on schedule check
[2026-06-07T15:04:16.155+0000] {local_task_job_runner.py:222} INFO - ::endgroup::
