[2026-05-27T17:00:01.814+0000] {local_task_job_runner.py:120} INFO - ::group::Pre task execution logs
[2026-05-27T17:00:01.835+0000] {taskinstance.py:2076} INFO - Dependencies all met for dep_context=non-requeueable deps ti=<TaskInstance: era5_download_pipeline.era5_instant scheduled__2026-05-27T16:00:00+00:00 [queued]>
[2026-05-27T17:00:01.846+0000] {taskinstance.py:2076} INFO - Dependencies all met for dep_context=requeueable deps ti=<TaskInstance: era5_download_pipeline.era5_instant scheduled__2026-05-27T16:00:00+00:00 [queued]>
[2026-05-27T17:00:01.847+0000] {taskinstance.py:2306} INFO - Starting attempt 1 of 1
[2026-05-27T17:00:01.864+0000] {taskinstance.py:2330} INFO - Executing <Task(PythonOperator): era5_instant> on 2026-05-27 16:00:00+00:00
[2026-05-27T17:00:01.876+0000] {warnings.py:110} WARNING - /home/***/.local/lib/python3.12/site-packages/***/task/task_runner/standard_task_runner.py:61: DeprecationWarning: This process (pid=11921) is multi-threaded, use of fork() may lead to deadlocks in the child.
  pid = os.fork()

[2026-05-27T17:00:01.879+0000] {standard_task_runner.py:63} INFO - Started process 11923 to run task
[2026-05-27T17:00:01.878+0000] {standard_task_runner.py:90} INFO - Running: ['***', 'tasks', 'run', 'era5_download_pipeline', 'era5_instant', 'scheduled__2026-05-27T16:00:00+00:00', '--job-id', '559', '--raw', '--subdir', 'DAGS_FOLDER/era5_dag.py', '--cfg-path', '/tmp/tmpxl4yrb_0']
[2026-05-27T17:00:01.884+0000] {standard_task_runner.py:91} INFO - Job 559: Subtask era5_instant
[2026-05-27T17:00:01.978+0000] {task_command.py:426} INFO - Running <TaskInstance: era5_download_pipeline.era5_instant scheduled__2026-05-27T16:00:00+00:00 [running]> on host 72692237d8f2
[2026-05-27T17:00:02.151+0000] {taskinstance.py:2648} INFO - Exporting env vars: AIRFLOW_CTX_DAG_OWNER='era5' AIRFLOW_CTX_DAG_ID='era5_download_pipeline' AIRFLOW_CTX_TASK_ID='era5_instant' AIRFLOW_CTX_EXECUTION_DATE='2026-05-27T16:00:00+00:00' AIRFLOW_CTX_TRY_NUMBER='1' AIRFLOW_CTX_DAG_RUN_ID='scheduled__2026-05-27T16:00:00+00:00'
[2026-05-27T17:00:02.155+0000] {taskinstance.py:430} INFO - ::endgroup::
[2026-05-27T17:00:03.238+0000] {logging_mixin.py:188} WARNING - 2026-05-27 17:00:03 [INFO] === START job=instant date=2026-05-27 ===
[2026-05-27T17:00:03.238+0000] {era5_functions.py:322} INFO - === START job=instant date=2026-05-27 ===
[2026-05-27T17:00:03.241+0000] {logging_mixin.py:188} WARNING - 2026-05-27 17:00:03 [INFO] --- job=instant date=20260527 ---
[2026-05-27T17:00:03.241+0000] {era5_functions.py:290} INFO - --- job=instant date=20260527 ---
[2026-05-27T17:00:04.228+0000] {logging_mixin.py:188} WARNING - 2026-05-27 17:00:04 [WARNING] get_cds_count failed: 400 Client Error: Bad Request for url: https://cds.climate.copernicus.eu/api/retrieve/v1/processes/reanalysis-era5-single-levels/execution
invalid request
None of the data you have requested is available yet, please revise the period requested. The latest date available for this dataset is: 2026-05-22 17:00
[2026-05-27T17:00:04.227+0000] {era5_functions.py:120} WARNING - get_cds_count failed: 400 Client Error: Bad Request for url: https://cds.climate.copernicus.eu/api/retrieve/v1/processes/reanalysis-era5-single-levels/execution
invalid request
None of the data you have requested is available yet, please revise the period requested. The latest date available for this dataset is: 2026-05-22 17:00
[2026-05-27T17:00:04.230+0000] {logging_mixin.py:188} WARNING - 2026-05-27 17:00:04 [WARNING] CDS ยังไม่มีข้อมูล job=instant date=20260527, skip
[2026-05-27T17:00:04.230+0000] {era5_functions.py:295} WARNING - CDS ยังไม่มีข้อมูล job=instant date=20260527, skip
[2026-05-27T17:00:04.233+0000] {logging_mixin.py:188} WARNING - 2026-05-27 17:00:04 [INFO] --- job=instant date=20260526 ---
[2026-05-27T17:00:04.233+0000] {era5_functions.py:290} INFO - --- job=instant date=20260526 ---
[2026-05-27T17:00:05.786+0000] {logging_mixin.py:188} WARNING - 2026-05-27 17:00:05 [WARNING] get_cds_count failed: 400 Client Error: Bad Request for url: https://cds.climate.copernicus.eu/api/retrieve/v1/processes/reanalysis-era5-single-levels/execution
invalid request
None of the data you have requested is available yet, please revise the period requested. The latest date available for this dataset is: 2026-05-22 17:00
[2026-05-27T17:00:05.785+0000] {era5_functions.py:120} WARNING - get_cds_count failed: 400 Client Error: Bad Request for url: https://cds.climate.copernicus.eu/api/retrieve/v1/processes/reanalysis-era5-single-levels/execution
invalid request
None of the data you have requested is available yet, please revise the period requested. The latest date available for this dataset is: 2026-05-22 17:00
[2026-05-27T17:00:05.789+0000] {logging_mixin.py:188} WARNING - 2026-05-27 17:00:05 [WARNING] CDS ยังไม่มีข้อมูล job=instant date=20260526, skip
[2026-05-27T17:00:05.789+0000] {era5_functions.py:295} WARNING - CDS ยังไม่มีข้อมูล job=instant date=20260526, skip
[2026-05-27T17:00:05.793+0000] {logging_mixin.py:188} WARNING - 2026-05-27 17:00:05 [INFO] --- job=instant date=20260525 ---
[2026-05-27T17:00:05.792+0000] {era5_functions.py:290} INFO - --- job=instant date=20260525 ---
[2026-05-27T17:00:06.394+0000] {logging_mixin.py:188} WARNING - 2026-05-27 17:00:06 [WARNING] get_cds_count failed: 400 Client Error: Bad Request for url: https://cds.climate.copernicus.eu/api/retrieve/v1/processes/reanalysis-era5-single-levels/execution
invalid request
None of the data you have requested is available yet, please revise the period requested. The latest date available for this dataset is: 2026-05-22 17:00
[2026-05-27T17:00:06.394+0000] {era5_functions.py:120} WARNING - get_cds_count failed: 400 Client Error: Bad Request for url: https://cds.climate.copernicus.eu/api/retrieve/v1/processes/reanalysis-era5-single-levels/execution
invalid request
None of the data you have requested is available yet, please revise the period requested. The latest date available for this dataset is: 2026-05-22 17:00
[2026-05-27T17:00:06.397+0000] {logging_mixin.py:188} WARNING - 2026-05-27 17:00:06 [WARNING] CDS ยังไม่มีข้อมูล job=instant date=20260525, skip
[2026-05-27T17:00:06.397+0000] {era5_functions.py:295} WARNING - CDS ยังไม่มีข้อมูล job=instant date=20260525, skip
[2026-05-27T17:00:06.399+0000] {logging_mixin.py:188} WARNING - 2026-05-27 17:00:06 [INFO] --- job=instant date=20260524 ---
[2026-05-27T17:00:06.399+0000] {era5_functions.py:290} INFO - --- job=instant date=20260524 ---
[2026-05-27T17:00:06.795+0000] {logging_mixin.py:188} WARNING - 2026-05-27 17:00:06 [WARNING] get_cds_count failed: 400 Client Error: Bad Request for url: https://cds.climate.copernicus.eu/api/retrieve/v1/processes/reanalysis-era5-single-levels/execution
invalid request
None of the data you have requested is available yet, please revise the period requested. The latest date available for this dataset is: 2026-05-22 17:00
[2026-05-27T17:00:06.795+0000] {era5_functions.py:120} WARNING - get_cds_count failed: 400 Client Error: Bad Request for url: https://cds.climate.copernicus.eu/api/retrieve/v1/processes/reanalysis-era5-single-levels/execution
invalid request
None of the data you have requested is available yet, please revise the period requested. The latest date available for this dataset is: 2026-05-22 17:00
[2026-05-27T17:00:06.797+0000] {logging_mixin.py:188} WARNING - 2026-05-27 17:00:06 [WARNING] CDS ยังไม่มีข้อมูล job=instant date=20260524, skip
[2026-05-27T17:00:06.797+0000] {era5_functions.py:295} WARNING - CDS ยังไม่มีข้อมูล job=instant date=20260524, skip
[2026-05-27T17:00:06.799+0000] {logging_mixin.py:188} WARNING - 2026-05-27 17:00:06 [INFO] --- job=instant date=20260523 ---
[2026-05-27T17:00:06.799+0000] {era5_functions.py:290} INFO - --- job=instant date=20260523 ---
[2026-05-27T17:00:07.348+0000] {logging_mixin.py:188} WARNING - 2026-05-27 17:00:07 [WARNING] get_cds_count failed: 400 Client Error: Bad Request for url: https://cds.climate.copernicus.eu/api/retrieve/v1/processes/reanalysis-era5-single-levels/execution
invalid request
None of the data you have requested is available yet, please revise the period requested. The latest date available for this dataset is: 2026-05-22 17:00
[2026-05-27T17:00:07.348+0000] {era5_functions.py:120} WARNING - get_cds_count failed: 400 Client Error: Bad Request for url: https://cds.climate.copernicus.eu/api/retrieve/v1/processes/reanalysis-era5-single-levels/execution
invalid request
None of the data you have requested is available yet, please revise the period requested. The latest date available for this dataset is: 2026-05-22 17:00
[2026-05-27T17:00:07.352+0000] {logging_mixin.py:188} WARNING - 2026-05-27 17:00:07 [WARNING] CDS ยังไม่มีข้อมูล job=instant date=20260523, skip
[2026-05-27T17:00:07.351+0000] {era5_functions.py:295} WARNING - CDS ยังไม่มีข้อมูล job=instant date=20260523, skip
[2026-05-27T17:00:07.354+0000] {logging_mixin.py:188} WARNING - 2026-05-27 17:00:07 [INFO] --- job=instant date=20260522 ---
[2026-05-27T17:00:07.353+0000] {era5_functions.py:290} INFO - --- job=instant date=20260522 ---
[2026-05-27T17:00:07.867+0000] {logging_mixin.py:188} WARNING - 2026-05-27 17:00:07,867 INFO [2025-12-11T00:00:00] Please note that a dedicated catalogue entry for this dataset, post-processed and stored in Analysis Ready Cloud Optimized (ARCO) format (Zarr), is available for optimised time-series retrievals (i.e. for retrieving data from selected variables for a single point over an extended period of time in an efficient way). You can discover it [here](https://cds.climate.copernicus.eu/datasets/reanalysis-era5-single-levels-timeseries?tab=overview)
[2026-05-27T17:00:07.867+0000] {legacy_client.py:192} INFO - [2025-12-11T00:00:00] Please note that a dedicated catalogue entry for this dataset, post-processed and stored in Analysis Ready Cloud Optimized (ARCO) format (Zarr), is available for optimised time-series retrievals (i.e. for retrieving data from selected variables for a single point over an extended period of time in an efficient way). You can discover it [here](https://cds.climate.copernicus.eu/datasets/reanalysis-era5-single-levels-timeseries?tab=overview)
[2026-05-27T17:00:07.870+0000] {logging_mixin.py:188} WARNING - 2026-05-27 17:00:07,870 INFO Request ID is f10a7d64-a530-480b-aab4-f51e6c71faa6
[2026-05-27T17:00:07.870+0000] {legacy_client.py:192} INFO - Request ID is f10a7d64-a530-480b-aab4-f51e6c71faa6
[2026-05-27T17:00:08.101+0000] {logging_mixin.py:188} WARNING - 2026-05-27 17:00:08,100 INFO status has been updated to accepted
[2026-05-27T17:00:08.100+0000] {legacy_client.py:192} INFO - status has been updated to accepted
[2026-05-27T17:00:41.781+0000] {logging_mixin.py:188} WARNING - 2026-05-27 17:00:41,780 INFO status has been updated to successful
[2026-05-27T17:00:41.780+0000] {legacy_client.py:192} INFO - status has been updated to successful
[2026-05-27T17:00:43.334+0000] {base.py:119} INFO - Downloading https://object-store.os-api.cci2.ecmwf.int:443/cci2-prod-cache-2/2026-05-27/d8682199d0fd10fb3e14c4901d23e064.nc
[2026-05-27T17:00:44.344+0000] {logging_mixin.py:188} WARNING - d8682199d0fd10fb3e14c4901d23e064.nc:   0%|          | 0.00/1.96M [00:00<?, ?B/s]
[2026-05-27T17:00:46.320+0000] {logging_mixin.py:188} WARNING - d8682199d0fd10fb3e14c4901d23e064.nc:  51%|#####1    | 1.00M/1.96M [00:01<00:01, 531kB/s]
[2026-05-27T17:00:46.497+0000] {logging_mixin.py:188} WARNING - d8682199d0fd10fb3e14c4901d23e064.nc: 100%|##########| 1.96M/1.96M [00:02<00:00, 1.11MB/s]
[2026-05-27T17:00:46.500+0000] {logging_mixin.py:188} WARNING -                                                                                          
[2026-05-27T17:00:46.774+0000] {logging_mixin.py:188} WARNING - 2026-05-27 17:00:46 [INFO] CDS timestep available: 18
[2026-05-27T17:00:46.774+0000] {era5_functions.py:117} INFO - CDS timestep available: 18
[2026-05-27T17:00:46.881+0000] {logging_mixin.py:188} WARNING - 2026-05-27 17:00:46 [INFO] local timestep: 17 — /opt/***/era5/ecmwf/data/nc/_raw/2026/05/22/instant_20260522.nc
[2026-05-27T17:00:46.881+0000] {era5_functions.py:141} INFO - local timestep: 17 — /opt/***/era5/ecmwf/data/nc/_raw/2026/05/22/instant_20260522.nc
[2026-05-27T17:00:46.888+0000] {logging_mixin.py:188} WARNING - 2026-05-27 17:00:46 [INFO] nc outdated (local=17 < cds=18), removing: /opt/***/era5/ecmwf/data/nc/_raw/2026/05/22/instant_20260522.nc
[2026-05-27T17:00:46.888+0000] {era5_functions.py:167} INFO - nc outdated (local=17 < cds=18), removing: /opt/***/era5/ecmwf/data/nc/_raw/2026/05/22/instant_20260522.nc
[2026-05-27T17:00:46.907+0000] {logging_mixin.py:188} WARNING - 2026-05-27 17:00:46 [INFO] download attempt 1/3: /opt/***/era5/ecmwf/data/nc/_raw/2026/05/22/instant_20260522.nc
[2026-05-27T17:00:46.906+0000] {era5_functions.py:174} INFO - download attempt 1/3: /opt/***/era5/ecmwf/data/nc/_raw/2026/05/22/instant_20260522.nc
[2026-05-27T17:00:47.602+0000] {logging_mixin.py:188} WARNING - 2026-05-27 17:00:47,602 INFO [2025-12-11T00:00:00] Please note that a dedicated catalogue entry for this dataset, post-processed and stored in Analysis Ready Cloud Optimized (ARCO) format (Zarr), is available for optimised time-series retrievals (i.e. for retrieving data from selected variables for a single point over an extended period of time in an efficient way). You can discover it [here](https://cds.climate.copernicus.eu/datasets/reanalysis-era5-single-levels-timeseries?tab=overview)
[2026-05-27T17:00:47.602+0000] {legacy_client.py:192} INFO - [2025-12-11T00:00:00] Please note that a dedicated catalogue entry for this dataset, post-processed and stored in Analysis Ready Cloud Optimized (ARCO) format (Zarr), is available for optimised time-series retrievals (i.e. for retrieving data from selected variables for a single point over an extended period of time in an efficient way). You can discover it [here](https://cds.climate.copernicus.eu/datasets/reanalysis-era5-single-levels-timeseries?tab=overview)
[2026-05-27T17:00:47.606+0000] {logging_mixin.py:188} WARNING - 2026-05-27 17:00:47,606 INFO Request ID is 7b5539bc-05b5-421a-a4bf-8685bbc5884d
[2026-05-27T17:00:47.606+0000] {legacy_client.py:192} INFO - Request ID is 7b5539bc-05b5-421a-a4bf-8685bbc5884d
[2026-05-27T17:00:47.814+0000] {logging_mixin.py:188} WARNING - 2026-05-27 17:00:47,814 INFO status has been updated to accepted
[2026-05-27T17:00:47.814+0000] {legacy_client.py:192} INFO - status has been updated to accepted
[2026-05-27T17:01:10.270+0000] {logging_mixin.py:188} WARNING - 2026-05-27 17:01:10,270 INFO status has been updated to successful
[2026-05-27T17:01:10.270+0000] {legacy_client.py:192} INFO - status has been updated to successful
[2026-05-27T17:01:10.696+0000] {base.py:119} INFO - Downloading https://object-store.os-api.cci2.ecmwf.int:443/cci2-prod-cache-1/2026-05-27/803464f92a3c2a1e6fef9b78bd3382c6.nc
[2026-05-27T17:01:11.688+0000] {logging_mixin.py:188} WARNING - 803464f92a3c2a1e6fef9b78bd3382c6.nc:   0%|          | 0.00/1.96M [00:00<?, ?B/s]
[2026-05-27T17:01:13.482+0000] {logging_mixin.py:188} WARNING - 803464f92a3c2a1e6fef9b78bd3382c6.nc:  51%|#####1    | 1.00M/1.96M [00:01<00:01, 585kB/s]
[2026-05-27T17:01:13.660+0000] {logging_mixin.py:188} WARNING - 803464f92a3c2a1e6fef9b78bd3382c6.nc: 100%|##########| 1.96M/1.96M [00:01<00:00, 1.21MB/s]
[2026-05-27T17:01:13.676+0000] {logging_mixin.py:188} WARNING -                                                                                          
[2026-05-27T17:01:13.814+0000] {logging_mixin.py:188} WARNING - 2026-05-27 17:01:13 [INFO] nc downloaded ok: /opt/***/era5/ecmwf/data/nc/_raw/2026/05/22/instant_20260522.nc
[2026-05-27T17:01:13.814+0000] {era5_functions.py:178} INFO - nc downloaded ok: /opt/***/era5/ecmwf/data/nc/_raw/2026/05/22/instant_20260522.nc
[2026-05-27T17:01:13.921+0000] {era5_functions.py:94} DEBUG - tif band 17 < cds 18: /opt/***/era5/ecmwf/data/tif/2026/05/22/t2m_20260522.tif
[2026-05-27T17:01:14.016+0000] {logging_mixin.py:188} WARNING - 2026-05-27 17:01:14 [INFO] tif ok: /opt/***/era5/ecmwf/data/tif/2026/05/22/t2m_20260522.tif
[2026-05-27T17:01:14.016+0000] {era5_functions.py:264} INFO - tif ok: /opt/***/era5/ecmwf/data/tif/2026/05/22/t2m_20260522.tif
[2026-05-27T17:01:14.032+0000] {era5_functions.py:94} DEBUG - tif band 17 < cds 18: /opt/***/era5/ecmwf/data/tif/2026/05/22/d2m_20260522.tif
[2026-05-27T17:01:14.138+0000] {logging_mixin.py:188} WARNING - 2026-05-27 17:01:14 [INFO] tif ok: /opt/***/era5/ecmwf/data/tif/2026/05/22/d2m_20260522.tif
[2026-05-27T17:01:14.138+0000] {era5_functions.py:264} INFO - tif ok: /opt/***/era5/ecmwf/data/tif/2026/05/22/d2m_20260522.tif
[2026-05-27T17:01:14.153+0000] {era5_functions.py:94} DEBUG - tif band 17 < cds 18: /opt/***/era5/ecmwf/data/tif/2026/05/22/sp_20260522.tif
[2026-05-27T17:01:14.246+0000] {logging_mixin.py:188} WARNING - 2026-05-27 17:01:14 [INFO] tif ok: /opt/***/era5/ecmwf/data/tif/2026/05/22/sp_20260522.tif
[2026-05-27T17:01:14.246+0000] {era5_functions.py:264} INFO - tif ok: /opt/***/era5/ecmwf/data/tif/2026/05/22/sp_20260522.tif
[2026-05-27T17:01:14.263+0000] {era5_functions.py:94} DEBUG - tif band 4 < cds 18: /opt/***/era5/ecmwf/data/tif/2026/05/22/blh_20260522.tif
[2026-05-27T17:01:14.403+0000] {logging_mixin.py:188} WARNING - 2026-05-27 17:01:14 [ERROR] convert_tif error: [Errno 13] Permission denied: '/opt/***/era5/ecmwf/data/tif/2026/05/22/blh_20260522.tif.tmp' -> '/opt/***/era5/ecmwf/data/tif/2026/05/22/blh_20260522.tif'
[2026-05-27T17:01:14.403+0000] {era5_functions.py:269} ERROR - convert_tif error: [Errno 13] Permission denied: '/opt/***/era5/ecmwf/data/tif/2026/05/22/blh_20260522.tif.tmp' -> '/opt/***/era5/ecmwf/data/tif/2026/05/22/blh_20260522.tif'
[2026-05-27T17:01:14.406+0000] {logging_mixin.py:188} WARNING - 2026-05-27 17:01:14 [INFO] === END job=instant date=2026-05-27 ===
[2026-05-27T17:01:14.406+0000] {era5_functions.py:333} INFO - === END job=instant date=2026-05-27 ===
[2026-05-27T17:01:14.407+0000] {python.py:237} INFO - Done. Returned value was: None
[2026-05-27T17:01:14.407+0000] {taskinstance.py:441} INFO - ::group::Post task execution logs
[2026-05-27T17:01:14.424+0000] {taskinstance.py:1206} INFO - Marking task as SUCCESS. dag_id=era5_download_pipeline, task_id=era5_instant, run_id=scheduled__2026-05-27T16:00:00+00:00, execution_date=20260527T160000, start_date=20260527T170001, end_date=20260527T170114
[2026-05-27T17:01:14.501+0000] {local_task_job_runner.py:240} INFO - Task exited with return code 0
[2026-05-27T17:01:14.530+0000] {taskinstance.py:3498} INFO - 0 downstream tasks scheduled from follow-on schedule check
[2026-05-27T17:01:14.535+0000] {local_task_job_runner.py:222} INFO - ::endgroup::
