[2026-06-15T17:00:02.101+0000] {local_task_job_runner.py:120} INFO - ::group::Pre task execution logs
[2026-06-15T17:00:02.138+0000] {taskinstance.py:2076} INFO - Dependencies all met for dep_context=non-requeueable deps ti=<TaskInstance: era5_download_pipeline.era5_instant scheduled__2026-06-15T16:00:00+00:00 [queued]>
[2026-06-15T17:00:02.150+0000] {taskinstance.py:2076} INFO - Dependencies all met for dep_context=requeueable deps ti=<TaskInstance: era5_download_pipeline.era5_instant scheduled__2026-06-15T16:00:00+00:00 [queued]>
[2026-06-15T17:00:02.151+0000] {taskinstance.py:2306} INFO - Starting attempt 1 of 1
[2026-06-15T17:00:02.169+0000] {taskinstance.py:2330} INFO - Executing <Task(PythonOperator): era5_instant> on 2026-06-15 16:00:00+00:00
[2026-06-15T17:00:02.180+0000] {warnings.py:110} WARNING - /home/***/.local/lib/python3.12/site-packages/***/task/task_runner/standard_task_runner.py:61: DeprecationWarning: This process (pid=81489) is multi-threaded, use of fork() may lead to deadlocks in the child.
  pid = os.fork()

[2026-06-15T17:00:02.183+0000] {standard_task_runner.py:63} INFO - Started process 81493 to run task
[2026-06-15T17:00:02.183+0000] {standard_task_runner.py:90} INFO - Running: ['***', 'tasks', 'run', 'era5_download_pipeline', 'era5_instant', 'scheduled__2026-06-15T16:00:00+00:00', '--job-id', '1638', '--raw', '--subdir', 'DAGS_FOLDER/era5_dag.py', '--cfg-path', '/tmp/tmpok1_9wlt']
[2026-06-15T17:00:02.188+0000] {standard_task_runner.py:91} INFO - Job 1638: Subtask era5_instant
[2026-06-15T17:00:02.276+0000] {task_command.py:426} INFO - Running <TaskInstance: era5_download_pipeline.era5_instant scheduled__2026-06-15T16:00:00+00:00 [running]> on host 01cd476fb21a
[2026-06-15T17:00:02.412+0000] {taskinstance.py:2648} INFO - Exporting env vars: AIRFLOW_CTX_DAG_OWNER='era5' AIRFLOW_CTX_DAG_ID='era5_download_pipeline' AIRFLOW_CTX_TASK_ID='era5_instant' AIRFLOW_CTX_EXECUTION_DATE='2026-06-15T16:00:00+00:00' AIRFLOW_CTX_TRY_NUMBER='1' AIRFLOW_CTX_DAG_RUN_ID='scheduled__2026-06-15T16:00:00+00:00'
[2026-06-15T17:00:02.415+0000] {taskinstance.py:430} INFO - ::endgroup::
[2026-06-15T17:00:03.495+0000] {logging_mixin.py:188} WARNING - 2026-06-15 17:00:03 [INFO] === START job=instant date=2026-06-15 ===
[2026-06-15T17:00:03.495+0000] {era5_functions.py:368} INFO - === START job=instant date=2026-06-15 ===
[2026-06-15T17:00:03.498+0000] {logging_mixin.py:188} WARNING - 2026-06-15 17:00:03 [INFO] --- job=instant date=20260615 ---
[2026-06-15T17:00:03.498+0000] {era5_functions.py:330} INFO - --- job=instant date=20260615 ---
[2026-06-15T17:00:04.373+0000] {logging_mixin.py:188} WARNING - 2026-06-15 17:00:04 [WARNING] get_cds_count failed: 400 Client Error: Bad Request for url: https://cds.climate.copernicus.eu/api/retrieve/v1/processes/reanalysis-era5-single-levels/execution
invalid request
None of the data you have requested is available yet, please revise the period requested. The latest date available for this dataset is: 2026-06-10 17:00
[2026-06-15T17:00:04.373+0000] {era5_functions.py:131} WARNING - get_cds_count failed: 400 Client Error: Bad Request for url: https://cds.climate.copernicus.eu/api/retrieve/v1/processes/reanalysis-era5-single-levels/execution
invalid request
None of the data you have requested is available yet, please revise the period requested. The latest date available for this dataset is: 2026-06-10 17:00
[2026-06-15T17:00:04.377+0000] {logging_mixin.py:188} WARNING - 2026-06-15 17:00:04 [WARNING] CDS ยังไม่มีข้อมูล job=instant date=20260615, skip
[2026-06-15T17:00:04.377+0000] {era5_functions.py:335} WARNING - CDS ยังไม่มีข้อมูล job=instant date=20260615, skip
[2026-06-15T17:00:04.381+0000] {logging_mixin.py:188} WARNING - 2026-06-15 17:00:04 [INFO] --- job=instant date=20260614 ---
[2026-06-15T17:00:04.381+0000] {era5_functions.py:330} INFO - --- job=instant date=20260614 ---
[2026-06-15T17:00:05.900+0000] {logging_mixin.py:188} WARNING - 2026-06-15 17:00:05 [WARNING] get_cds_count failed: 400 Client Error: Bad Request for url: https://cds.climate.copernicus.eu/api/retrieve/v1/processes/reanalysis-era5-single-levels/execution
invalid request
None of the data you have requested is available yet, please revise the period requested. The latest date available for this dataset is: 2026-06-10 17:00
[2026-06-15T17:00:05.900+0000] {era5_functions.py:131} WARNING - get_cds_count failed: 400 Client Error: Bad Request for url: https://cds.climate.copernicus.eu/api/retrieve/v1/processes/reanalysis-era5-single-levels/execution
invalid request
None of the data you have requested is available yet, please revise the period requested. The latest date available for this dataset is: 2026-06-10 17:00
[2026-06-15T17:00:05.906+0000] {logging_mixin.py:188} WARNING - 2026-06-15 17:00:05 [WARNING] CDS ยังไม่มีข้อมูล job=instant date=20260614, skip
[2026-06-15T17:00:05.906+0000] {era5_functions.py:335} WARNING - CDS ยังไม่มีข้อมูล job=instant date=20260614, skip
[2026-06-15T17:00:05.911+0000] {logging_mixin.py:188} WARNING - 2026-06-15 17:00:05 [INFO] --- job=instant date=20260613 ---
[2026-06-15T17:00:05.910+0000] {era5_functions.py:330} INFO - --- job=instant date=20260613 ---
[2026-06-15T17:00:06.593+0000] {logging_mixin.py:188} WARNING - 2026-06-15 17:00:06 [WARNING] get_cds_count failed: 400 Client Error: Bad Request for url: https://cds.climate.copernicus.eu/api/retrieve/v1/processes/reanalysis-era5-single-levels/execution
invalid request
None of the data you have requested is available yet, please revise the period requested. The latest date available for this dataset is: 2026-06-10 17:00
[2026-06-15T17:00:06.593+0000] {era5_functions.py:131} WARNING - get_cds_count failed: 400 Client Error: Bad Request for url: https://cds.climate.copernicus.eu/api/retrieve/v1/processes/reanalysis-era5-single-levels/execution
invalid request
None of the data you have requested is available yet, please revise the period requested. The latest date available for this dataset is: 2026-06-10 17:00
[2026-06-15T17:00:06.600+0000] {logging_mixin.py:188} WARNING - 2026-06-15 17:00:06 [WARNING] CDS ยังไม่มีข้อมูล job=instant date=20260613, skip
[2026-06-15T17:00:06.600+0000] {era5_functions.py:335} WARNING - CDS ยังไม่มีข้อมูล job=instant date=20260613, skip
[2026-06-15T17:00:06.604+0000] {logging_mixin.py:188} WARNING - 2026-06-15 17:00:06 [INFO] --- job=instant date=20260612 ---
[2026-06-15T17:00:06.604+0000] {era5_functions.py:330} INFO - --- job=instant date=20260612 ---
[2026-06-15T17:00:07.212+0000] {logging_mixin.py:188} WARNING - 2026-06-15 17:00:07 [WARNING] get_cds_count failed: 400 Client Error: Bad Request for url: https://cds.climate.copernicus.eu/api/retrieve/v1/processes/reanalysis-era5-single-levels/execution
invalid request
None of the data you have requested is available yet, please revise the period requested. The latest date available for this dataset is: 2026-06-10 17:00
[2026-06-15T17:00:07.211+0000] {era5_functions.py:131} WARNING - get_cds_count failed: 400 Client Error: Bad Request for url: https://cds.climate.copernicus.eu/api/retrieve/v1/processes/reanalysis-era5-single-levels/execution
invalid request
None of the data you have requested is available yet, please revise the period requested. The latest date available for this dataset is: 2026-06-10 17:00
[2026-06-15T17:00:07.216+0000] {logging_mixin.py:188} WARNING - 2026-06-15 17:00:07 [WARNING] CDS ยังไม่มีข้อมูล job=instant date=20260612, skip
[2026-06-15T17:00:07.215+0000] {era5_functions.py:335} WARNING - CDS ยังไม่มีข้อมูล job=instant date=20260612, skip
[2026-06-15T17:00:07.219+0000] {logging_mixin.py:188} WARNING - 2026-06-15 17:00:07 [INFO] --- job=instant date=20260611 ---
[2026-06-15T17:00:07.219+0000] {era5_functions.py:330} INFO - --- job=instant date=20260611 ---
[2026-06-15T17:00:07.669+0000] {logging_mixin.py:188} WARNING - 2026-06-15 17:00:07 [WARNING] get_cds_count failed: 400 Client Error: Bad Request for url: https://cds.climate.copernicus.eu/api/retrieve/v1/processes/reanalysis-era5-single-levels/execution
invalid request
None of the data you have requested is available yet, please revise the period requested. The latest date available for this dataset is: 2026-06-10 17:00
[2026-06-15T17:00:07.668+0000] {era5_functions.py:131} WARNING - get_cds_count failed: 400 Client Error: Bad Request for url: https://cds.climate.copernicus.eu/api/retrieve/v1/processes/reanalysis-era5-single-levels/execution
invalid request
None of the data you have requested is available yet, please revise the period requested. The latest date available for this dataset is: 2026-06-10 17:00
[2026-06-15T17:00:07.676+0000] {logging_mixin.py:188} WARNING - 2026-06-15 17:00:07 [WARNING] CDS ยังไม่มีข้อมูล job=instant date=20260611, skip
[2026-06-15T17:00:07.675+0000] {era5_functions.py:335} WARNING - CDS ยังไม่มีข้อมูล job=instant date=20260611, skip
[2026-06-15T17:00:07.679+0000] {logging_mixin.py:188} WARNING - 2026-06-15 17:00:07 [INFO] --- job=instant date=20260610 ---
[2026-06-15T17:00:07.679+0000] {era5_functions.py:330} INFO - --- job=instant date=20260610 ---
[2026-06-15T17:00:08.856+0000] {logging_mixin.py:188} WARNING - 2026-06-15 17:00:08,855 INFO [2025-12-11T00:00:00] Please note that a dedicated catalogue entry for this dataset, post-processed and stored in Analysis Ready Cloud Optimized (ARCO) format (Zarr), is available for optimised time-series retrievals (i.e. for retrieving data from selected variables for a single point over an extended period of time in an efficient way). You can discover it [here](https://cds.climate.copernicus.eu/datasets/reanalysis-era5-single-levels-timeseries?tab=overview)
[2026-06-15T17:00:08.855+0000] {legacy_client.py:192} INFO - [2025-12-11T00:00:00] Please note that a dedicated catalogue entry for this dataset, post-processed and stored in Analysis Ready Cloud Optimized (ARCO) format (Zarr), is available for optimised time-series retrievals (i.e. for retrieving data from selected variables for a single point over an extended period of time in an efficient way). You can discover it [here](https://cds.climate.copernicus.eu/datasets/reanalysis-era5-single-levels-timeseries?tab=overview)
[2026-06-15T17:00:08.861+0000] {logging_mixin.py:188} WARNING - 2026-06-15 17:00:08,860 INFO Request ID is 8ceb986b-d018-455e-ba52-61218bb6e868
[2026-06-15T17:00:08.860+0000] {legacy_client.py:192} INFO - Request ID is 8ceb986b-d018-455e-ba52-61218bb6e868
[2026-06-15T17:00:09.083+0000] {logging_mixin.py:188} WARNING - 2026-06-15 17:00:09,082 INFO status has been updated to accepted
[2026-06-15T17:00:09.082+0000] {legacy_client.py:192} INFO - status has been updated to accepted
[2026-06-15T17:00:31.419+0000] {logging_mixin.py:188} WARNING - 2026-06-15 17:00:31,418 INFO status has been updated to running
[2026-06-15T17:00:31.418+0000] {legacy_client.py:192} INFO - status has been updated to running
[2026-06-15T17:01:00.323+0000] {logging_mixin.py:188} WARNING - 2026-06-15 17:01:00,323 INFO status has been updated to successful
[2026-06-15T17:01:00.323+0000] {legacy_client.py:192} INFO - status has been updated to successful
[2026-06-15T17:01:00.735+0000] {base.py:119} INFO - Downloading https://object-store.os-api.cci2.ecmwf.int:443/cci2-prod-cache-3/2026-06-15/44b515d4c348b5638fb5b155f1274d09.nc
[2026-06-15T17:01:01.765+0000] {logging_mixin.py:188} WARNING - 44b515d4c348b5638fb5b155f1274d09.nc:   0%|          | 0.00/1.96M [00:00<?, ?B/s]
[2026-06-15T17:01:04.248+0000] {logging_mixin.py:188} WARNING - 44b515d4c348b5638fb5b155f1274d09.nc:  51%|#####1    | 1.00M/1.96M [00:02<00:02, 423kB/s]
[2026-06-15T17:01:04.601+0000] {logging_mixin.py:188} WARNING - 44b515d4c348b5638fb5b155f1274d09.nc: 100%|##########| 1.96M/1.96M [00:02<00:00, 832kB/s]
[2026-06-15T17:01:04.605+0000] {logging_mixin.py:188} WARNING -                                                                                         
[2026-06-15T17:01:04.886+0000] {logging_mixin.py:188} WARNING - 2026-06-15 17:01:04 [INFO] CDS timestep available: 18
[2026-06-15T17:01:04.885+0000] {era5_functions.py:128} INFO - CDS timestep available: 18
[2026-06-15T17:01:04.994+0000] {logging_mixin.py:188} WARNING - 2026-06-15 17:01:04 [INFO] local timestep: 17 — /opt/***/era5/ecmwf/data/nc/_raw/2026/06/10/instant_20260610.nc
[2026-06-15T17:01:04.994+0000] {era5_functions.py:152} INFO - local timestep: 17 — /opt/***/era5/ecmwf/data/nc/_raw/2026/06/10/instant_20260610.nc
[2026-06-15T17:01:05.005+0000] {logging_mixin.py:188} WARNING - 2026-06-15 17:01:05 [INFO] nc outdated (local=17 < cds=18), removing: /opt/***/era5/ecmwf/data/nc/_raw/2026/06/10/instant_20260610.nc
[2026-06-15T17:01:05.004+0000] {era5_functions.py:193} INFO - nc outdated (local=17 < cds=18), removing: /opt/***/era5/ecmwf/data/nc/_raw/2026/06/10/instant_20260610.nc
[2026-06-15T17:01:05.034+0000] {logging_mixin.py:188} WARNING - 2026-06-15 17:01:05 [INFO] download attempt 1/3: /opt/***/era5/ecmwf/data/nc/_raw/2026/06/10/instant_20260610.nc
[2026-06-15T17:01:05.033+0000] {era5_functions.py:200} INFO - download attempt 1/3: /opt/***/era5/ecmwf/data/nc/_raw/2026/06/10/instant_20260610.nc
[2026-06-15T17:01:06.005+0000] {http.py:514} WARNING - Recovering from HTTP error [502 Bad Gateway], attempt 1 of 500
[2026-06-15T17:01:06.007+0000] {http.py:537} WARNING - Retrying in 120 seconds
[2026-06-15T17:03:05.996+0000] {http.py:544} INFO - Retrying now...
[2026-06-15T17:03:07.115+0000] {logging_mixin.py:188} WARNING - 2026-06-15 17:03:07,114 INFO [2025-12-11T00:00:00] Please note that a dedicated catalogue entry for this dataset, post-processed and stored in Analysis Ready Cloud Optimized (ARCO) format (Zarr), is available for optimised time-series retrievals (i.e. for retrieving data from selected variables for a single point over an extended period of time in an efficient way). You can discover it [here](https://cds.climate.copernicus.eu/datasets/reanalysis-era5-single-levels-timeseries?tab=overview)
[2026-06-15T17:03:07.114+0000] {legacy_client.py:192} INFO - [2025-12-11T00:00:00] Please note that a dedicated catalogue entry for this dataset, post-processed and stored in Analysis Ready Cloud Optimized (ARCO) format (Zarr), is available for optimised time-series retrievals (i.e. for retrieving data from selected variables for a single point over an extended period of time in an efficient way). You can discover it [here](https://cds.climate.copernicus.eu/datasets/reanalysis-era5-single-levels-timeseries?tab=overview)
[2026-06-15T17:03:07.120+0000] {logging_mixin.py:188} WARNING - 2026-06-15 17:03:07,119 INFO Request ID is a3503bfb-f658-4f1a-916e-a9d03a133830
[2026-06-15T17:03:07.119+0000] {legacy_client.py:192} INFO - Request ID is a3503bfb-f658-4f1a-916e-a9d03a133830
[2026-06-15T17:03:07.740+0000] {logging_mixin.py:188} WARNING - 2026-06-15 17:03:07,739 INFO status has been updated to accepted
[2026-06-15T17:03:07.739+0000] {legacy_client.py:192} INFO - status has been updated to accepted
[2026-06-15T17:03:22.030+0000] {logging_mixin.py:188} WARNING - 2026-06-15 17:03:22,030 INFO status has been updated to running
[2026-06-15T17:03:22.030+0000] {legacy_client.py:192} INFO - status has been updated to running
[2026-06-15T17:03:29.841+0000] {logging_mixin.py:188} WARNING - 2026-06-15 17:03:29,840 INFO status has been updated to successful
[2026-06-15T17:03:29.840+0000] {legacy_client.py:192} INFO - status has been updated to successful
[2026-06-15T17:03:30.259+0000] {base.py:119} INFO - Downloading https://object-store.os-api.cci2.ecmwf.int:443/cci2-prod-cache-3/2026-06-15/fa6b644fe2582853c63fb39a3ea29901.nc
[2026-06-15T17:03:30.935+0000] {logging_mixin.py:188} WARNING - fa6b644fe2582853c63fb39a3ea29901.nc:   0%|          | 0.00/1.96M [00:00<?, ?B/s]
[2026-06-15T17:03:33.155+0000] {logging_mixin.py:188} WARNING - fa6b644fe2582853c63fb39a3ea29901.nc:  51%|#####1    | 1.00M/1.96M [00:02<00:02, 473kB/s]
[2026-06-15T17:03:34.363+0000] {logging_mixin.py:188} WARNING - fa6b644fe2582853c63fb39a3ea29901.nc: 100%|##########| 1.96M/1.96M [00:03<00:00, 630kB/s]
[2026-06-15T17:03:34.379+0000] {logging_mixin.py:188} WARNING -                                                                                         
[2026-06-15T17:03:34.531+0000] {logging_mixin.py:188} WARNING - 2026-06-15 17:03:34 [INFO] nc downloaded ok: /opt/***/era5/ecmwf/data/nc/_raw/2026/06/10/instant_20260610.nc
[2026-06-15T17:03:34.530+0000] {era5_functions.py:204} INFO - nc downloaded ok: /opt/***/era5/ecmwf/data/nc/_raw/2026/06/10/instant_20260610.nc
[2026-06-15T17:03:34.608+0000] {logging_mixin.py:188} WARNING - 2026-06-15 17:03:34 [INFO] local timestep: 18 — /opt/***/era5/ecmwf/data/nc/_raw/2026/06/10/instant_20260610.nc
[2026-06-15T17:03:34.608+0000] {era5_functions.py:152} INFO - local timestep: 18 — /opt/***/era5/ecmwf/data/nc/_raw/2026/06/10/instant_20260610.nc
[2026-06-15T17:03:34.702+0000] {logging_mixin.py:188} WARNING - 2026-06-15 17:03:34 [INFO] tif outdated (tif=17 < nc=18), removing: /opt/***/era5/ecmwf/data/tif/2026/06/10/t2m_20260610.tif
[2026-06-15T17:03:34.702+0000] {era5_functions.py:261} INFO - tif outdated (tif=17 < nc=18), removing: /opt/***/era5/ecmwf/data/tif/2026/06/10/t2m_20260610.tif
[2026-06-15T17:03:34.813+0000] {logging_mixin.py:188} WARNING - 2026-06-15 17:03:34 [INFO] tif ok (bands=18): /opt/***/era5/ecmwf/data/tif/2026/06/10/t2m_20260610.tif
[2026-06-15T17:03:34.813+0000] {era5_functions.py:304} INFO - tif ok (bands=18): /opt/***/era5/ecmwf/data/tif/2026/06/10/t2m_20260610.tif
[2026-06-15T17:03:34.836+0000] {logging_mixin.py:188} WARNING - 2026-06-15 17:03:34 [INFO] tif outdated (tif=17 < nc=18), removing: /opt/***/era5/ecmwf/data/tif/2026/06/10/d2m_20260610.tif
[2026-06-15T17:03:34.836+0000] {era5_functions.py:261} INFO - tif outdated (tif=17 < nc=18), removing: /opt/***/era5/ecmwf/data/tif/2026/06/10/d2m_20260610.tif
[2026-06-15T17:03:34.943+0000] {logging_mixin.py:188} WARNING - 2026-06-15 17:03:34 [INFO] tif ok (bands=18): /opt/***/era5/ecmwf/data/tif/2026/06/10/d2m_20260610.tif
[2026-06-15T17:03:34.943+0000] {era5_functions.py:304} INFO - tif ok (bands=18): /opt/***/era5/ecmwf/data/tif/2026/06/10/d2m_20260610.tif
[2026-06-15T17:03:34.960+0000] {logging_mixin.py:188} WARNING - 2026-06-15 17:03:34 [INFO] tif outdated (tif=17 < nc=18), removing: /opt/***/era5/ecmwf/data/tif/2026/06/10/sp_20260610.tif
[2026-06-15T17:03:34.960+0000] {era5_functions.py:261} INFO - tif outdated (tif=17 < nc=18), removing: /opt/***/era5/ecmwf/data/tif/2026/06/10/sp_20260610.tif
[2026-06-15T17:03:35.078+0000] {logging_mixin.py:188} WARNING - 2026-06-15 17:03:35 [INFO] tif ok (bands=18): /opt/***/era5/ecmwf/data/tif/2026/06/10/sp_20260610.tif
[2026-06-15T17:03:35.078+0000] {era5_functions.py:304} INFO - tif ok (bands=18): /opt/***/era5/ecmwf/data/tif/2026/06/10/sp_20260610.tif
[2026-06-15T17:03:35.099+0000] {logging_mixin.py:188} WARNING - 2026-06-15 17:03:35 [INFO] tif outdated (tif=17 < nc=18), removing: /opt/***/era5/ecmwf/data/tif/2026/06/10/blh_20260610.tif
[2026-06-15T17:03:35.098+0000] {era5_functions.py:261} INFO - tif outdated (tif=17 < nc=18), removing: /opt/***/era5/ecmwf/data/tif/2026/06/10/blh_20260610.tif
[2026-06-15T17:03:35.197+0000] {logging_mixin.py:188} WARNING - 2026-06-15 17:03:35 [INFO] tif ok (bands=18): /opt/***/era5/ecmwf/data/tif/2026/06/10/blh_20260610.tif
[2026-06-15T17:03:35.197+0000] {era5_functions.py:304} INFO - tif ok (bands=18): /opt/***/era5/ecmwf/data/tif/2026/06/10/blh_20260610.tif
[2026-06-15T17:03:35.214+0000] {logging_mixin.py:188} WARNING - 2026-06-15 17:03:35 [INFO] tif outdated (tif=17 < nc=18), removing: /opt/***/era5/ecmwf/data/tif/2026/06/10/u10_20260610.tif
[2026-06-15T17:03:35.214+0000] {era5_functions.py:261} INFO - tif outdated (tif=17 < nc=18), removing: /opt/***/era5/ecmwf/data/tif/2026/06/10/u10_20260610.tif
[2026-06-15T17:03:35.313+0000] {logging_mixin.py:188} WARNING - 2026-06-15 17:03:35 [INFO] tif ok (bands=18): /opt/***/era5/ecmwf/data/tif/2026/06/10/u10_20260610.tif
[2026-06-15T17:03:35.313+0000] {era5_functions.py:304} INFO - tif ok (bands=18): /opt/***/era5/ecmwf/data/tif/2026/06/10/u10_20260610.tif
[2026-06-15T17:03:35.333+0000] {logging_mixin.py:188} WARNING - 2026-06-15 17:03:35 [INFO] tif outdated (tif=17 < nc=18), removing: /opt/***/era5/ecmwf/data/tif/2026/06/10/v10_20260610.tif
[2026-06-15T17:03:35.333+0000] {era5_functions.py:261} INFO - tif outdated (tif=17 < nc=18), removing: /opt/***/era5/ecmwf/data/tif/2026/06/10/v10_20260610.tif
[2026-06-15T17:03:35.436+0000] {logging_mixin.py:188} WARNING - 2026-06-15 17:03:35 [INFO] tif ok (bands=18): /opt/***/era5/ecmwf/data/tif/2026/06/10/v10_20260610.tif
[2026-06-15T17:03:35.436+0000] {era5_functions.py:304} INFO - tif ok (bands=18): /opt/***/era5/ecmwf/data/tif/2026/06/10/v10_20260610.tif
[2026-06-15T17:03:35.442+0000] {logging_mixin.py:188} WARNING - 2026-06-15 17:03:35 [INFO] === END job=instant date=2026-06-15 ===
[2026-06-15T17:03:35.441+0000] {era5_functions.py:379} INFO - === END job=instant date=2026-06-15 ===
[2026-06-15T17:03:35.444+0000] {python.py:237} INFO - Done. Returned value was: None
[2026-06-15T17:03:35.445+0000] {taskinstance.py:441} INFO - ::group::Post task execution logs
[2026-06-15T17:03:35.466+0000] {taskinstance.py:1206} INFO - Marking task as SUCCESS. dag_id=era5_download_pipeline, task_id=era5_instant, run_id=scheduled__2026-06-15T16:00:00+00:00, execution_date=20260615T160000, start_date=20260615T170002, end_date=20260615T170335
[2026-06-15T17:03:35.531+0000] {local_task_job_runner.py:240} INFO - Task exited with return code 0
[2026-06-15T17:03:35.555+0000] {taskinstance.py:3498} INFO - 1 downstream tasks scheduled from follow-on schedule check
[2026-06-15T17:03:35.559+0000] {local_task_job_runner.py:222} INFO - ::endgroup::
