[2026-05-24T18:00:02.513+0000] {local_task_job_runner.py:120} INFO - ::group::Pre task execution logs
[2026-05-24T18:00:02.540+0000] {taskinstance.py:2076} INFO - Dependencies all met for dep_context=non-requeueable deps ti=<TaskInstance: era5_ecmwf_pipeline.era5_instant scheduled__2026-05-24T17:00:00+00:00 [queued]>
[2026-05-24T18:00:02.554+0000] {taskinstance.py:2076} INFO - Dependencies all met for dep_context=requeueable deps ti=<TaskInstance: era5_ecmwf_pipeline.era5_instant scheduled__2026-05-24T17:00:00+00:00 [queued]>
[2026-05-24T18:00:02.555+0000] {taskinstance.py:2306} INFO - Starting attempt 1 of 1
[2026-05-24T18:00:02.574+0000] {taskinstance.py:2330} INFO - Executing <Task(PythonOperator): era5_instant> on 2026-05-24 17:00:00+00:00
[2026-05-24T18:00:02.588+0000] {warnings.py:110} WARNING - /home/***/.local/lib/python3.12/site-packages/***/task/task_runner/standard_task_runner.py:61: DeprecationWarning: This process (pid=48143) is multi-threaded, use of fork() may lead to deadlocks in the child.
  pid = os.fork()

[2026-05-24T18:00:02.592+0000] {standard_task_runner.py:63} INFO - Started process 48147 to run task
[2026-05-24T18:00:02.593+0000] {standard_task_runner.py:90} INFO - Running: ['***', 'tasks', 'run', 'era5_ecmwf_pipeline', 'era5_instant', 'scheduled__2026-05-24T17:00:00+00:00', '--job-id', '433', '--raw', '--subdir', 'DAGS_FOLDER/era5_dag.py', '--cfg-path', '/tmp/tmp55t63deo']
[2026-05-24T18:00:02.599+0000] {standard_task_runner.py:91} INFO - Job 433: Subtask era5_instant
[2026-05-24T18:00:02.686+0000] {task_command.py:426} INFO - Running <TaskInstance: era5_ecmwf_pipeline.era5_instant scheduled__2026-05-24T17:00:00+00:00 [running]> on host fc8478f399e7
[2026-05-24T18:00:02.822+0000] {taskinstance.py:2648} INFO - Exporting env vars: AIRFLOW_CTX_DAG_OWNER='***' AIRFLOW_CTX_DAG_ID='era5_ecmwf_pipeline' AIRFLOW_CTX_TASK_ID='era5_instant' AIRFLOW_CTX_EXECUTION_DATE='2026-05-24T17:00:00+00:00' AIRFLOW_CTX_TRY_NUMBER='1' AIRFLOW_CTX_DAG_RUN_ID='scheduled__2026-05-24T17:00:00+00:00'
[2026-05-24T18:00:02.825+0000] {taskinstance.py:430} INFO - ::endgroup::
[2026-05-24T18:00:02.842+0000] {logging_mixin.py:188} INFO - RUN → instant | 2026-05-19
[2026-05-24T18:00:02.852+0000] {era5_logger.py:51} INFO - Log file: logs/era5/2026/05/19/era5_20260519.log
[2026-05-24T18:00:02.853+0000] {era5_functions.py:329} INFO - ERA5 [INSTANT] START: 2026-05-19
[2026-05-24T18:00:03.902+0000] {era5_functions.py:285} INFO - ============================================================
[2026-05-24T18:00:03.904+0000] {era5_functions.py:286} INFO - JOB : INSTANT | 2026-05-19
[2026-05-24T18:00:03.906+0000] {era5_functions.py:287} INFO - VARS: ['t2m', 'd2m', 'sp', 'blh', 'u10', 'v10']
[2026-05-24T18:00:03.907+0000] {era5_functions.py:288} INFO - ============================================================
[2026-05-24T18:00:04.235+0000] {era5_functions.py:63} WARNING - [VALIDATE NC] instant_20260519.nc → NOT READY (2/24)
[2026-05-24T18:00:04.238+0000] {era5_functions.py:123} WARNING - [NC] ERA5 not ready → instant_20260519.nc
[2026-05-24T18:00:04.240+0000] {era5_functions.py:295} WARNING - [PIPELINE] skip tif → nc not ready
[2026-05-24T18:00:04.241+0000] {era5_functions.py:341} INFO - ERA5 [INSTANT] COMPLETE ✓
[2026-05-24T18:00:04.243+0000] {logging_mixin.py:188} INFO - RUN → instant | 2026-05-18
[2026-05-24T18:00:04.250+0000] {era5_logger.py:51} INFO - Log file: logs/era5/2026/05/18/era5_20260518.log
[2026-05-24T18:00:04.251+0000] {era5_functions.py:329} INFO - ERA5 [INSTANT] START: 2026-05-18
[2026-05-24T18:00:09.281+0000] {era5_functions.py:285} INFO - ============================================================
[2026-05-24T18:00:09.283+0000] {era5_functions.py:286} INFO - JOB : INSTANT | 2026-05-18
[2026-05-24T18:00:09.285+0000] {era5_functions.py:287} INFO - VARS: ['t2m', 'd2m', 'sp', 'blh', 'u10', 'v10']
[2026-05-24T18:00:09.286+0000] {era5_functions.py:288} INFO - ============================================================
[2026-05-24T18:00:09.373+0000] {era5_functions.py:63} WARNING - [VALIDATE NC] instant_20260518.nc → NOT READY (2/24)
[2026-05-24T18:00:09.377+0000] {era5_functions.py:123} WARNING - [NC] ERA5 not ready → instant_20260518.nc
[2026-05-24T18:00:09.379+0000] {era5_functions.py:295} WARNING - [PIPELINE] skip tif → nc not ready
[2026-05-24T18:00:09.380+0000] {era5_functions.py:341} INFO - ERA5 [INSTANT] COMPLETE ✓
[2026-05-24T18:00:09.382+0000] {logging_mixin.py:188} INFO - RUN → instant | 2026-05-17
[2026-05-24T18:00:09.388+0000] {era5_logger.py:51} INFO - Log file: logs/era5/2026/05/17/era5_20260517.log
[2026-05-24T18:00:09.389+0000] {era5_functions.py:329} INFO - ERA5 [INSTANT] START: 2026-05-17
[2026-05-24T18:00:10.365+0000] {era5_functions.py:285} INFO - ============================================================
[2026-05-24T18:00:10.368+0000] {era5_functions.py:286} INFO - JOB : INSTANT | 2026-05-17
[2026-05-24T18:00:10.369+0000] {era5_functions.py:287} INFO - VARS: ['t2m', 'd2m', 'sp', 'blh', 'u10', 'v10']
[2026-05-24T18:00:10.370+0000] {era5_functions.py:288} INFO - ============================================================
[2026-05-24T18:00:10.437+0000] {era5_functions.py:63} WARNING - [VALIDATE NC] instant_20260517.nc → NOT READY (4/24)
[2026-05-24T18:00:10.441+0000] {era5_functions.py:123} WARNING - [NC] ERA5 not ready → instant_20260517.nc
[2026-05-24T18:00:10.442+0000] {era5_functions.py:295} WARNING - [PIPELINE] skip tif → nc not ready
[2026-05-24T18:00:10.444+0000] {era5_functions.py:341} INFO - ERA5 [INSTANT] COMPLETE ✓
[2026-05-24T18:00:10.445+0000] {python.py:237} INFO - Done. Returned value was: None
[2026-05-24T18:00:10.445+0000] {taskinstance.py:441} INFO - ::group::Post task execution logs
[2026-05-24T18:00:10.460+0000] {taskinstance.py:1206} INFO - Marking task as SUCCESS. dag_id=era5_ecmwf_pipeline, task_id=era5_instant, run_id=scheduled__2026-05-24T17:00:00+00:00, execution_date=20260524T170000, start_date=20260524T180002, end_date=20260524T180010
[2026-05-24T18:00:10.531+0000] {local_task_job_runner.py:240} INFO - Task exited with return code 0
[2026-05-24T18:00:10.551+0000] {taskinstance.py:3498} INFO - 0 downstream tasks scheduled from follow-on schedule check
[2026-05-24T18:00:10.554+0000] {local_task_job_runner.py:222} INFO - ::endgroup::
