[2026-06-15T16:00:01.702+0000] {local_task_job_runner.py:120} INFO - ::group::Pre task execution logs
[2026-06-15T16:00:01.730+0000] {taskinstance.py:2076} INFO - Dependencies all met for dep_context=non-requeueable deps ti=<TaskInstance: era5_download_pipeline.era5_instant scheduled__2026-06-15T15:00:00+00:00 [queued]>
[2026-06-15T16:00:01.744+0000] {taskinstance.py:2076} INFO - Dependencies all met for dep_context=requeueable deps ti=<TaskInstance: era5_download_pipeline.era5_instant scheduled__2026-06-15T15:00:00+00:00 [queued]>
[2026-06-15T16:00:01.745+0000] {taskinstance.py:2306} INFO - Starting attempt 1 of 1
[2026-06-15T16:00:01.763+0000] {taskinstance.py:2330} INFO - Executing <Task(PythonOperator): era5_instant> on 2026-06-15 15:00:00+00:00
[2026-06-15T16:00:01.775+0000] {warnings.py:110} WARNING - /home/***/.local/lib/python3.12/site-packages/***/task/task_runner/standard_task_runner.py:61: DeprecationWarning: This process (pid=80719) is multi-threaded, use of fork() may lead to deadlocks in the child.
  pid = os.fork()

[2026-06-15T16:00:01.778+0000] {standard_task_runner.py:63} INFO - Started process 80730 to run task
[2026-06-15T16:00:01.778+0000] {standard_task_runner.py:90} INFO - Running: ['***', 'tasks', 'run', 'era5_download_pipeline', 'era5_instant', 'scheduled__2026-06-15T15:00:00+00:00', '--job-id', '1635', '--raw', '--subdir', 'DAGS_FOLDER/era5_dag.py', '--cfg-path', '/tmp/tmpgyzp8btn']
[2026-06-15T16:00:01.782+0000] {standard_task_runner.py:91} INFO - Job 1635: Subtask era5_instant
[2026-06-15T16:00:01.871+0000] {task_command.py:426} INFO - Running <TaskInstance: era5_download_pipeline.era5_instant scheduled__2026-06-15T15:00:00+00:00 [running]> on host 01cd476fb21a
[2026-06-15T16:00:02.000+0000] {taskinstance.py:2648} INFO - Exporting env vars: AIRFLOW_CTX_DAG_OWNER='era5' AIRFLOW_CTX_DAG_ID='era5_download_pipeline' AIRFLOW_CTX_TASK_ID='era5_instant' AIRFLOW_CTX_EXECUTION_DATE='2026-06-15T15:00:00+00:00' AIRFLOW_CTX_TRY_NUMBER='1' AIRFLOW_CTX_DAG_RUN_ID='scheduled__2026-06-15T15:00:00+00:00'
[2026-06-15T16:00:02.003+0000] {taskinstance.py:430} INFO - ::endgroup::
[2026-06-15T16:00:03.042+0000] {logging_mixin.py:188} WARNING - 2026-06-15 16:00:03,042 INFO [2026-06-11T00:00:00Z] Upcoming essential maintenance sessions on Data Stores underlying infrastructure on 15 June. Service disruption expected. For further details, please [visit our forum announcement](https://forum.ecmwf.int/t/upcoming-essential-maintenance-sessions-on-data-stores-underlying-infrastructure-part-2/150414).
[2026-06-15T16:00:03.042+0000] {legacy_client.py:192} INFO - [2026-06-11T00:00:00Z] Upcoming essential maintenance sessions on Data Stores underlying infrastructure on 15 June. Service disruption expected. For further details, please [visit our forum announcement](https://forum.ecmwf.int/t/upcoming-essential-maintenance-sessions-on-data-stores-underlying-infrastructure-part-2/150414).
[2026-06-15T16:00:03.050+0000] {logging_mixin.py:188} WARNING - 2026-06-15 16:00:03 [INFO] === START job=instant date=2026-06-15 ===
[2026-06-15T16:00:03.050+0000] {era5_functions.py:368} INFO - === START job=instant date=2026-06-15 ===
[2026-06-15T16:00:03.052+0000] {logging_mixin.py:188} WARNING - 2026-06-15 16:00:03 [INFO] --- job=instant date=20260615 ---
[2026-06-15T16:00:03.052+0000] {era5_functions.py:330} INFO - --- job=instant date=20260615 ---
[2026-06-15T16:00:04.057+0000] {logging_mixin.py:188} WARNING - 2026-06-15 16:00:04 [WARNING] get_cds_count failed: 400 Client Error: Bad Request for url: https://cds.climate.copernicus.eu/api/retrieve/v1/processes/reanalysis-era5-single-levels/execution
invalid request
None of the data you have requested is available yet, please revise the period requested. The latest date available for this dataset is: 2026-06-10 16:00
[2026-06-15T16:00:04.056+0000] {era5_functions.py:131} WARNING - get_cds_count failed: 400 Client Error: Bad Request for url: https://cds.climate.copernicus.eu/api/retrieve/v1/processes/reanalysis-era5-single-levels/execution
invalid request
None of the data you have requested is available yet, please revise the period requested. The latest date available for this dataset is: 2026-06-10 16:00
[2026-06-15T16:00:04.059+0000] {logging_mixin.py:188} WARNING - 2026-06-15 16:00:04 [WARNING] CDS ยังไม่มีข้อมูล job=instant date=20260615, skip
[2026-06-15T16:00:04.059+0000] {era5_functions.py:335} WARNING - CDS ยังไม่มีข้อมูล job=instant date=20260615, skip
[2026-06-15T16:00:04.062+0000] {logging_mixin.py:188} WARNING - 2026-06-15 16:00:04 [INFO] --- job=instant date=20260614 ---
[2026-06-15T16:00:04.062+0000] {era5_functions.py:330} INFO - --- job=instant date=20260614 ---
[2026-06-15T16:00:04.658+0000] {logging_mixin.py:188} WARNING - 2026-06-15 16:00:04 [WARNING] get_cds_count failed: 400 Client Error: Bad Request for url: https://cds.climate.copernicus.eu/api/retrieve/v1/processes/reanalysis-era5-single-levels/execution
invalid request
None of the data you have requested is available yet, please revise the period requested. The latest date available for this dataset is: 2026-06-10 16:00
[2026-06-15T16:00:04.658+0000] {era5_functions.py:131} WARNING - get_cds_count failed: 400 Client Error: Bad Request for url: https://cds.climate.copernicus.eu/api/retrieve/v1/processes/reanalysis-era5-single-levels/execution
invalid request
None of the data you have requested is available yet, please revise the period requested. The latest date available for this dataset is: 2026-06-10 16:00
[2026-06-15T16:00:04.662+0000] {logging_mixin.py:188} WARNING - 2026-06-15 16:00:04 [WARNING] CDS ยังไม่มีข้อมูล job=instant date=20260614, skip
[2026-06-15T16:00:04.662+0000] {era5_functions.py:335} WARNING - CDS ยังไม่มีข้อมูล job=instant date=20260614, skip
[2026-06-15T16:00:04.665+0000] {logging_mixin.py:188} WARNING - 2026-06-15 16:00:04 [INFO] --- job=instant date=20260613 ---
[2026-06-15T16:00:04.665+0000] {era5_functions.py:330} INFO - --- job=instant date=20260613 ---
[2026-06-15T16:00:05.351+0000] {logging_mixin.py:188} WARNING - 2026-06-15 16:00:05 [WARNING] get_cds_count failed: 400 Client Error: Bad Request for url: https://cds.climate.copernicus.eu/api/retrieve/v1/processes/reanalysis-era5-single-levels/execution
invalid request
None of the data you have requested is available yet, please revise the period requested. The latest date available for this dataset is: 2026-06-10 16:00
[2026-06-15T16:00:05.351+0000] {era5_functions.py:131} WARNING - get_cds_count failed: 400 Client Error: Bad Request for url: https://cds.climate.copernicus.eu/api/retrieve/v1/processes/reanalysis-era5-single-levels/execution
invalid request
None of the data you have requested is available yet, please revise the period requested. The latest date available for this dataset is: 2026-06-10 16:00
[2026-06-15T16:00:05.353+0000] {logging_mixin.py:188} WARNING - 2026-06-15 16:00:05 [WARNING] CDS ยังไม่มีข้อมูล job=instant date=20260613, skip
[2026-06-15T16:00:05.353+0000] {era5_functions.py:335} WARNING - CDS ยังไม่มีข้อมูล job=instant date=20260613, skip
[2026-06-15T16:00:05.355+0000] {logging_mixin.py:188} WARNING - 2026-06-15 16:00:05 [INFO] --- job=instant date=20260612 ---
[2026-06-15T16:00:05.355+0000] {era5_functions.py:330} INFO - --- job=instant date=20260612 ---
[2026-06-15T16:00:08.270+0000] {logging_mixin.py:188} WARNING - 2026-06-15 16:00:08 [WARNING] get_cds_count failed: 400 Client Error: Bad Request for url: https://cds.climate.copernicus.eu/api/retrieve/v1/processes/reanalysis-era5-single-levels/execution
invalid request
None of the data you have requested is available yet, please revise the period requested. The latest date available for this dataset is: 2026-06-10 16:00
[2026-06-15T16:00:08.269+0000] {era5_functions.py:131} WARNING - get_cds_count failed: 400 Client Error: Bad Request for url: https://cds.climate.copernicus.eu/api/retrieve/v1/processes/reanalysis-era5-single-levels/execution
invalid request
None of the data you have requested is available yet, please revise the period requested. The latest date available for this dataset is: 2026-06-10 16:00
[2026-06-15T16:00:08.275+0000] {logging_mixin.py:188} WARNING - 2026-06-15 16:00:08 [WARNING] CDS ยังไม่มีข้อมูล job=instant date=20260612, skip
[2026-06-15T16:00:08.275+0000] {era5_functions.py:335} WARNING - CDS ยังไม่มีข้อมูล job=instant date=20260612, skip
[2026-06-15T16:00:08.279+0000] {logging_mixin.py:188} WARNING - 2026-06-15 16:00:08 [INFO] --- job=instant date=20260611 ---
[2026-06-15T16:00:08.279+0000] {era5_functions.py:330} INFO - --- job=instant date=20260611 ---
[2026-06-15T16:00:08.677+0000] {logging_mixin.py:188} WARNING - 2026-06-15 16:00:08 [WARNING] get_cds_count failed: 400 Client Error: Bad Request for url: https://cds.climate.copernicus.eu/api/retrieve/v1/processes/reanalysis-era5-single-levels/execution
invalid request
None of the data you have requested is available yet, please revise the period requested. The latest date available for this dataset is: 2026-06-10 16:00
[2026-06-15T16:00:08.677+0000] {era5_functions.py:131} WARNING - get_cds_count failed: 400 Client Error: Bad Request for url: https://cds.climate.copernicus.eu/api/retrieve/v1/processes/reanalysis-era5-single-levels/execution
invalid request
None of the data you have requested is available yet, please revise the period requested. The latest date available for this dataset is: 2026-06-10 16:00
[2026-06-15T16:00:08.682+0000] {logging_mixin.py:188} WARNING - 2026-06-15 16:00:08 [WARNING] CDS ยังไม่มีข้อมูล job=instant date=20260611, skip
[2026-06-15T16:00:08.681+0000] {era5_functions.py:335} WARNING - CDS ยังไม่มีข้อมูล job=instant date=20260611, skip
[2026-06-15T16:00:08.685+0000] {logging_mixin.py:188} WARNING - 2026-06-15 16:00:08 [INFO] --- job=instant date=20260610 ---
[2026-06-15T16:00:08.685+0000] {era5_functions.py:330} INFO - --- job=instant date=20260610 ---
[2026-06-15T16:00:09.238+0000] {logging_mixin.py:188} WARNING - 2026-06-15 16:00:09,238 INFO [2025-12-11T00:00:00] Please note that a dedicated catalogue entry for this dataset, post-processed and stored in Analysis Ready Cloud Optimized (ARCO) format (Zarr), is available for optimised time-series retrievals (i.e. for retrieving data from selected variables for a single point over an extended period of time in an efficient way). You can discover it [here](https://cds.climate.copernicus.eu/datasets/reanalysis-era5-single-levels-timeseries?tab=overview)
[2026-06-15T16:00:09.238+0000] {legacy_client.py:192} INFO - [2025-12-11T00:00:00] Please note that a dedicated catalogue entry for this dataset, post-processed and stored in Analysis Ready Cloud Optimized (ARCO) format (Zarr), is available for optimised time-series retrievals (i.e. for retrieving data from selected variables for a single point over an extended period of time in an efficient way). You can discover it [here](https://cds.climate.copernicus.eu/datasets/reanalysis-era5-single-levels-timeseries?tab=overview)
[2026-06-15T16:00:09.244+0000] {logging_mixin.py:188} WARNING - 2026-06-15 16:00:09,243 INFO Request ID is 7a76f3cd-fa16-4a86-8482-892c0bfc2cbb
[2026-06-15T16:00:09.243+0000] {legacy_client.py:192} INFO - Request ID is 7a76f3cd-fa16-4a86-8482-892c0bfc2cbb
[2026-06-15T16:00:09.458+0000] {logging_mixin.py:188} WARNING - 2026-06-15 16:00:09,458 INFO status has been updated to accepted
[2026-06-15T16:00:09.458+0000] {legacy_client.py:192} INFO - status has been updated to accepted
[2026-06-15T16:03:03.797+0000] {logging_mixin.py:188} WARNING - 2026-06-15 16:03:03,796 INFO status has been updated to successful
[2026-06-15T16:03:03.796+0000] {legacy_client.py:192} INFO - status has been updated to successful
[2026-06-15T16:03:04.203+0000] {base.py:119} INFO - Downloading https://object-store.os-api.cci2.ecmwf.int:443/cci2-prod-cache-2/2026-06-15/253f1c9852e5e99d9fc60ebc32398ff1.nc
[2026-06-15T16:03:05.159+0000] {logging_mixin.py:188} WARNING - 253f1c9852e5e99d9fc60ebc32398ff1.nc:   0%|          | 0.00/1.86M [00:00<?, ?B/s]
[2026-06-15T16:03:07.459+0000] {logging_mixin.py:188} WARNING - 253f1c9852e5e99d9fc60ebc32398ff1.nc:  54%|#####3    | 1.00M/1.86M [00:02<00:01, 456kB/s]
[2026-06-15T16:03:07.829+0000] {logging_mixin.py:188} WARNING - 253f1c9852e5e99d9fc60ebc32398ff1.nc: 100%|##########| 1.86M/1.86M [00:02<00:00, 826kB/s]
[2026-06-15T16:03:07.833+0000] {logging_mixin.py:188} WARNING -                                                                                         
[2026-06-15T16:03:08.110+0000] {logging_mixin.py:188} WARNING - 2026-06-15 16:03:08 [INFO] CDS timestep available: 17
[2026-06-15T16:03:08.110+0000] {era5_functions.py:128} INFO - CDS timestep available: 17
[2026-06-15T16:03:08.207+0000] {logging_mixin.py:188} WARNING - 2026-06-15 16:03:08 [INFO] local timestep: 16 — /opt/***/era5/ecmwf/data/nc/_raw/2026/06/10/instant_20260610.nc
[2026-06-15T16:03:08.207+0000] {era5_functions.py:152} INFO - local timestep: 16 — /opt/***/era5/ecmwf/data/nc/_raw/2026/06/10/instant_20260610.nc
[2026-06-15T16:03:08.217+0000] {logging_mixin.py:188} WARNING - 2026-06-15 16:03:08 [INFO] nc outdated (local=16 < cds=17), removing: /opt/***/era5/ecmwf/data/nc/_raw/2026/06/10/instant_20260610.nc
[2026-06-15T16:03:08.217+0000] {era5_functions.py:193} INFO - nc outdated (local=16 < cds=17), removing: /opt/***/era5/ecmwf/data/nc/_raw/2026/06/10/instant_20260610.nc
[2026-06-15T16:03:08.245+0000] {logging_mixin.py:188} WARNING - 2026-06-15 16:03:08 [INFO] download attempt 1/3: /opt/***/era5/ecmwf/data/nc/_raw/2026/06/10/instant_20260610.nc
[2026-06-15T16:03:08.245+0000] {era5_functions.py:200} INFO - download attempt 1/3: /opt/***/era5/ecmwf/data/nc/_raw/2026/06/10/instant_20260610.nc
[2026-06-15T16:03:10.905+0000] {logging_mixin.py:188} WARNING - 2026-06-15 16:03:10,905 INFO [2025-12-11T00:00:00] Please note that a dedicated catalogue entry for this dataset, post-processed and stored in Analysis Ready Cloud Optimized (ARCO) format (Zarr), is available for optimised time-series retrievals (i.e. for retrieving data from selected variables for a single point over an extended period of time in an efficient way). You can discover it [here](https://cds.climate.copernicus.eu/datasets/reanalysis-era5-single-levels-timeseries?tab=overview)
[2026-06-15T16:03:10.905+0000] {legacy_client.py:192} INFO - [2025-12-11T00:00:00] Please note that a dedicated catalogue entry for this dataset, post-processed and stored in Analysis Ready Cloud Optimized (ARCO) format (Zarr), is available for optimised time-series retrievals (i.e. for retrieving data from selected variables for a single point over an extended period of time in an efficient way). You can discover it [here](https://cds.climate.copernicus.eu/datasets/reanalysis-era5-single-levels-timeseries?tab=overview)
[2026-06-15T16:03:10.908+0000] {logging_mixin.py:188} WARNING - 2026-06-15 16:03:10,908 INFO Request ID is 58b1bd4d-9ee8-419a-b69c-ad54f6c47c7f
[2026-06-15T16:03:10.908+0000] {legacy_client.py:192} INFO - Request ID is 58b1bd4d-9ee8-419a-b69c-ad54f6c47c7f
[2026-06-15T16:03:11.125+0000] {logging_mixin.py:188} WARNING - 2026-06-15 16:03:11,125 INFO status has been updated to accepted
[2026-06-15T16:03:11.125+0000] {legacy_client.py:192} INFO - status has been updated to accepted
[2026-06-15T16:03:25.555+0000] {logging_mixin.py:188} WARNING - 2026-06-15 16:03:25,555 INFO status has been updated to running
[2026-06-15T16:03:25.555+0000] {legacy_client.py:192} INFO - status has been updated to running
[2026-06-15T16:03:33.365+0000] {logging_mixin.py:188} WARNING - 2026-06-15 16:03:33,364 INFO status has been updated to successful
[2026-06-15T16:03:33.364+0000] {legacy_client.py:192} INFO - status has been updated to successful
[2026-06-15T16:03:33.798+0000] {base.py:119} INFO - Downloading https://object-store.os-api.cci2.ecmwf.int:443/cci2-prod-cache-2/2026-06-15/d35026303988b14c2ddfc76f864aecdf.nc
[2026-06-15T16:03:34.837+0000] {logging_mixin.py:188} WARNING - d35026303988b14c2ddfc76f864aecdf.nc:   0%|          | 0.00/1.86M [00:00<?, ?B/s]
[2026-06-15T16:03:36.940+0000] {logging_mixin.py:188} WARNING - d35026303988b14c2ddfc76f864aecdf.nc:  54%|#####3    | 1.00M/1.86M [00:02<00:01, 499kB/s]
[2026-06-15T16:03:37.315+0000] {logging_mixin.py:188} WARNING - d35026303988b14c2ddfc76f864aecdf.nc: 100%|##########| 1.86M/1.86M [00:02<00:00, 885kB/s]
[2026-06-15T16:03:37.328+0000] {logging_mixin.py:188} WARNING -                                                                                         
[2026-06-15T16:03:37.509+0000] {logging_mixin.py:188} WARNING - 2026-06-15 16:03:37 [INFO] nc downloaded ok: /opt/***/era5/ecmwf/data/nc/_raw/2026/06/10/instant_20260610.nc
[2026-06-15T16:03:37.509+0000] {era5_functions.py:204} INFO - nc downloaded ok: /opt/***/era5/ecmwf/data/nc/_raw/2026/06/10/instant_20260610.nc
[2026-06-15T16:03:37.591+0000] {logging_mixin.py:188} WARNING - 2026-06-15 16:03:37 [INFO] local timestep: 17 — /opt/***/era5/ecmwf/data/nc/_raw/2026/06/10/instant_20260610.nc
[2026-06-15T16:03:37.591+0000] {era5_functions.py:152} INFO - local timestep: 17 — /opt/***/era5/ecmwf/data/nc/_raw/2026/06/10/instant_20260610.nc
[2026-06-15T16:03:37.692+0000] {logging_mixin.py:188} WARNING - 2026-06-15 16:03:37 [INFO] tif outdated (tif=16 < nc=17), removing: /opt/***/era5/ecmwf/data/tif/2026/06/10/t2m_20260610.tif
[2026-06-15T16:03:37.692+0000] {era5_functions.py:261} INFO - tif outdated (tif=16 < nc=17), removing: /opt/***/era5/ecmwf/data/tif/2026/06/10/t2m_20260610.tif
[2026-06-15T16:03:37.785+0000] {logging_mixin.py:188} WARNING - 2026-06-15 16:03:37 [INFO] tif ok (bands=17): /opt/***/era5/ecmwf/data/tif/2026/06/10/t2m_20260610.tif
[2026-06-15T16:03:37.785+0000] {era5_functions.py:304} INFO - tif ok (bands=17): /opt/***/era5/ecmwf/data/tif/2026/06/10/t2m_20260610.tif
[2026-06-15T16:03:37.801+0000] {logging_mixin.py:188} WARNING - 2026-06-15 16:03:37 [INFO] tif outdated (tif=16 < nc=17), removing: /opt/***/era5/ecmwf/data/tif/2026/06/10/d2m_20260610.tif
[2026-06-15T16:03:37.801+0000] {era5_functions.py:261} INFO - tif outdated (tif=16 < nc=17), removing: /opt/***/era5/ecmwf/data/tif/2026/06/10/d2m_20260610.tif
[2026-06-15T16:03:37.894+0000] {logging_mixin.py:188} WARNING - 2026-06-15 16:03:37 [INFO] tif ok (bands=17): /opt/***/era5/ecmwf/data/tif/2026/06/10/d2m_20260610.tif
[2026-06-15T16:03:37.894+0000] {era5_functions.py:304} INFO - tif ok (bands=17): /opt/***/era5/ecmwf/data/tif/2026/06/10/d2m_20260610.tif
[2026-06-15T16:03:37.912+0000] {logging_mixin.py:188} WARNING - 2026-06-15 16:03:37 [INFO] tif outdated (tif=16 < nc=17), removing: /opt/***/era5/ecmwf/data/tif/2026/06/10/sp_20260610.tif
[2026-06-15T16:03:37.912+0000] {era5_functions.py:261} INFO - tif outdated (tif=16 < nc=17), removing: /opt/***/era5/ecmwf/data/tif/2026/06/10/sp_20260610.tif
[2026-06-15T16:03:38.002+0000] {logging_mixin.py:188} WARNING - 2026-06-15 16:03:38 [INFO] tif ok (bands=17): /opt/***/era5/ecmwf/data/tif/2026/06/10/sp_20260610.tif
[2026-06-15T16:03:38.001+0000] {era5_functions.py:304} INFO - tif ok (bands=17): /opt/***/era5/ecmwf/data/tif/2026/06/10/sp_20260610.tif
[2026-06-15T16:03:38.017+0000] {logging_mixin.py:188} WARNING - 2026-06-15 16:03:38 [INFO] tif outdated (tif=16 < nc=17), removing: /opt/***/era5/ecmwf/data/tif/2026/06/10/blh_20260610.tif
[2026-06-15T16:03:38.017+0000] {era5_functions.py:261} INFO - tif outdated (tif=16 < nc=17), removing: /opt/***/era5/ecmwf/data/tif/2026/06/10/blh_20260610.tif
[2026-06-15T16:03:38.111+0000] {logging_mixin.py:188} WARNING - 2026-06-15 16:03:38 [INFO] tif ok (bands=17): /opt/***/era5/ecmwf/data/tif/2026/06/10/blh_20260610.tif
[2026-06-15T16:03:38.111+0000] {era5_functions.py:304} INFO - tif ok (bands=17): /opt/***/era5/ecmwf/data/tif/2026/06/10/blh_20260610.tif
[2026-06-15T16:03:38.127+0000] {logging_mixin.py:188} WARNING - 2026-06-15 16:03:38 [INFO] tif outdated (tif=16 < nc=17), removing: /opt/***/era5/ecmwf/data/tif/2026/06/10/u10_20260610.tif
[2026-06-15T16:03:38.127+0000] {era5_functions.py:261} INFO - tif outdated (tif=16 < nc=17), removing: /opt/***/era5/ecmwf/data/tif/2026/06/10/u10_20260610.tif
[2026-06-15T16:03:38.235+0000] {logging_mixin.py:188} WARNING - 2026-06-15 16:03:38 [INFO] tif ok (bands=17): /opt/***/era5/ecmwf/data/tif/2026/06/10/u10_20260610.tif
[2026-06-15T16:03:38.234+0000] {era5_functions.py:304} INFO - tif ok (bands=17): /opt/***/era5/ecmwf/data/tif/2026/06/10/u10_20260610.tif
[2026-06-15T16:03:38.258+0000] {logging_mixin.py:188} WARNING - 2026-06-15 16:03:38 [INFO] tif outdated (tif=16 < nc=17), removing: /opt/***/era5/ecmwf/data/tif/2026/06/10/v10_20260610.tif
[2026-06-15T16:03:38.257+0000] {era5_functions.py:261} INFO - tif outdated (tif=16 < nc=17), removing: /opt/***/era5/ecmwf/data/tif/2026/06/10/v10_20260610.tif
[2026-06-15T16:03:38.374+0000] {logging_mixin.py:188} WARNING - 2026-06-15 16:03:38 [INFO] tif ok (bands=17): /opt/***/era5/ecmwf/data/tif/2026/06/10/v10_20260610.tif
[2026-06-15T16:03:38.374+0000] {era5_functions.py:304} INFO - tif ok (bands=17): /opt/***/era5/ecmwf/data/tif/2026/06/10/v10_20260610.tif
[2026-06-15T16:03:38.381+0000] {logging_mixin.py:188} WARNING - 2026-06-15 16:03:38 [INFO] === END job=instant date=2026-06-15 ===
[2026-06-15T16:03:38.381+0000] {era5_functions.py:379} INFO - === END job=instant date=2026-06-15 ===
[2026-06-15T16:03:38.383+0000] {python.py:237} INFO - Done. Returned value was: None
[2026-06-15T16:03:38.384+0000] {taskinstance.py:441} INFO - ::group::Post task execution logs
[2026-06-15T16:03:38.401+0000] {taskinstance.py:1206} INFO - Marking task as SUCCESS. dag_id=era5_download_pipeline, task_id=era5_instant, run_id=scheduled__2026-06-15T15:00:00+00:00, execution_date=20260615T150000, start_date=20260615T160001, end_date=20260615T160338
[2026-06-15T16:03:38.477+0000] {local_task_job_runner.py:240} INFO - Task exited with return code 0
[2026-06-15T16:03:38.519+0000] {taskinstance.py:3498} INFO - 1 downstream tasks scheduled from follow-on schedule check
[2026-06-15T16:03:38.524+0000] {local_task_job_runner.py:222} INFO - ::endgroup::
