[2026-06-22T04:00:03.272+0000] {local_task_job_runner.py:120} INFO - ::group::Pre task execution logs
[2026-06-22T04:00:03.305+0000] {taskinstance.py:2076} INFO - Dependencies all met for dep_context=non-requeueable deps ti=<TaskInstance: era5_download_pipeline.era5_instant scheduled__2026-06-22T03:00:00+00:00 [queued]>
[2026-06-22T04:00:03.316+0000] {taskinstance.py:2076} INFO - Dependencies all met for dep_context=requeueable deps ti=<TaskInstance: era5_download_pipeline.era5_instant scheduled__2026-06-22T03:00:00+00:00 [queued]>
[2026-06-22T04:00:03.317+0000] {taskinstance.py:2306} INFO - Starting attempt 1 of 1
[2026-06-22T04:00:03.336+0000] {taskinstance.py:2330} INFO - Executing <Task(PythonOperator): era5_instant> on 2026-06-22 03:00:00+00:00
[2026-06-22T04:00:03.348+0000] {warnings.py:110} WARNING - /home/***/.local/lib/python3.12/site-packages/***/task/task_runner/standard_task_runner.py:61: DeprecationWarning: This process (pid=201005) is multi-threaded, use of fork() may lead to deadlocks in the child.
  pid = os.fork()

[2026-06-22T04:00:03.350+0000] {standard_task_runner.py:63} INFO - Started process 201009 to run task
[2026-06-22T04:00:03.351+0000] {standard_task_runner.py:90} INFO - Running: ['***', 'tasks', 'run', 'era5_download_pipeline', 'era5_instant', 'scheduled__2026-06-22T03:00:00+00:00', '--job-id', '2110', '--raw', '--subdir', 'DAGS_FOLDER/era5_dag.py', '--cfg-path', '/tmp/tmp__oumgwp']
[2026-06-22T04:00:03.355+0000] {standard_task_runner.py:91} INFO - Job 2110: Subtask era5_instant
[2026-06-22T04:00:03.442+0000] {task_command.py:426} INFO - Running <TaskInstance: era5_download_pipeline.era5_instant scheduled__2026-06-22T03:00:00+00:00 [running]> on host 01cd476fb21a
[2026-06-22T04:00:03.560+0000] {taskinstance.py:2648} INFO - Exporting env vars: AIRFLOW_CTX_DAG_OWNER='era5' AIRFLOW_CTX_DAG_ID='era5_download_pipeline' AIRFLOW_CTX_TASK_ID='era5_instant' AIRFLOW_CTX_EXECUTION_DATE='2026-06-22T03:00:00+00:00' AIRFLOW_CTX_TRY_NUMBER='1' AIRFLOW_CTX_DAG_RUN_ID='scheduled__2026-06-22T03:00:00+00:00'
[2026-06-22T04:00:03.562+0000] {taskinstance.py:430} INFO - ::endgroup::
[2026-06-22T04:00:04.635+0000] {logging_mixin.py:188} WARNING - 2026-06-22 04:00:04 [INFO] === START job=instant date=2026-06-22 ===
[2026-06-22T04:00:04.634+0000] {era5_functions.py:368} INFO - === START job=instant date=2026-06-22 ===
[2026-06-22T04:00:04.638+0000] {logging_mixin.py:188} WARNING - 2026-06-22 04:00:04 [INFO] --- job=instant date=20260622 ---
[2026-06-22T04:00:04.638+0000] {era5_functions.py:330} INFO - --- job=instant date=20260622 ---
[2026-06-22T04:00:05.439+0000] {logging_mixin.py:188} WARNING - 2026-06-22 04:00:05 [WARNING] get_cds_count failed: 400 Client Error: Bad Request for url: https://cds.climate.copernicus.eu/api/retrieve/v1/processes/reanalysis-era5-single-levels/execution
invalid request
None of the data you have requested is available yet, please revise the period requested. The latest date available for this dataset is: 2026-06-17 04:00
[2026-06-22T04:00:05.439+0000] {era5_functions.py:131} WARNING - get_cds_count failed: 400 Client Error: Bad Request for url: https://cds.climate.copernicus.eu/api/retrieve/v1/processes/reanalysis-era5-single-levels/execution
invalid request
None of the data you have requested is available yet, please revise the period requested. The latest date available for this dataset is: 2026-06-17 04:00
[2026-06-22T04:00:05.444+0000] {logging_mixin.py:188} WARNING - 2026-06-22 04:00:05 [WARNING] CDS ยังไม่มีข้อมูล job=instant date=20260622, skip
[2026-06-22T04:00:05.444+0000] {era5_functions.py:335} WARNING - CDS ยังไม่มีข้อมูล job=instant date=20260622, skip
[2026-06-22T04:00:05.448+0000] {logging_mixin.py:188} WARNING - 2026-06-22 04:00:05 [INFO] --- job=instant date=20260621 ---
[2026-06-22T04:00:05.448+0000] {era5_functions.py:330} INFO - --- job=instant date=20260621 ---
[2026-06-22T04:00:06.074+0000] {logging_mixin.py:188} WARNING - 2026-06-22 04:00:06 [WARNING] get_cds_count failed: 400 Client Error: Bad Request for url: https://cds.climate.copernicus.eu/api/retrieve/v1/processes/reanalysis-era5-single-levels/execution
invalid request
None of the data you have requested is available yet, please revise the period requested. The latest date available for this dataset is: 2026-06-17 04:00
[2026-06-22T04:00:06.074+0000] {era5_functions.py:131} WARNING - get_cds_count failed: 400 Client Error: Bad Request for url: https://cds.climate.copernicus.eu/api/retrieve/v1/processes/reanalysis-era5-single-levels/execution
invalid request
None of the data you have requested is available yet, please revise the period requested. The latest date available for this dataset is: 2026-06-17 04:00
[2026-06-22T04:00:06.077+0000] {logging_mixin.py:188} WARNING - 2026-06-22 04:00:06 [WARNING] CDS ยังไม่มีข้อมูล job=instant date=20260621, skip
[2026-06-22T04:00:06.076+0000] {era5_functions.py:335} WARNING - CDS ยังไม่มีข้อมูล job=instant date=20260621, skip
[2026-06-22T04:00:06.079+0000] {logging_mixin.py:188} WARNING - 2026-06-22 04:00:06 [INFO] --- job=instant date=20260620 ---
[2026-06-22T04:00:06.079+0000] {era5_functions.py:330} INFO - --- job=instant date=20260620 ---
[2026-06-22T04:00:06.962+0000] {logging_mixin.py:188} WARNING - 2026-06-22 04:00:06 [WARNING] get_cds_count failed: 400 Client Error: Bad Request for url: https://cds.climate.copernicus.eu/api/retrieve/v1/processes/reanalysis-era5-single-levels/execution
invalid request
None of the data you have requested is available yet, please revise the period requested. The latest date available for this dataset is: 2026-06-17 04:00
[2026-06-22T04:00:06.962+0000] {era5_functions.py:131} WARNING - get_cds_count failed: 400 Client Error: Bad Request for url: https://cds.climate.copernicus.eu/api/retrieve/v1/processes/reanalysis-era5-single-levels/execution
invalid request
None of the data you have requested is available yet, please revise the period requested. The latest date available for this dataset is: 2026-06-17 04:00
[2026-06-22T04:00:06.965+0000] {logging_mixin.py:188} WARNING - 2026-06-22 04:00:06 [WARNING] CDS ยังไม่มีข้อมูล job=instant date=20260620, skip
[2026-06-22T04:00:06.965+0000] {era5_functions.py:335} WARNING - CDS ยังไม่มีข้อมูล job=instant date=20260620, skip
[2026-06-22T04:00:06.968+0000] {logging_mixin.py:188} WARNING - 2026-06-22 04:00:06 [INFO] --- job=instant date=20260619 ---
[2026-06-22T04:00:06.968+0000] {era5_functions.py:330} INFO - --- job=instant date=20260619 ---
[2026-06-22T04:00:07.578+0000] {logging_mixin.py:188} WARNING - 2026-06-22 04:00:07 [WARNING] get_cds_count failed: 400 Client Error: Bad Request for url: https://cds.climate.copernicus.eu/api/retrieve/v1/processes/reanalysis-era5-single-levels/execution
invalid request
None of the data you have requested is available yet, please revise the period requested. The latest date available for this dataset is: 2026-06-17 04:00
[2026-06-22T04:00:07.578+0000] {era5_functions.py:131} WARNING - get_cds_count failed: 400 Client Error: Bad Request for url: https://cds.climate.copernicus.eu/api/retrieve/v1/processes/reanalysis-era5-single-levels/execution
invalid request
None of the data you have requested is available yet, please revise the period requested. The latest date available for this dataset is: 2026-06-17 04:00
[2026-06-22T04:00:07.582+0000] {logging_mixin.py:188} WARNING - 2026-06-22 04:00:07 [WARNING] CDS ยังไม่มีข้อมูล job=instant date=20260619, skip
[2026-06-22T04:00:07.582+0000] {era5_functions.py:335} WARNING - CDS ยังไม่มีข้อมูล job=instant date=20260619, skip
[2026-06-22T04:00:07.585+0000] {logging_mixin.py:188} WARNING - 2026-06-22 04:00:07 [INFO] --- job=instant date=20260618 ---
[2026-06-22T04:00:07.585+0000] {era5_functions.py:330} INFO - --- job=instant date=20260618 ---
[2026-06-22T04:00:08.628+0000] {logging_mixin.py:188} WARNING - 2026-06-22 04:00:08 [WARNING] get_cds_count failed: 400 Client Error: Bad Request for url: https://cds.climate.copernicus.eu/api/retrieve/v1/processes/reanalysis-era5-single-levels/execution
invalid request
None of the data you have requested is available yet, please revise the period requested. The latest date available for this dataset is: 2026-06-17 04:00
[2026-06-22T04:00:08.628+0000] {era5_functions.py:131} WARNING - get_cds_count failed: 400 Client Error: Bad Request for url: https://cds.climate.copernicus.eu/api/retrieve/v1/processes/reanalysis-era5-single-levels/execution
invalid request
None of the data you have requested is available yet, please revise the period requested. The latest date available for this dataset is: 2026-06-17 04:00
[2026-06-22T04:00:08.632+0000] {logging_mixin.py:188} WARNING - 2026-06-22 04:00:08 [WARNING] CDS ยังไม่มีข้อมูล job=instant date=20260618, skip
[2026-06-22T04:00:08.632+0000] {era5_functions.py:335} WARNING - CDS ยังไม่มีข้อมูล job=instant date=20260618, skip
[2026-06-22T04:00:08.635+0000] {logging_mixin.py:188} WARNING - 2026-06-22 04:00:08 [INFO] --- job=instant date=20260617 ---
[2026-06-22T04:00:08.635+0000] {era5_functions.py:330} INFO - --- job=instant date=20260617 ---
[2026-06-22T04:00:09.408+0000] {logging_mixin.py:188} WARNING - 2026-06-22 04:00:09,407 INFO [2025-12-11T00:00:00] Please note that a dedicated catalogue entry for this dataset, post-processed and stored in Analysis Ready Cloud Optimized (ARCO) format (Zarr), is available for optimised time-series retrievals (i.e. for retrieving data from selected variables for a single point over an extended period of time in an efficient way). You can discover it [here](https://cds.climate.copernicus.eu/datasets/reanalysis-era5-single-levels-timeseries?tab=overview)
[2026-06-22T04:00:09.407+0000] {legacy_client.py:192} INFO - [2025-12-11T00:00:00] Please note that a dedicated catalogue entry for this dataset, post-processed and stored in Analysis Ready Cloud Optimized (ARCO) format (Zarr), is available for optimised time-series retrievals (i.e. for retrieving data from selected variables for a single point over an extended period of time in an efficient way). You can discover it [here](https://cds.climate.copernicus.eu/datasets/reanalysis-era5-single-levels-timeseries?tab=overview)
[2026-06-22T04:00:09.412+0000] {logging_mixin.py:188} WARNING - 2026-06-22 04:00:09,412 INFO Request ID is 6dc1f815-b8a0-48b0-a244-cd2ddb47d475
[2026-06-22T04:00:09.412+0000] {legacy_client.py:192} INFO - Request ID is 6dc1f815-b8a0-48b0-a244-cd2ddb47d475
[2026-06-22T04:00:09.731+0000] {logging_mixin.py:188} WARNING - 2026-06-22 04:00:09,731 INFO status has been updated to accepted
[2026-06-22T04:00:09.731+0000] {legacy_client.py:192} INFO - status has been updated to accepted
[2026-06-22T04:00:23.970+0000] {logging_mixin.py:188} WARNING - 2026-06-22 04:00:23,970 INFO status has been updated to running
[2026-06-22T04:00:23.970+0000] {legacy_client.py:192} INFO - status has been updated to running
[2026-06-22T04:00:31.856+0000] {logging_mixin.py:188} WARNING - 2026-06-22 04:00:31,856 INFO status has been updated to successful
[2026-06-22T04:00:31.856+0000] {legacy_client.py:192} INFO - status has been updated to successful
[2026-06-22T04:00:32.272+0000] {base.py:119} INFO - Downloading https://object-store.os-api.cci2.ecmwf.int:443/cci2-prod-cache-1/2026-06-22/1beec4b53c233e78b00cce7be8578b6e.nc
[2026-06-22T04:00:33.345+0000] {logging_mixin.py:188} WARNING - 1beec4b53c233e78b00cce7be8578b6e.nc:   0%|          | 0.00/601k [00:00<?, ?B/s]
[2026-06-22T04:00:35.276+0000] {logging_mixin.py:188} WARNING - 1beec4b53c233e78b00cce7be8578b6e.nc: 100%|##########| 601k/601k [00:01<00:00, 319kB/s]
[2026-06-22T04:00:35.282+0000] {logging_mixin.py:188} WARNING -                                                                                       
[2026-06-22T04:00:35.590+0000] {logging_mixin.py:188} WARNING - 2026-06-22 04:00:35 [INFO] CDS timestep available: 5
[2026-06-22T04:00:35.590+0000] {era5_functions.py:128} INFO - CDS timestep available: 5
[2026-06-22T04:00:35.687+0000] {logging_mixin.py:188} WARNING - 2026-06-22 04:00:35 [INFO] local timestep: 4 — /opt/***/era5/ecmwf/data/nc/_raw/2026/06/17/instant_20260617.nc
[2026-06-22T04:00:35.687+0000] {era5_functions.py:152} INFO - local timestep: 4 — /opt/***/era5/ecmwf/data/nc/_raw/2026/06/17/instant_20260617.nc
[2026-06-22T04:00:35.697+0000] {logging_mixin.py:188} WARNING - 2026-06-22 04:00:35 [INFO] nc outdated (local=4 < cds=5), removing: /opt/***/era5/ecmwf/data/nc/_raw/2026/06/17/instant_20260617.nc
[2026-06-22T04:00:35.697+0000] {era5_functions.py:193} INFO - nc outdated (local=4 < cds=5), removing: /opt/***/era5/ecmwf/data/nc/_raw/2026/06/17/instant_20260617.nc
[2026-06-22T04:00:35.726+0000] {logging_mixin.py:188} WARNING - 2026-06-22 04:00:35 [INFO] download attempt 1/3: /opt/***/era5/ecmwf/data/nc/_raw/2026/06/17/instant_20260617.nc
[2026-06-22T04:00:35.726+0000] {era5_functions.py:200} INFO - download attempt 1/3: /opt/***/era5/ecmwf/data/nc/_raw/2026/06/17/instant_20260617.nc
[2026-06-22T04:00:36.487+0000] {logging_mixin.py:188} WARNING - 2026-06-22 04:00:36,486 INFO [2025-12-11T00:00:00] Please note that a dedicated catalogue entry for this dataset, post-processed and stored in Analysis Ready Cloud Optimized (ARCO) format (Zarr), is available for optimised time-series retrievals (i.e. for retrieving data from selected variables for a single point over an extended period of time in an efficient way). You can discover it [here](https://cds.climate.copernicus.eu/datasets/reanalysis-era5-single-levels-timeseries?tab=overview)
[2026-06-22T04:00:36.486+0000] {legacy_client.py:192} INFO - [2025-12-11T00:00:00] Please note that a dedicated catalogue entry for this dataset, post-processed and stored in Analysis Ready Cloud Optimized (ARCO) format (Zarr), is available for optimised time-series retrievals (i.e. for retrieving data from selected variables for a single point over an extended period of time in an efficient way). You can discover it [here](https://cds.climate.copernicus.eu/datasets/reanalysis-era5-single-levels-timeseries?tab=overview)
[2026-06-22T04:00:36.493+0000] {logging_mixin.py:188} WARNING - 2026-06-22 04:00:36,492 INFO Request ID is 377b6ffd-a589-4cd9-9ce8-3dab43bf261f
[2026-06-22T04:00:36.492+0000] {legacy_client.py:192} INFO - Request ID is 377b6ffd-a589-4cd9-9ce8-3dab43bf261f
[2026-06-22T04:00:36.709+0000] {logging_mixin.py:188} WARNING - 2026-06-22 04:00:36,709 INFO status has been updated to accepted
[2026-06-22T04:00:36.709+0000] {legacy_client.py:192} INFO - status has been updated to accepted
[2026-06-22T04:00:59.427+0000] {logging_mixin.py:188} WARNING - 2026-06-22 04:00:59,427 INFO status has been updated to running
[2026-06-22T04:00:59.427+0000] {legacy_client.py:192} INFO - status has been updated to running
[2026-06-22T04:01:11.038+0000] {logging_mixin.py:188} WARNING - 2026-06-22 04:01:11,038 INFO status has been updated to successful
[2026-06-22T04:01:11.038+0000] {legacy_client.py:192} INFO - status has been updated to successful
[2026-06-22T04:01:11.474+0000] {base.py:119} INFO - Downloading https://object-store.os-api.cci2.ecmwf.int:443/cci2-prod-cache-1/2026-06-22/73d890e1fcdf975a9cf72e1acf6415b7.nc
[2026-06-22T04:01:12.453+0000] {logging_mixin.py:188} WARNING - 73d890e1fcdf975a9cf72e1acf6415b7.nc:   0%|          | 0.00/601k [00:00<?, ?B/s]
[2026-06-22T04:01:15.839+0000] {logging_mixin.py:188} WARNING - 73d890e1fcdf975a9cf72e1acf6415b7.nc: 100%|##########| 601k/601k [00:03<00:00, 182kB/s]
[2026-06-22T04:01:15.857+0000] {logging_mixin.py:188} WARNING -                                                                                       
[2026-06-22T04:01:15.990+0000] {logging_mixin.py:188} WARNING - 2026-06-22 04:01:15 [INFO] nc downloaded ok: /opt/***/era5/ecmwf/data/nc/_raw/2026/06/17/instant_20260617.nc
[2026-06-22T04:01:15.990+0000] {era5_functions.py:204} INFO - nc downloaded ok: /opt/***/era5/ecmwf/data/nc/_raw/2026/06/17/instant_20260617.nc
[2026-06-22T04:01:16.069+0000] {logging_mixin.py:188} WARNING - 2026-06-22 04:01:16 [INFO] local timestep: 5 — /opt/***/era5/ecmwf/data/nc/_raw/2026/06/17/instant_20260617.nc
[2026-06-22T04:01:16.069+0000] {era5_functions.py:152} INFO - local timestep: 5 — /opt/***/era5/ecmwf/data/nc/_raw/2026/06/17/instant_20260617.nc
[2026-06-22T04:01:16.186+0000] {logging_mixin.py:188} WARNING - 2026-06-22 04:01:16 [INFO] tif outdated (tif=4 < nc=5), removing: /opt/***/era5/ecmwf/data/tif/2026/06/17/t2m_20260617.tif
[2026-06-22T04:01:16.186+0000] {era5_functions.py:261} INFO - tif outdated (tif=4 < nc=5), removing: /opt/***/era5/ecmwf/data/tif/2026/06/17/t2m_20260617.tif
[2026-06-22T04:01:16.288+0000] {logging_mixin.py:188} WARNING - 2026-06-22 04:01:16 [INFO] tif ok (bands=5): /opt/***/era5/ecmwf/data/tif/2026/06/17/t2m_20260617.tif
[2026-06-22T04:01:16.288+0000] {era5_functions.py:304} INFO - tif ok (bands=5): /opt/***/era5/ecmwf/data/tif/2026/06/17/t2m_20260617.tif
[2026-06-22T04:01:16.308+0000] {logging_mixin.py:188} WARNING - 2026-06-22 04:01:16 [INFO] tif outdated (tif=4 < nc=5), removing: /opt/***/era5/ecmwf/data/tif/2026/06/17/d2m_20260617.tif
[2026-06-22T04:01:16.308+0000] {era5_functions.py:261} INFO - tif outdated (tif=4 < nc=5), removing: /opt/***/era5/ecmwf/data/tif/2026/06/17/d2m_20260617.tif
[2026-06-22T04:01:16.405+0000] {logging_mixin.py:188} WARNING - 2026-06-22 04:01:16 [INFO] tif ok (bands=5): /opt/***/era5/ecmwf/data/tif/2026/06/17/d2m_20260617.tif
[2026-06-22T04:01:16.405+0000] {era5_functions.py:304} INFO - tif ok (bands=5): /opt/***/era5/ecmwf/data/tif/2026/06/17/d2m_20260617.tif
[2026-06-22T04:01:16.427+0000] {logging_mixin.py:188} WARNING - 2026-06-22 04:01:16 [INFO] tif outdated (tif=4 < nc=5), removing: /opt/***/era5/ecmwf/data/tif/2026/06/17/sp_20260617.tif
[2026-06-22T04:01:16.426+0000] {era5_functions.py:261} INFO - tif outdated (tif=4 < nc=5), removing: /opt/***/era5/ecmwf/data/tif/2026/06/17/sp_20260617.tif
[2026-06-22T04:01:16.520+0000] {logging_mixin.py:188} WARNING - 2026-06-22 04:01:16 [INFO] tif ok (bands=5): /opt/***/era5/ecmwf/data/tif/2026/06/17/sp_20260617.tif
[2026-06-22T04:01:16.520+0000] {era5_functions.py:304} INFO - tif ok (bands=5): /opt/***/era5/ecmwf/data/tif/2026/06/17/sp_20260617.tif
[2026-06-22T04:01:16.540+0000] {logging_mixin.py:188} WARNING - 2026-06-22 04:01:16 [INFO] tif outdated (tif=4 < nc=5), removing: /opt/***/era5/ecmwf/data/tif/2026/06/17/blh_20260617.tif
[2026-06-22T04:01:16.540+0000] {era5_functions.py:261} INFO - tif outdated (tif=4 < nc=5), removing: /opt/***/era5/ecmwf/data/tif/2026/06/17/blh_20260617.tif
[2026-06-22T04:01:16.647+0000] {logging_mixin.py:188} WARNING - 2026-06-22 04:01:16 [INFO] tif ok (bands=5): /opt/***/era5/ecmwf/data/tif/2026/06/17/blh_20260617.tif
[2026-06-22T04:01:16.646+0000] {era5_functions.py:304} INFO - tif ok (bands=5): /opt/***/era5/ecmwf/data/tif/2026/06/17/blh_20260617.tif
[2026-06-22T04:01:16.671+0000] {logging_mixin.py:188} WARNING - 2026-06-22 04:01:16 [INFO] tif outdated (tif=4 < nc=5), removing: /opt/***/era5/ecmwf/data/tif/2026/06/17/u10_20260617.tif
[2026-06-22T04:01:16.670+0000] {era5_functions.py:261} INFO - tif outdated (tif=4 < nc=5), removing: /opt/***/era5/ecmwf/data/tif/2026/06/17/u10_20260617.tif
[2026-06-22T04:01:16.765+0000] {logging_mixin.py:188} WARNING - 2026-06-22 04:01:16 [INFO] tif ok (bands=5): /opt/***/era5/ecmwf/data/tif/2026/06/17/u10_20260617.tif
[2026-06-22T04:01:16.765+0000] {era5_functions.py:304} INFO - tif ok (bands=5): /opt/***/era5/ecmwf/data/tif/2026/06/17/u10_20260617.tif
[2026-06-22T04:01:16.787+0000] {logging_mixin.py:188} WARNING - 2026-06-22 04:01:16 [INFO] tif outdated (tif=4 < nc=5), removing: /opt/***/era5/ecmwf/data/tif/2026/06/17/v10_20260617.tif
[2026-06-22T04:01:16.787+0000] {era5_functions.py:261} INFO - tif outdated (tif=4 < nc=5), removing: /opt/***/era5/ecmwf/data/tif/2026/06/17/v10_20260617.tif
[2026-06-22T04:01:16.901+0000] {logging_mixin.py:188} WARNING - 2026-06-22 04:01:16 [INFO] tif ok (bands=5): /opt/***/era5/ecmwf/data/tif/2026/06/17/v10_20260617.tif
[2026-06-22T04:01:16.901+0000] {era5_functions.py:304} INFO - tif ok (bands=5): /opt/***/era5/ecmwf/data/tif/2026/06/17/v10_20260617.tif
[2026-06-22T04:01:16.908+0000] {logging_mixin.py:188} WARNING - 2026-06-22 04:01:16 [INFO] === END job=instant date=2026-06-22 ===
[2026-06-22T04:01:16.908+0000] {era5_functions.py:379} INFO - === END job=instant date=2026-06-22 ===
[2026-06-22T04:01:16.910+0000] {python.py:237} INFO - Done. Returned value was: None
[2026-06-22T04:01:16.911+0000] {taskinstance.py:441} INFO - ::group::Post task execution logs
[2026-06-22T04:01:16.925+0000] {taskinstance.py:1206} INFO - Marking task as SUCCESS. dag_id=era5_download_pipeline, task_id=era5_instant, run_id=scheduled__2026-06-22T03:00:00+00:00, execution_date=20260622T030000, start_date=20260622T040003, end_date=20260622T040116
[2026-06-22T04:01:16.995+0000] {local_task_job_runner.py:240} INFO - Task exited with return code 0
[2026-06-22T04:01:17.023+0000] {taskinstance.py:3498} INFO - 0 downstream tasks scheduled from follow-on schedule check
[2026-06-22T04:01:17.028+0000] {local_task_job_runner.py:222} INFO - ::endgroup::
