[2026-06-14T08:01:22.211+0000] {local_task_job_runner.py:120} INFO - ::group::Pre task execution logs
[2026-06-14T08:01:22.240+0000] {taskinstance.py:2076} INFO - Dependencies all met for dep_context=non-requeueable deps ti=<TaskInstance: era5_download_pipeline.era5_accum scheduled__2026-06-14T07:00:00+00:00 [queued]>
[2026-06-14T08:01:22.251+0000] {taskinstance.py:2076} INFO - Dependencies all met for dep_context=requeueable deps ti=<TaskInstance: era5_download_pipeline.era5_accum scheduled__2026-06-14T07:00:00+00:00 [queued]>
[2026-06-14T08:01:22.252+0000] {taskinstance.py:2306} INFO - Starting attempt 1 of 1
[2026-06-14T08:01:22.269+0000] {taskinstance.py:2330} INFO - Executing <Task(PythonOperator): era5_accum> on 2026-06-14 07:00:00+00:00
[2026-06-14T08:01:22.281+0000] {warnings.py:110} WARNING - /home/***/.local/lib/python3.12/site-packages/***/task/task_runner/standard_task_runner.py:61: DeprecationWarning: This process (pid=56092) is multi-threaded, use of fork() may lead to deadlocks in the child.
  pid = os.fork()

[2026-06-14T08:01:22.284+0000] {standard_task_runner.py:63} INFO - Started process 56094 to run task
[2026-06-14T08:01:22.283+0000] {standard_task_runner.py:90} INFO - Running: ['***', 'tasks', 'run', 'era5_download_pipeline', 'era5_accum', 'scheduled__2026-06-14T07:00:00+00:00', '--job-id', '1543', '--raw', '--subdir', 'DAGS_FOLDER/era5_dag.py', '--cfg-path', '/tmp/tmp0327udg8']
[2026-06-14T08:01:22.287+0000] {standard_task_runner.py:91} INFO - Job 1543: Subtask era5_accum
[2026-06-14T08:01:22.361+0000] {task_command.py:426} INFO - Running <TaskInstance: era5_download_pipeline.era5_accum scheduled__2026-06-14T07:00:00+00:00 [running]> on host 01cd476fb21a
[2026-06-14T08:01:22.492+0000] {taskinstance.py:2648} INFO - Exporting env vars: AIRFLOW_CTX_DAG_OWNER='era5' AIRFLOW_CTX_DAG_ID='era5_download_pipeline' AIRFLOW_CTX_TASK_ID='era5_accum' AIRFLOW_CTX_EXECUTION_DATE='2026-06-14T07:00:00+00:00' AIRFLOW_CTX_TRY_NUMBER='1' AIRFLOW_CTX_DAG_RUN_ID='scheduled__2026-06-14T07:00:00+00:00'
[2026-06-14T08:01:22.494+0000] {taskinstance.py:430} INFO - ::endgroup::
[2026-06-14T08:01:23.564+0000] {logging_mixin.py:188} WARNING - 2026-06-14 08:01:23,564 INFO [2026-06-11T00:00:00Z] Upcoming essential maintenance sessions on Data Stores underlying infrastructure on 15 June. Service disruption expected. For further details, please [visit our forum announcement](https://forum.ecmwf.int/t/upcoming-essential-maintenance-sessions-on-data-stores-underlying-infrastructure-part-2/150414).
[2026-06-14T08:01:23.564+0000] {legacy_client.py:192} INFO - [2026-06-11T00:00:00Z] Upcoming essential maintenance sessions on Data Stores underlying infrastructure on 15 June. Service disruption expected. For further details, please [visit our forum announcement](https://forum.ecmwf.int/t/upcoming-essential-maintenance-sessions-on-data-stores-underlying-infrastructure-part-2/150414).
[2026-06-14T08:01:23.577+0000] {logging_mixin.py:188} WARNING - 2026-06-14 08:01:23 [INFO] === START job=accum date=2026-06-14 ===
[2026-06-14T08:01:23.577+0000] {era5_functions.py:368} INFO - === START job=accum date=2026-06-14 ===
[2026-06-14T08:01:23.580+0000] {logging_mixin.py:188} WARNING - 2026-06-14 08:01:23 [INFO] --- job=accum date=20260614 ---
[2026-06-14T08:01:23.580+0000] {era5_functions.py:330} INFO - --- job=accum date=20260614 ---
[2026-06-14T08:01:24.261+0000] {logging_mixin.py:188} WARNING - 2026-06-14 08:01:24 [WARNING] get_cds_count failed: 400 Client Error: Bad Request for url: https://cds.climate.copernicus.eu/api/retrieve/v1/processes/reanalysis-era5-single-levels/execution
invalid request
None of the data you have requested is available yet, please revise the period requested. The latest date available for this dataset is: 2026-06-09 08:00
[2026-06-14T08:01:24.261+0000] {era5_functions.py:131} WARNING - get_cds_count failed: 400 Client Error: Bad Request for url: https://cds.climate.copernicus.eu/api/retrieve/v1/processes/reanalysis-era5-single-levels/execution
invalid request
None of the data you have requested is available yet, please revise the period requested. The latest date available for this dataset is: 2026-06-09 08:00
[2026-06-14T08:01:24.266+0000] {logging_mixin.py:188} WARNING - 2026-06-14 08:01:24 [WARNING] CDS ยังไม่มีข้อมูล job=accum date=20260614, skip
[2026-06-14T08:01:24.266+0000] {era5_functions.py:335} WARNING - CDS ยังไม่มีข้อมูล job=accum date=20260614, skip
[2026-06-14T08:01:24.270+0000] {logging_mixin.py:188} WARNING - 2026-06-14 08:01:24 [INFO] --- job=accum date=20260613 ---
[2026-06-14T08:01:24.270+0000] {era5_functions.py:330} INFO - --- job=accum date=20260613 ---
[2026-06-14T08:01:24.813+0000] {logging_mixin.py:188} WARNING - 2026-06-14 08:01:24 [WARNING] get_cds_count failed: 400 Client Error: Bad Request for url: https://cds.climate.copernicus.eu/api/retrieve/v1/processes/reanalysis-era5-single-levels/execution
invalid request
None of the data you have requested is available yet, please revise the period requested. The latest date available for this dataset is: 2026-06-09 08:00
[2026-06-14T08:01:24.812+0000] {era5_functions.py:131} WARNING - get_cds_count failed: 400 Client Error: Bad Request for url: https://cds.climate.copernicus.eu/api/retrieve/v1/processes/reanalysis-era5-single-levels/execution
invalid request
None of the data you have requested is available yet, please revise the period requested. The latest date available for this dataset is: 2026-06-09 08:00
[2026-06-14T08:01:24.818+0000] {logging_mixin.py:188} WARNING - 2026-06-14 08:01:24 [WARNING] CDS ยังไม่มีข้อมูล job=accum date=20260613, skip
[2026-06-14T08:01:24.817+0000] {era5_functions.py:335} WARNING - CDS ยังไม่มีข้อมูล job=accum date=20260613, skip
[2026-06-14T08:01:24.821+0000] {logging_mixin.py:188} WARNING - 2026-06-14 08:01:24 [INFO] --- job=accum date=20260612 ---
[2026-06-14T08:01:24.820+0000] {era5_functions.py:330} INFO - --- job=accum date=20260612 ---
[2026-06-14T08:01:25.420+0000] {logging_mixin.py:188} WARNING - 2026-06-14 08:01:25 [WARNING] get_cds_count failed: 400 Client Error: Bad Request for url: https://cds.climate.copernicus.eu/api/retrieve/v1/processes/reanalysis-era5-single-levels/execution
invalid request
None of the data you have requested is available yet, please revise the period requested. The latest date available for this dataset is: 2026-06-09 08:00
[2026-06-14T08:01:25.420+0000] {era5_functions.py:131} WARNING - get_cds_count failed: 400 Client Error: Bad Request for url: https://cds.climate.copernicus.eu/api/retrieve/v1/processes/reanalysis-era5-single-levels/execution
invalid request
None of the data you have requested is available yet, please revise the period requested. The latest date available for this dataset is: 2026-06-09 08:00
[2026-06-14T08:01:25.423+0000] {logging_mixin.py:188} WARNING - 2026-06-14 08:01:25 [WARNING] CDS ยังไม่มีข้อมูล job=accum date=20260612, skip
[2026-06-14T08:01:25.423+0000] {era5_functions.py:335} WARNING - CDS ยังไม่มีข้อมูล job=accum date=20260612, skip
[2026-06-14T08:01:25.425+0000] {logging_mixin.py:188} WARNING - 2026-06-14 08:01:25 [INFO] --- job=accum date=20260611 ---
[2026-06-14T08:01:25.425+0000] {era5_functions.py:330} INFO - --- job=accum date=20260611 ---
[2026-06-14T08:01:26.634+0000] {logging_mixin.py:188} WARNING - 2026-06-14 08:01:26 [WARNING] get_cds_count failed: 400 Client Error: Bad Request for url: https://cds.climate.copernicus.eu/api/retrieve/v1/processes/reanalysis-era5-single-levels/execution
invalid request
None of the data you have requested is available yet, please revise the period requested. The latest date available for this dataset is: 2026-06-09 08:00
[2026-06-14T08:01:26.634+0000] {era5_functions.py:131} WARNING - get_cds_count failed: 400 Client Error: Bad Request for url: https://cds.climate.copernicus.eu/api/retrieve/v1/processes/reanalysis-era5-single-levels/execution
invalid request
None of the data you have requested is available yet, please revise the period requested. The latest date available for this dataset is: 2026-06-09 08:00
[2026-06-14T08:01:26.639+0000] {logging_mixin.py:188} WARNING - 2026-06-14 08:01:26 [WARNING] CDS ยังไม่มีข้อมูล job=accum date=20260611, skip
[2026-06-14T08:01:26.639+0000] {era5_functions.py:335} WARNING - CDS ยังไม่มีข้อมูล job=accum date=20260611, skip
[2026-06-14T08:01:26.642+0000] {logging_mixin.py:188} WARNING - 2026-06-14 08:01:26 [INFO] --- job=accum date=20260610 ---
[2026-06-14T08:01:26.642+0000] {era5_functions.py:330} INFO - --- job=accum date=20260610 ---
[2026-06-14T08:01:28.254+0000] {logging_mixin.py:188} WARNING - 2026-06-14 08:01:28 [WARNING] get_cds_count failed: 400 Client Error: Bad Request for url: https://cds.climate.copernicus.eu/api/retrieve/v1/processes/reanalysis-era5-single-levels/execution
invalid request
None of the data you have requested is available yet, please revise the period requested. The latest date available for this dataset is: 2026-06-09 08:00
[2026-06-14T08:01:28.254+0000] {era5_functions.py:131} WARNING - get_cds_count failed: 400 Client Error: Bad Request for url: https://cds.climate.copernicus.eu/api/retrieve/v1/processes/reanalysis-era5-single-levels/execution
invalid request
None of the data you have requested is available yet, please revise the period requested. The latest date available for this dataset is: 2026-06-09 08:00
[2026-06-14T08:01:28.258+0000] {logging_mixin.py:188} WARNING - 2026-06-14 08:01:28 [WARNING] CDS ยังไม่มีข้อมูล job=accum date=20260610, skip
[2026-06-14T08:01:28.257+0000] {era5_functions.py:335} WARNING - CDS ยังไม่มีข้อมูล job=accum date=20260610, skip
[2026-06-14T08:01:28.260+0000] {logging_mixin.py:188} WARNING - 2026-06-14 08:01:28 [INFO] --- job=accum date=20260609 ---
[2026-06-14T08:01:28.260+0000] {era5_functions.py:330} INFO - --- job=accum date=20260609 ---
[2026-06-14T08:01:29.182+0000] {logging_mixin.py:188} WARNING - 2026-06-14 08:01:29,182 INFO [2025-12-11T00:00:00] Please note that a dedicated catalogue entry for this dataset, post-processed and stored in Analysis Ready Cloud Optimized (ARCO) format (Zarr), is available for optimised time-series retrievals (i.e. for retrieving data from selected variables for a single point over an extended period of time in an efficient way). You can discover it [here](https://cds.climate.copernicus.eu/datasets/reanalysis-era5-single-levels-timeseries?tab=overview)
[2026-06-14T08:01:29.182+0000] {legacy_client.py:192} INFO - [2025-12-11T00:00:00] Please note that a dedicated catalogue entry for this dataset, post-processed and stored in Analysis Ready Cloud Optimized (ARCO) format (Zarr), is available for optimised time-series retrievals (i.e. for retrieving data from selected variables for a single point over an extended period of time in an efficient way). You can discover it [here](https://cds.climate.copernicus.eu/datasets/reanalysis-era5-single-levels-timeseries?tab=overview)
[2026-06-14T08:01:29.187+0000] {logging_mixin.py:188} WARNING - 2026-06-14 08:01:29,186 INFO Request ID is 83ab2b71-998f-4c1e-bf55-4998efbae221
[2026-06-14T08:01:29.186+0000] {legacy_client.py:192} INFO - Request ID is 83ab2b71-998f-4c1e-bf55-4998efbae221
[2026-06-14T08:01:29.413+0000] {logging_mixin.py:188} WARNING - 2026-06-14 08:01:29,413 INFO status has been updated to accepted
[2026-06-14T08:01:29.413+0000] {legacy_client.py:192} INFO - status has been updated to accepted
[2026-06-14T08:01:53.262+0000] {logging_mixin.py:188} WARNING - 2026-06-14 08:01:53,262 INFO status has been updated to running
[2026-06-14T08:01:53.262+0000] {legacy_client.py:192} INFO - status has been updated to running
[2026-06-14T08:02:04.871+0000] {logging_mixin.py:188} WARNING - 2026-06-14 08:02:04,871 INFO status has been updated to successful
[2026-06-14T08:02:04.871+0000] {legacy_client.py:192} INFO - status has been updated to successful
[2026-06-14T08:02:05.506+0000] {base.py:119} INFO - Downloading https://object-store.os-api.cci2.ecmwf.int:443/cci2-prod-cache-1/2026-06-14/a8591f96fea922d0fb49ff6088f3ebd3.nc
[2026-06-14T08:02:06.535+0000] {logging_mixin.py:188} WARNING - a8591f96fea922d0fb49ff6088f3ebd3.nc:   0%|          | 0.00/157k [00:00<?, ?B/s]
[2026-06-14T08:02:07.748+0000] {logging_mixin.py:188} WARNING - a8591f96fea922d0fb49ff6088f3ebd3.nc: 100%|##########| 157k/157k [00:01<00:00, 133kB/s]
[2026-06-14T08:02:07.752+0000] {logging_mixin.py:188} WARNING -                                                                                       
[2026-06-14T08:02:08.036+0000] {logging_mixin.py:188} WARNING - 2026-06-14 08:02:08 [INFO] CDS timestep available: 9
[2026-06-14T08:02:08.036+0000] {era5_functions.py:128} INFO - CDS timestep available: 9
[2026-06-14T08:02:08.099+0000] {logging_mixin.py:188} WARNING - 2026-06-14 08:02:08 [INFO] local timestep: 8 — /opt/***/era5/ecmwf/data/nc/_raw/2026/06/09/accum_20260609.nc
[2026-06-14T08:02:08.099+0000] {era5_functions.py:152} INFO - local timestep: 8 — /opt/***/era5/ecmwf/data/nc/_raw/2026/06/09/accum_20260609.nc
[2026-06-14T08:02:08.115+0000] {logging_mixin.py:188} WARNING - 2026-06-14 08:02:08 [INFO] nc outdated (local=8 < cds=9), removing: /opt/***/era5/ecmwf/data/nc/_raw/2026/06/09/accum_20260609.nc
[2026-06-14T08:02:08.115+0000] {era5_functions.py:193} INFO - nc outdated (local=8 < cds=9), removing: /opt/***/era5/ecmwf/data/nc/_raw/2026/06/09/accum_20260609.nc
[2026-06-14T08:02:08.152+0000] {logging_mixin.py:188} WARNING - 2026-06-14 08:02:08 [INFO] download attempt 1/3: /opt/***/era5/ecmwf/data/nc/_raw/2026/06/09/accum_20260609.nc
[2026-06-14T08:02:08.152+0000] {era5_functions.py:200} INFO - download attempt 1/3: /opt/***/era5/ecmwf/data/nc/_raw/2026/06/09/accum_20260609.nc
[2026-06-14T08:02:09.007+0000] {logging_mixin.py:188} WARNING - 2026-06-14 08:02:09,007 INFO [2025-12-11T00:00:00] Please note that a dedicated catalogue entry for this dataset, post-processed and stored in Analysis Ready Cloud Optimized (ARCO) format (Zarr), is available for optimised time-series retrievals (i.e. for retrieving data from selected variables for a single point over an extended period of time in an efficient way). You can discover it [here](https://cds.climate.copernicus.eu/datasets/reanalysis-era5-single-levels-timeseries?tab=overview)
[2026-06-14T08:02:09.007+0000] {legacy_client.py:192} INFO - [2025-12-11T00:00:00] Please note that a dedicated catalogue entry for this dataset, post-processed and stored in Analysis Ready Cloud Optimized (ARCO) format (Zarr), is available for optimised time-series retrievals (i.e. for retrieving data from selected variables for a single point over an extended period of time in an efficient way). You can discover it [here](https://cds.climate.copernicus.eu/datasets/reanalysis-era5-single-levels-timeseries?tab=overview)
[2026-06-14T08:02:09.010+0000] {logging_mixin.py:188} WARNING - 2026-06-14 08:02:09,010 INFO Request ID is 8ac355a9-3d66-421b-9ff2-a0554d5cc915
[2026-06-14T08:02:09.010+0000] {legacy_client.py:192} INFO - Request ID is 8ac355a9-3d66-421b-9ff2-a0554d5cc915
[2026-06-14T08:02:10.198+0000] {logging_mixin.py:188} WARNING - 2026-06-14 08:02:10,198 INFO status has been updated to accepted
[2026-06-14T08:02:10.198+0000] {legacy_client.py:192} INFO - status has been updated to accepted
[2026-06-14T08:02:32.246+0000] {logging_mixin.py:188} WARNING - 2026-06-14 08:02:32,245 INFO status has been updated to successful
[2026-06-14T08:02:32.245+0000] {legacy_client.py:192} INFO - status has been updated to successful
[2026-06-14T08:02:32.956+0000] {base.py:119} INFO - Downloading https://object-store.os-api.cci2.ecmwf.int:443/cci2-prod-cache-2/2026-06-14/ede4d72e3fb5d76d2d46f3a3dfe36908.nc
[2026-06-14T08:02:33.644+0000] {logging_mixin.py:188} WARNING - ede4d72e3fb5d76d2d46f3a3dfe36908.nc:   0%|          | 0.00/157k [00:00<?, ?B/s]
[2026-06-14T08:02:34.877+0000] {logging_mixin.py:188} WARNING - ede4d72e3fb5d76d2d46f3a3dfe36908.nc: 100%|##########| 157k/157k [00:01<00:00, 131kB/s]
[2026-06-14T08:02:34.895+0000] {logging_mixin.py:188} WARNING -                                                                                       
[2026-06-14T08:02:34.994+0000] {logging_mixin.py:188} WARNING - 2026-06-14 08:02:34 [INFO] nc downloaded ok: /opt/***/era5/ecmwf/data/nc/_raw/2026/06/09/accum_20260609.nc
[2026-06-14T08:02:34.994+0000] {era5_functions.py:204} INFO - nc downloaded ok: /opt/***/era5/ecmwf/data/nc/_raw/2026/06/09/accum_20260609.nc
[2026-06-14T08:02:35.054+0000] {logging_mixin.py:188} WARNING - 2026-06-14 08:02:35 [INFO] local timestep: 9 — /opt/***/era5/ecmwf/data/nc/_raw/2026/06/09/accum_20260609.nc
[2026-06-14T08:02:35.054+0000] {era5_functions.py:152} INFO - local timestep: 9 — /opt/***/era5/ecmwf/data/nc/_raw/2026/06/09/accum_20260609.nc
[2026-06-14T08:02:35.135+0000] {logging_mixin.py:188} WARNING - 2026-06-14 08:02:35 [INFO] tif outdated (tif=8 < nc=9), removing: /opt/***/era5/ecmwf/data/tif/2026/06/09/tp_20260609.tif
[2026-06-14T08:02:35.135+0000] {era5_functions.py:261} INFO - tif outdated (tif=8 < nc=9), removing: /opt/***/era5/ecmwf/data/tif/2026/06/09/tp_20260609.tif
[2026-06-14T08:02:35.230+0000] {logging_mixin.py:188} WARNING - 2026-06-14 08:02:35 [INFO] tif ok (bands=9): /opt/***/era5/ecmwf/data/tif/2026/06/09/tp_20260609.tif
[2026-06-14T08:02:35.230+0000] {era5_functions.py:304} INFO - tif ok (bands=9): /opt/***/era5/ecmwf/data/tif/2026/06/09/tp_20260609.tif
[2026-06-14T08:02:35.236+0000] {logging_mixin.py:188} WARNING - 2026-06-14 08:02:35 [INFO] === END job=accum date=2026-06-14 ===
[2026-06-14T08:02:35.235+0000] {era5_functions.py:379} INFO - === END job=accum date=2026-06-14 ===
[2026-06-14T08:02:35.237+0000] {python.py:237} INFO - Done. Returned value was: None
[2026-06-14T08:02:35.238+0000] {taskinstance.py:441} INFO - ::group::Post task execution logs
[2026-06-14T08:02:35.252+0000] {taskinstance.py:1206} INFO - Marking task as SUCCESS. dag_id=era5_download_pipeline, task_id=era5_accum, run_id=scheduled__2026-06-14T07:00:00+00:00, execution_date=20260614T070000, start_date=20260614T080122, end_date=20260614T080235
[2026-06-14T08:02:35.335+0000] {local_task_job_runner.py:240} INFO - Task exited with return code 0
[2026-06-14T08:02:35.358+0000] {taskinstance.py:3498} INFO - 0 downstream tasks scheduled from follow-on schedule check
[2026-06-14T08:02:35.362+0000] {local_task_job_runner.py:222} INFO - ::endgroup::
