[2026-06-13T11:00:01.934+0000] {local_task_job_runner.py:120} INFO - ::group::Pre task execution logs
[2026-06-13T11:00:01.961+0000] {taskinstance.py:2076} INFO - Dependencies all met for dep_context=non-requeueable deps ti=<TaskInstance: era5_download_pipeline.era5_instant scheduled__2026-06-13T10:00:00+00:00 [queued]>
[2026-06-13T11:00:01.972+0000] {taskinstance.py:2076} INFO - Dependencies all met for dep_context=requeueable deps ti=<TaskInstance: era5_download_pipeline.era5_instant scheduled__2026-06-13T10:00:00+00:00 [queued]>
[2026-06-13T11:00:01.975+0000] {taskinstance.py:2306} INFO - Starting attempt 1 of 1
[2026-06-13T11:00:01.993+0000] {taskinstance.py:2330} INFO - Executing <Task(PythonOperator): era5_instant> on 2026-06-13 10:00:00+00:00
[2026-06-13T11:00:02.005+0000] {warnings.py:110} WARNING - /home/***/.local/lib/python3.12/site-packages/***/task/task_runner/standard_task_runner.py:61: DeprecationWarning: This process (pid=39843) is multi-threaded, use of fork() may lead to deadlocks in the child.
  pid = os.fork()

[2026-06-13T11:00:02.009+0000] {standard_task_runner.py:63} INFO - Started process 39848 to run task
[2026-06-13T11:00:02.008+0000] {standard_task_runner.py:90} INFO - Running: ['***', 'tasks', 'run', 'era5_download_pipeline', 'era5_instant', 'scheduled__2026-06-13T10:00:00+00:00', '--job-id', '1477', '--raw', '--subdir', 'DAGS_FOLDER/era5_dag.py', '--cfg-path', '/tmp/tmpaddssvk_']
[2026-06-13T11:00:02.013+0000] {standard_task_runner.py:91} INFO - Job 1477: Subtask era5_instant
[2026-06-13T11:00:02.105+0000] {task_command.py:426} INFO - Running <TaskInstance: era5_download_pipeline.era5_instant scheduled__2026-06-13T10:00:00+00:00 [running]> on host 01cd476fb21a
[2026-06-13T11:00:02.248+0000] {taskinstance.py:2648} INFO - Exporting env vars: AIRFLOW_CTX_DAG_OWNER='era5' AIRFLOW_CTX_DAG_ID='era5_download_pipeline' AIRFLOW_CTX_TASK_ID='era5_instant' AIRFLOW_CTX_EXECUTION_DATE='2026-06-13T10:00:00+00:00' AIRFLOW_CTX_TRY_NUMBER='1' AIRFLOW_CTX_DAG_RUN_ID='scheduled__2026-06-13T10:00:00+00:00'
[2026-06-13T11:00:02.250+0000] {taskinstance.py:430} INFO - ::endgroup::
[2026-06-13T11:00:02.986+0000] {logging_mixin.py:188} WARNING - 2026-06-13 11:00:02,986 INFO [2026-06-11T00:00:00Z] Upcoming essential maintenance sessions on Data Stores underlying infrastructure on 15 June. Service disruption expected. For further details, please [visit our forum announcement](https://forum.ecmwf.int/t/upcoming-essential-maintenance-sessions-on-data-stores-underlying-infrastructure-part-2/150414).
[2026-06-13T11:00:02.986+0000] {legacy_client.py:192} INFO - [2026-06-11T00:00:00Z] Upcoming essential maintenance sessions on Data Stores underlying infrastructure on 15 June. Service disruption expected. For further details, please [visit our forum announcement](https://forum.ecmwf.int/t/upcoming-essential-maintenance-sessions-on-data-stores-underlying-infrastructure-part-2/150414).
[2026-06-13T11:00:02.992+0000] {logging_mixin.py:188} WARNING - 2026-06-13 11:00:02 [INFO] === START job=instant date=2026-06-13 ===
[2026-06-13T11:00:02.991+0000] {era5_functions.py:368} INFO - === START job=instant date=2026-06-13 ===
[2026-06-13T11:00:02.994+0000] {logging_mixin.py:188} WARNING - 2026-06-13 11:00:02 [INFO] --- job=instant date=20260613 ---
[2026-06-13T11:00:02.994+0000] {era5_functions.py:330} INFO - --- job=instant date=20260613 ---
[2026-06-13T11:00:03.651+0000] {logging_mixin.py:188} WARNING - 2026-06-13 11:00:03 [WARNING] get_cds_count failed: 400 Client Error: Bad Request for url: https://cds.climate.copernicus.eu/api/retrieve/v1/processes/reanalysis-era5-single-levels/execution
invalid request
None of the data you have requested is available yet, please revise the period requested. The latest date available for this dataset is: 2026-06-08 11:00
[2026-06-13T11:00:03.651+0000] {era5_functions.py:131} WARNING - get_cds_count failed: 400 Client Error: Bad Request for url: https://cds.climate.copernicus.eu/api/retrieve/v1/processes/reanalysis-era5-single-levels/execution
invalid request
None of the data you have requested is available yet, please revise the period requested. The latest date available for this dataset is: 2026-06-08 11:00
[2026-06-13T11:00:03.654+0000] {logging_mixin.py:188} WARNING - 2026-06-13 11:00:03 [WARNING] CDS ยังไม่มีข้อมูล job=instant date=20260613, skip
[2026-06-13T11:00:03.654+0000] {era5_functions.py:335} WARNING - CDS ยังไม่มีข้อมูล job=instant date=20260613, skip
[2026-06-13T11:00:03.657+0000] {logging_mixin.py:188} WARNING - 2026-06-13 11:00:03 [INFO] --- job=instant date=20260612 ---
[2026-06-13T11:00:03.656+0000] {era5_functions.py:330} INFO - --- job=instant date=20260612 ---
[2026-06-13T11:00:04.631+0000] {logging_mixin.py:188} WARNING - 2026-06-13 11:00:04 [WARNING] get_cds_count failed: 400 Client Error: Bad Request for url: https://cds.climate.copernicus.eu/api/retrieve/v1/processes/reanalysis-era5-single-levels/execution
invalid request
None of the data you have requested is available yet, please revise the period requested. The latest date available for this dataset is: 2026-06-08 11:00
[2026-06-13T11:00:04.631+0000] {era5_functions.py:131} WARNING - get_cds_count failed: 400 Client Error: Bad Request for url: https://cds.climate.copernicus.eu/api/retrieve/v1/processes/reanalysis-era5-single-levels/execution
invalid request
None of the data you have requested is available yet, please revise the period requested. The latest date available for this dataset is: 2026-06-08 11:00
[2026-06-13T11:00:04.637+0000] {logging_mixin.py:188} WARNING - 2026-06-13 11:00:04 [WARNING] CDS ยังไม่มีข้อมูล job=instant date=20260612, skip
[2026-06-13T11:00:04.637+0000] {era5_functions.py:335} WARNING - CDS ยังไม่มีข้อมูล job=instant date=20260612, skip
[2026-06-13T11:00:04.641+0000] {logging_mixin.py:188} WARNING - 2026-06-13 11:00:04 [INFO] --- job=instant date=20260611 ---
[2026-06-13T11:00:04.641+0000] {era5_functions.py:330} INFO - --- job=instant date=20260611 ---
[2026-06-13T11:00:05.411+0000] {logging_mixin.py:188} WARNING - 2026-06-13 11:00:05 [WARNING] get_cds_count failed: 400 Client Error: Bad Request for url: https://cds.climate.copernicus.eu/api/retrieve/v1/processes/reanalysis-era5-single-levels/execution
invalid request
None of the data you have requested is available yet, please revise the period requested. The latest date available for this dataset is: 2026-06-08 11:00
[2026-06-13T11:00:05.411+0000] {era5_functions.py:131} WARNING - get_cds_count failed: 400 Client Error: Bad Request for url: https://cds.climate.copernicus.eu/api/retrieve/v1/processes/reanalysis-era5-single-levels/execution
invalid request
None of the data you have requested is available yet, please revise the period requested. The latest date available for this dataset is: 2026-06-08 11:00
[2026-06-13T11:00:05.415+0000] {logging_mixin.py:188} WARNING - 2026-06-13 11:00:05 [WARNING] CDS ยังไม่มีข้อมูล job=instant date=20260611, skip
[2026-06-13T11:00:05.415+0000] {era5_functions.py:335} WARNING - CDS ยังไม่มีข้อมูล job=instant date=20260611, skip
[2026-06-13T11:00:05.420+0000] {logging_mixin.py:188} WARNING - 2026-06-13 11:00:05 [INFO] --- job=instant date=20260610 ---
[2026-06-13T11:00:05.420+0000] {era5_functions.py:330} INFO - --- job=instant date=20260610 ---
[2026-06-13T11:00:06.188+0000] {logging_mixin.py:188} WARNING - 2026-06-13 11:00:06 [WARNING] get_cds_count failed: 400 Client Error: Bad Request for url: https://cds.climate.copernicus.eu/api/retrieve/v1/processes/reanalysis-era5-single-levels/execution
invalid request
None of the data you have requested is available yet, please revise the period requested. The latest date available for this dataset is: 2026-06-08 11:00
[2026-06-13T11:00:06.187+0000] {era5_functions.py:131} WARNING - get_cds_count failed: 400 Client Error: Bad Request for url: https://cds.climate.copernicus.eu/api/retrieve/v1/processes/reanalysis-era5-single-levels/execution
invalid request
None of the data you have requested is available yet, please revise the period requested. The latest date available for this dataset is: 2026-06-08 11:00
[2026-06-13T11:00:06.190+0000] {logging_mixin.py:188} WARNING - 2026-06-13 11:00:06 [WARNING] CDS ยังไม่มีข้อมูล job=instant date=20260610, skip
[2026-06-13T11:00:06.190+0000] {era5_functions.py:335} WARNING - CDS ยังไม่มีข้อมูล job=instant date=20260610, skip
[2026-06-13T11:00:06.192+0000] {logging_mixin.py:188} WARNING - 2026-06-13 11:00:06 [INFO] --- job=instant date=20260609 ---
[2026-06-13T11:00:06.192+0000] {era5_functions.py:330} INFO - --- job=instant date=20260609 ---
[2026-06-13T11:00:09.092+0000] {logging_mixin.py:188} WARNING - 2026-06-13 11:00:09 [WARNING] get_cds_count failed: 400 Client Error: Bad Request for url: https://cds.climate.copernicus.eu/api/retrieve/v1/processes/reanalysis-era5-single-levels/execution
invalid request
None of the data you have requested is available yet, please revise the period requested. The latest date available for this dataset is: 2026-06-08 11:00
[2026-06-13T11:00:09.091+0000] {era5_functions.py:131} WARNING - get_cds_count failed: 400 Client Error: Bad Request for url: https://cds.climate.copernicus.eu/api/retrieve/v1/processes/reanalysis-era5-single-levels/execution
invalid request
None of the data you have requested is available yet, please revise the period requested. The latest date available for this dataset is: 2026-06-08 11:00
[2026-06-13T11:00:09.096+0000] {logging_mixin.py:188} WARNING - 2026-06-13 11:00:09 [WARNING] CDS ยังไม่มีข้อมูล job=instant date=20260609, skip
[2026-06-13T11:00:09.096+0000] {era5_functions.py:335} WARNING - CDS ยังไม่มีข้อมูล job=instant date=20260609, skip
[2026-06-13T11:00:09.099+0000] {logging_mixin.py:188} WARNING - 2026-06-13 11:00:09 [INFO] --- job=instant date=20260608 ---
[2026-06-13T11:00:09.098+0000] {era5_functions.py:330} INFO - --- job=instant date=20260608 ---
[2026-06-13T11:00:09.893+0000] {logging_mixin.py:188} WARNING - 2026-06-13 11:00:09,893 INFO [2025-12-11T00:00:00] Please note that a dedicated catalogue entry for this dataset, post-processed and stored in Analysis Ready Cloud Optimized (ARCO) format (Zarr), is available for optimised time-series retrievals (i.e. for retrieving data from selected variables for a single point over an extended period of time in an efficient way). You can discover it [here](https://cds.climate.copernicus.eu/datasets/reanalysis-era5-single-levels-timeseries?tab=overview)
[2026-06-13T11:00:09.893+0000] {legacy_client.py:192} INFO - [2025-12-11T00:00:00] Please note that a dedicated catalogue entry for this dataset, post-processed and stored in Analysis Ready Cloud Optimized (ARCO) format (Zarr), is available for optimised time-series retrievals (i.e. for retrieving data from selected variables for a single point over an extended period of time in an efficient way). You can discover it [here](https://cds.climate.copernicus.eu/datasets/reanalysis-era5-single-levels-timeseries?tab=overview)
[2026-06-13T11:00:09.897+0000] {logging_mixin.py:188} WARNING - 2026-06-13 11:00:09,897 INFO Request ID is ed7c888a-1df6-4562-8459-7b95bc26c784
[2026-06-13T11:00:09.897+0000] {legacy_client.py:192} INFO - Request ID is ed7c888a-1df6-4562-8459-7b95bc26c784
[2026-06-13T11:00:10.125+0000] {logging_mixin.py:188} WARNING - 2026-06-13 11:00:10,125 INFO status has been updated to accepted
[2026-06-13T11:00:10.125+0000] {legacy_client.py:192} INFO - status has been updated to accepted
[2026-06-13T11:01:27.069+0000] {logging_mixin.py:188} WARNING - 2026-06-13 11:01:27,069 INFO status has been updated to successful
[2026-06-13T11:01:27.069+0000] {legacy_client.py:192} INFO - status has been updated to successful
[2026-06-13T11:01:27.911+0000] {base.py:119} INFO - Downloading https://object-store.os-api.cci2.ecmwf.int:443/cci2-prod-cache-3/2026-06-13/c9126f33aeff61418d54cdec72783e98.nc
[2026-06-13T11:01:28.603+0000] {logging_mixin.py:188} WARNING - c9126f33aeff61418d54cdec72783e98.nc:   0%|          | 0.00/1.31M [00:00<?, ?B/s]
[2026-06-13T11:01:30.851+0000] {logging_mixin.py:188} WARNING - c9126f33aeff61418d54cdec72783e98.nc:  76%|#######6  | 1.00M/1.31M [00:02<00:00, 467kB/s]
[2026-06-13T11:01:30.873+0000] {logging_mixin.py:188} WARNING -                                                                                         
[2026-06-13T11:01:31.152+0000] {logging_mixin.py:188} WARNING - 2026-06-13 11:01:31 [INFO] CDS timestep available: 12
[2026-06-13T11:01:31.151+0000] {era5_functions.py:128} INFO - CDS timestep available: 12
[2026-06-13T11:01:31.241+0000] {logging_mixin.py:188} WARNING - 2026-06-13 11:01:31 [INFO] local timestep: 11 — /opt/***/era5/ecmwf/data/nc/_raw/2026/06/08/instant_20260608.nc
[2026-06-13T11:01:31.240+0000] {era5_functions.py:152} INFO - local timestep: 11 — /opt/***/era5/ecmwf/data/nc/_raw/2026/06/08/instant_20260608.nc
[2026-06-13T11:01:31.248+0000] {logging_mixin.py:188} WARNING - 2026-06-13 11:01:31 [INFO] nc outdated (local=11 < cds=12), removing: /opt/***/era5/ecmwf/data/nc/_raw/2026/06/08/instant_20260608.nc
[2026-06-13T11:01:31.247+0000] {era5_functions.py:193} INFO - nc outdated (local=11 < cds=12), removing: /opt/***/era5/ecmwf/data/nc/_raw/2026/06/08/instant_20260608.nc
[2026-06-13T11:01:31.269+0000] {logging_mixin.py:188} WARNING - 2026-06-13 11:01:31 [INFO] download attempt 1/3: /opt/***/era5/ecmwf/data/nc/_raw/2026/06/08/instant_20260608.nc
[2026-06-13T11:01:31.269+0000] {era5_functions.py:200} INFO - download attempt 1/3: /opt/***/era5/ecmwf/data/nc/_raw/2026/06/08/instant_20260608.nc
[2026-06-13T11:01:33.925+0000] {logging_mixin.py:188} WARNING - 2026-06-13 11:01:33,925 INFO [2025-12-11T00:00:00] Please note that a dedicated catalogue entry for this dataset, post-processed and stored in Analysis Ready Cloud Optimized (ARCO) format (Zarr), is available for optimised time-series retrievals (i.e. for retrieving data from selected variables for a single point over an extended period of time in an efficient way). You can discover it [here](https://cds.climate.copernicus.eu/datasets/reanalysis-era5-single-levels-timeseries?tab=overview)
[2026-06-13T11:01:33.925+0000] {legacy_client.py:192} INFO - [2025-12-11T00:00:00] Please note that a dedicated catalogue entry for this dataset, post-processed and stored in Analysis Ready Cloud Optimized (ARCO) format (Zarr), is available for optimised time-series retrievals (i.e. for retrieving data from selected variables for a single point over an extended period of time in an efficient way). You can discover it [here](https://cds.climate.copernicus.eu/datasets/reanalysis-era5-single-levels-timeseries?tab=overview)
[2026-06-13T11:01:33.929+0000] {logging_mixin.py:188} WARNING - 2026-06-13 11:01:33,929 INFO Request ID is 4a171216-cd0d-4a23-9aa1-ee3b4a395094
[2026-06-13T11:01:33.929+0000] {legacy_client.py:192} INFO - Request ID is 4a171216-cd0d-4a23-9aa1-ee3b4a395094
[2026-06-13T11:01:34.155+0000] {logging_mixin.py:188} WARNING - 2026-06-13 11:01:34,155 INFO status has been updated to accepted
[2026-06-13T11:01:34.155+0000] {legacy_client.py:192} INFO - status has been updated to accepted
[2026-06-13T11:01:43.218+0000] {logging_mixin.py:188} WARNING - 2026-06-13 11:01:43,218 INFO status has been updated to running
[2026-06-13T11:01:43.218+0000] {legacy_client.py:192} INFO - status has been updated to running
[2026-06-13T11:01:56.313+0000] {logging_mixin.py:188} WARNING - 2026-06-13 11:01:56,312 INFO status has been updated to successful
[2026-06-13T11:01:56.312+0000] {legacy_client.py:192} INFO - status has been updated to successful
[2026-06-13T11:01:56.761+0000] {base.py:119} INFO - Downloading https://object-store.os-api.cci2.ecmwf.int:443/cci2-prod-cache-2/2026-06-13/889e0043d1d7bfe623f189486b15c2de.nc
[2026-06-13T11:01:57.468+0000] {logging_mixin.py:188} WARNING - 889e0043d1d7bfe623f189486b15c2de.nc:   0%|          | 0.00/1.31M [00:00<?, ?B/s]
[2026-06-13T11:01:59.564+0000] {logging_mixin.py:188} WARNING - 889e0043d1d7bfe623f189486b15c2de.nc:  76%|#######6  | 1.00M/1.31M [00:02<00:00, 501kB/s]
[2026-06-13T11:01:59.590+0000] {logging_mixin.py:188} WARNING -                                                                                         
[2026-06-13T11:01:59.731+0000] {logging_mixin.py:188} WARNING - 2026-06-13 11:01:59 [INFO] nc downloaded ok: /opt/***/era5/ecmwf/data/nc/_raw/2026/06/08/instant_20260608.nc
[2026-06-13T11:01:59.731+0000] {era5_functions.py:204} INFO - nc downloaded ok: /opt/***/era5/ecmwf/data/nc/_raw/2026/06/08/instant_20260608.nc
[2026-06-13T11:01:59.811+0000] {logging_mixin.py:188} WARNING - 2026-06-13 11:01:59 [INFO] local timestep: 12 — /opt/***/era5/ecmwf/data/nc/_raw/2026/06/08/instant_20260608.nc
[2026-06-13T11:01:59.810+0000] {era5_functions.py:152} INFO - local timestep: 12 — /opt/***/era5/ecmwf/data/nc/_raw/2026/06/08/instant_20260608.nc
[2026-06-13T11:01:59.929+0000] {logging_mixin.py:188} WARNING - 2026-06-13 11:01:59 [INFO] tif outdated (tif=11 < nc=12), removing: /opt/***/era5/ecmwf/data/tif/2026/06/08/t2m_20260608.tif
[2026-06-13T11:01:59.929+0000] {era5_functions.py:261} INFO - tif outdated (tif=11 < nc=12), removing: /opt/***/era5/ecmwf/data/tif/2026/06/08/t2m_20260608.tif
[2026-06-13T11:02:00.055+0000] {logging_mixin.py:188} WARNING - 2026-06-13 11:02:00 [INFO] tif ok (bands=12): /opt/***/era5/ecmwf/data/tif/2026/06/08/t2m_20260608.tif
[2026-06-13T11:02:00.055+0000] {era5_functions.py:304} INFO - tif ok (bands=12): /opt/***/era5/ecmwf/data/tif/2026/06/08/t2m_20260608.tif
[2026-06-13T11:02:00.086+0000] {logging_mixin.py:188} WARNING - 2026-06-13 11:02:00 [INFO] tif outdated (tif=11 < nc=12), removing: /opt/***/era5/ecmwf/data/tif/2026/06/08/d2m_20260608.tif
[2026-06-13T11:02:00.086+0000] {era5_functions.py:261} INFO - tif outdated (tif=11 < nc=12), removing: /opt/***/era5/ecmwf/data/tif/2026/06/08/d2m_20260608.tif
[2026-06-13T11:02:00.206+0000] {logging_mixin.py:188} WARNING - 2026-06-13 11:02:00 [INFO] tif ok (bands=12): /opt/***/era5/ecmwf/data/tif/2026/06/08/d2m_20260608.tif
[2026-06-13T11:02:00.206+0000] {era5_functions.py:304} INFO - tif ok (bands=12): /opt/***/era5/ecmwf/data/tif/2026/06/08/d2m_20260608.tif
[2026-06-13T11:02:00.227+0000] {logging_mixin.py:188} WARNING - 2026-06-13 11:02:00 [INFO] tif outdated (tif=11 < nc=12), removing: /opt/***/era5/ecmwf/data/tif/2026/06/08/sp_20260608.tif
[2026-06-13T11:02:00.227+0000] {era5_functions.py:261} INFO - tif outdated (tif=11 < nc=12), removing: /opt/***/era5/ecmwf/data/tif/2026/06/08/sp_20260608.tif
[2026-06-13T11:02:00.317+0000] {logging_mixin.py:188} WARNING - 2026-06-13 11:02:00 [INFO] tif ok (bands=12): /opt/***/era5/ecmwf/data/tif/2026/06/08/sp_20260608.tif
[2026-06-13T11:02:00.317+0000] {era5_functions.py:304} INFO - tif ok (bands=12): /opt/***/era5/ecmwf/data/tif/2026/06/08/sp_20260608.tif
[2026-06-13T11:02:00.334+0000] {logging_mixin.py:188} WARNING - 2026-06-13 11:02:00 [INFO] tif outdated (tif=11 < nc=12), removing: /opt/***/era5/ecmwf/data/tif/2026/06/08/blh_20260608.tif
[2026-06-13T11:02:00.334+0000] {era5_functions.py:261} INFO - tif outdated (tif=11 < nc=12), removing: /opt/***/era5/ecmwf/data/tif/2026/06/08/blh_20260608.tif
[2026-06-13T11:02:00.446+0000] {logging_mixin.py:188} WARNING - 2026-06-13 11:02:00 [INFO] tif ok (bands=12): /opt/***/era5/ecmwf/data/tif/2026/06/08/blh_20260608.tif
[2026-06-13T11:02:00.446+0000] {era5_functions.py:304} INFO - tif ok (bands=12): /opt/***/era5/ecmwf/data/tif/2026/06/08/blh_20260608.tif
[2026-06-13T11:02:00.468+0000] {logging_mixin.py:188} WARNING - 2026-06-13 11:02:00 [INFO] tif outdated (tif=11 < nc=12), removing: /opt/***/era5/ecmwf/data/tif/2026/06/08/u10_20260608.tif
[2026-06-13T11:02:00.468+0000] {era5_functions.py:261} INFO - tif outdated (tif=11 < nc=12), removing: /opt/***/era5/ecmwf/data/tif/2026/06/08/u10_20260608.tif
[2026-06-13T11:02:00.558+0000] {logging_mixin.py:188} WARNING - 2026-06-13 11:02:00 [INFO] tif ok (bands=12): /opt/***/era5/ecmwf/data/tif/2026/06/08/u10_20260608.tif
[2026-06-13T11:02:00.558+0000] {era5_functions.py:304} INFO - tif ok (bands=12): /opt/***/era5/ecmwf/data/tif/2026/06/08/u10_20260608.tif
[2026-06-13T11:02:00.575+0000] {logging_mixin.py:188} WARNING - 2026-06-13 11:02:00 [INFO] tif outdated (tif=11 < nc=12), removing: /opt/***/era5/ecmwf/data/tif/2026/06/08/v10_20260608.tif
[2026-06-13T11:02:00.575+0000] {era5_functions.py:261} INFO - tif outdated (tif=11 < nc=12), removing: /opt/***/era5/ecmwf/data/tif/2026/06/08/v10_20260608.tif
[2026-06-13T11:02:00.666+0000] {logging_mixin.py:188} WARNING - 2026-06-13 11:02:00 [INFO] tif ok (bands=12): /opt/***/era5/ecmwf/data/tif/2026/06/08/v10_20260608.tif
[2026-06-13T11:02:00.666+0000] {era5_functions.py:304} INFO - tif ok (bands=12): /opt/***/era5/ecmwf/data/tif/2026/06/08/v10_20260608.tif
[2026-06-13T11:02:00.672+0000] {logging_mixin.py:188} WARNING - 2026-06-13 11:02:00 [INFO] === END job=instant date=2026-06-13 ===
[2026-06-13T11:02:00.672+0000] {era5_functions.py:379} INFO - === END job=instant date=2026-06-13 ===
[2026-06-13T11:02:00.674+0000] {python.py:237} INFO - Done. Returned value was: None
[2026-06-13T11:02:00.674+0000] {taskinstance.py:441} INFO - ::group::Post task execution logs
[2026-06-13T11:02:00.688+0000] {taskinstance.py:1206} INFO - Marking task as SUCCESS. dag_id=era5_download_pipeline, task_id=era5_instant, run_id=scheduled__2026-06-13T10:00:00+00:00, execution_date=20260613T100000, start_date=20260613T110001, end_date=20260613T110200
[2026-06-13T11:02:00.763+0000] {local_task_job_runner.py:240} INFO - Task exited with return code 0
[2026-06-13T11:02:00.794+0000] {taskinstance.py:3498} INFO - 1 downstream tasks scheduled from follow-on schedule check
[2026-06-13T11:02:00.797+0000] {local_task_job_runner.py:222} INFO - ::endgroup::
