[2026-05-28T11:03:33.502+0000] {local_task_job_runner.py:120} INFO - ::group::Pre task execution logs
[2026-05-28T11:03:33.527+0000] {taskinstance.py:2076} INFO - Dependencies all met for dep_context=non-requeueable deps ti=<TaskInstance: era5_download_pipeline.era5_accum scheduled__2026-05-28T10:00:00+00:00 [queued]>
[2026-05-28T11:03:33.538+0000] {taskinstance.py:2076} INFO - Dependencies all met for dep_context=requeueable deps ti=<TaskInstance: era5_download_pipeline.era5_accum scheduled__2026-05-28T10:00:00+00:00 [queued]>
[2026-05-28T11:03:33.540+0000] {taskinstance.py:2306} INFO - Starting attempt 1 of 1
[2026-05-28T11:03:33.560+0000] {taskinstance.py:2330} INFO - Executing <Task(PythonOperator): era5_accum> on 2026-05-28 10:00:00+00:00
[2026-05-28T11:03:33.574+0000] {warnings.py:110} WARNING - /home/***/.local/lib/python3.12/site-packages/***/task/task_runner/standard_task_runner.py:61: DeprecationWarning: This process (pid=2199) is multi-threaded, use of fork() may lead to deadlocks in the child.
  pid = os.fork()

[2026-05-28T11:03:33.578+0000] {standard_task_runner.py:63} INFO - Started process 2201 to run task
[2026-05-28T11:03:33.578+0000] {standard_task_runner.py:90} INFO - Running: ['***', 'tasks', 'run', 'era5_download_pipeline', 'era5_accum', 'scheduled__2026-05-28T10:00:00+00:00', '--job-id', '622', '--raw', '--subdir', 'DAGS_FOLDER/era5_dag.py', '--cfg-path', '/tmp/tmpbh3n6fhn']
[2026-05-28T11:03:33.583+0000] {standard_task_runner.py:91} INFO - Job 622: Subtask era5_accum
[2026-05-28T11:03:33.670+0000] {task_command.py:426} INFO - Running <TaskInstance: era5_download_pipeline.era5_accum scheduled__2026-05-28T10:00:00+00:00 [running]> on host 8dcc35634e22
[2026-05-28T11:03:33.830+0000] {taskinstance.py:2648} INFO - Exporting env vars: AIRFLOW_CTX_DAG_OWNER='era5' AIRFLOW_CTX_DAG_ID='era5_download_pipeline' AIRFLOW_CTX_TASK_ID='era5_accum' AIRFLOW_CTX_EXECUTION_DATE='2026-05-28T10:00:00+00:00' AIRFLOW_CTX_TRY_NUMBER='1' AIRFLOW_CTX_DAG_RUN_ID='scheduled__2026-05-28T10:00:00+00:00'
[2026-05-28T11:03:33.833+0000] {taskinstance.py:430} INFO - ::endgroup::
[2026-05-28T11:03:34.885+0000] {logging_mixin.py:188} WARNING - 2026-05-28 11:03:34 [INFO] === START job=accum date=2026-05-28 ===
[2026-05-28T11:03:34.885+0000] {era5_functions.py:368} INFO - === START job=accum date=2026-05-28 ===
[2026-05-28T11:03:34.888+0000] {logging_mixin.py:188} WARNING - 2026-05-28 11:03:34 [INFO] --- job=accum date=20260528 ---
[2026-05-28T11:03:34.888+0000] {era5_functions.py:330} INFO - --- job=accum date=20260528 ---
[2026-05-28T11:03:35.575+0000] {logging_mixin.py:188} WARNING - 2026-05-28 11:03:35 [WARNING] get_cds_count failed: 400 Client Error: Bad Request for url: https://cds.climate.copernicus.eu/api/retrieve/v1/processes/reanalysis-era5-single-levels/execution
invalid request
None of the data you have requested is available yet, please revise the period requested. The latest date available for this dataset is: 2026-05-23 11:00
[2026-05-28T11:03:35.575+0000] {era5_functions.py:131} WARNING - get_cds_count failed: 400 Client Error: Bad Request for url: https://cds.climate.copernicus.eu/api/retrieve/v1/processes/reanalysis-era5-single-levels/execution
invalid request
None of the data you have requested is available yet, please revise the period requested. The latest date available for this dataset is: 2026-05-23 11:00
[2026-05-28T11:03:35.580+0000] {logging_mixin.py:188} WARNING - 2026-05-28 11:03:35 [WARNING] CDS ยังไม่มีข้อมูล job=accum date=20260528, skip
[2026-05-28T11:03:35.579+0000] {era5_functions.py:335} WARNING - CDS ยังไม่มีข้อมูล job=accum date=20260528, skip
[2026-05-28T11:03:35.584+0000] {logging_mixin.py:188} WARNING - 2026-05-28 11:03:35 [INFO] --- job=accum date=20260527 ---
[2026-05-28T11:03:35.584+0000] {era5_functions.py:330} INFO - --- job=accum date=20260527 ---
[2026-05-28T11:03:37.716+0000] {logging_mixin.py:188} WARNING - 2026-05-28 11:03:37 [WARNING] get_cds_count failed: 400 Client Error: Bad Request for url: https://cds.climate.copernicus.eu/api/retrieve/v1/processes/reanalysis-era5-single-levels/execution
invalid request
None of the data you have requested is available yet, please revise the period requested. The latest date available for this dataset is: 2026-05-23 11:00
[2026-05-28T11:03:37.716+0000] {era5_functions.py:131} WARNING - get_cds_count failed: 400 Client Error: Bad Request for url: https://cds.climate.copernicus.eu/api/retrieve/v1/processes/reanalysis-era5-single-levels/execution
invalid request
None of the data you have requested is available yet, please revise the period requested. The latest date available for this dataset is: 2026-05-23 11:00
[2026-05-28T11:03:37.721+0000] {logging_mixin.py:188} WARNING - 2026-05-28 11:03:37 [WARNING] CDS ยังไม่มีข้อมูล job=accum date=20260527, skip
[2026-05-28T11:03:37.721+0000] {era5_functions.py:335} WARNING - CDS ยังไม่มีข้อมูล job=accum date=20260527, skip
[2026-05-28T11:03:37.725+0000] {logging_mixin.py:188} WARNING - 2026-05-28 11:03:37 [INFO] --- job=accum date=20260526 ---
[2026-05-28T11:03:37.725+0000] {era5_functions.py:330} INFO - --- job=accum date=20260526 ---
[2026-05-28T11:03:38.200+0000] {logging_mixin.py:188} WARNING - 2026-05-28 11:03:38 [WARNING] get_cds_count failed: 400 Client Error: Bad Request for url: https://cds.climate.copernicus.eu/api/retrieve/v1/processes/reanalysis-era5-single-levels/execution
invalid request
None of the data you have requested is available yet, please revise the period requested. The latest date available for this dataset is: 2026-05-23 11:00
[2026-05-28T11:03:38.200+0000] {era5_functions.py:131} WARNING - get_cds_count failed: 400 Client Error: Bad Request for url: https://cds.climate.copernicus.eu/api/retrieve/v1/processes/reanalysis-era5-single-levels/execution
invalid request
None of the data you have requested is available yet, please revise the period requested. The latest date available for this dataset is: 2026-05-23 11:00
[2026-05-28T11:03:38.207+0000] {logging_mixin.py:188} WARNING - 2026-05-28 11:03:38 [WARNING] CDS ยังไม่มีข้อมูล job=accum date=20260526, skip
[2026-05-28T11:03:38.207+0000] {era5_functions.py:335} WARNING - CDS ยังไม่มีข้อมูล job=accum date=20260526, skip
[2026-05-28T11:03:38.214+0000] {logging_mixin.py:188} WARNING - 2026-05-28 11:03:38 [INFO] --- job=accum date=20260525 ---
[2026-05-28T11:03:38.214+0000] {era5_functions.py:330} INFO - --- job=accum date=20260525 ---
[2026-05-28T11:03:39.426+0000] {logging_mixin.py:188} WARNING - 2026-05-28 11:03:39 [WARNING] get_cds_count failed: 400 Client Error: Bad Request for url: https://cds.climate.copernicus.eu/api/retrieve/v1/processes/reanalysis-era5-single-levels/execution
invalid request
None of the data you have requested is available yet, please revise the period requested. The latest date available for this dataset is: 2026-05-23 11:00
[2026-05-28T11:03:39.425+0000] {era5_functions.py:131} WARNING - get_cds_count failed: 400 Client Error: Bad Request for url: https://cds.climate.copernicus.eu/api/retrieve/v1/processes/reanalysis-era5-single-levels/execution
invalid request
None of the data you have requested is available yet, please revise the period requested. The latest date available for this dataset is: 2026-05-23 11:00
[2026-05-28T11:03:39.429+0000] {logging_mixin.py:188} WARNING - 2026-05-28 11:03:39 [WARNING] CDS ยังไม่มีข้อมูล job=accum date=20260525, skip
[2026-05-28T11:03:39.429+0000] {era5_functions.py:335} WARNING - CDS ยังไม่มีข้อมูล job=accum date=20260525, skip
[2026-05-28T11:03:39.431+0000] {logging_mixin.py:188} WARNING - 2026-05-28 11:03:39 [INFO] --- job=accum date=20260524 ---
[2026-05-28T11:03:39.431+0000] {era5_functions.py:330} INFO - --- job=accum date=20260524 ---
[2026-05-28T11:03:41.682+0000] {logging_mixin.py:188} WARNING - 2026-05-28 11:03:41 [WARNING] get_cds_count failed: 400 Client Error: Bad Request for url: https://cds.climate.copernicus.eu/api/retrieve/v1/processes/reanalysis-era5-single-levels/execution
invalid request
None of the data you have requested is available yet, please revise the period requested. The latest date available for this dataset is: 2026-05-23 11:00
[2026-05-28T11:03:41.682+0000] {era5_functions.py:131} WARNING - get_cds_count failed: 400 Client Error: Bad Request for url: https://cds.climate.copernicus.eu/api/retrieve/v1/processes/reanalysis-era5-single-levels/execution
invalid request
None of the data you have requested is available yet, please revise the period requested. The latest date available for this dataset is: 2026-05-23 11:00
[2026-05-28T11:03:41.685+0000] {logging_mixin.py:188} WARNING - 2026-05-28 11:03:41 [WARNING] CDS ยังไม่มีข้อมูล job=accum date=20260524, skip
[2026-05-28T11:03:41.685+0000] {era5_functions.py:335} WARNING - CDS ยังไม่มีข้อมูล job=accum date=20260524, skip
[2026-05-28T11:03:41.687+0000] {logging_mixin.py:188} WARNING - 2026-05-28 11:03:41 [INFO] --- job=accum date=20260523 ---
[2026-05-28T11:03:41.687+0000] {era5_functions.py:330} INFO - --- job=accum date=20260523 ---
[2026-05-28T11:03:44.740+0000] {logging_mixin.py:188} WARNING - 2026-05-28 11:03:44,740 INFO [2025-12-11T00:00:00] Please note that a dedicated catalogue entry for this dataset, post-processed and stored in Analysis Ready Cloud Optimized (ARCO) format (Zarr), is available for optimised time-series retrievals (i.e. for retrieving data from selected variables for a single point over an extended period of time in an efficient way). You can discover it [here](https://cds.climate.copernicus.eu/datasets/reanalysis-era5-single-levels-timeseries?tab=overview)
[2026-05-28T11:03:44.740+0000] {legacy_client.py:192} INFO - [2025-12-11T00:00:00] Please note that a dedicated catalogue entry for this dataset, post-processed and stored in Analysis Ready Cloud Optimized (ARCO) format (Zarr), is available for optimised time-series retrievals (i.e. for retrieving data from selected variables for a single point over an extended period of time in an efficient way). You can discover it [here](https://cds.climate.copernicus.eu/datasets/reanalysis-era5-single-levels-timeseries?tab=overview)
[2026-05-28T11:03:44.743+0000] {logging_mixin.py:188} WARNING - 2026-05-28 11:03:44,743 INFO Request ID is 8c55ebde-bd26-4ea6-b036-5b33ddf0ebb7
[2026-05-28T11:03:44.743+0000] {legacy_client.py:192} INFO - Request ID is 8c55ebde-bd26-4ea6-b036-5b33ddf0ebb7
[2026-05-28T11:03:44.945+0000] {logging_mixin.py:188} WARNING - 2026-05-28 11:03:44,944 INFO status has been updated to accepted
[2026-05-28T11:03:44.944+0000] {legacy_client.py:192} INFO - status has been updated to accepted
[2026-05-28T11:04:22.402+0000] {logging_mixin.py:188} WARNING - 2026-05-28 11:04:22,402 INFO status has been updated to successful
[2026-05-28T11:04:22.402+0000] {legacy_client.py:192} INFO - status has been updated to successful
[2026-05-28T11:04:22.831+0000] {base.py:119} INFO - Downloading https://object-store.os-api.cci2.ecmwf.int:443/cci2-prod-cache-2/2026-05-28/6bd41b516fe6c327a3ccf2c8887d4322.nc
[2026-05-28T11:04:23.498+0000] {logging_mixin.py:188} WARNING - 6bd41b516fe6c327a3ccf2c8887d4322.nc:   0%|          | 0.00/190k [00:00<?, ?B/s]
[2026-05-28T11:04:24.879+0000] {logging_mixin.py:188} WARNING - 6bd41b516fe6c327a3ccf2c8887d4322.nc: 100%|##########| 190k/190k [00:01<00:00, 141kB/s]
[2026-05-28T11:04:24.886+0000] {logging_mixin.py:188} WARNING -                                                                                       
[2026-05-28T11:04:25.193+0000] {logging_mixin.py:188} WARNING - 2026-05-28 11:04:25 [INFO] CDS timestep available: 12
[2026-05-28T11:04:25.193+0000] {era5_functions.py:128} INFO - CDS timestep available: 12
[2026-05-28T11:04:25.268+0000] {logging_mixin.py:188} WARNING - 2026-05-28 11:04:25 [INFO] local timestep: 11 — /opt/***/era5/ecmwf/data/nc/_raw/2026/05/23/accum_20260523.nc
[2026-05-28T11:04:25.268+0000] {era5_functions.py:152} INFO - local timestep: 11 — /opt/***/era5/ecmwf/data/nc/_raw/2026/05/23/accum_20260523.nc
[2026-05-28T11:04:25.275+0000] {logging_mixin.py:188} WARNING - 2026-05-28 11:04:25 [INFO] nc outdated (local=11 < cds=12), removing: /opt/***/era5/ecmwf/data/nc/_raw/2026/05/23/accum_20260523.nc
[2026-05-28T11:04:25.275+0000] {era5_functions.py:193} INFO - nc outdated (local=11 < cds=12), removing: /opt/***/era5/ecmwf/data/nc/_raw/2026/05/23/accum_20260523.nc
[2026-05-28T11:04:25.295+0000] {logging_mixin.py:188} WARNING - 2026-05-28 11:04:25 [INFO] download attempt 1/3: /opt/***/era5/ecmwf/data/nc/_raw/2026/05/23/accum_20260523.nc
[2026-05-28T11:04:25.295+0000] {era5_functions.py:200} INFO - download attempt 1/3: /opt/***/era5/ecmwf/data/nc/_raw/2026/05/23/accum_20260523.nc
[2026-05-28T11:04:26.121+0000] {logging_mixin.py:188} WARNING - 2026-05-28 11:04:26,121 INFO [2025-12-11T00:00:00] Please note that a dedicated catalogue entry for this dataset, post-processed and stored in Analysis Ready Cloud Optimized (ARCO) format (Zarr), is available for optimised time-series retrievals (i.e. for retrieving data from selected variables for a single point over an extended period of time in an efficient way). You can discover it [here](https://cds.climate.copernicus.eu/datasets/reanalysis-era5-single-levels-timeseries?tab=overview)
[2026-05-28T11:04:26.121+0000] {legacy_client.py:192} INFO - [2025-12-11T00:00:00] Please note that a dedicated catalogue entry for this dataset, post-processed and stored in Analysis Ready Cloud Optimized (ARCO) format (Zarr), is available for optimised time-series retrievals (i.e. for retrieving data from selected variables for a single point over an extended period of time in an efficient way). You can discover it [here](https://cds.climate.copernicus.eu/datasets/reanalysis-era5-single-levels-timeseries?tab=overview)
[2026-05-28T11:04:26.126+0000] {logging_mixin.py:188} WARNING - 2026-05-28 11:04:26,126 INFO Request ID is 6e24f30b-a6fe-4694-b45a-f42984d40eb4
[2026-05-28T11:04:26.126+0000] {legacy_client.py:192} INFO - Request ID is 6e24f30b-a6fe-4694-b45a-f42984d40eb4
[2026-05-28T11:04:26.377+0000] {logging_mixin.py:188} WARNING - 2026-05-28 11:04:26,377 INFO status has been updated to accepted
[2026-05-28T11:04:26.377+0000] {legacy_client.py:192} INFO - status has been updated to accepted
[2026-05-28T11:04:48.403+0000] {logging_mixin.py:188} WARNING - 2026-05-28 11:04:48,402 INFO status has been updated to running
[2026-05-28T11:04:48.402+0000] {legacy_client.py:192} INFO - status has been updated to running
[2026-05-28T11:05:00.039+0000] {logging_mixin.py:188} WARNING - 2026-05-28 11:05:00,039 INFO status has been updated to successful
[2026-05-28T11:05:00.039+0000] {legacy_client.py:192} INFO - status has been updated to successful
[2026-05-28T11:05:04.144+0000] {base.py:119} INFO - Downloading https://object-store.os-api.cci2.ecmwf.int:443/cci2-prod-cache-3/2026-05-28/691349f639d7ec963099e97475ef026a.nc
[2026-05-28T11:05:04.843+0000] {logging_mixin.py:188} WARNING - 691349f639d7ec963099e97475ef026a.nc:   0%|          | 0.00/190k [00:00<?, ?B/s]
[2026-05-28T11:05:06.386+0000] {logging_mixin.py:188} WARNING - 691349f639d7ec963099e97475ef026a.nc: 100%|##########| 190k/190k [00:01<00:00, 126kB/s]
[2026-05-28T11:05:06.404+0000] {logging_mixin.py:188} WARNING -                                                                                       
[2026-05-28T11:05:06.495+0000] {logging_mixin.py:188} WARNING - 2026-05-28 11:05:06 [INFO] nc downloaded ok: /opt/***/era5/ecmwf/data/nc/_raw/2026/05/23/accum_20260523.nc
[2026-05-28T11:05:06.495+0000] {era5_functions.py:204} INFO - nc downloaded ok: /opt/***/era5/ecmwf/data/nc/_raw/2026/05/23/accum_20260523.nc
[2026-05-28T11:05:06.551+0000] {logging_mixin.py:188} WARNING - 2026-05-28 11:05:06 [INFO] local timestep: 12 — /opt/***/era5/ecmwf/data/nc/_raw/2026/05/23/accum_20260523.nc
[2026-05-28T11:05:06.550+0000] {era5_functions.py:152} INFO - local timestep: 12 — /opt/***/era5/ecmwf/data/nc/_raw/2026/05/23/accum_20260523.nc
[2026-05-28T11:05:06.628+0000] {logging_mixin.py:188} WARNING - 2026-05-28 11:05:06 [INFO] tif outdated (tif=11 < nc=12), removing: /opt/***/era5/ecmwf/data/tif/2026/05/23/tp_20260523.tif
[2026-05-28T11:05:06.628+0000] {era5_functions.py:261} INFO - tif outdated (tif=11 < nc=12), removing: /opt/***/era5/ecmwf/data/tif/2026/05/23/tp_20260523.tif
[2026-05-28T11:05:06.745+0000] {logging_mixin.py:188} WARNING - 2026-05-28 11:05:06 [INFO] tif ok (bands=12): /opt/***/era5/ecmwf/data/tif/2026/05/23/tp_20260523.tif
[2026-05-28T11:05:06.744+0000] {era5_functions.py:304} INFO - tif ok (bands=12): /opt/***/era5/ecmwf/data/tif/2026/05/23/tp_20260523.tif
[2026-05-28T11:05:06.750+0000] {logging_mixin.py:188} WARNING - 2026-05-28 11:05:06 [INFO] === END job=accum date=2026-05-28 ===
[2026-05-28T11:05:06.750+0000] {era5_functions.py:379} INFO - === END job=accum date=2026-05-28 ===
[2026-05-28T11:05:06.752+0000] {python.py:237} INFO - Done. Returned value was: None
[2026-05-28T11:05:06.753+0000] {taskinstance.py:441} INFO - ::group::Post task execution logs
[2026-05-28T11:05:06.765+0000] {taskinstance.py:1206} INFO - Marking task as SUCCESS. dag_id=era5_download_pipeline, task_id=era5_accum, run_id=scheduled__2026-05-28T10:00:00+00:00, execution_date=20260528T100000, start_date=20260528T110333, end_date=20260528T110506
[2026-05-28T11:05:06.818+0000] {local_task_job_runner.py:240} INFO - Task exited with return code 0
[2026-05-28T11:05:06.840+0000] {taskinstance.py:3498} INFO - 0 downstream tasks scheduled from follow-on schedule check
[2026-05-28T11:05:06.844+0000] {local_task_job_runner.py:222} INFO - ::endgroup::
