[2026-06-15T01:00:02.043+0000] {local_task_job_runner.py:120} INFO - ::group::Pre task execution logs
[2026-06-15T01:00:02.069+0000] {taskinstance.py:2076} INFO - Dependencies all met for dep_context=non-requeueable deps ti=<TaskInstance: era5_download_pipeline.era5_instant scheduled__2026-06-15T00:00:00+00:00 [queued]>
[2026-06-15T01:00:02.079+0000] {taskinstance.py:2076} INFO - Dependencies all met for dep_context=requeueable deps ti=<TaskInstance: era5_download_pipeline.era5_instant scheduled__2026-06-15T00:00:00+00:00 [queued]>
[2026-06-15T01:00:02.080+0000] {taskinstance.py:2306} INFO - Starting attempt 1 of 1
[2026-06-15T01:00:02.097+0000] {taskinstance.py:2330} INFO - Executing <Task(PythonOperator): era5_instant> on 2026-06-15 00:00:00+00:00
[2026-06-15T01:00:02.109+0000] {warnings.py:110} WARNING - /home/***/.local/lib/python3.12/site-packages/***/task/task_runner/standard_task_runner.py:61: DeprecationWarning: This process (pid=69196) is multi-threaded, use of fork() may lead to deadlocks in the child.
  pid = os.fork()

[2026-06-15T01:00:02.113+0000] {standard_task_runner.py:63} INFO - Started process 69200 to run task
[2026-06-15T01:00:02.112+0000] {standard_task_runner.py:90} INFO - Running: ['***', 'tasks', 'run', 'era5_download_pipeline', 'era5_instant', 'scheduled__2026-06-15T00:00:00+00:00', '--job-id', '1594', '--raw', '--subdir', 'DAGS_FOLDER/era5_dag.py', '--cfg-path', '/tmp/tmpqya3oo_d']
[2026-06-15T01:00:02.116+0000] {standard_task_runner.py:91} INFO - Job 1594: Subtask era5_instant
[2026-06-15T01:00:02.202+0000] {task_command.py:426} INFO - Running <TaskInstance: era5_download_pipeline.era5_instant scheduled__2026-06-15T00:00:00+00:00 [running]> on host 01cd476fb21a
[2026-06-15T01:00:02.340+0000] {taskinstance.py:2648} INFO - Exporting env vars: AIRFLOW_CTX_DAG_OWNER='era5' AIRFLOW_CTX_DAG_ID='era5_download_pipeline' AIRFLOW_CTX_TASK_ID='era5_instant' AIRFLOW_CTX_EXECUTION_DATE='2026-06-15T00:00:00+00:00' AIRFLOW_CTX_TRY_NUMBER='1' AIRFLOW_CTX_DAG_RUN_ID='scheduled__2026-06-15T00:00:00+00:00'
[2026-06-15T01:00:02.342+0000] {taskinstance.py:430} INFO - ::endgroup::
[2026-06-15T01:00:03.388+0000] {logging_mixin.py:188} WARNING - 2026-06-15 01:00:03,387 INFO [2026-06-11T00:00:00Z] Upcoming essential maintenance sessions on Data Stores underlying infrastructure on 15 June. Service disruption expected. For further details, please [visit our forum announcement](https://forum.ecmwf.int/t/upcoming-essential-maintenance-sessions-on-data-stores-underlying-infrastructure-part-2/150414).
[2026-06-15T01:00:03.387+0000] {legacy_client.py:192} INFO - [2026-06-11T00:00:00Z] Upcoming essential maintenance sessions on Data Stores underlying infrastructure on 15 June. Service disruption expected. For further details, please [visit our forum announcement](https://forum.ecmwf.int/t/upcoming-essential-maintenance-sessions-on-data-stores-underlying-infrastructure-part-2/150414).
[2026-06-15T01:00:03.397+0000] {logging_mixin.py:188} WARNING - 2026-06-15 01:00:03 [INFO] === START job=instant date=2026-06-15 ===
[2026-06-15T01:00:03.396+0000] {era5_functions.py:368} INFO - === START job=instant date=2026-06-15 ===
[2026-06-15T01:00:03.400+0000] {logging_mixin.py:188} WARNING - 2026-06-15 01:00:03 [INFO] --- job=instant date=20260615 ---
[2026-06-15T01:00:03.400+0000] {era5_functions.py:330} INFO - --- job=instant date=20260615 ---
[2026-06-15T01:00:04.030+0000] {logging_mixin.py:188} WARNING - 2026-06-15 01:00:04 [WARNING] get_cds_count failed: 400 Client Error: Bad Request for url: https://cds.climate.copernicus.eu/api/retrieve/v1/processes/reanalysis-era5-single-levels/execution
invalid request
None of the data you have requested is available yet, please revise the period requested. The latest date available for this dataset is: 2026-06-10 01:00
[2026-06-15T01:00:04.029+0000] {era5_functions.py:131} WARNING - get_cds_count failed: 400 Client Error: Bad Request for url: https://cds.climate.copernicus.eu/api/retrieve/v1/processes/reanalysis-era5-single-levels/execution
invalid request
None of the data you have requested is available yet, please revise the period requested. The latest date available for this dataset is: 2026-06-10 01:00
[2026-06-15T01:00:04.033+0000] {logging_mixin.py:188} WARNING - 2026-06-15 01:00:04 [WARNING] CDS ยังไม่มีข้อมูล job=instant date=20260615, skip
[2026-06-15T01:00:04.033+0000] {era5_functions.py:335} WARNING - CDS ยังไม่มีข้อมูล job=instant date=20260615, skip
[2026-06-15T01:00:04.036+0000] {logging_mixin.py:188} WARNING - 2026-06-15 01:00:04 [INFO] --- job=instant date=20260614 ---
[2026-06-15T01:00:04.036+0000] {era5_functions.py:330} INFO - --- job=instant date=20260614 ---
[2026-06-15T01:00:05.605+0000] {logging_mixin.py:188} WARNING - 2026-06-15 01:00:05 [WARNING] get_cds_count failed: 400 Client Error: Bad Request for url: https://cds.climate.copernicus.eu/api/retrieve/v1/processes/reanalysis-era5-single-levels/execution
invalid request
None of the data you have requested is available yet, please revise the period requested. The latest date available for this dataset is: 2026-06-10 01:00
[2026-06-15T01:00:05.605+0000] {era5_functions.py:131} WARNING - get_cds_count failed: 400 Client Error: Bad Request for url: https://cds.climate.copernicus.eu/api/retrieve/v1/processes/reanalysis-era5-single-levels/execution
invalid request
None of the data you have requested is available yet, please revise the period requested. The latest date available for this dataset is: 2026-06-10 01:00
[2026-06-15T01:00:05.607+0000] {logging_mixin.py:188} WARNING - 2026-06-15 01:00:05 [WARNING] CDS ยังไม่มีข้อมูล job=instant date=20260614, skip
[2026-06-15T01:00:05.607+0000] {era5_functions.py:335} WARNING - CDS ยังไม่มีข้อมูล job=instant date=20260614, skip
[2026-06-15T01:00:05.609+0000] {logging_mixin.py:188} WARNING - 2026-06-15 01:00:05 [INFO] --- job=instant date=20260613 ---
[2026-06-15T01:00:05.609+0000] {era5_functions.py:330} INFO - --- job=instant date=20260613 ---
[2026-06-15T01:00:07.318+0000] {logging_mixin.py:188} WARNING - 2026-06-15 01:00:07 [WARNING] get_cds_count failed: 400 Client Error: Bad Request for url: https://cds.climate.copernicus.eu/api/retrieve/v1/processes/reanalysis-era5-single-levels/execution
invalid request
None of the data you have requested is available yet, please revise the period requested. The latest date available for this dataset is: 2026-06-10 01:00
[2026-06-15T01:00:07.318+0000] {era5_functions.py:131} WARNING - get_cds_count failed: 400 Client Error: Bad Request for url: https://cds.climate.copernicus.eu/api/retrieve/v1/processes/reanalysis-era5-single-levels/execution
invalid request
None of the data you have requested is available yet, please revise the period requested. The latest date available for this dataset is: 2026-06-10 01:00
[2026-06-15T01:00:07.321+0000] {logging_mixin.py:188} WARNING - 2026-06-15 01:00:07 [WARNING] CDS ยังไม่มีข้อมูล job=instant date=20260613, skip
[2026-06-15T01:00:07.321+0000] {era5_functions.py:335} WARNING - CDS ยังไม่มีข้อมูล job=instant date=20260613, skip
[2026-06-15T01:00:07.324+0000] {logging_mixin.py:188} WARNING - 2026-06-15 01:00:07 [INFO] --- job=instant date=20260612 ---
[2026-06-15T01:00:07.324+0000] {era5_functions.py:330} INFO - --- job=instant date=20260612 ---
[2026-06-15T01:00:08.360+0000] {logging_mixin.py:188} WARNING - 2026-06-15 01:00:08 [WARNING] get_cds_count failed: 400 Client Error: Bad Request for url: https://cds.climate.copernicus.eu/api/retrieve/v1/processes/reanalysis-era5-single-levels/execution
invalid request
None of the data you have requested is available yet, please revise the period requested. The latest date available for this dataset is: 2026-06-10 01:00
[2026-06-15T01:00:08.359+0000] {era5_functions.py:131} WARNING - get_cds_count failed: 400 Client Error: Bad Request for url: https://cds.climate.copernicus.eu/api/retrieve/v1/processes/reanalysis-era5-single-levels/execution
invalid request
None of the data you have requested is available yet, please revise the period requested. The latest date available for this dataset is: 2026-06-10 01:00
[2026-06-15T01:00:08.365+0000] {logging_mixin.py:188} WARNING - 2026-06-15 01:00:08 [WARNING] CDS ยังไม่มีข้อมูล job=instant date=20260612, skip
[2026-06-15T01:00:08.365+0000] {era5_functions.py:335} WARNING - CDS ยังไม่มีข้อมูล job=instant date=20260612, skip
[2026-06-15T01:00:08.369+0000] {logging_mixin.py:188} WARNING - 2026-06-15 01:00:08 [INFO] --- job=instant date=20260611 ---
[2026-06-15T01:00:08.369+0000] {era5_functions.py:330} INFO - --- job=instant date=20260611 ---
[2026-06-15T01:00:09.001+0000] {logging_mixin.py:188} WARNING - 2026-06-15 01:00:09 [WARNING] get_cds_count failed: 400 Client Error: Bad Request for url: https://cds.climate.copernicus.eu/api/retrieve/v1/processes/reanalysis-era5-single-levels/execution
invalid request
None of the data you have requested is available yet, please revise the period requested. The latest date available for this dataset is: 2026-06-10 01:00
[2026-06-15T01:00:09.000+0000] {era5_functions.py:131} WARNING - get_cds_count failed: 400 Client Error: Bad Request for url: https://cds.climate.copernicus.eu/api/retrieve/v1/processes/reanalysis-era5-single-levels/execution
invalid request
None of the data you have requested is available yet, please revise the period requested. The latest date available for this dataset is: 2026-06-10 01:00
[2026-06-15T01:00:09.004+0000] {logging_mixin.py:188} WARNING - 2026-06-15 01:00:09 [WARNING] CDS ยังไม่มีข้อมูล job=instant date=20260611, skip
[2026-06-15T01:00:09.004+0000] {era5_functions.py:335} WARNING - CDS ยังไม่มีข้อมูล job=instant date=20260611, skip
[2026-06-15T01:00:09.006+0000] {logging_mixin.py:188} WARNING - 2026-06-15 01:00:09 [INFO] --- job=instant date=20260610 ---
[2026-06-15T01:00:09.006+0000] {era5_functions.py:330} INFO - --- job=instant date=20260610 ---
[2026-06-15T01:00:11.642+0000] {logging_mixin.py:188} WARNING - 2026-06-15 01:00:11,642 INFO [2025-12-11T00:00:00] Please note that a dedicated catalogue entry for this dataset, post-processed and stored in Analysis Ready Cloud Optimized (ARCO) format (Zarr), is available for optimised time-series retrievals (i.e. for retrieving data from selected variables for a single point over an extended period of time in an efficient way). You can discover it [here](https://cds.climate.copernicus.eu/datasets/reanalysis-era5-single-levels-timeseries?tab=overview)
[2026-06-15T01:00:11.642+0000] {legacy_client.py:192} INFO - [2025-12-11T00:00:00] Please note that a dedicated catalogue entry for this dataset, post-processed and stored in Analysis Ready Cloud Optimized (ARCO) format (Zarr), is available for optimised time-series retrievals (i.e. for retrieving data from selected variables for a single point over an extended period of time in an efficient way). You can discover it [here](https://cds.climate.copernicus.eu/datasets/reanalysis-era5-single-levels-timeseries?tab=overview)
[2026-06-15T01:00:11.647+0000] {logging_mixin.py:188} WARNING - 2026-06-15 01:00:11,646 INFO Request ID is 0dee36bf-8c94-44b3-8ea2-9331e5b04f4c
[2026-06-15T01:00:11.646+0000] {legacy_client.py:192} INFO - Request ID is 0dee36bf-8c94-44b3-8ea2-9331e5b04f4c
[2026-06-15T01:00:11.867+0000] {logging_mixin.py:188} WARNING - 2026-06-15 01:00:11,866 INFO status has been updated to accepted
[2026-06-15T01:00:11.866+0000] {legacy_client.py:192} INFO - status has been updated to accepted
[2026-06-15T01:00:27.161+0000] {logging_mixin.py:188} WARNING - 2026-06-15 01:00:27,161 INFO status has been updated to running
[2026-06-15T01:00:27.161+0000] {legacy_client.py:192} INFO - status has been updated to running
[2026-06-15T01:00:34.960+0000] {logging_mixin.py:188} WARNING - 2026-06-15 01:00:34,960 INFO status has been updated to successful
[2026-06-15T01:00:34.960+0000] {legacy_client.py:192} INFO - status has been updated to successful
[2026-06-15T01:00:35.382+0000] {base.py:119} INFO - Downloading https://object-store.os-api.cci2.ecmwf.int:443/cci2-prod-cache-1/2026-06-15/ba305d2f0ef30e80462d3a9a19b93b5a.nc
[2026-06-15T01:00:36.058+0000] {logging_mixin.py:188} WARNING - ba305d2f0ef30e80462d3a9a19b93b5a.nc:   0%|          | 0.00/297k [00:00<?, ?B/s]
[2026-06-15T01:00:37.467+0000] {logging_mixin.py:188} WARNING - ba305d2f0ef30e80462d3a9a19b93b5a.nc: 100%|##########| 297k/297k [00:01<00:00, 217kB/s]
[2026-06-15T01:00:37.472+0000] {logging_mixin.py:188} WARNING -                                                                                       
[2026-06-15T01:00:37.758+0000] {logging_mixin.py:188} WARNING - 2026-06-15 01:00:37 [INFO] CDS timestep available: 2
[2026-06-15T01:00:37.758+0000] {era5_functions.py:128} INFO - CDS timestep available: 2
[2026-06-15T01:00:37.836+0000] {logging_mixin.py:188} WARNING - 2026-06-15 01:00:37 [INFO] local timestep: 1 — /opt/***/era5/ecmwf/data/nc/_raw/2026/06/10/instant_20260610.nc
[2026-06-15T01:00:37.836+0000] {era5_functions.py:152} INFO - local timestep: 1 — /opt/***/era5/ecmwf/data/nc/_raw/2026/06/10/instant_20260610.nc
[2026-06-15T01:00:37.850+0000] {logging_mixin.py:188} WARNING - 2026-06-15 01:00:37 [INFO] nc outdated (local=1 < cds=2), removing: /opt/***/era5/ecmwf/data/nc/_raw/2026/06/10/instant_20260610.nc
[2026-06-15T01:00:37.850+0000] {era5_functions.py:193} INFO - nc outdated (local=1 < cds=2), removing: /opt/***/era5/ecmwf/data/nc/_raw/2026/06/10/instant_20260610.nc
[2026-06-15T01:00:37.878+0000] {logging_mixin.py:188} WARNING - 2026-06-15 01:00:37 [INFO] download attempt 1/3: /opt/***/era5/ecmwf/data/nc/_raw/2026/06/10/instant_20260610.nc
[2026-06-15T01:00:37.878+0000] {era5_functions.py:200} INFO - download attempt 1/3: /opt/***/era5/ecmwf/data/nc/_raw/2026/06/10/instant_20260610.nc
[2026-06-15T01:00:38.895+0000] {logging_mixin.py:188} WARNING - 2026-06-15 01:00:38,894 INFO [2025-12-11T00:00:00] Please note that a dedicated catalogue entry for this dataset, post-processed and stored in Analysis Ready Cloud Optimized (ARCO) format (Zarr), is available for optimised time-series retrievals (i.e. for retrieving data from selected variables for a single point over an extended period of time in an efficient way). You can discover it [here](https://cds.climate.copernicus.eu/datasets/reanalysis-era5-single-levels-timeseries?tab=overview)
[2026-06-15T01:00:38.894+0000] {legacy_client.py:192} INFO - [2025-12-11T00:00:00] Please note that a dedicated catalogue entry for this dataset, post-processed and stored in Analysis Ready Cloud Optimized (ARCO) format (Zarr), is available for optimised time-series retrievals (i.e. for retrieving data from selected variables for a single point over an extended period of time in an efficient way). You can discover it [here](https://cds.climate.copernicus.eu/datasets/reanalysis-era5-single-levels-timeseries?tab=overview)
[2026-06-15T01:00:38.897+0000] {logging_mixin.py:188} WARNING - 2026-06-15 01:00:38,897 INFO Request ID is 4f2e9001-18ac-41e1-8919-ed0746227a78
[2026-06-15T01:00:38.897+0000] {legacy_client.py:192} INFO - Request ID is 4f2e9001-18ac-41e1-8919-ed0746227a78
[2026-06-15T01:00:39.124+0000] {logging_mixin.py:188} WARNING - 2026-06-15 01:00:39,124 INFO status has been updated to accepted
[2026-06-15T01:00:39.124+0000] {legacy_client.py:192} INFO - status has been updated to accepted
[2026-06-15T01:01:01.177+0000] {logging_mixin.py:188} WARNING - 2026-06-15 01:01:01,177 INFO status has been updated to successful
[2026-06-15T01:01:01.177+0000] {legacy_client.py:192} INFO - status has been updated to successful
[2026-06-15T01:01:01.666+0000] {base.py:119} INFO - Downloading https://object-store.os-api.cci2.ecmwf.int:443/cci2-prod-cache-1/2026-06-15/c5d207e10fb415a6c64d83cde0c085e4.nc
[2026-06-15T01:01:02.693+0000] {logging_mixin.py:188} WARNING - c5d207e10fb415a6c64d83cde0c085e4.nc:   0%|          | 0.00/297k [00:00<?, ?B/s]
[2026-06-15T01:01:04.410+0000] {logging_mixin.py:188} WARNING - c5d207e10fb415a6c64d83cde0c085e4.nc: 100%|##########| 297k/297k [00:01<00:00, 178kB/s]
[2026-06-15T01:01:04.428+0000] {logging_mixin.py:188} WARNING -                                                                                       
[2026-06-15T01:01:04.539+0000] {logging_mixin.py:188} WARNING - 2026-06-15 01:01:04 [INFO] nc downloaded ok: /opt/***/era5/ecmwf/data/nc/_raw/2026/06/10/instant_20260610.nc
[2026-06-15T01:01:04.539+0000] {era5_functions.py:204} INFO - nc downloaded ok: /opt/***/era5/ecmwf/data/nc/_raw/2026/06/10/instant_20260610.nc
[2026-06-15T01:01:04.608+0000] {logging_mixin.py:188} WARNING - 2026-06-15 01:01:04 [INFO] local timestep: 2 — /opt/***/era5/ecmwf/data/nc/_raw/2026/06/10/instant_20260610.nc
[2026-06-15T01:01:04.607+0000] {era5_functions.py:152} INFO - local timestep: 2 — /opt/***/era5/ecmwf/data/nc/_raw/2026/06/10/instant_20260610.nc
[2026-06-15T01:01:04.701+0000] {logging_mixin.py:188} WARNING - 2026-06-15 01:01:04 [INFO] tif outdated (tif=1 < nc=2), removing: /opt/***/era5/ecmwf/data/tif/2026/06/10/t2m_20260610.tif
[2026-06-15T01:01:04.701+0000] {era5_functions.py:261} INFO - tif outdated (tif=1 < nc=2), removing: /opt/***/era5/ecmwf/data/tif/2026/06/10/t2m_20260610.tif
[2026-06-15T01:01:04.777+0000] {logging_mixin.py:188} WARNING - 2026-06-15 01:01:04 [INFO] tif ok (bands=2): /opt/***/era5/ecmwf/data/tif/2026/06/10/t2m_20260610.tif
[2026-06-15T01:01:04.776+0000] {era5_functions.py:304} INFO - tif ok (bands=2): /opt/***/era5/ecmwf/data/tif/2026/06/10/t2m_20260610.tif
[2026-06-15T01:01:04.793+0000] {logging_mixin.py:188} WARNING - 2026-06-15 01:01:04 [INFO] tif outdated (tif=1 < nc=2), removing: /opt/***/era5/ecmwf/data/tif/2026/06/10/d2m_20260610.tif
[2026-06-15T01:01:04.793+0000] {era5_functions.py:261} INFO - tif outdated (tif=1 < nc=2), removing: /opt/***/era5/ecmwf/data/tif/2026/06/10/d2m_20260610.tif
[2026-06-15T01:01:04.867+0000] {logging_mixin.py:188} WARNING - 2026-06-15 01:01:04 [INFO] tif ok (bands=2): /opt/***/era5/ecmwf/data/tif/2026/06/10/d2m_20260610.tif
[2026-06-15T01:01:04.867+0000] {era5_functions.py:304} INFO - tif ok (bands=2): /opt/***/era5/ecmwf/data/tif/2026/06/10/d2m_20260610.tif
[2026-06-15T01:01:04.883+0000] {logging_mixin.py:188} WARNING - 2026-06-15 01:01:04 [INFO] tif outdated (tif=1 < nc=2), removing: /opt/***/era5/ecmwf/data/tif/2026/06/10/sp_20260610.tif
[2026-06-15T01:01:04.882+0000] {era5_functions.py:261} INFO - tif outdated (tif=1 < nc=2), removing: /opt/***/era5/ecmwf/data/tif/2026/06/10/sp_20260610.tif
[2026-06-15T01:01:04.961+0000] {logging_mixin.py:188} WARNING - 2026-06-15 01:01:04 [INFO] tif ok (bands=2): /opt/***/era5/ecmwf/data/tif/2026/06/10/sp_20260610.tif
[2026-06-15T01:01:04.961+0000] {era5_functions.py:304} INFO - tif ok (bands=2): /opt/***/era5/ecmwf/data/tif/2026/06/10/sp_20260610.tif
[2026-06-15T01:01:04.979+0000] {logging_mixin.py:188} WARNING - 2026-06-15 01:01:04 [INFO] tif outdated (tif=1 < nc=2), removing: /opt/***/era5/ecmwf/data/tif/2026/06/10/blh_20260610.tif
[2026-06-15T01:01:04.979+0000] {era5_functions.py:261} INFO - tif outdated (tif=1 < nc=2), removing: /opt/***/era5/ecmwf/data/tif/2026/06/10/blh_20260610.tif
[2026-06-15T01:01:05.057+0000] {logging_mixin.py:188} WARNING - 2026-06-15 01:01:05 [INFO] tif ok (bands=2): /opt/***/era5/ecmwf/data/tif/2026/06/10/blh_20260610.tif
[2026-06-15T01:01:05.057+0000] {era5_functions.py:304} INFO - tif ok (bands=2): /opt/***/era5/ecmwf/data/tif/2026/06/10/blh_20260610.tif
[2026-06-15T01:01:05.075+0000] {logging_mixin.py:188} WARNING - 2026-06-15 01:01:05 [INFO] tif outdated (tif=1 < nc=2), removing: /opt/***/era5/ecmwf/data/tif/2026/06/10/u10_20260610.tif
[2026-06-15T01:01:05.075+0000] {era5_functions.py:261} INFO - tif outdated (tif=1 < nc=2), removing: /opt/***/era5/ecmwf/data/tif/2026/06/10/u10_20260610.tif
[2026-06-15T01:01:05.148+0000] {logging_mixin.py:188} WARNING - 2026-06-15 01:01:05 [INFO] tif ok (bands=2): /opt/***/era5/ecmwf/data/tif/2026/06/10/u10_20260610.tif
[2026-06-15T01:01:05.148+0000] {era5_functions.py:304} INFO - tif ok (bands=2): /opt/***/era5/ecmwf/data/tif/2026/06/10/u10_20260610.tif
[2026-06-15T01:01:05.171+0000] {logging_mixin.py:188} WARNING - 2026-06-15 01:01:05 [INFO] tif outdated (tif=1 < nc=2), removing: /opt/***/era5/ecmwf/data/tif/2026/06/10/v10_20260610.tif
[2026-06-15T01:01:05.171+0000] {era5_functions.py:261} INFO - tif outdated (tif=1 < nc=2), removing: /opt/***/era5/ecmwf/data/tif/2026/06/10/v10_20260610.tif
[2026-06-15T01:01:05.263+0000] {logging_mixin.py:188} WARNING - 2026-06-15 01:01:05 [INFO] tif ok (bands=2): /opt/***/era5/ecmwf/data/tif/2026/06/10/v10_20260610.tif
[2026-06-15T01:01:05.263+0000] {era5_functions.py:304} INFO - tif ok (bands=2): /opt/***/era5/ecmwf/data/tif/2026/06/10/v10_20260610.tif
[2026-06-15T01:01:05.268+0000] {logging_mixin.py:188} WARNING - 2026-06-15 01:01:05 [INFO] === END job=instant date=2026-06-15 ===
[2026-06-15T01:01:05.268+0000] {era5_functions.py:379} INFO - === END job=instant date=2026-06-15 ===
[2026-06-15T01:01:05.270+0000] {python.py:237} INFO - Done. Returned value was: None
[2026-06-15T01:01:05.271+0000] {taskinstance.py:441} INFO - ::group::Post task execution logs
[2026-06-15T01:01:05.284+0000] {taskinstance.py:1206} INFO - Marking task as SUCCESS. dag_id=era5_download_pipeline, task_id=era5_instant, run_id=scheduled__2026-06-15T00:00:00+00:00, execution_date=20260615T000000, start_date=20260615T010002, end_date=20260615T010105
[2026-06-15T01:01:05.369+0000] {local_task_job_runner.py:240} INFO - Task exited with return code 0
[2026-06-15T01:01:05.401+0000] {taskinstance.py:3498} INFO - 1 downstream tasks scheduled from follow-on schedule check
[2026-06-15T01:01:05.405+0000] {local_task_job_runner.py:222} INFO - ::endgroup::
