[2026-06-07T13:01:03.636+0000] {local_task_job_runner.py:120} INFO - ::group::Pre task execution logs
[2026-06-07T13:01:03.661+0000] {taskinstance.py:2076} INFO - Dependencies all met for dep_context=non-requeueable deps ti=<TaskInstance: era5_download_pipeline.era5_accum scheduled__2026-06-07T12:00:00+00:00 [queued]>
[2026-06-07T13:01:03.675+0000] {taskinstance.py:2076} INFO - Dependencies all met for dep_context=requeueable deps ti=<TaskInstance: era5_download_pipeline.era5_accum scheduled__2026-06-07T12:00:00+00:00 [queued]>
[2026-06-07T13:01:03.676+0000] {taskinstance.py:2306} INFO - Starting attempt 1 of 1
[2026-06-07T13:01:03.692+0000] {taskinstance.py:2330} INFO - Executing <Task(PythonOperator): era5_accum> on 2026-06-07 12:00:00+00:00
[2026-06-07T13:01:03.704+0000] {warnings.py:110} WARNING - /home/***/.local/lib/python3.12/site-packages/***/task/task_runner/standard_task_runner.py:61: DeprecationWarning: This process (pid=97563) is multi-threaded, use of fork() may lead to deadlocks in the child.
  pid = os.fork()

[2026-06-07T13:01:03.708+0000] {standard_task_runner.py:63} INFO - Started process 97565 to run task
[2026-06-07T13:01:03.707+0000] {standard_task_runner.py:90} INFO - Running: ['***', 'tasks', 'run', 'era5_download_pipeline', 'era5_accum', 'scheduled__2026-06-07T12:00:00+00:00', '--job-id', '1133', '--raw', '--subdir', 'DAGS_FOLDER/era5_dag.py', '--cfg-path', '/tmp/tmp1bvuae_0']
[2026-06-07T13:01:03.711+0000] {standard_task_runner.py:91} INFO - Job 1133: Subtask era5_accum
[2026-06-07T13:01:03.795+0000] {task_command.py:426} INFO - Running <TaskInstance: era5_download_pipeline.era5_accum scheduled__2026-06-07T12:00:00+00:00 [running]> on host 01cd476fb21a
[2026-06-07T13:01:03.912+0000] {taskinstance.py:2648} INFO - Exporting env vars: AIRFLOW_CTX_DAG_OWNER='era5' AIRFLOW_CTX_DAG_ID='era5_download_pipeline' AIRFLOW_CTX_TASK_ID='era5_accum' AIRFLOW_CTX_EXECUTION_DATE='2026-06-07T12:00:00+00:00' AIRFLOW_CTX_TRY_NUMBER='1' AIRFLOW_CTX_DAG_RUN_ID='scheduled__2026-06-07T12:00:00+00:00'
[2026-06-07T13:01:03.916+0000] {taskinstance.py:430} INFO - ::endgroup::
[2026-06-07T13:01:04.981+0000] {logging_mixin.py:188} WARNING - 2026-06-07 13:01:04 [INFO] === START job=accum date=2026-06-07 ===
[2026-06-07T13:01:04.981+0000] {era5_functions.py:368} INFO - === START job=accum date=2026-06-07 ===
[2026-06-07T13:01:04.984+0000] {logging_mixin.py:188} WARNING - 2026-06-07 13:01:04 [INFO] --- job=accum date=20260607 ---
[2026-06-07T13:01:04.984+0000] {era5_functions.py:330} INFO - --- job=accum date=20260607 ---
[2026-06-07T13:01:05.877+0000] {logging_mixin.py:188} WARNING - 2026-06-07 13:01:05 [WARNING] get_cds_count failed: 400 Client Error: Bad Request for url: https://cds.climate.copernicus.eu/api/retrieve/v1/processes/reanalysis-era5-single-levels/execution
invalid request
None of the data you have requested is available yet, please revise the period requested. The latest date available for this dataset is: 2026-06-02 13:00
[2026-06-07T13:01:05.877+0000] {era5_functions.py:131} WARNING - get_cds_count failed: 400 Client Error: Bad Request for url: https://cds.climate.copernicus.eu/api/retrieve/v1/processes/reanalysis-era5-single-levels/execution
invalid request
None of the data you have requested is available yet, please revise the period requested. The latest date available for this dataset is: 2026-06-02 13:00
[2026-06-07T13:01:05.882+0000] {logging_mixin.py:188} WARNING - 2026-06-07 13:01:05 [WARNING] CDS ยังไม่มีข้อมูล job=accum date=20260607, skip
[2026-06-07T13:01:05.882+0000] {era5_functions.py:335} WARNING - CDS ยังไม่มีข้อมูล job=accum date=20260607, skip
[2026-06-07T13:01:05.886+0000] {logging_mixin.py:188} WARNING - 2026-06-07 13:01:05 [INFO] --- job=accum date=20260606 ---
[2026-06-07T13:01:05.886+0000] {era5_functions.py:330} INFO - --- job=accum date=20260606 ---
[2026-06-07T13:01:06.481+0000] {logging_mixin.py:188} WARNING - 2026-06-07 13:01:06 [WARNING] get_cds_count failed: 400 Client Error: Bad Request for url: https://cds.climate.copernicus.eu/api/retrieve/v1/processes/reanalysis-era5-single-levels/execution
invalid request
None of the data you have requested is available yet, please revise the period requested. The latest date available for this dataset is: 2026-06-02 13:00
[2026-06-07T13:01:06.481+0000] {era5_functions.py:131} WARNING - get_cds_count failed: 400 Client Error: Bad Request for url: https://cds.climate.copernicus.eu/api/retrieve/v1/processes/reanalysis-era5-single-levels/execution
invalid request
None of the data you have requested is available yet, please revise the period requested. The latest date available for this dataset is: 2026-06-02 13:00
[2026-06-07T13:01:06.487+0000] {logging_mixin.py:188} WARNING - 2026-06-07 13:01:06 [WARNING] CDS ยังไม่มีข้อมูล job=accum date=20260606, skip
[2026-06-07T13:01:06.486+0000] {era5_functions.py:335} WARNING - CDS ยังไม่มีข้อมูล job=accum date=20260606, skip
[2026-06-07T13:01:06.491+0000] {logging_mixin.py:188} WARNING - 2026-06-07 13:01:06 [INFO] --- job=accum date=20260605 ---
[2026-06-07T13:01:06.491+0000] {era5_functions.py:330} INFO - --- job=accum date=20260605 ---
[2026-06-07T13:01:07.473+0000] {logging_mixin.py:188} WARNING - 2026-06-07 13:01:07 [WARNING] get_cds_count failed: 400 Client Error: Bad Request for url: https://cds.climate.copernicus.eu/api/retrieve/v1/processes/reanalysis-era5-single-levels/execution
invalid request
None of the data you have requested is available yet, please revise the period requested. The latest date available for this dataset is: 2026-06-02 13:00
[2026-06-07T13:01:07.473+0000] {era5_functions.py:131} WARNING - get_cds_count failed: 400 Client Error: Bad Request for url: https://cds.climate.copernicus.eu/api/retrieve/v1/processes/reanalysis-era5-single-levels/execution
invalid request
None of the data you have requested is available yet, please revise the period requested. The latest date available for this dataset is: 2026-06-02 13:00
[2026-06-07T13:01:07.479+0000] {logging_mixin.py:188} WARNING - 2026-06-07 13:01:07 [WARNING] CDS ยังไม่มีข้อมูล job=accum date=20260605, skip
[2026-06-07T13:01:07.478+0000] {era5_functions.py:335} WARNING - CDS ยังไม่มีข้อมูล job=accum date=20260605, skip
[2026-06-07T13:01:07.483+0000] {logging_mixin.py:188} WARNING - 2026-06-07 13:01:07 [INFO] --- job=accum date=20260604 ---
[2026-06-07T13:01:07.483+0000] {era5_functions.py:330} INFO - --- job=accum date=20260604 ---
[2026-06-07T13:01:08.193+0000] {logging_mixin.py:188} WARNING - 2026-06-07 13:01:08 [WARNING] get_cds_count failed: 400 Client Error: Bad Request for url: https://cds.climate.copernicus.eu/api/retrieve/v1/processes/reanalysis-era5-single-levels/execution
invalid request
None of the data you have requested is available yet, please revise the period requested. The latest date available for this dataset is: 2026-06-02 13:00
[2026-06-07T13:01:08.192+0000] {era5_functions.py:131} WARNING - get_cds_count failed: 400 Client Error: Bad Request for url: https://cds.climate.copernicus.eu/api/retrieve/v1/processes/reanalysis-era5-single-levels/execution
invalid request
None of the data you have requested is available yet, please revise the period requested. The latest date available for this dataset is: 2026-06-02 13:00
[2026-06-07T13:01:08.196+0000] {logging_mixin.py:188} WARNING - 2026-06-07 13:01:08 [WARNING] CDS ยังไม่มีข้อมูล job=accum date=20260604, skip
[2026-06-07T13:01:08.196+0000] {era5_functions.py:335} WARNING - CDS ยังไม่มีข้อมูล job=accum date=20260604, skip
[2026-06-07T13:01:08.200+0000] {logging_mixin.py:188} WARNING - 2026-06-07 13:01:08 [INFO] --- job=accum date=20260603 ---
[2026-06-07T13:01:08.200+0000] {era5_functions.py:330} INFO - --- job=accum date=20260603 ---
[2026-06-07T13:01:08.696+0000] {logging_mixin.py:188} WARNING - 2026-06-07 13:01:08 [WARNING] get_cds_count failed: 400 Client Error: Bad Request for url: https://cds.climate.copernicus.eu/api/retrieve/v1/processes/reanalysis-era5-single-levels/execution
invalid request
None of the data you have requested is available yet, please revise the period requested. The latest date available for this dataset is: 2026-06-02 13:00
[2026-06-07T13:01:08.696+0000] {era5_functions.py:131} WARNING - get_cds_count failed: 400 Client Error: Bad Request for url: https://cds.climate.copernicus.eu/api/retrieve/v1/processes/reanalysis-era5-single-levels/execution
invalid request
None of the data you have requested is available yet, please revise the period requested. The latest date available for this dataset is: 2026-06-02 13:00
[2026-06-07T13:01:08.701+0000] {logging_mixin.py:188} WARNING - 2026-06-07 13:01:08 [WARNING] CDS ยังไม่มีข้อมูล job=accum date=20260603, skip
[2026-06-07T13:01:08.701+0000] {era5_functions.py:335} WARNING - CDS ยังไม่มีข้อมูล job=accum date=20260603, skip
[2026-06-07T13:01:08.705+0000] {logging_mixin.py:188} WARNING - 2026-06-07 13:01:08 [INFO] --- job=accum date=20260602 ---
[2026-06-07T13:01:08.705+0000] {era5_functions.py:330} INFO - --- job=accum date=20260602 ---
[2026-06-07T13:01:09.518+0000] {logging_mixin.py:188} WARNING - 2026-06-07 13:01:09,517 INFO [2025-12-11T00:00:00] Please note that a dedicated catalogue entry for this dataset, post-processed and stored in Analysis Ready Cloud Optimized (ARCO) format (Zarr), is available for optimised time-series retrievals (i.e. for retrieving data from selected variables for a single point over an extended period of time in an efficient way). You can discover it [here](https://cds.climate.copernicus.eu/datasets/reanalysis-era5-single-levels-timeseries?tab=overview)
[2026-06-07T13:01:09.517+0000] {legacy_client.py:192} INFO - [2025-12-11T00:00:00] Please note that a dedicated catalogue entry for this dataset, post-processed and stored in Analysis Ready Cloud Optimized (ARCO) format (Zarr), is available for optimised time-series retrievals (i.e. for retrieving data from selected variables for a single point over an extended period of time in an efficient way). You can discover it [here](https://cds.climate.copernicus.eu/datasets/reanalysis-era5-single-levels-timeseries?tab=overview)
[2026-06-07T13:01:09.522+0000] {logging_mixin.py:188} WARNING - 2026-06-07 13:01:09,522 INFO Request ID is af828bb6-586c-40c5-914b-7535dc2e37b5
[2026-06-07T13:01:09.522+0000] {legacy_client.py:192} INFO - Request ID is af828bb6-586c-40c5-914b-7535dc2e37b5
[2026-06-07T13:01:09.726+0000] {logging_mixin.py:188} WARNING - 2026-06-07 13:01:09,726 INFO status has been updated to accepted
[2026-06-07T13:01:09.726+0000] {legacy_client.py:192} INFO - status has been updated to accepted
[2026-06-07T13:01:25.153+0000] {logging_mixin.py:188} WARNING - 2026-06-07 13:01:25,153 INFO status has been updated to running
[2026-06-07T13:01:25.153+0000] {legacy_client.py:192} INFO - status has been updated to running
[2026-06-07T13:01:33.053+0000] {logging_mixin.py:188} WARNING - 2026-06-07 13:01:33,052 INFO status has been updated to successful
[2026-06-07T13:01:33.052+0000] {legacy_client.py:192} INFO - status has been updated to successful
[2026-06-07T13:01:33.500+0000] {base.py:119} INFO - Downloading https://object-store.os-api.cci2.ecmwf.int:443/cci2-prod-cache-3/2026-06-07/6b87ea1e17265e295721c37e20c477.nc
[2026-06-07T13:01:34.271+0000] {logging_mixin.py:188} WARNING - 6b87ea1e17265e295721c37e20c477.nc:   0%|          | 0.00/223k [00:00<?, ?B/s]
[2026-06-07T13:01:36.016+0000] {logging_mixin.py:188} WARNING - 6b87ea1e17265e295721c37e20c477.nc: 100%|##########| 223k/223k [00:01<00:00, 131kB/s]
[2026-06-07T13:01:36.024+0000] {logging_mixin.py:188} WARNING -                                                                                     
[2026-06-07T13:01:36.304+0000] {logging_mixin.py:188} WARNING - 2026-06-07 13:01:36 [INFO] CDS timestep available: 14
[2026-06-07T13:01:36.304+0000] {era5_functions.py:128} INFO - CDS timestep available: 14
[2026-06-07T13:01:36.355+0000] {logging_mixin.py:188} WARNING - 2026-06-07 13:01:36 [INFO] local timestep: 13 — /opt/***/era5/ecmwf/data/nc/_raw/2026/06/02/accum_20260602.nc
[2026-06-07T13:01:36.355+0000] {era5_functions.py:152} INFO - local timestep: 13 — /opt/***/era5/ecmwf/data/nc/_raw/2026/06/02/accum_20260602.nc
[2026-06-07T13:01:36.362+0000] {logging_mixin.py:188} WARNING - 2026-06-07 13:01:36 [INFO] nc outdated (local=13 < cds=14), removing: /opt/***/era5/ecmwf/data/nc/_raw/2026/06/02/accum_20260602.nc
[2026-06-07T13:01:36.362+0000] {era5_functions.py:193} INFO - nc outdated (local=13 < cds=14), removing: /opt/***/era5/ecmwf/data/nc/_raw/2026/06/02/accum_20260602.nc
[2026-06-07T13:01:36.381+0000] {logging_mixin.py:188} WARNING - 2026-06-07 13:01:36 [INFO] download attempt 1/3: /opt/***/era5/ecmwf/data/nc/_raw/2026/06/02/accum_20260602.nc
[2026-06-07T13:01:36.380+0000] {era5_functions.py:200} INFO - download attempt 1/3: /opt/***/era5/ecmwf/data/nc/_raw/2026/06/02/accum_20260602.nc
[2026-06-07T13:01:38.292+0000] {logging_mixin.py:188} WARNING - 2026-06-07 13:01:38,291 INFO [2025-12-11T00:00:00] Please note that a dedicated catalogue entry for this dataset, post-processed and stored in Analysis Ready Cloud Optimized (ARCO) format (Zarr), is available for optimised time-series retrievals (i.e. for retrieving data from selected variables for a single point over an extended period of time in an efficient way). You can discover it [here](https://cds.climate.copernicus.eu/datasets/reanalysis-era5-single-levels-timeseries?tab=overview)
[2026-06-07T13:01:38.291+0000] {legacy_client.py:192} INFO - [2025-12-11T00:00:00] Please note that a dedicated catalogue entry for this dataset, post-processed and stored in Analysis Ready Cloud Optimized (ARCO) format (Zarr), is available for optimised time-series retrievals (i.e. for retrieving data from selected variables for a single point over an extended period of time in an efficient way). You can discover it [here](https://cds.climate.copernicus.eu/datasets/reanalysis-era5-single-levels-timeseries?tab=overview)
[2026-06-07T13:01:38.297+0000] {logging_mixin.py:188} WARNING - 2026-06-07 13:01:38,297 INFO Request ID is e0770132-96eb-471e-a90f-f297b547a91a
[2026-06-07T13:01:38.297+0000] {legacy_client.py:192} INFO - Request ID is e0770132-96eb-471e-a90f-f297b547a91a
[2026-06-07T13:01:38.642+0000] {logging_mixin.py:188} WARNING - 2026-06-07 13:01:38,642 INFO status has been updated to accepted
[2026-06-07T13:01:38.642+0000] {legacy_client.py:192} INFO - status has been updated to accepted
[2026-06-07T13:01:53.894+0000] {logging_mixin.py:188} WARNING - 2026-06-07 13:01:53,893 INFO status has been updated to running
[2026-06-07T13:01:53.893+0000] {legacy_client.py:192} INFO - status has been updated to running
[2026-06-07T13:02:01.716+0000] {logging_mixin.py:188} WARNING - 2026-06-07 13:02:01,716 INFO status has been updated to successful
[2026-06-07T13:02:01.716+0000] {legacy_client.py:192} INFO - status has been updated to successful
[2026-06-07T13:02:04.608+0000] {base.py:119} INFO - Downloading https://object-store.os-api.cci2.ecmwf.int:443/cci2-prod-cache-1/2026-06-07/88f709dac7ed2ab9776152b4891e73fa.nc
[2026-06-07T13:02:05.325+0000] {logging_mixin.py:188} WARNING - 88f709dac7ed2ab9776152b4891e73fa.nc:   0%|          | 0.00/223k [00:00<?, ?B/s]
[2026-06-07T13:02:06.700+0000] {logging_mixin.py:188} WARNING - 88f709dac7ed2ab9776152b4891e73fa.nc: 100%|##########| 223k/223k [00:01<00:00, 166kB/s]
[2026-06-07T13:02:06.715+0000] {logging_mixin.py:188} WARNING -                                                                                       
[2026-06-07T13:02:06.795+0000] {logging_mixin.py:188} WARNING - 2026-06-07 13:02:06 [INFO] nc downloaded ok: /opt/***/era5/ecmwf/data/nc/_raw/2026/06/02/accum_20260602.nc
[2026-06-07T13:02:06.795+0000] {era5_functions.py:204} INFO - nc downloaded ok: /opt/***/era5/ecmwf/data/nc/_raw/2026/06/02/accum_20260602.nc
[2026-06-07T13:02:06.844+0000] {logging_mixin.py:188} WARNING - 2026-06-07 13:02:06 [INFO] local timestep: 14 — /opt/***/era5/ecmwf/data/nc/_raw/2026/06/02/accum_20260602.nc
[2026-06-07T13:02:06.844+0000] {era5_functions.py:152} INFO - local timestep: 14 — /opt/***/era5/ecmwf/data/nc/_raw/2026/06/02/accum_20260602.nc
[2026-06-07T13:02:06.917+0000] {logging_mixin.py:188} WARNING - 2026-06-07 13:02:06 [INFO] tif outdated (tif=13 < nc=14), removing: /opt/***/era5/ecmwf/data/tif/2026/06/02/tp_20260602.tif
[2026-06-07T13:02:06.917+0000] {era5_functions.py:261} INFO - tif outdated (tif=13 < nc=14), removing: /opt/***/era5/ecmwf/data/tif/2026/06/02/tp_20260602.tif
[2026-06-07T13:02:07.008+0000] {logging_mixin.py:188} WARNING - 2026-06-07 13:02:07 [INFO] tif ok (bands=14): /opt/***/era5/ecmwf/data/tif/2026/06/02/tp_20260602.tif
[2026-06-07T13:02:07.008+0000] {era5_functions.py:304} INFO - tif ok (bands=14): /opt/***/era5/ecmwf/data/tif/2026/06/02/tp_20260602.tif
[2026-06-07T13:02:07.015+0000] {logging_mixin.py:188} WARNING - 2026-06-07 13:02:07 [INFO] === END job=accum date=2026-06-07 ===
[2026-06-07T13:02:07.014+0000] {era5_functions.py:379} INFO - === END job=accum date=2026-06-07 ===
[2026-06-07T13:02:07.017+0000] {python.py:237} INFO - Done. Returned value was: None
[2026-06-07T13:02:07.018+0000] {taskinstance.py:441} INFO - ::group::Post task execution logs
[2026-06-07T13:02:07.037+0000] {taskinstance.py:1206} INFO - Marking task as SUCCESS. dag_id=era5_download_pipeline, task_id=era5_accum, run_id=scheduled__2026-06-07T12:00:00+00:00, execution_date=20260607T120000, start_date=20260607T130103, end_date=20260607T130207
[2026-06-07T13:02:07.099+0000] {local_task_job_runner.py:240} INFO - Task exited with return code 0
[2026-06-07T13:02:07.124+0000] {taskinstance.py:3498} INFO - 0 downstream tasks scheduled from follow-on schedule check
[2026-06-07T13:02:07.128+0000] {local_task_job_runner.py:222} INFO - ::endgroup::
