[2026-06-23T00:03:06.607+0000] {local_task_job_runner.py:120} INFO - ::group::Pre task execution logs
[2026-06-23T00:03:06.629+0000] {taskinstance.py:2076} INFO - Dependencies all met for dep_context=non-requeueable deps ti=<TaskInstance: era5_download_pipeline.era5_accum scheduled__2026-06-22T23:00:00+00:00 [queued]>
[2026-06-23T00:03:06.636+0000] {taskinstance.py:2076} INFO - Dependencies all met for dep_context=requeueable deps ti=<TaskInstance: era5_download_pipeline.era5_accum scheduled__2026-06-22T23:00:00+00:00 [queued]>
[2026-06-23T00:03:06.637+0000] {taskinstance.py:2306} INFO - Starting attempt 1 of 1
[2026-06-23T00:03:06.654+0000] {taskinstance.py:2330} INFO - Executing <Task(PythonOperator): era5_accum> on 2026-06-22 23:00:00+00:00
[2026-06-23T00:03:06.664+0000] {warnings.py:110} WARNING - /home/***/.local/lib/python3.12/site-packages/***/task/task_runner/standard_task_runner.py:61: DeprecationWarning: This process (pid=216452) is multi-threaded, use of fork() may lead to deadlocks in the child.
  pid = os.fork()

[2026-06-23T00:03:06.666+0000] {standard_task_runner.py:63} INFO - Started process 216454 to run task
[2026-06-23T00:03:06.666+0000] {standard_task_runner.py:90} INFO - Running: ['***', 'tasks', 'run', 'era5_download_pipeline', 'era5_accum', 'scheduled__2026-06-22T23:00:00+00:00', '--job-id', '2173', '--raw', '--subdir', 'DAGS_FOLDER/era5_dag.py', '--cfg-path', '/tmp/tmp5s127yjh']
[2026-06-23T00:03:06.669+0000] {standard_task_runner.py:91} INFO - Job 2173: Subtask era5_accum
[2026-06-23T00:03:06.749+0000] {task_command.py:426} INFO - Running <TaskInstance: era5_download_pipeline.era5_accum scheduled__2026-06-22T23:00:00+00:00 [running]> on host 01cd476fb21a
[2026-06-23T00:03:06.833+0000] {taskinstance.py:2648} INFO - Exporting env vars: AIRFLOW_CTX_DAG_OWNER='era5' AIRFLOW_CTX_DAG_ID='era5_download_pipeline' AIRFLOW_CTX_TASK_ID='era5_accum' AIRFLOW_CTX_EXECUTION_DATE='2026-06-22T23:00:00+00:00' AIRFLOW_CTX_TRY_NUMBER='1' AIRFLOW_CTX_DAG_RUN_ID='scheduled__2026-06-22T23:00:00+00:00'
[2026-06-23T00:03:06.836+0000] {taskinstance.py:430} INFO - ::endgroup::
[2026-06-23T00:03:07.869+0000] {logging_mixin.py:188} WARNING - 2026-06-23 00:03:07 [INFO] === START job=accum date=2026-06-22 ===
[2026-06-23T00:03:07.868+0000] {era5_functions.py:368} INFO - === START job=accum date=2026-06-22 ===
[2026-06-23T00:03:07.871+0000] {logging_mixin.py:188} WARNING - 2026-06-23 00:03:07 [INFO] --- job=accum date=20260622 ---
[2026-06-23T00:03:07.871+0000] {era5_functions.py:330} INFO - --- job=accum date=20260622 ---
[2026-06-23T00:03:08.473+0000] {logging_mixin.py:188} WARNING - 2026-06-23 00:03:08 [WARNING] get_cds_count failed: 400 Client Error: Bad Request for url: https://cds.climate.copernicus.eu/api/retrieve/v1/processes/reanalysis-era5-single-levels/execution
invalid request
None of the data you have requested is available yet, please revise the period requested. The latest date available for this dataset is: 2026-06-18 00:00
[2026-06-23T00:03:08.473+0000] {era5_functions.py:131} WARNING - get_cds_count failed: 400 Client Error: Bad Request for url: https://cds.climate.copernicus.eu/api/retrieve/v1/processes/reanalysis-era5-single-levels/execution
invalid request
None of the data you have requested is available yet, please revise the period requested. The latest date available for this dataset is: 2026-06-18 00:00
[2026-06-23T00:03:08.475+0000] {logging_mixin.py:188} WARNING - 2026-06-23 00:03:08 [WARNING] CDS ยังไม่มีข้อมูล job=accum date=20260622, skip
[2026-06-23T00:03:08.475+0000] {era5_functions.py:335} WARNING - CDS ยังไม่มีข้อมูล job=accum date=20260622, skip
[2026-06-23T00:03:08.476+0000] {logging_mixin.py:188} WARNING - 2026-06-23 00:03:08 [INFO] --- job=accum date=20260621 ---
[2026-06-23T00:03:08.476+0000] {era5_functions.py:330} INFO - --- job=accum date=20260621 ---
[2026-06-23T00:03:09.095+0000] {logging_mixin.py:188} WARNING - 2026-06-23 00:03:09 [WARNING] get_cds_count failed: 400 Client Error: Bad Request for url: https://cds.climate.copernicus.eu/api/retrieve/v1/processes/reanalysis-era5-single-levels/execution
invalid request
None of the data you have requested is available yet, please revise the period requested. The latest date available for this dataset is: 2026-06-18 00:00
[2026-06-23T00:03:09.095+0000] {era5_functions.py:131} WARNING - get_cds_count failed: 400 Client Error: Bad Request for url: https://cds.climate.copernicus.eu/api/retrieve/v1/processes/reanalysis-era5-single-levels/execution
invalid request
None of the data you have requested is available yet, please revise the period requested. The latest date available for this dataset is: 2026-06-18 00:00
[2026-06-23T00:03:09.097+0000] {logging_mixin.py:188} WARNING - 2026-06-23 00:03:09 [WARNING] CDS ยังไม่มีข้อมูล job=accum date=20260621, skip
[2026-06-23T00:03:09.097+0000] {era5_functions.py:335} WARNING - CDS ยังไม่มีข้อมูล job=accum date=20260621, skip
[2026-06-23T00:03:09.099+0000] {logging_mixin.py:188} WARNING - 2026-06-23 00:03:09 [INFO] --- job=accum date=20260620 ---
[2026-06-23T00:03:09.099+0000] {era5_functions.py:330} INFO - --- job=accum date=20260620 ---
[2026-06-23T00:03:09.673+0000] {logging_mixin.py:188} WARNING - 2026-06-23 00:03:09 [WARNING] get_cds_count failed: 400 Client Error: Bad Request for url: https://cds.climate.copernicus.eu/api/retrieve/v1/processes/reanalysis-era5-single-levels/execution
invalid request
None of the data you have requested is available yet, please revise the period requested. The latest date available for this dataset is: 2026-06-18 00:00
[2026-06-23T00:03:09.672+0000] {era5_functions.py:131} WARNING - get_cds_count failed: 400 Client Error: Bad Request for url: https://cds.climate.copernicus.eu/api/retrieve/v1/processes/reanalysis-era5-single-levels/execution
invalid request
None of the data you have requested is available yet, please revise the period requested. The latest date available for this dataset is: 2026-06-18 00:00
[2026-06-23T00:03:09.675+0000] {logging_mixin.py:188} WARNING - 2026-06-23 00:03:09 [WARNING] CDS ยังไม่มีข้อมูล job=accum date=20260620, skip
[2026-06-23T00:03:09.675+0000] {era5_functions.py:335} WARNING - CDS ยังไม่มีข้อมูล job=accum date=20260620, skip
[2026-06-23T00:03:09.677+0000] {logging_mixin.py:188} WARNING - 2026-06-23 00:03:09 [INFO] --- job=accum date=20260619 ---
[2026-06-23T00:03:09.676+0000] {era5_functions.py:330} INFO - --- job=accum date=20260619 ---
[2026-06-23T00:03:10.347+0000] {logging_mixin.py:188} WARNING - 2026-06-23 00:03:10 [WARNING] get_cds_count failed: 400 Client Error: Bad Request for url: https://cds.climate.copernicus.eu/api/retrieve/v1/processes/reanalysis-era5-single-levels/execution
invalid request
None of the data you have requested is available yet, please revise the period requested. The latest date available for this dataset is: 2026-06-18 00:00
[2026-06-23T00:03:10.346+0000] {era5_functions.py:131} WARNING - get_cds_count failed: 400 Client Error: Bad Request for url: https://cds.climate.copernicus.eu/api/retrieve/v1/processes/reanalysis-era5-single-levels/execution
invalid request
None of the data you have requested is available yet, please revise the period requested. The latest date available for this dataset is: 2026-06-18 00:00
[2026-06-23T00:03:10.351+0000] {logging_mixin.py:188} WARNING - 2026-06-23 00:03:10 [WARNING] CDS ยังไม่มีข้อมูล job=accum date=20260619, skip
[2026-06-23T00:03:10.351+0000] {era5_functions.py:335} WARNING - CDS ยังไม่มีข้อมูล job=accum date=20260619, skip
[2026-06-23T00:03:10.353+0000] {logging_mixin.py:188} WARNING - 2026-06-23 00:03:10 [INFO] --- job=accum date=20260618 ---
[2026-06-23T00:03:10.352+0000] {era5_functions.py:330} INFO - --- job=accum date=20260618 ---
[2026-06-23T00:03:11.569+0000] {logging_mixin.py:188} WARNING - 2026-06-23 00:03:11,569 INFO [2025-12-11T00:00:00] Please note that a dedicated catalogue entry for this dataset, post-processed and stored in Analysis Ready Cloud Optimized (ARCO) format (Zarr), is available for optimised time-series retrievals (i.e. for retrieving data from selected variables for a single point over an extended period of time in an efficient way). You can discover it [here](https://cds.climate.copernicus.eu/datasets/reanalysis-era5-single-levels-timeseries?tab=overview)
[2026-06-23T00:03:11.569+0000] {legacy_client.py:192} INFO - [2025-12-11T00:00:00] Please note that a dedicated catalogue entry for this dataset, post-processed and stored in Analysis Ready Cloud Optimized (ARCO) format (Zarr), is available for optimised time-series retrievals (i.e. for retrieving data from selected variables for a single point over an extended period of time in an efficient way). You can discover it [here](https://cds.climate.copernicus.eu/datasets/reanalysis-era5-single-levels-timeseries?tab=overview)
[2026-06-23T00:03:11.571+0000] {logging_mixin.py:188} WARNING - 2026-06-23 00:03:11,571 INFO Request ID is 62aabd70-2afb-46db-8627-f0fe0cc08df6
[2026-06-23T00:03:11.571+0000] {legacy_client.py:192} INFO - Request ID is 62aabd70-2afb-46db-8627-f0fe0cc08df6
[2026-06-23T00:03:11.785+0000] {logging_mixin.py:188} WARNING - 2026-06-23 00:03:11,785 INFO status has been updated to accepted
[2026-06-23T00:03:11.785+0000] {legacy_client.py:192} INFO - status has been updated to accepted
[2026-06-23T00:03:33.862+0000] {logging_mixin.py:188} WARNING - 2026-06-23 00:03:33,861 INFO status has been updated to successful
[2026-06-23T00:03:33.861+0000] {legacy_client.py:192} INFO - status has been updated to successful
[2026-06-23T00:03:34.299+0000] {base.py:119} INFO - Downloading https://object-store.os-api.cci2.ecmwf.int:443/cci2-prod-cache-1/2026-06-23/e7b3a4e1ff49b6d8f86548243d97bcd1.nc
[2026-06-23T00:03:34.991+0000] {logging_mixin.py:188} WARNING - e7b3a4e1ff49b6d8f86548243d97bcd1.nc:   0%|          | 0.00/40.2k [00:00<?, ?B/s]
[2026-06-23T00:03:35.978+0000] {logging_mixin.py:188} WARNING - e7b3a4e1ff49b6d8f86548243d97bcd1.nc: 100%|##########| 40.2k/40.2k [00:00<00:00, 41.8kB/s]
[2026-06-23T00:03:35.980+0000] {logging_mixin.py:188} WARNING -                                                                                          
[2026-06-23T00:03:36.209+0000] {logging_mixin.py:188} WARNING - 2026-06-23 00:03:36 [INFO] CDS timestep available: 1
[2026-06-23T00:03:36.209+0000] {era5_functions.py:128} INFO - CDS timestep available: 1
[2026-06-23T00:03:36.226+0000] {logging_mixin.py:188} WARNING - 2026-06-23 00:03:36 [INFO] download attempt 1/3: /opt/***/era5/ecmwf/data/nc/_raw/2026/06/18/accum_20260618.nc
[2026-06-23T00:03:36.226+0000] {era5_functions.py:200} INFO - download attempt 1/3: /opt/***/era5/ecmwf/data/nc/_raw/2026/06/18/accum_20260618.nc
[2026-06-23T00:03:37.680+0000] {logging_mixin.py:188} WARNING - 2026-06-23 00:03:37,680 INFO [2025-12-11T00:00:00] Please note that a dedicated catalogue entry for this dataset, post-processed and stored in Analysis Ready Cloud Optimized (ARCO) format (Zarr), is available for optimised time-series retrievals (i.e. for retrieving data from selected variables for a single point over an extended period of time in an efficient way). You can discover it [here](https://cds.climate.copernicus.eu/datasets/reanalysis-era5-single-levels-timeseries?tab=overview)
[2026-06-23T00:03:37.680+0000] {legacy_client.py:192} INFO - [2025-12-11T00:00:00] Please note that a dedicated catalogue entry for this dataset, post-processed and stored in Analysis Ready Cloud Optimized (ARCO) format (Zarr), is available for optimised time-series retrievals (i.e. for retrieving data from selected variables for a single point over an extended period of time in an efficient way). You can discover it [here](https://cds.climate.copernicus.eu/datasets/reanalysis-era5-single-levels-timeseries?tab=overview)
[2026-06-23T00:03:37.683+0000] {logging_mixin.py:188} WARNING - 2026-06-23 00:03:37,683 INFO Request ID is c0cd3ef7-7449-473f-a2d2-02ba0d23a5ff
[2026-06-23T00:03:37.683+0000] {legacy_client.py:192} INFO - Request ID is c0cd3ef7-7449-473f-a2d2-02ba0d23a5ff
[2026-06-23T00:03:37.882+0000] {logging_mixin.py:188} WARNING - 2026-06-23 00:03:37,882 INFO status has been updated to accepted
[2026-06-23T00:03:37.882+0000] {legacy_client.py:192} INFO - status has been updated to accepted
[2026-06-23T00:04:11.477+0000] {logging_mixin.py:188} WARNING - 2026-06-23 00:04:11,477 INFO status has been updated to successful
[2026-06-23T00:04:11.477+0000] {legacy_client.py:192} INFO - status has been updated to successful
[2026-06-23T00:04:11.886+0000] {base.py:119} INFO - Downloading https://object-store.os-api.cci2.ecmwf.int:443/cci2-prod-cache-2/2026-06-23/ca5397b21767f0a95a04dfae91ef7196.nc
[2026-06-23T00:04:12.556+0000] {logging_mixin.py:188} WARNING - ca5397b21767f0a95a04dfae91ef7196.nc:   0%|          | 0.00/40.2k [00:00<?, ?B/s]
[2026-06-23T00:04:13.546+0000] {logging_mixin.py:188} WARNING - ca5397b21767f0a95a04dfae91ef7196.nc: 100%|##########| 40.2k/40.2k [00:00<00:00, 41.6kB/s]
[2026-06-23T00:04:13.557+0000] {logging_mixin.py:188} WARNING -                                                                                          
[2026-06-23T00:04:13.630+0000] {logging_mixin.py:188} WARNING - 2026-06-23 00:04:13 [INFO] nc downloaded ok: /opt/***/era5/ecmwf/data/nc/_raw/2026/06/18/accum_20260618.nc
[2026-06-23T00:04:13.630+0000] {era5_functions.py:204} INFO - nc downloaded ok: /opt/***/era5/ecmwf/data/nc/_raw/2026/06/18/accum_20260618.nc
[2026-06-23T00:04:13.678+0000] {logging_mixin.py:188} WARNING - 2026-06-23 00:04:13 [INFO] local timestep: 1 — /opt/***/era5/ecmwf/data/nc/_raw/2026/06/18/accum_20260618.nc
[2026-06-23T00:04:13.678+0000] {era5_functions.py:152} INFO - local timestep: 1 — /opt/***/era5/ecmwf/data/nc/_raw/2026/06/18/accum_20260618.nc
[2026-06-23T00:04:13.791+0000] {logging_mixin.py:188} WARNING - 2026-06-23 00:04:13 [INFO] tif ok (bands=1): /opt/***/era5/ecmwf/data/tif/2026/06/18/tp_20260618.tif
[2026-06-23T00:04:13.791+0000] {era5_functions.py:304} INFO - tif ok (bands=1): /opt/***/era5/ecmwf/data/tif/2026/06/18/tp_20260618.tif
[2026-06-23T00:04:13.796+0000] {logging_mixin.py:188} WARNING - 2026-06-23 00:04:13 [INFO] --- job=accum date=20260617 ---
[2026-06-23T00:04:13.796+0000] {era5_functions.py:330} INFO - --- job=accum date=20260617 ---
[2026-06-23T00:04:15.084+0000] {logging_mixin.py:188} WARNING - 2026-06-23 00:04:15,084 INFO [2025-12-11T00:00:00] Please note that a dedicated catalogue entry for this dataset, post-processed and stored in Analysis Ready Cloud Optimized (ARCO) format (Zarr), is available for optimised time-series retrievals (i.e. for retrieving data from selected variables for a single point over an extended period of time in an efficient way). You can discover it [here](https://cds.climate.copernicus.eu/datasets/reanalysis-era5-single-levels-timeseries?tab=overview)
[2026-06-23T00:04:15.084+0000] {legacy_client.py:192} INFO - [2025-12-11T00:00:00] Please note that a dedicated catalogue entry for this dataset, post-processed and stored in Analysis Ready Cloud Optimized (ARCO) format (Zarr), is available for optimised time-series retrievals (i.e. for retrieving data from selected variables for a single point over an extended period of time in an efficient way). You can discover it [here](https://cds.climate.copernicus.eu/datasets/reanalysis-era5-single-levels-timeseries?tab=overview)
[2026-06-23T00:04:15.086+0000] {logging_mixin.py:188} WARNING - 2026-06-23 00:04:15,086 INFO Request ID is 30b8cd83-9285-4d3f-896a-2e8f56791fb7
[2026-06-23T00:04:15.086+0000] {legacy_client.py:192} INFO - Request ID is 30b8cd83-9285-4d3f-896a-2e8f56791fb7
[2026-06-23T00:04:15.298+0000] {logging_mixin.py:188} WARNING - 2026-06-23 00:04:15,298 INFO status has been updated to accepted
[2026-06-23T00:04:15.298+0000] {legacy_client.py:192} INFO - status has been updated to accepted
[2026-06-23T00:04:29.579+0000] {logging_mixin.py:188} WARNING - 2026-06-23 00:04:29,578 INFO status has been updated to running
[2026-06-23T00:04:29.578+0000] {legacy_client.py:192} INFO - status has been updated to running
[2026-06-23T00:04:48.999+0000] {logging_mixin.py:188} WARNING - 2026-06-23 00:04:48,999 INFO status has been updated to successful
[2026-06-23T00:04:48.999+0000] {legacy_client.py:192} INFO - status has been updated to successful
[2026-06-23T00:04:49.503+0000] {base.py:119} INFO - Downloading https://object-store.os-api.cci2.ecmwf.int:443/cci2-prod-cache-3/2026-06-23/b278815690e3b50c34733fd38b2641bc.nc
[2026-06-23T00:04:50.189+0000] {logging_mixin.py:188} WARNING - b278815690e3b50c34733fd38b2641bc.nc:   0%|          | 0.00/352k [00:00<?, ?B/s]
[2026-06-23T00:04:51.932+0000] {logging_mixin.py:188} WARNING - b278815690e3b50c34733fd38b2641bc.nc: 100%|##########| 352k/352k [00:01<00:00, 207kB/s]
[2026-06-23T00:04:51.935+0000] {logging_mixin.py:188} WARNING -                                                                                       
[2026-06-23T00:04:51.949+0000] {logging_mixin.py:188} WARNING - 2026-06-23 00:04:51 [INFO] CDS timestep available: 24
[2026-06-23T00:04:51.949+0000] {era5_functions.py:128} INFO - CDS timestep available: 24
[2026-06-23T00:04:52.017+0000] {logging_mixin.py:188} WARNING - 2026-06-23 00:04:52 [INFO] local timestep: 24 — /opt/***/era5/ecmwf/data/nc/_raw/2026/06/17/accum_20260617.nc
[2026-06-23T00:04:52.017+0000] {era5_functions.py:152} INFO - local timestep: 24 — /opt/***/era5/ecmwf/data/nc/_raw/2026/06/17/accum_20260617.nc
[2026-06-23T00:04:52.020+0000] {logging_mixin.py:188} WARNING - 2026-06-23 00:04:52 [INFO] nc up-to-date (local=24, cds=24): /opt/***/era5/ecmwf/data/nc/_raw/2026/06/17/accum_20260617.nc
[2026-06-23T00:04:52.020+0000] {era5_functions.py:189} INFO - nc up-to-date (local=24, cds=24): /opt/***/era5/ecmwf/data/nc/_raw/2026/06/17/accum_20260617.nc
[2026-06-23T00:04:52.074+0000] {logging_mixin.py:188} WARNING - 2026-06-23 00:04:52 [INFO] local timestep: 24 — /opt/***/era5/ecmwf/data/nc/_raw/2026/06/17/accum_20260617.nc
[2026-06-23T00:04:52.073+0000] {era5_functions.py:152} INFO - local timestep: 24 — /opt/***/era5/ecmwf/data/nc/_raw/2026/06/17/accum_20260617.nc
[2026-06-23T00:04:52.146+0000] {logging_mixin.py:188} WARNING - 2026-06-23 00:04:52 [INFO] tif up-to-date (tif=24, nc=24), skip: /opt/***/era5/ecmwf/data/tif/2026/06/17/tp_20260617.tif
[2026-06-23T00:04:52.145+0000] {era5_functions.py:256} INFO - tif up-to-date (tif=24, nc=24), skip: /opt/***/era5/ecmwf/data/tif/2026/06/17/tp_20260617.tif
[2026-06-23T00:04:52.152+0000] {logging_mixin.py:188} WARNING - 2026-06-23 00:04:52 [INFO] === END job=accum date=2026-06-22 ===
[2026-06-23T00:04:52.151+0000] {era5_functions.py:379} INFO - === END job=accum date=2026-06-22 ===
[2026-06-23T00:04:52.154+0000] {python.py:237} INFO - Done. Returned value was: None
[2026-06-23T00:04:52.155+0000] {taskinstance.py:441} INFO - ::group::Post task execution logs
[2026-06-23T00:04:52.177+0000] {taskinstance.py:1206} INFO - Marking task as SUCCESS. dag_id=era5_download_pipeline, task_id=era5_accum, run_id=scheduled__2026-06-22T23:00:00+00:00, execution_date=20260622T230000, start_date=20260623T000306, end_date=20260623T000452
[2026-06-23T00:04:52.271+0000] {local_task_job_runner.py:240} INFO - Task exited with return code 0
[2026-06-23T00:04:52.299+0000] {taskinstance.py:3498} INFO - 0 downstream tasks scheduled from follow-on schedule check
[2026-06-23T00:04:52.302+0000] {local_task_job_runner.py:222} INFO - ::endgroup::
