[2026-06-20T04:00:02.082+0000] {local_task_job_runner.py:120} INFO - ::group::Pre task execution logs
[2026-06-20T04:00:02.118+0000] {taskinstance.py:2076} INFO - Dependencies all met for dep_context=non-requeueable deps ti=<TaskInstance: era5_download_pipeline.era5_instant scheduled__2026-06-20T03:00:00+00:00 [queued]>
[2026-06-20T04:00:02.132+0000] {taskinstance.py:2076} INFO - Dependencies all met for dep_context=requeueable deps ti=<TaskInstance: era5_download_pipeline.era5_instant scheduled__2026-06-20T03:00:00+00:00 [queued]>
[2026-06-20T04:00:02.134+0000] {taskinstance.py:2306} INFO - Starting attempt 1 of 1
[2026-06-20T04:00:02.151+0000] {taskinstance.py:2330} INFO - Executing <Task(PythonOperator): era5_instant> on 2026-06-20 03:00:00+00:00
[2026-06-20T04:00:02.164+0000] {warnings.py:110} WARNING - /home/***/.local/lib/python3.12/site-packages/***/task/task_runner/standard_task_runner.py:61: DeprecationWarning: This process (pid=164022) is multi-threaded, use of fork() may lead to deadlocks in the child.
  pid = os.fork()

[2026-06-20T04:00:02.167+0000] {standard_task_runner.py:63} INFO - Started process 164026 to run task
[2026-06-20T04:00:02.170+0000] {standard_task_runner.py:90} INFO - Running: ['***', 'tasks', 'run', 'era5_download_pipeline', 'era5_instant', 'scheduled__2026-06-20T03:00:00+00:00', '--job-id', '1964', '--raw', '--subdir', 'DAGS_FOLDER/era5_dag.py', '--cfg-path', '/tmp/tmp2gi_d7xe']
[2026-06-20T04:00:02.174+0000] {standard_task_runner.py:91} INFO - Job 1964: Subtask era5_instant
[2026-06-20T04:00:02.263+0000] {task_command.py:426} INFO - Running <TaskInstance: era5_download_pipeline.era5_instant scheduled__2026-06-20T03:00:00+00:00 [running]> on host 01cd476fb21a
[2026-06-20T04:00:02.394+0000] {taskinstance.py:2648} INFO - Exporting env vars: AIRFLOW_CTX_DAG_OWNER='era5' AIRFLOW_CTX_DAG_ID='era5_download_pipeline' AIRFLOW_CTX_TASK_ID='era5_instant' AIRFLOW_CTX_EXECUTION_DATE='2026-06-20T03:00:00+00:00' AIRFLOW_CTX_TRY_NUMBER='1' AIRFLOW_CTX_DAG_RUN_ID='scheduled__2026-06-20T03:00:00+00:00'
[2026-06-20T04:00:02.397+0000] {taskinstance.py:430} INFO - ::endgroup::
[2026-06-20T04:00:03.446+0000] {logging_mixin.py:188} WARNING - 2026-06-20 04:00:03 [INFO] === START job=instant date=2026-06-20 ===
[2026-06-20T04:00:03.446+0000] {era5_functions.py:368} INFO - === START job=instant date=2026-06-20 ===
[2026-06-20T04:00:03.448+0000] {logging_mixin.py:188} WARNING - 2026-06-20 04:00:03 [INFO] --- job=instant date=20260620 ---
[2026-06-20T04:00:03.448+0000] {era5_functions.py:330} INFO - --- job=instant date=20260620 ---
[2026-06-20T04:00:04.766+0000] {logging_mixin.py:188} WARNING - 2026-06-20 04:00:04 [WARNING] get_cds_count failed: 400 Client Error: Bad Request for url: https://cds.climate.copernicus.eu/api/retrieve/v1/processes/reanalysis-era5-single-levels/execution
invalid request
None of the data you have requested is available yet, please revise the period requested. The latest date available for this dataset is: 2026-06-15 04:00
[2026-06-20T04:00:04.765+0000] {era5_functions.py:131} WARNING - get_cds_count failed: 400 Client Error: Bad Request for url: https://cds.climate.copernicus.eu/api/retrieve/v1/processes/reanalysis-era5-single-levels/execution
invalid request
None of the data you have requested is available yet, please revise the period requested. The latest date available for this dataset is: 2026-06-15 04:00
[2026-06-20T04:00:04.770+0000] {logging_mixin.py:188} WARNING - 2026-06-20 04:00:04 [WARNING] CDS ยังไม่มีข้อมูล job=instant date=20260620, skip
[2026-06-20T04:00:04.770+0000] {era5_functions.py:335} WARNING - CDS ยังไม่มีข้อมูล job=instant date=20260620, skip
[2026-06-20T04:00:04.774+0000] {logging_mixin.py:188} WARNING - 2026-06-20 04:00:04 [INFO] --- job=instant date=20260619 ---
[2026-06-20T04:00:04.774+0000] {era5_functions.py:330} INFO - --- job=instant date=20260619 ---
[2026-06-20T04:00:05.466+0000] {logging_mixin.py:188} WARNING - 2026-06-20 04:00:05 [WARNING] get_cds_count failed: 400 Client Error: Bad Request for url: https://cds.climate.copernicus.eu/api/retrieve/v1/processes/reanalysis-era5-single-levels/execution
invalid request
None of the data you have requested is available yet, please revise the period requested. The latest date available for this dataset is: 2026-06-15 04:00
[2026-06-20T04:00:05.466+0000] {era5_functions.py:131} WARNING - get_cds_count failed: 400 Client Error: Bad Request for url: https://cds.climate.copernicus.eu/api/retrieve/v1/processes/reanalysis-era5-single-levels/execution
invalid request
None of the data you have requested is available yet, please revise the period requested. The latest date available for this dataset is: 2026-06-15 04:00
[2026-06-20T04:00:05.470+0000] {logging_mixin.py:188} WARNING - 2026-06-20 04:00:05 [WARNING] CDS ยังไม่มีข้อมูล job=instant date=20260619, skip
[2026-06-20T04:00:05.470+0000] {era5_functions.py:335} WARNING - CDS ยังไม่มีข้อมูล job=instant date=20260619, skip
[2026-06-20T04:00:05.473+0000] {logging_mixin.py:188} WARNING - 2026-06-20 04:00:05 [INFO] --- job=instant date=20260618 ---
[2026-06-20T04:00:05.473+0000] {era5_functions.py:330} INFO - --- job=instant date=20260618 ---
[2026-06-20T04:00:07.436+0000] {logging_mixin.py:188} WARNING - 2026-06-20 04:00:07 [WARNING] get_cds_count failed: 400 Client Error: Bad Request for url: https://cds.climate.copernicus.eu/api/retrieve/v1/processes/reanalysis-era5-single-levels/execution
invalid request
None of the data you have requested is available yet, please revise the period requested. The latest date available for this dataset is: 2026-06-15 04:00
[2026-06-20T04:00:07.436+0000] {era5_functions.py:131} WARNING - get_cds_count failed: 400 Client Error: Bad Request for url: https://cds.climate.copernicus.eu/api/retrieve/v1/processes/reanalysis-era5-single-levels/execution
invalid request
None of the data you have requested is available yet, please revise the period requested. The latest date available for this dataset is: 2026-06-15 04:00
[2026-06-20T04:00:07.439+0000] {logging_mixin.py:188} WARNING - 2026-06-20 04:00:07 [WARNING] CDS ยังไม่มีข้อมูล job=instant date=20260618, skip
[2026-06-20T04:00:07.439+0000] {era5_functions.py:335} WARNING - CDS ยังไม่มีข้อมูล job=instant date=20260618, skip
[2026-06-20T04:00:07.442+0000] {logging_mixin.py:188} WARNING - 2026-06-20 04:00:07 [INFO] --- job=instant date=20260617 ---
[2026-06-20T04:00:07.442+0000] {era5_functions.py:330} INFO - --- job=instant date=20260617 ---
[2026-06-20T04:00:08.029+0000] {logging_mixin.py:188} WARNING - 2026-06-20 04:00:08 [WARNING] get_cds_count failed: 400 Client Error: Bad Request for url: https://cds.climate.copernicus.eu/api/retrieve/v1/processes/reanalysis-era5-single-levels/execution
invalid request
None of the data you have requested is available yet, please revise the period requested. The latest date available for this dataset is: 2026-06-15 04:00
[2026-06-20T04:00:08.028+0000] {era5_functions.py:131} WARNING - get_cds_count failed: 400 Client Error: Bad Request for url: https://cds.climate.copernicus.eu/api/retrieve/v1/processes/reanalysis-era5-single-levels/execution
invalid request
None of the data you have requested is available yet, please revise the period requested. The latest date available for this dataset is: 2026-06-15 04:00
[2026-06-20T04:00:08.036+0000] {logging_mixin.py:188} WARNING - 2026-06-20 04:00:08 [WARNING] CDS ยังไม่มีข้อมูล job=instant date=20260617, skip
[2026-06-20T04:00:08.036+0000] {era5_functions.py:335} WARNING - CDS ยังไม่มีข้อมูล job=instant date=20260617, skip
[2026-06-20T04:00:08.040+0000] {logging_mixin.py:188} WARNING - 2026-06-20 04:00:08 [INFO] --- job=instant date=20260616 ---
[2026-06-20T04:00:08.040+0000] {era5_functions.py:330} INFO - --- job=instant date=20260616 ---
[2026-06-20T04:00:08.455+0000] {logging_mixin.py:188} WARNING - 2026-06-20 04:00:08 [WARNING] get_cds_count failed: 400 Client Error: Bad Request for url: https://cds.climate.copernicus.eu/api/retrieve/v1/processes/reanalysis-era5-single-levels/execution
invalid request
None of the data you have requested is available yet, please revise the period requested. The latest date available for this dataset is: 2026-06-15 04:00
[2026-06-20T04:00:08.454+0000] {era5_functions.py:131} WARNING - get_cds_count failed: 400 Client Error: Bad Request for url: https://cds.climate.copernicus.eu/api/retrieve/v1/processes/reanalysis-era5-single-levels/execution
invalid request
None of the data you have requested is available yet, please revise the period requested. The latest date available for this dataset is: 2026-06-15 04:00
[2026-06-20T04:00:08.457+0000] {logging_mixin.py:188} WARNING - 2026-06-20 04:00:08 [WARNING] CDS ยังไม่มีข้อมูล job=instant date=20260616, skip
[2026-06-20T04:00:08.457+0000] {era5_functions.py:335} WARNING - CDS ยังไม่มีข้อมูล job=instant date=20260616, skip
[2026-06-20T04:00:08.459+0000] {logging_mixin.py:188} WARNING - 2026-06-20 04:00:08 [INFO] --- job=instant date=20260615 ---
[2026-06-20T04:00:08.459+0000] {era5_functions.py:330} INFO - --- job=instant date=20260615 ---
[2026-06-20T04:00:09.037+0000] {logging_mixin.py:188} WARNING - 2026-06-20 04:00:09,036 INFO [2025-12-11T00:00:00] Please note that a dedicated catalogue entry for this dataset, post-processed and stored in Analysis Ready Cloud Optimized (ARCO) format (Zarr), is available for optimised time-series retrievals (i.e. for retrieving data from selected variables for a single point over an extended period of time in an efficient way). You can discover it [here](https://cds.climate.copernicus.eu/datasets/reanalysis-era5-single-levels-timeseries?tab=overview)
[2026-06-20T04:00:09.036+0000] {legacy_client.py:192} INFO - [2025-12-11T00:00:00] Please note that a dedicated catalogue entry for this dataset, post-processed and stored in Analysis Ready Cloud Optimized (ARCO) format (Zarr), is available for optimised time-series retrievals (i.e. for retrieving data from selected variables for a single point over an extended period of time in an efficient way). You can discover it [here](https://cds.climate.copernicus.eu/datasets/reanalysis-era5-single-levels-timeseries?tab=overview)
[2026-06-20T04:00:09.042+0000] {logging_mixin.py:188} WARNING - 2026-06-20 04:00:09,041 INFO Request ID is 7ef72c18-e11a-4675-9b87-1f2dff1bda02
[2026-06-20T04:00:09.041+0000] {legacy_client.py:192} INFO - Request ID is 7ef72c18-e11a-4675-9b87-1f2dff1bda02
[2026-06-20T04:00:09.292+0000] {logging_mixin.py:188} WARNING - 2026-06-20 04:00:09,292 INFO status has been updated to accepted
[2026-06-20T04:00:09.292+0000] {legacy_client.py:192} INFO - status has been updated to accepted
[2026-06-20T04:00:31.342+0000] {logging_mixin.py:188} WARNING - 2026-06-20 04:00:31,341 INFO status has been updated to running
[2026-06-20T04:00:31.341+0000] {legacy_client.py:192} INFO - status has been updated to running
[2026-06-20T04:00:42.972+0000] {logging_mixin.py:188} WARNING - 2026-06-20 04:00:42,971 INFO status has been updated to successful
[2026-06-20T04:00:42.971+0000] {legacy_client.py:192} INFO - status has been updated to successful
[2026-06-20T04:00:45.446+0000] {base.py:119} INFO - Downloading https://object-store.os-api.cci2.ecmwf.int:443/cci2-prod-cache-3/2026-06-20/1bb0b19b41cf29fcbfa79b7e50f5bc1.nc
[2026-06-20T04:00:46.128+0000] {logging_mixin.py:188} WARNING - 1bb0b19b41cf29fcbfa79b7e50f5bc1.nc:   0%|          | 0.00/609k [00:00<?, ?B/s]
[2026-06-20T04:00:48.116+0000] {logging_mixin.py:188} WARNING - 1bb0b19b41cf29fcbfa79b7e50f5bc1.nc: 100%|##########| 609k/609k [00:01<00:00, 314kB/s]
[2026-06-20T04:00:48.120+0000] {logging_mixin.py:188} WARNING -                                                                                      
[2026-06-20T04:00:48.417+0000] {logging_mixin.py:188} WARNING - 2026-06-20 04:00:48 [INFO] CDS timestep available: 5
[2026-06-20T04:00:48.417+0000] {era5_functions.py:128} INFO - CDS timestep available: 5
[2026-06-20T04:00:48.507+0000] {logging_mixin.py:188} WARNING - 2026-06-20 04:00:48 [INFO] local timestep: 4 — /opt/***/era5/ecmwf/data/nc/_raw/2026/06/15/instant_20260615.nc
[2026-06-20T04:00:48.507+0000] {era5_functions.py:152} INFO - local timestep: 4 — /opt/***/era5/ecmwf/data/nc/_raw/2026/06/15/instant_20260615.nc
[2026-06-20T04:00:48.516+0000] {logging_mixin.py:188} WARNING - 2026-06-20 04:00:48 [INFO] nc outdated (local=4 < cds=5), removing: /opt/***/era5/ecmwf/data/nc/_raw/2026/06/15/instant_20260615.nc
[2026-06-20T04:00:48.516+0000] {era5_functions.py:193} INFO - nc outdated (local=4 < cds=5), removing: /opt/***/era5/ecmwf/data/nc/_raw/2026/06/15/instant_20260615.nc
[2026-06-20T04:00:48.537+0000] {logging_mixin.py:188} WARNING - 2026-06-20 04:00:48 [INFO] download attempt 1/3: /opt/***/era5/ecmwf/data/nc/_raw/2026/06/15/instant_20260615.nc
[2026-06-20T04:00:48.537+0000] {era5_functions.py:200} INFO - download attempt 1/3: /opt/***/era5/ecmwf/data/nc/_raw/2026/06/15/instant_20260615.nc
[2026-06-20T04:00:49.343+0000] {logging_mixin.py:188} WARNING - 2026-06-20 04:00:49,343 INFO [2025-12-11T00:00:00] Please note that a dedicated catalogue entry for this dataset, post-processed and stored in Analysis Ready Cloud Optimized (ARCO) format (Zarr), is available for optimised time-series retrievals (i.e. for retrieving data from selected variables for a single point over an extended period of time in an efficient way). You can discover it [here](https://cds.climate.copernicus.eu/datasets/reanalysis-era5-single-levels-timeseries?tab=overview)
[2026-06-20T04:00:49.343+0000] {legacy_client.py:192} INFO - [2025-12-11T00:00:00] Please note that a dedicated catalogue entry for this dataset, post-processed and stored in Analysis Ready Cloud Optimized (ARCO) format (Zarr), is available for optimised time-series retrievals (i.e. for retrieving data from selected variables for a single point over an extended period of time in an efficient way). You can discover it [here](https://cds.climate.copernicus.eu/datasets/reanalysis-era5-single-levels-timeseries?tab=overview)
[2026-06-20T04:00:49.348+0000] {logging_mixin.py:188} WARNING - 2026-06-20 04:00:49,348 INFO Request ID is d1e5721b-c3c5-4ed3-8b45-652558883a09
[2026-06-20T04:00:49.348+0000] {legacy_client.py:192} INFO - Request ID is d1e5721b-c3c5-4ed3-8b45-652558883a09
[2026-06-20T04:00:49.554+0000] {logging_mixin.py:188} WARNING - 2026-06-20 04:00:49,553 INFO status has been updated to accepted
[2026-06-20T04:00:49.553+0000] {legacy_client.py:192} INFO - status has been updated to accepted
[2026-06-20T04:01:03.804+0000] {logging_mixin.py:188} WARNING - 2026-06-20 04:01:03,804 INFO status has been updated to running
[2026-06-20T04:01:03.804+0000] {legacy_client.py:192} INFO - status has been updated to running
[2026-06-20T04:01:11.608+0000] {logging_mixin.py:188} WARNING - 2026-06-20 04:01:11,607 INFO status has been updated to successful
[2026-06-20T04:01:11.607+0000] {legacy_client.py:192} INFO - status has been updated to successful
[2026-06-20T04:01:12.999+0000] {base.py:119} INFO - Downloading https://object-store.os-api.cci2.ecmwf.int:443/cci2-prod-cache-1/2026-06-20/53e55578e02649d158498f84a11320c7.nc
[2026-06-20T04:01:13.655+0000] {logging_mixin.py:188} WARNING - 53e55578e02649d158498f84a11320c7.nc:   0%|          | 0.00/609k [00:00<?, ?B/s]
[2026-06-20T04:01:15.583+0000] {logging_mixin.py:188} WARNING - 53e55578e02649d158498f84a11320c7.nc: 100%|##########| 609k/609k [00:01<00:00, 324kB/s]
[2026-06-20T04:01:15.604+0000] {logging_mixin.py:188} WARNING -                                                                                       
[2026-06-20T04:01:15.744+0000] {logging_mixin.py:188} WARNING - 2026-06-20 04:01:15 [INFO] nc downloaded ok: /opt/***/era5/ecmwf/data/nc/_raw/2026/06/15/instant_20260615.nc
[2026-06-20T04:01:15.743+0000] {era5_functions.py:204} INFO - nc downloaded ok: /opt/***/era5/ecmwf/data/nc/_raw/2026/06/15/instant_20260615.nc
[2026-06-20T04:01:15.822+0000] {logging_mixin.py:188} WARNING - 2026-06-20 04:01:15 [INFO] local timestep: 5 — /opt/***/era5/ecmwf/data/nc/_raw/2026/06/15/instant_20260615.nc
[2026-06-20T04:01:15.822+0000] {era5_functions.py:152} INFO - local timestep: 5 — /opt/***/era5/ecmwf/data/nc/_raw/2026/06/15/instant_20260615.nc
[2026-06-20T04:01:15.924+0000] {logging_mixin.py:188} WARNING - 2026-06-20 04:01:15 [INFO] tif outdated (tif=4 < nc=5), removing: /opt/***/era5/ecmwf/data/tif/2026/06/15/t2m_20260615.tif
[2026-06-20T04:01:15.924+0000] {era5_functions.py:261} INFO - tif outdated (tif=4 < nc=5), removing: /opt/***/era5/ecmwf/data/tif/2026/06/15/t2m_20260615.tif
[2026-06-20T04:01:16.016+0000] {logging_mixin.py:188} WARNING - 2026-06-20 04:01:16 [INFO] tif ok (bands=5): /opt/***/era5/ecmwf/data/tif/2026/06/15/t2m_20260615.tif
[2026-06-20T04:01:16.016+0000] {era5_functions.py:304} INFO - tif ok (bands=5): /opt/***/era5/ecmwf/data/tif/2026/06/15/t2m_20260615.tif
[2026-06-20T04:01:16.037+0000] {logging_mixin.py:188} WARNING - 2026-06-20 04:01:16 [INFO] tif outdated (tif=4 < nc=5), removing: /opt/***/era5/ecmwf/data/tif/2026/06/15/d2m_20260615.tif
[2026-06-20T04:01:16.037+0000] {era5_functions.py:261} INFO - tif outdated (tif=4 < nc=5), removing: /opt/***/era5/ecmwf/data/tif/2026/06/15/d2m_20260615.tif
[2026-06-20T04:01:16.122+0000] {logging_mixin.py:188} WARNING - 2026-06-20 04:01:16 [INFO] tif ok (bands=5): /opt/***/era5/ecmwf/data/tif/2026/06/15/d2m_20260615.tif
[2026-06-20T04:01:16.122+0000] {era5_functions.py:304} INFO - tif ok (bands=5): /opt/***/era5/ecmwf/data/tif/2026/06/15/d2m_20260615.tif
[2026-06-20T04:01:16.139+0000] {logging_mixin.py:188} WARNING - 2026-06-20 04:01:16 [INFO] tif outdated (tif=4 < nc=5), removing: /opt/***/era5/ecmwf/data/tif/2026/06/15/sp_20260615.tif
[2026-06-20T04:01:16.139+0000] {era5_functions.py:261} INFO - tif outdated (tif=4 < nc=5), removing: /opt/***/era5/ecmwf/data/tif/2026/06/15/sp_20260615.tif
[2026-06-20T04:01:16.214+0000] {logging_mixin.py:188} WARNING - 2026-06-20 04:01:16 [INFO] tif ok (bands=5): /opt/***/era5/ecmwf/data/tif/2026/06/15/sp_20260615.tif
[2026-06-20T04:01:16.213+0000] {era5_functions.py:304} INFO - tif ok (bands=5): /opt/***/era5/ecmwf/data/tif/2026/06/15/sp_20260615.tif
[2026-06-20T04:01:16.231+0000] {logging_mixin.py:188} WARNING - 2026-06-20 04:01:16 [INFO] tif outdated (tif=4 < nc=5), removing: /opt/***/era5/ecmwf/data/tif/2026/06/15/blh_20260615.tif
[2026-06-20T04:01:16.231+0000] {era5_functions.py:261} INFO - tif outdated (tif=4 < nc=5), removing: /opt/***/era5/ecmwf/data/tif/2026/06/15/blh_20260615.tif
[2026-06-20T04:01:16.306+0000] {logging_mixin.py:188} WARNING - 2026-06-20 04:01:16 [INFO] tif ok (bands=5): /opt/***/era5/ecmwf/data/tif/2026/06/15/blh_20260615.tif
[2026-06-20T04:01:16.306+0000] {era5_functions.py:304} INFO - tif ok (bands=5): /opt/***/era5/ecmwf/data/tif/2026/06/15/blh_20260615.tif
[2026-06-20T04:01:16.322+0000] {logging_mixin.py:188} WARNING - 2026-06-20 04:01:16 [INFO] tif outdated (tif=4 < nc=5), removing: /opt/***/era5/ecmwf/data/tif/2026/06/15/u10_20260615.tif
[2026-06-20T04:01:16.322+0000] {era5_functions.py:261} INFO - tif outdated (tif=4 < nc=5), removing: /opt/***/era5/ecmwf/data/tif/2026/06/15/u10_20260615.tif
[2026-06-20T04:01:16.401+0000] {logging_mixin.py:188} WARNING - 2026-06-20 04:01:16 [INFO] tif ok (bands=5): /opt/***/era5/ecmwf/data/tif/2026/06/15/u10_20260615.tif
[2026-06-20T04:01:16.401+0000] {era5_functions.py:304} INFO - tif ok (bands=5): /opt/***/era5/ecmwf/data/tif/2026/06/15/u10_20260615.tif
[2026-06-20T04:01:16.421+0000] {logging_mixin.py:188} WARNING - 2026-06-20 04:01:16 [INFO] tif outdated (tif=4 < nc=5), removing: /opt/***/era5/ecmwf/data/tif/2026/06/15/v10_20260615.tif
[2026-06-20T04:01:16.421+0000] {era5_functions.py:261} INFO - tif outdated (tif=4 < nc=5), removing: /opt/***/era5/ecmwf/data/tif/2026/06/15/v10_20260615.tif
[2026-06-20T04:01:16.506+0000] {logging_mixin.py:188} WARNING - 2026-06-20 04:01:16 [INFO] tif ok (bands=5): /opt/***/era5/ecmwf/data/tif/2026/06/15/v10_20260615.tif
[2026-06-20T04:01:16.506+0000] {era5_functions.py:304} INFO - tif ok (bands=5): /opt/***/era5/ecmwf/data/tif/2026/06/15/v10_20260615.tif
[2026-06-20T04:01:16.511+0000] {logging_mixin.py:188} WARNING - 2026-06-20 04:01:16 [INFO] === END job=instant date=2026-06-20 ===
[2026-06-20T04:01:16.511+0000] {era5_functions.py:379} INFO - === END job=instant date=2026-06-20 ===
[2026-06-20T04:01:16.513+0000] {python.py:237} INFO - Done. Returned value was: None
[2026-06-20T04:01:16.514+0000] {taskinstance.py:441} INFO - ::group::Post task execution logs
[2026-06-20T04:01:16.543+0000] {taskinstance.py:1206} INFO - Marking task as SUCCESS. dag_id=era5_download_pipeline, task_id=era5_instant, run_id=scheduled__2026-06-20T03:00:00+00:00, execution_date=20260620T030000, start_date=20260620T040002, end_date=20260620T040116
[2026-06-20T04:01:16.629+0000] {local_task_job_runner.py:240} INFO - Task exited with return code 0
[2026-06-20T04:01:16.661+0000] {taskinstance.py:3498} INFO - 1 downstream tasks scheduled from follow-on schedule check
[2026-06-20T04:01:16.665+0000] {local_task_job_runner.py:222} INFO - ::endgroup::
