[2026-07-19T18:00:02.053+0000] {local_task_job_runner.py:120} INFO - ::group::Pre task execution logs
[2026-07-19T18:00:02.079+0000] {taskinstance.py:2076} INFO - Dependencies all met for dep_context=non-requeueable deps ti=<TaskInstance: era5_download_pipeline.era5_instant scheduled__2026-07-19T17:00:00+00:00 [queued]>
[2026-07-19T18:00:02.088+0000] {taskinstance.py:2076} INFO - Dependencies all met for dep_context=requeueable deps ti=<TaskInstance: era5_download_pipeline.era5_instant scheduled__2026-07-19T17:00:00+00:00 [queued]>
[2026-07-19T18:00:02.090+0000] {taskinstance.py:2306} INFO - Starting attempt 1 of 1
[2026-07-19T18:00:02.105+0000] {taskinstance.py:2330} INFO - Executing <Task(PythonOperator): era5_instant> on 2026-07-19 17:00:00+00:00
[2026-07-19T18:00:02.120+0000] {warnings.py:110} WARNING - /home/***/.local/lib/python3.12/site-packages/***/task/task_runner/standard_task_runner.py:61: DeprecationWarning: This process (pid=48057) is multi-threaded, use of fork() may lead to deadlocks in the child.
  pid = os.fork()

[2026-07-19T18:00:02.124+0000] {standard_task_runner.py:63} INFO - Started process 48059 to run task
[2026-07-19T18:00:02.126+0000] {standard_task_runner.py:90} INFO - Running: ['***', 'tasks', 'run', 'era5_download_pipeline', 'era5_instant', 'scheduled__2026-07-19T17:00:00+00:00', '--job-id', '2404', '--raw', '--subdir', 'DAGS_FOLDER/era5_dag.py', '--cfg-path', '/tmp/tmpgtw5j38f']
[2026-07-19T18:00:02.130+0000] {standard_task_runner.py:91} INFO - Job 2404: Subtask era5_instant
[2026-07-19T18:00:02.214+0000] {task_command.py:426} INFO - Running <TaskInstance: era5_download_pipeline.era5_instant scheduled__2026-07-19T17:00:00+00:00 [running]> on host 01cd476fb21a
[2026-07-19T18:00:02.321+0000] {taskinstance.py:2648} INFO - Exporting env vars: AIRFLOW_CTX_DAG_OWNER='era5' AIRFLOW_CTX_DAG_ID='era5_download_pipeline' AIRFLOW_CTX_TASK_ID='era5_instant' AIRFLOW_CTX_EXECUTION_DATE='2026-07-19T17:00:00+00:00' AIRFLOW_CTX_TRY_NUMBER='1' AIRFLOW_CTX_DAG_RUN_ID='scheduled__2026-07-19T17:00:00+00:00'
[2026-07-19T18:00:02.323+0000] {taskinstance.py:430} INFO - ::endgroup::
[2026-07-19T18:00:03.414+0000] {logging_mixin.py:188} WARNING - 2026-07-19 18:00:03 [INFO] === START job=instant date=2026-07-19 ===
[2026-07-19T18:00:03.413+0000] {era5_functions.py:368} INFO - === START job=instant date=2026-07-19 ===
[2026-07-19T18:00:03.417+0000] {logging_mixin.py:188} WARNING - 2026-07-19 18:00:03 [INFO] --- job=instant date=20260719 ---
[2026-07-19T18:00:03.417+0000] {era5_functions.py:330} INFO - --- job=instant date=20260719 ---
[2026-07-19T18:00:04.002+0000] {logging_mixin.py:188} WARNING - 2026-07-19 18:00:04 [WARNING] get_cds_count failed: 400 Client Error: Bad Request for url: https://cds.climate.copernicus.eu/api/retrieve/v1/processes/reanalysis-era5-single-levels/execution
invalid request
None of the data you have requested is available yet, please revise the period requested. The latest date available for this dataset is: 2026-07-14 18:00
[2026-07-19T18:00:04.002+0000] {era5_functions.py:131} WARNING - get_cds_count failed: 400 Client Error: Bad Request for url: https://cds.climate.copernicus.eu/api/retrieve/v1/processes/reanalysis-era5-single-levels/execution
invalid request
None of the data you have requested is available yet, please revise the period requested. The latest date available for this dataset is: 2026-07-14 18:00
[2026-07-19T18:00:04.004+0000] {logging_mixin.py:188} WARNING - 2026-07-19 18:00:04 [WARNING] CDS ยังไม่มีข้อมูล job=instant date=20260719, skip
[2026-07-19T18:00:04.004+0000] {era5_functions.py:335} WARNING - CDS ยังไม่มีข้อมูล job=instant date=20260719, skip
[2026-07-19T18:00:04.006+0000] {logging_mixin.py:188} WARNING - 2026-07-19 18:00:04 [INFO] --- job=instant date=20260718 ---
[2026-07-19T18:00:04.006+0000] {era5_functions.py:330} INFO - --- job=instant date=20260718 ---
[2026-07-19T18:00:04.584+0000] {logging_mixin.py:188} WARNING - 2026-07-19 18:00:04 [WARNING] get_cds_count failed: 400 Client Error: Bad Request for url: https://cds.climate.copernicus.eu/api/retrieve/v1/processes/reanalysis-era5-single-levels/execution
invalid request
None of the data you have requested is available yet, please revise the period requested. The latest date available for this dataset is: 2026-07-14 18:00
[2026-07-19T18:00:04.584+0000] {era5_functions.py:131} WARNING - get_cds_count failed: 400 Client Error: Bad Request for url: https://cds.climate.copernicus.eu/api/retrieve/v1/processes/reanalysis-era5-single-levels/execution
invalid request
None of the data you have requested is available yet, please revise the period requested. The latest date available for this dataset is: 2026-07-14 18:00
[2026-07-19T18:00:04.587+0000] {logging_mixin.py:188} WARNING - 2026-07-19 18:00:04 [WARNING] CDS ยังไม่มีข้อมูล job=instant date=20260718, skip
[2026-07-19T18:00:04.587+0000] {era5_functions.py:335} WARNING - CDS ยังไม่มีข้อมูล job=instant date=20260718, skip
[2026-07-19T18:00:04.589+0000] {logging_mixin.py:188} WARNING - 2026-07-19 18:00:04 [INFO] --- job=instant date=20260717 ---
[2026-07-19T18:00:04.589+0000] {era5_functions.py:330} INFO - --- job=instant date=20260717 ---
[2026-07-19T18:00:05.181+0000] {logging_mixin.py:188} WARNING - 2026-07-19 18:00:05 [WARNING] get_cds_count failed: 400 Client Error: Bad Request for url: https://cds.climate.copernicus.eu/api/retrieve/v1/processes/reanalysis-era5-single-levels/execution
invalid request
None of the data you have requested is available yet, please revise the period requested. The latest date available for this dataset is: 2026-07-14 18:00
[2026-07-19T18:00:05.181+0000] {era5_functions.py:131} WARNING - get_cds_count failed: 400 Client Error: Bad Request for url: https://cds.climate.copernicus.eu/api/retrieve/v1/processes/reanalysis-era5-single-levels/execution
invalid request
None of the data you have requested is available yet, please revise the period requested. The latest date available for this dataset is: 2026-07-14 18:00
[2026-07-19T18:00:05.186+0000] {logging_mixin.py:188} WARNING - 2026-07-19 18:00:05 [WARNING] CDS ยังไม่มีข้อมูล job=instant date=20260717, skip
[2026-07-19T18:00:05.186+0000] {era5_functions.py:335} WARNING - CDS ยังไม่มีข้อมูล job=instant date=20260717, skip
[2026-07-19T18:00:05.191+0000] {logging_mixin.py:188} WARNING - 2026-07-19 18:00:05 [INFO] --- job=instant date=20260716 ---
[2026-07-19T18:00:05.191+0000] {era5_functions.py:330} INFO - --- job=instant date=20260716 ---
[2026-07-19T18:00:06.316+0000] {logging_mixin.py:188} WARNING - 2026-07-19 18:00:06 [WARNING] get_cds_count failed: 400 Client Error: Bad Request for url: https://cds.climate.copernicus.eu/api/retrieve/v1/processes/reanalysis-era5-single-levels/execution
invalid request
None of the data you have requested is available yet, please revise the period requested. The latest date available for this dataset is: 2026-07-14 18:00
[2026-07-19T18:00:06.316+0000] {era5_functions.py:131} WARNING - get_cds_count failed: 400 Client Error: Bad Request for url: https://cds.climate.copernicus.eu/api/retrieve/v1/processes/reanalysis-era5-single-levels/execution
invalid request
None of the data you have requested is available yet, please revise the period requested. The latest date available for this dataset is: 2026-07-14 18:00
[2026-07-19T18:00:06.320+0000] {logging_mixin.py:188} WARNING - 2026-07-19 18:00:06 [WARNING] CDS ยังไม่มีข้อมูล job=instant date=20260716, skip
[2026-07-19T18:00:06.320+0000] {era5_functions.py:335} WARNING - CDS ยังไม่มีข้อมูล job=instant date=20260716, skip
[2026-07-19T18:00:06.323+0000] {logging_mixin.py:188} WARNING - 2026-07-19 18:00:06 [INFO] --- job=instant date=20260715 ---
[2026-07-19T18:00:06.323+0000] {era5_functions.py:330} INFO - --- job=instant date=20260715 ---
[2026-07-19T18:00:07.011+0000] {logging_mixin.py:188} WARNING - 2026-07-19 18:00:07 [WARNING] get_cds_count failed: 400 Client Error: Bad Request for url: https://cds.climate.copernicus.eu/api/retrieve/v1/processes/reanalysis-era5-single-levels/execution
invalid request
None of the data you have requested is available yet, please revise the period requested. The latest date available for this dataset is: 2026-07-14 18:00
[2026-07-19T18:00:07.010+0000] {era5_functions.py:131} WARNING - get_cds_count failed: 400 Client Error: Bad Request for url: https://cds.climate.copernicus.eu/api/retrieve/v1/processes/reanalysis-era5-single-levels/execution
invalid request
None of the data you have requested is available yet, please revise the period requested. The latest date available for this dataset is: 2026-07-14 18:00
[2026-07-19T18:00:07.014+0000] {logging_mixin.py:188} WARNING - 2026-07-19 18:00:07 [WARNING] CDS ยังไม่มีข้อมูล job=instant date=20260715, skip
[2026-07-19T18:00:07.014+0000] {era5_functions.py:335} WARNING - CDS ยังไม่มีข้อมูล job=instant date=20260715, skip
[2026-07-19T18:00:07.017+0000] {logging_mixin.py:188} WARNING - 2026-07-19 18:00:07 [INFO] --- job=instant date=20260714 ---
[2026-07-19T18:00:07.017+0000] {era5_functions.py:330} INFO - --- job=instant date=20260714 ---
[2026-07-19T18:00:07.785+0000] {logging_mixin.py:188} WARNING - 2026-07-19 18:00:07,785 INFO Request ID is 487fb2ef-fb49-4c49-a328-85a9a7c76a8c
[2026-07-19T18:00:07.785+0000] {legacy_client.py:192} INFO - Request ID is 487fb2ef-fb49-4c49-a328-85a9a7c76a8c
[2026-07-19T18:00:07.993+0000] {logging_mixin.py:188} WARNING - 2026-07-19 18:00:07,993 INFO status has been updated to accepted
[2026-07-19T18:00:07.993+0000] {legacy_client.py:192} INFO - status has been updated to accepted
[2026-07-19T18:00:42.394+0000] {logging_mixin.py:188} WARNING - 2026-07-19 18:00:42,393 INFO status has been updated to successful
[2026-07-19T18:00:42.393+0000] {legacy_client.py:192} INFO - status has been updated to successful
[2026-07-19T18:00:42.990+0000] {base.py:119} INFO - Downloading https://object-store.os-api.cci2.ecmwf.int:443/cci2-prod-cache-2/2026-07-19/649ab733f9fe144ac3707923f5444cb2.nc
[2026-07-19T18:00:43.694+0000] {logging_mixin.py:188} WARNING - 649ab733f9fe144ac3707923f5444cb2.nc:   0%|          | 0.00/2.06M [00:00<?, ?B/s]
[2026-07-19T18:00:46.033+0000] {logging_mixin.py:188} WARNING - 649ab733f9fe144ac3707923f5444cb2.nc:  49%|####8     | 1.00M/2.06M [00:02<00:02, 449kB/s]
[2026-07-19T18:00:47.684+0000] {logging_mixin.py:188} WARNING - 649ab733f9fe144ac3707923f5444cb2.nc:  97%|#########7| 2.00M/2.06M [00:03<00:00, 542kB/s]
[2026-07-19T18:00:47.848+0000] {logging_mixin.py:188} WARNING - 649ab733f9fe144ac3707923f5444cb2.nc: 100%|##########| 2.06M/2.06M [00:04<00:00, 530kB/s]
[2026-07-19T18:00:47.853+0000] {logging_mixin.py:188} WARNING -                                                                                         
[2026-07-19T18:00:48.174+0000] {logging_mixin.py:188} WARNING - 2026-07-19 18:00:48 [INFO] CDS timestep available: 19
[2026-07-19T18:00:48.173+0000] {era5_functions.py:128} INFO - CDS timestep available: 19
[2026-07-19T18:00:48.296+0000] {logging_mixin.py:188} WARNING - 2026-07-19 18:00:48 [INFO] local timestep: 18 — /opt/***/era5/ecmwf/data/nc/_raw/2026/07/14/instant_20260714.nc
[2026-07-19T18:00:48.296+0000] {era5_functions.py:152} INFO - local timestep: 18 — /opt/***/era5/ecmwf/data/nc/_raw/2026/07/14/instant_20260714.nc
[2026-07-19T18:00:48.303+0000] {logging_mixin.py:188} WARNING - 2026-07-19 18:00:48 [INFO] nc outdated (local=18 < cds=19), removing: /opt/***/era5/ecmwf/data/nc/_raw/2026/07/14/instant_20260714.nc
[2026-07-19T18:00:48.303+0000] {era5_functions.py:193} INFO - nc outdated (local=18 < cds=19), removing: /opt/***/era5/ecmwf/data/nc/_raw/2026/07/14/instant_20260714.nc
[2026-07-19T18:00:48.325+0000] {logging_mixin.py:188} WARNING - 2026-07-19 18:00:48 [INFO] download attempt 1/3: /opt/***/era5/ecmwf/data/nc/_raw/2026/07/14/instant_20260714.nc
[2026-07-19T18:00:48.325+0000] {era5_functions.py:200} INFO - download attempt 1/3: /opt/***/era5/ecmwf/data/nc/_raw/2026/07/14/instant_20260714.nc
[2026-07-19T18:00:49.011+0000] {logging_mixin.py:188} WARNING - 2026-07-19 18:00:49,011 INFO Request ID is f70a02e0-1899-42c8-8186-3262b9365c23
[2026-07-19T18:00:49.011+0000] {legacy_client.py:192} INFO - Request ID is f70a02e0-1899-42c8-8186-3262b9365c23
[2026-07-19T18:00:49.214+0000] {logging_mixin.py:188} WARNING - 2026-07-19 18:00:49,214 INFO status has been updated to accepted
[2026-07-19T18:00:49.214+0000] {legacy_client.py:192} INFO - status has been updated to accepted
[2026-07-19T18:01:23.563+0000] {logging_mixin.py:188} WARNING - 2026-07-19 18:01:23,563 INFO status has been updated to running
[2026-07-19T18:01:23.563+0000] {legacy_client.py:192} INFO - status has been updated to running
[2026-07-19T18:01:40.873+0000] {logging_mixin.py:188} WARNING - 2026-07-19 18:01:40,872 INFO status has been updated to successful
[2026-07-19T18:01:40.872+0000] {legacy_client.py:192} INFO - status has been updated to successful
[2026-07-19T18:01:41.309+0000] {base.py:119} INFO - Downloading https://object-store.os-api.cci2.ecmwf.int:443/cci2-prod-cache-1/2026-07-19/8abd471f1640ee279c2aabbd65fe72e.nc
[2026-07-19T18:01:42.249+0000] {logging_mixin.py:188} WARNING - 8abd471f1640ee279c2aabbd65fe72e.nc:   0%|          | 0.00/2.06M [00:00<?, ?B/s]
[2026-07-19T18:01:44.012+0000] {logging_mixin.py:188} WARNING - 8abd471f1640ee279c2aabbd65fe72e.nc:  49%|####8     | 1.00M/2.06M [00:01<00:01, 595kB/s]
[2026-07-19T18:01:44.405+0000] {logging_mixin.py:188} WARNING - 8abd471f1640ee279c2aabbd65fe72e.nc:  97%|#########7| 2.00M/2.06M [00:02<00:00, 1.10MB/s]
[2026-07-19T18:01:44.423+0000] {logging_mixin.py:188} WARNING -                                                                                         
[2026-07-19T18:01:44.603+0000] {logging_mixin.py:188} WARNING - 2026-07-19 18:01:44 [INFO] nc downloaded ok: /opt/***/era5/ecmwf/data/nc/_raw/2026/07/14/instant_20260714.nc
[2026-07-19T18:01:44.603+0000] {era5_functions.py:204} INFO - nc downloaded ok: /opt/***/era5/ecmwf/data/nc/_raw/2026/07/14/instant_20260714.nc
[2026-07-19T18:01:44.683+0000] {logging_mixin.py:188} WARNING - 2026-07-19 18:01:44 [INFO] local timestep: 19 — /opt/***/era5/ecmwf/data/nc/_raw/2026/07/14/instant_20260714.nc
[2026-07-19T18:01:44.683+0000] {era5_functions.py:152} INFO - local timestep: 19 — /opt/***/era5/ecmwf/data/nc/_raw/2026/07/14/instant_20260714.nc
[2026-07-19T18:01:44.804+0000] {logging_mixin.py:188} WARNING - 2026-07-19 18:01:44 [INFO] tif outdated (tif=18 < nc=19), removing: /opt/***/era5/ecmwf/data/tif/2026/07/14/t2m_20260714.tif
[2026-07-19T18:01:44.803+0000] {era5_functions.py:261} INFO - tif outdated (tif=18 < nc=19), removing: /opt/***/era5/ecmwf/data/tif/2026/07/14/t2m_20260714.tif
[2026-07-19T18:01:44.919+0000] {logging_mixin.py:188} WARNING - 2026-07-19 18:01:44 [INFO] tif ok (bands=19): /opt/***/era5/ecmwf/data/tif/2026/07/14/t2m_20260714.tif
[2026-07-19T18:01:44.919+0000] {era5_functions.py:304} INFO - tif ok (bands=19): /opt/***/era5/ecmwf/data/tif/2026/07/14/t2m_20260714.tif
[2026-07-19T18:01:44.936+0000] {logging_mixin.py:188} WARNING - 2026-07-19 18:01:44 [INFO] tif outdated (tif=18 < nc=19), removing: /opt/***/era5/ecmwf/data/tif/2026/07/14/d2m_20260714.tif
[2026-07-19T18:01:44.935+0000] {era5_functions.py:261} INFO - tif outdated (tif=18 < nc=19), removing: /opt/***/era5/ecmwf/data/tif/2026/07/14/d2m_20260714.tif
[2026-07-19T18:01:45.026+0000] {logging_mixin.py:188} WARNING - 2026-07-19 18:01:45 [INFO] tif ok (bands=19): /opt/***/era5/ecmwf/data/tif/2026/07/14/d2m_20260714.tif
[2026-07-19T18:01:45.026+0000] {era5_functions.py:304} INFO - tif ok (bands=19): /opt/***/era5/ecmwf/data/tif/2026/07/14/d2m_20260714.tif
[2026-07-19T18:01:45.042+0000] {logging_mixin.py:188} WARNING - 2026-07-19 18:01:45 [INFO] tif outdated (tif=18 < nc=19), removing: /opt/***/era5/ecmwf/data/tif/2026/07/14/sp_20260714.tif
[2026-07-19T18:01:45.042+0000] {era5_functions.py:261} INFO - tif outdated (tif=18 < nc=19), removing: /opt/***/era5/ecmwf/data/tif/2026/07/14/sp_20260714.tif
[2026-07-19T18:01:45.133+0000] {logging_mixin.py:188} WARNING - 2026-07-19 18:01:45 [INFO] tif ok (bands=19): /opt/***/era5/ecmwf/data/tif/2026/07/14/sp_20260714.tif
[2026-07-19T18:01:45.133+0000] {era5_functions.py:304} INFO - tif ok (bands=19): /opt/***/era5/ecmwf/data/tif/2026/07/14/sp_20260714.tif
[2026-07-19T18:01:45.149+0000] {logging_mixin.py:188} WARNING - 2026-07-19 18:01:45 [INFO] tif outdated (tif=18 < nc=19), removing: /opt/***/era5/ecmwf/data/tif/2026/07/14/blh_20260714.tif
[2026-07-19T18:01:45.149+0000] {era5_functions.py:261} INFO - tif outdated (tif=18 < nc=19), removing: /opt/***/era5/ecmwf/data/tif/2026/07/14/blh_20260714.tif
[2026-07-19T18:01:45.261+0000] {logging_mixin.py:188} WARNING - 2026-07-19 18:01:45 [INFO] tif ok (bands=19): /opt/***/era5/ecmwf/data/tif/2026/07/14/blh_20260714.tif
[2026-07-19T18:01:45.261+0000] {era5_functions.py:304} INFO - tif ok (bands=19): /opt/***/era5/ecmwf/data/tif/2026/07/14/blh_20260714.tif
[2026-07-19T18:01:45.283+0000] {logging_mixin.py:188} WARNING - 2026-07-19 18:01:45 [INFO] tif outdated (tif=18 < nc=19), removing: /opt/***/era5/ecmwf/data/tif/2026/07/14/u10_20260714.tif
[2026-07-19T18:01:45.283+0000] {era5_functions.py:261} INFO - tif outdated (tif=18 < nc=19), removing: /opt/***/era5/ecmwf/data/tif/2026/07/14/u10_20260714.tif
[2026-07-19T18:01:45.400+0000] {logging_mixin.py:188} WARNING - 2026-07-19 18:01:45 [INFO] tif ok (bands=19): /opt/***/era5/ecmwf/data/tif/2026/07/14/u10_20260714.tif
[2026-07-19T18:01:45.400+0000] {era5_functions.py:304} INFO - tif ok (bands=19): /opt/***/era5/ecmwf/data/tif/2026/07/14/u10_20260714.tif
[2026-07-19T18:01:45.418+0000] {logging_mixin.py:188} WARNING - 2026-07-19 18:01:45 [INFO] tif outdated (tif=18 < nc=19), removing: /opt/***/era5/ecmwf/data/tif/2026/07/14/v10_20260714.tif
[2026-07-19T18:01:45.418+0000] {era5_functions.py:261} INFO - tif outdated (tif=18 < nc=19), removing: /opt/***/era5/ecmwf/data/tif/2026/07/14/v10_20260714.tif
[2026-07-19T18:01:45.523+0000] {logging_mixin.py:188} WARNING - 2026-07-19 18:01:45 [INFO] tif ok (bands=19): /opt/***/era5/ecmwf/data/tif/2026/07/14/v10_20260714.tif
[2026-07-19T18:01:45.523+0000] {era5_functions.py:304} INFO - tif ok (bands=19): /opt/***/era5/ecmwf/data/tif/2026/07/14/v10_20260714.tif
[2026-07-19T18:01:45.529+0000] {logging_mixin.py:188} WARNING - 2026-07-19 18:01:45 [INFO] === END job=instant date=2026-07-19 ===
[2026-07-19T18:01:45.528+0000] {era5_functions.py:379} INFO - === END job=instant date=2026-07-19 ===
[2026-07-19T18:01:45.531+0000] {python.py:237} INFO - Done. Returned value was: None
[2026-07-19T18:01:45.531+0000] {taskinstance.py:441} INFO - ::group::Post task execution logs
[2026-07-19T18:01:45.546+0000] {taskinstance.py:1206} INFO - Marking task as SUCCESS. dag_id=era5_download_pipeline, task_id=era5_instant, run_id=scheduled__2026-07-19T17:00:00+00:00, execution_date=20260719T170000, start_date=20260719T180002, end_date=20260719T180145
[2026-07-19T18:01:45.615+0000] {local_task_job_runner.py:240} INFO - Task exited with return code 0
[2026-07-19T18:01:45.639+0000] {taskinstance.py:3498} INFO - 1 downstream tasks scheduled from follow-on schedule check
[2026-07-19T18:01:45.643+0000] {local_task_job_runner.py:222} INFO - ::endgroup::
