[2026-06-23T18:01:32.464+0000] {local_task_job_runner.py:120} INFO - ::group::Pre task execution logs
[2026-06-23T18:01:32.495+0000] {taskinstance.py:2076} INFO - Dependencies all met for dep_context=non-requeueable deps ti=<TaskInstance: era5_download_pipeline.era5_accum scheduled__2026-06-23T17:00:00+00:00 [queued]>
[2026-06-23T18:01:32.506+0000] {taskinstance.py:2076} INFO - Dependencies all met for dep_context=requeueable deps ti=<TaskInstance: era5_download_pipeline.era5_accum scheduled__2026-06-23T17:00:00+00:00 [queued]>
[2026-06-23T18:01:32.507+0000] {taskinstance.py:2306} INFO - Starting attempt 1 of 1
[2026-06-23T18:01:32.527+0000] {taskinstance.py:2330} INFO - Executing <Task(PythonOperator): era5_accum> on 2026-06-23 17:00:00+00:00
[2026-06-23T18:01:32.538+0000] {warnings.py:110} WARNING - /home/***/.local/lib/python3.12/site-packages/***/task/task_runner/standard_task_runner.py:61: DeprecationWarning: This process (pid=230239) is multi-threaded, use of fork() may lead to deadlocks in the child.
  pid = os.fork()

[2026-06-23T18:01:32.541+0000] {standard_task_runner.py:63} INFO - Started process 230241 to run task
[2026-06-23T18:01:32.541+0000] {standard_task_runner.py:90} INFO - Running: ['***', 'tasks', 'run', 'era5_download_pipeline', 'era5_accum', 'scheduled__2026-06-23T17:00:00+00:00', '--job-id', '2227', '--raw', '--subdir', 'DAGS_FOLDER/era5_dag.py', '--cfg-path', '/tmp/tmpty4y3r14']
[2026-06-23T18:01:32.545+0000] {standard_task_runner.py:91} INFO - Job 2227: Subtask era5_accum
[2026-06-23T18:01:32.623+0000] {task_command.py:426} INFO - Running <TaskInstance: era5_download_pipeline.era5_accum scheduled__2026-06-23T17:00:00+00:00 [running]> on host 01cd476fb21a
[2026-06-23T18:01:32.745+0000] {taskinstance.py:2648} INFO - Exporting env vars: AIRFLOW_CTX_DAG_OWNER='era5' AIRFLOW_CTX_DAG_ID='era5_download_pipeline' AIRFLOW_CTX_TASK_ID='era5_accum' AIRFLOW_CTX_EXECUTION_DATE='2026-06-23T17:00:00+00:00' AIRFLOW_CTX_TRY_NUMBER='1' AIRFLOW_CTX_DAG_RUN_ID='scheduled__2026-06-23T17:00:00+00:00'
[2026-06-23T18:01:32.747+0000] {taskinstance.py:430} INFO - ::endgroup::
[2026-06-23T18:01:33.475+0000] {logging_mixin.py:188} WARNING - 2026-06-23 18:01:33 [INFO] === START job=accum date=2026-06-23 ===
[2026-06-23T18:01:33.474+0000] {era5_functions.py:368} INFO - === START job=accum date=2026-06-23 ===
[2026-06-23T18:01:33.478+0000] {logging_mixin.py:188} WARNING - 2026-06-23 18:01:33 [INFO] --- job=accum date=20260623 ---
[2026-06-23T18:01:33.478+0000] {era5_functions.py:330} INFO - --- job=accum date=20260623 ---
[2026-06-23T18:01:34.101+0000] {logging_mixin.py:188} WARNING - 2026-06-23 18:01:34 [WARNING] get_cds_count failed: 400 Client Error: Bad Request for url: https://cds.climate.copernicus.eu/api/retrieve/v1/processes/reanalysis-era5-single-levels/execution
invalid request
None of the data you have requested is available yet, please revise the period requested. The latest date available for this dataset is: 2026-06-18 18:00
[2026-06-23T18:01:34.101+0000] {era5_functions.py:131} WARNING - get_cds_count failed: 400 Client Error: Bad Request for url: https://cds.climate.copernicus.eu/api/retrieve/v1/processes/reanalysis-era5-single-levels/execution
invalid request
None of the data you have requested is available yet, please revise the period requested. The latest date available for this dataset is: 2026-06-18 18:00
[2026-06-23T18:01:34.105+0000] {logging_mixin.py:188} WARNING - 2026-06-23 18:01:34 [WARNING] CDS ยังไม่มีข้อมูล job=accum date=20260623, skip
[2026-06-23T18:01:34.105+0000] {era5_functions.py:335} WARNING - CDS ยังไม่มีข้อมูล job=accum date=20260623, skip
[2026-06-23T18:01:34.108+0000] {logging_mixin.py:188} WARNING - 2026-06-23 18:01:34 [INFO] --- job=accum date=20260622 ---
[2026-06-23T18:01:34.108+0000] {era5_functions.py:330} INFO - --- job=accum date=20260622 ---
[2026-06-23T18:01:34.725+0000] {logging_mixin.py:188} WARNING - 2026-06-23 18:01:34 [WARNING] get_cds_count failed: 400 Client Error: Bad Request for url: https://cds.climate.copernicus.eu/api/retrieve/v1/processes/reanalysis-era5-single-levels/execution
invalid request
None of the data you have requested is available yet, please revise the period requested. The latest date available for this dataset is: 2026-06-18 18:00
[2026-06-23T18:01:34.724+0000] {era5_functions.py:131} WARNING - get_cds_count failed: 400 Client Error: Bad Request for url: https://cds.climate.copernicus.eu/api/retrieve/v1/processes/reanalysis-era5-single-levels/execution
invalid request
None of the data you have requested is available yet, please revise the period requested. The latest date available for this dataset is: 2026-06-18 18:00
[2026-06-23T18:01:34.731+0000] {logging_mixin.py:188} WARNING - 2026-06-23 18:01:34 [WARNING] CDS ยังไม่มีข้อมูล job=accum date=20260622, skip
[2026-06-23T18:01:34.731+0000] {era5_functions.py:335} WARNING - CDS ยังไม่มีข้อมูล job=accum date=20260622, skip
[2026-06-23T18:01:34.737+0000] {logging_mixin.py:188} WARNING - 2026-06-23 18:01:34 [INFO] --- job=accum date=20260621 ---
[2026-06-23T18:01:34.736+0000] {era5_functions.py:330} INFO - --- job=accum date=20260621 ---
[2026-06-23T18:01:35.327+0000] {logging_mixin.py:188} WARNING - 2026-06-23 18:01:35 [WARNING] get_cds_count failed: 400 Client Error: Bad Request for url: https://cds.climate.copernicus.eu/api/retrieve/v1/processes/reanalysis-era5-single-levels/execution
invalid request
None of the data you have requested is available yet, please revise the period requested. The latest date available for this dataset is: 2026-06-18 18:00
[2026-06-23T18:01:35.326+0000] {era5_functions.py:131} WARNING - get_cds_count failed: 400 Client Error: Bad Request for url: https://cds.climate.copernicus.eu/api/retrieve/v1/processes/reanalysis-era5-single-levels/execution
invalid request
None of the data you have requested is available yet, please revise the period requested. The latest date available for this dataset is: 2026-06-18 18:00
[2026-06-23T18:01:35.333+0000] {logging_mixin.py:188} WARNING - 2026-06-23 18:01:35 [WARNING] CDS ยังไม่มีข้อมูล job=accum date=20260621, skip
[2026-06-23T18:01:35.333+0000] {era5_functions.py:335} WARNING - CDS ยังไม่มีข้อมูล job=accum date=20260621, skip
[2026-06-23T18:01:35.337+0000] {logging_mixin.py:188} WARNING - 2026-06-23 18:01:35 [INFO] --- job=accum date=20260620 ---
[2026-06-23T18:01:35.336+0000] {era5_functions.py:330} INFO - --- job=accum date=20260620 ---
[2026-06-23T18:01:36.152+0000] {http.py:514} WARNING - Recovering from HTTP error [502 Bad Gateway], attempt 1 of 500
[2026-06-23T18:01:36.153+0000] {http.py:537} WARNING - Retrying in 120 seconds
[2026-06-23T18:03:36.141+0000] {http.py:544} INFO - Retrying now...
[2026-06-23T18:03:38.986+0000] {logging_mixin.py:188} WARNING - 2026-06-23 18:03:38 [WARNING] get_cds_count failed: 400 Client Error: Bad Request for url: https://cds.climate.copernicus.eu/api/retrieve/v1/processes/reanalysis-era5-single-levels/execution
invalid request
None of the data you have requested is available yet, please revise the period requested. The latest date available for this dataset is: 2026-06-18 18:00
[2026-06-23T18:03:38.986+0000] {era5_functions.py:131} WARNING - get_cds_count failed: 400 Client Error: Bad Request for url: https://cds.climate.copernicus.eu/api/retrieve/v1/processes/reanalysis-era5-single-levels/execution
invalid request
None of the data you have requested is available yet, please revise the period requested. The latest date available for this dataset is: 2026-06-18 18:00
[2026-06-23T18:03:38.990+0000] {logging_mixin.py:188} WARNING - 2026-06-23 18:03:38 [WARNING] CDS ยังไม่มีข้อมูล job=accum date=20260620, skip
[2026-06-23T18:03:38.990+0000] {era5_functions.py:335} WARNING - CDS ยังไม่มีข้อมูล job=accum date=20260620, skip
[2026-06-23T18:03:38.994+0000] {logging_mixin.py:188} WARNING - 2026-06-23 18:03:38 [INFO] --- job=accum date=20260619 ---
[2026-06-23T18:03:38.994+0000] {era5_functions.py:330} INFO - --- job=accum date=20260619 ---
[2026-06-23T18:03:39.866+0000] {logging_mixin.py:188} WARNING - 2026-06-23 18:03:39 [WARNING] get_cds_count failed: 400 Client Error: Bad Request for url: https://cds.climate.copernicus.eu/api/retrieve/v1/processes/reanalysis-era5-single-levels/execution
invalid request
None of the data you have requested is available yet, please revise the period requested. The latest date available for this dataset is: 2026-06-18 18:00
[2026-06-23T18:03:39.866+0000] {era5_functions.py:131} WARNING - get_cds_count failed: 400 Client Error: Bad Request for url: https://cds.climate.copernicus.eu/api/retrieve/v1/processes/reanalysis-era5-single-levels/execution
invalid request
None of the data you have requested is available yet, please revise the period requested. The latest date available for this dataset is: 2026-06-18 18:00
[2026-06-23T18:03:39.868+0000] {logging_mixin.py:188} WARNING - 2026-06-23 18:03:39 [WARNING] CDS ยังไม่มีข้อมูล job=accum date=20260619, skip
[2026-06-23T18:03:39.868+0000] {era5_functions.py:335} WARNING - CDS ยังไม่มีข้อมูล job=accum date=20260619, skip
[2026-06-23T18:03:39.871+0000] {logging_mixin.py:188} WARNING - 2026-06-23 18:03:39 [INFO] --- job=accum date=20260618 ---
[2026-06-23T18:03:39.870+0000] {era5_functions.py:330} INFO - --- job=accum date=20260618 ---
[2026-06-23T18:03:41.662+0000] {logging_mixin.py:188} WARNING - 2026-06-23 18:03:41,662 INFO [2025-12-11T00:00:00] Please note that a dedicated catalogue entry for this dataset, post-processed and stored in Analysis Ready Cloud Optimized (ARCO) format (Zarr), is available for optimised time-series retrievals (i.e. for retrieving data from selected variables for a single point over an extended period of time in an efficient way). You can discover it [here](https://cds.climate.copernicus.eu/datasets/reanalysis-era5-single-levels-timeseries?tab=overview)
[2026-06-23T18:03:41.662+0000] {legacy_client.py:192} INFO - [2025-12-11T00:00:00] Please note that a dedicated catalogue entry for this dataset, post-processed and stored in Analysis Ready Cloud Optimized (ARCO) format (Zarr), is available for optimised time-series retrievals (i.e. for retrieving data from selected variables for a single point over an extended period of time in an efficient way). You can discover it [here](https://cds.climate.copernicus.eu/datasets/reanalysis-era5-single-levels-timeseries?tab=overview)
[2026-06-23T18:03:41.666+0000] {logging_mixin.py:188} WARNING - 2026-06-23 18:03:41,666 INFO Request ID is 91af4f9c-de86-4134-8a45-f1c84b219e2e
[2026-06-23T18:03:41.666+0000] {legacy_client.py:192} INFO - Request ID is 91af4f9c-de86-4134-8a45-f1c84b219e2e
[2026-06-23T18:03:41.890+0000] {logging_mixin.py:188} WARNING - 2026-06-23 18:03:41,890 INFO status has been updated to accepted
[2026-06-23T18:03:41.890+0000] {legacy_client.py:192} INFO - status has been updated to accepted
[2026-06-23T18:04:17.197+0000] {logging_mixin.py:188} WARNING - 2026-06-23 18:04:17,197 INFO status has been updated to successful
[2026-06-23T18:04:17.197+0000] {legacy_client.py:192} INFO - status has been updated to successful
[2026-06-23T18:04:19.154+0000] {base.py:119} INFO - Downloading https://object-store.os-api.cci2.ecmwf.int:443/cci2-prod-cache-2/2026-06-23/d49d045ca997c27c2fdb57a116a87bc4.nc
[2026-06-23T18:04:19.859+0000] {logging_mixin.py:188} WARNING - d49d045ca997c27c2fdb57a116a87bc4.nc:   0%|          | 0.00/288k [00:00<?, ?B/s]
[2026-06-23T18:04:21.238+0000] {logging_mixin.py:188} WARNING - d49d045ca997c27c2fdb57a116a87bc4.nc: 100%|##########| 288k/288k [00:01<00:00, 214kB/s]
[2026-06-23T18:04:21.241+0000] {logging_mixin.py:188} WARNING -                                                                                       
[2026-06-23T18:04:21.521+0000] {logging_mixin.py:188} WARNING - 2026-06-23 18:04:21 [INFO] CDS timestep available: 19
[2026-06-23T18:04:21.521+0000] {era5_functions.py:128} INFO - CDS timestep available: 19
[2026-06-23T18:04:21.586+0000] {logging_mixin.py:188} WARNING - 2026-06-23 18:04:21 [INFO] local timestep: 18 — /opt/***/era5/ecmwf/data/nc/_raw/2026/06/18/accum_20260618.nc
[2026-06-23T18:04:21.586+0000] {era5_functions.py:152} INFO - local timestep: 18 — /opt/***/era5/ecmwf/data/nc/_raw/2026/06/18/accum_20260618.nc
[2026-06-23T18:04:21.594+0000] {logging_mixin.py:188} WARNING - 2026-06-23 18:04:21 [INFO] nc outdated (local=18 < cds=19), removing: /opt/***/era5/ecmwf/data/nc/_raw/2026/06/18/accum_20260618.nc
[2026-06-23T18:04:21.593+0000] {era5_functions.py:193} INFO - nc outdated (local=18 < cds=19), removing: /opt/***/era5/ecmwf/data/nc/_raw/2026/06/18/accum_20260618.nc
[2026-06-23T18:04:21.616+0000] {logging_mixin.py:188} WARNING - 2026-06-23 18:04:21 [INFO] download attempt 1/3: /opt/***/era5/ecmwf/data/nc/_raw/2026/06/18/accum_20260618.nc
[2026-06-23T18:04:21.615+0000] {era5_functions.py:200} INFO - download attempt 1/3: /opt/***/era5/ecmwf/data/nc/_raw/2026/06/18/accum_20260618.nc
[2026-06-23T18:04:22.749+0000] {logging_mixin.py:188} WARNING - 2026-06-23 18:04:22,748 INFO [2025-12-11T00:00:00] Please note that a dedicated catalogue entry for this dataset, post-processed and stored in Analysis Ready Cloud Optimized (ARCO) format (Zarr), is available for optimised time-series retrievals (i.e. for retrieving data from selected variables for a single point over an extended period of time in an efficient way). You can discover it [here](https://cds.climate.copernicus.eu/datasets/reanalysis-era5-single-levels-timeseries?tab=overview)
[2026-06-23T18:04:22.748+0000] {legacy_client.py:192} INFO - [2025-12-11T00:00:00] Please note that a dedicated catalogue entry for this dataset, post-processed and stored in Analysis Ready Cloud Optimized (ARCO) format (Zarr), is available for optimised time-series retrievals (i.e. for retrieving data from selected variables for a single point over an extended period of time in an efficient way). You can discover it [here](https://cds.climate.copernicus.eu/datasets/reanalysis-era5-single-levels-timeseries?tab=overview)
[2026-06-23T18:04:22.754+0000] {logging_mixin.py:188} WARNING - 2026-06-23 18:04:22,754 INFO Request ID is 755f7427-4efa-49f0-84f3-2efc0019dbbd
[2026-06-23T18:04:22.754+0000] {legacy_client.py:192} INFO - Request ID is 755f7427-4efa-49f0-84f3-2efc0019dbbd
[2026-06-23T18:04:22.988+0000] {logging_mixin.py:188} WARNING - 2026-06-23 18:04:22,987 INFO status has been updated to accepted
[2026-06-23T18:04:22.987+0000] {legacy_client.py:192} INFO - status has been updated to accepted
[2026-06-23T18:04:57.200+0000] {logging_mixin.py:188} WARNING - 2026-06-23 18:04:57,199 INFO status has been updated to successful
[2026-06-23T18:04:57.199+0000] {legacy_client.py:192} INFO - status has been updated to successful
[2026-06-23T18:04:57.673+0000] {base.py:119} INFO - Downloading https://object-store.os-api.cci2.ecmwf.int:443/cci2-prod-cache-1/2026-06-23/4dc164b9bd19e732dffa5d352bf9bfdb.nc
[2026-06-23T18:04:58.379+0000] {logging_mixin.py:188} WARNING - 4dc164b9bd19e732dffa5d352bf9bfdb.nc:   0%|          | 0.00/288k [00:00<?, ?B/s]
[2026-06-23T18:04:59.811+0000] {logging_mixin.py:188} WARNING - 4dc164b9bd19e732dffa5d352bf9bfdb.nc: 100%|##########| 288k/288k [00:01<00:00, 206kB/s]
[2026-06-23T18:04:59.827+0000] {logging_mixin.py:188} WARNING -                                                                                       
[2026-06-23T18:04:59.916+0000] {logging_mixin.py:188} WARNING - 2026-06-23 18:04:59 [INFO] nc downloaded ok: /opt/***/era5/ecmwf/data/nc/_raw/2026/06/18/accum_20260618.nc
[2026-06-23T18:04:59.916+0000] {era5_functions.py:204} INFO - nc downloaded ok: /opt/***/era5/ecmwf/data/nc/_raw/2026/06/18/accum_20260618.nc
[2026-06-23T18:04:59.969+0000] {logging_mixin.py:188} WARNING - 2026-06-23 18:04:59 [INFO] local timestep: 19 — /opt/***/era5/ecmwf/data/nc/_raw/2026/06/18/accum_20260618.nc
[2026-06-23T18:04:59.969+0000] {era5_functions.py:152} INFO - local timestep: 19 — /opt/***/era5/ecmwf/data/nc/_raw/2026/06/18/accum_20260618.nc
[2026-06-23T18:05:00.060+0000] {logging_mixin.py:188} WARNING - 2026-06-23 18:05:00 [INFO] tif outdated (tif=18 < nc=19), removing: /opt/***/era5/ecmwf/data/tif/2026/06/18/tp_20260618.tif
[2026-06-23T18:05:00.060+0000] {era5_functions.py:261} INFO - tif outdated (tif=18 < nc=19), removing: /opt/***/era5/ecmwf/data/tif/2026/06/18/tp_20260618.tif
[2026-06-23T18:05:00.176+0000] {logging_mixin.py:188} WARNING - 2026-06-23 18:05:00 [INFO] tif ok (bands=19): /opt/***/era5/ecmwf/data/tif/2026/06/18/tp_20260618.tif
[2026-06-23T18:05:00.176+0000] {era5_functions.py:304} INFO - tif ok (bands=19): /opt/***/era5/ecmwf/data/tif/2026/06/18/tp_20260618.tif
[2026-06-23T18:05:00.182+0000] {logging_mixin.py:188} WARNING - 2026-06-23 18:05:00 [INFO] === END job=accum date=2026-06-23 ===
[2026-06-23T18:05:00.181+0000] {era5_functions.py:379} INFO - === END job=accum date=2026-06-23 ===
[2026-06-23T18:05:00.183+0000] {python.py:237} INFO - Done. Returned value was: None
[2026-06-23T18:05:00.184+0000] {taskinstance.py:441} INFO - ::group::Post task execution logs
[2026-06-23T18:05:00.198+0000] {taskinstance.py:1206} INFO - Marking task as SUCCESS. dag_id=era5_download_pipeline, task_id=era5_accum, run_id=scheduled__2026-06-23T17:00:00+00:00, execution_date=20260623T170000, start_date=20260623T180132, end_date=20260623T180500
[2026-06-23T18:05:00.292+0000] {local_task_job_runner.py:240} INFO - Task exited with return code 0
[2026-06-23T18:05:00.315+0000] {taskinstance.py:3498} INFO - 0 downstream tasks scheduled from follow-on schedule check
[2026-06-23T18:05:00.319+0000] {local_task_job_runner.py:222} INFO - ::endgroup::
