[2026-07-17T21:00:02.032+0000] {local_task_job_runner.py:120} INFO - ::group::Pre task execution logs
[2026-07-17T21:00:02.062+0000] {taskinstance.py:2076} INFO - Dependencies all met for dep_context=non-requeueable deps ti=<TaskInstance: era5_download_pipeline.era5_instant scheduled__2026-07-17T20:00:00+00:00 [queued]>
[2026-07-17T21:00:02.072+0000] {taskinstance.py:2076} INFO - Dependencies all met for dep_context=requeueable deps ti=<TaskInstance: era5_download_pipeline.era5_instant scheduled__2026-07-17T20:00:00+00:00 [queued]>
[2026-07-17T21:00:02.073+0000] {taskinstance.py:2306} INFO - Starting attempt 1 of 1
[2026-07-17T21:00:02.090+0000] {taskinstance.py:2330} INFO - Executing <Task(PythonOperator): era5_instant> on 2026-07-17 20:00:00+00:00
[2026-07-17T21:00:02.102+0000] {warnings.py:110} WARNING - /home/***/.local/lib/python3.12/site-packages/***/task/task_runner/standard_task_runner.py:61: DeprecationWarning: This process (pid=13479) is multi-threaded, use of fork() may lead to deadlocks in the child.
  pid = os.fork()

[2026-07-17T21:00:02.105+0000] {standard_task_runner.py:63} INFO - Started process 13481 to run task
[2026-07-17T21:00:02.105+0000] {standard_task_runner.py:90} INFO - Running: ['***', 'tasks', 'run', 'era5_download_pipeline', 'era5_instant', 'scheduled__2026-07-17T20:00:00+00:00', '--job-id', '2312', '--raw', '--subdir', 'DAGS_FOLDER/era5_dag.py', '--cfg-path', '/tmp/tmpv3zmr41q']
[2026-07-17T21:00:02.109+0000] {standard_task_runner.py:91} INFO - Job 2312: Subtask era5_instant
[2026-07-17T21:00:02.179+0000] {task_command.py:426} INFO - Running <TaskInstance: era5_download_pipeline.era5_instant scheduled__2026-07-17T20:00:00+00:00 [running]> on host 01cd476fb21a
[2026-07-17T21:00:02.289+0000] {taskinstance.py:2648} INFO - Exporting env vars: AIRFLOW_CTX_DAG_OWNER='era5' AIRFLOW_CTX_DAG_ID='era5_download_pipeline' AIRFLOW_CTX_TASK_ID='era5_instant' AIRFLOW_CTX_EXECUTION_DATE='2026-07-17T20:00:00+00:00' AIRFLOW_CTX_TRY_NUMBER='1' AIRFLOW_CTX_DAG_RUN_ID='scheduled__2026-07-17T20:00:00+00:00'
[2026-07-17T21:00:02.291+0000] {taskinstance.py:430} INFO - ::endgroup::
[2026-07-17T21:00:03.406+0000] {logging_mixin.py:188} WARNING - 2026-07-17 21:00:03 [INFO] === START job=instant date=2026-07-17 ===
[2026-07-17T21:00:03.406+0000] {era5_functions.py:368} INFO - === START job=instant date=2026-07-17 ===
[2026-07-17T21:00:03.409+0000] {logging_mixin.py:188} WARNING - 2026-07-17 21:00:03 [INFO] --- job=instant date=20260717 ---
[2026-07-17T21:00:03.409+0000] {era5_functions.py:330} INFO - --- job=instant date=20260717 ---
[2026-07-17T21:00:04.307+0000] {logging_mixin.py:188} WARNING - 2026-07-17 21:00:04 [WARNING] get_cds_count failed: 400 Client Error: Bad Request for url: https://cds.climate.copernicus.eu/api/retrieve/v1/processes/reanalysis-era5-single-levels/execution
invalid request
None of the data you have requested is available yet, please revise the period requested. The latest date available for this dataset is: 2026-07-12 21:00
[2026-07-17T21:00:04.306+0000] {era5_functions.py:131} WARNING - get_cds_count failed: 400 Client Error: Bad Request for url: https://cds.climate.copernicus.eu/api/retrieve/v1/processes/reanalysis-era5-single-levels/execution
invalid request
None of the data you have requested is available yet, please revise the period requested. The latest date available for this dataset is: 2026-07-12 21:00
[2026-07-17T21:00:04.310+0000] {logging_mixin.py:188} WARNING - 2026-07-17 21:00:04 [WARNING] CDS ยังไม่มีข้อมูล job=instant date=20260717, skip
[2026-07-17T21:00:04.310+0000] {era5_functions.py:335} WARNING - CDS ยังไม่มีข้อมูล job=instant date=20260717, skip
[2026-07-17T21:00:04.315+0000] {logging_mixin.py:188} WARNING - 2026-07-17 21:00:04 [INFO] --- job=instant date=20260716 ---
[2026-07-17T21:00:04.314+0000] {era5_functions.py:330} INFO - --- job=instant date=20260716 ---
[2026-07-17T21:00:05.308+0000] {logging_mixin.py:188} WARNING - 2026-07-17 21:00:05 [WARNING] get_cds_count failed: 400 Client Error: Bad Request for url: https://cds.climate.copernicus.eu/api/retrieve/v1/processes/reanalysis-era5-single-levels/execution
invalid request
None of the data you have requested is available yet, please revise the period requested. The latest date available for this dataset is: 2026-07-12 21:00
[2026-07-17T21:00:05.308+0000] {era5_functions.py:131} WARNING - get_cds_count failed: 400 Client Error: Bad Request for url: https://cds.climate.copernicus.eu/api/retrieve/v1/processes/reanalysis-era5-single-levels/execution
invalid request
None of the data you have requested is available yet, please revise the period requested. The latest date available for this dataset is: 2026-07-12 21:00
[2026-07-17T21:00:05.311+0000] {logging_mixin.py:188} WARNING - 2026-07-17 21:00:05 [WARNING] CDS ยังไม่มีข้อมูล job=instant date=20260716, skip
[2026-07-17T21:00:05.311+0000] {era5_functions.py:335} WARNING - CDS ยังไม่มีข้อมูล job=instant date=20260716, skip
[2026-07-17T21:00:05.313+0000] {logging_mixin.py:188} WARNING - 2026-07-17 21:00:05 [INFO] --- job=instant date=20260715 ---
[2026-07-17T21:00:05.313+0000] {era5_functions.py:330} INFO - --- job=instant date=20260715 ---
[2026-07-17T21:00:05.925+0000] {logging_mixin.py:188} WARNING - 2026-07-17 21:00:05 [WARNING] get_cds_count failed: 400 Client Error: Bad Request for url: https://cds.climate.copernicus.eu/api/retrieve/v1/processes/reanalysis-era5-single-levels/execution
invalid request
None of the data you have requested is available yet, please revise the period requested. The latest date available for this dataset is: 2026-07-12 21:00
[2026-07-17T21:00:05.925+0000] {era5_functions.py:131} WARNING - get_cds_count failed: 400 Client Error: Bad Request for url: https://cds.climate.copernicus.eu/api/retrieve/v1/processes/reanalysis-era5-single-levels/execution
invalid request
None of the data you have requested is available yet, please revise the period requested. The latest date available for this dataset is: 2026-07-12 21:00
[2026-07-17T21:00:05.929+0000] {logging_mixin.py:188} WARNING - 2026-07-17 21:00:05 [WARNING] CDS ยังไม่มีข้อมูล job=instant date=20260715, skip
[2026-07-17T21:00:05.929+0000] {era5_functions.py:335} WARNING - CDS ยังไม่มีข้อมูล job=instant date=20260715, skip
[2026-07-17T21:00:05.932+0000] {logging_mixin.py:188} WARNING - 2026-07-17 21:00:05 [INFO] --- job=instant date=20260714 ---
[2026-07-17T21:00:05.932+0000] {era5_functions.py:330} INFO - --- job=instant date=20260714 ---
[2026-07-17T21:00:07.702+0000] {logging_mixin.py:188} WARNING - 2026-07-17 21:00:07 [WARNING] get_cds_count failed: 400 Client Error: Bad Request for url: https://cds.climate.copernicus.eu/api/retrieve/v1/processes/reanalysis-era5-single-levels/execution
invalid request
None of the data you have requested is available yet, please revise the period requested. The latest date available for this dataset is: 2026-07-12 21:00
[2026-07-17T21:00:07.702+0000] {era5_functions.py:131} WARNING - get_cds_count failed: 400 Client Error: Bad Request for url: https://cds.climate.copernicus.eu/api/retrieve/v1/processes/reanalysis-era5-single-levels/execution
invalid request
None of the data you have requested is available yet, please revise the period requested. The latest date available for this dataset is: 2026-07-12 21:00
[2026-07-17T21:00:07.708+0000] {logging_mixin.py:188} WARNING - 2026-07-17 21:00:07 [WARNING] CDS ยังไม่มีข้อมูล job=instant date=20260714, skip
[2026-07-17T21:00:07.708+0000] {era5_functions.py:335} WARNING - CDS ยังไม่มีข้อมูล job=instant date=20260714, skip
[2026-07-17T21:00:07.712+0000] {logging_mixin.py:188} WARNING - 2026-07-17 21:00:07 [INFO] --- job=instant date=20260713 ---
[2026-07-17T21:00:07.712+0000] {era5_functions.py:330} INFO - --- job=instant date=20260713 ---
[2026-07-17T21:00:08.391+0000] {logging_mixin.py:188} WARNING - 2026-07-17 21:00:08 [WARNING] get_cds_count failed: 400 Client Error: Bad Request for url: https://cds.climate.copernicus.eu/api/retrieve/v1/processes/reanalysis-era5-single-levels/execution
invalid request
None of the data you have requested is available yet, please revise the period requested. The latest date available for this dataset is: 2026-07-12 21:00
[2026-07-17T21:00:08.391+0000] {era5_functions.py:131} WARNING - get_cds_count failed: 400 Client Error: Bad Request for url: https://cds.climate.copernicus.eu/api/retrieve/v1/processes/reanalysis-era5-single-levels/execution
invalid request
None of the data you have requested is available yet, please revise the period requested. The latest date available for this dataset is: 2026-07-12 21:00
[2026-07-17T21:00:08.397+0000] {logging_mixin.py:188} WARNING - 2026-07-17 21:00:08 [WARNING] CDS ยังไม่มีข้อมูล job=instant date=20260713, skip
[2026-07-17T21:00:08.397+0000] {era5_functions.py:335} WARNING - CDS ยังไม่มีข้อมูล job=instant date=20260713, skip
[2026-07-17T21:00:08.401+0000] {logging_mixin.py:188} WARNING - 2026-07-17 21:00:08 [INFO] --- job=instant date=20260712 ---
[2026-07-17T21:00:08.401+0000] {era5_functions.py:330} INFO - --- job=instant date=20260712 ---
[2026-07-17T21:00:09.008+0000] {logging_mixin.py:188} WARNING - 2026-07-17 21:00:09,008 INFO Request ID is e14c2c05-817a-4c96-8c50-2c100bc14f40
[2026-07-17T21:00:09.008+0000] {legacy_client.py:192} INFO - Request ID is e14c2c05-817a-4c96-8c50-2c100bc14f40
[2026-07-17T21:00:09.248+0000] {logging_mixin.py:188} WARNING - 2026-07-17 21:00:09,247 INFO status has been updated to accepted
[2026-07-17T21:00:09.247+0000] {legacy_client.py:192} INFO - status has been updated to accepted
[2026-07-17T21:02:05.771+0000] {logging_mixin.py:188} WARNING - 2026-07-17 21:02:05,770 INFO status has been updated to successful
[2026-07-17T21:02:05.770+0000] {legacy_client.py:192} INFO - status has been updated to successful
[2026-07-17T21:02:06.357+0000] {base.py:119} INFO - Downloading https://object-store.os-api.cci2.ecmwf.int:443/cci2-prod-cache-3/2026-07-17/bcc3585df5f953404e102d312d910283.nc
[2026-07-17T21:02:09.576+0000] {logging_mixin.py:188} WARNING - bcc3585df5f953404e102d312d910283.nc:   0%|          | 0.00/2.35M [00:00<?, ?B/s]
[2026-07-17T21:02:12.032+0000] {logging_mixin.py:188} WARNING - bcc3585df5f953404e102d312d910283.nc:  43%|####2     | 1.00M/2.35M [00:02<00:03, 427kB/s]
[2026-07-17T21:02:12.319+0000] {logging_mixin.py:188} WARNING - bcc3585df5f953404e102d312d910283.nc:  85%|########5 | 2.00M/2.35M [00:02<00:00, 889kB/s]
[2026-07-17T21:02:12.532+0000] {logging_mixin.py:188} WARNING - bcc3585df5f953404e102d312d910283.nc: 100%|##########| 2.35M/2.35M [00:02<00:00, 996kB/s]
[2026-07-17T21:02:12.538+0000] {logging_mixin.py:188} WARNING -                                                                                         
[2026-07-17T21:02:12.843+0000] {logging_mixin.py:188} WARNING - 2026-07-17 21:02:12 [INFO] CDS timestep available: 22
[2026-07-17T21:02:12.843+0000] {era5_functions.py:128} INFO - CDS timestep available: 22
[2026-07-17T21:02:12.929+0000] {logging_mixin.py:188} WARNING - 2026-07-17 21:02:12 [INFO] local timestep: 20 — /opt/***/era5/ecmwf/data/nc/_raw/2026/07/12/instant_20260712.nc
[2026-07-17T21:02:12.929+0000] {era5_functions.py:152} INFO - local timestep: 20 — /opt/***/era5/ecmwf/data/nc/_raw/2026/07/12/instant_20260712.nc
[2026-07-17T21:02:12.936+0000] {logging_mixin.py:188} WARNING - 2026-07-17 21:02:12 [INFO] nc outdated (local=20 < cds=22), removing: /opt/***/era5/ecmwf/data/nc/_raw/2026/07/12/instant_20260712.nc
[2026-07-17T21:02:12.935+0000] {era5_functions.py:193} INFO - nc outdated (local=20 < cds=22), removing: /opt/***/era5/ecmwf/data/nc/_raw/2026/07/12/instant_20260712.nc
[2026-07-17T21:02:12.955+0000] {logging_mixin.py:188} WARNING - 2026-07-17 21:02:12 [INFO] download attempt 1/3: /opt/***/era5/ecmwf/data/nc/_raw/2026/07/12/instant_20260712.nc
[2026-07-17T21:02:12.955+0000] {era5_functions.py:200} INFO - download attempt 1/3: /opt/***/era5/ecmwf/data/nc/_raw/2026/07/12/instant_20260712.nc
[2026-07-17T21:02:13.905+0000] {logging_mixin.py:188} WARNING - 2026-07-17 21:02:13,905 INFO Request ID is 76b2b4b0-9976-4e0a-a1f9-cc9aa4974745
[2026-07-17T21:02:13.905+0000] {legacy_client.py:192} INFO - Request ID is 76b2b4b0-9976-4e0a-a1f9-cc9aa4974745
[2026-07-17T21:02:14.193+0000] {logging_mixin.py:188} WARNING - 2026-07-17 21:02:14,193 INFO status has been updated to accepted
[2026-07-17T21:02:14.193+0000] {legacy_client.py:192} INFO - status has been updated to accepted
[2026-07-17T21:03:06.986+0000] {logging_mixin.py:188} WARNING - 2026-07-17 21:03:06,986 INFO status has been updated to running
[2026-07-17T21:03:06.986+0000] {legacy_client.py:192} INFO - status has been updated to running
[2026-07-17T21:03:32.887+0000] {logging_mixin.py:188} WARNING - 2026-07-17 21:03:32,886 INFO status has been updated to successful
[2026-07-17T21:03:32.886+0000] {legacy_client.py:192} INFO - status has been updated to successful
[2026-07-17T21:03:33.409+0000] {base.py:119} INFO - Downloading https://object-store.os-api.cci2.ecmwf.int:443/cci2-prod-cache-2/2026-07-17/6063b45a30bfe6d0379bb8087d4643c6.nc
[2026-07-17T21:03:34.234+0000] {logging_mixin.py:188} WARNING - 6063b45a30bfe6d0379bb8087d4643c6.nc:   0%|          | 0.00/2.35M [00:00<?, ?B/s]
[2026-07-17T21:03:36.365+0000] {logging_mixin.py:188} WARNING - 6063b45a30bfe6d0379bb8087d4643c6.nc:  43%|####2     | 1.00M/2.35M [00:02<00:02, 492kB/s]
[2026-07-17T21:03:36.605+0000] {logging_mixin.py:188} WARNING - 6063b45a30bfe6d0379bb8087d4643c6.nc:  85%|########5 | 2.00M/2.35M [00:02<00:00, 1.03MB/s]
[2026-07-17T21:03:36.628+0000] {logging_mixin.py:188} WARNING -                                                                                          
[2026-07-17T21:03:36.808+0000] {logging_mixin.py:188} WARNING - 2026-07-17 21:03:36 [INFO] nc downloaded ok: /opt/***/era5/ecmwf/data/nc/_raw/2026/07/12/instant_20260712.nc
[2026-07-17T21:03:36.807+0000] {era5_functions.py:204} INFO - nc downloaded ok: /opt/***/era5/ecmwf/data/nc/_raw/2026/07/12/instant_20260712.nc
[2026-07-17T21:03:36.911+0000] {logging_mixin.py:188} WARNING - 2026-07-17 21:03:36 [INFO] local timestep: 22 — /opt/***/era5/ecmwf/data/nc/_raw/2026/07/12/instant_20260712.nc
[2026-07-17T21:03:36.911+0000] {era5_functions.py:152} INFO - local timestep: 22 — /opt/***/era5/ecmwf/data/nc/_raw/2026/07/12/instant_20260712.nc
[2026-07-17T21:03:37.033+0000] {logging_mixin.py:188} WARNING - 2026-07-17 21:03:37 [INFO] tif outdated (tif=20 < nc=22), removing: /opt/***/era5/ecmwf/data/tif/2026/07/12/t2m_20260712.tif
[2026-07-17T21:03:37.032+0000] {era5_functions.py:261} INFO - tif outdated (tif=20 < nc=22), removing: /opt/***/era5/ecmwf/data/tif/2026/07/12/t2m_20260712.tif
[2026-07-17T21:03:37.183+0000] {logging_mixin.py:188} WARNING - 2026-07-17 21:03:37 [INFO] tif ok (bands=22): /opt/***/era5/ecmwf/data/tif/2026/07/12/t2m_20260712.tif
[2026-07-17T21:03:37.183+0000] {era5_functions.py:304} INFO - tif ok (bands=22): /opt/***/era5/ecmwf/data/tif/2026/07/12/t2m_20260712.tif
[2026-07-17T21:03:37.204+0000] {logging_mixin.py:188} WARNING - 2026-07-17 21:03:37 [INFO] tif outdated (tif=20 < nc=22), removing: /opt/***/era5/ecmwf/data/tif/2026/07/12/d2m_20260712.tif
[2026-07-17T21:03:37.203+0000] {era5_functions.py:261} INFO - tif outdated (tif=20 < nc=22), removing: /opt/***/era5/ecmwf/data/tif/2026/07/12/d2m_20260712.tif
[2026-07-17T21:03:37.336+0000] {logging_mixin.py:188} WARNING - 2026-07-17 21:03:37 [INFO] tif ok (bands=22): /opt/***/era5/ecmwf/data/tif/2026/07/12/d2m_20260712.tif
[2026-07-17T21:03:37.336+0000] {era5_functions.py:304} INFO - tif ok (bands=22): /opt/***/era5/ecmwf/data/tif/2026/07/12/d2m_20260712.tif
[2026-07-17T21:03:37.354+0000] {logging_mixin.py:188} WARNING - 2026-07-17 21:03:37 [INFO] tif outdated (tif=20 < nc=22), removing: /opt/***/era5/ecmwf/data/tif/2026/07/12/sp_20260712.tif
[2026-07-17T21:03:37.354+0000] {era5_functions.py:261} INFO - tif outdated (tif=20 < nc=22), removing: /opt/***/era5/ecmwf/data/tif/2026/07/12/sp_20260712.tif
[2026-07-17T21:03:37.507+0000] {logging_mixin.py:188} WARNING - 2026-07-17 21:03:37 [INFO] tif ok (bands=22): /opt/***/era5/ecmwf/data/tif/2026/07/12/sp_20260712.tif
[2026-07-17T21:03:37.506+0000] {era5_functions.py:304} INFO - tif ok (bands=22): /opt/***/era5/ecmwf/data/tif/2026/07/12/sp_20260712.tif
[2026-07-17T21:03:37.533+0000] {logging_mixin.py:188} WARNING - 2026-07-17 21:03:37 [INFO] tif outdated (tif=20 < nc=22), removing: /opt/***/era5/ecmwf/data/tif/2026/07/12/blh_20260712.tif
[2026-07-17T21:03:37.533+0000] {era5_functions.py:261} INFO - tif outdated (tif=20 < nc=22), removing: /opt/***/era5/ecmwf/data/tif/2026/07/12/blh_20260712.tif
[2026-07-17T21:03:37.664+0000] {logging_mixin.py:188} WARNING - 2026-07-17 21:03:37 [INFO] tif ok (bands=22): /opt/***/era5/ecmwf/data/tif/2026/07/12/blh_20260712.tif
[2026-07-17T21:03:37.664+0000] {era5_functions.py:304} INFO - tif ok (bands=22): /opt/***/era5/ecmwf/data/tif/2026/07/12/blh_20260712.tif
[2026-07-17T21:03:37.686+0000] {logging_mixin.py:188} WARNING - 2026-07-17 21:03:37 [INFO] tif outdated (tif=20 < nc=22), removing: /opt/***/era5/ecmwf/data/tif/2026/07/12/u10_20260712.tif
[2026-07-17T21:03:37.686+0000] {era5_functions.py:261} INFO - tif outdated (tif=20 < nc=22), removing: /opt/***/era5/ecmwf/data/tif/2026/07/12/u10_20260712.tif
[2026-07-17T21:03:37.801+0000] {logging_mixin.py:188} WARNING - 2026-07-17 21:03:37 [INFO] tif ok (bands=22): /opt/***/era5/ecmwf/data/tif/2026/07/12/u10_20260712.tif
[2026-07-17T21:03:37.801+0000] {era5_functions.py:304} INFO - tif ok (bands=22): /opt/***/era5/ecmwf/data/tif/2026/07/12/u10_20260712.tif
[2026-07-17T21:03:37.832+0000] {logging_mixin.py:188} WARNING - 2026-07-17 21:03:37 [INFO] tif outdated (tif=20 < nc=22), removing: /opt/***/era5/ecmwf/data/tif/2026/07/12/v10_20260712.tif
[2026-07-17T21:03:37.831+0000] {era5_functions.py:261} INFO - tif outdated (tif=20 < nc=22), removing: /opt/***/era5/ecmwf/data/tif/2026/07/12/v10_20260712.tif
[2026-07-17T21:03:37.954+0000] {logging_mixin.py:188} WARNING - 2026-07-17 21:03:37 [INFO] tif ok (bands=22): /opt/***/era5/ecmwf/data/tif/2026/07/12/v10_20260712.tif
[2026-07-17T21:03:37.954+0000] {era5_functions.py:304} INFO - tif ok (bands=22): /opt/***/era5/ecmwf/data/tif/2026/07/12/v10_20260712.tif
[2026-07-17T21:03:37.961+0000] {logging_mixin.py:188} WARNING - 2026-07-17 21:03:37 [INFO] === END job=instant date=2026-07-17 ===
[2026-07-17T21:03:37.961+0000] {era5_functions.py:379} INFO - === END job=instant date=2026-07-17 ===
[2026-07-17T21:03:37.963+0000] {python.py:237} INFO - Done. Returned value was: None
[2026-07-17T21:03:37.964+0000] {taskinstance.py:441} INFO - ::group::Post task execution logs
[2026-07-17T21:03:37.980+0000] {taskinstance.py:1206} INFO - Marking task as SUCCESS. dag_id=era5_download_pipeline, task_id=era5_instant, run_id=scheduled__2026-07-17T20:00:00+00:00, execution_date=20260717T200000, start_date=20260717T210002, end_date=20260717T210337
[2026-07-17T21:03:38.051+0000] {local_task_job_runner.py:240} INFO - Task exited with return code 0
[2026-07-17T21:03:38.080+0000] {taskinstance.py:3498} INFO - 1 downstream tasks scheduled from follow-on schedule check
[2026-07-17T21:03:38.083+0000] {local_task_job_runner.py:222} INFO - ::endgroup::
