[2026-07-20T11:16:52.413+0000] {local_task_job_runner.py:120} INFO - ::group::Pre task execution logs
[2026-07-20T11:16:52.442+0000] {taskinstance.py:2076} INFO - Dependencies all met for dep_context=non-requeueable deps ti=<TaskInstance: era5_download_pipeline.era5_accum scheduled__2026-07-20T10:00:00+00:00 [queued]>
[2026-07-20T11:16:52.451+0000] {taskinstance.py:2076} INFO - Dependencies all met for dep_context=requeueable deps ti=<TaskInstance: era5_download_pipeline.era5_accum scheduled__2026-07-20T10:00:00+00:00 [queued]>
[2026-07-20T11:16:52.452+0000] {taskinstance.py:2306} INFO - Starting attempt 1 of 1
[2026-07-20T11:16:52.472+0000] {taskinstance.py:2330} INFO - Executing <Task(PythonOperator): era5_accum> on 2026-07-20 10:00:00+00:00
[2026-07-20T11:16:52.484+0000] {warnings.py:110} WARNING - /home/***/.local/lib/python3.12/site-packages/***/task/task_runner/standard_task_runner.py:61: DeprecationWarning: This process (pid=1976) is multi-threaded, use of fork() may lead to deadlocks in the child.
  pid = os.fork()

[2026-07-20T11:16:52.487+0000] {standard_task_runner.py:63} INFO - Started process 1978 to run task
[2026-07-20T11:16:52.487+0000] {standard_task_runner.py:90} INFO - Running: ['***', 'tasks', 'run', 'era5_download_pipeline', 'era5_accum', 'scheduled__2026-07-20T10:00:00+00:00', '--job-id', '2445', '--raw', '--subdir', 'DAGS_FOLDER/era5_dag.py', '--cfg-path', '/tmp/tmpz003r722']
[2026-07-20T11:16:52.492+0000] {standard_task_runner.py:91} INFO - Job 2445: Subtask era5_accum
[2026-07-20T11:16:52.562+0000] {task_command.py:426} INFO - Running <TaskInstance: era5_download_pipeline.era5_accum scheduled__2026-07-20T10:00:00+00:00 [running]> on host e2e0d31e4327
[2026-07-20T11:16:52.682+0000] {taskinstance.py:2648} INFO - Exporting env vars: AIRFLOW_CTX_DAG_OWNER='era5' AIRFLOW_CTX_DAG_ID='era5_download_pipeline' AIRFLOW_CTX_TASK_ID='era5_accum' AIRFLOW_CTX_EXECUTION_DATE='2026-07-20T10:00:00+00:00' AIRFLOW_CTX_TRY_NUMBER='1' AIRFLOW_CTX_DAG_RUN_ID='scheduled__2026-07-20T10:00:00+00:00'
[2026-07-20T11:16:52.684+0000] {taskinstance.py:430} INFO - ::endgroup::
[2026-07-20T11:17:09.714+0000] {warnings.py:110} WARNING - /home/***/.local/lib/python3.12/site-packages/ecmwf/datastores/client.py:87: UserWarning: HTTPSConnectionPool(host='cds.climate.copernicus.eu', port=443): Max retries exceeded with url: /api/catalogue/v1/messages (Caused by SSLError(SSLEOFError(8, '[SSL: UNEXPECTED_EOF_WHILE_READING] EOF occurred in violation of protocol (_ssl.c:1000)')))
  warnings.warn(str(exc), UserWarning)

[2026-07-20T11:17:09.724+0000] {logging_mixin.py:188} WARNING - 2026-07-20 11:17:09 [INFO] === START ERA5 SYNC job=accum ===
[2026-07-20T11:17:09.724+0000] {era5_functions.py:752} INFO - === START ERA5 SYNC job=accum ===
[2026-07-20T11:17:09.727+0000] {logging_mixin.py:188} WARNING - 2026-07-20 11:17:09 [INFO] --- SYNC accum 20260720 ---
[2026-07-20T11:17:09.727+0000] {era5_functions.py:253} INFO - --- SYNC accum 20260720 ---
[2026-07-20T11:17:09.730+0000] {logging_mixin.py:188} WARNING - 2026-07-20 11:17:09 [INFO] CDS download 2026-07-20 attempt 1/3
[2026-07-20T11:17:09.730+0000] {era5_functions.py:141} INFO - CDS download 2026-07-20 attempt 1/3
[2026-07-20T11:17:21.041+0000] {logging_mixin.py:188} WARNING - 2026-07-20 11:17:21 [WARNING] CDS download failed: HTTPSConnectionPool(host='cds.climate.copernicus.eu', port=443): Max retries exceeded with url: /api/retrieve/v1/processes/reanalysis-era5-single-levels (Caused by SSLError(SSLEOFError(8, '[SSL: UNEXPECTED_EOF_WHILE_READING] EOF occurred in violation of protocol (_ssl.c:1000)')))
[2026-07-20T11:17:21.041+0000] {era5_functions.py:211} WARNING - CDS download failed: HTTPSConnectionPool(host='cds.climate.copernicus.eu', port=443): Max retries exceeded with url: /api/retrieve/v1/processes/reanalysis-era5-single-levels (Caused by SSLError(SSLEOFError(8, '[SSL: UNEXPECTED_EOF_WHILE_READING] EOF occurred in violation of protocol (_ssl.c:1000)')))
[2026-07-20T11:18:21.042+0000] {logging_mixin.py:188} WARNING - 2026-07-20 11:18:21 [INFO] CDS download 2026-07-20 attempt 2/3
[2026-07-20T11:18:21.042+0000] {era5_functions.py:141} INFO - CDS download 2026-07-20 attempt 2/3
[2026-07-20T11:18:38.162+0000] {logging_mixin.py:188} WARNING - 2026-07-20 11:18:38 [WARNING] CDS download failed: HTTPSConnectionPool(host='cds.climate.copernicus.eu', port=443): Max retries exceeded with url: /api/retrieve/v1/processes/reanalysis-era5-single-levels (Caused by SSLError(SSLEOFError(8, '[SSL: UNEXPECTED_EOF_WHILE_READING] EOF occurred in violation of protocol (_ssl.c:1000)')))
[2026-07-20T11:18:38.161+0000] {era5_functions.py:211} WARNING - CDS download failed: HTTPSConnectionPool(host='cds.climate.copernicus.eu', port=443): Max retries exceeded with url: /api/retrieve/v1/processes/reanalysis-era5-single-levels (Caused by SSLError(SSLEOFError(8, '[SSL: UNEXPECTED_EOF_WHILE_READING] EOF occurred in violation of protocol (_ssl.c:1000)')))
[2026-07-20T11:19:38.161+0000] {logging_mixin.py:188} WARNING - 2026-07-20 11:19:38 [INFO] CDS download 2026-07-20 attempt 3/3
[2026-07-20T11:19:38.160+0000] {era5_functions.py:141} INFO - CDS download 2026-07-20 attempt 3/3
[2026-07-20T11:19:53.807+0000] {logging_mixin.py:188} WARNING - 2026-07-20 11:19:53 [WARNING] CDS download failed: HTTPSConnectionPool(host='cds.climate.copernicus.eu', port=443): Max retries exceeded with url: /api/retrieve/v1/processes/reanalysis-era5-single-levels (Caused by SSLError(SSLEOFError(8, '[SSL: UNEXPECTED_EOF_WHILE_READING] EOF occurred in violation of protocol (_ssl.c:1000)')))
[2026-07-20T11:19:53.806+0000] {era5_functions.py:211} WARNING - CDS download failed: HTTPSConnectionPool(host='cds.climate.copernicus.eu', port=443): Max retries exceeded with url: /api/retrieve/v1/processes/reanalysis-era5-single-levels (Caused by SSLError(SSLEOFError(8, '[SSL: UNEXPECTED_EOF_WHILE_READING] EOF occurred in violation of protocol (_ssl.c:1000)')))
[2026-07-20T11:19:53.812+0000] {logging_mixin.py:188} WARNING - 2026-07-20 11:19:53 [INFO] --- SYNC accum 20260719 ---
[2026-07-20T11:19:53.811+0000] {era5_functions.py:253} INFO - --- SYNC accum 20260719 ---
[2026-07-20T11:19:53.816+0000] {logging_mixin.py:188} WARNING - 2026-07-20 11:19:53 [INFO] CDS download 2026-07-19 attempt 1/3
[2026-07-20T11:19:53.816+0000] {era5_functions.py:141} INFO - CDS download 2026-07-19 attempt 1/3
[2026-07-20T11:20:11.483+0000] {logging_mixin.py:188} WARNING - 2026-07-20 11:20:11 [WARNING] CDS download failed: HTTPSConnectionPool(host='cds.climate.copernicus.eu', port=443): Max retries exceeded with url: /api/retrieve/v1/processes/reanalysis-era5-single-levels (Caused by SSLError(SSLEOFError(8, '[SSL: UNEXPECTED_EOF_WHILE_READING] EOF occurred in violation of protocol (_ssl.c:1000)')))
[2026-07-20T11:20:11.482+0000] {era5_functions.py:211} WARNING - CDS download failed: HTTPSConnectionPool(host='cds.climate.copernicus.eu', port=443): Max retries exceeded with url: /api/retrieve/v1/processes/reanalysis-era5-single-levels (Caused by SSLError(SSLEOFError(8, '[SSL: UNEXPECTED_EOF_WHILE_READING] EOF occurred in violation of protocol (_ssl.c:1000)')))
[2026-07-20T11:21:11.480+0000] {logging_mixin.py:188} WARNING - 2026-07-20 11:21:11 [INFO] CDS download 2026-07-19 attempt 2/3
[2026-07-20T11:21:11.480+0000] {era5_functions.py:141} INFO - CDS download 2026-07-19 attempt 2/3
[2026-07-20T11:21:27.669+0000] {logging_mixin.py:188} WARNING - 2026-07-20 11:21:27 [WARNING] CDS download failed: HTTPSConnectionPool(host='cds.climate.copernicus.eu', port=443): Max retries exceeded with url: /api/retrieve/v1/processes/reanalysis-era5-single-levels (Caused by SSLError(SSLEOFError(8, '[SSL: UNEXPECTED_EOF_WHILE_READING] EOF occurred in violation of protocol (_ssl.c:1000)')))
[2026-07-20T11:21:27.669+0000] {era5_functions.py:211} WARNING - CDS download failed: HTTPSConnectionPool(host='cds.climate.copernicus.eu', port=443): Max retries exceeded with url: /api/retrieve/v1/processes/reanalysis-era5-single-levels (Caused by SSLError(SSLEOFError(8, '[SSL: UNEXPECTED_EOF_WHILE_READING] EOF occurred in violation of protocol (_ssl.c:1000)')))
[2026-07-20T11:22:27.670+0000] {logging_mixin.py:188} WARNING - 2026-07-20 11:22:27 [INFO] CDS download 2026-07-19 attempt 3/3
[2026-07-20T11:22:27.670+0000] {era5_functions.py:141} INFO - CDS download 2026-07-19 attempt 3/3
[2026-07-20T11:22:43.872+0000] {logging_mixin.py:188} WARNING - 2026-07-20 11:22:43 [WARNING] CDS download failed: HTTPSConnectionPool(host='cds.climate.copernicus.eu', port=443): Max retries exceeded with url: /api/retrieve/v1/processes/reanalysis-era5-single-levels (Caused by SSLError(SSLEOFError(8, '[SSL: UNEXPECTED_EOF_WHILE_READING] EOF occurred in violation of protocol (_ssl.c:1000)')))
[2026-07-20T11:22:43.868+0000] {era5_functions.py:211} WARNING - CDS download failed: HTTPSConnectionPool(host='cds.climate.copernicus.eu', port=443): Max retries exceeded with url: /api/retrieve/v1/processes/reanalysis-era5-single-levels (Caused by SSLError(SSLEOFError(8, '[SSL: UNEXPECTED_EOF_WHILE_READING] EOF occurred in violation of protocol (_ssl.c:1000)')))
[2026-07-20T11:22:43.875+0000] {logging_mixin.py:188} WARNING - 2026-07-20 11:22:43 [INFO] --- SYNC accum 20260718 ---
[2026-07-20T11:22:43.875+0000] {era5_functions.py:253} INFO - --- SYNC accum 20260718 ---
[2026-07-20T11:22:43.877+0000] {logging_mixin.py:188} WARNING - 2026-07-20 11:22:43 [INFO] CDS download 2026-07-18 attempt 1/3
[2026-07-20T11:22:43.877+0000] {era5_functions.py:141} INFO - CDS download 2026-07-18 attempt 1/3
[2026-07-20T11:22:56.210+0000] {logging_mixin.py:188} WARNING - 2026-07-20 11:22:56 [WARNING] CDS download failed: HTTPSConnectionPool(host='cds.climate.copernicus.eu', port=443): Max retries exceeded with url: /api/retrieve/v1/processes/reanalysis-era5-single-levels (Caused by SSLError(SSLEOFError(8, '[SSL: UNEXPECTED_EOF_WHILE_READING] EOF occurred in violation of protocol (_ssl.c:1000)')))
[2026-07-20T11:22:56.210+0000] {era5_functions.py:211} WARNING - CDS download failed: HTTPSConnectionPool(host='cds.climate.copernicus.eu', port=443): Max retries exceeded with url: /api/retrieve/v1/processes/reanalysis-era5-single-levels (Caused by SSLError(SSLEOFError(8, '[SSL: UNEXPECTED_EOF_WHILE_READING] EOF occurred in violation of protocol (_ssl.c:1000)')))
[2026-07-20T11:23:56.209+0000] {logging_mixin.py:188} WARNING - 2026-07-20 11:23:56 [INFO] CDS download 2026-07-18 attempt 2/3
[2026-07-20T11:23:56.209+0000] {era5_functions.py:141} INFO - CDS download 2026-07-18 attempt 2/3
[2026-07-20T11:24:14.677+0000] {logging_mixin.py:188} WARNING - 2026-07-20 11:24:14 [WARNING] CDS download failed: HTTPSConnectionPool(host='cds.climate.copernicus.eu', port=443): Max retries exceeded with url: /api/retrieve/v1/processes/reanalysis-era5-single-levels (Caused by SSLError(SSLEOFError(8, '[SSL: UNEXPECTED_EOF_WHILE_READING] EOF occurred in violation of protocol (_ssl.c:1000)')))
[2026-07-20T11:24:14.677+0000] {era5_functions.py:211} WARNING - CDS download failed: HTTPSConnectionPool(host='cds.climate.copernicus.eu', port=443): Max retries exceeded with url: /api/retrieve/v1/processes/reanalysis-era5-single-levels (Caused by SSLError(SSLEOFError(8, '[SSL: UNEXPECTED_EOF_WHILE_READING] EOF occurred in violation of protocol (_ssl.c:1000)')))
[2026-07-20T11:25:14.677+0000] {logging_mixin.py:188} WARNING - 2026-07-20 11:25:14 [INFO] CDS download 2026-07-18 attempt 3/3
[2026-07-20T11:25:14.677+0000] {era5_functions.py:141} INFO - CDS download 2026-07-18 attempt 3/3
[2026-07-20T11:25:30.525+0000] {logging_mixin.py:188} WARNING - 2026-07-20 11:25:30 [WARNING] CDS download failed: HTTPSConnectionPool(host='cds.climate.copernicus.eu', port=443): Max retries exceeded with url: /api/retrieve/v1/processes/reanalysis-era5-single-levels (Caused by SSLError(SSLEOFError(8, '[SSL: UNEXPECTED_EOF_WHILE_READING] EOF occurred in violation of protocol (_ssl.c:1000)')))
[2026-07-20T11:25:30.524+0000] {era5_functions.py:211} WARNING - CDS download failed: HTTPSConnectionPool(host='cds.climate.copernicus.eu', port=443): Max retries exceeded with url: /api/retrieve/v1/processes/reanalysis-era5-single-levels (Caused by SSLError(SSLEOFError(8, '[SSL: UNEXPECTED_EOF_WHILE_READING] EOF occurred in violation of protocol (_ssl.c:1000)')))
[2026-07-20T11:25:30.532+0000] {logging_mixin.py:188} WARNING - 2026-07-20 11:25:30 [INFO] --- SYNC accum 20260717 ---
[2026-07-20T11:25:30.532+0000] {era5_functions.py:253} INFO - --- SYNC accum 20260717 ---
[2026-07-20T11:25:30.538+0000] {logging_mixin.py:188} WARNING - 2026-07-20 11:25:30 [INFO] CDS download 2026-07-17 attempt 1/3
[2026-07-20T11:25:30.538+0000] {era5_functions.py:141} INFO - CDS download 2026-07-17 attempt 1/3
[2026-07-20T11:25:43.764+0000] {logging_mixin.py:188} WARNING - 2026-07-20 11:25:43 [WARNING] CDS download failed: HTTPSConnectionPool(host='cds.climate.copernicus.eu', port=443): Max retries exceeded with url: /api/retrieve/v1/processes/reanalysis-era5-single-levels (Caused by SSLError(SSLEOFError(8, '[SSL: UNEXPECTED_EOF_WHILE_READING] EOF occurred in violation of protocol (_ssl.c:1000)')))
[2026-07-20T11:25:43.764+0000] {era5_functions.py:211} WARNING - CDS download failed: HTTPSConnectionPool(host='cds.climate.copernicus.eu', port=443): Max retries exceeded with url: /api/retrieve/v1/processes/reanalysis-era5-single-levels (Caused by SSLError(SSLEOFError(8, '[SSL: UNEXPECTED_EOF_WHILE_READING] EOF occurred in violation of protocol (_ssl.c:1000)')))
[2026-07-20T11:26:43.762+0000] {logging_mixin.py:188} WARNING - 2026-07-20 11:26:43 [INFO] CDS download 2026-07-17 attempt 2/3
[2026-07-20T11:26:43.761+0000] {era5_functions.py:141} INFO - CDS download 2026-07-17 attempt 2/3
[2026-07-20T11:26:57.815+0000] {logging_mixin.py:188} WARNING - 2026-07-20 11:26:57 [WARNING] CDS download failed: HTTPSConnectionPool(host='cds.climate.copernicus.eu', port=443): Max retries exceeded with url: /api/retrieve/v1/processes/reanalysis-era5-single-levels (Caused by SSLError(SSLEOFError(8, '[SSL: UNEXPECTED_EOF_WHILE_READING] EOF occurred in violation of protocol (_ssl.c:1000)')))
[2026-07-20T11:26:57.814+0000] {era5_functions.py:211} WARNING - CDS download failed: HTTPSConnectionPool(host='cds.climate.copernicus.eu', port=443): Max retries exceeded with url: /api/retrieve/v1/processes/reanalysis-era5-single-levels (Caused by SSLError(SSLEOFError(8, '[SSL: UNEXPECTED_EOF_WHILE_READING] EOF occurred in violation of protocol (_ssl.c:1000)')))
[2026-07-20T11:27:57.816+0000] {logging_mixin.py:188} WARNING - 2026-07-20 11:27:57 [INFO] CDS download 2026-07-17 attempt 3/3
[2026-07-20T11:27:57.815+0000] {era5_functions.py:141} INFO - CDS download 2026-07-17 attempt 3/3
[2026-07-20T11:28:12.535+0000] {logging_mixin.py:188} WARNING - 2026-07-20 11:28:12 [WARNING] CDS download failed: HTTPSConnectionPool(host='cds.climate.copernicus.eu', port=443): Max retries exceeded with url: /api/retrieve/v1/processes/reanalysis-era5-single-levels (Caused by SSLError(SSLEOFError(8, '[SSL: UNEXPECTED_EOF_WHILE_READING] EOF occurred in violation of protocol (_ssl.c:1000)')))
[2026-07-20T11:28:12.534+0000] {era5_functions.py:211} WARNING - CDS download failed: HTTPSConnectionPool(host='cds.climate.copernicus.eu', port=443): Max retries exceeded with url: /api/retrieve/v1/processes/reanalysis-era5-single-levels (Caused by SSLError(SSLEOFError(8, '[SSL: UNEXPECTED_EOF_WHILE_READING] EOF occurred in violation of protocol (_ssl.c:1000)')))
[2026-07-20T11:28:12.540+0000] {logging_mixin.py:188} WARNING - 2026-07-20 11:28:12 [INFO] --- SYNC accum 20260716 ---
[2026-07-20T11:28:12.540+0000] {era5_functions.py:253} INFO - --- SYNC accum 20260716 ---
[2026-07-20T11:28:12.545+0000] {logging_mixin.py:188} WARNING - 2026-07-20 11:28:12 [INFO] CDS download 2026-07-16 attempt 1/3
[2026-07-20T11:28:12.545+0000] {era5_functions.py:141} INFO - CDS download 2026-07-16 attempt 1/3
[2026-07-20T11:28:29.120+0000] {logging_mixin.py:188} WARNING - 2026-07-20 11:28:29 [WARNING] CDS download failed: HTTPSConnectionPool(host='cds.climate.copernicus.eu', port=443): Max retries exceeded with url: /api/retrieve/v1/processes/reanalysis-era5-single-levels (Caused by SSLError(SSLEOFError(8, '[SSL: UNEXPECTED_EOF_WHILE_READING] EOF occurred in violation of protocol (_ssl.c:1000)')))
[2026-07-20T11:28:29.120+0000] {era5_functions.py:211} WARNING - CDS download failed: HTTPSConnectionPool(host='cds.climate.copernicus.eu', port=443): Max retries exceeded with url: /api/retrieve/v1/processes/reanalysis-era5-single-levels (Caused by SSLError(SSLEOFError(8, '[SSL: UNEXPECTED_EOF_WHILE_READING] EOF occurred in violation of protocol (_ssl.c:1000)')))
[2026-07-20T11:29:29.120+0000] {logging_mixin.py:188} WARNING - 2026-07-20 11:29:29 [INFO] CDS download 2026-07-16 attempt 2/3
[2026-07-20T11:29:29.120+0000] {era5_functions.py:141} INFO - CDS download 2026-07-16 attempt 2/3
[2026-07-20T11:29:39.799+0000] {logging_mixin.py:188} WARNING - 2026-07-20 11:29:39 [WARNING] CDS download failed: HTTPSConnectionPool(host='cds.climate.copernicus.eu', port=443): Max retries exceeded with url: /api/retrieve/v1/processes/reanalysis-era5-single-levels (Caused by SSLError(SSLEOFError(8, '[SSL: UNEXPECTED_EOF_WHILE_READING] EOF occurred in violation of protocol (_ssl.c:1000)')))
[2026-07-20T11:29:39.798+0000] {era5_functions.py:211} WARNING - CDS download failed: HTTPSConnectionPool(host='cds.climate.copernicus.eu', port=443): Max retries exceeded with url: /api/retrieve/v1/processes/reanalysis-era5-single-levels (Caused by SSLError(SSLEOFError(8, '[SSL: UNEXPECTED_EOF_WHILE_READING] EOF occurred in violation of protocol (_ssl.c:1000)')))
[2026-07-20T11:30:39.798+0000] {logging_mixin.py:188} WARNING - 2026-07-20 11:30:39 [INFO] CDS download 2026-07-16 attempt 3/3
[2026-07-20T11:30:39.797+0000] {era5_functions.py:141} INFO - CDS download 2026-07-16 attempt 3/3
[2026-07-20T11:30:52.793+0000] {logging_mixin.py:188} WARNING - 2026-07-20 11:30:52 [WARNING] CDS download failed: HTTPSConnectionPool(host='cds.climate.copernicus.eu', port=443): Max retries exceeded with url: /api/retrieve/v1/processes/reanalysis-era5-single-levels (Caused by SSLError(SSLEOFError(8, '[SSL: UNEXPECTED_EOF_WHILE_READING] EOF occurred in violation of protocol (_ssl.c:1000)')))
[2026-07-20T11:30:52.792+0000] {era5_functions.py:211} WARNING - CDS download failed: HTTPSConnectionPool(host='cds.climate.copernicus.eu', port=443): Max retries exceeded with url: /api/retrieve/v1/processes/reanalysis-era5-single-levels (Caused by SSLError(SSLEOFError(8, '[SSL: UNEXPECTED_EOF_WHILE_READING] EOF occurred in violation of protocol (_ssl.c:1000)')))
[2026-07-20T11:30:52.822+0000] {logging_mixin.py:188} WARNING - 2026-07-20 11:30:52 [INFO] --- SYNC accum 20260715 ---
[2026-07-20T11:30:52.822+0000] {era5_functions.py:253} INFO - --- SYNC accum 20260715 ---
[2026-07-20T11:30:52.826+0000] {logging_mixin.py:188} WARNING - 2026-07-20 11:30:52 [INFO] CDS download 2026-07-15 attempt 1/3
[2026-07-20T11:30:52.826+0000] {era5_functions.py:141} INFO - CDS download 2026-07-15 attempt 1/3
[2026-07-20T11:31:10.805+0000] {logging_mixin.py:188} WARNING - 2026-07-20 11:31:10 [WARNING] CDS download failed: HTTPSConnectionPool(host='cds.climate.copernicus.eu', port=443): Max retries exceeded with url: /api/retrieve/v1/processes/reanalysis-era5-single-levels (Caused by SSLError(SSLEOFError(8, '[SSL: UNEXPECTED_EOF_WHILE_READING] EOF occurred in violation of protocol (_ssl.c:1000)')))
[2026-07-20T11:31:10.804+0000] {era5_functions.py:211} WARNING - CDS download failed: HTTPSConnectionPool(host='cds.climate.copernicus.eu', port=443): Max retries exceeded with url: /api/retrieve/v1/processes/reanalysis-era5-single-levels (Caused by SSLError(SSLEOFError(8, '[SSL: UNEXPECTED_EOF_WHILE_READING] EOF occurred in violation of protocol (_ssl.c:1000)')))
[2026-07-20T11:32:10.804+0000] {logging_mixin.py:188} WARNING - 2026-07-20 11:32:10 [INFO] CDS download 2026-07-15 attempt 2/3
[2026-07-20T11:32:10.804+0000] {era5_functions.py:141} INFO - CDS download 2026-07-15 attempt 2/3
[2026-07-20T11:32:25.115+0000] {logging_mixin.py:188} WARNING - 2026-07-20 11:32:25 [WARNING] CDS download failed: HTTPSConnectionPool(host='cds.climate.copernicus.eu', port=443): Max retries exceeded with url: /api/retrieve/v1/processes/reanalysis-era5-single-levels (Caused by SSLError(SSLEOFError(8, '[SSL: UNEXPECTED_EOF_WHILE_READING] EOF occurred in violation of protocol (_ssl.c:1000)')))
[2026-07-20T11:32:25.115+0000] {era5_functions.py:211} WARNING - CDS download failed: HTTPSConnectionPool(host='cds.climate.copernicus.eu', port=443): Max retries exceeded with url: /api/retrieve/v1/processes/reanalysis-era5-single-levels (Caused by SSLError(SSLEOFError(8, '[SSL: UNEXPECTED_EOF_WHILE_READING] EOF occurred in violation of protocol (_ssl.c:1000)')))
[2026-07-20T11:33:25.117+0000] {logging_mixin.py:188} WARNING - 2026-07-20 11:33:25 [INFO] CDS download 2026-07-15 attempt 3/3
[2026-07-20T11:33:25.116+0000] {era5_functions.py:141} INFO - CDS download 2026-07-15 attempt 3/3
[2026-07-20T11:33:41.691+0000] {logging_mixin.py:188} WARNING - 2026-07-20 11:33:41 [WARNING] CDS download failed: HTTPSConnectionPool(host='cds.climate.copernicus.eu', port=443): Max retries exceeded with url: /api/retrieve/v1/processes/reanalysis-era5-single-levels (Caused by SSLError(SSLEOFError(8, '[SSL: UNEXPECTED_EOF_WHILE_READING] EOF occurred in violation of protocol (_ssl.c:1000)')))
[2026-07-20T11:33:41.691+0000] {era5_functions.py:211} WARNING - CDS download failed: HTTPSConnectionPool(host='cds.climate.copernicus.eu', port=443): Max retries exceeded with url: /api/retrieve/v1/processes/reanalysis-era5-single-levels (Caused by SSLError(SSLEOFError(8, '[SSL: UNEXPECTED_EOF_WHILE_READING] EOF occurred in violation of protocol (_ssl.c:1000)')))
[2026-07-20T11:33:41.699+0000] {logging_mixin.py:188} WARNING - 2026-07-20 11:33:41 [INFO] === END ERA5 SYNC job=accum ===
[2026-07-20T11:33:41.698+0000] {era5_functions.py:778} INFO - === END ERA5 SYNC job=accum ===
[2026-07-20T11:33:41.703+0000] {python.py:237} INFO - Done. Returned value was: None
[2026-07-20T11:33:41.705+0000] {taskinstance.py:441} INFO - ::group::Post task execution logs
[2026-07-20T11:33:41.738+0000] {taskinstance.py:1206} INFO - Marking task as SUCCESS. dag_id=era5_download_pipeline, task_id=era5_accum, run_id=scheduled__2026-07-20T10:00:00+00:00, execution_date=20260720T100000, start_date=20260720T111652, end_date=20260720T113341
[2026-07-20T11:33:41.818+0000] {local_task_job_runner.py:240} INFO - Task exited with return code 0
[2026-07-20T11:33:41.838+0000] {taskinstance.py:3498} INFO - 0 downstream tasks scheduled from follow-on schedule check
[2026-07-20T11:33:41.841+0000] {local_task_job_runner.py:222} INFO - ::endgroup::
