[2026-05-20T13:00:02.297+0000] {local_task_job_runner.py:120} INFO - ::group::Pre task execution logs
[2026-05-20T13:00:02.326+0000] {taskinstance.py:2076} INFO - Dependencies all met for dep_context=non-requeueable deps ti=<TaskInstance: era5_ecmwf_pipeline.era5_instant scheduled__2026-05-20T12:00:00+00:00 [queued]>
[2026-05-20T13:00:02.335+0000] {taskinstance.py:2076} INFO - Dependencies all met for dep_context=requeueable deps ti=<TaskInstance: era5_ecmwf_pipeline.era5_instant scheduled__2026-05-20T12:00:00+00:00 [queued]>
[2026-05-20T13:00:02.337+0000] {taskinstance.py:2306} INFO - Starting attempt 1 of 1
[2026-05-20T13:00:02.352+0000] {taskinstance.py:2330} INFO - Executing <Task(PythonOperator): era5_instant> on 2026-05-20 12:00:00+00:00
[2026-05-20T13:00:02.364+0000] {warnings.py:110} WARNING - /home/***/.local/lib/python3.12/site-packages/***/task/task_runner/standard_task_runner.py:61: DeprecationWarning: This process (pid=8835) is multi-threaded, use of fork() may lead to deadlocks in the child.
  pid = os.fork()

[2026-05-20T13:00:02.367+0000] {standard_task_runner.py:63} INFO - Started process 8838 to run task
[2026-05-20T13:00:02.367+0000] {standard_task_runner.py:90} INFO - Running: ['***', 'tasks', 'run', 'era5_ecmwf_pipeline', 'era5_instant', 'scheduled__2026-05-20T12:00:00+00:00', '--job-id', '207', '--raw', '--subdir', 'DAGS_FOLDER/era5_dag.py', '--cfg-path', '/tmp/tmp3tysl4ir']
[2026-05-20T13:00:02.371+0000] {standard_task_runner.py:91} INFO - Job 207: Subtask era5_instant
[2026-05-20T13:00:02.449+0000] {task_command.py:426} INFO - Running <TaskInstance: era5_ecmwf_pipeline.era5_instant scheduled__2026-05-20T12:00:00+00:00 [running]> on host 1f93ee984da8
[2026-05-20T13:00:02.582+0000] {taskinstance.py:2648} INFO - Exporting env vars: AIRFLOW_CTX_DAG_OWNER='***' AIRFLOW_CTX_DAG_ID='era5_ecmwf_pipeline' AIRFLOW_CTX_TASK_ID='era5_instant' AIRFLOW_CTX_EXECUTION_DATE='2026-05-20T12:00:00+00:00' AIRFLOW_CTX_TRY_NUMBER='1' AIRFLOW_CTX_DAG_RUN_ID='scheduled__2026-05-20T12:00:00+00:00'
[2026-05-20T13:00:02.585+0000] {taskinstance.py:430} INFO - ::endgroup::
[2026-05-20T13:00:02.614+0000] {era5_logger.py:51} INFO - Log file: logs/era5/2026/05/15/era5_20260515.log
[2026-05-20T13:00:02.615+0000] {era5_functions.py:254} INFO - ERA5 [INSTANT] START: 2026-05-15
[2026-05-20T13:00:04.047+0000] {era5_functions.py:218} INFO - ==================================================
JOB: INSTANT | 2026-05-15
Variables: ['t2m', 'd2m', 'sp', 'blh', 'u10', 'v10']
==================================================
[2026-05-20T13:00:04.395+0000] {era5_functions.py:62} WARNING - [VALIDATE NC] instant_20260515.nc → NOT READY (2/24 timesteps)
[2026-05-20T13:00:04.396+0000] {era5_functions.py:229} WARNING - [PIPELINE] skip → ข้อมูลยังไม่ครบ
[2026-05-20T13:00:04.398+0000] {era5_functions.py:256} INFO - ERA5 [INSTANT] COMPLETE ✓
[2026-05-20T13:00:04.399+0000] {python.py:237} INFO - Done. Returned value was: None
[2026-05-20T13:00:04.400+0000] {taskinstance.py:441} INFO - ::group::Post task execution logs
[2026-05-20T13:00:04.416+0000] {taskinstance.py:1206} INFO - Marking task as SUCCESS. dag_id=era5_ecmwf_pipeline, task_id=era5_instant, run_id=scheduled__2026-05-20T12:00:00+00:00, execution_date=20260520T120000, start_date=20260520T130002, end_date=20260520T130004
[2026-05-20T13:00:04.473+0000] {local_task_job_runner.py:240} INFO - Task exited with return code 0
[2026-05-20T13:00:04.503+0000] {taskinstance.py:3498} INFO - 0 downstream tasks scheduled from follow-on schedule check
[2026-05-20T13:00:04.507+0000] {local_task_job_runner.py:222} INFO - ::endgroup::
