[2026-05-22T19:00:02.539+0000] {local_task_job_runner.py:120} INFO - ::group::Pre task execution logs
[2026-05-22T19:00:02.565+0000] {taskinstance.py:2076} INFO - Dependencies all met for dep_context=non-requeueable deps ti=<TaskInstance: era5_ecmwf_pipeline.era5_instant scheduled__2026-05-22T18:00:00+00:00 [queued]>
[2026-05-22T19:00:02.575+0000] {taskinstance.py:2076} INFO - Dependencies all met for dep_context=requeueable deps ti=<TaskInstance: era5_ecmwf_pipeline.era5_instant scheduled__2026-05-22T18:00:00+00:00 [queued]>
[2026-05-22T19:00:02.576+0000] {taskinstance.py:2306} INFO - Starting attempt 1 of 1
[2026-05-22T19:00:02.593+0000] {taskinstance.py:2330} INFO - Executing <Task(PythonOperator): era5_instant> on 2026-05-22 18:00:00+00:00
[2026-05-22T19:00:02.607+0000] {warnings.py:110} WARNING - /home/***/.local/lib/python3.12/site-packages/***/task/task_runner/standard_task_runner.py:61: DeprecationWarning: This process (pid=12068) is multi-threaded, use of fork() may lead to deadlocks in the child.
  pid = os.fork()

[2026-05-22T19:00:02.611+0000] {standard_task_runner.py:63} INFO - Started process 12072 to run task
[2026-05-22T19:00:02.611+0000] {standard_task_runner.py:90} INFO - Running: ['***', 'tasks', 'run', 'era5_ecmwf_pipeline', 'era5_instant', 'scheduled__2026-05-22T18:00:00+00:00', '--job-id', '338', '--raw', '--subdir', 'DAGS_FOLDER/era5_dag.py', '--cfg-path', '/tmp/tmpxg3dcdvn']
[2026-05-22T19:00:02.616+0000] {standard_task_runner.py:91} INFO - Job 338: Subtask era5_instant
[2026-05-22T19:00:02.705+0000] {task_command.py:426} INFO - Running <TaskInstance: era5_ecmwf_pipeline.era5_instant scheduled__2026-05-22T18:00:00+00:00 [running]> on host fc8478f399e7
[2026-05-22T19:00:02.828+0000] {taskinstance.py:2648} INFO - Exporting env vars: AIRFLOW_CTX_DAG_OWNER='***' AIRFLOW_CTX_DAG_ID='era5_ecmwf_pipeline' AIRFLOW_CTX_TASK_ID='era5_instant' AIRFLOW_CTX_EXECUTION_DATE='2026-05-22T18:00:00+00:00' AIRFLOW_CTX_TRY_NUMBER='1' AIRFLOW_CTX_DAG_RUN_ID='scheduled__2026-05-22T18:00:00+00:00'
[2026-05-22T19:00:02.831+0000] {taskinstance.py:430} INFO - ::endgroup::
[2026-05-22T19:00:02.847+0000] {logging_mixin.py:188} INFO - RUN → instant | 2026-05-17
[2026-05-22T19:00:02.856+0000] {era5_logger.py:51} INFO - Log file: logs/era5/2026/05/17/era5_20260517.log
[2026-05-22T19:00:02.857+0000] {era5_functions.py:329} INFO - ERA5 [INSTANT] START: 2026-05-17
[2026-05-22T19:00:03.901+0000] {era5_functions.py:285} INFO - ============================================================
[2026-05-22T19:00:03.903+0000] {era5_functions.py:286} INFO - JOB : INSTANT | 2026-05-17
[2026-05-22T19:00:03.904+0000] {era5_functions.py:287} INFO - VARS: ['t2m', 'd2m', 'sp', 'blh', 'u10', 'v10']
[2026-05-22T19:00:03.906+0000] {era5_functions.py:288} INFO - ============================================================
[2026-05-22T19:00:04.224+0000] {era5_functions.py:63} WARNING - [VALIDATE NC] instant_20260517.nc → NOT READY (4/24)
[2026-05-22T19:00:04.228+0000] {era5_functions.py:123} WARNING - [NC] ERA5 not ready → instant_20260517.nc
[2026-05-22T19:00:04.230+0000] {era5_functions.py:295} WARNING - [PIPELINE] skip tif → nc not ready
[2026-05-22T19:00:04.230+0000] {era5_functions.py:341} INFO - ERA5 [INSTANT] COMPLETE ✓
[2026-05-22T19:00:04.232+0000] {logging_mixin.py:188} INFO - RUN → instant | 2026-05-16
[2026-05-22T19:00:04.240+0000] {era5_logger.py:51} INFO - Log file: logs/era5/2026/05/16/era5_20260516.log
[2026-05-22T19:00:04.241+0000] {era5_functions.py:329} INFO - ERA5 [INSTANT] START: 2026-05-16
[2026-05-22T19:00:05.267+0000] {era5_functions.py:285} INFO - ============================================================
[2026-05-22T19:00:05.268+0000] {era5_functions.py:286} INFO - JOB : INSTANT | 2026-05-16
[2026-05-22T19:00:05.269+0000] {era5_functions.py:287} INFO - VARS: ['t2m', 'd2m', 'sp', 'blh', 'u10', 'v10']
[2026-05-22T19:00:05.270+0000] {era5_functions.py:288} INFO - ============================================================
[2026-05-22T19:00:05.333+0000] {era5_functions.py:63} WARNING - [VALIDATE NC] instant_20260516.nc → NOT READY (2/24)
[2026-05-22T19:00:05.337+0000] {era5_functions.py:123} WARNING - [NC] ERA5 not ready → instant_20260516.nc
[2026-05-22T19:00:05.339+0000] {era5_functions.py:295} WARNING - [PIPELINE] skip tif → nc not ready
[2026-05-22T19:00:05.339+0000] {era5_functions.py:341} INFO - ERA5 [INSTANT] COMPLETE ✓
[2026-05-22T19:00:05.340+0000] {logging_mixin.py:188} INFO - RUN → instant | 2026-05-15
[2026-05-22T19:00:05.344+0000] {era5_logger.py:51} INFO - Log file: logs/era5/2026/05/15/era5_20260515.log
[2026-05-22T19:00:05.345+0000] {era5_functions.py:329} INFO - ERA5 [INSTANT] START: 2026-05-15
[2026-05-22T19:00:06.316+0000] {era5_functions.py:285} INFO - ============================================================
[2026-05-22T19:00:06.317+0000] {era5_functions.py:286} INFO - JOB : INSTANT | 2026-05-15
[2026-05-22T19:00:06.318+0000] {era5_functions.py:287} INFO - VARS: ['t2m', 'd2m', 'sp', 'blh', 'u10', 'v10']
[2026-05-22T19:00:06.320+0000] {era5_functions.py:288} INFO - ============================================================
[2026-05-22T19:00:06.387+0000] {era5_functions.py:63} WARNING - [VALIDATE NC] instant_20260515.nc → NOT READY (2/24)
[2026-05-22T19:00:06.394+0000] {era5_functions.py:123} WARNING - [NC] ERA5 not ready → instant_20260515.nc
[2026-05-22T19:00:06.396+0000] {era5_functions.py:295} WARNING - [PIPELINE] skip tif → nc not ready
[2026-05-22T19:00:06.397+0000] {era5_functions.py:341} INFO - ERA5 [INSTANT] COMPLETE ✓
[2026-05-22T19:00:06.399+0000] {python.py:237} INFO - Done. Returned value was: None
[2026-05-22T19:00:06.399+0000] {taskinstance.py:441} INFO - ::group::Post task execution logs
[2026-05-22T19:00:06.414+0000] {taskinstance.py:1206} INFO - Marking task as SUCCESS. dag_id=era5_ecmwf_pipeline, task_id=era5_instant, run_id=scheduled__2026-05-22T18:00:00+00:00, execution_date=20260522T180000, start_date=20260522T190002, end_date=20260522T190006
[2026-05-22T19:00:06.486+0000] {local_task_job_runner.py:240} INFO - Task exited with return code 0
[2026-05-22T19:00:06.509+0000] {taskinstance.py:3498} INFO - 0 downstream tasks scheduled from follow-on schedule check
[2026-05-22T19:00:06.512+0000] {local_task_job_runner.py:222} INFO - ::endgroup::
