[2026-05-23T16:00:02.907+0000] {local_task_job_runner.py:120} INFO - ::group::Pre task execution logs
[2026-05-23T16:00:02.932+0000] {taskinstance.py:2076} INFO - Dependencies all met for dep_context=non-requeueable deps ti=<TaskInstance: era5_ecmwf_pipeline.era5_accum scheduled__2026-05-23T15:00:00+00:00 [queued]>
[2026-05-23T16:00:02.943+0000] {taskinstance.py:2076} INFO - Dependencies all met for dep_context=requeueable deps ti=<TaskInstance: era5_ecmwf_pipeline.era5_accum scheduled__2026-05-23T15:00:00+00:00 [queued]>
[2026-05-23T16:00:02.944+0000] {taskinstance.py:2306} INFO - Starting attempt 1 of 1
[2026-05-23T16:00:02.961+0000] {taskinstance.py:2330} INFO - Executing <Task(PythonOperator): era5_accum> on 2026-05-23 15:00:00+00:00
[2026-05-23T16:00:02.973+0000] {warnings.py:110} WARNING - /home/***/.local/lib/python3.12/site-packages/***/task/task_runner/standard_task_runner.py:61: DeprecationWarning: This process (pid=28204) is multi-threaded, use of fork() may lead to deadlocks in the child.
  pid = os.fork()

[2026-05-23T16:00:02.977+0000] {standard_task_runner.py:63} INFO - Started process 28207 to run task
[2026-05-23T16:00:02.975+0000] {standard_task_runner.py:90} INFO - Running: ['***', 'tasks', 'run', 'era5_ecmwf_pipeline', 'era5_accum', 'scheduled__2026-05-23T15:00:00+00:00', '--job-id', '380', '--raw', '--subdir', 'DAGS_FOLDER/era5_dag.py', '--cfg-path', '/tmp/tmpt90vuiqw']
[2026-05-23T16:00:02.980+0000] {standard_task_runner.py:91} INFO - Job 380: Subtask era5_accum
[2026-05-23T16:00:03.058+0000] {task_command.py:426} INFO - Running <TaskInstance: era5_ecmwf_pipeline.era5_accum scheduled__2026-05-23T15:00:00+00:00 [running]> on host fc8478f399e7
[2026-05-23T16:00:03.180+0000] {taskinstance.py:2648} INFO - Exporting env vars: AIRFLOW_CTX_DAG_OWNER='***' AIRFLOW_CTX_DAG_ID='era5_ecmwf_pipeline' AIRFLOW_CTX_TASK_ID='era5_accum' AIRFLOW_CTX_EXECUTION_DATE='2026-05-23T15:00:00+00:00' AIRFLOW_CTX_TRY_NUMBER='1' AIRFLOW_CTX_DAG_RUN_ID='scheduled__2026-05-23T15:00:00+00:00'
[2026-05-23T16:00:03.182+0000] {taskinstance.py:430} INFO - ::endgroup::
[2026-05-23T16:00:03.199+0000] {logging_mixin.py:188} INFO - RUN → accum | 2026-05-18
[2026-05-23T16:00:03.211+0000] {era5_logger.py:51} INFO - Log file: logs/era5/2026/05/18/era5_20260518.log
[2026-05-23T16:00:03.212+0000] {era5_functions.py:329} INFO - ERA5 [ACCUM] START: 2026-05-18
[2026-05-23T16:00:04.262+0000] {era5_functions.py:285} INFO - ============================================================
[2026-05-23T16:00:04.264+0000] {era5_functions.py:286} INFO - JOB : ACCUM | 2026-05-18
[2026-05-23T16:00:04.265+0000] {era5_functions.py:287} INFO - VARS: ['tp']
[2026-05-23T16:00:04.267+0000] {era5_functions.py:288} INFO - ============================================================
[2026-05-23T16:00:04.608+0000] {era5_functions.py:63} WARNING - [VALIDATE NC] accum_20260518.nc → NOT READY (2/24)
[2026-05-23T16:00:04.611+0000] {era5_functions.py:123} WARNING - [NC] ERA5 not ready → accum_20260518.nc
[2026-05-23T16:00:04.612+0000] {era5_functions.py:295} WARNING - [PIPELINE] skip tif → nc not ready
[2026-05-23T16:00:04.613+0000] {era5_functions.py:341} INFO - ERA5 [ACCUM] COMPLETE ✓
[2026-05-23T16:00:04.614+0000] {logging_mixin.py:188} INFO - RUN → accum | 2026-05-17
[2026-05-23T16:00:04.620+0000] {era5_logger.py:51} INFO - Log file: logs/era5/2026/05/17/era5_20260517.log
[2026-05-23T16:00:04.621+0000] {era5_functions.py:329} INFO - ERA5 [ACCUM] START: 2026-05-17
[2026-05-23T16:00:05.629+0000] {era5_functions.py:285} INFO - ============================================================
[2026-05-23T16:00:05.631+0000] {era5_functions.py:286} INFO - JOB : ACCUM | 2026-05-17
[2026-05-23T16:00:05.632+0000] {era5_functions.py:287} INFO - VARS: ['tp']
[2026-05-23T16:00:05.634+0000] {era5_functions.py:288} INFO - ============================================================
[2026-05-23T16:00:05.675+0000] {era5_functions.py:63} WARNING - [VALIDATE NC] accum_20260517.nc → NOT READY (4/24)
[2026-05-23T16:00:05.677+0000] {era5_functions.py:123} WARNING - [NC] ERA5 not ready → accum_20260517.nc
[2026-05-23T16:00:05.678+0000] {era5_functions.py:295} WARNING - [PIPELINE] skip tif → nc not ready
[2026-05-23T16:00:05.679+0000] {era5_functions.py:341} INFO - ERA5 [ACCUM] COMPLETE ✓
[2026-05-23T16:00:05.681+0000] {logging_mixin.py:188} INFO - RUN → accum | 2026-05-16
[2026-05-23T16:00:05.686+0000] {era5_logger.py:51} INFO - Log file: logs/era5/2026/05/16/era5_20260516.log
[2026-05-23T16:00:05.687+0000] {era5_functions.py:329} INFO - ERA5 [ACCUM] START: 2026-05-16
[2026-05-23T16:00:06.658+0000] {era5_functions.py:285} INFO - ============================================================
[2026-05-23T16:00:06.660+0000] {era5_functions.py:286} INFO - JOB : ACCUM | 2026-05-16
[2026-05-23T16:00:06.662+0000] {era5_functions.py:287} INFO - VARS: ['tp']
[2026-05-23T16:00:06.663+0000] {era5_functions.py:288} INFO - ============================================================
[2026-05-23T16:00:06.727+0000] {era5_functions.py:63} WARNING - [VALIDATE NC] accum_20260516.nc → NOT READY (2/24)
[2026-05-23T16:00:06.733+0000] {era5_functions.py:123} WARNING - [NC] ERA5 not ready → accum_20260516.nc
[2026-05-23T16:00:06.735+0000] {era5_functions.py:295} WARNING - [PIPELINE] skip tif → nc not ready
[2026-05-23T16:00:06.736+0000] {era5_functions.py:341} INFO - ERA5 [ACCUM] COMPLETE ✓
[2026-05-23T16:00:06.737+0000] {python.py:237} INFO - Done. Returned value was: None
[2026-05-23T16:00:06.738+0000] {taskinstance.py:441} INFO - ::group::Post task execution logs
[2026-05-23T16:00:06.756+0000] {taskinstance.py:1206} INFO - Marking task as SUCCESS. dag_id=era5_ecmwf_pipeline, task_id=era5_accum, run_id=scheduled__2026-05-23T15:00:00+00:00, execution_date=20260523T150000, start_date=20260523T160002, end_date=20260523T160006
[2026-05-23T16:00:06.814+0000] {local_task_job_runner.py:240} INFO - Task exited with return code 0
[2026-05-23T16:00:06.836+0000] {taskinstance.py:3498} INFO - 0 downstream tasks scheduled from follow-on schedule check
[2026-05-23T16:00:06.840+0000] {local_task_job_runner.py:222} INFO - ::endgroup::
