[2026-05-29T17:00:01.573+0000] {local_task_job_runner.py:120} INFO - ::group::Pre task execution logs
[2026-05-29T17:00:01.608+0000] {taskinstance.py:2076} INFO - Dependencies all met for dep_context=non-requeueable deps ti=<TaskInstance: era5_download_pipeline.era5_instant scheduled__2026-05-29T16:00:00+00:00 [queued]>
[2026-05-29T17:00:01.623+0000] {taskinstance.py:2076} INFO - Dependencies all met for dep_context=requeueable deps ti=<TaskInstance: era5_download_pipeline.era5_instant scheduled__2026-05-29T16:00:00+00:00 [queued]>
[2026-05-29T17:00:01.625+0000] {taskinstance.py:2306} INFO - Starting attempt 1 of 1
[2026-05-29T17:00:01.647+0000] {taskinstance.py:2330} INFO - Executing <Task(PythonOperator): era5_instant> on 2026-05-29 16:00:00+00:00
[2026-05-29T17:00:01.659+0000] {warnings.py:110} WARNING - /home/***/.local/lib/python3.12/site-packages/***/task/task_runner/standard_task_runner.py:61: DeprecationWarning: This process (pid=6700) is multi-threaded, use of fork() may lead to deadlocks in the child.
  pid = os.fork()

[2026-05-29T17:00:01.663+0000] {standard_task_runner.py:63} INFO - Started process 6702 to run task
[2026-05-29T17:00:01.663+0000] {standard_task_runner.py:90} INFO - Running: ['***', 'tasks', 'run', 'era5_download_pipeline', 'era5_instant', 'scheduled__2026-05-29T16:00:00+00:00', '--job-id', '684', '--raw', '--subdir', 'DAGS_FOLDER/era5_dag.py', '--cfg-path', '/tmp/tmpxd604wsa']
[2026-05-29T17:00:01.668+0000] {standard_task_runner.py:91} INFO - Job 684: Subtask era5_instant
[2026-05-29T17:00:01.767+0000] {task_command.py:426} INFO - Running <TaskInstance: era5_download_pipeline.era5_instant scheduled__2026-05-29T16:00:00+00:00 [running]> on host d5b50bc7c6a5
[2026-05-29T17:00:01.931+0000] {taskinstance.py:2648} INFO - Exporting env vars: AIRFLOW_CTX_DAG_OWNER='era5' AIRFLOW_CTX_DAG_ID='era5_download_pipeline' AIRFLOW_CTX_TASK_ID='era5_instant' AIRFLOW_CTX_EXECUTION_DATE='2026-05-29T16:00:00+00:00' AIRFLOW_CTX_TRY_NUMBER='1' AIRFLOW_CTX_DAG_RUN_ID='scheduled__2026-05-29T16:00:00+00:00'
[2026-05-29T17:00:01.934+0000] {taskinstance.py:430} INFO - ::endgroup::
[2026-05-29T17:00:03.025+0000] {logging_mixin.py:188} WARNING - 2026-05-29 17:00:03 [INFO] === START job=instant date=2026-05-29 ===
[2026-05-29T17:00:03.025+0000] {era5_functions.py:368} INFO - === START job=instant date=2026-05-29 ===
[2026-05-29T17:00:03.029+0000] {logging_mixin.py:188} WARNING - 2026-05-29 17:00:03 [INFO] --- job=instant date=20260529 ---
[2026-05-29T17:00:03.029+0000] {era5_functions.py:330} INFO - --- job=instant date=20260529 ---
[2026-05-29T17:00:03.715+0000] {logging_mixin.py:188} WARNING - 2026-05-29 17:00:03 [WARNING] get_cds_count failed: 400 Client Error: Bad Request for url: https://cds.climate.copernicus.eu/api/retrieve/v1/processes/reanalysis-era5-single-levels/execution
invalid request
None of the data you have requested is available yet, please revise the period requested. The latest date available for this dataset is: 2026-05-24 17:00
[2026-05-29T17:00:03.715+0000] {era5_functions.py:131} WARNING - get_cds_count failed: 400 Client Error: Bad Request for url: https://cds.climate.copernicus.eu/api/retrieve/v1/processes/reanalysis-era5-single-levels/execution
invalid request
None of the data you have requested is available yet, please revise the period requested. The latest date available for this dataset is: 2026-05-24 17:00
[2026-05-29T17:00:03.718+0000] {logging_mixin.py:188} WARNING - 2026-05-29 17:00:03 [WARNING] CDS ยังไม่มีข้อมูล job=instant date=20260529, skip
[2026-05-29T17:00:03.718+0000] {era5_functions.py:335} WARNING - CDS ยังไม่มีข้อมูล job=instant date=20260529, skip
[2026-05-29T17:00:03.719+0000] {logging_mixin.py:188} WARNING - 2026-05-29 17:00:03 [INFO] --- job=instant date=20260528 ---
[2026-05-29T17:00:03.719+0000] {era5_functions.py:330} INFO - --- job=instant date=20260528 ---
[2026-05-29T17:00:04.551+0000] {logging_mixin.py:188} WARNING - 2026-05-29 17:00:04 [WARNING] get_cds_count failed: 400 Client Error: Bad Request for url: https://cds.climate.copernicus.eu/api/retrieve/v1/processes/reanalysis-era5-single-levels/execution
invalid request
None of the data you have requested is available yet, please revise the period requested. The latest date available for this dataset is: 2026-05-24 17:00
[2026-05-29T17:00:04.551+0000] {era5_functions.py:131} WARNING - get_cds_count failed: 400 Client Error: Bad Request for url: https://cds.climate.copernicus.eu/api/retrieve/v1/processes/reanalysis-era5-single-levels/execution
invalid request
None of the data you have requested is available yet, please revise the period requested. The latest date available for this dataset is: 2026-05-24 17:00
[2026-05-29T17:00:04.556+0000] {logging_mixin.py:188} WARNING - 2026-05-29 17:00:04 [WARNING] CDS ยังไม่มีข้อมูล job=instant date=20260528, skip
[2026-05-29T17:00:04.556+0000] {era5_functions.py:335} WARNING - CDS ยังไม่มีข้อมูล job=instant date=20260528, skip
[2026-05-29T17:00:04.561+0000] {logging_mixin.py:188} WARNING - 2026-05-29 17:00:04 [INFO] --- job=instant date=20260527 ---
[2026-05-29T17:00:04.561+0000] {era5_functions.py:330} INFO - --- job=instant date=20260527 ---
[2026-05-29T17:00:07.355+0000] {logging_mixin.py:188} WARNING - 2026-05-29 17:00:07 [WARNING] get_cds_count failed: 400 Client Error: Bad Request for url: https://cds.climate.copernicus.eu/api/retrieve/v1/processes/reanalysis-era5-single-levels/execution
invalid request
None of the data you have requested is available yet, please revise the period requested. The latest date available for this dataset is: 2026-05-24 17:00
[2026-05-29T17:00:07.355+0000] {era5_functions.py:131} WARNING - get_cds_count failed: 400 Client Error: Bad Request for url: https://cds.climate.copernicus.eu/api/retrieve/v1/processes/reanalysis-era5-single-levels/execution
invalid request
None of the data you have requested is available yet, please revise the period requested. The latest date available for this dataset is: 2026-05-24 17:00
[2026-05-29T17:00:07.360+0000] {logging_mixin.py:188} WARNING - 2026-05-29 17:00:07 [WARNING] CDS ยังไม่มีข้อมูล job=instant date=20260527, skip
[2026-05-29T17:00:07.360+0000] {era5_functions.py:335} WARNING - CDS ยังไม่มีข้อมูล job=instant date=20260527, skip
[2026-05-29T17:00:07.363+0000] {logging_mixin.py:188} WARNING - 2026-05-29 17:00:07 [INFO] --- job=instant date=20260526 ---
[2026-05-29T17:00:07.363+0000] {era5_functions.py:330} INFO - --- job=instant date=20260526 ---
[2026-05-29T17:00:08.328+0000] {logging_mixin.py:188} WARNING - 2026-05-29 17:00:08 [WARNING] get_cds_count failed: 400 Client Error: Bad Request for url: https://cds.climate.copernicus.eu/api/retrieve/v1/processes/reanalysis-era5-single-levels/execution
invalid request
None of the data you have requested is available yet, please revise the period requested. The latest date available for this dataset is: 2026-05-24 17:00
[2026-05-29T17:00:08.328+0000] {era5_functions.py:131} WARNING - get_cds_count failed: 400 Client Error: Bad Request for url: https://cds.climate.copernicus.eu/api/retrieve/v1/processes/reanalysis-era5-single-levels/execution
invalid request
None of the data you have requested is available yet, please revise the period requested. The latest date available for this dataset is: 2026-05-24 17:00
[2026-05-29T17:00:08.333+0000] {logging_mixin.py:188} WARNING - 2026-05-29 17:00:08 [WARNING] CDS ยังไม่มีข้อมูล job=instant date=20260526, skip
[2026-05-29T17:00:08.333+0000] {era5_functions.py:335} WARNING - CDS ยังไม่มีข้อมูล job=instant date=20260526, skip
[2026-05-29T17:00:08.339+0000] {logging_mixin.py:188} WARNING - 2026-05-29 17:00:08 [INFO] --- job=instant date=20260525 ---
[2026-05-29T17:00:08.339+0000] {era5_functions.py:330} INFO - --- job=instant date=20260525 ---
[2026-05-29T17:00:08.936+0000] {logging_mixin.py:188} WARNING - 2026-05-29 17:00:08 [WARNING] get_cds_count failed: 400 Client Error: Bad Request for url: https://cds.climate.copernicus.eu/api/retrieve/v1/processes/reanalysis-era5-single-levels/execution
invalid request
None of the data you have requested is available yet, please revise the period requested. The latest date available for this dataset is: 2026-05-24 17:00
[2026-05-29T17:00:08.936+0000] {era5_functions.py:131} WARNING - get_cds_count failed: 400 Client Error: Bad Request for url: https://cds.climate.copernicus.eu/api/retrieve/v1/processes/reanalysis-era5-single-levels/execution
invalid request
None of the data you have requested is available yet, please revise the period requested. The latest date available for this dataset is: 2026-05-24 17:00
[2026-05-29T17:00:08.939+0000] {logging_mixin.py:188} WARNING - 2026-05-29 17:00:08 [WARNING] CDS ยังไม่มีข้อมูล job=instant date=20260525, skip
[2026-05-29T17:00:08.939+0000] {era5_functions.py:335} WARNING - CDS ยังไม่มีข้อมูล job=instant date=20260525, skip
[2026-05-29T17:00:08.941+0000] {logging_mixin.py:188} WARNING - 2026-05-29 17:00:08 [INFO] --- job=instant date=20260524 ---
[2026-05-29T17:00:08.941+0000] {era5_functions.py:330} INFO - --- job=instant date=20260524 ---
[2026-05-29T17:00:10.568+0000] {logging_mixin.py:188} WARNING - 2026-05-29 17:00:10,567 INFO [2025-12-11T00:00:00] Please note that a dedicated catalogue entry for this dataset, post-processed and stored in Analysis Ready Cloud Optimized (ARCO) format (Zarr), is available for optimised time-series retrievals (i.e. for retrieving data from selected variables for a single point over an extended period of time in an efficient way). You can discover it [here](https://cds.climate.copernicus.eu/datasets/reanalysis-era5-single-levels-timeseries?tab=overview)
[2026-05-29T17:00:10.567+0000] {legacy_client.py:192} INFO - [2025-12-11T00:00:00] Please note that a dedicated catalogue entry for this dataset, post-processed and stored in Analysis Ready Cloud Optimized (ARCO) format (Zarr), is available for optimised time-series retrievals (i.e. for retrieving data from selected variables for a single point over an extended period of time in an efficient way). You can discover it [here](https://cds.climate.copernicus.eu/datasets/reanalysis-era5-single-levels-timeseries?tab=overview)
[2026-05-29T17:00:10.571+0000] {logging_mixin.py:188} WARNING - 2026-05-29 17:00:10,571 INFO Request ID is 570e30fe-2f84-47eb-af9b-fff3806724b2
[2026-05-29T17:00:10.571+0000] {legacy_client.py:192} INFO - Request ID is 570e30fe-2f84-47eb-af9b-fff3806724b2
[2026-05-29T17:00:10.774+0000] {logging_mixin.py:188} WARNING - 2026-05-29 17:00:10,774 INFO status has been updated to accepted
[2026-05-29T17:00:10.774+0000] {legacy_client.py:192} INFO - status has been updated to accepted
[2026-05-29T17:00:45.889+0000] {logging_mixin.py:188} WARNING - 2026-05-29 17:00:45,888 INFO status has been updated to successful
[2026-05-29T17:00:45.888+0000] {legacy_client.py:192} INFO - status has been updated to successful
[2026-05-29T17:00:46.311+0000] {base.py:119} INFO - Downloading https://object-store.os-api.cci2.ecmwf.int:443/cci2-prod-cache-1/2026-05-29/47f014902d1767bd69f3cdfc2d4233bd.nc
[2026-05-29T17:00:47.341+0000] {logging_mixin.py:188} WARNING - 47f014902d1767bd69f3cdfc2d4233bd.nc:   0%|          | 0.00/1.95M [00:00<?, ?B/s]
[2026-05-29T17:00:49.449+0000] {logging_mixin.py:188} WARNING - 47f014902d1767bd69f3cdfc2d4233bd.nc:  51%|#####1    | 1.00M/1.95M [00:02<00:02, 498kB/s]
[2026-05-29T17:00:49.694+0000] {logging_mixin.py:188} WARNING - 47f014902d1767bd69f3cdfc2d4233bd.nc: 100%|##########| 1.95M/1.95M [00:02<00:00, 1.01MB/s]
[2026-05-29T17:00:49.697+0000] {logging_mixin.py:188} WARNING -                                                                                          
[2026-05-29T17:00:49.970+0000] {logging_mixin.py:188} WARNING - 2026-05-29 17:00:49 [INFO] CDS timestep available: 18
[2026-05-29T17:00:49.970+0000] {era5_functions.py:128} INFO - CDS timestep available: 18
[2026-05-29T17:00:50.058+0000] {logging_mixin.py:188} WARNING - 2026-05-29 17:00:50 [INFO] local timestep: 17 — /opt/***/era5/ecmwf/data/nc/_raw/2026/05/24/instant_20260524.nc
[2026-05-29T17:00:50.057+0000] {era5_functions.py:152} INFO - local timestep: 17 — /opt/***/era5/ecmwf/data/nc/_raw/2026/05/24/instant_20260524.nc
[2026-05-29T17:00:50.065+0000] {logging_mixin.py:188} WARNING - 2026-05-29 17:00:50 [INFO] nc outdated (local=17 < cds=18), removing: /opt/***/era5/ecmwf/data/nc/_raw/2026/05/24/instant_20260524.nc
[2026-05-29T17:00:50.065+0000] {era5_functions.py:193} INFO - nc outdated (local=17 < cds=18), removing: /opt/***/era5/ecmwf/data/nc/_raw/2026/05/24/instant_20260524.nc
[2026-05-29T17:00:50.084+0000] {logging_mixin.py:188} WARNING - 2026-05-29 17:00:50 [INFO] download attempt 1/3: /opt/***/era5/ecmwf/data/nc/_raw/2026/05/24/instant_20260524.nc
[2026-05-29T17:00:50.084+0000] {era5_functions.py:200} INFO - download attempt 1/3: /opt/***/era5/ecmwf/data/nc/_raw/2026/05/24/instant_20260524.nc
[2026-05-29T17:00:50.865+0000] {logging_mixin.py:188} WARNING - 2026-05-29 17:00:50,865 INFO [2025-12-11T00:00:00] Please note that a dedicated catalogue entry for this dataset, post-processed and stored in Analysis Ready Cloud Optimized (ARCO) format (Zarr), is available for optimised time-series retrievals (i.e. for retrieving data from selected variables for a single point over an extended period of time in an efficient way). You can discover it [here](https://cds.climate.copernicus.eu/datasets/reanalysis-era5-single-levels-timeseries?tab=overview)
[2026-05-29T17:00:50.865+0000] {legacy_client.py:192} INFO - [2025-12-11T00:00:00] Please note that a dedicated catalogue entry for this dataset, post-processed and stored in Analysis Ready Cloud Optimized (ARCO) format (Zarr), is available for optimised time-series retrievals (i.e. for retrieving data from selected variables for a single point over an extended period of time in an efficient way). You can discover it [here](https://cds.climate.copernicus.eu/datasets/reanalysis-era5-single-levels-timeseries?tab=overview)
[2026-05-29T17:00:50.868+0000] {logging_mixin.py:188} WARNING - 2026-05-29 17:00:50,868 INFO Request ID is 3bbf0c92-5389-468f-83fc-aadaf241cbb5
[2026-05-29T17:00:50.868+0000] {legacy_client.py:192} INFO - Request ID is 3bbf0c92-5389-468f-83fc-aadaf241cbb5
[2026-05-29T17:00:51.093+0000] {logging_mixin.py:188} WARNING - 2026-05-29 17:00:51,092 INFO status has been updated to accepted
[2026-05-29T17:00:51.092+0000] {legacy_client.py:192} INFO - status has been updated to accepted
[2026-05-29T17:01:14.688+0000] {logging_mixin.py:188} WARNING - 2026-05-29 17:01:14,688 INFO status has been updated to running
[2026-05-29T17:01:14.688+0000] {legacy_client.py:192} INFO - status has been updated to running
[2026-05-29T17:01:26.287+0000] {logging_mixin.py:188} WARNING - 2026-05-29 17:01:26,286 INFO status has been updated to successful
[2026-05-29T17:01:26.286+0000] {legacy_client.py:192} INFO - status has been updated to successful
[2026-05-29T17:01:27.261+0000] {base.py:119} INFO - Downloading https://object-store.os-api.cci2.ecmwf.int:443/cci2-prod-cache-1/2026-05-29/4327aeac293d26a804eee71ec5899d32.nc
[2026-05-29T17:01:28.247+0000] {logging_mixin.py:188} WARNING - 4327aeac293d26a804eee71ec5899d32.nc:   0%|          | 0.00/1.95M [00:00<?, ?B/s]
[2026-05-29T17:01:30.403+0000] {logging_mixin.py:188} WARNING - 4327aeac293d26a804eee71ec5899d32.nc:  51%|#####1    | 1.00M/1.95M [00:02<00:02, 487kB/s]
[2026-05-29T17:01:30.735+0000] {logging_mixin.py:188} WARNING - 4327aeac293d26a804eee71ec5899d32.nc: 100%|##########| 1.95M/1.95M [00:02<00:00, 942kB/s]
[2026-05-29T17:01:30.753+0000] {logging_mixin.py:188} WARNING -                                                                                         
[2026-05-29T17:01:30.931+0000] {logging_mixin.py:188} WARNING - 2026-05-29 17:01:30 [INFO] nc downloaded ok: /opt/***/era5/ecmwf/data/nc/_raw/2026/05/24/instant_20260524.nc
[2026-05-29T17:01:30.931+0000] {era5_functions.py:204} INFO - nc downloaded ok: /opt/***/era5/ecmwf/data/nc/_raw/2026/05/24/instant_20260524.nc
[2026-05-29T17:01:31.024+0000] {logging_mixin.py:188} WARNING - 2026-05-29 17:01:31 [INFO] local timestep: 18 — /opt/***/era5/ecmwf/data/nc/_raw/2026/05/24/instant_20260524.nc
[2026-05-29T17:01:31.024+0000] {era5_functions.py:152} INFO - local timestep: 18 — /opt/***/era5/ecmwf/data/nc/_raw/2026/05/24/instant_20260524.nc
[2026-05-29T17:01:31.120+0000] {logging_mixin.py:188} WARNING - 2026-05-29 17:01:31 [INFO] tif outdated (tif=17 < nc=18), removing: /opt/***/era5/ecmwf/data/tif/2026/05/24/t2m_20260524.tif
[2026-05-29T17:01:31.119+0000] {era5_functions.py:261} INFO - tif outdated (tif=17 < nc=18), removing: /opt/***/era5/ecmwf/data/tif/2026/05/24/t2m_20260524.tif
[2026-05-29T17:01:31.210+0000] {logging_mixin.py:188} WARNING - 2026-05-29 17:01:31 [INFO] tif ok (bands=18): /opt/***/era5/ecmwf/data/tif/2026/05/24/t2m_20260524.tif
[2026-05-29T17:01:31.210+0000] {era5_functions.py:304} INFO - tif ok (bands=18): /opt/***/era5/ecmwf/data/tif/2026/05/24/t2m_20260524.tif
[2026-05-29T17:01:31.225+0000] {logging_mixin.py:188} WARNING - 2026-05-29 17:01:31 [INFO] tif outdated (tif=17 < nc=18), removing: /opt/***/era5/ecmwf/data/tif/2026/05/24/d2m_20260524.tif
[2026-05-29T17:01:31.225+0000] {era5_functions.py:261} INFO - tif outdated (tif=17 < nc=18), removing: /opt/***/era5/ecmwf/data/tif/2026/05/24/d2m_20260524.tif
[2026-05-29T17:01:31.315+0000] {logging_mixin.py:188} WARNING - 2026-05-29 17:01:31 [INFO] tif ok (bands=18): /opt/***/era5/ecmwf/data/tif/2026/05/24/d2m_20260524.tif
[2026-05-29T17:01:31.314+0000] {era5_functions.py:304} INFO - tif ok (bands=18): /opt/***/era5/ecmwf/data/tif/2026/05/24/d2m_20260524.tif
[2026-05-29T17:01:31.331+0000] {logging_mixin.py:188} WARNING - 2026-05-29 17:01:31 [INFO] tif outdated (tif=17 < nc=18), removing: /opt/***/era5/ecmwf/data/tif/2026/05/24/sp_20260524.tif
[2026-05-29T17:01:31.330+0000] {era5_functions.py:261} INFO - tif outdated (tif=17 < nc=18), removing: /opt/***/era5/ecmwf/data/tif/2026/05/24/sp_20260524.tif
[2026-05-29T17:01:31.429+0000] {logging_mixin.py:188} WARNING - 2026-05-29 17:01:31 [INFO] tif ok (bands=18): /opt/***/era5/ecmwf/data/tif/2026/05/24/sp_20260524.tif
[2026-05-29T17:01:31.429+0000] {era5_functions.py:304} INFO - tif ok (bands=18): /opt/***/era5/ecmwf/data/tif/2026/05/24/sp_20260524.tif
[2026-05-29T17:01:31.446+0000] {logging_mixin.py:188} WARNING - 2026-05-29 17:01:31 [INFO] tif outdated (tif=17 < nc=18), removing: /opt/***/era5/ecmwf/data/tif/2026/05/24/blh_20260524.tif
[2026-05-29T17:01:31.445+0000] {era5_functions.py:261} INFO - tif outdated (tif=17 < nc=18), removing: /opt/***/era5/ecmwf/data/tif/2026/05/24/blh_20260524.tif
[2026-05-29T17:01:31.575+0000] {logging_mixin.py:188} WARNING - 2026-05-29 17:01:31 [INFO] tif ok (bands=18): /opt/***/era5/ecmwf/data/tif/2026/05/24/blh_20260524.tif
[2026-05-29T17:01:31.575+0000] {era5_functions.py:304} INFO - tif ok (bands=18): /opt/***/era5/ecmwf/data/tif/2026/05/24/blh_20260524.tif
[2026-05-29T17:01:31.592+0000] {logging_mixin.py:188} WARNING - 2026-05-29 17:01:31 [INFO] tif outdated (tif=17 < nc=18), removing: /opt/***/era5/ecmwf/data/tif/2026/05/24/u10_20260524.tif
[2026-05-29T17:01:31.591+0000] {era5_functions.py:261} INFO - tif outdated (tif=17 < nc=18), removing: /opt/***/era5/ecmwf/data/tif/2026/05/24/u10_20260524.tif
[2026-05-29T17:01:31.694+0000] {logging_mixin.py:188} WARNING - 2026-05-29 17:01:31 [INFO] tif ok (bands=18): /opt/***/era5/ecmwf/data/tif/2026/05/24/u10_20260524.tif
[2026-05-29T17:01:31.694+0000] {era5_functions.py:304} INFO - tif ok (bands=18): /opt/***/era5/ecmwf/data/tif/2026/05/24/u10_20260524.tif
[2026-05-29T17:01:31.714+0000] {logging_mixin.py:188} WARNING - 2026-05-29 17:01:31 [INFO] tif outdated (tif=17 < nc=18), removing: /opt/***/era5/ecmwf/data/tif/2026/05/24/v10_20260524.tif
[2026-05-29T17:01:31.714+0000] {era5_functions.py:261} INFO - tif outdated (tif=17 < nc=18), removing: /opt/***/era5/ecmwf/data/tif/2026/05/24/v10_20260524.tif
[2026-05-29T17:01:31.853+0000] {logging_mixin.py:188} WARNING - 2026-05-29 17:01:31 [INFO] tif ok (bands=18): /opt/***/era5/ecmwf/data/tif/2026/05/24/v10_20260524.tif
[2026-05-29T17:01:31.853+0000] {era5_functions.py:304} INFO - tif ok (bands=18): /opt/***/era5/ecmwf/data/tif/2026/05/24/v10_20260524.tif
[2026-05-29T17:01:31.860+0000] {logging_mixin.py:188} WARNING - 2026-05-29 17:01:31 [INFO] === END job=instant date=2026-05-29 ===
[2026-05-29T17:01:31.860+0000] {era5_functions.py:379} INFO - === END job=instant date=2026-05-29 ===
[2026-05-29T17:01:31.862+0000] {python.py:237} INFO - Done. Returned value was: None
[2026-05-29T17:01:31.863+0000] {taskinstance.py:441} INFO - ::group::Post task execution logs
[2026-05-29T17:01:31.876+0000] {taskinstance.py:1206} INFO - Marking task as SUCCESS. dag_id=era5_download_pipeline, task_id=era5_instant, run_id=scheduled__2026-05-29T16:00:00+00:00, execution_date=20260529T160000, start_date=20260529T170001, end_date=20260529T170131
[2026-05-29T17:01:31.954+0000] {local_task_job_runner.py:240} INFO - Task exited with return code 0
[2026-05-29T17:01:31.987+0000] {taskinstance.py:3498} INFO - 1 downstream tasks scheduled from follow-on schedule check
[2026-05-29T17:01:31.991+0000] {local_task_job_runner.py:222} INFO - ::endgroup::
