[2026-05-23T00:00:03.134+0000] {local_task_job_runner.py:120} INFO - ::group::Pre task execution logs
[2026-05-23T00:00:03.161+0000] {taskinstance.py:2076} INFO - Dependencies all met for dep_context=non-requeueable deps ti=<TaskInstance: era5_ecmwf_pipeline.era5_accum scheduled__2026-05-22T23:00:00+00:00 [queued]>
[2026-05-23T00:00:03.171+0000] {taskinstance.py:2076} INFO - Dependencies all met for dep_context=requeueable deps ti=<TaskInstance: era5_ecmwf_pipeline.era5_accum scheduled__2026-05-22T23:00:00+00:00 [queued]>
[2026-05-23T00:00:03.172+0000] {taskinstance.py:2306} INFO - Starting attempt 1 of 1
[2026-05-23T00:00:03.187+0000] {taskinstance.py:2330} INFO - Executing <Task(PythonOperator): era5_accum> on 2026-05-22 23:00:00+00:00
[2026-05-23T00:00:03.202+0000] {warnings.py:110} WARNING - /home/***/.local/lib/python3.12/site-packages/***/task/task_runner/standard_task_runner.py:61: DeprecationWarning: This process (pid=15898) is multi-threaded, use of fork() may lead to deadlocks in the child.
  pid = os.fork()

[2026-05-23T00:00:03.206+0000] {standard_task_runner.py:63} INFO - Started process 15923 to run task
[2026-05-23T00:00:03.203+0000] {standard_task_runner.py:90} INFO - Running: ['***', 'tasks', 'run', 'era5_ecmwf_pipeline', 'era5_accum', 'scheduled__2026-05-22T23:00:00+00:00', '--job-id', '349', '--raw', '--subdir', 'DAGS_FOLDER/era5_dag.py', '--cfg-path', '/tmp/tmpj3uwoinp']
[2026-05-23T00:00:03.208+0000] {standard_task_runner.py:91} INFO - Job 349: Subtask era5_accum
[2026-05-23T00:00:03.293+0000] {task_command.py:426} INFO - Running <TaskInstance: era5_ecmwf_pipeline.era5_accum scheduled__2026-05-22T23:00:00+00:00 [running]> on host fc8478f399e7
[2026-05-23T00:00:03.451+0000] {taskinstance.py:2648} INFO - Exporting env vars: AIRFLOW_CTX_DAG_OWNER='***' AIRFLOW_CTX_DAG_ID='era5_ecmwf_pipeline' AIRFLOW_CTX_TASK_ID='era5_accum' AIRFLOW_CTX_EXECUTION_DATE='2026-05-22T23:00:00+00:00' AIRFLOW_CTX_TRY_NUMBER='1' AIRFLOW_CTX_DAG_RUN_ID='scheduled__2026-05-22T23:00:00+00:00'
[2026-05-23T00:00:03.452+0000] {taskinstance.py:430} INFO - ::endgroup::
[2026-05-23T00:00:03.472+0000] {logging_mixin.py:188} INFO - RUN → accum | 2026-05-17
[2026-05-23T00:00:03.484+0000] {era5_logger.py:51} INFO - Log file: logs/era5/2026/05/17/era5_20260517.log
[2026-05-23T00:00:03.486+0000] {era5_functions.py:329} INFO - ERA5 [ACCUM] START: 2026-05-17
[2026-05-23T00:00:04.545+0000] {era5_functions.py:285} INFO - ============================================================
[2026-05-23T00:00:04.547+0000] {era5_functions.py:286} INFO - JOB : ACCUM | 2026-05-17
[2026-05-23T00:00:04.550+0000] {era5_functions.py:287} INFO - VARS: ['tp']
[2026-05-23T00:00:04.551+0000] {era5_functions.py:288} INFO - ============================================================
[2026-05-23T00:00:04.900+0000] {era5_functions.py:63} WARNING - [VALIDATE NC] accum_20260517.nc → NOT READY (4/24)
[2026-05-23T00:00:04.907+0000] {era5_functions.py:123} WARNING - [NC] ERA5 not ready → accum_20260517.nc
[2026-05-23T00:00:04.909+0000] {era5_functions.py:295} WARNING - [PIPELINE] skip tif → nc not ready
[2026-05-23T00:00:04.910+0000] {era5_functions.py:341} INFO - ERA5 [ACCUM] COMPLETE ✓
[2026-05-23T00:00:04.912+0000] {logging_mixin.py:188} INFO - RUN → accum | 2026-05-16
[2026-05-23T00:00:04.922+0000] {era5_logger.py:51} INFO - Log file: logs/era5/2026/05/16/era5_20260516.log
[2026-05-23T00:00:04.923+0000] {era5_functions.py:329} INFO - ERA5 [ACCUM] START: 2026-05-16
[2026-05-23T00:00:05.941+0000] {era5_functions.py:285} INFO - ============================================================
[2026-05-23T00:00:05.944+0000] {era5_functions.py:286} INFO - JOB : ACCUM | 2026-05-16
[2026-05-23T00:00:05.946+0000] {era5_functions.py:287} INFO - VARS: ['tp']
[2026-05-23T00:00:05.948+0000] {era5_functions.py:288} INFO - ============================================================
[2026-05-23T00:00:05.999+0000] {era5_functions.py:63} WARNING - [VALIDATE NC] accum_20260516.nc → NOT READY (2/24)
[2026-05-23T00:00:06.003+0000] {era5_functions.py:123} WARNING - [NC] ERA5 not ready → accum_20260516.nc
[2026-05-23T00:00:06.004+0000] {era5_functions.py:295} WARNING - [PIPELINE] skip tif → nc not ready
[2026-05-23T00:00:06.005+0000] {era5_functions.py:341} INFO - ERA5 [ACCUM] COMPLETE ✓
[2026-05-23T00:00:06.006+0000] {logging_mixin.py:188} INFO - RUN → accum | 2026-05-15
[2026-05-23T00:00:06.015+0000] {era5_logger.py:51} INFO - Log file: logs/era5/2026/05/15/era5_20260515.log
[2026-05-23T00:00:06.016+0000] {era5_functions.py:329} INFO - ERA5 [ACCUM] START: 2026-05-15
[2026-05-23T00:00:06.658+0000] {era5_functions.py:285} INFO - ============================================================
[2026-05-23T00:00:06.661+0000] {era5_functions.py:286} INFO - JOB : ACCUM | 2026-05-15
[2026-05-23T00:00:06.663+0000] {era5_functions.py:287} INFO - VARS: ['tp']
[2026-05-23T00:00:06.664+0000] {era5_functions.py:288} INFO - ============================================================
[2026-05-23T00:00:06.745+0000] {era5_functions.py:63} WARNING - [VALIDATE NC] accum_20260515.nc → NOT READY (2/24)
[2026-05-23T00:00:06.750+0000] {era5_functions.py:123} WARNING - [NC] ERA5 not ready → accum_20260515.nc
[2026-05-23T00:00:06.751+0000] {era5_functions.py:295} WARNING - [PIPELINE] skip tif → nc not ready
[2026-05-23T00:00:06.752+0000] {era5_functions.py:341} INFO - ERA5 [ACCUM] COMPLETE ✓
[2026-05-23T00:00:06.753+0000] {python.py:237} INFO - Done. Returned value was: None
[2026-05-23T00:00:06.753+0000] {taskinstance.py:441} INFO - ::group::Post task execution logs
[2026-05-23T00:00:06.772+0000] {taskinstance.py:1206} INFO - Marking task as SUCCESS. dag_id=era5_ecmwf_pipeline, task_id=era5_accum, run_id=scheduled__2026-05-22T23:00:00+00:00, execution_date=20260522T230000, start_date=20260523T000003, end_date=20260523T000006
[2026-05-23T00:00:06.839+0000] {local_task_job_runner.py:240} INFO - Task exited with return code 0
[2026-05-23T00:00:06.860+0000] {taskinstance.py:3498} INFO - 0 downstream tasks scheduled from follow-on schedule check
[2026-05-23T00:00:06.863+0000] {local_task_job_runner.py:222} INFO - ::endgroup::
