[2026-06-03T06:01:22.643+0000] {local_task_job_runner.py:120} INFO - ::group::Pre task execution logs
[2026-06-03T06:01:22.665+0000] {taskinstance.py:2076} INFO - Dependencies all met for dep_context=non-requeueable deps ti=<TaskInstance: era5_download_pipeline.era5_accum scheduled__2026-06-03T05:00:00+00:00 [queued]>
[2026-06-03T06:01:22.675+0000] {taskinstance.py:2076} INFO - Dependencies all met for dep_context=requeueable deps ti=<TaskInstance: era5_download_pipeline.era5_accum scheduled__2026-06-03T05:00:00+00:00 [queued]>
[2026-06-03T06:01:22.676+0000] {taskinstance.py:2306} INFO - Starting attempt 1 of 1
[2026-06-03T06:01:22.695+0000] {taskinstance.py:2330} INFO - Executing <Task(PythonOperator): era5_accum> on 2026-06-03 05:00:00+00:00
[2026-06-03T06:01:22.707+0000] {warnings.py:110} WARNING - /home/***/.local/lib/python3.12/site-packages/***/task/task_runner/standard_task_runner.py:61: DeprecationWarning: This process (pid=18137) is multi-threaded, use of fork() may lead to deadlocks in the child.
  pid = os.fork()

[2026-06-03T06:01:22.711+0000] {standard_task_runner.py:63} INFO - Started process 18139 to run task
[2026-06-03T06:01:22.710+0000] {standard_task_runner.py:90} INFO - Running: ['***', 'tasks', 'run', 'era5_download_pipeline', 'era5_accum', 'scheduled__2026-06-03T05:00:00+00:00', '--job-id', '820', '--raw', '--subdir', 'DAGS_FOLDER/era5_dag.py', '--cfg-path', '/tmp/tmp38lvajzf']
[2026-06-03T06:01:22.714+0000] {standard_task_runner.py:91} INFO - Job 820: Subtask era5_accum
[2026-06-03T06:01:22.788+0000] {task_command.py:426} INFO - Running <TaskInstance: era5_download_pipeline.era5_accum scheduled__2026-06-03T05:00:00+00:00 [running]> on host 01cd476fb21a
[2026-06-03T06:01:22.941+0000] {taskinstance.py:2648} INFO - Exporting env vars: AIRFLOW_CTX_DAG_OWNER='era5' AIRFLOW_CTX_DAG_ID='era5_download_pipeline' AIRFLOW_CTX_TASK_ID='era5_accum' AIRFLOW_CTX_EXECUTION_DATE='2026-06-03T05:00:00+00:00' AIRFLOW_CTX_TRY_NUMBER='1' AIRFLOW_CTX_DAG_RUN_ID='scheduled__2026-06-03T05:00:00+00:00'
[2026-06-03T06:01:22.945+0000] {taskinstance.py:430} INFO - ::endgroup::
[2026-06-03T06:01:24.012+0000] {logging_mixin.py:188} WARNING - 2026-06-03 06:01:24 [INFO] === START job=accum date=2026-06-03 ===
[2026-06-03T06:01:24.012+0000] {era5_functions.py:368} INFO - === START job=accum date=2026-06-03 ===
[2026-06-03T06:01:24.016+0000] {logging_mixin.py:188} WARNING - 2026-06-03 06:01:24 [INFO] --- job=accum date=20260603 ---
[2026-06-03T06:01:24.016+0000] {era5_functions.py:330} INFO - --- job=accum date=20260603 ---
[2026-06-03T06:01:27.037+0000] {logging_mixin.py:188} WARNING - 2026-06-03 06:01:27 [WARNING] get_cds_count failed: 400 Client Error: Bad Request for url: https://cds.climate.copernicus.eu/api/retrieve/v1/processes/reanalysis-era5-single-levels/execution
invalid request
None of the data you have requested is available yet, please revise the period requested. The latest date available for this dataset is: 2026-05-29 06:00
[2026-06-03T06:01:27.037+0000] {era5_functions.py:131} WARNING - get_cds_count failed: 400 Client Error: Bad Request for url: https://cds.climate.copernicus.eu/api/retrieve/v1/processes/reanalysis-era5-single-levels/execution
invalid request
None of the data you have requested is available yet, please revise the period requested. The latest date available for this dataset is: 2026-05-29 06:00
[2026-06-03T06:01:27.043+0000] {logging_mixin.py:188} WARNING - 2026-06-03 06:01:27 [WARNING] CDS ยังไม่มีข้อมูล job=accum date=20260603, skip
[2026-06-03T06:01:27.042+0000] {era5_functions.py:335} WARNING - CDS ยังไม่มีข้อมูล job=accum date=20260603, skip
[2026-06-03T06:01:27.047+0000] {logging_mixin.py:188} WARNING - 2026-06-03 06:01:27 [INFO] --- job=accum date=20260602 ---
[2026-06-03T06:01:27.047+0000] {era5_functions.py:330} INFO - --- job=accum date=20260602 ---
[2026-06-03T06:01:27.646+0000] {logging_mixin.py:188} WARNING - 2026-06-03 06:01:27 [WARNING] get_cds_count failed: 400 Client Error: Bad Request for url: https://cds.climate.copernicus.eu/api/retrieve/v1/processes/reanalysis-era5-single-levels/execution
invalid request
None of the data you have requested is available yet, please revise the period requested. The latest date available for this dataset is: 2026-05-29 06:00
[2026-06-03T06:01:27.645+0000] {era5_functions.py:131} WARNING - get_cds_count failed: 400 Client Error: Bad Request for url: https://cds.climate.copernicus.eu/api/retrieve/v1/processes/reanalysis-era5-single-levels/execution
invalid request
None of the data you have requested is available yet, please revise the period requested. The latest date available for this dataset is: 2026-05-29 06:00
[2026-06-03T06:01:27.651+0000] {logging_mixin.py:188} WARNING - 2026-06-03 06:01:27 [WARNING] CDS ยังไม่มีข้อมูล job=accum date=20260602, skip
[2026-06-03T06:01:27.651+0000] {era5_functions.py:335} WARNING - CDS ยังไม่มีข้อมูล job=accum date=20260602, skip
[2026-06-03T06:01:27.657+0000] {logging_mixin.py:188} WARNING - 2026-06-03 06:01:27 [INFO] --- job=accum date=20260601 ---
[2026-06-03T06:01:27.656+0000] {era5_functions.py:330} INFO - --- job=accum date=20260601 ---
[2026-06-03T06:01:28.257+0000] {logging_mixin.py:188} WARNING - 2026-06-03 06:01:28 [WARNING] get_cds_count failed: 400 Client Error: Bad Request for url: https://cds.climate.copernicus.eu/api/retrieve/v1/processes/reanalysis-era5-single-levels/execution
invalid request
None of the data you have requested is available yet, please revise the period requested. The latest date available for this dataset is: 2026-05-29 06:00
[2026-06-03T06:01:28.257+0000] {era5_functions.py:131} WARNING - get_cds_count failed: 400 Client Error: Bad Request for url: https://cds.climate.copernicus.eu/api/retrieve/v1/processes/reanalysis-era5-single-levels/execution
invalid request
None of the data you have requested is available yet, please revise the period requested. The latest date available for this dataset is: 2026-05-29 06:00
[2026-06-03T06:01:28.261+0000] {logging_mixin.py:188} WARNING - 2026-06-03 06:01:28 [WARNING] CDS ยังไม่มีข้อมูล job=accum date=20260601, skip
[2026-06-03T06:01:28.261+0000] {era5_functions.py:335} WARNING - CDS ยังไม่มีข้อมูล job=accum date=20260601, skip
[2026-06-03T06:01:28.263+0000] {logging_mixin.py:188} WARNING - 2026-06-03 06:01:28 [INFO] --- job=accum date=20260531 ---
[2026-06-03T06:01:28.263+0000] {era5_functions.py:330} INFO - --- job=accum date=20260531 ---
[2026-06-03T06:01:28.707+0000] {logging_mixin.py:188} WARNING - 2026-06-03 06:01:28 [WARNING] get_cds_count failed: 400 Client Error: Bad Request for url: https://cds.climate.copernicus.eu/api/retrieve/v1/processes/reanalysis-era5-single-levels/execution
invalid request
None of the data you have requested is available yet, please revise the period requested. The latest date available for this dataset is: 2026-05-29 06:00
[2026-06-03T06:01:28.707+0000] {era5_functions.py:131} WARNING - get_cds_count failed: 400 Client Error: Bad Request for url: https://cds.climate.copernicus.eu/api/retrieve/v1/processes/reanalysis-era5-single-levels/execution
invalid request
None of the data you have requested is available yet, please revise the period requested. The latest date available for this dataset is: 2026-05-29 06:00
[2026-06-03T06:01:28.711+0000] {logging_mixin.py:188} WARNING - 2026-06-03 06:01:28 [WARNING] CDS ยังไม่มีข้อมูล job=accum date=20260531, skip
[2026-06-03T06:01:28.711+0000] {era5_functions.py:335} WARNING - CDS ยังไม่มีข้อมูล job=accum date=20260531, skip
[2026-06-03T06:01:28.716+0000] {logging_mixin.py:188} WARNING - 2026-06-03 06:01:28 [INFO] --- job=accum date=20260530 ---
[2026-06-03T06:01:28.715+0000] {era5_functions.py:330} INFO - --- job=accum date=20260530 ---
[2026-06-03T06:01:29.123+0000] {logging_mixin.py:188} WARNING - 2026-06-03 06:01:29 [WARNING] get_cds_count failed: 400 Client Error: Bad Request for url: https://cds.climate.copernicus.eu/api/retrieve/v1/processes/reanalysis-era5-single-levels/execution
invalid request
None of the data you have requested is available yet, please revise the period requested. The latest date available for this dataset is: 2026-05-29 06:00
[2026-06-03T06:01:29.123+0000] {era5_functions.py:131} WARNING - get_cds_count failed: 400 Client Error: Bad Request for url: https://cds.climate.copernicus.eu/api/retrieve/v1/processes/reanalysis-era5-single-levels/execution
invalid request
None of the data you have requested is available yet, please revise the period requested. The latest date available for this dataset is: 2026-05-29 06:00
[2026-06-03T06:01:29.126+0000] {logging_mixin.py:188} WARNING - 2026-06-03 06:01:29 [WARNING] CDS ยังไม่มีข้อมูล job=accum date=20260530, skip
[2026-06-03T06:01:29.126+0000] {era5_functions.py:335} WARNING - CDS ยังไม่มีข้อมูล job=accum date=20260530, skip
[2026-06-03T06:01:29.127+0000] {logging_mixin.py:188} WARNING - 2026-06-03 06:01:29 [INFO] --- job=accum date=20260529 ---
[2026-06-03T06:01:29.127+0000] {era5_functions.py:330} INFO - --- job=accum date=20260529 ---
[2026-06-03T06:01:30.133+0000] {logging_mixin.py:188} WARNING - 2026-06-03 06:01:30,133 INFO [2025-12-11T00:00:00] Please note that a dedicated catalogue entry for this dataset, post-processed and stored in Analysis Ready Cloud Optimized (ARCO) format (Zarr), is available for optimised time-series retrievals (i.e. for retrieving data from selected variables for a single point over an extended period of time in an efficient way). You can discover it [here](https://cds.climate.copernicus.eu/datasets/reanalysis-era5-single-levels-timeseries?tab=overview)
[2026-06-03T06:01:30.133+0000] {legacy_client.py:192} INFO - [2025-12-11T00:00:00] Please note that a dedicated catalogue entry for this dataset, post-processed and stored in Analysis Ready Cloud Optimized (ARCO) format (Zarr), is available for optimised time-series retrievals (i.e. for retrieving data from selected variables for a single point over an extended period of time in an efficient way). You can discover it [here](https://cds.climate.copernicus.eu/datasets/reanalysis-era5-single-levels-timeseries?tab=overview)
[2026-06-03T06:01:30.137+0000] {logging_mixin.py:188} WARNING - 2026-06-03 06:01:30,137 INFO Request ID is ae67b688-a13c-4149-995c-cdb6b9d353b1
[2026-06-03T06:01:30.137+0000] {legacy_client.py:192} INFO - Request ID is ae67b688-a13c-4149-995c-cdb6b9d353b1
[2026-06-03T06:01:30.354+0000] {logging_mixin.py:188} WARNING - 2026-06-03 06:01:30,353 INFO status has been updated to accepted
[2026-06-03T06:01:30.353+0000] {legacy_client.py:192} INFO - status has been updated to accepted
[2026-06-03T06:01:52.895+0000] {logging_mixin.py:188} WARNING - 2026-06-03 06:01:52,894 INFO status has been updated to running
[2026-06-03T06:01:52.894+0000] {legacy_client.py:192} INFO - status has been updated to running
[2026-06-03T06:02:04.631+0000] {logging_mixin.py:188} WARNING - 2026-06-03 06:02:04,631 INFO status has been updated to successful
[2026-06-03T06:02:04.631+0000] {legacy_client.py:192} INFO - status has been updated to successful
[2026-06-03T06:02:05.830+0000] {base.py:119} INFO - Downloading https://object-store.os-api.cci2.ecmwf.int:443/cci2-prod-cache-1/2026-06-03/5b18e07bccd20634b68ada9e6db0bf61.nc
[2026-06-03T06:02:06.824+0000] {logging_mixin.py:188} WARNING - 5b18e07bccd20634b68ada9e6db0bf61.nc:   0%|          | 0.00/126k [00:00<?, ?B/s]
[2026-06-03T06:02:09.081+0000] {logging_mixin.py:188} WARNING - 5b18e07bccd20634b68ada9e6db0bf61.nc: 100%|##########| 126k/126k [00:02<00:00, 57.1kB/s]
[2026-06-03T06:02:09.085+0000] {logging_mixin.py:188} WARNING -                                                                                        
[2026-06-03T06:02:09.405+0000] {logging_mixin.py:188} WARNING - 2026-06-03 06:02:09 [INFO] CDS timestep available: 7
[2026-06-03T06:02:09.405+0000] {era5_functions.py:128} INFO - CDS timestep available: 7
[2026-06-03T06:02:09.471+0000] {logging_mixin.py:188} WARNING - 2026-06-03 06:02:09 [INFO] local timestep: 6 — /opt/***/era5/ecmwf/data/nc/_raw/2026/05/29/accum_20260529.nc
[2026-06-03T06:02:09.471+0000] {era5_functions.py:152} INFO - local timestep: 6 — /opt/***/era5/ecmwf/data/nc/_raw/2026/05/29/accum_20260529.nc
[2026-06-03T06:02:09.478+0000] {logging_mixin.py:188} WARNING - 2026-06-03 06:02:09 [INFO] nc outdated (local=6 < cds=7), removing: /opt/***/era5/ecmwf/data/nc/_raw/2026/05/29/accum_20260529.nc
[2026-06-03T06:02:09.478+0000] {era5_functions.py:193} INFO - nc outdated (local=6 < cds=7), removing: /opt/***/era5/ecmwf/data/nc/_raw/2026/05/29/accum_20260529.nc
[2026-06-03T06:02:09.498+0000] {logging_mixin.py:188} WARNING - 2026-06-03 06:02:09 [INFO] download attempt 1/3: /opt/***/era5/ecmwf/data/nc/_raw/2026/05/29/accum_20260529.nc
[2026-06-03T06:02:09.498+0000] {era5_functions.py:200} INFO - download attempt 1/3: /opt/***/era5/ecmwf/data/nc/_raw/2026/05/29/accum_20260529.nc
[2026-06-03T06:02:11.417+0000] {logging_mixin.py:188} WARNING - 2026-06-03 06:02:11,416 INFO [2025-12-11T00:00:00] Please note that a dedicated catalogue entry for this dataset, post-processed and stored in Analysis Ready Cloud Optimized (ARCO) format (Zarr), is available for optimised time-series retrievals (i.e. for retrieving data from selected variables for a single point over an extended period of time in an efficient way). You can discover it [here](https://cds.climate.copernicus.eu/datasets/reanalysis-era5-single-levels-timeseries?tab=overview)
[2026-06-03T06:02:11.416+0000] {legacy_client.py:192} INFO - [2025-12-11T00:00:00] Please note that a dedicated catalogue entry for this dataset, post-processed and stored in Analysis Ready Cloud Optimized (ARCO) format (Zarr), is available for optimised time-series retrievals (i.e. for retrieving data from selected variables for a single point over an extended period of time in an efficient way). You can discover it [here](https://cds.climate.copernicus.eu/datasets/reanalysis-era5-single-levels-timeseries?tab=overview)
[2026-06-03T06:02:11.423+0000] {logging_mixin.py:188} WARNING - 2026-06-03 06:02:11,422 INFO Request ID is 735e4ce3-cec9-4db7-b5c5-ab8bc95b60c3
[2026-06-03T06:02:11.422+0000] {legacy_client.py:192} INFO - Request ID is 735e4ce3-cec9-4db7-b5c5-ab8bc95b60c3
[2026-06-03T06:02:11.637+0000] {logging_mixin.py:188} WARNING - 2026-06-03 06:02:11,636 INFO status has been updated to accepted
[2026-06-03T06:02:11.636+0000] {legacy_client.py:192} INFO - status has been updated to accepted
[2026-06-03T06:02:25.964+0000] {logging_mixin.py:188} WARNING - 2026-06-03 06:02:25,963 INFO status has been updated to running
[2026-06-03T06:02:25.963+0000] {legacy_client.py:192} INFO - status has been updated to running
[2026-06-03T06:02:33.788+0000] {logging_mixin.py:188} WARNING - 2026-06-03 06:02:33,788 INFO status has been updated to successful
[2026-06-03T06:02:33.788+0000] {legacy_client.py:192} INFO - status has been updated to successful
[2026-06-03T06:02:34.220+0000] {base.py:119} INFO - Downloading https://object-store.os-api.cci2.ecmwf.int:443/cci2-prod-cache-3/2026-06-03/1d4b199f36340f462715c675a19c3bd7.nc
[2026-06-03T06:02:35.352+0000] {logging_mixin.py:188} WARNING - 1d4b199f36340f462715c675a19c3bd7.nc:   0%|          | 0.00/126k [00:00<?, ?B/s]
[2026-06-03T06:02:36.548+0000] {logging_mixin.py:188} WARNING - 1d4b199f36340f462715c675a19c3bd7.nc: 100%|##########| 126k/126k [00:01<00:00, 108kB/s]
[2026-06-03T06:02:36.565+0000] {logging_mixin.py:188} WARNING -                                                                                       
[2026-06-03T06:02:36.683+0000] {logging_mixin.py:188} WARNING - 2026-06-03 06:02:36 [INFO] nc downloaded ok: /opt/***/era5/ecmwf/data/nc/_raw/2026/05/29/accum_20260529.nc
[2026-06-03T06:02:36.682+0000] {era5_functions.py:204} INFO - nc downloaded ok: /opt/***/era5/ecmwf/data/nc/_raw/2026/05/29/accum_20260529.nc
[2026-06-03T06:02:36.737+0000] {logging_mixin.py:188} WARNING - 2026-06-03 06:02:36 [INFO] local timestep: 7 — /opt/***/era5/ecmwf/data/nc/_raw/2026/05/29/accum_20260529.nc
[2026-06-03T06:02:36.737+0000] {era5_functions.py:152} INFO - local timestep: 7 — /opt/***/era5/ecmwf/data/nc/_raw/2026/05/29/accum_20260529.nc
[2026-06-03T06:02:36.821+0000] {logging_mixin.py:188} WARNING - 2026-06-03 06:02:36 [INFO] tif outdated (tif=6 < nc=7), removing: /opt/***/era5/ecmwf/data/tif/2026/05/29/tp_20260529.tif
[2026-06-03T06:02:36.820+0000] {era5_functions.py:261} INFO - tif outdated (tif=6 < nc=7), removing: /opt/***/era5/ecmwf/data/tif/2026/05/29/tp_20260529.tif
[2026-06-03T06:02:36.910+0000] {logging_mixin.py:188} WARNING - 2026-06-03 06:02:36 [INFO] tif ok (bands=7): /opt/***/era5/ecmwf/data/tif/2026/05/29/tp_20260529.tif
[2026-06-03T06:02:36.909+0000] {era5_functions.py:304} INFO - tif ok (bands=7): /opt/***/era5/ecmwf/data/tif/2026/05/29/tp_20260529.tif
[2026-06-03T06:02:36.916+0000] {logging_mixin.py:188} WARNING - 2026-06-03 06:02:36 [INFO] === END job=accum date=2026-06-03 ===
[2026-06-03T06:02:36.915+0000] {era5_functions.py:379} INFO - === END job=accum date=2026-06-03 ===
[2026-06-03T06:02:36.918+0000] {python.py:237} INFO - Done. Returned value was: None
[2026-06-03T06:02:36.919+0000] {taskinstance.py:441} INFO - ::group::Post task execution logs
[2026-06-03T06:02:36.932+0000] {taskinstance.py:1206} INFO - Marking task as SUCCESS. dag_id=era5_download_pipeline, task_id=era5_accum, run_id=scheduled__2026-06-03T05:00:00+00:00, execution_date=20260603T050000, start_date=20260603T060122, end_date=20260603T060236
[2026-06-03T06:02:36.999+0000] {local_task_job_runner.py:240} INFO - Task exited with return code 0
[2026-06-03T06:02:37.014+0000] {local_task_job_runner.py:222} INFO - ::endgroup::
