[2026-05-28T07:47:55.950+0000] {local_task_job_runner.py:120} INFO - ::group::Pre task execution logs
[2026-05-28T07:47:55.981+0000] {taskinstance.py:2076} INFO - Dependencies all met for dep_context=non-requeueable deps ti=<TaskInstance: era5_download_pipeline.era5_accum manual__2026-05-28T07:47:46.873101+00:00 [queued]>
[2026-05-28T07:47:55.992+0000] {taskinstance.py:2076} INFO - Dependencies all met for dep_context=requeueable deps ti=<TaskInstance: era5_download_pipeline.era5_accum manual__2026-05-28T07:47:46.873101+00:00 [queued]>
[2026-05-28T07:47:55.994+0000] {taskinstance.py:2306} INFO - Starting attempt 1 of 1
[2026-05-28T07:47:56.011+0000] {taskinstance.py:2330} INFO - Executing <Task(PythonOperator): era5_accum> on 2026-05-28 07:47:46.873101+00:00
[2026-05-28T07:47:56.021+0000] {warnings.py:110} WARNING - /home/***/.local/lib/python3.12/site-packages/***/task/task_runner/standard_task_runner.py:61: DeprecationWarning: This process (pid=100) is multi-threaded, use of fork() may lead to deadlocks in the child.
  pid = os.fork()

[2026-05-28T07:47:56.024+0000] {standard_task_runner.py:63} INFO - Started process 102 to run task
[2026-05-28T07:47:56.024+0000] {standard_task_runner.py:90} INFO - Running: ['***', 'tasks', 'run', 'era5_download_pipeline', 'era5_accum', 'manual__2026-05-28T07:47:46.873101+00:00', '--job-id', '607', '--raw', '--subdir', 'DAGS_FOLDER/era5_dag.py', '--cfg-path', '/tmp/tmp5kakeroh']
[2026-05-28T07:47:56.027+0000] {standard_task_runner.py:91} INFO - Job 607: Subtask era5_accum
[2026-05-28T07:47:56.112+0000] {task_command.py:426} INFO - Running <TaskInstance: era5_download_pipeline.era5_accum manual__2026-05-28T07:47:46.873101+00:00 [running]> on host 034c45bb253a
[2026-05-28T07:47:56.246+0000] {taskinstance.py:2648} INFO - Exporting env vars: AIRFLOW_CTX_DAG_OWNER='era5' AIRFLOW_CTX_DAG_ID='era5_download_pipeline' AIRFLOW_CTX_TASK_ID='era5_accum' AIRFLOW_CTX_EXECUTION_DATE='2026-05-28T07:47:46.873101+00:00' AIRFLOW_CTX_TRY_NUMBER='1' AIRFLOW_CTX_DAG_RUN_ID='manual__2026-05-28T07:47:46.873101+00:00'
[2026-05-28T07:47:56.249+0000] {taskinstance.py:430} INFO - ::endgroup::
[2026-05-28T07:47:57.307+0000] {logging_mixin.py:188} WARNING - 2026-05-28 07:47:57 [INFO] START accum 2026-05-28
[2026-05-28T07:47:57.307+0000] {era5_functions.py:226} INFO - START accum 2026-05-28
[2026-05-28T07:47:58.743+0000] {logging_mixin.py:188} WARNING - 2026-05-28 07:47:58 [WARNING] CDS unavailable: 400 Client Error: Bad Request for url: https://cds.climate.copernicus.eu/api/retrieve/v1/processes/reanalysis-era5-single-levels/execution
invalid request
None of the data you have requested is available yet, please revise the period requested. The latest date available for this dataset is: 2026-05-23 07:00
[2026-05-28T07:47:58.743+0000] {era5_functions.py:90} WARNING - CDS unavailable: 400 Client Error: Bad Request for url: https://cds.climate.copernicus.eu/api/retrieve/v1/processes/reanalysis-era5-single-levels/execution
invalid request
None of the data you have requested is available yet, please revise the period requested. The latest date available for this dataset is: 2026-05-23 07:00
[2026-05-28T07:48:01.217+0000] {logging_mixin.py:188} WARNING - 2026-05-28 07:48:01 [WARNING] CDS unavailable: 400 Client Error: Bad Request for url: https://cds.climate.copernicus.eu/api/retrieve/v1/processes/reanalysis-era5-single-levels/execution
invalid request
None of the data you have requested is available yet, please revise the period requested. The latest date available for this dataset is: 2026-05-23 07:00
[2026-05-28T07:48:01.217+0000] {era5_functions.py:90} WARNING - CDS unavailable: 400 Client Error: Bad Request for url: https://cds.climate.copernicus.eu/api/retrieve/v1/processes/reanalysis-era5-single-levels/execution
invalid request
None of the data you have requested is available yet, please revise the period requested. The latest date available for this dataset is: 2026-05-23 07:00
[2026-05-28T07:48:01.665+0000] {logging_mixin.py:188} WARNING - 2026-05-28 07:48:01 [WARNING] CDS unavailable: 400 Client Error: Bad Request for url: https://cds.climate.copernicus.eu/api/retrieve/v1/processes/reanalysis-era5-single-levels/execution
invalid request
None of the data you have requested is available yet, please revise the period requested. The latest date available for this dataset is: 2026-05-23 07:00
[2026-05-28T07:48:01.665+0000] {era5_functions.py:90} WARNING - CDS unavailable: 400 Client Error: Bad Request for url: https://cds.climate.copernicus.eu/api/retrieve/v1/processes/reanalysis-era5-single-levels/execution
invalid request
None of the data you have requested is available yet, please revise the period requested. The latest date available for this dataset is: 2026-05-23 07:00
[2026-05-28T07:48:01.669+0000] {logging_mixin.py:188} WARNING - 2026-05-28 07:48:01 [INFO] END accum 2026-05-28
[2026-05-28T07:48:01.669+0000] {era5_functions.py:241} INFO - END accum 2026-05-28
[2026-05-28T07:48:01.671+0000] {python.py:237} INFO - Done. Returned value was: None
[2026-05-28T07:48:01.673+0000] {taskinstance.py:441} INFO - ::group::Post task execution logs
[2026-05-28T07:48:01.690+0000] {taskinstance.py:1206} INFO - Marking task as SUCCESS. dag_id=era5_download_pipeline, task_id=era5_accum, run_id=manual__2026-05-28T07:47:46.873101+00:00, execution_date=20260528T074746, start_date=20260528T074755, end_date=20260528T074801
[2026-05-28T07:48:01.768+0000] {local_task_job_runner.py:240} INFO - Task exited with return code 0
[2026-05-28T07:48:01.795+0000] {taskinstance.py:3498} INFO - 0 downstream tasks scheduled from follow-on schedule check
[2026-05-28T07:48:01.799+0000] {local_task_job_runner.py:222} INFO - ::endgroup::
