[2026-07-17T05:01:32.526+0000] {local_task_job_runner.py:120} INFO - ::group::Pre task execution logs
[2026-07-17T05:01:32.561+0000] {taskinstance.py:2076} INFO - Dependencies all met for dep_context=non-requeueable deps ti=<TaskInstance: era5_download_pipeline.era5_accum scheduled__2026-07-17T04:00:00+00:00 [queued]>
[2026-07-17T05:01:32.574+0000] {taskinstance.py:2076} INFO - Dependencies all met for dep_context=requeueable deps ti=<TaskInstance: era5_download_pipeline.era5_accum scheduled__2026-07-17T04:00:00+00:00 [queued]>
[2026-07-17T05:01:32.576+0000] {taskinstance.py:2306} INFO - Starting attempt 1 of 1
[2026-07-17T05:01:32.595+0000] {taskinstance.py:2330} INFO - Executing <Task(PythonOperator): era5_accum> on 2026-07-17 04:00:00+00:00
[2026-07-17T05:01:32.606+0000] {warnings.py:110} WARNING - /home/***/.local/lib/python3.12/site-packages/***/task/task_runner/standard_task_runner.py:61: DeprecationWarning: This process (pid=1223) is multi-threaded, use of fork() may lead to deadlocks in the child.
  pid = os.fork()

[2026-07-17T05:01:32.610+0000] {standard_task_runner.py:63} INFO - Started process 1225 to run task
[2026-07-17T05:01:32.609+0000] {standard_task_runner.py:90} INFO - Running: ['***', 'tasks', 'run', 'era5_download_pipeline', 'era5_accum', 'scheduled__2026-07-17T04:00:00+00:00', '--job-id', '2282', '--raw', '--subdir', 'DAGS_FOLDER/era5_dag.py', '--cfg-path', '/tmp/tmp7jqdj5ky']
[2026-07-17T05:01:32.613+0000] {standard_task_runner.py:91} INFO - Job 2282: Subtask era5_accum
[2026-07-17T05:01:32.692+0000] {task_command.py:426} INFO - Running <TaskInstance: era5_download_pipeline.era5_accum scheduled__2026-07-17T04:00:00+00:00 [running]> on host 01cd476fb21a
[2026-07-17T05:01:32.824+0000] {taskinstance.py:2648} INFO - Exporting env vars: AIRFLOW_CTX_DAG_OWNER='era5' AIRFLOW_CTX_DAG_ID='era5_download_pipeline' AIRFLOW_CTX_TASK_ID='era5_accum' AIRFLOW_CTX_EXECUTION_DATE='2026-07-17T04:00:00+00:00' AIRFLOW_CTX_TRY_NUMBER='1' AIRFLOW_CTX_DAG_RUN_ID='scheduled__2026-07-17T04:00:00+00:00'
[2026-07-17T05:01:32.826+0000] {taskinstance.py:430} INFO - ::endgroup::
[2026-07-17T05:01:33.938+0000] {logging_mixin.py:188} WARNING - 2026-07-17 05:01:33 [INFO] === START job=accum date=2026-07-17 ===
[2026-07-17T05:01:33.937+0000] {era5_functions.py:368} INFO - === START job=accum date=2026-07-17 ===
[2026-07-17T05:01:33.941+0000] {logging_mixin.py:188} WARNING - 2026-07-17 05:01:33 [INFO] --- job=accum date=20260717 ---
[2026-07-17T05:01:33.941+0000] {era5_functions.py:330} INFO - --- job=accum date=20260717 ---
[2026-07-17T05:01:34.557+0000] {logging_mixin.py:188} WARNING - 2026-07-17 05:01:34 [WARNING] get_cds_count failed: 400 Client Error: Bad Request for url: https://cds.climate.copernicus.eu/api/retrieve/v1/processes/reanalysis-era5-single-levels/execution
invalid request
None of the data you have requested is available yet, please revise the period requested. The latest date available for this dataset is: 2026-07-12 05:00
[2026-07-17T05:01:34.557+0000] {era5_functions.py:131} WARNING - get_cds_count failed: 400 Client Error: Bad Request for url: https://cds.climate.copernicus.eu/api/retrieve/v1/processes/reanalysis-era5-single-levels/execution
invalid request
None of the data you have requested is available yet, please revise the period requested. The latest date available for this dataset is: 2026-07-12 05:00
[2026-07-17T05:01:34.562+0000] {logging_mixin.py:188} WARNING - 2026-07-17 05:01:34 [WARNING] CDS ยังไม่มีข้อมูล job=accum date=20260717, skip
[2026-07-17T05:01:34.562+0000] {era5_functions.py:335} WARNING - CDS ยังไม่มีข้อมูล job=accum date=20260717, skip
[2026-07-17T05:01:34.566+0000] {logging_mixin.py:188} WARNING - 2026-07-17 05:01:34 [INFO] --- job=accum date=20260716 ---
[2026-07-17T05:01:34.566+0000] {era5_functions.py:330} INFO - --- job=accum date=20260716 ---
[2026-07-17T05:01:35.140+0000] {logging_mixin.py:188} WARNING - 2026-07-17 05:01:35 [WARNING] get_cds_count failed: 400 Client Error: Bad Request for url: https://cds.climate.copernicus.eu/api/retrieve/v1/processes/reanalysis-era5-single-levels/execution
invalid request
None of the data you have requested is available yet, please revise the period requested. The latest date available for this dataset is: 2026-07-12 05:00
[2026-07-17T05:01:35.140+0000] {era5_functions.py:131} WARNING - get_cds_count failed: 400 Client Error: Bad Request for url: https://cds.climate.copernicus.eu/api/retrieve/v1/processes/reanalysis-era5-single-levels/execution
invalid request
None of the data you have requested is available yet, please revise the period requested. The latest date available for this dataset is: 2026-07-12 05:00
[2026-07-17T05:01:35.144+0000] {logging_mixin.py:188} WARNING - 2026-07-17 05:01:35 [WARNING] CDS ยังไม่มีข้อมูล job=accum date=20260716, skip
[2026-07-17T05:01:35.144+0000] {era5_functions.py:335} WARNING - CDS ยังไม่มีข้อมูล job=accum date=20260716, skip
[2026-07-17T05:01:35.146+0000] {logging_mixin.py:188} WARNING - 2026-07-17 05:01:35 [INFO] --- job=accum date=20260715 ---
[2026-07-17T05:01:35.146+0000] {era5_functions.py:330} INFO - --- job=accum date=20260715 ---
[2026-07-17T05:01:35.897+0000] {logging_mixin.py:188} WARNING - 2026-07-17 05:01:35 [WARNING] get_cds_count failed: 400 Client Error: Bad Request for url: https://cds.climate.copernicus.eu/api/retrieve/v1/processes/reanalysis-era5-single-levels/execution
invalid request
None of the data you have requested is available yet, please revise the period requested. The latest date available for this dataset is: 2026-07-12 05:00
[2026-07-17T05:01:35.897+0000] {era5_functions.py:131} WARNING - get_cds_count failed: 400 Client Error: Bad Request for url: https://cds.climate.copernicus.eu/api/retrieve/v1/processes/reanalysis-era5-single-levels/execution
invalid request
None of the data you have requested is available yet, please revise the period requested. The latest date available for this dataset is: 2026-07-12 05:00
[2026-07-17T05:01:35.903+0000] {logging_mixin.py:188} WARNING - 2026-07-17 05:01:35 [WARNING] CDS ยังไม่มีข้อมูล job=accum date=20260715, skip
[2026-07-17T05:01:35.903+0000] {era5_functions.py:335} WARNING - CDS ยังไม่มีข้อมูล job=accum date=20260715, skip
[2026-07-17T05:01:35.907+0000] {logging_mixin.py:188} WARNING - 2026-07-17 05:01:35 [INFO] --- job=accum date=20260714 ---
[2026-07-17T05:01:35.906+0000] {era5_functions.py:330} INFO - --- job=accum date=20260714 ---
[2026-07-17T05:01:36.545+0000] {logging_mixin.py:188} WARNING - 2026-07-17 05:01:36 [WARNING] get_cds_count failed: 400 Client Error: Bad Request for url: https://cds.climate.copernicus.eu/api/retrieve/v1/processes/reanalysis-era5-single-levels/execution
invalid request
None of the data you have requested is available yet, please revise the period requested. The latest date available for this dataset is: 2026-07-12 05:00
[2026-07-17T05:01:36.545+0000] {era5_functions.py:131} WARNING - get_cds_count failed: 400 Client Error: Bad Request for url: https://cds.climate.copernicus.eu/api/retrieve/v1/processes/reanalysis-era5-single-levels/execution
invalid request
None of the data you have requested is available yet, please revise the period requested. The latest date available for this dataset is: 2026-07-12 05:00
[2026-07-17T05:01:36.551+0000] {logging_mixin.py:188} WARNING - 2026-07-17 05:01:36 [WARNING] CDS ยังไม่มีข้อมูล job=accum date=20260714, skip
[2026-07-17T05:01:36.550+0000] {era5_functions.py:335} WARNING - CDS ยังไม่มีข้อมูล job=accum date=20260714, skip
[2026-07-17T05:01:36.554+0000] {logging_mixin.py:188} WARNING - 2026-07-17 05:01:36 [INFO] --- job=accum date=20260713 ---
[2026-07-17T05:01:36.553+0000] {era5_functions.py:330} INFO - --- job=accum date=20260713 ---
[2026-07-17T05:01:36.960+0000] {logging_mixin.py:188} WARNING - 2026-07-17 05:01:36 [WARNING] get_cds_count failed: 400 Client Error: Bad Request for url: https://cds.climate.copernicus.eu/api/retrieve/v1/processes/reanalysis-era5-single-levels/execution
invalid request
None of the data you have requested is available yet, please revise the period requested. The latest date available for this dataset is: 2026-07-12 05:00
[2026-07-17T05:01:36.960+0000] {era5_functions.py:131} WARNING - get_cds_count failed: 400 Client Error: Bad Request for url: https://cds.climate.copernicus.eu/api/retrieve/v1/processes/reanalysis-era5-single-levels/execution
invalid request
None of the data you have requested is available yet, please revise the period requested. The latest date available for this dataset is: 2026-07-12 05:00
[2026-07-17T05:01:36.964+0000] {logging_mixin.py:188} WARNING - 2026-07-17 05:01:36 [WARNING] CDS ยังไม่มีข้อมูล job=accum date=20260713, skip
[2026-07-17T05:01:36.964+0000] {era5_functions.py:335} WARNING - CDS ยังไม่มีข้อมูล job=accum date=20260713, skip
[2026-07-17T05:01:36.968+0000] {logging_mixin.py:188} WARNING - 2026-07-17 05:01:36 [INFO] --- job=accum date=20260712 ---
[2026-07-17T05:01:36.968+0000] {era5_functions.py:330} INFO - --- job=accum date=20260712 ---
[2026-07-17T05:01:37.567+0000] {logging_mixin.py:188} WARNING - 2026-07-17 05:01:37,566 INFO Request ID is 68ee8967-26ea-47ba-873c-bff88428bc4a
[2026-07-17T05:01:37.566+0000] {legacy_client.py:192} INFO - Request ID is 68ee8967-26ea-47ba-873c-bff88428bc4a
[2026-07-17T05:01:37.784+0000] {logging_mixin.py:188} WARNING - 2026-07-17 05:01:37,784 INFO status has been updated to accepted
[2026-07-17T05:01:37.784+0000] {legacy_client.py:192} INFO - status has been updated to accepted
[2026-07-17T05:02:00.751+0000] {logging_mixin.py:188} WARNING - 2026-07-17 05:02:00,751 INFO status has been updated to running
[2026-07-17T05:02:00.751+0000] {legacy_client.py:192} INFO - status has been updated to running
[2026-07-17T05:02:12.359+0000] {logging_mixin.py:188} WARNING - 2026-07-17 05:02:12,358 INFO status has been updated to successful
[2026-07-17T05:02:12.358+0000] {legacy_client.py:192} INFO - status has been updated to successful
[2026-07-17T05:02:12.768+0000] {base.py:119} INFO - Downloading https://object-store.os-api.cci2.ecmwf.int:443/cci2-prod-cache-3/2026-07-17/1688c69aba3515d217c2979c61ba6695.nc
[2026-07-17T05:02:13.486+0000] {logging_mixin.py:188} WARNING - 1688c69aba3515d217c2979c61ba6695.nc:   0%|          | 0.00/107k [00:00<?, ?B/s]
[2026-07-17T05:02:14.877+0000] {logging_mixin.py:188} WARNING - 1688c69aba3515d217c2979c61ba6695.nc: 100%|##########| 107k/107k [00:01<00:00, 78.7kB/s]
[2026-07-17T05:02:14.880+0000] {logging_mixin.py:188} WARNING -                                                                                        
[2026-07-17T05:02:15.163+0000] {logging_mixin.py:188} WARNING - 2026-07-17 05:02:15 [INFO] CDS timestep available: 6
[2026-07-17T05:02:15.162+0000] {era5_functions.py:128} INFO - CDS timestep available: 6
[2026-07-17T05:02:15.223+0000] {logging_mixin.py:188} WARNING - 2026-07-17 05:02:15 [INFO] local timestep: 5 — /opt/***/era5/ecmwf/data/nc/_raw/2026/07/12/accum_20260712.nc
[2026-07-17T05:02:15.223+0000] {era5_functions.py:152} INFO - local timestep: 5 — /opt/***/era5/ecmwf/data/nc/_raw/2026/07/12/accum_20260712.nc
[2026-07-17T05:02:15.232+0000] {logging_mixin.py:188} WARNING - 2026-07-17 05:02:15 [INFO] nc outdated (local=5 < cds=6), removing: /opt/***/era5/ecmwf/data/nc/_raw/2026/07/12/accum_20260712.nc
[2026-07-17T05:02:15.232+0000] {era5_functions.py:193} INFO - nc outdated (local=5 < cds=6), removing: /opt/***/era5/ecmwf/data/nc/_raw/2026/07/12/accum_20260712.nc
[2026-07-17T05:02:15.256+0000] {logging_mixin.py:188} WARNING - 2026-07-17 05:02:15 [INFO] download attempt 1/3: /opt/***/era5/ecmwf/data/nc/_raw/2026/07/12/accum_20260712.nc
[2026-07-17T05:02:15.256+0000] {era5_functions.py:200} INFO - download attempt 1/3: /opt/***/era5/ecmwf/data/nc/_raw/2026/07/12/accum_20260712.nc
[2026-07-17T05:02:15.981+0000] {logging_mixin.py:188} WARNING - 2026-07-17 05:02:15,981 INFO Request ID is 63b30d54-87f7-419c-a7a1-ba9f2d5b25ce
[2026-07-17T05:02:15.981+0000] {legacy_client.py:192} INFO - Request ID is 63b30d54-87f7-419c-a7a1-ba9f2d5b25ce
[2026-07-17T05:02:16.204+0000] {logging_mixin.py:188} WARNING - 2026-07-17 05:02:16,204 INFO status has been updated to accepted
[2026-07-17T05:02:16.204+0000] {legacy_client.py:192} INFO - status has been updated to accepted
[2026-07-17T05:02:39.093+0000] {logging_mixin.py:188} WARNING - 2026-07-17 05:02:39,093 INFO status has been updated to running
[2026-07-17T05:02:39.093+0000] {legacy_client.py:192} INFO - status has been updated to running
[2026-07-17T05:02:50.693+0000] {logging_mixin.py:188} WARNING - 2026-07-17 05:02:50,693 INFO status has been updated to successful
[2026-07-17T05:02:50.693+0000] {legacy_client.py:192} INFO - status has been updated to successful
[2026-07-17T05:02:51.288+0000] {base.py:119} INFO - Downloading https://object-store.os-api.cci2.ecmwf.int:443/cci2-prod-cache-3/2026-07-17/70490d7afe6d59da3e1eff776e5269f9.nc
[2026-07-17T05:02:52.328+0000] {logging_mixin.py:188} WARNING - 70490d7afe6d59da3e1eff776e5269f9.nc:   0%|          | 0.00/107k [00:00<?, ?B/s]
[2026-07-17T05:02:53.894+0000] {logging_mixin.py:188} WARNING - 70490d7afe6d59da3e1eff776e5269f9.nc: 100%|##########| 107k/107k [00:01<00:00, 69.9kB/s]
[2026-07-17T05:02:53.915+0000] {logging_mixin.py:188} WARNING -                                                                                        
[2026-07-17T05:02:53.996+0000] {logging_mixin.py:188} WARNING - 2026-07-17 05:02:53 [INFO] nc downloaded ok: /opt/***/era5/ecmwf/data/nc/_raw/2026/07/12/accum_20260712.nc
[2026-07-17T05:02:53.996+0000] {era5_functions.py:204} INFO - nc downloaded ok: /opt/***/era5/ecmwf/data/nc/_raw/2026/07/12/accum_20260712.nc
[2026-07-17T05:02:54.050+0000] {logging_mixin.py:188} WARNING - 2026-07-17 05:02:54 [INFO] local timestep: 6 — /opt/***/era5/ecmwf/data/nc/_raw/2026/07/12/accum_20260712.nc
[2026-07-17T05:02:54.050+0000] {era5_functions.py:152} INFO - local timestep: 6 — /opt/***/era5/ecmwf/data/nc/_raw/2026/07/12/accum_20260712.nc
[2026-07-17T05:02:54.124+0000] {logging_mixin.py:188} WARNING - 2026-07-17 05:02:54 [INFO] tif outdated (tif=5 < nc=6), removing: /opt/***/era5/ecmwf/data/tif/2026/07/12/tp_20260712.tif
[2026-07-17T05:02:54.124+0000] {era5_functions.py:261} INFO - tif outdated (tif=5 < nc=6), removing: /opt/***/era5/ecmwf/data/tif/2026/07/12/tp_20260712.tif
[2026-07-17T05:02:54.212+0000] {logging_mixin.py:188} WARNING - 2026-07-17 05:02:54 [INFO] tif ok (bands=6): /opt/***/era5/ecmwf/data/tif/2026/07/12/tp_20260712.tif
[2026-07-17T05:02:54.212+0000] {era5_functions.py:304} INFO - tif ok (bands=6): /opt/***/era5/ecmwf/data/tif/2026/07/12/tp_20260712.tif
[2026-07-17T05:02:54.217+0000] {logging_mixin.py:188} WARNING - 2026-07-17 05:02:54 [INFO] === END job=accum date=2026-07-17 ===
[2026-07-17T05:02:54.217+0000] {era5_functions.py:379} INFO - === END job=accum date=2026-07-17 ===
[2026-07-17T05:02:54.218+0000] {python.py:237} INFO - Done. Returned value was: None
[2026-07-17T05:02:54.219+0000] {taskinstance.py:441} INFO - ::group::Post task execution logs
[2026-07-17T05:02:54.231+0000] {taskinstance.py:1206} INFO - Marking task as SUCCESS. dag_id=era5_download_pipeline, task_id=era5_accum, run_id=scheduled__2026-07-17T04:00:00+00:00, execution_date=20260717T040000, start_date=20260717T050132, end_date=20260717T050254
[2026-07-17T05:02:54.294+0000] {local_task_job_runner.py:240} INFO - Task exited with return code 0
[2026-07-17T05:02:54.314+0000] {taskinstance.py:3498} INFO - 0 downstream tasks scheduled from follow-on schedule check
[2026-07-17T05:02:54.318+0000] {local_task_job_runner.py:222} INFO - ::endgroup::
