[2026-06-21T03:01:31.709+0000] {local_task_job_runner.py:120} INFO - ::group::Pre task execution logs
[2026-06-21T03:01:31.739+0000] {taskinstance.py:2076} INFO - Dependencies all met for dep_context=non-requeueable deps ti=<TaskInstance: era5_download_pipeline.era5_accum scheduled__2026-06-21T02:00:00+00:00 [queued]>
[2026-06-21T03:01:31.750+0000] {taskinstance.py:2076} INFO - Dependencies all met for dep_context=requeueable deps ti=<TaskInstance: era5_download_pipeline.era5_accum scheduled__2026-06-21T02:00:00+00:00 [queued]>
[2026-06-21T03:01:31.751+0000] {taskinstance.py:2306} INFO - Starting attempt 1 of 1
[2026-06-21T03:01:31.768+0000] {taskinstance.py:2330} INFO - Executing <Task(PythonOperator): era5_accum> on 2026-06-21 02:00:00+00:00
[2026-06-21T03:01:31.782+0000] {warnings.py:110} WARNING - /home/***/.local/lib/python3.12/site-packages/***/task/task_runner/standard_task_runner.py:61: DeprecationWarning: This process (pid=181767) is multi-threaded, use of fork() may lead to deadlocks in the child.
  pid = os.fork()

[2026-06-21T03:01:31.785+0000] {standard_task_runner.py:63} INFO - Started process 181769 to run task
[2026-06-21T03:01:31.784+0000] {standard_task_runner.py:90} INFO - Running: ['***', 'tasks', 'run', 'era5_download_pipeline', 'era5_accum', 'scheduled__2026-06-21T02:00:00+00:00', '--job-id', '2036', '--raw', '--subdir', 'DAGS_FOLDER/era5_dag.py', '--cfg-path', '/tmp/tmpdqpraghe']
[2026-06-21T03:01:31.791+0000] {standard_task_runner.py:91} INFO - Job 2036: Subtask era5_accum
[2026-06-21T03:01:31.869+0000] {task_command.py:426} INFO - Running <TaskInstance: era5_download_pipeline.era5_accum scheduled__2026-06-21T02:00:00+00:00 [running]> on host 01cd476fb21a
[2026-06-21T03:01:31.995+0000] {taskinstance.py:2648} INFO - Exporting env vars: AIRFLOW_CTX_DAG_OWNER='era5' AIRFLOW_CTX_DAG_ID='era5_download_pipeline' AIRFLOW_CTX_TASK_ID='era5_accum' AIRFLOW_CTX_EXECUTION_DATE='2026-06-21T02:00:00+00:00' AIRFLOW_CTX_TRY_NUMBER='1' AIRFLOW_CTX_DAG_RUN_ID='scheduled__2026-06-21T02:00:00+00:00'
[2026-06-21T03:01:31.997+0000] {taskinstance.py:430} INFO - ::endgroup::
[2026-06-21T03:01:33.095+0000] {logging_mixin.py:188} WARNING - 2026-06-21 03:01:33 [INFO] === START job=accum date=2026-06-21 ===
[2026-06-21T03:01:33.095+0000] {era5_functions.py:368} INFO - === START job=accum date=2026-06-21 ===
[2026-06-21T03:01:33.098+0000] {logging_mixin.py:188} WARNING - 2026-06-21 03:01:33 [INFO] --- job=accum date=20260621 ---
[2026-06-21T03:01:33.098+0000] {era5_functions.py:330} INFO - --- job=accum date=20260621 ---
[2026-06-21T03:01:33.737+0000] {logging_mixin.py:188} WARNING - 2026-06-21 03:01:33 [WARNING] get_cds_count failed: 400 Client Error: Bad Request for url: https://cds.climate.copernicus.eu/api/retrieve/v1/processes/reanalysis-era5-single-levels/execution
invalid request
None of the data you have requested is available yet, please revise the period requested. The latest date available for this dataset is: 2026-06-16 03:00
[2026-06-21T03:01:33.737+0000] {era5_functions.py:131} WARNING - get_cds_count failed: 400 Client Error: Bad Request for url: https://cds.climate.copernicus.eu/api/retrieve/v1/processes/reanalysis-era5-single-levels/execution
invalid request
None of the data you have requested is available yet, please revise the period requested. The latest date available for this dataset is: 2026-06-16 03:00
[2026-06-21T03:01:33.742+0000] {logging_mixin.py:188} WARNING - 2026-06-21 03:01:33 [WARNING] CDS ยังไม่มีข้อมูล job=accum date=20260621, skip
[2026-06-21T03:01:33.742+0000] {era5_functions.py:335} WARNING - CDS ยังไม่มีข้อมูล job=accum date=20260621, skip
[2026-06-21T03:01:33.745+0000] {logging_mixin.py:188} WARNING - 2026-06-21 03:01:33 [INFO] --- job=accum date=20260620 ---
[2026-06-21T03:01:33.745+0000] {era5_functions.py:330} INFO - --- job=accum date=20260620 ---
[2026-06-21T03:01:34.407+0000] {logging_mixin.py:188} WARNING - 2026-06-21 03:01:34 [WARNING] get_cds_count failed: 400 Client Error: Bad Request for url: https://cds.climate.copernicus.eu/api/retrieve/v1/processes/reanalysis-era5-single-levels/execution
invalid request
None of the data you have requested is available yet, please revise the period requested. The latest date available for this dataset is: 2026-06-16 03:00
[2026-06-21T03:01:34.406+0000] {era5_functions.py:131} WARNING - get_cds_count failed: 400 Client Error: Bad Request for url: https://cds.climate.copernicus.eu/api/retrieve/v1/processes/reanalysis-era5-single-levels/execution
invalid request
None of the data you have requested is available yet, please revise the period requested. The latest date available for this dataset is: 2026-06-16 03:00
[2026-06-21T03:01:34.412+0000] {logging_mixin.py:188} WARNING - 2026-06-21 03:01:34 [WARNING] CDS ยังไม่มีข้อมูล job=accum date=20260620, skip
[2026-06-21T03:01:34.412+0000] {era5_functions.py:335} WARNING - CDS ยังไม่มีข้อมูล job=accum date=20260620, skip
[2026-06-21T03:01:34.416+0000] {logging_mixin.py:188} WARNING - 2026-06-21 03:01:34 [INFO] --- job=accum date=20260619 ---
[2026-06-21T03:01:34.415+0000] {era5_functions.py:330} INFO - --- job=accum date=20260619 ---
[2026-06-21T03:01:35.079+0000] {logging_mixin.py:188} WARNING - 2026-06-21 03:01:35 [WARNING] get_cds_count failed: 400 Client Error: Bad Request for url: https://cds.climate.copernicus.eu/api/retrieve/v1/processes/reanalysis-era5-single-levels/execution
invalid request
None of the data you have requested is available yet, please revise the period requested. The latest date available for this dataset is: 2026-06-16 03:00
[2026-06-21T03:01:35.079+0000] {era5_functions.py:131} WARNING - get_cds_count failed: 400 Client Error: Bad Request for url: https://cds.climate.copernicus.eu/api/retrieve/v1/processes/reanalysis-era5-single-levels/execution
invalid request
None of the data you have requested is available yet, please revise the period requested. The latest date available for this dataset is: 2026-06-16 03:00
[2026-06-21T03:01:35.083+0000] {logging_mixin.py:188} WARNING - 2026-06-21 03:01:35 [WARNING] CDS ยังไม่มีข้อมูล job=accum date=20260619, skip
[2026-06-21T03:01:35.083+0000] {era5_functions.py:335} WARNING - CDS ยังไม่มีข้อมูล job=accum date=20260619, skip
[2026-06-21T03:01:35.086+0000] {logging_mixin.py:188} WARNING - 2026-06-21 03:01:35 [INFO] --- job=accum date=20260618 ---
[2026-06-21T03:01:35.086+0000] {era5_functions.py:330} INFO - --- job=accum date=20260618 ---
[2026-06-21T03:01:35.744+0000] {logging_mixin.py:188} WARNING - 2026-06-21 03:01:35 [WARNING] get_cds_count failed: 400 Client Error: Bad Request for url: https://cds.climate.copernicus.eu/api/retrieve/v1/processes/reanalysis-era5-single-levels/execution
invalid request
None of the data you have requested is available yet, please revise the period requested. The latest date available for this dataset is: 2026-06-16 03:00
[2026-06-21T03:01:35.744+0000] {era5_functions.py:131} WARNING - get_cds_count failed: 400 Client Error: Bad Request for url: https://cds.climate.copernicus.eu/api/retrieve/v1/processes/reanalysis-era5-single-levels/execution
invalid request
None of the data you have requested is available yet, please revise the period requested. The latest date available for this dataset is: 2026-06-16 03:00
[2026-06-21T03:01:35.749+0000] {logging_mixin.py:188} WARNING - 2026-06-21 03:01:35 [WARNING] CDS ยังไม่มีข้อมูล job=accum date=20260618, skip
[2026-06-21T03:01:35.749+0000] {era5_functions.py:335} WARNING - CDS ยังไม่มีข้อมูล job=accum date=20260618, skip
[2026-06-21T03:01:35.753+0000] {logging_mixin.py:188} WARNING - 2026-06-21 03:01:35 [INFO] --- job=accum date=20260617 ---
[2026-06-21T03:01:35.753+0000] {era5_functions.py:330} INFO - --- job=accum date=20260617 ---
[2026-06-21T03:01:36.180+0000] {logging_mixin.py:188} WARNING - 2026-06-21 03:01:36 [WARNING] get_cds_count failed: 400 Client Error: Bad Request for url: https://cds.climate.copernicus.eu/api/retrieve/v1/processes/reanalysis-era5-single-levels/execution
invalid request
None of the data you have requested is available yet, please revise the period requested. The latest date available for this dataset is: 2026-06-16 03:00
[2026-06-21T03:01:36.180+0000] {era5_functions.py:131} WARNING - get_cds_count failed: 400 Client Error: Bad Request for url: https://cds.climate.copernicus.eu/api/retrieve/v1/processes/reanalysis-era5-single-levels/execution
invalid request
None of the data you have requested is available yet, please revise the period requested. The latest date available for this dataset is: 2026-06-16 03:00
[2026-06-21T03:01:36.185+0000] {logging_mixin.py:188} WARNING - 2026-06-21 03:01:36 [WARNING] CDS ยังไม่มีข้อมูล job=accum date=20260617, skip
[2026-06-21T03:01:36.185+0000] {era5_functions.py:335} WARNING - CDS ยังไม่มีข้อมูล job=accum date=20260617, skip
[2026-06-21T03:01:36.189+0000] {logging_mixin.py:188} WARNING - 2026-06-21 03:01:36 [INFO] --- job=accum date=20260616 ---
[2026-06-21T03:01:36.188+0000] {era5_functions.py:330} INFO - --- job=accum date=20260616 ---
[2026-06-21T03:01:36.780+0000] {logging_mixin.py:188} WARNING - 2026-06-21 03:01:36,780 INFO [2025-12-11T00:00:00] Please note that a dedicated catalogue entry for this dataset, post-processed and stored in Analysis Ready Cloud Optimized (ARCO) format (Zarr), is available for optimised time-series retrievals (i.e. for retrieving data from selected variables for a single point over an extended period of time in an efficient way). You can discover it [here](https://cds.climate.copernicus.eu/datasets/reanalysis-era5-single-levels-timeseries?tab=overview)
[2026-06-21T03:01:36.780+0000] {legacy_client.py:192} INFO - [2025-12-11T00:00:00] Please note that a dedicated catalogue entry for this dataset, post-processed and stored in Analysis Ready Cloud Optimized (ARCO) format (Zarr), is available for optimised time-series retrievals (i.e. for retrieving data from selected variables for a single point over an extended period of time in an efficient way). You can discover it [here](https://cds.climate.copernicus.eu/datasets/reanalysis-era5-single-levels-timeseries?tab=overview)
[2026-06-21T03:01:36.785+0000] {logging_mixin.py:188} WARNING - 2026-06-21 03:01:36,785 INFO Request ID is 8ca8c4c3-c626-41d7-87a5-b8819ba7c1c7
[2026-06-21T03:01:36.785+0000] {legacy_client.py:192} INFO - Request ID is 8ca8c4c3-c626-41d7-87a5-b8819ba7c1c7
[2026-06-21T03:01:37.015+0000] {logging_mixin.py:188} WARNING - 2026-06-21 03:01:37,014 INFO status has been updated to accepted
[2026-06-21T03:01:37.014+0000] {legacy_client.py:192} INFO - status has been updated to accepted
[2026-06-21T03:01:51.283+0000] {logging_mixin.py:188} WARNING - 2026-06-21 03:01:51,282 INFO status has been updated to running
[2026-06-21T03:01:51.282+0000] {legacy_client.py:192} INFO - status has been updated to running
[2026-06-21T03:01:59.106+0000] {logging_mixin.py:188} WARNING - 2026-06-21 03:01:59,106 INFO status has been updated to successful
[2026-06-21T03:01:59.106+0000] {legacy_client.py:192} INFO - status has been updated to successful
[2026-06-21T03:01:59.641+0000] {base.py:119} INFO - Downloading https://object-store.os-api.cci2.ecmwf.int:443/cci2-prod-cache-3/2026-06-21/60d408a415aa0c127d56d0e9968f9e7f.nc
[2026-06-21T03:02:00.312+0000] {logging_mixin.py:188} WARNING - 60d408a415aa0c127d56d0e9968f9e7f.nc:   0%|          | 0.00/76.7k [00:00<?, ?B/s]
[2026-06-21T03:02:01.656+0000] {logging_mixin.py:188} WARNING - 60d408a415aa0c127d56d0e9968f9e7f.nc: 100%|##########| 76.7k/76.7k [00:01<00:00, 58.5kB/s]
[2026-06-21T03:02:01.662+0000] {logging_mixin.py:188} WARNING -                                                                                          
[2026-06-21T03:02:01.949+0000] {logging_mixin.py:188} WARNING - 2026-06-21 03:02:01 [INFO] CDS timestep available: 4
[2026-06-21T03:02:01.949+0000] {era5_functions.py:128} INFO - CDS timestep available: 4
[2026-06-21T03:02:02.012+0000] {logging_mixin.py:188} WARNING - 2026-06-21 03:02:02 [INFO] local timestep: 3 — /opt/***/era5/ecmwf/data/nc/_raw/2026/06/16/accum_20260616.nc
[2026-06-21T03:02:02.011+0000] {era5_functions.py:152} INFO - local timestep: 3 — /opt/***/era5/ecmwf/data/nc/_raw/2026/06/16/accum_20260616.nc
[2026-06-21T03:02:02.022+0000] {logging_mixin.py:188} WARNING - 2026-06-21 03:02:02 [INFO] nc outdated (local=3 < cds=4), removing: /opt/***/era5/ecmwf/data/nc/_raw/2026/06/16/accum_20260616.nc
[2026-06-21T03:02:02.022+0000] {era5_functions.py:193} INFO - nc outdated (local=3 < cds=4), removing: /opt/***/era5/ecmwf/data/nc/_raw/2026/06/16/accum_20260616.nc
[2026-06-21T03:02:02.047+0000] {logging_mixin.py:188} WARNING - 2026-06-21 03:02:02 [INFO] download attempt 1/3: /opt/***/era5/ecmwf/data/nc/_raw/2026/06/16/accum_20260616.nc
[2026-06-21T03:02:02.047+0000] {era5_functions.py:200} INFO - download attempt 1/3: /opt/***/era5/ecmwf/data/nc/_raw/2026/06/16/accum_20260616.nc
[2026-06-21T03:02:07.112+0000] {logging_mixin.py:188} WARNING - 2026-06-21 03:02:07,112 INFO [2025-12-11T00:00:00] Please note that a dedicated catalogue entry for this dataset, post-processed and stored in Analysis Ready Cloud Optimized (ARCO) format (Zarr), is available for optimised time-series retrievals (i.e. for retrieving data from selected variables for a single point over an extended period of time in an efficient way). You can discover it [here](https://cds.climate.copernicus.eu/datasets/reanalysis-era5-single-levels-timeseries?tab=overview)
[2026-06-21T03:02:07.112+0000] {legacy_client.py:192} INFO - [2025-12-11T00:00:00] Please note that a dedicated catalogue entry for this dataset, post-processed and stored in Analysis Ready Cloud Optimized (ARCO) format (Zarr), is available for optimised time-series retrievals (i.e. for retrieving data from selected variables for a single point over an extended period of time in an efficient way). You can discover it [here](https://cds.climate.copernicus.eu/datasets/reanalysis-era5-single-levels-timeseries?tab=overview)
[2026-06-21T03:02:07.115+0000] {logging_mixin.py:188} WARNING - 2026-06-21 03:02:07,115 INFO Request ID is b534c369-d8ed-4bd0-a545-aafc1d72c63d
[2026-06-21T03:02:07.115+0000] {legacy_client.py:192} INFO - Request ID is b534c369-d8ed-4bd0-a545-aafc1d72c63d
[2026-06-21T03:02:07.360+0000] {logging_mixin.py:188} WARNING - 2026-06-21 03:02:07,360 INFO status has been updated to accepted
[2026-06-21T03:02:07.360+0000] {legacy_client.py:192} INFO - status has been updated to accepted
[2026-06-21T03:02:22.817+0000] {logging_mixin.py:188} WARNING - 2026-06-21 03:02:22,816 INFO status has been updated to running
[2026-06-21T03:02:22.816+0000] {legacy_client.py:192} INFO - status has been updated to running
[2026-06-21T03:02:42.569+0000] {logging_mixin.py:188} WARNING - 2026-06-21 03:02:42,569 INFO status has been updated to successful
[2026-06-21T03:02:42.569+0000] {legacy_client.py:192} INFO - status has been updated to successful
[2026-06-21T03:02:42.986+0000] {base.py:119} INFO - Downloading https://object-store.os-api.cci2.ecmwf.int:443/cci2-prod-cache-1/2026-06-21/63b8f457a16dd8a6db21c5fff7c55845.nc
[2026-06-21T03:02:44.023+0000] {logging_mixin.py:188} WARNING - 63b8f457a16dd8a6db21c5fff7c55845.nc:   0%|          | 0.00/76.7k [00:00<?, ?B/s]
[2026-06-21T03:02:45.049+0000] {logging_mixin.py:188} WARNING - 63b8f457a16dd8a6db21c5fff7c55845.nc: 100%|##########| 76.7k/76.7k [00:01<00:00, 76.8kB/s]
[2026-06-21T03:02:45.069+0000] {logging_mixin.py:188} WARNING -                                                                                          
[2026-06-21T03:02:45.156+0000] {logging_mixin.py:188} WARNING - 2026-06-21 03:02:45 [INFO] nc downloaded ok: /opt/***/era5/ecmwf/data/nc/_raw/2026/06/16/accum_20260616.nc
[2026-06-21T03:02:45.155+0000] {era5_functions.py:204} INFO - nc downloaded ok: /opt/***/era5/ecmwf/data/nc/_raw/2026/06/16/accum_20260616.nc
[2026-06-21T03:02:45.244+0000] {logging_mixin.py:188} WARNING - 2026-06-21 03:02:45 [INFO] local timestep: 4 — /opt/***/era5/ecmwf/data/nc/_raw/2026/06/16/accum_20260616.nc
[2026-06-21T03:02:45.244+0000] {era5_functions.py:152} INFO - local timestep: 4 — /opt/***/era5/ecmwf/data/nc/_raw/2026/06/16/accum_20260616.nc
[2026-06-21T03:02:45.333+0000] {logging_mixin.py:188} WARNING - 2026-06-21 03:02:45 [INFO] tif outdated (tif=3 < nc=4), removing: /opt/***/era5/ecmwf/data/tif/2026/06/16/tp_20260616.tif
[2026-06-21T03:02:45.333+0000] {era5_functions.py:261} INFO - tif outdated (tif=3 < nc=4), removing: /opt/***/era5/ecmwf/data/tif/2026/06/16/tp_20260616.tif
[2026-06-21T03:02:45.438+0000] {logging_mixin.py:188} WARNING - 2026-06-21 03:02:45 [INFO] tif ok (bands=4): /opt/***/era5/ecmwf/data/tif/2026/06/16/tp_20260616.tif
[2026-06-21T03:02:45.438+0000] {era5_functions.py:304} INFO - tif ok (bands=4): /opt/***/era5/ecmwf/data/tif/2026/06/16/tp_20260616.tif
[2026-06-21T03:02:45.443+0000] {logging_mixin.py:188} WARNING - 2026-06-21 03:02:45 [INFO] === END job=accum date=2026-06-21 ===
[2026-06-21T03:02:45.443+0000] {era5_functions.py:379} INFO - === END job=accum date=2026-06-21 ===
[2026-06-21T03:02:45.445+0000] {python.py:237} INFO - Done. Returned value was: None
[2026-06-21T03:02:45.446+0000] {taskinstance.py:441} INFO - ::group::Post task execution logs
[2026-06-21T03:02:45.460+0000] {taskinstance.py:1206} INFO - Marking task as SUCCESS. dag_id=era5_download_pipeline, task_id=era5_accum, run_id=scheduled__2026-06-21T02:00:00+00:00, execution_date=20260621T020000, start_date=20260621T030131, end_date=20260621T030245
[2026-06-21T03:02:45.518+0000] {local_task_job_runner.py:240} INFO - Task exited with return code 0
[2026-06-21T03:02:45.540+0000] {taskinstance.py:3498} INFO - 0 downstream tasks scheduled from follow-on schedule check
[2026-06-21T03:02:45.543+0000] {local_task_job_runner.py:222} INFO - ::endgroup::
