[2026-05-20T03:00:03.289+0000] {local_task_job_runner.py:120} INFO - ::group::Pre task execution logs
[2026-05-20T03:00:03.311+0000] {taskinstance.py:2076} INFO - Dependencies all met for dep_context=non-requeueable deps ti=<TaskInstance: era5_ecmwf_pipeline.era5_instant scheduled__2026-05-20T02:00:00+00:00 [queued]>
[2026-05-20T03:00:03.321+0000] {taskinstance.py:2076} INFO - Dependencies all met for dep_context=requeueable deps ti=<TaskInstance: era5_ecmwf_pipeline.era5_instant scheduled__2026-05-20T02:00:00+00:00 [queued]>
[2026-05-20T03:00:03.323+0000] {taskinstance.py:2306} INFO - Starting attempt 1 of 1
[2026-05-20T03:00:03.350+0000] {taskinstance.py:2330} INFO - Executing <Task(PythonOperator): era5_instant> on 2026-05-20 02:00:00+00:00
[2026-05-20T03:00:03.363+0000] {warnings.py:110} WARNING - /home/***/.local/lib/python3.12/site-packages/***/task/task_runner/standard_task_runner.py:61: DeprecationWarning: This process (pid=1175) is multi-threaded, use of fork() may lead to deadlocks in the child.
  pid = os.fork()

[2026-05-20T03:00:03.367+0000] {standard_task_runner.py:63} INFO - Started process 1179 to run task
[2026-05-20T03:00:03.369+0000] {standard_task_runner.py:90} INFO - Running: ['***', 'tasks', 'run', 'era5_ecmwf_pipeline', 'era5_instant', 'scheduled__2026-05-20T02:00:00+00:00', '--job-id', '185', '--raw', '--subdir', 'DAGS_FOLDER/era5_dag.py', '--cfg-path', '/tmp/tmpqtbqg4br']
[2026-05-20T03:00:03.374+0000] {standard_task_runner.py:91} INFO - Job 185: Subtask era5_instant
[2026-05-20T03:00:03.457+0000] {task_command.py:426} INFO - Running <TaskInstance: era5_ecmwf_pipeline.era5_instant scheduled__2026-05-20T02:00:00+00:00 [running]> on host 1f93ee984da8
[2026-05-20T03:00:03.595+0000] {taskinstance.py:2648} INFO - Exporting env vars: AIRFLOW_CTX_DAG_OWNER='***' AIRFLOW_CTX_DAG_ID='era5_ecmwf_pipeline' AIRFLOW_CTX_TASK_ID='era5_instant' AIRFLOW_CTX_EXECUTION_DATE='2026-05-20T02:00:00+00:00' AIRFLOW_CTX_TRY_NUMBER='1' AIRFLOW_CTX_DAG_RUN_ID='scheduled__2026-05-20T02:00:00+00:00'
[2026-05-20T03:00:03.598+0000] {taskinstance.py:430} INFO - ::endgroup::
[2026-05-20T03:00:03.624+0000] {era5_logger.py:51} INFO - Log file: logs/era5/2026/05/15/era5_20260515.log
[2026-05-20T03:00:03.625+0000] {era5_functions.py:254} INFO - ERA5 [INSTANT] START: 2026-05-15
[2026-05-20T03:00:04.667+0000] {era5_functions.py:218} INFO - ==================================================
JOB: INSTANT | 2026-05-15
Variables: ['t2m', 'd2m', 'sp', 'blh', 'u10', 'v10']
==================================================
[2026-05-20T03:00:05.118+0000] {era5_functions.py:62} WARNING - [VALIDATE NC] instant_20260515.nc → NOT READY (2/24 timesteps)
[2026-05-20T03:00:05.120+0000] {era5_functions.py:229} WARNING - [PIPELINE] skip → ข้อมูลยังไม่ครบ
[2026-05-20T03:00:05.121+0000] {era5_functions.py:256} INFO - ERA5 [INSTANT] COMPLETE ✓
[2026-05-20T03:00:05.122+0000] {python.py:237} INFO - Done. Returned value was: None
[2026-05-20T03:00:05.123+0000] {taskinstance.py:441} INFO - ::group::Post task execution logs
[2026-05-20T03:00:05.138+0000] {taskinstance.py:1206} INFO - Marking task as SUCCESS. dag_id=era5_ecmwf_pipeline, task_id=era5_instant, run_id=scheduled__2026-05-20T02:00:00+00:00, execution_date=20260520T020000, start_date=20260520T030003, end_date=20260520T030005
[2026-05-20T03:00:05.190+0000] {local_task_job_runner.py:240} INFO - Task exited with return code 0
[2026-05-20T03:00:05.203+0000] {local_task_job_runner.py:222} INFO - ::endgroup::
