[2026-05-22T03:20:27.993+0000] {local_task_job_runner.py:120} INFO - ::group::Pre task execution logs
[2026-05-22T03:20:28.028+0000] {taskinstance.py:2076} INFO - Dependencies all met for dep_context=non-requeueable deps ti=<TaskInstance: era5_ecmwf_pipeline.era5_instant manual__2026-05-22T03:19:28.249238+00:00 [queued]>
[2026-05-22T03:20:28.042+0000] {taskinstance.py:2076} INFO - Dependencies all met for dep_context=requeueable deps ti=<TaskInstance: era5_ecmwf_pipeline.era5_instant manual__2026-05-22T03:19:28.249238+00:00 [queued]>
[2026-05-22T03:20:28.044+0000] {taskinstance.py:2306} INFO - Starting attempt 2 of 2
[2026-05-22T03:20:28.064+0000] {taskinstance.py:2330} INFO - Executing <Task(PythonOperator): era5_instant> on 2026-05-22 03:19:28.249238+00:00
[2026-05-22T03:20:28.075+0000] {warnings.py:110} WARNING - /home/***/.local/lib/python3.12/site-packages/***/task/task_runner/standard_task_runner.py:61: DeprecationWarning: This process (pid=98) is multi-threaded, use of fork() may lead to deadlocks in the child.
  pid = os.fork()

[2026-05-22T03:20:28.079+0000] {standard_task_runner.py:63} INFO - Started process 100 to run task
[2026-05-22T03:20:28.077+0000] {standard_task_runner.py:90} INFO - Running: ['***', 'tasks', 'run', 'era5_ecmwf_pipeline', 'era5_instant', 'manual__2026-05-22T03:19:28.249238+00:00', '--job-id', '302', '--raw', '--subdir', 'DAGS_FOLDER/era5_dag.py', '--cfg-path', '/tmp/tmpnvn2l064']
[2026-05-22T03:20:28.081+0000] {standard_task_runner.py:91} INFO - Job 302: Subtask era5_instant
[2026-05-22T03:20:28.164+0000] {task_command.py:426} INFO - Running <TaskInstance: era5_ecmwf_pipeline.era5_instant manual__2026-05-22T03:19:28.249238+00:00 [running]> on host 2994af8b4501
[2026-05-22T03:20:28.280+0000] {taskinstance.py:2648} INFO - Exporting env vars: AIRFLOW_CTX_DAG_OWNER='***' AIRFLOW_CTX_DAG_ID='era5_ecmwf_pipeline' AIRFLOW_CTX_TASK_ID='era5_instant' AIRFLOW_CTX_EXECUTION_DATE='2026-05-22T03:19:28.249238+00:00' AIRFLOW_CTX_TRY_NUMBER='2' AIRFLOW_CTX_DAG_RUN_ID='manual__2026-05-22T03:19:28.249238+00:00'
[2026-05-22T03:20:28.282+0000] {taskinstance.py:430} INFO - ::endgroup::
[2026-05-22T03:20:28.299+0000] {logging_mixin.py:188} INFO - RUN → instant | 2026-05-17
[2026-05-22T03:20:28.309+0000] {era5_logger.py:51} INFO - Log file: logs/era5/2026/05/17/era5_20260517.log
[2026-05-22T03:20:28.310+0000] {era5_functions.py:322} INFO - ERA5 [INSTANT] START: 2026-05-17
[2026-05-22T03:20:29.326+0000] {era5_functions.py:285} INFO - ============================================================
[2026-05-22T03:20:29.328+0000] {era5_functions.py:286} INFO - JOB : INSTANT | 2026-05-17
[2026-05-22T03:20:29.330+0000] {era5_functions.py:287} INFO - VARS: ['t2m', 'd2m', 'sp', 'blh', 'u10', 'v10']
[2026-05-22T03:20:29.332+0000] {era5_functions.py:288} INFO - ============================================================
[2026-05-22T03:20:29.638+0000] {era5_functions.py:63} WARNING - [VALIDATE NC] instant_20260517.nc → NOT READY (4/24)
[2026-05-22T03:20:29.642+0000] {era5_functions.py:123} WARNING - [NC] ERA5 not ready → instant_20260517.nc
[2026-05-22T03:20:29.817+0000] {era5_functions.py:261} INFO - [TIF] saved → t2m_20260517.tif
[2026-05-22T03:20:29.902+0000] {era5_functions.py:261} INFO - [TIF] saved → d2m_20260517.tif
[2026-05-22T03:20:29.998+0000] {era5_functions.py:261} INFO - [TIF] saved → sp_20260517.tif
[2026-05-22T03:20:30.072+0000] {era5_functions.py:261} INFO - [TIF] saved → blh_20260517.tif
[2026-05-22T03:20:30.147+0000] {era5_functions.py:261} INFO - [TIF] saved → u10_20260517.tif
[2026-05-22T03:20:30.226+0000] {era5_functions.py:261} INFO - [TIF] saved → v10_20260517.tif
[2026-05-22T03:20:30.230+0000] {era5_functions.py:303} INFO - JOB DONE: INSTANT
[2026-05-22T03:20:30.231+0000] {era5_functions.py:334} INFO - ERA5 [INSTANT] COMPLETE ✓
[2026-05-22T03:20:30.233+0000] {logging_mixin.py:188} INFO - RUN → instant | 2026-05-16
[2026-05-22T03:20:30.237+0000] {era5_logger.py:51} INFO - Log file: logs/era5/2026/05/16/era5_20260516.log
[2026-05-22T03:20:30.238+0000] {era5_functions.py:322} INFO - ERA5 [INSTANT] START: 2026-05-16
[2026-05-22T03:20:31.211+0000] {era5_functions.py:285} INFO - ============================================================
[2026-05-22T03:20:31.214+0000] {era5_functions.py:286} INFO - JOB : INSTANT | 2026-05-16
[2026-05-22T03:20:31.216+0000] {era5_functions.py:287} INFO - VARS: ['t2m', 'd2m', 'sp', 'blh', 'u10', 'v10']
[2026-05-22T03:20:31.217+0000] {era5_functions.py:288} INFO - ============================================================
[2026-05-22T03:20:31.323+0000] {era5_functions.py:63} WARNING - [VALIDATE NC] instant_20260516.nc → NOT READY (2/24)
[2026-05-22T03:20:31.330+0000] {era5_functions.py:123} WARNING - [NC] ERA5 not ready → instant_20260516.nc
[2026-05-22T03:20:31.493+0000] {era5_functions.py:261} INFO - [TIF] saved → t2m_20260516.tif
[2026-05-22T03:20:31.549+0000] {era5_functions.py:261} INFO - [TIF] saved → d2m_20260516.tif
[2026-05-22T03:20:31.607+0000] {era5_functions.py:261} INFO - [TIF] saved → sp_20260516.tif
[2026-05-22T03:20:31.674+0000] {era5_functions.py:261} INFO - [TIF] saved → blh_20260516.tif
[2026-05-22T03:20:31.740+0000] {era5_functions.py:261} INFO - [TIF] saved → u10_20260516.tif
[2026-05-22T03:20:31.811+0000] {era5_functions.py:261} INFO - [TIF] saved → v10_20260516.tif
[2026-05-22T03:20:31.816+0000] {era5_functions.py:303} INFO - JOB DONE: INSTANT
[2026-05-22T03:20:31.818+0000] {era5_functions.py:334} INFO - ERA5 [INSTANT] COMPLETE ✓
[2026-05-22T03:20:31.819+0000] {logging_mixin.py:188} INFO - RUN → instant | 2026-05-15
[2026-05-22T03:20:31.825+0000] {era5_logger.py:51} INFO - Log file: logs/era5/2026/05/15/era5_20260515.log
[2026-05-22T03:20:31.825+0000] {era5_functions.py:322} INFO - ERA5 [INSTANT] START: 2026-05-15
[2026-05-22T03:20:32.787+0000] {era5_functions.py:285} INFO - ============================================================
[2026-05-22T03:20:32.789+0000] {era5_functions.py:286} INFO - JOB : INSTANT | 2026-05-15
[2026-05-22T03:20:32.791+0000] {era5_functions.py:287} INFO - VARS: ['t2m', 'd2m', 'sp', 'blh', 'u10', 'v10']
[2026-05-22T03:20:32.792+0000] {era5_functions.py:288} INFO - ============================================================
[2026-05-22T03:20:32.881+0000] {era5_functions.py:63} WARNING - [VALIDATE NC] instant_20260515.nc → NOT READY (2/24)
[2026-05-22T03:20:32.886+0000] {era5_functions.py:123} WARNING - [NC] ERA5 not ready → instant_20260515.nc
[2026-05-22T03:20:33.015+0000] {era5_functions.py:261} INFO - [TIF] saved → t2m_20260515.tif
[2026-05-22T03:20:33.070+0000] {era5_functions.py:261} INFO - [TIF] saved → d2m_20260515.tif
[2026-05-22T03:20:33.151+0000] {era5_functions.py:261} INFO - [TIF] saved → sp_20260515.tif
[2026-05-22T03:20:33.217+0000] {era5_functions.py:261} INFO - [TIF] saved → blh_20260515.tif
[2026-05-22T03:20:33.272+0000] {era5_functions.py:261} INFO - [TIF] saved → u10_20260515.tif
[2026-05-22T03:20:33.327+0000] {era5_functions.py:261} INFO - [TIF] saved → v10_20260515.tif
[2026-05-22T03:20:33.331+0000] {era5_functions.py:303} INFO - JOB DONE: INSTANT
[2026-05-22T03:20:33.333+0000] {era5_functions.py:334} INFO - ERA5 [INSTANT] COMPLETE ✓
[2026-05-22T03:20:33.334+0000] {python.py:237} INFO - Done. Returned value was: None
[2026-05-22T03:20:33.334+0000] {taskinstance.py:441} INFO - ::group::Post task execution logs
[2026-05-22T03:20:33.352+0000] {taskinstance.py:1206} INFO - Marking task as SUCCESS. dag_id=era5_ecmwf_pipeline, task_id=era5_instant, run_id=manual__2026-05-22T03:19:28.249238+00:00, execution_date=20260522T031928, start_date=20260522T032028, end_date=20260522T032033
[2026-05-22T03:20:33.444+0000] {local_task_job_runner.py:240} INFO - Task exited with return code 0
[2026-05-22T03:20:33.466+0000] {taskinstance.py:3498} INFO - 0 downstream tasks scheduled from follow-on schedule check
[2026-05-22T03:20:33.470+0000] {local_task_job_runner.py:222} INFO - ::endgroup::
