[2026-06-13T10:00:02.195+0000] {local_task_job_runner.py:120} INFO - ::group::Pre task execution logs
[2026-06-13T10:00:02.223+0000] {taskinstance.py:2076} INFO - Dependencies all met for dep_context=non-requeueable deps ti=<TaskInstance: era5_download_pipeline.era5_instant scheduled__2026-06-13T09:00:00+00:00 [queued]>
[2026-06-13T10:00:02.238+0000] {taskinstance.py:2076} INFO - Dependencies all met for dep_context=requeueable deps ti=<TaskInstance: era5_download_pipeline.era5_instant scheduled__2026-06-13T09:00:00+00:00 [queued]>
[2026-06-13T10:00:02.239+0000] {taskinstance.py:2306} INFO - Starting attempt 1 of 1
[2026-06-13T10:00:02.257+0000] {taskinstance.py:2330} INFO - Executing <Task(PythonOperator): era5_instant> on 2026-06-13 09:00:00+00:00
[2026-06-13T10:00:02.270+0000] {warnings.py:110} WARNING - /home/***/.local/lib/python3.12/site-packages/***/task/task_runner/standard_task_runner.py:61: DeprecationWarning: This process (pid=39073) is multi-threaded, use of fork() may lead to deadlocks in the child.
  pid = os.fork()

[2026-06-13T10:00:02.273+0000] {standard_task_runner.py:63} INFO - Started process 39077 to run task
[2026-06-13T10:00:02.272+0000] {standard_task_runner.py:90} INFO - Running: ['***', 'tasks', 'run', 'era5_download_pipeline', 'era5_instant', 'scheduled__2026-06-13T09:00:00+00:00', '--job-id', '1475', '--raw', '--subdir', 'DAGS_FOLDER/era5_dag.py', '--cfg-path', '/tmp/tmpr3vk4zhd']
[2026-06-13T10:00:02.277+0000] {standard_task_runner.py:91} INFO - Job 1475: Subtask era5_instant
[2026-06-13T10:00:02.371+0000] {task_command.py:426} INFO - Running <TaskInstance: era5_download_pipeline.era5_instant scheduled__2026-06-13T09:00:00+00:00 [running]> on host 01cd476fb21a
[2026-06-13T10:00:02.517+0000] {taskinstance.py:2648} INFO - Exporting env vars: AIRFLOW_CTX_DAG_OWNER='era5' AIRFLOW_CTX_DAG_ID='era5_download_pipeline' AIRFLOW_CTX_TASK_ID='era5_instant' AIRFLOW_CTX_EXECUTION_DATE='2026-06-13T09:00:00+00:00' AIRFLOW_CTX_TRY_NUMBER='1' AIRFLOW_CTX_DAG_RUN_ID='scheduled__2026-06-13T09:00:00+00:00'
[2026-06-13T10:00:02.520+0000] {taskinstance.py:430} INFO - ::endgroup::
[2026-06-13T10:00:03.576+0000] {logging_mixin.py:188} WARNING - 2026-06-13 10:00:03,575 INFO [2026-06-11T00:00:00Z] Upcoming essential maintenance sessions on Data Stores underlying infrastructure on 15 June. Service disruption expected. For further details, please [visit our forum announcement](https://forum.ecmwf.int/t/upcoming-essential-maintenance-sessions-on-data-stores-underlying-infrastructure-part-2/150414).
[2026-06-13T10:00:03.575+0000] {legacy_client.py:192} INFO - [2026-06-11T00:00:00Z] Upcoming essential maintenance sessions on Data Stores underlying infrastructure on 15 June. Service disruption expected. For further details, please [visit our forum announcement](https://forum.ecmwf.int/t/upcoming-essential-maintenance-sessions-on-data-stores-underlying-infrastructure-part-2/150414).
[2026-06-13T10:00:03.588+0000] {logging_mixin.py:188} WARNING - 2026-06-13 10:00:03 [INFO] === START job=instant date=2026-06-13 ===
[2026-06-13T10:00:03.588+0000] {era5_functions.py:368} INFO - === START job=instant date=2026-06-13 ===
[2026-06-13T10:00:03.591+0000] {logging_mixin.py:188} WARNING - 2026-06-13 10:00:03 [INFO] --- job=instant date=20260613 ---
[2026-06-13T10:00:03.591+0000] {era5_functions.py:330} INFO - --- job=instant date=20260613 ---
[2026-06-13T10:00:04.970+0000] {logging_mixin.py:188} WARNING - 2026-06-13 10:00:04 [WARNING] get_cds_count failed: 400 Client Error: Bad Request for url: https://cds.climate.copernicus.eu/api/retrieve/v1/processes/reanalysis-era5-single-levels/execution
invalid request
None of the data you have requested is available yet, please revise the period requested. The latest date available for this dataset is: 2026-06-08 10:00
[2026-06-13T10:00:04.970+0000] {era5_functions.py:131} WARNING - get_cds_count failed: 400 Client Error: Bad Request for url: https://cds.climate.copernicus.eu/api/retrieve/v1/processes/reanalysis-era5-single-levels/execution
invalid request
None of the data you have requested is available yet, please revise the period requested. The latest date available for this dataset is: 2026-06-08 10:00
[2026-06-13T10:00:04.975+0000] {logging_mixin.py:188} WARNING - 2026-06-13 10:00:04 [WARNING] CDS ยังไม่มีข้อมูล job=instant date=20260613, skip
[2026-06-13T10:00:04.975+0000] {era5_functions.py:335} WARNING - CDS ยังไม่มีข้อมูล job=instant date=20260613, skip
[2026-06-13T10:00:04.978+0000] {logging_mixin.py:188} WARNING - 2026-06-13 10:00:04 [INFO] --- job=instant date=20260612 ---
[2026-06-13T10:00:04.978+0000] {era5_functions.py:330} INFO - --- job=instant date=20260612 ---
[2026-06-13T10:00:09.291+0000] {logging_mixin.py:188} WARNING - 2026-06-13 10:00:09 [WARNING] get_cds_count failed: 400 Client Error: Bad Request for url: https://cds.climate.copernicus.eu/api/retrieve/v1/processes/reanalysis-era5-single-levels/execution
invalid request
None of the data you have requested is available yet, please revise the period requested. The latest date available for this dataset is: 2026-06-08 10:00
[2026-06-13T10:00:09.290+0000] {era5_functions.py:131} WARNING - get_cds_count failed: 400 Client Error: Bad Request for url: https://cds.climate.copernicus.eu/api/retrieve/v1/processes/reanalysis-era5-single-levels/execution
invalid request
None of the data you have requested is available yet, please revise the period requested. The latest date available for this dataset is: 2026-06-08 10:00
[2026-06-13T10:00:09.294+0000] {logging_mixin.py:188} WARNING - 2026-06-13 10:00:09 [WARNING] CDS ยังไม่มีข้อมูล job=instant date=20260612, skip
[2026-06-13T10:00:09.293+0000] {era5_functions.py:335} WARNING - CDS ยังไม่มีข้อมูล job=instant date=20260612, skip
[2026-06-13T10:00:09.296+0000] {logging_mixin.py:188} WARNING - 2026-06-13 10:00:09 [INFO] --- job=instant date=20260611 ---
[2026-06-13T10:00:09.296+0000] {era5_functions.py:330} INFO - --- job=instant date=20260611 ---
[2026-06-13T10:00:13.132+0000] {logging_mixin.py:188} WARNING - 2026-06-13 10:00:13 [WARNING] get_cds_count failed: 400 Client Error: Bad Request for url: https://cds.climate.copernicus.eu/api/retrieve/v1/processes/reanalysis-era5-single-levels/execution
invalid request
None of the data you have requested is available yet, please revise the period requested. The latest date available for this dataset is: 2026-06-08 10:00
[2026-06-13T10:00:13.132+0000] {era5_functions.py:131} WARNING - get_cds_count failed: 400 Client Error: Bad Request for url: https://cds.climate.copernicus.eu/api/retrieve/v1/processes/reanalysis-era5-single-levels/execution
invalid request
None of the data you have requested is available yet, please revise the period requested. The latest date available for this dataset is: 2026-06-08 10:00
[2026-06-13T10:00:13.135+0000] {logging_mixin.py:188} WARNING - 2026-06-13 10:00:13 [WARNING] CDS ยังไม่มีข้อมูล job=instant date=20260611, skip
[2026-06-13T10:00:13.135+0000] {era5_functions.py:335} WARNING - CDS ยังไม่มีข้อมูล job=instant date=20260611, skip
[2026-06-13T10:00:13.136+0000] {logging_mixin.py:188} WARNING - 2026-06-13 10:00:13 [INFO] --- job=instant date=20260610 ---
[2026-06-13T10:00:13.136+0000] {era5_functions.py:330} INFO - --- job=instant date=20260610 ---
[2026-06-13T10:00:13.924+0000] {logging_mixin.py:188} WARNING - 2026-06-13 10:00:13 [WARNING] get_cds_count failed: 400 Client Error: Bad Request for url: https://cds.climate.copernicus.eu/api/retrieve/v1/processes/reanalysis-era5-single-levels/execution
invalid request
None of the data you have requested is available yet, please revise the period requested. The latest date available for this dataset is: 2026-06-08 10:00
[2026-06-13T10:00:13.924+0000] {era5_functions.py:131} WARNING - get_cds_count failed: 400 Client Error: Bad Request for url: https://cds.climate.copernicus.eu/api/retrieve/v1/processes/reanalysis-era5-single-levels/execution
invalid request
None of the data you have requested is available yet, please revise the period requested. The latest date available for this dataset is: 2026-06-08 10:00
[2026-06-13T10:00:13.927+0000] {logging_mixin.py:188} WARNING - 2026-06-13 10:00:13 [WARNING] CDS ยังไม่มีข้อมูล job=instant date=20260610, skip
[2026-06-13T10:00:13.927+0000] {era5_functions.py:335} WARNING - CDS ยังไม่มีข้อมูล job=instant date=20260610, skip
[2026-06-13T10:00:13.929+0000] {logging_mixin.py:188} WARNING - 2026-06-13 10:00:13 [INFO] --- job=instant date=20260609 ---
[2026-06-13T10:00:13.929+0000] {era5_functions.py:330} INFO - --- job=instant date=20260609 ---
[2026-06-13T10:00:14.382+0000] {logging_mixin.py:188} WARNING - 2026-06-13 10:00:14 [WARNING] get_cds_count failed: 400 Client Error: Bad Request for url: https://cds.climate.copernicus.eu/api/retrieve/v1/processes/reanalysis-era5-single-levels/execution
invalid request
None of the data you have requested is available yet, please revise the period requested. The latest date available for this dataset is: 2026-06-08 10:00
[2026-06-13T10:00:14.382+0000] {era5_functions.py:131} WARNING - get_cds_count failed: 400 Client Error: Bad Request for url: https://cds.climate.copernicus.eu/api/retrieve/v1/processes/reanalysis-era5-single-levels/execution
invalid request
None of the data you have requested is available yet, please revise the period requested. The latest date available for this dataset is: 2026-06-08 10:00
[2026-06-13T10:00:14.388+0000] {logging_mixin.py:188} WARNING - 2026-06-13 10:00:14 [WARNING] CDS ยังไม่มีข้อมูล job=instant date=20260609, skip
[2026-06-13T10:00:14.387+0000] {era5_functions.py:335} WARNING - CDS ยังไม่มีข้อมูล job=instant date=20260609, skip
[2026-06-13T10:00:14.393+0000] {logging_mixin.py:188} WARNING - 2026-06-13 10:00:14 [INFO] --- job=instant date=20260608 ---
[2026-06-13T10:00:14.393+0000] {era5_functions.py:330} INFO - --- job=instant date=20260608 ---
[2026-06-13T10:00:15.020+0000] {logging_mixin.py:188} WARNING - 2026-06-13 10:00:15,020 INFO [2025-12-11T00:00:00] Please note that a dedicated catalogue entry for this dataset, post-processed and stored in Analysis Ready Cloud Optimized (ARCO) format (Zarr), is available for optimised time-series retrievals (i.e. for retrieving data from selected variables for a single point over an extended period of time in an efficient way). You can discover it [here](https://cds.climate.copernicus.eu/datasets/reanalysis-era5-single-levels-timeseries?tab=overview)
[2026-06-13T10:00:15.020+0000] {legacy_client.py:192} INFO - [2025-12-11T00:00:00] Please note that a dedicated catalogue entry for this dataset, post-processed and stored in Analysis Ready Cloud Optimized (ARCO) format (Zarr), is available for optimised time-series retrievals (i.e. for retrieving data from selected variables for a single point over an extended period of time in an efficient way). You can discover it [here](https://cds.climate.copernicus.eu/datasets/reanalysis-era5-single-levels-timeseries?tab=overview)
[2026-06-13T10:00:15.026+0000] {logging_mixin.py:188} WARNING - 2026-06-13 10:00:15,026 INFO Request ID is a7398d2b-0bdd-40fe-8af2-7137c5d6f8cd
[2026-06-13T10:00:15.026+0000] {legacy_client.py:192} INFO - Request ID is a7398d2b-0bdd-40fe-8af2-7137c5d6f8cd
[2026-06-13T10:00:15.234+0000] {logging_mixin.py:188} WARNING - 2026-06-13 10:00:15,234 INFO status has been updated to accepted
[2026-06-13T10:00:15.234+0000] {legacy_client.py:192} INFO - status has been updated to accepted
[2026-06-13T10:00:29.577+0000] {logging_mixin.py:188} WARNING - 2026-06-13 10:00:29,577 INFO status has been updated to running
[2026-06-13T10:00:29.577+0000] {legacy_client.py:192} INFO - status has been updated to running
[2026-06-13T10:00:39.723+0000] {logging_mixin.py:188} WARNING - 2026-06-13 10:00:39,723 INFO status has been updated to successful
[2026-06-13T10:00:39.723+0000] {legacy_client.py:192} INFO - status has been updated to successful
[2026-06-13T10:00:40.133+0000] {base.py:119} INFO - Downloading https://object-store.os-api.cci2.ecmwf.int:443/cci2-prod-cache-3/2026-06-13/af8dc3ef4673b21b1412e196bad0c9e5.nc
[2026-06-13T10:00:41.134+0000] {logging_mixin.py:188} WARNING - af8dc3ef4673b21b1412e196bad0c9e5.nc:   0%|          | 0.00/1.21M [00:00<?, ?B/s]
[2026-06-13T10:00:43.280+0000] {logging_mixin.py:188} WARNING - af8dc3ef4673b21b1412e196bad0c9e5.nc:  83%|########2 | 1.00M/1.21M [00:02<00:00, 489kB/s]
[2026-06-13T10:00:43.290+0000] {logging_mixin.py:188} WARNING -                                                                                         
[2026-06-13T10:00:43.595+0000] {logging_mixin.py:188} WARNING - 2026-06-13 10:00:43 [INFO] CDS timestep available: 11
[2026-06-13T10:00:43.595+0000] {era5_functions.py:128} INFO - CDS timestep available: 11
[2026-06-13T10:00:43.685+0000] {logging_mixin.py:188} WARNING - 2026-06-13 10:00:43 [INFO] local timestep: 10 — /opt/***/era5/ecmwf/data/nc/_raw/2026/06/08/instant_20260608.nc
[2026-06-13T10:00:43.685+0000] {era5_functions.py:152} INFO - local timestep: 10 — /opt/***/era5/ecmwf/data/nc/_raw/2026/06/08/instant_20260608.nc
[2026-06-13T10:00:43.693+0000] {logging_mixin.py:188} WARNING - 2026-06-13 10:00:43 [INFO] nc outdated (local=10 < cds=11), removing: /opt/***/era5/ecmwf/data/nc/_raw/2026/06/08/instant_20260608.nc
[2026-06-13T10:00:43.693+0000] {era5_functions.py:193} INFO - nc outdated (local=10 < cds=11), removing: /opt/***/era5/ecmwf/data/nc/_raw/2026/06/08/instant_20260608.nc
[2026-06-13T10:00:43.712+0000] {logging_mixin.py:188} WARNING - 2026-06-13 10:00:43 [INFO] download attempt 1/3: /opt/***/era5/ecmwf/data/nc/_raw/2026/06/08/instant_20260608.nc
[2026-06-13T10:00:43.711+0000] {era5_functions.py:200} INFO - download attempt 1/3: /opt/***/era5/ecmwf/data/nc/_raw/2026/06/08/instant_20260608.nc
[2026-06-13T10:00:44.441+0000] {logging_mixin.py:188} WARNING - 2026-06-13 10:00:44,440 INFO [2025-12-11T00:00:00] Please note that a dedicated catalogue entry for this dataset, post-processed and stored in Analysis Ready Cloud Optimized (ARCO) format (Zarr), is available for optimised time-series retrievals (i.e. for retrieving data from selected variables for a single point over an extended period of time in an efficient way). You can discover it [here](https://cds.climate.copernicus.eu/datasets/reanalysis-era5-single-levels-timeseries?tab=overview)
[2026-06-13T10:00:44.440+0000] {legacy_client.py:192} INFO - [2025-12-11T00:00:00] Please note that a dedicated catalogue entry for this dataset, post-processed and stored in Analysis Ready Cloud Optimized (ARCO) format (Zarr), is available for optimised time-series retrievals (i.e. for retrieving data from selected variables for a single point over an extended period of time in an efficient way). You can discover it [here](https://cds.climate.copernicus.eu/datasets/reanalysis-era5-single-levels-timeseries?tab=overview)
[2026-06-13T10:00:44.444+0000] {logging_mixin.py:188} WARNING - 2026-06-13 10:00:44,444 INFO Request ID is db9503a3-08b3-41ff-8fa9-a173408d1f7b
[2026-06-13T10:00:44.444+0000] {legacy_client.py:192} INFO - Request ID is db9503a3-08b3-41ff-8fa9-a173408d1f7b
[2026-06-13T10:00:44.651+0000] {logging_mixin.py:188} WARNING - 2026-06-13 10:00:44,650 INFO status has been updated to accepted
[2026-06-13T10:00:44.650+0000] {legacy_client.py:192} INFO - status has been updated to accepted
[2026-06-13T10:01:06.987+0000] {logging_mixin.py:188} WARNING - 2026-06-13 10:01:06,986 INFO status has been updated to running
[2026-06-13T10:01:06.986+0000] {legacy_client.py:192} INFO - status has been updated to running
[2026-06-13T10:01:18.591+0000] {logging_mixin.py:188} WARNING - 2026-06-13 10:01:18,591 INFO status has been updated to successful
[2026-06-13T10:01:18.591+0000] {legacy_client.py:192} INFO - status has been updated to successful
[2026-06-13T10:01:19.082+0000] {base.py:119} INFO - Downloading https://object-store.os-api.cci2.ecmwf.int:443/cci2-prod-cache-1/2026-06-13/741669f6fff57ac4925996ccfac6e57c.nc
[2026-06-13T10:01:20.086+0000] {logging_mixin.py:188} WARNING - 741669f6fff57ac4925996ccfac6e57c.nc:   0%|          | 0.00/1.21M [00:00<?, ?B/s]
[2026-06-13T10:01:21.896+0000] {logging_mixin.py:188} WARNING - 741669f6fff57ac4925996ccfac6e57c.nc:  83%|########2 | 1.00M/1.21M [00:01<00:00, 580kB/s]
[2026-06-13T10:01:21.914+0000] {logging_mixin.py:188} WARNING -                                                                                         
[2026-06-13T10:01:22.054+0000] {logging_mixin.py:188} WARNING - 2026-06-13 10:01:22 [INFO] nc downloaded ok: /opt/***/era5/ecmwf/data/nc/_raw/2026/06/08/instant_20260608.nc
[2026-06-13T10:01:22.054+0000] {era5_functions.py:204} INFO - nc downloaded ok: /opt/***/era5/ecmwf/data/nc/_raw/2026/06/08/instant_20260608.nc
[2026-06-13T10:01:22.164+0000] {logging_mixin.py:188} WARNING - 2026-06-13 10:01:22 [INFO] local timestep: 11 — /opt/***/era5/ecmwf/data/nc/_raw/2026/06/08/instant_20260608.nc
[2026-06-13T10:01:22.164+0000] {era5_functions.py:152} INFO - local timestep: 11 — /opt/***/era5/ecmwf/data/nc/_raw/2026/06/08/instant_20260608.nc
[2026-06-13T10:01:22.286+0000] {logging_mixin.py:188} WARNING - 2026-06-13 10:01:22 [INFO] tif outdated (tif=10 < nc=11), removing: /opt/***/era5/ecmwf/data/tif/2026/06/08/t2m_20260608.tif
[2026-06-13T10:01:22.286+0000] {era5_functions.py:261} INFO - tif outdated (tif=10 < nc=11), removing: /opt/***/era5/ecmwf/data/tif/2026/06/08/t2m_20260608.tif
[2026-06-13T10:01:22.371+0000] {logging_mixin.py:188} WARNING - 2026-06-13 10:01:22 [INFO] tif ok (bands=11): /opt/***/era5/ecmwf/data/tif/2026/06/08/t2m_20260608.tif
[2026-06-13T10:01:22.371+0000] {era5_functions.py:304} INFO - tif ok (bands=11): /opt/***/era5/ecmwf/data/tif/2026/06/08/t2m_20260608.tif
[2026-06-13T10:01:22.389+0000] {logging_mixin.py:188} WARNING - 2026-06-13 10:01:22 [INFO] tif outdated (tif=10 < nc=11), removing: /opt/***/era5/ecmwf/data/tif/2026/06/08/d2m_20260608.tif
[2026-06-13T10:01:22.389+0000] {era5_functions.py:261} INFO - tif outdated (tif=10 < nc=11), removing: /opt/***/era5/ecmwf/data/tif/2026/06/08/d2m_20260608.tif
[2026-06-13T10:01:22.479+0000] {logging_mixin.py:188} WARNING - 2026-06-13 10:01:22 [INFO] tif ok (bands=11): /opt/***/era5/ecmwf/data/tif/2026/06/08/d2m_20260608.tif
[2026-06-13T10:01:22.478+0000] {era5_functions.py:304} INFO - tif ok (bands=11): /opt/***/era5/ecmwf/data/tif/2026/06/08/d2m_20260608.tif
[2026-06-13T10:01:22.519+0000] {logging_mixin.py:188} WARNING - 2026-06-13 10:01:22 [INFO] tif outdated (tif=10 < nc=11), removing: /opt/***/era5/ecmwf/data/tif/2026/06/08/sp_20260608.tif
[2026-06-13T10:01:22.519+0000] {era5_functions.py:261} INFO - tif outdated (tif=10 < nc=11), removing: /opt/***/era5/ecmwf/data/tif/2026/06/08/sp_20260608.tif
[2026-06-13T10:01:22.629+0000] {logging_mixin.py:188} WARNING - 2026-06-13 10:01:22 [INFO] tif ok (bands=11): /opt/***/era5/ecmwf/data/tif/2026/06/08/sp_20260608.tif
[2026-06-13T10:01:22.629+0000] {era5_functions.py:304} INFO - tif ok (bands=11): /opt/***/era5/ecmwf/data/tif/2026/06/08/sp_20260608.tif
[2026-06-13T10:01:22.650+0000] {logging_mixin.py:188} WARNING - 2026-06-13 10:01:22 [INFO] tif outdated (tif=10 < nc=11), removing: /opt/***/era5/ecmwf/data/tif/2026/06/08/blh_20260608.tif
[2026-06-13T10:01:22.650+0000] {era5_functions.py:261} INFO - tif outdated (tif=10 < nc=11), removing: /opt/***/era5/ecmwf/data/tif/2026/06/08/blh_20260608.tif
[2026-06-13T10:01:22.745+0000] {logging_mixin.py:188} WARNING - 2026-06-13 10:01:22 [INFO] tif ok (bands=11): /opt/***/era5/ecmwf/data/tif/2026/06/08/blh_20260608.tif
[2026-06-13T10:01:22.745+0000] {era5_functions.py:304} INFO - tif ok (bands=11): /opt/***/era5/ecmwf/data/tif/2026/06/08/blh_20260608.tif
[2026-06-13T10:01:22.766+0000] {logging_mixin.py:188} WARNING - 2026-06-13 10:01:22 [INFO] tif outdated (tif=10 < nc=11), removing: /opt/***/era5/ecmwf/data/tif/2026/06/08/u10_20260608.tif
[2026-06-13T10:01:22.765+0000] {era5_functions.py:261} INFO - tif outdated (tif=10 < nc=11), removing: /opt/***/era5/ecmwf/data/tif/2026/06/08/u10_20260608.tif
[2026-06-13T10:01:22.865+0000] {logging_mixin.py:188} WARNING - 2026-06-13 10:01:22 [INFO] tif ok (bands=11): /opt/***/era5/ecmwf/data/tif/2026/06/08/u10_20260608.tif
[2026-06-13T10:01:22.865+0000] {era5_functions.py:304} INFO - tif ok (bands=11): /opt/***/era5/ecmwf/data/tif/2026/06/08/u10_20260608.tif
[2026-06-13T10:01:22.885+0000] {logging_mixin.py:188} WARNING - 2026-06-13 10:01:22 [INFO] tif outdated (tif=10 < nc=11), removing: /opt/***/era5/ecmwf/data/tif/2026/06/08/v10_20260608.tif
[2026-06-13T10:01:22.885+0000] {era5_functions.py:261} INFO - tif outdated (tif=10 < nc=11), removing: /opt/***/era5/ecmwf/data/tif/2026/06/08/v10_20260608.tif
[2026-06-13T10:01:22.980+0000] {logging_mixin.py:188} WARNING - 2026-06-13 10:01:22 [INFO] tif ok (bands=11): /opt/***/era5/ecmwf/data/tif/2026/06/08/v10_20260608.tif
[2026-06-13T10:01:22.980+0000] {era5_functions.py:304} INFO - tif ok (bands=11): /opt/***/era5/ecmwf/data/tif/2026/06/08/v10_20260608.tif
[2026-06-13T10:01:22.987+0000] {logging_mixin.py:188} WARNING - 2026-06-13 10:01:22 [INFO] === END job=instant date=2026-06-13 ===
[2026-06-13T10:01:22.987+0000] {era5_functions.py:379} INFO - === END job=instant date=2026-06-13 ===
[2026-06-13T10:01:22.989+0000] {python.py:237} INFO - Done. Returned value was: None
[2026-06-13T10:01:22.990+0000] {taskinstance.py:441} INFO - ::group::Post task execution logs
[2026-06-13T10:01:23.005+0000] {taskinstance.py:1206} INFO - Marking task as SUCCESS. dag_id=era5_download_pipeline, task_id=era5_instant, run_id=scheduled__2026-06-13T09:00:00+00:00, execution_date=20260613T090000, start_date=20260613T100002, end_date=20260613T100123
[2026-06-13T10:01:23.087+0000] {local_task_job_runner.py:240} INFO - Task exited with return code 0
[2026-06-13T10:01:23.116+0000] {taskinstance.py:3498} INFO - 1 downstream tasks scheduled from follow-on schedule check
[2026-06-13T10:01:23.120+0000] {local_task_job_runner.py:222} INFO - ::endgroup::
