[2026-06-20T22:01:53.741+0000] {local_task_job_runner.py:120} INFO - ::group::Pre task execution logs
[2026-06-20T22:01:53.772+0000] {taskinstance.py:2076} INFO - Dependencies all met for dep_context=non-requeueable deps ti=<TaskInstance: era5_download_pipeline.era5_accum scheduled__2026-06-20T21:00:00+00:00 [queued]>
[2026-06-20T22:01:53.781+0000] {taskinstance.py:2076} INFO - Dependencies all met for dep_context=requeueable deps ti=<TaskInstance: era5_download_pipeline.era5_accum scheduled__2026-06-20T21:00:00+00:00 [queued]>
[2026-06-20T22:01:53.783+0000] {taskinstance.py:2306} INFO - Starting attempt 1 of 1
[2026-06-20T22:01:53.799+0000] {taskinstance.py:2330} INFO - Executing <Task(PythonOperator): era5_accum> on 2026-06-20 21:00:00+00:00
[2026-06-20T22:01:53.814+0000] {warnings.py:110} WARNING - /home/***/.local/lib/python3.12/site-packages/***/task/task_runner/standard_task_runner.py:61: DeprecationWarning: This process (pid=177898) is multi-threaded, use of fork() may lead to deadlocks in the child.
  pid = os.fork()

[2026-06-20T22:01:53.817+0000] {standard_task_runner.py:63} INFO - Started process 177900 to run task
[2026-06-20T22:01:53.817+0000] {standard_task_runner.py:90} INFO - Running: ['***', 'tasks', 'run', 'era5_download_pipeline', 'era5_accum', 'scheduled__2026-06-20T21:00:00+00:00', '--job-id', '2020', '--raw', '--subdir', 'DAGS_FOLDER/era5_dag.py', '--cfg-path', '/tmp/tmp_lhrfr7h']
[2026-06-20T22:01:53.821+0000] {standard_task_runner.py:91} INFO - Job 2020: Subtask era5_accum
[2026-06-20T22:01:53.898+0000] {task_command.py:426} INFO - Running <TaskInstance: era5_download_pipeline.era5_accum scheduled__2026-06-20T21:00:00+00:00 [running]> on host 01cd476fb21a
[2026-06-20T22:01:54.028+0000] {taskinstance.py:2648} INFO - Exporting env vars: AIRFLOW_CTX_DAG_OWNER='era5' AIRFLOW_CTX_DAG_ID='era5_download_pipeline' AIRFLOW_CTX_TASK_ID='era5_accum' AIRFLOW_CTX_EXECUTION_DATE='2026-06-20T21:00:00+00:00' AIRFLOW_CTX_TRY_NUMBER='1' AIRFLOW_CTX_DAG_RUN_ID='scheduled__2026-06-20T21:00:00+00:00'
[2026-06-20T22:01:54.030+0000] {taskinstance.py:430} INFO - ::endgroup::
[2026-06-20T22:01:55.121+0000] {logging_mixin.py:188} WARNING - 2026-06-20 22:01:55 [INFO] === START job=accum date=2026-06-20 ===
[2026-06-20T22:01:55.121+0000] {era5_functions.py:368} INFO - === START job=accum date=2026-06-20 ===
[2026-06-20T22:01:55.125+0000] {logging_mixin.py:188} WARNING - 2026-06-20 22:01:55 [INFO] --- job=accum date=20260620 ---
[2026-06-20T22:01:55.125+0000] {era5_functions.py:330} INFO - --- job=accum date=20260620 ---
[2026-06-20T22:01:55.730+0000] {logging_mixin.py:188} WARNING - 2026-06-20 22:01:55 [WARNING] get_cds_count failed: 400 Client Error: Bad Request for url: https://cds.climate.copernicus.eu/api/retrieve/v1/processes/reanalysis-era5-single-levels/execution
invalid request
None of the data you have requested is available yet, please revise the period requested. The latest date available for this dataset is: 2026-06-15 22:00
[2026-06-20T22:01:55.729+0000] {era5_functions.py:131} WARNING - get_cds_count failed: 400 Client Error: Bad Request for url: https://cds.climate.copernicus.eu/api/retrieve/v1/processes/reanalysis-era5-single-levels/execution
invalid request
None of the data you have requested is available yet, please revise the period requested. The latest date available for this dataset is: 2026-06-15 22:00
[2026-06-20T22:01:55.734+0000] {logging_mixin.py:188} WARNING - 2026-06-20 22:01:55 [WARNING] CDS ยังไม่มีข้อมูล job=accum date=20260620, skip
[2026-06-20T22:01:55.734+0000] {era5_functions.py:335} WARNING - CDS ยังไม่มีข้อมูล job=accum date=20260620, skip
[2026-06-20T22:01:55.736+0000] {logging_mixin.py:188} WARNING - 2026-06-20 22:01:55 [INFO] --- job=accum date=20260619 ---
[2026-06-20T22:01:55.736+0000] {era5_functions.py:330} INFO - --- job=accum date=20260619 ---
[2026-06-20T22:01:56.339+0000] {logging_mixin.py:188} WARNING - 2026-06-20 22:01:56 [WARNING] get_cds_count failed: 400 Client Error: Bad Request for url: https://cds.climate.copernicus.eu/api/retrieve/v1/processes/reanalysis-era5-single-levels/execution
invalid request
None of the data you have requested is available yet, please revise the period requested. The latest date available for this dataset is: 2026-06-15 22:00
[2026-06-20T22:01:56.339+0000] {era5_functions.py:131} WARNING - get_cds_count failed: 400 Client Error: Bad Request for url: https://cds.climate.copernicus.eu/api/retrieve/v1/processes/reanalysis-era5-single-levels/execution
invalid request
None of the data you have requested is available yet, please revise the period requested. The latest date available for this dataset is: 2026-06-15 22:00
[2026-06-20T22:01:56.342+0000] {logging_mixin.py:188} WARNING - 2026-06-20 22:01:56 [WARNING] CDS ยังไม่มีข้อมูล job=accum date=20260619, skip
[2026-06-20T22:01:56.342+0000] {era5_functions.py:335} WARNING - CDS ยังไม่มีข้อมูล job=accum date=20260619, skip
[2026-06-20T22:01:56.344+0000] {logging_mixin.py:188} WARNING - 2026-06-20 22:01:56 [INFO] --- job=accum date=20260618 ---
[2026-06-20T22:01:56.344+0000] {era5_functions.py:330} INFO - --- job=accum date=20260618 ---
[2026-06-20T22:01:57.407+0000] {logging_mixin.py:188} WARNING - 2026-06-20 22:01:57 [WARNING] get_cds_count failed: 400 Client Error: Bad Request for url: https://cds.climate.copernicus.eu/api/retrieve/v1/processes/reanalysis-era5-single-levels/execution
invalid request
None of the data you have requested is available yet, please revise the period requested. The latest date available for this dataset is: 2026-06-15 22:00
[2026-06-20T22:01:57.407+0000] {era5_functions.py:131} WARNING - get_cds_count failed: 400 Client Error: Bad Request for url: https://cds.climate.copernicus.eu/api/retrieve/v1/processes/reanalysis-era5-single-levels/execution
invalid request
None of the data you have requested is available yet, please revise the period requested. The latest date available for this dataset is: 2026-06-15 22:00
[2026-06-20T22:01:57.411+0000] {logging_mixin.py:188} WARNING - 2026-06-20 22:01:57 [WARNING] CDS ยังไม่มีข้อมูล job=accum date=20260618, skip
[2026-06-20T22:01:57.410+0000] {era5_functions.py:335} WARNING - CDS ยังไม่มีข้อมูล job=accum date=20260618, skip
[2026-06-20T22:01:57.413+0000] {logging_mixin.py:188} WARNING - 2026-06-20 22:01:57 [INFO] --- job=accum date=20260617 ---
[2026-06-20T22:01:57.413+0000] {era5_functions.py:330} INFO - --- job=accum date=20260617 ---
[2026-06-20T22:01:59.846+0000] {logging_mixin.py:188} WARNING - 2026-06-20 22:01:59 [WARNING] get_cds_count failed: 400 Client Error: Bad Request for url: https://cds.climate.copernicus.eu/api/retrieve/v1/processes/reanalysis-era5-single-levels/execution
invalid request
None of the data you have requested is available yet, please revise the period requested. The latest date available for this dataset is: 2026-06-15 22:00
[2026-06-20T22:01:59.846+0000] {era5_functions.py:131} WARNING - get_cds_count failed: 400 Client Error: Bad Request for url: https://cds.climate.copernicus.eu/api/retrieve/v1/processes/reanalysis-era5-single-levels/execution
invalid request
None of the data you have requested is available yet, please revise the period requested. The latest date available for this dataset is: 2026-06-15 22:00
[2026-06-20T22:01:59.851+0000] {logging_mixin.py:188} WARNING - 2026-06-20 22:01:59 [WARNING] CDS ยังไม่มีข้อมูล job=accum date=20260617, skip
[2026-06-20T22:01:59.851+0000] {era5_functions.py:335} WARNING - CDS ยังไม่มีข้อมูล job=accum date=20260617, skip
[2026-06-20T22:01:59.856+0000] {logging_mixin.py:188} WARNING - 2026-06-20 22:01:59 [INFO] --- job=accum date=20260616 ---
[2026-06-20T22:01:59.856+0000] {era5_functions.py:330} INFO - --- job=accum date=20260616 ---
[2026-06-20T22:02:00.279+0000] {logging_mixin.py:188} WARNING - 2026-06-20 22:02:00 [WARNING] get_cds_count failed: 400 Client Error: Bad Request for url: https://cds.climate.copernicus.eu/api/retrieve/v1/processes/reanalysis-era5-single-levels/execution
invalid request
None of the data you have requested is available yet, please revise the period requested. The latest date available for this dataset is: 2026-06-15 22:00
[2026-06-20T22:02:00.279+0000] {era5_functions.py:131} WARNING - get_cds_count failed: 400 Client Error: Bad Request for url: https://cds.climate.copernicus.eu/api/retrieve/v1/processes/reanalysis-era5-single-levels/execution
invalid request
None of the data you have requested is available yet, please revise the period requested. The latest date available for this dataset is: 2026-06-15 22:00
[2026-06-20T22:02:00.285+0000] {logging_mixin.py:188} WARNING - 2026-06-20 22:02:00 [WARNING] CDS ยังไม่มีข้อมูล job=accum date=20260616, skip
[2026-06-20T22:02:00.284+0000] {era5_functions.py:335} WARNING - CDS ยังไม่มีข้อมูล job=accum date=20260616, skip
[2026-06-20T22:02:00.290+0000] {logging_mixin.py:188} WARNING - 2026-06-20 22:02:00 [INFO] --- job=accum date=20260615 ---
[2026-06-20T22:02:00.290+0000] {era5_functions.py:330} INFO - --- job=accum date=20260615 ---
[2026-06-20T22:02:01.170+0000] {logging_mixin.py:188} WARNING - 2026-06-20 22:02:01,169 INFO [2025-12-11T00:00:00] Please note that a dedicated catalogue entry for this dataset, post-processed and stored in Analysis Ready Cloud Optimized (ARCO) format (Zarr), is available for optimised time-series retrievals (i.e. for retrieving data from selected variables for a single point over an extended period of time in an efficient way). You can discover it [here](https://cds.climate.copernicus.eu/datasets/reanalysis-era5-single-levels-timeseries?tab=overview)
[2026-06-20T22:02:01.169+0000] {legacy_client.py:192} INFO - [2025-12-11T00:00:00] Please note that a dedicated catalogue entry for this dataset, post-processed and stored in Analysis Ready Cloud Optimized (ARCO) format (Zarr), is available for optimised time-series retrievals (i.e. for retrieving data from selected variables for a single point over an extended period of time in an efficient way). You can discover it [here](https://cds.climate.copernicus.eu/datasets/reanalysis-era5-single-levels-timeseries?tab=overview)
[2026-06-20T22:02:01.177+0000] {logging_mixin.py:188} WARNING - 2026-06-20 22:02:01,176 INFO Request ID is 681d4ee6-6f5a-4342-91d0-738a47d0cdd5
[2026-06-20T22:02:01.176+0000] {legacy_client.py:192} INFO - Request ID is 681d4ee6-6f5a-4342-91d0-738a47d0cdd5
[2026-06-20T22:02:01.402+0000] {logging_mixin.py:188} WARNING - 2026-06-20 22:02:01,402 INFO status has been updated to accepted
[2026-06-20T22:02:01.402+0000] {legacy_client.py:192} INFO - status has been updated to accepted
[2026-06-20T22:02:15.996+0000] {logging_mixin.py:188} WARNING - 2026-06-20 22:02:15,996 INFO status has been updated to running
[2026-06-20T22:02:15.996+0000] {legacy_client.py:192} INFO - status has been updated to running
[2026-06-20T22:02:23.815+0000] {logging_mixin.py:188} WARNING - 2026-06-20 22:02:23,815 INFO status has been updated to successful
[2026-06-20T22:02:23.815+0000] {legacy_client.py:192} INFO - status has been updated to successful
[2026-06-20T22:02:24.241+0000] {base.py:119} INFO - Downloading https://object-store.os-api.cci2.ecmwf.int:443/cci2-prod-cache-2/2026-06-20/4b8dd806dfeaec988e76e42efced568.nc
[2026-06-20T22:02:24.950+0000] {logging_mixin.py:188} WARNING - 4b8dd806dfeaec988e76e42efced568.nc:   0%|          | 0.00/320k [00:00<?, ?B/s]
[2026-06-20T22:02:26.358+0000] {logging_mixin.py:188} WARNING - 4b8dd806dfeaec988e76e42efced568.nc: 100%|##########| 320k/320k [00:01<00:00, 233kB/s]
[2026-06-20T22:02:26.363+0000] {logging_mixin.py:188} WARNING -                                                                                      
[2026-06-20T22:02:26.670+0000] {logging_mixin.py:188} WARNING - 2026-06-20 22:02:26 [INFO] CDS timestep available: 23
[2026-06-20T22:02:26.669+0000] {era5_functions.py:128} INFO - CDS timestep available: 23
[2026-06-20T22:02:26.731+0000] {logging_mixin.py:188} WARNING - 2026-06-20 22:02:26 [INFO] local timestep: 22 — /opt/***/era5/ecmwf/data/nc/_raw/2026/06/15/accum_20260615.nc
[2026-06-20T22:02:26.731+0000] {era5_functions.py:152} INFO - local timestep: 22 — /opt/***/era5/ecmwf/data/nc/_raw/2026/06/15/accum_20260615.nc
[2026-06-20T22:02:26.738+0000] {logging_mixin.py:188} WARNING - 2026-06-20 22:02:26 [INFO] nc outdated (local=22 < cds=23), removing: /opt/***/era5/ecmwf/data/nc/_raw/2026/06/15/accum_20260615.nc
[2026-06-20T22:02:26.737+0000] {era5_functions.py:193} INFO - nc outdated (local=22 < cds=23), removing: /opt/***/era5/ecmwf/data/nc/_raw/2026/06/15/accum_20260615.nc
[2026-06-20T22:02:26.758+0000] {logging_mixin.py:188} WARNING - 2026-06-20 22:02:26 [INFO] download attempt 1/3: /opt/***/era5/ecmwf/data/nc/_raw/2026/06/15/accum_20260615.nc
[2026-06-20T22:02:26.757+0000] {era5_functions.py:200} INFO - download attempt 1/3: /opt/***/era5/ecmwf/data/nc/_raw/2026/06/15/accum_20260615.nc
[2026-06-20T22:02:29.569+0000] {logging_mixin.py:188} WARNING - 2026-06-20 22:02:29,568 INFO [2025-12-11T00:00:00] Please note that a dedicated catalogue entry for this dataset, post-processed and stored in Analysis Ready Cloud Optimized (ARCO) format (Zarr), is available for optimised time-series retrievals (i.e. for retrieving data from selected variables for a single point over an extended period of time in an efficient way). You can discover it [here](https://cds.climate.copernicus.eu/datasets/reanalysis-era5-single-levels-timeseries?tab=overview)
[2026-06-20T22:02:29.568+0000] {legacy_client.py:192} INFO - [2025-12-11T00:00:00] Please note that a dedicated catalogue entry for this dataset, post-processed and stored in Analysis Ready Cloud Optimized (ARCO) format (Zarr), is available for optimised time-series retrievals (i.e. for retrieving data from selected variables for a single point over an extended period of time in an efficient way). You can discover it [here](https://cds.climate.copernicus.eu/datasets/reanalysis-era5-single-levels-timeseries?tab=overview)
[2026-06-20T22:02:29.574+0000] {logging_mixin.py:188} WARNING - 2026-06-20 22:02:29,573 INFO Request ID is 27cc2f4a-e920-4abf-a09e-14be1a743276
[2026-06-20T22:02:29.573+0000] {legacy_client.py:192} INFO - Request ID is 27cc2f4a-e920-4abf-a09e-14be1a743276
[2026-06-20T22:02:29.795+0000] {logging_mixin.py:188} WARNING - 2026-06-20 22:02:29,795 INFO status has been updated to accepted
[2026-06-20T22:02:29.795+0000] {legacy_client.py:192} INFO - status has been updated to accepted
[2026-06-20T22:02:52.368+0000] {logging_mixin.py:188} WARNING - 2026-06-20 22:02:52,368 INFO status has been updated to running
[2026-06-20T22:02:52.368+0000] {legacy_client.py:192} INFO - status has been updated to running
[2026-06-20T22:03:22.095+0000] {logging_mixin.py:188} WARNING - 2026-06-20 22:03:22,094 INFO status has been updated to successful
[2026-06-20T22:03:22.094+0000] {legacy_client.py:192} INFO - status has been updated to successful
[2026-06-20T22:03:22.585+0000] {base.py:119} INFO - Downloading https://object-store.os-api.cci2.ecmwf.int:443/cci2-prod-cache-1/2026-06-20/707686955c8a8affe906b49709a6dafe.nc
[2026-06-20T22:03:23.242+0000] {logging_mixin.py:188} WARNING - 707686955c8a8affe906b49709a6dafe.nc:   0%|          | 0.00/320k [00:00<?, ?B/s]
[2026-06-20T22:03:24.963+0000] {logging_mixin.py:188} WARNING - 707686955c8a8affe906b49709a6dafe.nc: 100%|##########| 320k/320k [00:01<00:00, 191kB/s]
[2026-06-20T22:03:24.981+0000] {logging_mixin.py:188} WARNING -                                                                                       
[2026-06-20T22:03:25.078+0000] {logging_mixin.py:188} WARNING - 2026-06-20 22:03:25 [INFO] nc downloaded ok: /opt/***/era5/ecmwf/data/nc/_raw/2026/06/15/accum_20260615.nc
[2026-06-20T22:03:25.078+0000] {era5_functions.py:204} INFO - nc downloaded ok: /opt/***/era5/ecmwf/data/nc/_raw/2026/06/15/accum_20260615.nc
[2026-06-20T22:03:25.133+0000] {logging_mixin.py:188} WARNING - 2026-06-20 22:03:25 [INFO] local timestep: 23 — /opt/***/era5/ecmwf/data/nc/_raw/2026/06/15/accum_20260615.nc
[2026-06-20T22:03:25.133+0000] {era5_functions.py:152} INFO - local timestep: 23 — /opt/***/era5/ecmwf/data/nc/_raw/2026/06/15/accum_20260615.nc
[2026-06-20T22:03:25.220+0000] {logging_mixin.py:188} WARNING - 2026-06-20 22:03:25 [INFO] tif outdated (tif=22 < nc=23), removing: /opt/***/era5/ecmwf/data/tif/2026/06/15/tp_20260615.tif
[2026-06-20T22:03:25.220+0000] {era5_functions.py:261} INFO - tif outdated (tif=22 < nc=23), removing: /opt/***/era5/ecmwf/data/tif/2026/06/15/tp_20260615.tif
[2026-06-20T22:03:25.326+0000] {logging_mixin.py:188} WARNING - 2026-06-20 22:03:25 [INFO] tif ok (bands=23): /opt/***/era5/ecmwf/data/tif/2026/06/15/tp_20260615.tif
[2026-06-20T22:03:25.326+0000] {era5_functions.py:304} INFO - tif ok (bands=23): /opt/***/era5/ecmwf/data/tif/2026/06/15/tp_20260615.tif
[2026-06-20T22:03:25.331+0000] {logging_mixin.py:188} WARNING - 2026-06-20 22:03:25 [INFO] === END job=accum date=2026-06-20 ===
[2026-06-20T22:03:25.331+0000] {era5_functions.py:379} INFO - === END job=accum date=2026-06-20 ===
[2026-06-20T22:03:25.333+0000] {python.py:237} INFO - Done. Returned value was: None
[2026-06-20T22:03:25.333+0000] {taskinstance.py:441} INFO - ::group::Post task execution logs
[2026-06-20T22:03:25.346+0000] {taskinstance.py:1206} INFO - Marking task as SUCCESS. dag_id=era5_download_pipeline, task_id=era5_accum, run_id=scheduled__2026-06-20T21:00:00+00:00, execution_date=20260620T210000, start_date=20260620T220153, end_date=20260620T220325
[2026-06-20T22:03:25.427+0000] {local_task_job_runner.py:240} INFO - Task exited with return code 0
[2026-06-20T22:03:25.451+0000] {taskinstance.py:3498} INFO - 0 downstream tasks scheduled from follow-on schedule check
[2026-06-20T22:03:25.455+0000] {local_task_job_runner.py:222} INFO - ::endgroup::
