[2026-05-18T08:42:26.564+0000] {local_task_job_runner.py:120} INFO - ::group::Pre task execution logs
[2026-05-18T08:42:26.590+0000] {taskinstance.py:2076} INFO - Dependencies all met for dep_context=non-requeueable deps ti=<TaskInstance: era5_ecmwf_pipeline.era5_instant manual__2026-05-18T07:54:27.899918+00:00 [queued]>
[2026-05-18T08:42:26.599+0000] {taskinstance.py:2076} INFO - Dependencies all met for dep_context=requeueable deps ti=<TaskInstance: era5_ecmwf_pipeline.era5_instant manual__2026-05-18T07:54:27.899918+00:00 [queued]>
[2026-05-18T08:42:26.600+0000] {taskinstance.py:2306} INFO - Starting attempt 6 of 8
[2026-05-18T08:42:26.613+0000] {taskinstance.py:2330} INFO - Executing <Task(PythonOperator): era5_instant> on 2026-05-18 07:54:27.899918+00:00
[2026-05-18T08:42:26.621+0000] {warnings.py:110} WARNING - /home/***/.local/lib/python3.12/site-packages/***/task/task_runner/standard_task_runner.py:61: DeprecationWarning: This process (pid=82) is multi-threaded, use of fork() may lead to deadlocks in the child.
  pid = os.fork()

[2026-05-18T08:42:26.623+0000] {standard_task_runner.py:63} INFO - Started process 84 to run task
[2026-05-18T08:42:26.623+0000] {standard_task_runner.py:90} INFO - Running: ['***', 'tasks', 'run', 'era5_ecmwf_pipeline', 'era5_instant', 'manual__2026-05-18T07:54:27.899918+00:00', '--job-id', '97', '--raw', '--subdir', 'DAGS_FOLDER/era5_dag.py', '--cfg-path', '/tmp/tmpw4svfi_6']
[2026-05-18T08:42:26.626+0000] {standard_task_runner.py:91} INFO - Job 97: Subtask era5_instant
[2026-05-18T08:42:26.689+0000] {task_command.py:426} INFO - Running <TaskInstance: era5_ecmwf_pipeline.era5_instant manual__2026-05-18T07:54:27.899918+00:00 [running]> on host 0e3d25acde7b
[2026-05-18T08:42:26.779+0000] {taskinstance.py:2648} INFO - Exporting env vars: AIRFLOW_CTX_DAG_OWNER='***' AIRFLOW_CTX_DAG_ID='era5_ecmwf_pipeline' AIRFLOW_CTX_TASK_ID='era5_instant' AIRFLOW_CTX_EXECUTION_DATE='2026-05-18T07:54:27.899918+00:00' AIRFLOW_CTX_TRY_NUMBER='6' AIRFLOW_CTX_DAG_RUN_ID='manual__2026-05-18T07:54:27.899918+00:00'
[2026-05-18T08:42:26.781+0000] {taskinstance.py:430} INFO - ::endgroup::
[2026-05-18T08:42:26.818+0000] {logging_mixin.py:188} WARNING - 2026-05-18 08:42:26 | INFO     | Log file: logs/era5/2026/05/13/era5_20260513.log
[2026-05-18T08:42:26.818+0000] {era5_logger.py:40} INFO - Log file: logs/era5/2026/05/13/era5_20260513.log
[2026-05-18T08:42:26.820+0000] {logging_mixin.py:188} WARNING - 2026-05-18 08:42:26 | INFO     | =======================================================
[2026-05-18T08:42:26.820+0000] {era5_functions.py:523} INFO - =======================================================
[2026-05-18T08:42:26.821+0000] {logging_mixin.py:188} WARNING - 2026-05-18 08:42:26 | INFO     | ERA5 [INSTANT] START: 2026-05-13
[2026-05-18T08:42:26.821+0000] {era5_functions.py:524} INFO - ERA5 [INSTANT] START: 2026-05-13
[2026-05-18T08:42:26.822+0000] {logging_mixin.py:188} WARNING - 2026-05-18 08:42:26 | INFO     | =======================================================
[2026-05-18T08:42:26.822+0000] {era5_functions.py:525} INFO - =======================================================
[2026-05-18T08:42:27.804+0000] {logging_mixin.py:188} WARNING - 2026-05-18 08:42:27,804 INFO [2026-05-14T00:00:00Z] Upcoming essential maintenance sessions on Data Stores underlying infrastructure on 19 May. Service disruption expected. For further details, please [visit our forum announcement](https://forum.ecmwf.int/t/upcoming-essential-maintenance-sessions-on-data-stores-underlying-infrastructure/14954).
[2026-05-18T08:42:27.804+0000] {legacy_client.py:192} INFO - [2026-05-14T00:00:00Z] Upcoming essential maintenance sessions on Data Stores underlying infrastructure on 19 May. Service disruption expected. For further details, please [visit our forum announcement](https://forum.ecmwf.int/t/upcoming-essential-maintenance-sessions-on-data-stores-underlying-infrastructure/14954).
[2026-05-18T08:42:27.806+0000] {logging_mixin.py:188} WARNING - 2026-05-18 08:42:27 | INFO     | =======================================================
[2026-05-18T08:42:27.806+0000] {era5_functions.py:366} INFO - =======================================================
[2026-05-18T08:42:27.807+0000] {logging_mixin.py:188} WARNING - 2026-05-18 08:42:27 | INFO     | JOB: INSTANT | 2026-05-13
[2026-05-18T08:42:27.807+0000] {era5_functions.py:367} INFO - JOB: INSTANT | 2026-05-13
[2026-05-18T08:42:27.809+0000] {logging_mixin.py:188} WARNING - 2026-05-18 08:42:27 | INFO     | Variables: ['t2m', 'd2m', 'sp', 'blh', 'u10', 'v10']
[2026-05-18T08:42:27.809+0000] {era5_functions.py:368} INFO - Variables: ['t2m', 'd2m', 'sp', 'blh', 'u10', 'v10']
[2026-05-18T08:42:27.810+0000] {logging_mixin.py:188} WARNING - 2026-05-18 08:42:27 | INFO     | =======================================================
[2026-05-18T08:42:27.810+0000] {era5_functions.py:369} INFO - =======================================================
[2026-05-18T08:42:27.816+0000] {logging_mixin.py:188} WARNING - 2026-05-18 08:42:27 | WARNING  | [VALIDATE NC] instant_20260513.nc → FAIL (ไม่พบไฟล์)
[2026-05-18T08:42:27.816+0000] {era5_functions.py:52} WARNING - [VALIDATE NC] instant_20260513.nc → FAIL (ไม่พบไฟล์)
[2026-05-18T08:42:27.817+0000] {logging_mixin.py:188} WARNING - 2026-05-18 08:42:27 | INFO     | [NC] ไม่พบหรือไฟล์เสีย → เริ่ม download...
[2026-05-18T08:42:27.817+0000] {era5_functions.py:376} INFO - [NC] ไม่พบหรือไฟล์เสีย → เริ่ม download...
[2026-05-18T08:42:27.819+0000] {logging_mixin.py:188} WARNING - 2026-05-18 08:42:27 | INFO     | [RETRY] Attempt 1/5 → instant_20260513.nc
[2026-05-18T08:42:27.819+0000] {era5_functions.py:201} INFO - [RETRY] Attempt 1/5 → instant_20260513.nc
[2026-05-18T08:42:27.835+0000] {logging_mixin.py:188} WARNING - 2026-05-18 08:42:27 | INFO     | [DOWNLOAD] START → instant_20260513.nc
[2026-05-18T08:42:27.834+0000] {era5_functions.py:170} INFO - [DOWNLOAD] START → instant_20260513.nc
[2026-05-18T08:42:28.950+0000] {logging_mixin.py:188} WARNING - 2026-05-18 08:42:28,950 INFO [2025-12-11T00:00:00] Please note that a dedicated catalogue entry for this dataset, post-processed and stored in Analysis Ready Cloud Optimized (ARCO) format (Zarr), is available for optimised time-series retrievals (i.e. for retrieving data from selected variables for a single point over an extended period of time in an efficient way). You can discover it [here](https://cds.climate.copernicus.eu/datasets/reanalysis-era5-single-levels-timeseries?tab=overview)
[2026-05-18T08:42:28.950+0000] {legacy_client.py:192} INFO - [2025-12-11T00:00:00] Please note that a dedicated catalogue entry for this dataset, post-processed and stored in Analysis Ready Cloud Optimized (ARCO) format (Zarr), is available for optimised time-series retrievals (i.e. for retrieving data from selected variables for a single point over an extended period of time in an efficient way). You can discover it [here](https://cds.climate.copernicus.eu/datasets/reanalysis-era5-single-levels-timeseries?tab=overview)
[2026-05-18T08:42:28.952+0000] {logging_mixin.py:188} WARNING - 2026-05-18 08:42:28,952 INFO Request ID is f41809e5-775b-46ef-9f64-866a0850c861
[2026-05-18T08:42:28.952+0000] {legacy_client.py:192} INFO - Request ID is f41809e5-775b-46ef-9f64-866a0850c861
[2026-05-18T08:42:29.158+0000] {logging_mixin.py:188} WARNING - 2026-05-18 08:42:29,158 INFO status has been updated to accepted
[2026-05-18T08:42:29.158+0000] {legacy_client.py:192} INFO - status has been updated to accepted
[2026-05-18T08:42:52.120+0000] {logging_mixin.py:188} WARNING - 2026-05-18 08:42:52,119 INFO status has been updated to running
[2026-05-18T08:42:52.119+0000] {legacy_client.py:192} INFO - status has been updated to running
[2026-05-18T08:43:03.709+0000] {logging_mixin.py:188} WARNING - 2026-05-18 08:43:03,709 INFO status has been updated to successful
[2026-05-18T08:43:03.709+0000] {legacy_client.py:192} INFO - status has been updated to successful
[2026-05-18T08:43:04.110+0000] {base.py:119} INFO - Downloading https://object-store.os-api.cci2.ecmwf.int:443/cci2-prod-cache-2/2026-05-18/905787ca9ecfd7d728b38ace9850795.nc
[2026-05-18T08:43:10.349+0000] {logging_mixin.py:188} WARNING - 905787ca9ecfd7d728b38ace9850795.nc:   0%|          | 0.00/1.02M [00:00<?, ?B/s]
[2026-05-18T08:43:27.710+0000] {logging_mixin.py:188} WARNING - 905787ca9ecfd7d728b38ace9850795.nc:  98%|#########8| 1.00M/1.02M [00:17<00:00, 60.4kB/s]
[2026-05-18T08:43:27.726+0000] {logging_mixin.py:188} WARNING -                                                                                         
[2026-05-18T08:43:27.752+0000] {logging_mixin.py:188} WARNING - 2026-05-18 08:43:27 | INFO     | [DOWNLOAD] COMPLETE → instant_20260513.nc (1.0 MB, ใช้เวลา 59.9s)
[2026-05-18T08:43:27.751+0000] {era5_functions.py:177} INFO - [DOWNLOAD] COMPLETE → instant_20260513.nc (1.0 MB, ใช้เวลา 59.9s)
[2026-05-18T08:43:28.144+0000] {logging_mixin.py:188} WARNING - 2026-05-18 08:43:28 | WARNING  | [RETRY] timesteps ยังไม่ครบ 9/24 → รอแล้วโหลดใหม่
[2026-05-18T08:43:28.144+0000] {era5_functions.py:224} WARNING - [RETRY] timesteps ยังไม่ครบ 9/24 → รอแล้วโหลดใหม่
[2026-05-18T08:44:28.154+0000] {logging_mixin.py:188} WARNING - 2026-05-18 08:44:28 | INFO     | [RETRY] Attempt 2/5 → instant_20260513.nc
[2026-05-18T08:44:28.154+0000] {era5_functions.py:201} INFO - [RETRY] Attempt 2/5 → instant_20260513.nc
[2026-05-18T08:44:28.170+0000] {logging_mixin.py:188} WARNING - 2026-05-18 08:44:28 | INFO     | [DOWNLOAD] START → instant_20260513.nc
[2026-05-18T08:44:28.170+0000] {era5_functions.py:170} INFO - [DOWNLOAD] START → instant_20260513.nc
[2026-05-18T08:44:29.865+0000] {logging_mixin.py:188} WARNING - 2026-05-18 08:44:29,865 INFO [2025-12-11T00:00:00] Please note that a dedicated catalogue entry for this dataset, post-processed and stored in Analysis Ready Cloud Optimized (ARCO) format (Zarr), is available for optimised time-series retrievals (i.e. for retrieving data from selected variables for a single point over an extended period of time in an efficient way). You can discover it [here](https://cds.climate.copernicus.eu/datasets/reanalysis-era5-single-levels-timeseries?tab=overview)
[2026-05-18T08:44:29.865+0000] {legacy_client.py:192} INFO - [2025-12-11T00:00:00] Please note that a dedicated catalogue entry for this dataset, post-processed and stored in Analysis Ready Cloud Optimized (ARCO) format (Zarr), is available for optimised time-series retrievals (i.e. for retrieving data from selected variables for a single point over an extended period of time in an efficient way). You can discover it [here](https://cds.climate.copernicus.eu/datasets/reanalysis-era5-single-levels-timeseries?tab=overview)
[2026-05-18T08:44:29.867+0000] {logging_mixin.py:188} WARNING - 2026-05-18 08:44:29,867 INFO Request ID is 4acf8d6c-84a6-4855-a48e-52903ecb0908
[2026-05-18T08:44:29.867+0000] {legacy_client.py:192} INFO - Request ID is 4acf8d6c-84a6-4855-a48e-52903ecb0908
[2026-05-18T08:44:30.088+0000] {logging_mixin.py:188} WARNING - 2026-05-18 08:44:30,088 INFO status has been updated to accepted
[2026-05-18T08:44:30.088+0000] {legacy_client.py:192} INFO - status has been updated to accepted
[2026-05-18T08:45:21.013+0000] {logging_mixin.py:188} WARNING - 2026-05-18 08:45:21,013 INFO status has been updated to successful
[2026-05-18T08:45:21.013+0000] {legacy_client.py:192} INFO - status has been updated to successful
[2026-05-18T08:45:21.474+0000] {base.py:119} INFO - Downloading https://object-store.os-api.cci2.ecmwf.int:443/cci2-prod-cache-3/2026-05-18/f5d9ad6b5f278b4d710303f190cc95d0.nc
[2026-05-18T08:45:22.145+0000] {logging_mixin.py:188} WARNING - f5d9ad6b5f278b4d710303f190cc95d0.nc:   0%|          | 0.00/1.02M [00:00<?, ?B/s]
[2026-05-18T08:45:24.467+0000] {logging_mixin.py:188} WARNING - f5d9ad6b5f278b4d710303f190cc95d0.nc:  98%|#########8| 1.00M/1.02M [00:02<00:00, 452kB/s]
[2026-05-18T08:45:24.486+0000] {logging_mixin.py:188} WARNING -                                                                                         
[2026-05-18T08:45:24.517+0000] {logging_mixin.py:188} WARNING - 2026-05-18 08:45:24 | INFO     | [DOWNLOAD] COMPLETE → instant_20260513.nc (1.0 MB, ใช้เวลา 56.3s)
[2026-05-18T08:45:24.517+0000] {era5_functions.py:177} INFO - [DOWNLOAD] COMPLETE → instant_20260513.nc (1.0 MB, ใช้เวลา 56.3s)
[2026-05-18T08:45:24.602+0000] {logging_mixin.py:188} WARNING - 2026-05-18 08:45:24 | WARNING  | [RETRY] timesteps ยังไม่ครบ 9/24 → รอแล้วโหลดใหม่
[2026-05-18T08:45:24.602+0000] {era5_functions.py:224} WARNING - [RETRY] timesteps ยังไม่ครบ 9/24 → รอแล้วโหลดใหม่
[2026-05-18T08:46:24.611+0000] {logging_mixin.py:188} WARNING - 2026-05-18 08:46:24 | INFO     | [RETRY] Attempt 3/5 → instant_20260513.nc
[2026-05-18T08:46:24.611+0000] {era5_functions.py:201} INFO - [RETRY] Attempt 3/5 → instant_20260513.nc
[2026-05-18T08:46:24.648+0000] {logging_mixin.py:188} WARNING - 2026-05-18 08:46:24 | INFO     | [DOWNLOAD] START → instant_20260513.nc
[2026-05-18T08:46:24.648+0000] {era5_functions.py:170} INFO - [DOWNLOAD] START → instant_20260513.nc
[2026-05-18T08:46:26.100+0000] {logging_mixin.py:188} WARNING - 2026-05-18 08:46:26,100 INFO [2025-12-11T00:00:00] Please note that a dedicated catalogue entry for this dataset, post-processed and stored in Analysis Ready Cloud Optimized (ARCO) format (Zarr), is available for optimised time-series retrievals (i.e. for retrieving data from selected variables for a single point over an extended period of time in an efficient way). You can discover it [here](https://cds.climate.copernicus.eu/datasets/reanalysis-era5-single-levels-timeseries?tab=overview)
[2026-05-18T08:46:26.100+0000] {legacy_client.py:192} INFO - [2025-12-11T00:00:00] Please note that a dedicated catalogue entry for this dataset, post-processed and stored in Analysis Ready Cloud Optimized (ARCO) format (Zarr), is available for optimised time-series retrievals (i.e. for retrieving data from selected variables for a single point over an extended period of time in an efficient way). You can discover it [here](https://cds.climate.copernicus.eu/datasets/reanalysis-era5-single-levels-timeseries?tab=overview)
[2026-05-18T08:46:26.104+0000] {logging_mixin.py:188} WARNING - 2026-05-18 08:46:26,104 INFO Request ID is 2af8aeb1-f06f-45b0-9ef9-64860dc414f4
[2026-05-18T08:46:26.104+0000] {legacy_client.py:192} INFO - Request ID is 2af8aeb1-f06f-45b0-9ef9-64860dc414f4
[2026-05-18T08:46:26.313+0000] {logging_mixin.py:188} WARNING - 2026-05-18 08:46:26,313 INFO status has been updated to accepted
[2026-05-18T08:46:26.313+0000] {legacy_client.py:192} INFO - status has been updated to accepted
[2026-05-18T08:47:00.968+0000] {logging_mixin.py:188} WARNING - 2026-05-18 08:47:00,968 INFO status has been updated to running
[2026-05-18T08:47:00.968+0000] {legacy_client.py:192} INFO - status has been updated to running
[2026-05-18T08:47:18.250+0000] {logging_mixin.py:188} WARNING - 2026-05-18 08:47:18,250 INFO status has been updated to successful
[2026-05-18T08:47:18.250+0000] {legacy_client.py:192} INFO - status has been updated to successful
[2026-05-18T08:47:18.647+0000] {base.py:119} INFO - Downloading https://object-store.os-api.cci2.ecmwf.int:443/cci2-prod-cache-1/2026-05-18/dca64f969d37bd3d98af31e9b50316e0.nc
[2026-05-18T08:47:20.287+0000] {logging_mixin.py:188} WARNING - dca64f969d37bd3d98af31e9b50316e0.nc:   0%|          | 0.00/1.02M [00:00<?, ?B/s]
[2026-05-18T08:47:24.413+0000] {logging_mixin.py:188} WARNING - dca64f969d37bd3d98af31e9b50316e0.nc:  98%|#########8| 1.00M/1.02M [00:04<00:00, 254kB/s]
[2026-05-18T08:47:24.427+0000] {logging_mixin.py:188} WARNING -                                                                                         
[2026-05-18T08:47:24.454+0000] {logging_mixin.py:188} WARNING - 2026-05-18 08:47:24 | INFO     | [DOWNLOAD] COMPLETE → instant_20260513.nc (1.0 MB, ใช้เวลา 59.8s)
[2026-05-18T08:47:24.453+0000] {era5_functions.py:177} INFO - [DOWNLOAD] COMPLETE → instant_20260513.nc (1.0 MB, ใช้เวลา 59.8s)
[2026-05-18T08:47:24.517+0000] {logging_mixin.py:188} WARNING - 2026-05-18 08:47:24 | WARNING  | [RETRY] timesteps ยังไม่ครบ 9/24 → รอแล้วโหลดใหม่
[2026-05-18T08:47:24.517+0000] {era5_functions.py:224} WARNING - [RETRY] timesteps ยังไม่ครบ 9/24 → รอแล้วโหลดใหม่
[2026-05-18T08:48:24.523+0000] {logging_mixin.py:188} WARNING - 2026-05-18 08:48:24 | INFO     | [RETRY] Attempt 4/5 → instant_20260513.nc
[2026-05-18T08:48:24.522+0000] {era5_functions.py:201} INFO - [RETRY] Attempt 4/5 → instant_20260513.nc
[2026-05-18T08:48:24.537+0000] {logging_mixin.py:188} WARNING - 2026-05-18 08:48:24 | INFO     | [DOWNLOAD] START → instant_20260513.nc
[2026-05-18T08:48:24.537+0000] {era5_functions.py:170} INFO - [DOWNLOAD] START → instant_20260513.nc
[2026-05-18T08:48:26.075+0000] {logging_mixin.py:188} WARNING - 2026-05-18 08:48:26,075 INFO [2025-12-11T00:00:00] Please note that a dedicated catalogue entry for this dataset, post-processed and stored in Analysis Ready Cloud Optimized (ARCO) format (Zarr), is available for optimised time-series retrievals (i.e. for retrieving data from selected variables for a single point over an extended period of time in an efficient way). You can discover it [here](https://cds.climate.copernicus.eu/datasets/reanalysis-era5-single-levels-timeseries?tab=overview)
[2026-05-18T08:48:26.075+0000] {legacy_client.py:192} INFO - [2025-12-11T00:00:00] Please note that a dedicated catalogue entry for this dataset, post-processed and stored in Analysis Ready Cloud Optimized (ARCO) format (Zarr), is available for optimised time-series retrievals (i.e. for retrieving data from selected variables for a single point over an extended period of time in an efficient way). You can discover it [here](https://cds.climate.copernicus.eu/datasets/reanalysis-era5-single-levels-timeseries?tab=overview)
[2026-05-18T08:48:26.078+0000] {logging_mixin.py:188} WARNING - 2026-05-18 08:48:26,078 INFO Request ID is 4ff6000f-3bd5-4d7c-9ead-319d85daa1fe
[2026-05-18T08:48:26.078+0000] {legacy_client.py:192} INFO - Request ID is 4ff6000f-3bd5-4d7c-9ead-319d85daa1fe
[2026-05-18T08:48:26.297+0000] {logging_mixin.py:188} WARNING - 2026-05-18 08:48:26,296 INFO status has been updated to accepted
[2026-05-18T08:48:26.296+0000] {legacy_client.py:192} INFO - status has been updated to accepted
[2026-05-18T08:48:48.283+0000] {logging_mixin.py:188} WARNING - 2026-05-18 08:48:48,282 INFO status has been updated to running
[2026-05-18T08:48:48.282+0000] {legacy_client.py:192} INFO - status has been updated to running
[2026-05-18T08:48:59.878+0000] {logging_mixin.py:188} WARNING - 2026-05-18 08:48:59,878 INFO status has been updated to successful
[2026-05-18T08:48:59.878+0000] {legacy_client.py:192} INFO - status has been updated to successful
[2026-05-18T08:49:00.278+0000] {base.py:119} INFO - Downloading https://object-store.os-api.cci2.ecmwf.int:443/cci2-prod-cache-2/2026-05-18/4d9c14175dd2200aed21bfedba879f19.nc
[2026-05-18T08:49:00.924+0000] {logging_mixin.py:188} WARNING - 4d9c14175dd2200aed21bfedba879f19.nc:   0%|          | 0.00/1.02M [00:00<?, ?B/s]
[2026-05-18T08:49:03.465+0000] {logging_mixin.py:188} WARNING - 4d9c14175dd2200aed21bfedba879f19.nc:  98%|#########8| 1.00M/1.02M [00:02<00:00, 413kB/s]
[2026-05-18T08:49:03.545+0000] {logging_mixin.py:188} WARNING -                                                                                         
[2026-05-18T08:49:03.562+0000] {logging_mixin.py:188} WARNING - 2026-05-18 08:49:03 | INFO     | [DOWNLOAD] COMPLETE → instant_20260513.nc (1.0 MB, ใช้เวลา 39.0s)
[2026-05-18T08:49:03.561+0000] {era5_functions.py:177} INFO - [DOWNLOAD] COMPLETE → instant_20260513.nc (1.0 MB, ใช้เวลา 39.0s)
[2026-05-18T08:49:03.617+0000] {logging_mixin.py:188} WARNING - 2026-05-18 08:49:03 | WARNING  | [RETRY] timesteps ยังไม่ครบ 9/24 → รอแล้วโหลดใหม่
[2026-05-18T08:49:03.616+0000] {era5_functions.py:224} WARNING - [RETRY] timesteps ยังไม่ครบ 9/24 → รอแล้วโหลดใหม่
[2026-05-18T08:50:03.624+0000] {logging_mixin.py:188} WARNING - 2026-05-18 08:50:03 | INFO     | [RETRY] Attempt 5/5 → instant_20260513.nc
[2026-05-18T08:50:03.624+0000] {era5_functions.py:201} INFO - [RETRY] Attempt 5/5 → instant_20260513.nc
[2026-05-18T08:50:03.640+0000] {logging_mixin.py:188} WARNING - 2026-05-18 08:50:03 | INFO     | [DOWNLOAD] START → instant_20260513.nc
[2026-05-18T08:50:03.640+0000] {era5_functions.py:170} INFO - [DOWNLOAD] START → instant_20260513.nc
[2026-05-18T08:50:05.138+0000] {logging_mixin.py:188} WARNING - 2026-05-18 08:50:05,138 INFO [2025-12-11T00:00:00] Please note that a dedicated catalogue entry for this dataset, post-processed and stored in Analysis Ready Cloud Optimized (ARCO) format (Zarr), is available for optimised time-series retrievals (i.e. for retrieving data from selected variables for a single point over an extended period of time in an efficient way). You can discover it [here](https://cds.climate.copernicus.eu/datasets/reanalysis-era5-single-levels-timeseries?tab=overview)
[2026-05-18T08:50:05.138+0000] {legacy_client.py:192} INFO - [2025-12-11T00:00:00] Please note that a dedicated catalogue entry for this dataset, post-processed and stored in Analysis Ready Cloud Optimized (ARCO) format (Zarr), is available for optimised time-series retrievals (i.e. for retrieving data from selected variables for a single point over an extended period of time in an efficient way). You can discover it [here](https://cds.climate.copernicus.eu/datasets/reanalysis-era5-single-levels-timeseries?tab=overview)
[2026-05-18T08:50:05.140+0000] {logging_mixin.py:188} WARNING - 2026-05-18 08:50:05,140 INFO Request ID is 4469125c-929e-411d-b846-dea684362b4f
[2026-05-18T08:50:05.140+0000] {legacy_client.py:192} INFO - Request ID is 4469125c-929e-411d-b846-dea684362b4f
[2026-05-18T08:50:05.353+0000] {logging_mixin.py:188} WARNING - 2026-05-18 08:50:05,352 INFO status has been updated to accepted
[2026-05-18T08:50:05.352+0000] {legacy_client.py:192} INFO - status has been updated to accepted
[2026-05-18T08:50:27.976+0000] {logging_mixin.py:188} WARNING - 2026-05-18 08:50:27,976 INFO status has been updated to successful
[2026-05-18T08:50:27.976+0000] {legacy_client.py:192} INFO - status has been updated to successful
[2026-05-18T08:50:28.381+0000] {base.py:119} INFO - Downloading https://object-store.os-api.cci2.ecmwf.int:443/cci2-prod-cache-3/2026-05-18/ec36eff73ac179299e511935a4dc820a.nc
[2026-05-18T08:50:29.333+0000] {logging_mixin.py:188} WARNING - ec36eff73ac179299e511935a4dc820a.nc:   0%|          | 0.00/1.02M [00:00<?, ?B/s]
[2026-05-18T08:50:31.600+0000] {logging_mixin.py:188} WARNING - ec36eff73ac179299e511935a4dc820a.nc:  98%|#########8| 1.00M/1.02M [00:02<00:00, 463kB/s]
[2026-05-18T08:50:31.614+0000] {logging_mixin.py:188} WARNING -                                                                                         
[2026-05-18T08:50:31.636+0000] {logging_mixin.py:188} WARNING - 2026-05-18 08:50:31 | INFO     | [DOWNLOAD] COMPLETE → instant_20260513.nc (1.0 MB, ใช้เวลา 28.0s)
[2026-05-18T08:50:31.636+0000] {era5_functions.py:177} INFO - [DOWNLOAD] COMPLETE → instant_20260513.nc (1.0 MB, ใช้เวลา 28.0s)
[2026-05-18T08:50:31.703+0000] {logging_mixin.py:188} WARNING - 2026-05-18 08:50:31 | WARNING  | [RETRY] timesteps ยังไม่ครบ 9/24 → รอแล้วโหลดใหม่
[2026-05-18T08:50:31.703+0000] {era5_functions.py:224} WARNING - [RETRY] timesteps ยังไม่ครบ 9/24 → รอแล้วโหลดใหม่
[2026-05-18T08:50:31.712+0000] {logging_mixin.py:188} WARNING - 2026-05-18 08:50:31 | WARNING  | [RETRY] Attempt 5/5 → FAILED: incomplete timestep 9/24
[2026-05-18T08:50:31.712+0000] {era5_functions.py:255} WARNING - [RETRY] Attempt 5/5 → FAILED: incomplete timestep 9/24
[2026-05-18T08:50:31.714+0000] {logging_mixin.py:188} WARNING - 2026-05-18 08:50:31 | ERROR    | [DOWNLOAD] ERROR → instant_20260513.nc โหลดไม่สำเร็จหลังจาก 5 ครั้ง: incomplete timestep 9/24
[2026-05-18T08:50:31.714+0000] {era5_functions.py:270} ERROR - [DOWNLOAD] ERROR → instant_20260513.nc โหลดไม่สำเร็จหลังจาก 5 ครั้ง: incomplete timestep 9/24
[2026-05-18T08:50:31.715+0000] {taskinstance.py:441} INFO - ::group::Post task execution logs
[2026-05-18T08:50:31.716+0000] {taskinstance.py:2905} ERROR - Task failed with exception
Traceback (most recent call last):
  File "/home/airflow/.local/lib/python3.12/site-packages/airflow/models/taskinstance.py", line 465, in _execute_task
    result = _execute_callable(context=context, **execute_callable_kwargs)
             ^^^^^^^^^^^^^^^^^^^^^^^^^^^^^^^^^^^^^^^^^^^^^^^^^^^^^^^^^^^^^
  File "/home/airflow/.local/lib/python3.12/site-packages/airflow/models/taskinstance.py", line 432, in _execute_callable
    return execute_callable(context=context, **execute_callable_kwargs)
           ^^^^^^^^^^^^^^^^^^^^^^^^^^^^^^^^^^^^^^^^^^^^^^^^^^^^^^^^^^^^
  File "/home/airflow/.local/lib/python3.12/site-packages/airflow/models/baseoperator.py", line 400, in wrapper
    return func(self, *args, **kwargs)
           ^^^^^^^^^^^^^^^^^^^^^^^^^^^
  File "/home/airflow/.local/lib/python3.12/site-packages/airflow/operators/python.py", line 235, in execute
    return_value = self.execute_callable()
                   ^^^^^^^^^^^^^^^^^^^^^^^
  File "/home/airflow/.local/lib/python3.12/site-packages/airflow/operators/python.py", line 252, in execute_callable
    return self.python_callable(*self.op_args, **self.op_kwargs)
           ^^^^^^^^^^^^^^^^^^^^^^^^^^^^^^^^^^^^^^^^^^^^^^^^^^^^^
  File "/opt/airflow/dags/era5_dag.py", line 47, in task_instant_fn
    run_era5(
  File "/opt/airflow/dags/era5_functions.py", line 528, in run_era5
    process_job(client, job_name, y, m, d, dstr, log)
  File "/opt/airflow/dags/era5_functions.py", line 377, in process_job
    download_nc_with_retry(client, raw_nc, params, log)
  File "/opt/airflow/dags/era5_functions.py", line 276, in download_nc_with_retry
    raise RuntimeError(
RuntimeError: Download failed after 5 attempts: incomplete timestep 9/24
[2026-05-18T08:50:31.735+0000] {taskinstance.py:1206} INFO - Marking task as UP_FOR_RETRY. dag_id=era5_ecmwf_pipeline, task_id=era5_instant, run_id=manual__2026-05-18T07:54:27.899918+00:00, execution_date=20260518T075427, start_date=20260518T084226, end_date=20260518T085031
[2026-05-18T08:50:31.753+0000] {standard_task_runner.py:110} ERROR - Failed to execute job 97 for task era5_instant (Download failed after 5 attempts: incomplete timestep 9/24; 84)
[2026-05-18T08:50:31.822+0000] {local_task_job_runner.py:240} INFO - Task exited with return code 1
[2026-05-18T08:50:31.838+0000] {taskinstance.py:3498} INFO - 0 downstream tasks scheduled from follow-on schedule check
[2026-05-18T08:50:31.840+0000] {local_task_job_runner.py:222} INFO - ::endgroup::
