[2026-05-18T08:22:15.016+0000] {local_task_job_runner.py:120} INFO - ::group::Pre task execution logs
[2026-05-18T08:22:15.037+0000] {taskinstance.py:2076} INFO - Dependencies all met for dep_context=non-requeueable deps ti=<TaskInstance: era5_ecmwf_pipeline.era5_instant manual__2026-05-18T07:54:27.899918+00:00 [queued]>
[2026-05-18T08:22:15.046+0000] {taskinstance.py:2076} INFO - Dependencies all met for dep_context=requeueable deps ti=<TaskInstance: era5_ecmwf_pipeline.era5_instant manual__2026-05-18T07:54:27.899918+00:00 [queued]>
[2026-05-18T08:22:15.047+0000] {taskinstance.py:2306} INFO - Starting attempt 4 of 6
[2026-05-18T08:22:15.067+0000] {taskinstance.py:2330} INFO - Executing <Task(PythonOperator): era5_instant> on 2026-05-18 07:54:27.899918+00:00
[2026-05-18T08:22:15.078+0000] {warnings.py:110} WARNING - /home/***/.local/lib/python3.12/site-packages/***/task/task_runner/standard_task_runner.py:61: DeprecationWarning: This process (pid=92) is multi-threaded, use of fork() may lead to deadlocks in the child.
  pid = os.fork()

[2026-05-18T08:22:15.082+0000] {standard_task_runner.py:63} INFO - Started process 94 to run task
[2026-05-18T08:22:15.081+0000] {standard_task_runner.py:90} INFO - Running: ['***', 'tasks', 'run', 'era5_ecmwf_pipeline', 'era5_instant', 'manual__2026-05-18T07:54:27.899918+00:00', '--job-id', '90', '--raw', '--subdir', 'DAGS_FOLDER/era5_dag.py', '--cfg-path', '/tmp/tmp8wo875e4']
[2026-05-18T08:22:15.085+0000] {standard_task_runner.py:91} INFO - Job 90: Subtask era5_instant
[2026-05-18T08:22:15.146+0000] {task_command.py:426} INFO - Running <TaskInstance: era5_ecmwf_pipeline.era5_instant manual__2026-05-18T07:54:27.899918+00:00 [running]> on host 12d0dc6ced69
[2026-05-18T08:22:15.233+0000] {taskinstance.py:2648} INFO - Exporting env vars: AIRFLOW_CTX_DAG_OWNER='***' AIRFLOW_CTX_DAG_ID='era5_ecmwf_pipeline' AIRFLOW_CTX_TASK_ID='era5_instant' AIRFLOW_CTX_EXECUTION_DATE='2026-05-18T07:54:27.899918+00:00' AIRFLOW_CTX_TRY_NUMBER='4' AIRFLOW_CTX_DAG_RUN_ID='manual__2026-05-18T07:54:27.899918+00:00'
[2026-05-18T08:22:15.235+0000] {taskinstance.py:430} INFO - ::endgroup::
[2026-05-18T08:22:15.256+0000] {logging_mixin.py:188} WARNING - 2026-05-18 08:22:15 | INFO     | Log file: logs/era5/2026/05/13/era5_20260513.log
[2026-05-18T08:22:15.255+0000] {era5_logger.py:40} INFO - Log file: logs/era5/2026/05/13/era5_20260513.log
[2026-05-18T08:22:15.258+0000] {logging_mixin.py:188} WARNING - 2026-05-18 08:22:15 | INFO     | =======================================================
[2026-05-18T08:22:15.258+0000] {era5_functions.py:381} INFO - =======================================================
[2026-05-18T08:22:15.260+0000] {logging_mixin.py:188} WARNING - 2026-05-18 08:22:15 | INFO     | ERA5 [INSTANT] START: 2026-05-13
[2026-05-18T08:22:15.260+0000] {era5_functions.py:382} INFO - ERA5 [INSTANT] START: 2026-05-13
[2026-05-18T08:22:15.262+0000] {logging_mixin.py:188} WARNING - 2026-05-18 08:22:15 | INFO     | =======================================================
[2026-05-18T08:22:15.262+0000] {era5_functions.py:383} INFO - =======================================================
[2026-05-18T08:22:16.256+0000] {logging_mixin.py:188} WARNING - 2026-05-18 08:22:16,255 INFO [2026-05-14T00:00:00Z] Upcoming essential maintenance sessions on Data Stores underlying infrastructure on 19 May. Service disruption expected. For further details, please [visit our forum announcement](https://forum.ecmwf.int/t/upcoming-essential-maintenance-sessions-on-data-stores-underlying-infrastructure/14954).
[2026-05-18T08:22:16.255+0000] {legacy_client.py:192} INFO - [2026-05-14T00:00:00Z] Upcoming essential maintenance sessions on Data Stores underlying infrastructure on 19 May. Service disruption expected. For further details, please [visit our forum announcement](https://forum.ecmwf.int/t/upcoming-essential-maintenance-sessions-on-data-stores-underlying-infrastructure/14954).
[2026-05-18T08:22:16.258+0000] {logging_mixin.py:188} WARNING - 2026-05-18 08:22:16 | INFO     | =======================================================
[2026-05-18T08:22:16.258+0000] {era5_functions.py:306} INFO - =======================================================
[2026-05-18T08:22:16.260+0000] {logging_mixin.py:188} WARNING - 2026-05-18 08:22:16 | INFO     | JOB: INSTANT | 2026-05-13
[2026-05-18T08:22:16.259+0000] {era5_functions.py:307} INFO - JOB: INSTANT | 2026-05-13
[2026-05-18T08:22:16.261+0000] {logging_mixin.py:188} WARNING - 2026-05-18 08:22:16 | INFO     | Variables: ['t2m', 'd2m', 'sp', 'blh', 'u10', 'v10']
[2026-05-18T08:22:16.261+0000] {era5_functions.py:308} INFO - Variables: ['t2m', 'd2m', 'sp', 'blh', 'u10', 'v10']
[2026-05-18T08:22:16.263+0000] {logging_mixin.py:188} WARNING - 2026-05-18 08:22:16 | INFO     | =======================================================
[2026-05-18T08:22:16.263+0000] {era5_functions.py:309} INFO - =======================================================
[2026-05-18T08:22:16.567+0000] {logging_mixin.py:188} WARNING - 2026-05-18 08:22:16 | WARNING  | [VALIDATE NC] instant_20260513.nc → FAIL (timesteps ไม่ครบ: 9/24) → ไฟล์เสีย จะโหลดใหม่
[2026-05-18T08:22:16.567+0000] {era5_functions.py:74} WARNING - [VALIDATE NC] instant_20260513.nc → FAIL (timesteps ไม่ครบ: 9/24) → ไฟล์เสีย จะโหลดใหม่
[2026-05-18T08:22:16.571+0000] {logging_mixin.py:188} WARNING - 2026-05-18 08:22:16 | INFO     | [NC] ไม่พบหรือไฟล์เสีย → เริ่ม download...
[2026-05-18T08:22:16.571+0000] {era5_functions.py:313} INFO - [NC] ไม่พบหรือไฟล์เสีย → เริ่ม download...
[2026-05-18T08:22:16.572+0000] {logging_mixin.py:188} WARNING - 2026-05-18 08:22:16 | INFO     | [RETRY] Attempt 1/5 → instant_20260513.nc
[2026-05-18T08:22:16.572+0000] {era5_functions.py:196} INFO - [RETRY] Attempt 1/5 → instant_20260513.nc
[2026-05-18T08:22:16.592+0000] {era5_functions.py:169} DEBUG - [DOWNLOAD] ลบไฟล์เก่า: instant_20260513.nc
[2026-05-18T08:22:16.593+0000] {logging_mixin.py:188} WARNING - 2026-05-18 08:22:16 | INFO     | [DOWNLOAD] START → instant_20260513.nc
[2026-05-18T08:22:16.593+0000] {era5_functions.py:171} INFO - [DOWNLOAD] START → instant_20260513.nc
[2026-05-18T08:22:17.350+0000] {logging_mixin.py:188} WARNING - 2026-05-18 08:22:17,350 INFO [2025-12-11T00:00:00] Please note that a dedicated catalogue entry for this dataset, post-processed and stored in Analysis Ready Cloud Optimized (ARCO) format (Zarr), is available for optimised time-series retrievals (i.e. for retrieving data from selected variables for a single point over an extended period of time in an efficient way). You can discover it [here](https://cds.climate.copernicus.eu/datasets/reanalysis-era5-single-levels-timeseries?tab=overview)
[2026-05-18T08:22:17.350+0000] {legacy_client.py:192} INFO - [2025-12-11T00:00:00] Please note that a dedicated catalogue entry for this dataset, post-processed and stored in Analysis Ready Cloud Optimized (ARCO) format (Zarr), is available for optimised time-series retrievals (i.e. for retrieving data from selected variables for a single point over an extended period of time in an efficient way). You can discover it [here](https://cds.climate.copernicus.eu/datasets/reanalysis-era5-single-levels-timeseries?tab=overview)
[2026-05-18T08:22:17.353+0000] {logging_mixin.py:188} WARNING - 2026-05-18 08:22:17,353 INFO Request ID is b236d753-588c-4d07-8c1e-e80dd9e67f45
[2026-05-18T08:22:17.353+0000] {legacy_client.py:192} INFO - Request ID is b236d753-588c-4d07-8c1e-e80dd9e67f45
[2026-05-18T08:22:17.552+0000] {logging_mixin.py:188} WARNING - 2026-05-18 08:22:17,552 INFO status has been updated to accepted
[2026-05-18T08:22:17.552+0000] {legacy_client.py:192} INFO - status has been updated to accepted
[2026-05-18T08:22:31.790+0000] {logging_mixin.py:188} WARNING - 2026-05-18 08:22:31,790 INFO status has been updated to running
[2026-05-18T08:22:31.790+0000] {legacy_client.py:192} INFO - status has been updated to running
[2026-05-18T08:22:51.169+0000] {logging_mixin.py:188} WARNING - 2026-05-18 08:22:51,169 INFO status has been updated to successful
[2026-05-18T08:22:51.169+0000] {legacy_client.py:192} INFO - status has been updated to successful
[2026-05-18T08:22:51.568+0000] {base.py:119} INFO - Downloading https://object-store.os-api.cci2.ecmwf.int:443/cci2-prod-cache-1/2026-05-18/4e682294f0ef0b8c05a2c61e868374a1.nc
[2026-05-18T08:22:52.561+0000] {logging_mixin.py:188} WARNING - 4e682294f0ef0b8c05a2c61e868374a1.nc:   0%|          | 0.00/1.02M [00:00<?, ?B/s]
[2026-05-18T08:23:07.736+0000] {logging_mixin.py:188} WARNING - 4e682294f0ef0b8c05a2c61e868374a1.nc:  98%|#########8| 1.00M/1.02M [00:15<00:00, 69.1kB/s]
[2026-05-18T08:23:07.826+0000] {logging_mixin.py:188} WARNING -                                                                                          
[2026-05-18T08:23:07.845+0000] {logging_mixin.py:188} WARNING - 2026-05-18 08:23:07 | INFO     | [DOWNLOAD] COMPLETE → instant_20260513.nc (1.0 MB, ใช้เวลา 51.2s)
[2026-05-18T08:23:07.845+0000] {era5_functions.py:178} INFO - [DOWNLOAD] COMPLETE → instant_20260513.nc (1.0 MB, ใช้เวลา 51.2s)
[2026-05-18T08:23:07.913+0000] {logging_mixin.py:188} WARNING - 2026-05-18 08:23:07 | WARNING  | [VALIDATE NC] instant_20260513.nc → FAIL (timesteps ไม่ครบ: 9/24) → ไฟล์เสีย จะโหลดใหม่
[2026-05-18T08:23:07.913+0000] {era5_functions.py:74} WARNING - [VALIDATE NC] instant_20260513.nc → FAIL (timesteps ไม่ครบ: 9/24) → ไฟล์เสีย จะโหลดใหม่
[2026-05-18T08:23:07.916+0000] {logging_mixin.py:188} WARNING - 2026-05-18 08:23:07 | WARNING  | [RETRY] Attempt 1/5 → FAILED: ไฟล์ที่โหลดมาไม่ผ่าน validate
[2026-05-18T08:23:07.916+0000] {era5_functions.py:208} WARNING - [RETRY] Attempt 1/5 → FAILED: ไฟล์ที่โหลดมาไม่ผ่าน validate
[2026-05-18T08:23:07.917+0000] {logging_mixin.py:188} WARNING - 2026-05-18 08:23:07 | INFO     | [RETRY] รอ 60s แล้วโหลดใหม่ (attempt 2/5)...
[2026-05-18T08:23:07.917+0000] {era5_functions.py:211} INFO - [RETRY] รอ 60s แล้วโหลดใหม่ (attempt 2/5)...
[2026-05-18T08:24:07.915+0000] {logging_mixin.py:188} WARNING - 2026-05-18 08:24:07 | INFO     | [RETRY] Attempt 2/5 → instant_20260513.nc
[2026-05-18T08:24:07.914+0000] {era5_functions.py:196} INFO - [RETRY] Attempt 2/5 → instant_20260513.nc
[2026-05-18T08:24:07.952+0000] {era5_functions.py:169} DEBUG - [DOWNLOAD] ลบไฟล์เก่า: instant_20260513.nc
[2026-05-18T08:24:07.954+0000] {logging_mixin.py:188} WARNING - 2026-05-18 08:24:07 | INFO     | [DOWNLOAD] START → instant_20260513.nc
[2026-05-18T08:24:07.954+0000] {era5_functions.py:171} INFO - [DOWNLOAD] START → instant_20260513.nc
[2026-05-18T08:24:09.163+0000] {logging_mixin.py:188} WARNING - 2026-05-18 08:24:09,162 INFO [2025-12-11T00:00:00] Please note that a dedicated catalogue entry for this dataset, post-processed and stored in Analysis Ready Cloud Optimized (ARCO) format (Zarr), is available for optimised time-series retrievals (i.e. for retrieving data from selected variables for a single point over an extended period of time in an efficient way). You can discover it [here](https://cds.climate.copernicus.eu/datasets/reanalysis-era5-single-levels-timeseries?tab=overview)
[2026-05-18T08:24:09.162+0000] {legacy_client.py:192} INFO - [2025-12-11T00:00:00] Please note that a dedicated catalogue entry for this dataset, post-processed and stored in Analysis Ready Cloud Optimized (ARCO) format (Zarr), is available for optimised time-series retrievals (i.e. for retrieving data from selected variables for a single point over an extended period of time in an efficient way). You can discover it [here](https://cds.climate.copernicus.eu/datasets/reanalysis-era5-single-levels-timeseries?tab=overview)
[2026-05-18T08:24:09.166+0000] {logging_mixin.py:188} WARNING - 2026-05-18 08:24:09,166 INFO Request ID is 82582944-2fff-4c25-aea4-99d3f4b443ff
[2026-05-18T08:24:09.166+0000] {legacy_client.py:192} INFO - Request ID is 82582944-2fff-4c25-aea4-99d3f4b443ff
[2026-05-18T08:24:09.367+0000] {logging_mixin.py:188} WARNING - 2026-05-18 08:24:09,367 INFO status has been updated to accepted
[2026-05-18T08:24:09.367+0000] {legacy_client.py:192} INFO - status has been updated to accepted
[2026-05-18T08:25:01.746+0000] {logging_mixin.py:188} WARNING - 2026-05-18 08:25:01,746 INFO status has been updated to successful
[2026-05-18T08:25:01.746+0000] {legacy_client.py:192} INFO - status has been updated to successful
[2026-05-18T08:25:02.221+0000] {base.py:119} INFO - Downloading https://object-store.os-api.cci2.ecmwf.int:443/cci2-prod-cache-2/2026-05-18/2a0a6708091a7171f9e5fe756534a420.nc
[2026-05-18T08:25:05.046+0000] {logging_mixin.py:188} WARNING - 2a0a6708091a7171f9e5fe756534a420.nc:   0%|          | 0.00/1.02M [00:00<?, ?B/s]
[2026-05-18T08:25:11.303+0000] {logging_mixin.py:188} WARNING - 2a0a6708091a7171f9e5fe756534a420.nc:  98%|#########8| 1.00M/1.02M [00:06<00:00, 168kB/s]
[2026-05-18T08:25:11.349+0000] {logging_mixin.py:188} WARNING -                                                                                         
[2026-05-18T08:25:11.371+0000] {logging_mixin.py:188} WARNING - 2026-05-18 08:25:11 | INFO     | [DOWNLOAD] COMPLETE → instant_20260513.nc (1.0 MB, ใช้เวลา 63.4s)
[2026-05-18T08:25:11.370+0000] {era5_functions.py:178} INFO - [DOWNLOAD] COMPLETE → instant_20260513.nc (1.0 MB, ใช้เวลา 63.4s)
[2026-05-18T08:25:11.459+0000] {logging_mixin.py:188} WARNING - 2026-05-18 08:25:11 | WARNING  | [VALIDATE NC] instant_20260513.nc → FAIL (timesteps ไม่ครบ: 9/24) → ไฟล์เสีย จะโหลดใหม่
[2026-05-18T08:25:11.459+0000] {era5_functions.py:74} WARNING - [VALIDATE NC] instant_20260513.nc → FAIL (timesteps ไม่ครบ: 9/24) → ไฟล์เสีย จะโหลดใหม่
[2026-05-18T08:25:11.464+0000] {logging_mixin.py:188} WARNING - 2026-05-18 08:25:11 | WARNING  | [RETRY] Attempt 2/5 → FAILED: ไฟล์ที่โหลดมาไม่ผ่าน validate
[2026-05-18T08:25:11.464+0000] {era5_functions.py:208} WARNING - [RETRY] Attempt 2/5 → FAILED: ไฟล์ที่โหลดมาไม่ผ่าน validate
[2026-05-18T08:25:11.466+0000] {logging_mixin.py:188} WARNING - 2026-05-18 08:25:11 | INFO     | [RETRY] รอ 60s แล้วโหลดใหม่ (attempt 3/5)...
[2026-05-18T08:25:11.465+0000] {era5_functions.py:211} INFO - [RETRY] รอ 60s แล้วโหลดใหม่ (attempt 3/5)...
[2026-05-18T08:26:11.463+0000] {logging_mixin.py:188} WARNING - 2026-05-18 08:26:11 | INFO     | [RETRY] Attempt 3/5 → instant_20260513.nc
[2026-05-18T08:26:11.463+0000] {era5_functions.py:196} INFO - [RETRY] Attempt 3/5 → instant_20260513.nc
[2026-05-18T08:26:11.485+0000] {era5_functions.py:169} DEBUG - [DOWNLOAD] ลบไฟล์เก่า: instant_20260513.nc
[2026-05-18T08:26:11.486+0000] {logging_mixin.py:188} WARNING - 2026-05-18 08:26:11 | INFO     | [DOWNLOAD] START → instant_20260513.nc
[2026-05-18T08:26:11.486+0000] {era5_functions.py:171} INFO - [DOWNLOAD] START → instant_20260513.nc
[2026-05-18T08:26:12.952+0000] {logging_mixin.py:188} WARNING - 2026-05-18 08:26:12,952 INFO [2025-12-11T00:00:00] Please note that a dedicated catalogue entry for this dataset, post-processed and stored in Analysis Ready Cloud Optimized (ARCO) format (Zarr), is available for optimised time-series retrievals (i.e. for retrieving data from selected variables for a single point over an extended period of time in an efficient way). You can discover it [here](https://cds.climate.copernicus.eu/datasets/reanalysis-era5-single-levels-timeseries?tab=overview)
[2026-05-18T08:26:12.952+0000] {legacy_client.py:192} INFO - [2025-12-11T00:00:00] Please note that a dedicated catalogue entry for this dataset, post-processed and stored in Analysis Ready Cloud Optimized (ARCO) format (Zarr), is available for optimised time-series retrievals (i.e. for retrieving data from selected variables for a single point over an extended period of time in an efficient way). You can discover it [here](https://cds.climate.copernicus.eu/datasets/reanalysis-era5-single-levels-timeseries?tab=overview)
[2026-05-18T08:26:12.955+0000] {logging_mixin.py:188} WARNING - 2026-05-18 08:26:12,954 INFO Request ID is 5afb96e8-311f-4360-8f1d-d12ee5f465dd
[2026-05-18T08:26:12.954+0000] {legacy_client.py:192} INFO - Request ID is 5afb96e8-311f-4360-8f1d-d12ee5f465dd
[2026-05-18T08:26:13.158+0000] {logging_mixin.py:188} WARNING - 2026-05-18 08:26:13,158 INFO status has been updated to accepted
[2026-05-18T08:26:13.158+0000] {legacy_client.py:192} INFO - status has been updated to accepted
[2026-05-18T08:26:35.171+0000] {logging_mixin.py:188} WARNING - 2026-05-18 08:26:35,171 INFO status has been updated to running
[2026-05-18T08:26:35.171+0000] {legacy_client.py:192} INFO - status has been updated to running
[2026-05-18T08:26:46.758+0000] {logging_mixin.py:188} WARNING - 2026-05-18 08:26:46,758 INFO status has been updated to successful
[2026-05-18T08:26:46.758+0000] {legacy_client.py:192} INFO - status has been updated to successful
[2026-05-18T08:26:47.225+0000] {base.py:119} INFO - Downloading https://object-store.os-api.cci2.ecmwf.int:443/cci2-prod-cache-1/2026-05-18/d48f9d3f427db7aef540145918fcc1b6.nc
[2026-05-18T08:26:48.245+0000] {logging_mixin.py:188} WARNING - d48f9d3f427db7aef540145918fcc1b6.nc:   0%|          | 0.00/1.02M [00:00<?, ?B/s]
[2026-05-18T08:26:50.823+0000] {logging_mixin.py:188} WARNING - d48f9d3f427db7aef540145918fcc1b6.nc:  98%|#########8| 1.00M/1.02M [00:02<00:00, 407kB/s]
[2026-05-18T08:26:50.837+0000] {logging_mixin.py:188} WARNING -                                                                                         
[2026-05-18T08:26:50.855+0000] {logging_mixin.py:188} WARNING - 2026-05-18 08:26:50 | INFO     | [DOWNLOAD] COMPLETE → instant_20260513.nc (1.0 MB, ใช้เวลา 39.4s)
[2026-05-18T08:26:50.855+0000] {era5_functions.py:178} INFO - [DOWNLOAD] COMPLETE → instant_20260513.nc (1.0 MB, ใช้เวลา 39.4s)
[2026-05-18T08:26:50.923+0000] {logging_mixin.py:188} WARNING - 2026-05-18 08:26:50 | WARNING  | [VALIDATE NC] instant_20260513.nc → FAIL (timesteps ไม่ครบ: 9/24) → ไฟล์เสีย จะโหลดใหม่
[2026-05-18T08:26:50.922+0000] {era5_functions.py:74} WARNING - [VALIDATE NC] instant_20260513.nc → FAIL (timesteps ไม่ครบ: 9/24) → ไฟล์เสีย จะโหลดใหม่
[2026-05-18T08:26:50.926+0000] {logging_mixin.py:188} WARNING - 2026-05-18 08:26:50 | WARNING  | [RETRY] Attempt 3/5 → FAILED: ไฟล์ที่โหลดมาไม่ผ่าน validate
[2026-05-18T08:26:50.926+0000] {era5_functions.py:208} WARNING - [RETRY] Attempt 3/5 → FAILED: ไฟล์ที่โหลดมาไม่ผ่าน validate
[2026-05-18T08:26:50.928+0000] {logging_mixin.py:188} WARNING - 2026-05-18 08:26:50 | INFO     | [RETRY] รอ 60s แล้วโหลดใหม่ (attempt 4/5)...
[2026-05-18T08:26:50.928+0000] {era5_functions.py:211} INFO - [RETRY] รอ 60s แล้วโหลดใหม่ (attempt 4/5)...
[2026-05-18T08:27:50.926+0000] {logging_mixin.py:188} WARNING - 2026-05-18 08:27:50 | INFO     | [RETRY] Attempt 4/5 → instant_20260513.nc
[2026-05-18T08:27:50.926+0000] {era5_functions.py:196} INFO - [RETRY] Attempt 4/5 → instant_20260513.nc
[2026-05-18T08:27:50.951+0000] {era5_functions.py:169} DEBUG - [DOWNLOAD] ลบไฟล์เก่า: instant_20260513.nc
[2026-05-18T08:27:50.952+0000] {logging_mixin.py:188} WARNING - 2026-05-18 08:27:50 | INFO     | [DOWNLOAD] START → instant_20260513.nc
[2026-05-18T08:27:50.952+0000] {era5_functions.py:171} INFO - [DOWNLOAD] START → instant_20260513.nc
[2026-05-18T08:27:52.442+0000] {logging_mixin.py:188} WARNING - 2026-05-18 08:27:52,442 INFO [2025-12-11T00:00:00] Please note that a dedicated catalogue entry for this dataset, post-processed and stored in Analysis Ready Cloud Optimized (ARCO) format (Zarr), is available for optimised time-series retrievals (i.e. for retrieving data from selected variables for a single point over an extended period of time in an efficient way). You can discover it [here](https://cds.climate.copernicus.eu/datasets/reanalysis-era5-single-levels-timeseries?tab=overview)
[2026-05-18T08:27:52.442+0000] {legacy_client.py:192} INFO - [2025-12-11T00:00:00] Please note that a dedicated catalogue entry for this dataset, post-processed and stored in Analysis Ready Cloud Optimized (ARCO) format (Zarr), is available for optimised time-series retrievals (i.e. for retrieving data from selected variables for a single point over an extended period of time in an efficient way). You can discover it [here](https://cds.climate.copernicus.eu/datasets/reanalysis-era5-single-levels-timeseries?tab=overview)
[2026-05-18T08:27:52.444+0000] {logging_mixin.py:188} WARNING - 2026-05-18 08:27:52,444 INFO Request ID is 4a714041-7b0c-4844-b533-524244c6e969
[2026-05-18T08:27:52.444+0000] {legacy_client.py:192} INFO - Request ID is 4a714041-7b0c-4844-b533-524244c6e969
[2026-05-18T08:27:52.658+0000] {logging_mixin.py:188} WARNING - 2026-05-18 08:27:52,658 INFO status has been updated to accepted
[2026-05-18T08:27:52.658+0000] {legacy_client.py:192} INFO - status has been updated to accepted
[2026-05-18T08:28:14.690+0000] {logging_mixin.py:188} WARNING - 2026-05-18 08:28:14,690 INFO status has been updated to successful
[2026-05-18T08:28:14.690+0000] {legacy_client.py:192} INFO - status has been updated to successful
[2026-05-18T08:28:15.167+0000] {base.py:119} INFO - Downloading https://object-store.os-api.cci2.ecmwf.int:443/cci2-prod-cache-2/2026-05-18/f94fcc0e3695f43b2227a553687f6589.nc
[2026-05-18T08:28:16.163+0000] {logging_mixin.py:188} WARNING - f94fcc0e3695f43b2227a553687f6589.nc:   0%|          | 0.00/1.02M [00:00<?, ?B/s]
[2026-05-18T08:28:29.831+0000] {logging_mixin.py:188} WARNING - f94fcc0e3695f43b2227a553687f6589.nc:  98%|#########8| 1.00M/1.02M [00:13<00:00, 76.7kB/s]
[2026-05-18T08:28:29.842+0000] {logging_mixin.py:188} WARNING -                                                                                          
[2026-05-18T08:28:29.858+0000] {logging_mixin.py:188} WARNING - 2026-05-18 08:28:29 | INFO     | [DOWNLOAD] COMPLETE → instant_20260513.nc (1.0 MB, ใช้เวลา 38.9s)
[2026-05-18T08:28:29.858+0000] {era5_functions.py:178} INFO - [DOWNLOAD] COMPLETE → instant_20260513.nc (1.0 MB, ใช้เวลา 38.9s)
[2026-05-18T08:28:29.926+0000] {logging_mixin.py:188} WARNING - 2026-05-18 08:28:29 | WARNING  | [VALIDATE NC] instant_20260513.nc → FAIL (timesteps ไม่ครบ: 9/24) → ไฟล์เสีย จะโหลดใหม่
[2026-05-18T08:28:29.926+0000] {era5_functions.py:74} WARNING - [VALIDATE NC] instant_20260513.nc → FAIL (timesteps ไม่ครบ: 9/24) → ไฟล์เสีย จะโหลดใหม่
[2026-05-18T08:28:29.929+0000] {logging_mixin.py:188} WARNING - 2026-05-18 08:28:29 | WARNING  | [RETRY] Attempt 4/5 → FAILED: ไฟล์ที่โหลดมาไม่ผ่าน validate
[2026-05-18T08:28:29.929+0000] {era5_functions.py:208} WARNING - [RETRY] Attempt 4/5 → FAILED: ไฟล์ที่โหลดมาไม่ผ่าน validate
[2026-05-18T08:28:29.931+0000] {logging_mixin.py:188} WARNING - 2026-05-18 08:28:29 | INFO     | [RETRY] รอ 60s แล้วโหลดใหม่ (attempt 5/5)...
[2026-05-18T08:28:29.931+0000] {era5_functions.py:211} INFO - [RETRY] รอ 60s แล้วโหลดใหม่ (attempt 5/5)...
[2026-05-18T08:29:29.929+0000] {logging_mixin.py:188} WARNING - 2026-05-18 08:29:29 | INFO     | [RETRY] Attempt 5/5 → instant_20260513.nc
[2026-05-18T08:29:29.928+0000] {era5_functions.py:196} INFO - [RETRY] Attempt 5/5 → instant_20260513.nc
[2026-05-18T08:29:29.959+0000] {era5_functions.py:169} DEBUG - [DOWNLOAD] ลบไฟล์เก่า: instant_20260513.nc
[2026-05-18T08:29:29.961+0000] {logging_mixin.py:188} WARNING - 2026-05-18 08:29:29 | INFO     | [DOWNLOAD] START → instant_20260513.nc
[2026-05-18T08:29:29.961+0000] {era5_functions.py:171} INFO - [DOWNLOAD] START → instant_20260513.nc
[2026-05-18T08:29:31.539+0000] {logging_mixin.py:188} WARNING - 2026-05-18 08:29:31,539 INFO [2025-12-11T00:00:00] Please note that a dedicated catalogue entry for this dataset, post-processed and stored in Analysis Ready Cloud Optimized (ARCO) format (Zarr), is available for optimised time-series retrievals (i.e. for retrieving data from selected variables for a single point over an extended period of time in an efficient way). You can discover it [here](https://cds.climate.copernicus.eu/datasets/reanalysis-era5-single-levels-timeseries?tab=overview)
[2026-05-18T08:29:31.539+0000] {legacy_client.py:192} INFO - [2025-12-11T00:00:00] Please note that a dedicated catalogue entry for this dataset, post-processed and stored in Analysis Ready Cloud Optimized (ARCO) format (Zarr), is available for optimised time-series retrievals (i.e. for retrieving data from selected variables for a single point over an extended period of time in an efficient way). You can discover it [here](https://cds.climate.copernicus.eu/datasets/reanalysis-era5-single-levels-timeseries?tab=overview)
[2026-05-18T08:29:31.543+0000] {logging_mixin.py:188} WARNING - 2026-05-18 08:29:31,542 INFO Request ID is 1d7e2603-d725-4813-a8cb-3e335490718b
[2026-05-18T08:29:31.542+0000] {legacy_client.py:192} INFO - Request ID is 1d7e2603-d725-4813-a8cb-3e335490718b
[2026-05-18T08:29:33.712+0000] {logging_mixin.py:188} WARNING - 2026-05-18 08:29:33,711 INFO status has been updated to accepted
[2026-05-18T08:29:33.711+0000] {legacy_client.py:192} INFO - status has been updated to accepted
[2026-05-18T08:29:57.336+0000] {logging_mixin.py:188} WARNING - 2026-05-18 08:29:57,335 INFO status has been updated to running
[2026-05-18T08:29:57.335+0000] {legacy_client.py:192} INFO - status has been updated to running
[2026-05-18T08:30:08.948+0000] {logging_mixin.py:188} WARNING - 2026-05-18 08:30:08,948 INFO status has been updated to successful
[2026-05-18T08:30:08.948+0000] {legacy_client.py:192} INFO - status has been updated to successful
[2026-05-18T08:30:09.745+0000] {base.py:119} INFO - Downloading https://object-store.os-api.cci2.ecmwf.int:443/cci2-prod-cache-2/2026-05-18/63dc3d6b9f7f2d27fb3c5d3c7310b719.nc
[2026-05-18T08:30:10.370+0000] {logging_mixin.py:188} WARNING - 63dc3d6b9f7f2d27fb3c5d3c7310b719.nc:   0%|          | 0.00/1.02M [00:00<?, ?B/s]
[2026-05-18T08:30:13.282+0000] {logging_mixin.py:188} WARNING - 63dc3d6b9f7f2d27fb3c5d3c7310b719.nc:  98%|#########8| 1.00M/1.02M [00:02<00:00, 360kB/s]
[2026-05-18T08:30:13.299+0000] {logging_mixin.py:188} WARNING -                                                                                         
[2026-05-18T08:30:13.321+0000] {logging_mixin.py:188} WARNING - 2026-05-18 08:30:13 | INFO     | [DOWNLOAD] COMPLETE → instant_20260513.nc (1.0 MB, ใช้เวลา 43.3s)
[2026-05-18T08:30:13.321+0000] {era5_functions.py:178} INFO - [DOWNLOAD] COMPLETE → instant_20260513.nc (1.0 MB, ใช้เวลา 43.3s)
[2026-05-18T08:30:13.412+0000] {logging_mixin.py:188} WARNING - 2026-05-18 08:30:13 | WARNING  | [VALIDATE NC] instant_20260513.nc → FAIL (timesteps ไม่ครบ: 9/24) → ไฟล์เสีย จะโหลดใหม่
[2026-05-18T08:30:13.412+0000] {era5_functions.py:74} WARNING - [VALIDATE NC] instant_20260513.nc → FAIL (timesteps ไม่ครบ: 9/24) → ไฟล์เสีย จะโหลดใหม่
[2026-05-18T08:30:13.419+0000] {logging_mixin.py:188} WARNING - 2026-05-18 08:30:13 | WARNING  | [RETRY] Attempt 5/5 → FAILED: ไฟล์ที่โหลดมาไม่ผ่าน validate
[2026-05-18T08:30:13.419+0000] {era5_functions.py:208} WARNING - [RETRY] Attempt 5/5 → FAILED: ไฟล์ที่โหลดมาไม่ผ่าน validate
[2026-05-18T08:30:13.422+0000] {logging_mixin.py:188} WARNING - 2026-05-18 08:30:13 | ERROR    | [DOWNLOAD] ERROR → instant_20260513.nc โหลดไม่สำเร็จหลังจาก 5 ครั้ง: ไฟล์ที่โหลดมาไม่ผ่าน validate
[2026-05-18T08:30:13.422+0000] {era5_functions.py:214} ERROR - [DOWNLOAD] ERROR → instant_20260513.nc โหลดไม่สำเร็จหลังจาก 5 ครั้ง: ไฟล์ที่โหลดมาไม่ผ่าน validate
[2026-05-18T08:30:13.424+0000] {taskinstance.py:441} INFO - ::group::Post task execution logs
[2026-05-18T08:30:13.425+0000] {taskinstance.py:2905} ERROR - Task failed with exception
Traceback (most recent call last):
  File "/home/airflow/.local/lib/python3.12/site-packages/airflow/models/taskinstance.py", line 465, in _execute_task
    result = _execute_callable(context=context, **execute_callable_kwargs)
             ^^^^^^^^^^^^^^^^^^^^^^^^^^^^^^^^^^^^^^^^^^^^^^^^^^^^^^^^^^^^^
  File "/home/airflow/.local/lib/python3.12/site-packages/airflow/models/taskinstance.py", line 432, in _execute_callable
    return execute_callable(context=context, **execute_callable_kwargs)
           ^^^^^^^^^^^^^^^^^^^^^^^^^^^^^^^^^^^^^^^^^^^^^^^^^^^^^^^^^^^^
  File "/home/airflow/.local/lib/python3.12/site-packages/airflow/models/baseoperator.py", line 400, in wrapper
    return func(self, *args, **kwargs)
           ^^^^^^^^^^^^^^^^^^^^^^^^^^^
  File "/home/airflow/.local/lib/python3.12/site-packages/airflow/operators/python.py", line 235, in execute
    return_value = self.execute_callable()
                   ^^^^^^^^^^^^^^^^^^^^^^^
  File "/home/airflow/.local/lib/python3.12/site-packages/airflow/operators/python.py", line 252, in execute_callable
    return self.python_callable(*self.op_args, **self.op_kwargs)
           ^^^^^^^^^^^^^^^^^^^^^^^^^^^^^^^^^^^^^^^^^^^^^^^^^^^^^
  File "/opt/airflow/dags/era5_dag.py", line 47, in task_instant_fn
    run_era5(
  File "/opt/airflow/dags/era5_functions.py", line 386, in run_era5
    process_job(client, job_name, y, m, d, dstr, log)
  File "/opt/airflow/dags/era5_functions.py", line 314, in process_job
    download_nc_with_retry(client, raw_nc, params, log)
  File "/opt/airflow/dags/era5_functions.py", line 217, in download_nc_with_retry
    raise RuntimeError(
RuntimeError: Download failed after 5 attempts: ไฟล์ที่โหลดมาไม่ผ่าน validate
[2026-05-18T08:30:13.445+0000] {taskinstance.py:1206} INFO - Marking task as UP_FOR_RETRY. dag_id=era5_ecmwf_pipeline, task_id=era5_instant, run_id=manual__2026-05-18T07:54:27.899918+00:00, execution_date=20260518T075427, start_date=20260518T082215, end_date=20260518T083013
[2026-05-18T08:30:13.461+0000] {standard_task_runner.py:110} ERROR - Failed to execute job 90 for task era5_instant (Download failed after 5 attempts: ไฟล์ที่โหลดมาไม่ผ่าน validate; 94)
[2026-05-18T08:30:13.488+0000] {local_task_job_runner.py:240} INFO - Task exited with return code 1
[2026-05-18T08:30:13.503+0000] {taskinstance.py:3498} INFO - 0 downstream tasks scheduled from follow-on schedule check
[2026-05-18T08:30:13.506+0000] {local_task_job_runner.py:222} INFO - ::endgroup::
