[2026-06-21T11:01:38.251+0000] {local_task_job_runner.py:120} INFO - ::group::Pre task execution logs
[2026-06-21T11:01:38.280+0000] {taskinstance.py:2076} INFO - Dependencies all met for dep_context=non-requeueable deps ti=<TaskInstance: era5_download_pipeline.era5_accum scheduled__2026-06-21T10:00:00+00:00 [queued]>
[2026-06-21T11:01:38.292+0000] {taskinstance.py:2076} INFO - Dependencies all met for dep_context=requeueable deps ti=<TaskInstance: era5_download_pipeline.era5_accum scheduled__2026-06-21T10:00:00+00:00 [queued]>
[2026-06-21T11:01:38.293+0000] {taskinstance.py:2306} INFO - Starting attempt 1 of 1
[2026-06-21T11:01:38.310+0000] {taskinstance.py:2330} INFO - Executing <Task(PythonOperator): era5_accum> on 2026-06-21 10:00:00+00:00
[2026-06-21T11:01:38.322+0000] {warnings.py:110} WARNING - /home/***/.local/lib/python3.12/site-packages/***/task/task_runner/standard_task_runner.py:61: DeprecationWarning: This process (pid=187921) is multi-threaded, use of fork() may lead to deadlocks in the child.
  pid = os.fork()

[2026-06-21T11:01:38.325+0000] {standard_task_runner.py:63} INFO - Started process 187923 to run task
[2026-06-21T11:01:38.324+0000] {standard_task_runner.py:90} INFO - Running: ['***', 'tasks', 'run', 'era5_download_pipeline', 'era5_accum', 'scheduled__2026-06-21T10:00:00+00:00', '--job-id', '2060', '--raw', '--subdir', 'DAGS_FOLDER/era5_dag.py', '--cfg-path', '/tmp/tmpqyi4w9x8']
[2026-06-21T11:01:38.328+0000] {standard_task_runner.py:91} INFO - Job 2060: Subtask era5_accum
[2026-06-21T11:01:38.419+0000] {task_command.py:426} INFO - Running <TaskInstance: era5_download_pipeline.era5_accum scheduled__2026-06-21T10:00:00+00:00 [running]> on host 01cd476fb21a
[2026-06-21T11:01:38.529+0000] {taskinstance.py:2648} INFO - Exporting env vars: AIRFLOW_CTX_DAG_OWNER='era5' AIRFLOW_CTX_DAG_ID='era5_download_pipeline' AIRFLOW_CTX_TASK_ID='era5_accum' AIRFLOW_CTX_EXECUTION_DATE='2026-06-21T10:00:00+00:00' AIRFLOW_CTX_TRY_NUMBER='1' AIRFLOW_CTX_DAG_RUN_ID='scheduled__2026-06-21T10:00:00+00:00'
[2026-06-21T11:01:38.533+0000] {taskinstance.py:430} INFO - ::endgroup::
[2026-06-21T11:01:39.588+0000] {logging_mixin.py:188} WARNING - 2026-06-21 11:01:39 [INFO] === START job=accum date=2026-06-21 ===
[2026-06-21T11:01:39.587+0000] {era5_functions.py:368} INFO - === START job=accum date=2026-06-21 ===
[2026-06-21T11:01:39.591+0000] {logging_mixin.py:188} WARNING - 2026-06-21 11:01:39 [INFO] --- job=accum date=20260621 ---
[2026-06-21T11:01:39.591+0000] {era5_functions.py:330} INFO - --- job=accum date=20260621 ---
[2026-06-21T11:01:42.044+0000] {logging_mixin.py:188} WARNING - 2026-06-21 11:01:42 [WARNING] get_cds_count failed: 400 Client Error: Bad Request for url: https://cds.climate.copernicus.eu/api/retrieve/v1/processes/reanalysis-era5-single-levels/execution
invalid request
None of the data you have requested is available yet, please revise the period requested. The latest date available for this dataset is: 2026-06-16 11:00
[2026-06-21T11:01:42.044+0000] {era5_functions.py:131} WARNING - get_cds_count failed: 400 Client Error: Bad Request for url: https://cds.climate.copernicus.eu/api/retrieve/v1/processes/reanalysis-era5-single-levels/execution
invalid request
None of the data you have requested is available yet, please revise the period requested. The latest date available for this dataset is: 2026-06-16 11:00
[2026-06-21T11:01:42.048+0000] {logging_mixin.py:188} WARNING - 2026-06-21 11:01:42 [WARNING] CDS ยังไม่มีข้อมูล job=accum date=20260621, skip
[2026-06-21T11:01:42.048+0000] {era5_functions.py:335} WARNING - CDS ยังไม่มีข้อมูล job=accum date=20260621, skip
[2026-06-21T11:01:42.051+0000] {logging_mixin.py:188} WARNING - 2026-06-21 11:01:42 [INFO] --- job=accum date=20260620 ---
[2026-06-21T11:01:42.051+0000] {era5_functions.py:330} INFO - --- job=accum date=20260620 ---
[2026-06-21T11:01:42.636+0000] {logging_mixin.py:188} WARNING - 2026-06-21 11:01:42 [WARNING] get_cds_count failed: 400 Client Error: Bad Request for url: https://cds.climate.copernicus.eu/api/retrieve/v1/processes/reanalysis-era5-single-levels/execution
invalid request
None of the data you have requested is available yet, please revise the period requested. The latest date available for this dataset is: 2026-06-16 11:00
[2026-06-21T11:01:42.636+0000] {era5_functions.py:131} WARNING - get_cds_count failed: 400 Client Error: Bad Request for url: https://cds.climate.copernicus.eu/api/retrieve/v1/processes/reanalysis-era5-single-levels/execution
invalid request
None of the data you have requested is available yet, please revise the period requested. The latest date available for this dataset is: 2026-06-16 11:00
[2026-06-21T11:01:42.640+0000] {logging_mixin.py:188} WARNING - 2026-06-21 11:01:42 [WARNING] CDS ยังไม่มีข้อมูล job=accum date=20260620, skip
[2026-06-21T11:01:42.640+0000] {era5_functions.py:335} WARNING - CDS ยังไม่มีข้อมูล job=accum date=20260620, skip
[2026-06-21T11:01:42.643+0000] {logging_mixin.py:188} WARNING - 2026-06-21 11:01:42 [INFO] --- job=accum date=20260619 ---
[2026-06-21T11:01:42.642+0000] {era5_functions.py:330} INFO - --- job=accum date=20260619 ---
[2026-06-21T11:01:43.238+0000] {logging_mixin.py:188} WARNING - 2026-06-21 11:01:43 [WARNING] get_cds_count failed: 400 Client Error: Bad Request for url: https://cds.climate.copernicus.eu/api/retrieve/v1/processes/reanalysis-era5-single-levels/execution
invalid request
None of the data you have requested is available yet, please revise the period requested. The latest date available for this dataset is: 2026-06-16 11:00
[2026-06-21T11:01:43.238+0000] {era5_functions.py:131} WARNING - get_cds_count failed: 400 Client Error: Bad Request for url: https://cds.climate.copernicus.eu/api/retrieve/v1/processes/reanalysis-era5-single-levels/execution
invalid request
None of the data you have requested is available yet, please revise the period requested. The latest date available for this dataset is: 2026-06-16 11:00
[2026-06-21T11:01:43.244+0000] {logging_mixin.py:188} WARNING - 2026-06-21 11:01:43 [WARNING] CDS ยังไม่มีข้อมูล job=accum date=20260619, skip
[2026-06-21T11:01:43.243+0000] {era5_functions.py:335} WARNING - CDS ยังไม่มีข้อมูล job=accum date=20260619, skip
[2026-06-21T11:01:43.248+0000] {logging_mixin.py:188} WARNING - 2026-06-21 11:01:43 [INFO] --- job=accum date=20260618 ---
[2026-06-21T11:01:43.248+0000] {era5_functions.py:330} INFO - --- job=accum date=20260618 ---
[2026-06-21T11:01:44.259+0000] {logging_mixin.py:188} WARNING - 2026-06-21 11:01:44 [WARNING] get_cds_count failed: 400 Client Error: Bad Request for url: https://cds.climate.copernicus.eu/api/retrieve/v1/processes/reanalysis-era5-single-levels/execution
invalid request
None of the data you have requested is available yet, please revise the period requested. The latest date available for this dataset is: 2026-06-16 11:00
[2026-06-21T11:01:44.259+0000] {era5_functions.py:131} WARNING - get_cds_count failed: 400 Client Error: Bad Request for url: https://cds.climate.copernicus.eu/api/retrieve/v1/processes/reanalysis-era5-single-levels/execution
invalid request
None of the data you have requested is available yet, please revise the period requested. The latest date available for this dataset is: 2026-06-16 11:00
[2026-06-21T11:01:44.263+0000] {logging_mixin.py:188} WARNING - 2026-06-21 11:01:44 [WARNING] CDS ยังไม่มีข้อมูล job=accum date=20260618, skip
[2026-06-21T11:01:44.263+0000] {era5_functions.py:335} WARNING - CDS ยังไม่มีข้อมูล job=accum date=20260618, skip
[2026-06-21T11:01:44.267+0000] {logging_mixin.py:188} WARNING - 2026-06-21 11:01:44 [INFO] --- job=accum date=20260617 ---
[2026-06-21T11:01:44.266+0000] {era5_functions.py:330} INFO - --- job=accum date=20260617 ---
[2026-06-21T11:01:45.106+0000] {logging_mixin.py:188} WARNING - 2026-06-21 11:01:45 [WARNING] get_cds_count failed: 400 Client Error: Bad Request for url: https://cds.climate.copernicus.eu/api/retrieve/v1/processes/reanalysis-era5-single-levels/execution
invalid request
None of the data you have requested is available yet, please revise the period requested. The latest date available for this dataset is: 2026-06-16 11:00
[2026-06-21T11:01:45.106+0000] {era5_functions.py:131} WARNING - get_cds_count failed: 400 Client Error: Bad Request for url: https://cds.climate.copernicus.eu/api/retrieve/v1/processes/reanalysis-era5-single-levels/execution
invalid request
None of the data you have requested is available yet, please revise the period requested. The latest date available for this dataset is: 2026-06-16 11:00
[2026-06-21T11:01:45.111+0000] {logging_mixin.py:188} WARNING - 2026-06-21 11:01:45 [WARNING] CDS ยังไม่มีข้อมูล job=accum date=20260617, skip
[2026-06-21T11:01:45.111+0000] {era5_functions.py:335} WARNING - CDS ยังไม่มีข้อมูล job=accum date=20260617, skip
[2026-06-21T11:01:45.114+0000] {logging_mixin.py:188} WARNING - 2026-06-21 11:01:45 [INFO] --- job=accum date=20260616 ---
[2026-06-21T11:01:45.114+0000] {era5_functions.py:330} INFO - --- job=accum date=20260616 ---
[2026-06-21T11:01:45.815+0000] {logging_mixin.py:188} WARNING - 2026-06-21 11:01:45,814 INFO [2025-12-11T00:00:00] Please note that a dedicated catalogue entry for this dataset, post-processed and stored in Analysis Ready Cloud Optimized (ARCO) format (Zarr), is available for optimised time-series retrievals (i.e. for retrieving data from selected variables for a single point over an extended period of time in an efficient way). You can discover it [here](https://cds.climate.copernicus.eu/datasets/reanalysis-era5-single-levels-timeseries?tab=overview)
[2026-06-21T11:01:45.814+0000] {legacy_client.py:192} INFO - [2025-12-11T00:00:00] Please note that a dedicated catalogue entry for this dataset, post-processed and stored in Analysis Ready Cloud Optimized (ARCO) format (Zarr), is available for optimised time-series retrievals (i.e. for retrieving data from selected variables for a single point over an extended period of time in an efficient way). You can discover it [here](https://cds.climate.copernicus.eu/datasets/reanalysis-era5-single-levels-timeseries?tab=overview)
[2026-06-21T11:01:45.819+0000] {logging_mixin.py:188} WARNING - 2026-06-21 11:01:45,819 INFO Request ID is 333b921d-63ac-4f05-bb97-d8ba2ea9c0bd
[2026-06-21T11:01:45.819+0000] {legacy_client.py:192} INFO - Request ID is 333b921d-63ac-4f05-bb97-d8ba2ea9c0bd
[2026-06-21T11:01:46.025+0000] {logging_mixin.py:188} WARNING - 2026-06-21 11:01:46,025 INFO status has been updated to accepted
[2026-06-21T11:01:46.025+0000] {legacy_client.py:192} INFO - status has been updated to accepted
[2026-06-21T11:02:08.141+0000] {logging_mixin.py:188} WARNING - 2026-06-21 11:02:08,141 INFO status has been updated to successful
[2026-06-21T11:02:08.141+0000] {legacy_client.py:192} INFO - status has been updated to successful
[2026-06-21T11:02:08.764+0000] {base.py:119} INFO - Downloading https://object-store.os-api.cci2.ecmwf.int:443/cci2-prod-cache-2/2026-06-21/55d8c48b26bd47dbb090383e5859c73.nc
[2026-06-21T11:02:09.506+0000] {logging_mixin.py:188} WARNING - 55d8c48b26bd47dbb090383e5859c73.nc:   0%|          | 0.00/186k [00:00<?, ?B/s]
[2026-06-21T11:02:11.030+0000] {logging_mixin.py:188} WARNING - 55d8c48b26bd47dbb090383e5859c73.nc: 100%|##########| 186k/186k [00:01<00:00, 125kB/s]
[2026-06-21T11:02:11.035+0000] {logging_mixin.py:188} WARNING -                                                                                      
[2026-06-21T11:02:11.341+0000] {logging_mixin.py:188} WARNING - 2026-06-21 11:02:11 [INFO] CDS timestep available: 12
[2026-06-21T11:02:11.341+0000] {era5_functions.py:128} INFO - CDS timestep available: 12
[2026-06-21T11:02:11.405+0000] {logging_mixin.py:188} WARNING - 2026-06-21 11:02:11 [INFO] local timestep: 11 — /opt/***/era5/ecmwf/data/nc/_raw/2026/06/16/accum_20260616.nc
[2026-06-21T11:02:11.404+0000] {era5_functions.py:152} INFO - local timestep: 11 — /opt/***/era5/ecmwf/data/nc/_raw/2026/06/16/accum_20260616.nc
[2026-06-21T11:02:11.414+0000] {logging_mixin.py:188} WARNING - 2026-06-21 11:02:11 [INFO] nc outdated (local=11 < cds=12), removing: /opt/***/era5/ecmwf/data/nc/_raw/2026/06/16/accum_20260616.nc
[2026-06-21T11:02:11.414+0000] {era5_functions.py:193} INFO - nc outdated (local=11 < cds=12), removing: /opt/***/era5/ecmwf/data/nc/_raw/2026/06/16/accum_20260616.nc
[2026-06-21T11:02:11.443+0000] {logging_mixin.py:188} WARNING - 2026-06-21 11:02:11 [INFO] download attempt 1/3: /opt/***/era5/ecmwf/data/nc/_raw/2026/06/16/accum_20260616.nc
[2026-06-21T11:02:11.443+0000] {era5_functions.py:200} INFO - download attempt 1/3: /opt/***/era5/ecmwf/data/nc/_raw/2026/06/16/accum_20260616.nc
[2026-06-21T11:02:12.341+0000] {http.py:514} WARNING - Recovering from HTTP error [502 Bad Gateway], attempt 1 of 500
[2026-06-21T11:02:12.344+0000] {http.py:537} WARNING - Retrying in 120 seconds
[2026-06-21T11:04:12.336+0000] {http.py:544} INFO - Retrying now...
[2026-06-21T11:04:13.495+0000] {logging_mixin.py:188} WARNING - 2026-06-21 11:04:13,495 INFO [2025-12-11T00:00:00] Please note that a dedicated catalogue entry for this dataset, post-processed and stored in Analysis Ready Cloud Optimized (ARCO) format (Zarr), is available for optimised time-series retrievals (i.e. for retrieving data from selected variables for a single point over an extended period of time in an efficient way). You can discover it [here](https://cds.climate.copernicus.eu/datasets/reanalysis-era5-single-levels-timeseries?tab=overview)
[2026-06-21T11:04:13.495+0000] {legacy_client.py:192} INFO - [2025-12-11T00:00:00] Please note that a dedicated catalogue entry for this dataset, post-processed and stored in Analysis Ready Cloud Optimized (ARCO) format (Zarr), is available for optimised time-series retrievals (i.e. for retrieving data from selected variables for a single point over an extended period of time in an efficient way). You can discover it [here](https://cds.climate.copernicus.eu/datasets/reanalysis-era5-single-levels-timeseries?tab=overview)
[2026-06-21T11:04:13.501+0000] {logging_mixin.py:188} WARNING - 2026-06-21 11:04:13,500 INFO Request ID is a3e917b7-2fa8-4b0a-9748-f66291a5ba64
[2026-06-21T11:04:13.500+0000] {legacy_client.py:192} INFO - Request ID is a3e917b7-2fa8-4b0a-9748-f66291a5ba64
[2026-06-21T11:04:13.719+0000] {logging_mixin.py:188} WARNING - 2026-06-21 11:04:13,719 INFO status has been updated to accepted
[2026-06-21T11:04:13.719+0000] {legacy_client.py:192} INFO - status has been updated to accepted
[2026-06-21T11:04:28.966+0000] {logging_mixin.py:188} WARNING - 2026-06-21 11:04:28,966 INFO status has been updated to running
[2026-06-21T11:04:28.966+0000] {legacy_client.py:192} INFO - status has been updated to running
[2026-06-21T11:04:36.771+0000] {logging_mixin.py:188} WARNING - 2026-06-21 11:04:36,771 INFO status has been updated to successful
[2026-06-21T11:04:36.771+0000] {legacy_client.py:192} INFO - status has been updated to successful
[2026-06-21T11:04:37.236+0000] {base.py:119} INFO - Downloading https://object-store.os-api.cci2.ecmwf.int:443/cci2-prod-cache-3/2026-06-21/41a98e672cea515f7b0589136716985b.nc
[2026-06-21T11:04:38.485+0000] {logging_mixin.py:188} WARNING - 41a98e672cea515f7b0589136716985b.nc:   0%|          | 0.00/186k [00:00<?, ?B/s]
[2026-06-21T11:04:39.699+0000] {logging_mixin.py:188} WARNING - 41a98e672cea515f7b0589136716985b.nc: 100%|##########| 186k/186k [00:01<00:00, 157kB/s]
[2026-06-21T11:04:39.720+0000] {logging_mixin.py:188} WARNING -                                                                                       
[2026-06-21T11:04:39.821+0000] {logging_mixin.py:188} WARNING - 2026-06-21 11:04:39 [INFO] nc downloaded ok: /opt/***/era5/ecmwf/data/nc/_raw/2026/06/16/accum_20260616.nc
[2026-06-21T11:04:39.821+0000] {era5_functions.py:204} INFO - nc downloaded ok: /opt/***/era5/ecmwf/data/nc/_raw/2026/06/16/accum_20260616.nc
[2026-06-21T11:04:39.896+0000] {logging_mixin.py:188} WARNING - 2026-06-21 11:04:39 [INFO] local timestep: 12 — /opt/***/era5/ecmwf/data/nc/_raw/2026/06/16/accum_20260616.nc
[2026-06-21T11:04:39.896+0000] {era5_functions.py:152} INFO - local timestep: 12 — /opt/***/era5/ecmwf/data/nc/_raw/2026/06/16/accum_20260616.nc
[2026-06-21T11:04:39.971+0000] {logging_mixin.py:188} WARNING - 2026-06-21 11:04:39 [INFO] tif outdated (tif=11 < nc=12), removing: /opt/***/era5/ecmwf/data/tif/2026/06/16/tp_20260616.tif
[2026-06-21T11:04:39.971+0000] {era5_functions.py:261} INFO - tif outdated (tif=11 < nc=12), removing: /opt/***/era5/ecmwf/data/tif/2026/06/16/tp_20260616.tif
[2026-06-21T11:04:40.066+0000] {logging_mixin.py:188} WARNING - 2026-06-21 11:04:40 [INFO] tif ok (bands=12): /opt/***/era5/ecmwf/data/tif/2026/06/16/tp_20260616.tif
[2026-06-21T11:04:40.066+0000] {era5_functions.py:304} INFO - tif ok (bands=12): /opt/***/era5/ecmwf/data/tif/2026/06/16/tp_20260616.tif
[2026-06-21T11:04:40.071+0000] {logging_mixin.py:188} WARNING - 2026-06-21 11:04:40 [INFO] === END job=accum date=2026-06-21 ===
[2026-06-21T11:04:40.071+0000] {era5_functions.py:379} INFO - === END job=accum date=2026-06-21 ===
[2026-06-21T11:04:40.073+0000] {python.py:237} INFO - Done. Returned value was: None
[2026-06-21T11:04:40.074+0000] {taskinstance.py:441} INFO - ::group::Post task execution logs
[2026-06-21T11:04:40.088+0000] {taskinstance.py:1206} INFO - Marking task as SUCCESS. dag_id=era5_download_pipeline, task_id=era5_accum, run_id=scheduled__2026-06-21T10:00:00+00:00, execution_date=20260621T100000, start_date=20260621T110138, end_date=20260621T110440
[2026-06-21T11:04:40.160+0000] {local_task_job_runner.py:240} INFO - Task exited with return code 0
[2026-06-21T11:04:40.182+0000] {taskinstance.py:3498} INFO - 0 downstream tasks scheduled from follow-on schedule check
[2026-06-21T11:04:40.185+0000] {local_task_job_runner.py:222} INFO - ::endgroup::
