[2026-06-05T01:03:37.361+0000] {local_task_job_runner.py:120} INFO - ::group::Pre task execution logs
[2026-06-05T01:03:37.399+0000] {taskinstance.py:2076} INFO - Dependencies all met for dep_context=non-requeueable deps ti=<TaskInstance: era5_download_pipeline.era5_accum scheduled__2026-06-05T00:00:00+00:00 [queued]>
[2026-06-05T01:03:37.409+0000] {taskinstance.py:2076} INFO - Dependencies all met for dep_context=requeueable deps ti=<TaskInstance: era5_download_pipeline.era5_accum scheduled__2026-06-05T00:00:00+00:00 [queued]>
[2026-06-05T01:03:37.411+0000] {taskinstance.py:2306} INFO - Starting attempt 1 of 1
[2026-06-05T01:03:37.432+0000] {taskinstance.py:2330} INFO - Executing <Task(PythonOperator): era5_accum> on 2026-06-05 00:00:00+00:00
[2026-06-05T01:03:37.451+0000] {warnings.py:110} WARNING - /home/***/.local/lib/python3.12/site-packages/***/task/task_runner/standard_task_runner.py:61: DeprecationWarning: This process (pid=51343) is multi-threaded, use of fork() may lead to deadlocks in the child.
  pid = os.fork()

[2026-06-05T01:03:37.456+0000] {standard_task_runner.py:63} INFO - Started process 51345 to run task
[2026-06-05T01:03:37.457+0000] {standard_task_runner.py:90} INFO - Running: ['***', 'tasks', 'run', 'era5_download_pipeline', 'era5_accum', 'scheduled__2026-06-05T00:00:00+00:00', '--job-id', '951', '--raw', '--subdir', 'DAGS_FOLDER/era5_dag.py', '--cfg-path', '/tmp/tmpu40d1732']
[2026-06-05T01:03:37.466+0000] {standard_task_runner.py:91} INFO - Job 951: Subtask era5_accum
[2026-06-05T01:03:37.564+0000] {task_command.py:426} INFO - Running <TaskInstance: era5_download_pipeline.era5_accum scheduled__2026-06-05T00:00:00+00:00 [running]> on host 01cd476fb21a
[2026-06-05T01:03:37.699+0000] {taskinstance.py:2648} INFO - Exporting env vars: AIRFLOW_CTX_DAG_OWNER='era5' AIRFLOW_CTX_DAG_ID='era5_download_pipeline' AIRFLOW_CTX_TASK_ID='era5_accum' AIRFLOW_CTX_EXECUTION_DATE='2026-06-05T00:00:00+00:00' AIRFLOW_CTX_TRY_NUMBER='1' AIRFLOW_CTX_DAG_RUN_ID='scheduled__2026-06-05T00:00:00+00:00'
[2026-06-05T01:03:37.702+0000] {taskinstance.py:430} INFO - ::endgroup::
[2026-06-05T01:03:38.742+0000] {logging_mixin.py:188} WARNING - 2026-06-05 01:03:38 [INFO] === START job=accum date=2026-06-05 ===
[2026-06-05T01:03:38.742+0000] {era5_functions.py:368} INFO - === START job=accum date=2026-06-05 ===
[2026-06-05T01:03:38.746+0000] {logging_mixin.py:188} WARNING - 2026-06-05 01:03:38 [INFO] --- job=accum date=20260605 ---
[2026-06-05T01:03:38.745+0000] {era5_functions.py:330} INFO - --- job=accum date=20260605 ---
[2026-06-05T01:03:39.693+0000] {logging_mixin.py:188} WARNING - 2026-06-05 01:03:39 [WARNING] get_cds_count failed: 400 Client Error: Bad Request for url: https://cds.climate.copernicus.eu/api/retrieve/v1/processes/reanalysis-era5-single-levels/execution
invalid request
None of the data you have requested is available yet, please revise the period requested. The latest date available for this dataset is: 2026-05-31 01:00
[2026-06-05T01:03:39.692+0000] {era5_functions.py:131} WARNING - get_cds_count failed: 400 Client Error: Bad Request for url: https://cds.climate.copernicus.eu/api/retrieve/v1/processes/reanalysis-era5-single-levels/execution
invalid request
None of the data you have requested is available yet, please revise the period requested. The latest date available for this dataset is: 2026-05-31 01:00
[2026-06-05T01:03:39.698+0000] {logging_mixin.py:188} WARNING - 2026-06-05 01:03:39 [WARNING] CDS ยังไม่มีข้อมูล job=accum date=20260605, skip
[2026-06-05T01:03:39.698+0000] {era5_functions.py:335} WARNING - CDS ยังไม่มีข้อมูล job=accum date=20260605, skip
[2026-06-05T01:03:39.702+0000] {logging_mixin.py:188} WARNING - 2026-06-05 01:03:39 [INFO] --- job=accum date=20260604 ---
[2026-06-05T01:03:39.701+0000] {era5_functions.py:330} INFO - --- job=accum date=20260604 ---
[2026-06-05T01:03:40.281+0000] {logging_mixin.py:188} WARNING - 2026-06-05 01:03:40 [WARNING] get_cds_count failed: 400 Client Error: Bad Request for url: https://cds.climate.copernicus.eu/api/retrieve/v1/processes/reanalysis-era5-single-levels/execution
invalid request
None of the data you have requested is available yet, please revise the period requested. The latest date available for this dataset is: 2026-05-31 01:00
[2026-06-05T01:03:40.281+0000] {era5_functions.py:131} WARNING - get_cds_count failed: 400 Client Error: Bad Request for url: https://cds.climate.copernicus.eu/api/retrieve/v1/processes/reanalysis-era5-single-levels/execution
invalid request
None of the data you have requested is available yet, please revise the period requested. The latest date available for this dataset is: 2026-05-31 01:00
[2026-06-05T01:03:40.285+0000] {logging_mixin.py:188} WARNING - 2026-06-05 01:03:40 [WARNING] CDS ยังไม่มีข้อมูล job=accum date=20260604, skip
[2026-06-05T01:03:40.285+0000] {era5_functions.py:335} WARNING - CDS ยังไม่มีข้อมูล job=accum date=20260604, skip
[2026-06-05T01:03:40.287+0000] {logging_mixin.py:188} WARNING - 2026-06-05 01:03:40 [INFO] --- job=accum date=20260603 ---
[2026-06-05T01:03:40.287+0000] {era5_functions.py:330} INFO - --- job=accum date=20260603 ---
[2026-06-05T01:03:41.746+0000] {logging_mixin.py:188} WARNING - 2026-06-05 01:03:41 [WARNING] get_cds_count failed: 400 Client Error: Bad Request for url: https://cds.climate.copernicus.eu/api/retrieve/v1/processes/reanalysis-era5-single-levels/execution
invalid request
None of the data you have requested is available yet, please revise the period requested. The latest date available for this dataset is: 2026-05-31 01:00
[2026-06-05T01:03:41.745+0000] {era5_functions.py:131} WARNING - get_cds_count failed: 400 Client Error: Bad Request for url: https://cds.climate.copernicus.eu/api/retrieve/v1/processes/reanalysis-era5-single-levels/execution
invalid request
None of the data you have requested is available yet, please revise the period requested. The latest date available for this dataset is: 2026-05-31 01:00
[2026-06-05T01:03:41.748+0000] {logging_mixin.py:188} WARNING - 2026-06-05 01:03:41 [WARNING] CDS ยังไม่มีข้อมูล job=accum date=20260603, skip
[2026-06-05T01:03:41.748+0000] {era5_functions.py:335} WARNING - CDS ยังไม่มีข้อมูล job=accum date=20260603, skip
[2026-06-05T01:03:41.751+0000] {logging_mixin.py:188} WARNING - 2026-06-05 01:03:41 [INFO] --- job=accum date=20260602 ---
[2026-06-05T01:03:41.751+0000] {era5_functions.py:330} INFO - --- job=accum date=20260602 ---
[2026-06-05T01:03:44.496+0000] {logging_mixin.py:188} WARNING - 2026-06-05 01:03:44 [WARNING] get_cds_count failed: 400 Client Error: Bad Request for url: https://cds.climate.copernicus.eu/api/retrieve/v1/processes/reanalysis-era5-single-levels/execution
invalid request
None of the data you have requested is available yet, please revise the period requested. The latest date available for this dataset is: 2026-05-31 01:00
[2026-06-05T01:03:44.495+0000] {era5_functions.py:131} WARNING - get_cds_count failed: 400 Client Error: Bad Request for url: https://cds.climate.copernicus.eu/api/retrieve/v1/processes/reanalysis-era5-single-levels/execution
invalid request
None of the data you have requested is available yet, please revise the period requested. The latest date available for this dataset is: 2026-05-31 01:00
[2026-06-05T01:03:44.499+0000] {logging_mixin.py:188} WARNING - 2026-06-05 01:03:44 [WARNING] CDS ยังไม่มีข้อมูล job=accum date=20260602, skip
[2026-06-05T01:03:44.499+0000] {era5_functions.py:335} WARNING - CDS ยังไม่มีข้อมูล job=accum date=20260602, skip
[2026-06-05T01:03:44.501+0000] {logging_mixin.py:188} WARNING - 2026-06-05 01:03:44 [INFO] --- job=accum date=20260601 ---
[2026-06-05T01:03:44.501+0000] {era5_functions.py:330} INFO - --- job=accum date=20260601 ---
[2026-06-05T01:03:45.350+0000] {logging_mixin.py:188} WARNING - 2026-06-05 01:03:45 [WARNING] get_cds_count failed: 400 Client Error: Bad Request for url: https://cds.climate.copernicus.eu/api/retrieve/v1/processes/reanalysis-era5-single-levels/execution
invalid request
None of the data you have requested is available yet, please revise the period requested. The latest date available for this dataset is: 2026-05-31 01:00
[2026-06-05T01:03:45.350+0000] {era5_functions.py:131} WARNING - get_cds_count failed: 400 Client Error: Bad Request for url: https://cds.climate.copernicus.eu/api/retrieve/v1/processes/reanalysis-era5-single-levels/execution
invalid request
None of the data you have requested is available yet, please revise the period requested. The latest date available for this dataset is: 2026-05-31 01:00
[2026-06-05T01:03:45.353+0000] {logging_mixin.py:188} WARNING - 2026-06-05 01:03:45 [WARNING] CDS ยังไม่มีข้อมูล job=accum date=20260601, skip
[2026-06-05T01:03:45.353+0000] {era5_functions.py:335} WARNING - CDS ยังไม่มีข้อมูล job=accum date=20260601, skip
[2026-06-05T01:03:45.357+0000] {logging_mixin.py:188} WARNING - 2026-06-05 01:03:45 [INFO] --- job=accum date=20260531 ---
[2026-06-05T01:03:45.356+0000] {era5_functions.py:330} INFO - --- job=accum date=20260531 ---
[2026-06-05T01:03:47.770+0000] {logging_mixin.py:188} WARNING - 2026-06-05 01:03:47,770 INFO [2025-12-11T00:00:00] Please note that a dedicated catalogue entry for this dataset, post-processed and stored in Analysis Ready Cloud Optimized (ARCO) format (Zarr), is available for optimised time-series retrievals (i.e. for retrieving data from selected variables for a single point over an extended period of time in an efficient way). You can discover it [here](https://cds.climate.copernicus.eu/datasets/reanalysis-era5-single-levels-timeseries?tab=overview)
[2026-06-05T01:03:47.770+0000] {legacy_client.py:192} INFO - [2025-12-11T00:00:00] Please note that a dedicated catalogue entry for this dataset, post-processed and stored in Analysis Ready Cloud Optimized (ARCO) format (Zarr), is available for optimised time-series retrievals (i.e. for retrieving data from selected variables for a single point over an extended period of time in an efficient way). You can discover it [here](https://cds.climate.copernicus.eu/datasets/reanalysis-era5-single-levels-timeseries?tab=overview)
[2026-06-05T01:03:47.774+0000] {logging_mixin.py:188} WARNING - 2026-06-05 01:03:47,773 INFO Request ID is 32190e75-0213-4e4a-9c82-610f68835eab
[2026-06-05T01:03:47.773+0000] {legacy_client.py:192} INFO - Request ID is 32190e75-0213-4e4a-9c82-610f68835eab
[2026-06-05T01:03:47.981+0000] {logging_mixin.py:188} WARNING - 2026-06-05 01:03:47,981 INFO status has been updated to accepted
[2026-06-05T01:03:47.981+0000] {legacy_client.py:192} INFO - status has been updated to accepted
[2026-06-05T01:04:11.588+0000] {logging_mixin.py:188} WARNING - 2026-06-05 01:04:11,588 INFO status has been updated to running
[2026-06-05T01:04:11.588+0000] {legacy_client.py:192} INFO - status has been updated to running
[2026-06-05T01:04:23.191+0000] {logging_mixin.py:188} WARNING - 2026-06-05 01:04:23,190 INFO status has been updated to successful
[2026-06-05T01:04:23.190+0000] {legacy_client.py:192} INFO - status has been updated to successful
[2026-06-05T01:04:23.613+0000] {base.py:119} INFO - Downloading https://object-store.os-api.cci2.ecmwf.int:443/cci2-prod-cache-2/2026-06-05/77897003a5c150b5ab9980860355f22f.nc
[2026-06-05T01:04:24.295+0000] {logging_mixin.py:188} WARNING - 77897003a5c150b5ab9980860355f22f.nc:   0%|          | 0.00/49.1k [00:00<?, ?B/s]
[2026-06-05T01:04:25.625+0000] {logging_mixin.py:188} WARNING - 77897003a5c150b5ab9980860355f22f.nc: 100%|##########| 49.1k/49.1k [00:01<00:00, 37.9kB/s]
[2026-06-05T01:04:25.628+0000] {logging_mixin.py:188} WARNING -                                                                                          
[2026-06-05T01:04:25.894+0000] {logging_mixin.py:188} WARNING - 2026-06-05 01:04:25 [INFO] CDS timestep available: 2
[2026-06-05T01:04:25.894+0000] {era5_functions.py:128} INFO - CDS timestep available: 2
[2026-06-05T01:04:25.954+0000] {logging_mixin.py:188} WARNING - 2026-06-05 01:04:25 [INFO] local timestep: 1 — /opt/***/era5/ecmwf/data/nc/_raw/2026/05/31/accum_20260531.nc
[2026-06-05T01:04:25.953+0000] {era5_functions.py:152} INFO - local timestep: 1 — /opt/***/era5/ecmwf/data/nc/_raw/2026/05/31/accum_20260531.nc
[2026-06-05T01:04:25.961+0000] {logging_mixin.py:188} WARNING - 2026-06-05 01:04:25 [INFO] nc outdated (local=1 < cds=2), removing: /opt/***/era5/ecmwf/data/nc/_raw/2026/05/31/accum_20260531.nc
[2026-06-05T01:04:25.961+0000] {era5_functions.py:193} INFO - nc outdated (local=1 < cds=2), removing: /opt/***/era5/ecmwf/data/nc/_raw/2026/05/31/accum_20260531.nc
[2026-06-05T01:04:25.981+0000] {logging_mixin.py:188} WARNING - 2026-06-05 01:04:25 [INFO] download attempt 1/3: /opt/***/era5/ecmwf/data/nc/_raw/2026/05/31/accum_20260531.nc
[2026-06-05T01:04:25.981+0000] {era5_functions.py:200} INFO - download attempt 1/3: /opt/***/era5/ecmwf/data/nc/_raw/2026/05/31/accum_20260531.nc
[2026-06-05T01:04:26.882+0000] {logging_mixin.py:188} WARNING - 2026-06-05 01:04:26,881 INFO [2025-12-11T00:00:00] Please note that a dedicated catalogue entry for this dataset, post-processed and stored in Analysis Ready Cloud Optimized (ARCO) format (Zarr), is available for optimised time-series retrievals (i.e. for retrieving data from selected variables for a single point over an extended period of time in an efficient way). You can discover it [here](https://cds.climate.copernicus.eu/datasets/reanalysis-era5-single-levels-timeseries?tab=overview)
[2026-06-05T01:04:26.881+0000] {legacy_client.py:192} INFO - [2025-12-11T00:00:00] Please note that a dedicated catalogue entry for this dataset, post-processed and stored in Analysis Ready Cloud Optimized (ARCO) format (Zarr), is available for optimised time-series retrievals (i.e. for retrieving data from selected variables for a single point over an extended period of time in an efficient way). You can discover it [here](https://cds.climate.copernicus.eu/datasets/reanalysis-era5-single-levels-timeseries?tab=overview)
[2026-06-05T01:04:26.885+0000] {logging_mixin.py:188} WARNING - 2026-06-05 01:04:26,885 INFO Request ID is 9381a981-7cb8-4b7a-90ad-24fd56ca147c
[2026-06-05T01:04:26.885+0000] {legacy_client.py:192} INFO - Request ID is 9381a981-7cb8-4b7a-90ad-24fd56ca147c
[2026-06-05T01:04:27.086+0000] {logging_mixin.py:188} WARNING - 2026-06-05 01:04:27,086 INFO status has been updated to accepted
[2026-06-05T01:04:27.086+0000] {legacy_client.py:192} INFO - status has been updated to accepted
[2026-06-05T01:04:41.929+0000] {logging_mixin.py:188} WARNING - 2026-06-05 01:04:41,928 INFO status has been updated to running
[2026-06-05T01:04:41.928+0000] {legacy_client.py:192} INFO - status has been updated to running
[2026-06-05T01:04:49.738+0000] {logging_mixin.py:188} WARNING - 2026-06-05 01:04:49,738 INFO status has been updated to successful
[2026-06-05T01:04:49.738+0000] {legacy_client.py:192} INFO - status has been updated to successful
[2026-06-05T01:04:50.183+0000] {base.py:119} INFO - Downloading https://object-store.os-api.cci2.ecmwf.int:443/cci2-prod-cache-1/2026-06-05/340c574125fcdd2ad47f1aa90a6d7272.nc
[2026-06-05T01:04:51.174+0000] {logging_mixin.py:188} WARNING - 340c574125fcdd2ad47f1aa90a6d7272.nc:   0%|          | 0.00/49.1k [00:00<?, ?B/s]
[2026-06-05T01:04:52.178+0000] {logging_mixin.py:188} WARNING - 340c574125fcdd2ad47f1aa90a6d7272.nc: 100%|##########| 49.1k/49.1k [00:01<00:00, 50.2kB/s]
[2026-06-05T01:04:52.194+0000] {logging_mixin.py:188} WARNING -                                                                                          
[2026-06-05T01:04:52.270+0000] {logging_mixin.py:188} WARNING - 2026-06-05 01:04:52 [INFO] nc downloaded ok: /opt/***/era5/ecmwf/data/nc/_raw/2026/05/31/accum_20260531.nc
[2026-06-05T01:04:52.269+0000] {era5_functions.py:204} INFO - nc downloaded ok: /opt/***/era5/ecmwf/data/nc/_raw/2026/05/31/accum_20260531.nc
[2026-06-05T01:04:52.320+0000] {logging_mixin.py:188} WARNING - 2026-06-05 01:04:52 [INFO] local timestep: 2 — /opt/***/era5/ecmwf/data/nc/_raw/2026/05/31/accum_20260531.nc
[2026-06-05T01:04:52.320+0000] {era5_functions.py:152} INFO - local timestep: 2 — /opt/***/era5/ecmwf/data/nc/_raw/2026/05/31/accum_20260531.nc
[2026-06-05T01:04:52.391+0000] {logging_mixin.py:188} WARNING - 2026-06-05 01:04:52 [INFO] tif outdated (tif=1 < nc=2), removing: /opt/***/era5/ecmwf/data/tif/2026/05/31/tp_20260531.tif
[2026-06-05T01:04:52.391+0000] {era5_functions.py:261} INFO - tif outdated (tif=1 < nc=2), removing: /opt/***/era5/ecmwf/data/tif/2026/05/31/tp_20260531.tif
[2026-06-05T01:04:52.485+0000] {logging_mixin.py:188} WARNING - 2026-06-05 01:04:52 [INFO] tif ok (bands=2): /opt/***/era5/ecmwf/data/tif/2026/05/31/tp_20260531.tif
[2026-06-05T01:04:52.485+0000] {era5_functions.py:304} INFO - tif ok (bands=2): /opt/***/era5/ecmwf/data/tif/2026/05/31/tp_20260531.tif
[2026-06-05T01:04:52.492+0000] {logging_mixin.py:188} WARNING - 2026-06-05 01:04:52 [INFO] === END job=accum date=2026-06-05 ===
[2026-06-05T01:04:52.492+0000] {era5_functions.py:379} INFO - === END job=accum date=2026-06-05 ===
[2026-06-05T01:04:52.494+0000] {python.py:237} INFO - Done. Returned value was: None
[2026-06-05T01:04:52.495+0000] {taskinstance.py:441} INFO - ::group::Post task execution logs
[2026-06-05T01:04:52.510+0000] {taskinstance.py:1206} INFO - Marking task as SUCCESS. dag_id=era5_download_pipeline, task_id=era5_accum, run_id=scheduled__2026-06-05T00:00:00+00:00, execution_date=20260605T000000, start_date=20260605T010337, end_date=20260605T010452
[2026-06-05T01:04:52.570+0000] {local_task_job_runner.py:240} INFO - Task exited with return code 0
[2026-06-05T01:04:52.595+0000] {taskinstance.py:3498} INFO - 0 downstream tasks scheduled from follow-on schedule check
[2026-06-05T01:04:52.598+0000] {local_task_job_runner.py:222} INFO - ::endgroup::
