[2026-07-17T10:02:36.877+0000] {local_task_job_runner.py:120} INFO - ::group::Pre task execution logs
[2026-07-17T10:02:36.902+0000] {taskinstance.py:2076} INFO - Dependencies all met for dep_context=non-requeueable deps ti=<TaskInstance: era5_download_pipeline.era5_accum scheduled__2026-07-17T09:00:00+00:00 [queued]>
[2026-07-17T10:02:36.912+0000] {taskinstance.py:2076} INFO - Dependencies all met for dep_context=requeueable deps ti=<TaskInstance: era5_download_pipeline.era5_accum scheduled__2026-07-17T09:00:00+00:00 [queued]>
[2026-07-17T10:02:36.913+0000] {taskinstance.py:2306} INFO - Starting attempt 1 of 1
[2026-07-17T10:02:36.932+0000] {taskinstance.py:2330} INFO - Executing <Task(PythonOperator): era5_accum> on 2026-07-17 09:00:00+00:00
[2026-07-17T10:02:36.947+0000] {warnings.py:110} WARNING - /home/***/.local/lib/python3.12/site-packages/***/task/task_runner/standard_task_runner.py:61: DeprecationWarning: This process (pid=5081) is multi-threaded, use of fork() may lead to deadlocks in the child.
  pid = os.fork()

[2026-07-17T10:02:36.949+0000] {standard_task_runner.py:63} INFO - Started process 5083 to run task
[2026-07-17T10:02:36.949+0000] {standard_task_runner.py:90} INFO - Running: ['***', 'tasks', 'run', 'era5_download_pipeline', 'era5_accum', 'scheduled__2026-07-17T09:00:00+00:00', '--job-id', '2292', '--raw', '--subdir', 'DAGS_FOLDER/era5_dag.py', '--cfg-path', '/tmp/tmpq3g52w84']
[2026-07-17T10:02:36.954+0000] {standard_task_runner.py:91} INFO - Job 2292: Subtask era5_accum
[2026-07-17T10:02:37.029+0000] {task_command.py:426} INFO - Running <TaskInstance: era5_download_pipeline.era5_accum scheduled__2026-07-17T09:00:00+00:00 [running]> on host 01cd476fb21a
[2026-07-17T10:02:37.173+0000] {taskinstance.py:2648} INFO - Exporting env vars: AIRFLOW_CTX_DAG_OWNER='era5' AIRFLOW_CTX_DAG_ID='era5_download_pipeline' AIRFLOW_CTX_TASK_ID='era5_accum' AIRFLOW_CTX_EXECUTION_DATE='2026-07-17T09:00:00+00:00' AIRFLOW_CTX_TRY_NUMBER='1' AIRFLOW_CTX_DAG_RUN_ID='scheduled__2026-07-17T09:00:00+00:00'
[2026-07-17T10:02:37.178+0000] {taskinstance.py:430} INFO - ::endgroup::
[2026-07-17T10:02:38.311+0000] {logging_mixin.py:188} WARNING - 2026-07-17 10:02:38 [INFO] === START job=accum date=2026-07-17 ===
[2026-07-17T10:02:38.311+0000] {era5_functions.py:368} INFO - === START job=accum date=2026-07-17 ===
[2026-07-17T10:02:38.314+0000] {logging_mixin.py:188} WARNING - 2026-07-17 10:02:38 [INFO] --- job=accum date=20260717 ---
[2026-07-17T10:02:38.314+0000] {era5_functions.py:330} INFO - --- job=accum date=20260717 ---
[2026-07-17T10:02:39.042+0000] {logging_mixin.py:188} WARNING - 2026-07-17 10:02:39 [WARNING] get_cds_count failed: 400 Client Error: Bad Request for url: https://cds.climate.copernicus.eu/api/retrieve/v1/processes/reanalysis-era5-single-levels/execution
invalid request
None of the data you have requested is available yet, please revise the period requested. The latest date available for this dataset is: 2026-07-12 10:00
[2026-07-17T10:02:39.041+0000] {era5_functions.py:131} WARNING - get_cds_count failed: 400 Client Error: Bad Request for url: https://cds.climate.copernicus.eu/api/retrieve/v1/processes/reanalysis-era5-single-levels/execution
invalid request
None of the data you have requested is available yet, please revise the period requested. The latest date available for this dataset is: 2026-07-12 10:00
[2026-07-17T10:02:39.047+0000] {logging_mixin.py:188} WARNING - 2026-07-17 10:02:39 [WARNING] CDS ยังไม่มีข้อมูล job=accum date=20260717, skip
[2026-07-17T10:02:39.046+0000] {era5_functions.py:335} WARNING - CDS ยังไม่มีข้อมูล job=accum date=20260717, skip
[2026-07-17T10:02:39.051+0000] {logging_mixin.py:188} WARNING - 2026-07-17 10:02:39 [INFO] --- job=accum date=20260716 ---
[2026-07-17T10:02:39.051+0000] {era5_functions.py:330} INFO - --- job=accum date=20260716 ---
[2026-07-17T10:02:39.663+0000] {logging_mixin.py:188} WARNING - 2026-07-17 10:02:39 [WARNING] get_cds_count failed: 400 Client Error: Bad Request for url: https://cds.climate.copernicus.eu/api/retrieve/v1/processes/reanalysis-era5-single-levels/execution
invalid request
None of the data you have requested is available yet, please revise the period requested. The latest date available for this dataset is: 2026-07-12 10:00
[2026-07-17T10:02:39.663+0000] {era5_functions.py:131} WARNING - get_cds_count failed: 400 Client Error: Bad Request for url: https://cds.climate.copernicus.eu/api/retrieve/v1/processes/reanalysis-era5-single-levels/execution
invalid request
None of the data you have requested is available yet, please revise the period requested. The latest date available for this dataset is: 2026-07-12 10:00
[2026-07-17T10:02:39.666+0000] {logging_mixin.py:188} WARNING - 2026-07-17 10:02:39 [WARNING] CDS ยังไม่มีข้อมูล job=accum date=20260716, skip
[2026-07-17T10:02:39.666+0000] {era5_functions.py:335} WARNING - CDS ยังไม่มีข้อมูล job=accum date=20260716, skip
[2026-07-17T10:02:39.668+0000] {logging_mixin.py:188} WARNING - 2026-07-17 10:02:39 [INFO] --- job=accum date=20260715 ---
[2026-07-17T10:02:39.668+0000] {era5_functions.py:330} INFO - --- job=accum date=20260715 ---
[2026-07-17T10:02:40.363+0000] {logging_mixin.py:188} WARNING - 2026-07-17 10:02:40 [WARNING] get_cds_count failed: 400 Client Error: Bad Request for url: https://cds.climate.copernicus.eu/api/retrieve/v1/processes/reanalysis-era5-single-levels/execution
invalid request
None of the data you have requested is available yet, please revise the period requested. The latest date available for this dataset is: 2026-07-12 10:00
[2026-07-17T10:02:40.363+0000] {era5_functions.py:131} WARNING - get_cds_count failed: 400 Client Error: Bad Request for url: https://cds.climate.copernicus.eu/api/retrieve/v1/processes/reanalysis-era5-single-levels/execution
invalid request
None of the data you have requested is available yet, please revise the period requested. The latest date available for this dataset is: 2026-07-12 10:00
[2026-07-17T10:02:40.366+0000] {logging_mixin.py:188} WARNING - 2026-07-17 10:02:40 [WARNING] CDS ยังไม่มีข้อมูล job=accum date=20260715, skip
[2026-07-17T10:02:40.366+0000] {era5_functions.py:335} WARNING - CDS ยังไม่มีข้อมูล job=accum date=20260715, skip
[2026-07-17T10:02:40.368+0000] {logging_mixin.py:188} WARNING - 2026-07-17 10:02:40 [INFO] --- job=accum date=20260714 ---
[2026-07-17T10:02:40.368+0000] {era5_functions.py:330} INFO - --- job=accum date=20260714 ---
[2026-07-17T10:02:42.869+0000] {logging_mixin.py:188} WARNING - 2026-07-17 10:02:42 [WARNING] get_cds_count failed: 400 Client Error: Bad Request for url: https://cds.climate.copernicus.eu/api/retrieve/v1/processes/reanalysis-era5-single-levels/execution
invalid request
None of the data you have requested is available yet, please revise the period requested. The latest date available for this dataset is: 2026-07-12 10:00
[2026-07-17T10:02:42.869+0000] {era5_functions.py:131} WARNING - get_cds_count failed: 400 Client Error: Bad Request for url: https://cds.climate.copernicus.eu/api/retrieve/v1/processes/reanalysis-era5-single-levels/execution
invalid request
None of the data you have requested is available yet, please revise the period requested. The latest date available for this dataset is: 2026-07-12 10:00
[2026-07-17T10:02:42.872+0000] {logging_mixin.py:188} WARNING - 2026-07-17 10:02:42 [WARNING] CDS ยังไม่มีข้อมูล job=accum date=20260714, skip
[2026-07-17T10:02:42.872+0000] {era5_functions.py:335} WARNING - CDS ยังไม่มีข้อมูล job=accum date=20260714, skip
[2026-07-17T10:02:42.874+0000] {logging_mixin.py:188} WARNING - 2026-07-17 10:02:42 [INFO] --- job=accum date=20260713 ---
[2026-07-17T10:02:42.874+0000] {era5_functions.py:330} INFO - --- job=accum date=20260713 ---
[2026-07-17T10:02:44.654+0000] {logging_mixin.py:188} WARNING - 2026-07-17 10:02:44 [WARNING] get_cds_count failed: 400 Client Error: Bad Request for url: https://cds.climate.copernicus.eu/api/retrieve/v1/processes/reanalysis-era5-single-levels/execution
invalid request
None of the data you have requested is available yet, please revise the period requested. The latest date available for this dataset is: 2026-07-12 10:00
[2026-07-17T10:02:44.654+0000] {era5_functions.py:131} WARNING - get_cds_count failed: 400 Client Error: Bad Request for url: https://cds.climate.copernicus.eu/api/retrieve/v1/processes/reanalysis-era5-single-levels/execution
invalid request
None of the data you have requested is available yet, please revise the period requested. The latest date available for this dataset is: 2026-07-12 10:00
[2026-07-17T10:02:44.656+0000] {logging_mixin.py:188} WARNING - 2026-07-17 10:02:44 [WARNING] CDS ยังไม่มีข้อมูล job=accum date=20260713, skip
[2026-07-17T10:02:44.656+0000] {era5_functions.py:335} WARNING - CDS ยังไม่มีข้อมูล job=accum date=20260713, skip
[2026-07-17T10:02:44.657+0000] {logging_mixin.py:188} WARNING - 2026-07-17 10:02:44 [INFO] --- job=accum date=20260712 ---
[2026-07-17T10:02:44.657+0000] {era5_functions.py:330} INFO - --- job=accum date=20260712 ---
[2026-07-17T10:02:46.760+0000] {logging_mixin.py:188} WARNING - 2026-07-17 10:02:46,760 INFO Request ID is 3f527213-c138-4ce5-835c-03f81b638fc9
[2026-07-17T10:02:46.760+0000] {legacy_client.py:192} INFO - Request ID is 3f527213-c138-4ce5-835c-03f81b638fc9
[2026-07-17T10:02:46.995+0000] {logging_mixin.py:188} WARNING - 2026-07-17 10:02:46,995 INFO status has been updated to accepted
[2026-07-17T10:02:46.995+0000] {legacy_client.py:192} INFO - status has been updated to accepted
[2026-07-17T10:03:21.903+0000] {logging_mixin.py:188} WARNING - 2026-07-17 10:03:21,903 INFO status has been updated to successful
[2026-07-17T10:03:21.903+0000] {legacy_client.py:192} INFO - status has been updated to successful
[2026-07-17T10:03:23.413+0000] {base.py:119} INFO - Downloading https://object-store.os-api.cci2.ecmwf.int:443/cci2-prod-cache-3/2026-07-17/faa8c5f9a7566d407e5b5c2d128a1c77.nc
[2026-07-17T10:03:24.121+0000] {logging_mixin.py:188} WARNING - faa8c5f9a7566d407e5b5c2d128a1c77.nc:   0%|          | 0.00/180k [00:00<?, ?B/s]
[2026-07-17T10:03:25.652+0000] {logging_mixin.py:188} WARNING - faa8c5f9a7566d407e5b5c2d128a1c77.nc: 100%|##########| 180k/180k [00:01<00:00, 121kB/s]
[2026-07-17T10:03:25.656+0000] {logging_mixin.py:188} WARNING -                                                                                       
[2026-07-17T10:03:25.938+0000] {logging_mixin.py:188} WARNING - 2026-07-17 10:03:25 [INFO] CDS timestep available: 11
[2026-07-17T10:03:25.938+0000] {era5_functions.py:128} INFO - CDS timestep available: 11
[2026-07-17T10:03:25.988+0000] {logging_mixin.py:188} WARNING - 2026-07-17 10:03:25 [INFO] local timestep: 10 — /opt/***/era5/ecmwf/data/nc/_raw/2026/07/12/accum_20260712.nc
[2026-07-17T10:03:25.988+0000] {era5_functions.py:152} INFO - local timestep: 10 — /opt/***/era5/ecmwf/data/nc/_raw/2026/07/12/accum_20260712.nc
[2026-07-17T10:03:25.995+0000] {logging_mixin.py:188} WARNING - 2026-07-17 10:03:25 [INFO] nc outdated (local=10 < cds=11), removing: /opt/***/era5/ecmwf/data/nc/_raw/2026/07/12/accum_20260712.nc
[2026-07-17T10:03:25.995+0000] {era5_functions.py:193} INFO - nc outdated (local=10 < cds=11), removing: /opt/***/era5/ecmwf/data/nc/_raw/2026/07/12/accum_20260712.nc
[2026-07-17T10:03:26.014+0000] {logging_mixin.py:188} WARNING - 2026-07-17 10:03:26 [INFO] download attempt 1/3: /opt/***/era5/ecmwf/data/nc/_raw/2026/07/12/accum_20260712.nc
[2026-07-17T10:03:26.013+0000] {era5_functions.py:200} INFO - download attempt 1/3: /opt/***/era5/ecmwf/data/nc/_raw/2026/07/12/accum_20260712.nc
[2026-07-17T10:03:26.860+0000] {logging_mixin.py:188} WARNING - 2026-07-17 10:03:26,860 INFO Request ID is 32cce6ff-3d8f-4f25-886b-f93da2890188
[2026-07-17T10:03:26.860+0000] {legacy_client.py:192} INFO - Request ID is 32cce6ff-3d8f-4f25-886b-f93da2890188
[2026-07-17T10:03:27.075+0000] {logging_mixin.py:188} WARNING - 2026-07-17 10:03:27,075 INFO status has been updated to accepted
[2026-07-17T10:03:27.075+0000] {legacy_client.py:192} INFO - status has been updated to accepted
[2026-07-17T10:03:49.975+0000] {logging_mixin.py:188} WARNING - 2026-07-17 10:03:49,975 INFO status has been updated to running
[2026-07-17T10:03:49.975+0000] {legacy_client.py:192} INFO - status has been updated to running
[2026-07-17T10:04:01.813+0000] {logging_mixin.py:188} WARNING - 2026-07-17 10:04:01,813 INFO status has been updated to successful
[2026-07-17T10:04:01.813+0000] {legacy_client.py:192} INFO - status has been updated to successful
[2026-07-17T10:04:02.610+0000] {base.py:119} INFO - Downloading https://object-store.os-api.cci2.ecmwf.int:443/cci2-prod-cache-2/2026-07-17/9949d384c9091083a805119cef1c6d4f.nc
[2026-07-17T10:04:03.580+0000] {logging_mixin.py:188} WARNING - 9949d384c9091083a805119cef1c6d4f.nc:   0%|          | 0.00/180k [00:00<?, ?B/s]
[2026-07-17T10:04:04.792+0000] {logging_mixin.py:188} WARNING - 9949d384c9091083a805119cef1c6d4f.nc: 100%|##########| 180k/180k [00:01<00:00, 152kB/s]
[2026-07-17T10:04:04.802+0000] {logging_mixin.py:188} WARNING -                                                                                       
[2026-07-17T10:04:04.877+0000] {logging_mixin.py:188} WARNING - 2026-07-17 10:04:04 [INFO] nc downloaded ok: /opt/***/era5/ecmwf/data/nc/_raw/2026/07/12/accum_20260712.nc
[2026-07-17T10:04:04.877+0000] {era5_functions.py:204} INFO - nc downloaded ok: /opt/***/era5/ecmwf/data/nc/_raw/2026/07/12/accum_20260712.nc
[2026-07-17T10:04:04.918+0000] {logging_mixin.py:188} WARNING - 2026-07-17 10:04:04 [INFO] local timestep: 11 — /opt/***/era5/ecmwf/data/nc/_raw/2026/07/12/accum_20260712.nc
[2026-07-17T10:04:04.917+0000] {era5_functions.py:152} INFO - local timestep: 11 — /opt/***/era5/ecmwf/data/nc/_raw/2026/07/12/accum_20260712.nc
[2026-07-17T10:04:04.969+0000] {logging_mixin.py:188} WARNING - 2026-07-17 10:04:04 [INFO] tif outdated (tif=10 < nc=11), removing: /opt/***/era5/ecmwf/data/tif/2026/07/12/tp_20260712.tif
[2026-07-17T10:04:04.969+0000] {era5_functions.py:261} INFO - tif outdated (tif=10 < nc=11), removing: /opt/***/era5/ecmwf/data/tif/2026/07/12/tp_20260712.tif
[2026-07-17T10:04:05.037+0000] {logging_mixin.py:188} WARNING - 2026-07-17 10:04:05 [INFO] tif ok (bands=11): /opt/***/era5/ecmwf/data/tif/2026/07/12/tp_20260712.tif
[2026-07-17T10:04:05.036+0000] {era5_functions.py:304} INFO - tif ok (bands=11): /opt/***/era5/ecmwf/data/tif/2026/07/12/tp_20260712.tif
[2026-07-17T10:04:05.040+0000] {logging_mixin.py:188} WARNING - 2026-07-17 10:04:05 [INFO] === END job=accum date=2026-07-17 ===
[2026-07-17T10:04:05.040+0000] {era5_functions.py:379} INFO - === END job=accum date=2026-07-17 ===
[2026-07-17T10:04:05.041+0000] {python.py:237} INFO - Done. Returned value was: None
[2026-07-17T10:04:05.042+0000] {taskinstance.py:441} INFO - ::group::Post task execution logs
[2026-07-17T10:04:05.050+0000] {taskinstance.py:1206} INFO - Marking task as SUCCESS. dag_id=era5_download_pipeline, task_id=era5_accum, run_id=scheduled__2026-07-17T09:00:00+00:00, execution_date=20260717T090000, start_date=20260717T100236, end_date=20260717T100405
[2026-07-17T10:04:05.117+0000] {local_task_job_runner.py:240} INFO - Task exited with return code 0
[2026-07-17T10:04:05.134+0000] {taskinstance.py:3498} INFO - 0 downstream tasks scheduled from follow-on schedule check
[2026-07-17T10:04:05.136+0000] {local_task_job_runner.py:222} INFO - ::endgroup::
