[2026-06-13T08:00:02.541+0000] {local_task_job_runner.py:120} INFO - ::group::Pre task execution logs
[2026-06-13T08:00:02.575+0000] {taskinstance.py:2076} INFO - Dependencies all met for dep_context=non-requeueable deps ti=<TaskInstance: era5_download_pipeline.era5_instant scheduled__2026-06-13T07:00:00+00:00 [queued]>
[2026-06-13T08:00:02.593+0000] {taskinstance.py:2076} INFO - Dependencies all met for dep_context=requeueable deps ti=<TaskInstance: era5_download_pipeline.era5_instant scheduled__2026-06-13T07:00:00+00:00 [queued]>
[2026-06-13T08:00:02.596+0000] {taskinstance.py:2306} INFO - Starting attempt 1 of 1
[2026-06-13T08:00:02.625+0000] {taskinstance.py:2330} INFO - Executing <Task(PythonOperator): era5_instant> on 2026-06-13 07:00:00+00:00
[2026-06-13T08:00:02.638+0000] {warnings.py:110} WARNING - /home/***/.local/lib/python3.12/site-packages/***/task/task_runner/standard_task_runner.py:61: DeprecationWarning: This process (pid=37526) is multi-threaded, use of fork() may lead to deadlocks in the child.
  pid = os.fork()

[2026-06-13T08:00:02.641+0000] {standard_task_runner.py:63} INFO - Started process 37531 to run task
[2026-06-13T08:00:02.642+0000] {standard_task_runner.py:90} INFO - Running: ['***', 'tasks', 'run', 'era5_download_pipeline', 'era5_instant', 'scheduled__2026-06-13T07:00:00+00:00', '--job-id', '1468', '--raw', '--subdir', 'DAGS_FOLDER/era5_dag.py', '--cfg-path', '/tmp/tmp4rsyfzre']
[2026-06-13T08:00:02.646+0000] {standard_task_runner.py:91} INFO - Job 1468: Subtask era5_instant
[2026-06-13T08:00:02.724+0000] {task_command.py:426} INFO - Running <TaskInstance: era5_download_pipeline.era5_instant scheduled__2026-06-13T07:00:00+00:00 [running]> on host 01cd476fb21a
[2026-06-13T08:00:02.850+0000] {taskinstance.py:2648} INFO - Exporting env vars: AIRFLOW_CTX_DAG_OWNER='era5' AIRFLOW_CTX_DAG_ID='era5_download_pipeline' AIRFLOW_CTX_TASK_ID='era5_instant' AIRFLOW_CTX_EXECUTION_DATE='2026-06-13T07:00:00+00:00' AIRFLOW_CTX_TRY_NUMBER='1' AIRFLOW_CTX_DAG_RUN_ID='scheduled__2026-06-13T07:00:00+00:00'
[2026-06-13T08:00:02.853+0000] {taskinstance.py:430} INFO - ::endgroup::
[2026-06-13T08:00:03.920+0000] {logging_mixin.py:188} WARNING - 2026-06-13 08:00:03,919 INFO [2026-06-11T00:00:00Z] Upcoming essential maintenance sessions on Data Stores underlying infrastructure on 15 June. Service disruption expected. For further details, please [visit our forum announcement](https://forum.ecmwf.int/t/upcoming-essential-maintenance-sessions-on-data-stores-underlying-infrastructure-part-2/150414).
[2026-06-13T08:00:03.919+0000] {legacy_client.py:192} INFO - [2026-06-11T00:00:00Z] Upcoming essential maintenance sessions on Data Stores underlying infrastructure on 15 June. Service disruption expected. For further details, please [visit our forum announcement](https://forum.ecmwf.int/t/upcoming-essential-maintenance-sessions-on-data-stores-underlying-infrastructure-part-2/150414).
[2026-06-13T08:00:03.931+0000] {logging_mixin.py:188} WARNING - 2026-06-13 08:00:03 [INFO] === START job=instant date=2026-06-13 ===
[2026-06-13T08:00:03.931+0000] {era5_functions.py:368} INFO - === START job=instant date=2026-06-13 ===
[2026-06-13T08:00:03.934+0000] {logging_mixin.py:188} WARNING - 2026-06-13 08:00:03 [INFO] --- job=instant date=20260613 ---
[2026-06-13T08:00:03.933+0000] {era5_functions.py:330} INFO - --- job=instant date=20260613 ---
[2026-06-13T08:00:06.561+0000] {logging_mixin.py:188} WARNING - 2026-06-13 08:00:06 [WARNING] get_cds_count failed: 400 Client Error: Bad Request for url: https://cds.climate.copernicus.eu/api/retrieve/v1/processes/reanalysis-era5-single-levels/execution
invalid request
None of the data you have requested is available yet, please revise the period requested. The latest date available for this dataset is: 2026-06-08 08:00
[2026-06-13T08:00:06.561+0000] {era5_functions.py:131} WARNING - get_cds_count failed: 400 Client Error: Bad Request for url: https://cds.climate.copernicus.eu/api/retrieve/v1/processes/reanalysis-era5-single-levels/execution
invalid request
None of the data you have requested is available yet, please revise the period requested. The latest date available for this dataset is: 2026-06-08 08:00
[2026-06-13T08:00:06.565+0000] {logging_mixin.py:188} WARNING - 2026-06-13 08:00:06 [WARNING] CDS ยังไม่มีข้อมูล job=instant date=20260613, skip
[2026-06-13T08:00:06.565+0000] {era5_functions.py:335} WARNING - CDS ยังไม่มีข้อมูล job=instant date=20260613, skip
[2026-06-13T08:00:06.568+0000] {logging_mixin.py:188} WARNING - 2026-06-13 08:00:06 [INFO] --- job=instant date=20260612 ---
[2026-06-13T08:00:06.567+0000] {era5_functions.py:330} INFO - --- job=instant date=20260612 ---
[2026-06-13T08:00:06.996+0000] {logging_mixin.py:188} WARNING - 2026-06-13 08:00:06 [WARNING] get_cds_count failed: 400 Client Error: Bad Request for url: https://cds.climate.copernicus.eu/api/retrieve/v1/processes/reanalysis-era5-single-levels/execution
invalid request
None of the data you have requested is available yet, please revise the period requested. The latest date available for this dataset is: 2026-06-08 08:00
[2026-06-13T08:00:06.995+0000] {era5_functions.py:131} WARNING - get_cds_count failed: 400 Client Error: Bad Request for url: https://cds.climate.copernicus.eu/api/retrieve/v1/processes/reanalysis-era5-single-levels/execution
invalid request
None of the data you have requested is available yet, please revise the period requested. The latest date available for this dataset is: 2026-06-08 08:00
[2026-06-13T08:00:07.000+0000] {logging_mixin.py:188} WARNING - 2026-06-13 08:00:07 [WARNING] CDS ยังไม่มีข้อมูล job=instant date=20260612, skip
[2026-06-13T08:00:07.000+0000] {era5_functions.py:335} WARNING - CDS ยังไม่มีข้อมูล job=instant date=20260612, skip
[2026-06-13T08:00:07.004+0000] {logging_mixin.py:188} WARNING - 2026-06-13 08:00:07 [INFO] --- job=instant date=20260611 ---
[2026-06-13T08:00:07.004+0000] {era5_functions.py:330} INFO - --- job=instant date=20260611 ---
[2026-06-13T08:00:09.613+0000] {logging_mixin.py:188} WARNING - 2026-06-13 08:00:09 [WARNING] get_cds_count failed: 400 Client Error: Bad Request for url: https://cds.climate.copernicus.eu/api/retrieve/v1/processes/reanalysis-era5-single-levels/execution
invalid request
None of the data you have requested is available yet, please revise the period requested. The latest date available for this dataset is: 2026-06-08 08:00
[2026-06-13T08:00:09.612+0000] {era5_functions.py:131} WARNING - get_cds_count failed: 400 Client Error: Bad Request for url: https://cds.climate.copernicus.eu/api/retrieve/v1/processes/reanalysis-era5-single-levels/execution
invalid request
None of the data you have requested is available yet, please revise the period requested. The latest date available for this dataset is: 2026-06-08 08:00
[2026-06-13T08:00:09.616+0000] {logging_mixin.py:188} WARNING - 2026-06-13 08:00:09 [WARNING] CDS ยังไม่มีข้อมูล job=instant date=20260611, skip
[2026-06-13T08:00:09.616+0000] {era5_functions.py:335} WARNING - CDS ยังไม่มีข้อมูล job=instant date=20260611, skip
[2026-06-13T08:00:09.618+0000] {logging_mixin.py:188} WARNING - 2026-06-13 08:00:09 [INFO] --- job=instant date=20260610 ---
[2026-06-13T08:00:09.618+0000] {era5_functions.py:330} INFO - --- job=instant date=20260610 ---
[2026-06-13T08:00:12.088+0000] {logging_mixin.py:188} WARNING - 2026-06-13 08:00:12 [WARNING] get_cds_count failed: 400 Client Error: Bad Request for url: https://cds.climate.copernicus.eu/api/retrieve/v1/processes/reanalysis-era5-single-levels/execution
invalid request
None of the data you have requested is available yet, please revise the period requested. The latest date available for this dataset is: 2026-06-08 08:00
[2026-06-13T08:00:12.088+0000] {era5_functions.py:131} WARNING - get_cds_count failed: 400 Client Error: Bad Request for url: https://cds.climate.copernicus.eu/api/retrieve/v1/processes/reanalysis-era5-single-levels/execution
invalid request
None of the data you have requested is available yet, please revise the period requested. The latest date available for this dataset is: 2026-06-08 08:00
[2026-06-13T08:00:12.090+0000] {logging_mixin.py:188} WARNING - 2026-06-13 08:00:12 [WARNING] CDS ยังไม่มีข้อมูล job=instant date=20260610, skip
[2026-06-13T08:00:12.090+0000] {era5_functions.py:335} WARNING - CDS ยังไม่มีข้อมูล job=instant date=20260610, skip
[2026-06-13T08:00:12.093+0000] {logging_mixin.py:188} WARNING - 2026-06-13 08:00:12 [INFO] --- job=instant date=20260609 ---
[2026-06-13T08:00:12.092+0000] {era5_functions.py:330} INFO - --- job=instant date=20260609 ---
[2026-06-13T08:00:12.880+0000] {logging_mixin.py:188} WARNING - 2026-06-13 08:00:12 [WARNING] get_cds_count failed: 400 Client Error: Bad Request for url: https://cds.climate.copernicus.eu/api/retrieve/v1/processes/reanalysis-era5-single-levels/execution
invalid request
None of the data you have requested is available yet, please revise the period requested. The latest date available for this dataset is: 2026-06-08 08:00
[2026-06-13T08:00:12.880+0000] {era5_functions.py:131} WARNING - get_cds_count failed: 400 Client Error: Bad Request for url: https://cds.climate.copernicus.eu/api/retrieve/v1/processes/reanalysis-era5-single-levels/execution
invalid request
None of the data you have requested is available yet, please revise the period requested. The latest date available for this dataset is: 2026-06-08 08:00
[2026-06-13T08:00:12.885+0000] {logging_mixin.py:188} WARNING - 2026-06-13 08:00:12 [WARNING] CDS ยังไม่มีข้อมูล job=instant date=20260609, skip
[2026-06-13T08:00:12.885+0000] {era5_functions.py:335} WARNING - CDS ยังไม่มีข้อมูล job=instant date=20260609, skip
[2026-06-13T08:00:12.888+0000] {logging_mixin.py:188} WARNING - 2026-06-13 08:00:12 [INFO] --- job=instant date=20260608 ---
[2026-06-13T08:00:12.888+0000] {era5_functions.py:330} INFO - --- job=instant date=20260608 ---
[2026-06-13T08:00:14.048+0000] {logging_mixin.py:188} WARNING - 2026-06-13 08:00:14,048 INFO [2025-12-11T00:00:00] Please note that a dedicated catalogue entry for this dataset, post-processed and stored in Analysis Ready Cloud Optimized (ARCO) format (Zarr), is available for optimised time-series retrievals (i.e. for retrieving data from selected variables for a single point over an extended period of time in an efficient way). You can discover it [here](https://cds.climate.copernicus.eu/datasets/reanalysis-era5-single-levels-timeseries?tab=overview)
[2026-06-13T08:00:14.048+0000] {legacy_client.py:192} INFO - [2025-12-11T00:00:00] Please note that a dedicated catalogue entry for this dataset, post-processed and stored in Analysis Ready Cloud Optimized (ARCO) format (Zarr), is available for optimised time-series retrievals (i.e. for retrieving data from selected variables for a single point over an extended period of time in an efficient way). You can discover it [here](https://cds.climate.copernicus.eu/datasets/reanalysis-era5-single-levels-timeseries?tab=overview)
[2026-06-13T08:00:14.053+0000] {logging_mixin.py:188} WARNING - 2026-06-13 08:00:14,053 INFO Request ID is b49834f1-c71a-4a38-8690-6632c440bea9
[2026-06-13T08:00:14.053+0000] {legacy_client.py:192} INFO - Request ID is b49834f1-c71a-4a38-8690-6632c440bea9
[2026-06-13T08:00:14.287+0000] {logging_mixin.py:188} WARNING - 2026-06-13 08:00:14,286 INFO status has been updated to accepted
[2026-06-13T08:00:14.286+0000] {legacy_client.py:192} INFO - status has been updated to accepted
[2026-06-13T08:00:29.074+0000] {logging_mixin.py:188} WARNING - 2026-06-13 08:00:29,074 INFO status has been updated to running
[2026-06-13T08:00:29.074+0000] {legacy_client.py:192} INFO - status has been updated to running
[2026-06-13T08:00:48.696+0000] {logging_mixin.py:188} WARNING - 2026-06-13 08:00:48,695 INFO status has been updated to successful
[2026-06-13T08:00:48.695+0000] {legacy_client.py:192} INFO - status has been updated to successful
[2026-06-13T08:00:49.967+0000] {base.py:119} INFO - Downloading https://object-store.os-api.cci2.ecmwf.int:443/cci2-prod-cache-1/2026-06-13/8b8539b7aaed6cb37001e51b41dc3626.nc
[2026-06-13T08:00:50.644+0000] {logging_mixin.py:188} WARNING - 8b8539b7aaed6cb37001e51b41dc3626.nc:   0%|          | 0.00/1.00M [00:00<?, ?B/s]
[2026-06-13T08:00:52.417+0000] {logging_mixin.py:188} WARNING - 8b8539b7aaed6cb37001e51b41dc3626.nc: 100%|#########9| 1.00M/1.00M [00:01<00:00, 592kB/s]
[2026-06-13T08:00:52.422+0000] {logging_mixin.py:188} WARNING -                                                                                         
[2026-06-13T08:00:52.715+0000] {logging_mixin.py:188} WARNING - 2026-06-13 08:00:52 [INFO] CDS timestep available: 9
[2026-06-13T08:00:52.715+0000] {era5_functions.py:128} INFO - CDS timestep available: 9
[2026-06-13T08:00:52.801+0000] {logging_mixin.py:188} WARNING - 2026-06-13 08:00:52 [INFO] local timestep: 8 — /opt/***/era5/ecmwf/data/nc/_raw/2026/06/08/instant_20260608.nc
[2026-06-13T08:00:52.800+0000] {era5_functions.py:152} INFO - local timestep: 8 — /opt/***/era5/ecmwf/data/nc/_raw/2026/06/08/instant_20260608.nc
[2026-06-13T08:00:52.807+0000] {logging_mixin.py:188} WARNING - 2026-06-13 08:00:52 [INFO] nc outdated (local=8 < cds=9), removing: /opt/***/era5/ecmwf/data/nc/_raw/2026/06/08/instant_20260608.nc
[2026-06-13T08:00:52.807+0000] {era5_functions.py:193} INFO - nc outdated (local=8 < cds=9), removing: /opt/***/era5/ecmwf/data/nc/_raw/2026/06/08/instant_20260608.nc
[2026-06-13T08:00:52.828+0000] {logging_mixin.py:188} WARNING - 2026-06-13 08:00:52 [INFO] download attempt 1/3: /opt/***/era5/ecmwf/data/nc/_raw/2026/06/08/instant_20260608.nc
[2026-06-13T08:00:52.828+0000] {era5_functions.py:200} INFO - download attempt 1/3: /opt/***/era5/ecmwf/data/nc/_raw/2026/06/08/instant_20260608.nc
[2026-06-13T08:00:56.354+0000] {logging_mixin.py:188} WARNING - 2026-06-13 08:00:56,354 INFO [2025-12-11T00:00:00] Please note that a dedicated catalogue entry for this dataset, post-processed and stored in Analysis Ready Cloud Optimized (ARCO) format (Zarr), is available for optimised time-series retrievals (i.e. for retrieving data from selected variables for a single point over an extended period of time in an efficient way). You can discover it [here](https://cds.climate.copernicus.eu/datasets/reanalysis-era5-single-levels-timeseries?tab=overview)
[2026-06-13T08:00:56.354+0000] {legacy_client.py:192} INFO - [2025-12-11T00:00:00] Please note that a dedicated catalogue entry for this dataset, post-processed and stored in Analysis Ready Cloud Optimized (ARCO) format (Zarr), is available for optimised time-series retrievals (i.e. for retrieving data from selected variables for a single point over an extended period of time in an efficient way). You can discover it [here](https://cds.climate.copernicus.eu/datasets/reanalysis-era5-single-levels-timeseries?tab=overview)
[2026-06-13T08:00:56.360+0000] {logging_mixin.py:188} WARNING - 2026-06-13 08:00:56,359 INFO Request ID is bfeb0e69-c999-4450-8cec-c904d807872b
[2026-06-13T08:00:56.359+0000] {legacy_client.py:192} INFO - Request ID is bfeb0e69-c999-4450-8cec-c904d807872b
[2026-06-13T08:00:56.954+0000] {logging_mixin.py:188} WARNING - 2026-06-13 08:00:56,953 INFO status has been updated to accepted
[2026-06-13T08:00:56.953+0000] {legacy_client.py:192} INFO - status has been updated to accepted
[2026-06-13T08:01:06.703+0000] {logging_mixin.py:188} WARNING - 2026-06-13 08:01:06,703 INFO status has been updated to running
[2026-06-13T08:01:06.703+0000] {legacy_client.py:192} INFO - status has been updated to running
[2026-06-13T08:01:19.830+0000] {logging_mixin.py:188} WARNING - 2026-06-13 08:01:19,829 INFO status has been updated to successful
[2026-06-13T08:01:19.829+0000] {legacy_client.py:192} INFO - status has been updated to successful
[2026-06-13T08:01:20.638+0000] {base.py:119} INFO - Downloading https://object-store.os-api.cci2.ecmwf.int:443/cci2-prod-cache-3/2026-06-13/c37513f505948cfb9358ecac0993327a.nc
[2026-06-13T08:01:21.312+0000] {logging_mixin.py:188} WARNING - c37513f505948cfb9358ecac0993327a.nc:   0%|          | 0.00/1.00M [00:00<?, ?B/s]
[2026-06-13T08:01:23.087+0000] {logging_mixin.py:188} WARNING - c37513f505948cfb9358ecac0993327a.nc: 100%|#########9| 1.00M/1.00M [00:01<00:00, 592kB/s]
[2026-06-13T08:01:23.109+0000] {logging_mixin.py:188} WARNING -                                                                                         
[2026-06-13T08:01:23.246+0000] {logging_mixin.py:188} WARNING - 2026-06-13 08:01:23 [INFO] nc downloaded ok: /opt/***/era5/ecmwf/data/nc/_raw/2026/06/08/instant_20260608.nc
[2026-06-13T08:01:23.246+0000] {era5_functions.py:204} INFO - nc downloaded ok: /opt/***/era5/ecmwf/data/nc/_raw/2026/06/08/instant_20260608.nc
[2026-06-13T08:01:23.344+0000] {logging_mixin.py:188} WARNING - 2026-06-13 08:01:23 [INFO] local timestep: 9 — /opt/***/era5/ecmwf/data/nc/_raw/2026/06/08/instant_20260608.nc
[2026-06-13T08:01:23.344+0000] {era5_functions.py:152} INFO - local timestep: 9 — /opt/***/era5/ecmwf/data/nc/_raw/2026/06/08/instant_20260608.nc
[2026-06-13T08:01:23.450+0000] {logging_mixin.py:188} WARNING - 2026-06-13 08:01:23 [INFO] tif outdated (tif=8 < nc=9), removing: /opt/***/era5/ecmwf/data/tif/2026/06/08/t2m_20260608.tif
[2026-06-13T08:01:23.450+0000] {era5_functions.py:261} INFO - tif outdated (tif=8 < nc=9), removing: /opt/***/era5/ecmwf/data/tif/2026/06/08/t2m_20260608.tif
[2026-06-13T08:01:23.538+0000] {logging_mixin.py:188} WARNING - 2026-06-13 08:01:23 [INFO] tif ok (bands=9): /opt/***/era5/ecmwf/data/tif/2026/06/08/t2m_20260608.tif
[2026-06-13T08:01:23.538+0000] {era5_functions.py:304} INFO - tif ok (bands=9): /opt/***/era5/ecmwf/data/tif/2026/06/08/t2m_20260608.tif
[2026-06-13T08:01:23.558+0000] {logging_mixin.py:188} WARNING - 2026-06-13 08:01:23 [INFO] tif outdated (tif=8 < nc=9), removing: /opt/***/era5/ecmwf/data/tif/2026/06/08/d2m_20260608.tif
[2026-06-13T08:01:23.558+0000] {era5_functions.py:261} INFO - tif outdated (tif=8 < nc=9), removing: /opt/***/era5/ecmwf/data/tif/2026/06/08/d2m_20260608.tif
[2026-06-13T08:01:23.667+0000] {logging_mixin.py:188} WARNING - 2026-06-13 08:01:23 [INFO] tif ok (bands=9): /opt/***/era5/ecmwf/data/tif/2026/06/08/d2m_20260608.tif
[2026-06-13T08:01:23.667+0000] {era5_functions.py:304} INFO - tif ok (bands=9): /opt/***/era5/ecmwf/data/tif/2026/06/08/d2m_20260608.tif
[2026-06-13T08:01:23.686+0000] {logging_mixin.py:188} WARNING - 2026-06-13 08:01:23 [INFO] tif outdated (tif=8 < nc=9), removing: /opt/***/era5/ecmwf/data/tif/2026/06/08/sp_20260608.tif
[2026-06-13T08:01:23.686+0000] {era5_functions.py:261} INFO - tif outdated (tif=8 < nc=9), removing: /opt/***/era5/ecmwf/data/tif/2026/06/08/sp_20260608.tif
[2026-06-13T08:01:23.771+0000] {logging_mixin.py:188} WARNING - 2026-06-13 08:01:23 [INFO] tif ok (bands=9): /opt/***/era5/ecmwf/data/tif/2026/06/08/sp_20260608.tif
[2026-06-13T08:01:23.771+0000] {era5_functions.py:304} INFO - tif ok (bands=9): /opt/***/era5/ecmwf/data/tif/2026/06/08/sp_20260608.tif
[2026-06-13T08:01:23.788+0000] {logging_mixin.py:188} WARNING - 2026-06-13 08:01:23 [INFO] tif outdated (tif=8 < nc=9), removing: /opt/***/era5/ecmwf/data/tif/2026/06/08/blh_20260608.tif
[2026-06-13T08:01:23.788+0000] {era5_functions.py:261} INFO - tif outdated (tif=8 < nc=9), removing: /opt/***/era5/ecmwf/data/tif/2026/06/08/blh_20260608.tif
[2026-06-13T08:01:23.879+0000] {logging_mixin.py:188} WARNING - 2026-06-13 08:01:23 [INFO] tif ok (bands=9): /opt/***/era5/ecmwf/data/tif/2026/06/08/blh_20260608.tif
[2026-06-13T08:01:23.879+0000] {era5_functions.py:304} INFO - tif ok (bands=9): /opt/***/era5/ecmwf/data/tif/2026/06/08/blh_20260608.tif
[2026-06-13T08:01:23.896+0000] {logging_mixin.py:188} WARNING - 2026-06-13 08:01:23 [INFO] tif outdated (tif=8 < nc=9), removing: /opt/***/era5/ecmwf/data/tif/2026/06/08/u10_20260608.tif
[2026-06-13T08:01:23.896+0000] {era5_functions.py:261} INFO - tif outdated (tif=8 < nc=9), removing: /opt/***/era5/ecmwf/data/tif/2026/06/08/u10_20260608.tif
[2026-06-13T08:01:23.988+0000] {logging_mixin.py:188} WARNING - 2026-06-13 08:01:23 [INFO] tif ok (bands=9): /opt/***/era5/ecmwf/data/tif/2026/06/08/u10_20260608.tif
[2026-06-13T08:01:23.987+0000] {era5_functions.py:304} INFO - tif ok (bands=9): /opt/***/era5/ecmwf/data/tif/2026/06/08/u10_20260608.tif
[2026-06-13T08:01:24.012+0000] {logging_mixin.py:188} WARNING - 2026-06-13 08:01:24 [INFO] tif outdated (tif=8 < nc=9), removing: /opt/***/era5/ecmwf/data/tif/2026/06/08/v10_20260608.tif
[2026-06-13T08:01:24.012+0000] {era5_functions.py:261} INFO - tif outdated (tif=8 < nc=9), removing: /opt/***/era5/ecmwf/data/tif/2026/06/08/v10_20260608.tif
[2026-06-13T08:01:24.118+0000] {logging_mixin.py:188} WARNING - 2026-06-13 08:01:24 [INFO] tif ok (bands=9): /opt/***/era5/ecmwf/data/tif/2026/06/08/v10_20260608.tif
[2026-06-13T08:01:24.118+0000] {era5_functions.py:304} INFO - tif ok (bands=9): /opt/***/era5/ecmwf/data/tif/2026/06/08/v10_20260608.tif
[2026-06-13T08:01:24.123+0000] {logging_mixin.py:188} WARNING - 2026-06-13 08:01:24 [INFO] === END job=instant date=2026-06-13 ===
[2026-06-13T08:01:24.123+0000] {era5_functions.py:379} INFO - === END job=instant date=2026-06-13 ===
[2026-06-13T08:01:24.125+0000] {python.py:237} INFO - Done. Returned value was: None
[2026-06-13T08:01:24.126+0000] {taskinstance.py:441} INFO - ::group::Post task execution logs
[2026-06-13T08:01:24.138+0000] {taskinstance.py:1206} INFO - Marking task as SUCCESS. dag_id=era5_download_pipeline, task_id=era5_instant, run_id=scheduled__2026-06-13T07:00:00+00:00, execution_date=20260613T070000, start_date=20260613T080002, end_date=20260613T080124
[2026-06-13T08:01:24.200+0000] {local_task_job_runner.py:240} INFO - Task exited with return code 0
[2026-06-13T08:01:24.228+0000] {taskinstance.py:3498} INFO - 1 downstream tasks scheduled from follow-on schedule check
[2026-06-13T08:01:24.232+0000] {local_task_job_runner.py:222} INFO - ::endgroup::
