[2026-06-02T18:02:12.161+0000] {local_task_job_runner.py:120} INFO - ::group::Pre task execution logs
[2026-06-02T18:02:12.184+0000] {taskinstance.py:2076} INFO - Dependencies all met for dep_context=non-requeueable deps ti=<TaskInstance: era5_download_pipeline.era5_accum scheduled__2026-06-02T17:00:00+00:00 [queued]>
[2026-06-02T18:02:12.192+0000] {taskinstance.py:2076} INFO - Dependencies all met for dep_context=requeueable deps ti=<TaskInstance: era5_download_pipeline.era5_accum scheduled__2026-06-02T17:00:00+00:00 [queued]>
[2026-06-02T18:02:12.194+0000] {taskinstance.py:2306} INFO - Starting attempt 1 of 1
[2026-06-02T18:02:12.208+0000] {taskinstance.py:2330} INFO - Executing <Task(PythonOperator): era5_accum> on 2026-06-02 17:00:00+00:00
[2026-06-02T18:02:12.220+0000] {warnings.py:110} WARNING - /home/***/.local/lib/python3.12/site-packages/***/task/task_runner/standard_task_runner.py:61: DeprecationWarning: This process (pid=8856) is multi-threaded, use of fork() may lead to deadlocks in the child.
  pid = os.fork()

[2026-06-02T18:02:12.223+0000] {standard_task_runner.py:63} INFO - Started process 8858 to run task
[2026-06-02T18:02:12.223+0000] {standard_task_runner.py:90} INFO - Running: ['***', 'tasks', 'run', 'era5_download_pipeline', 'era5_accum', 'scheduled__2026-06-02T17:00:00+00:00', '--job-id', '783', '--raw', '--subdir', 'DAGS_FOLDER/era5_dag.py', '--cfg-path', '/tmp/tmp6s22cevq']
[2026-06-02T18:02:12.227+0000] {standard_task_runner.py:91} INFO - Job 783: Subtask era5_accum
[2026-06-02T18:02:12.293+0000] {task_command.py:426} INFO - Running <TaskInstance: era5_download_pipeline.era5_accum scheduled__2026-06-02T17:00:00+00:00 [running]> on host 01cd476fb21a
[2026-06-02T18:02:12.406+0000] {taskinstance.py:2648} INFO - Exporting env vars: AIRFLOW_CTX_DAG_OWNER='era5' AIRFLOW_CTX_DAG_ID='era5_download_pipeline' AIRFLOW_CTX_TASK_ID='era5_accum' AIRFLOW_CTX_EXECUTION_DATE='2026-06-02T17:00:00+00:00' AIRFLOW_CTX_TRY_NUMBER='1' AIRFLOW_CTX_DAG_RUN_ID='scheduled__2026-06-02T17:00:00+00:00'
[2026-06-02T18:02:12.408+0000] {taskinstance.py:430} INFO - ::endgroup::
[2026-06-02T18:02:13.480+0000] {logging_mixin.py:188} WARNING - 2026-06-02 18:02:13 [INFO] === START job=accum date=2026-06-02 ===
[2026-06-02T18:02:13.480+0000] {era5_functions.py:368} INFO - === START job=accum date=2026-06-02 ===
[2026-06-02T18:02:13.484+0000] {logging_mixin.py:188} WARNING - 2026-06-02 18:02:13 [INFO] --- job=accum date=20260602 ---
[2026-06-02T18:02:13.484+0000] {era5_functions.py:330} INFO - --- job=accum date=20260602 ---
[2026-06-02T18:02:14.193+0000] {logging_mixin.py:188} WARNING - 2026-06-02 18:02:14 [WARNING] get_cds_count failed: 400 Client Error: Bad Request for url: https://cds.climate.copernicus.eu/api/retrieve/v1/processes/reanalysis-era5-single-levels/execution
invalid request
None of the data you have requested is available yet, please revise the period requested. The latest date available for this dataset is: 2026-05-28 18:00
[2026-06-02T18:02:14.192+0000] {era5_functions.py:131} WARNING - get_cds_count failed: 400 Client Error: Bad Request for url: https://cds.climate.copernicus.eu/api/retrieve/v1/processes/reanalysis-era5-single-levels/execution
invalid request
None of the data you have requested is available yet, please revise the period requested. The latest date available for this dataset is: 2026-05-28 18:00
[2026-06-02T18:02:14.198+0000] {logging_mixin.py:188} WARNING - 2026-06-02 18:02:14 [WARNING] CDS ยังไม่มีข้อมูล job=accum date=20260602, skip
[2026-06-02T18:02:14.198+0000] {era5_functions.py:335} WARNING - CDS ยังไม่มีข้อมูล job=accum date=20260602, skip
[2026-06-02T18:02:14.206+0000] {logging_mixin.py:188} WARNING - 2026-06-02 18:02:14 [INFO] --- job=accum date=20260601 ---
[2026-06-02T18:02:14.206+0000] {era5_functions.py:330} INFO - --- job=accum date=20260601 ---
[2026-06-02T18:02:14.877+0000] {logging_mixin.py:188} WARNING - 2026-06-02 18:02:14 [WARNING] get_cds_count failed: 400 Client Error: Bad Request for url: https://cds.climate.copernicus.eu/api/retrieve/v1/processes/reanalysis-era5-single-levels/execution
invalid request
None of the data you have requested is available yet, please revise the period requested. The latest date available for this dataset is: 2026-05-28 18:00
[2026-06-02T18:02:14.877+0000] {era5_functions.py:131} WARNING - get_cds_count failed: 400 Client Error: Bad Request for url: https://cds.climate.copernicus.eu/api/retrieve/v1/processes/reanalysis-era5-single-levels/execution
invalid request
None of the data you have requested is available yet, please revise the period requested. The latest date available for this dataset is: 2026-05-28 18:00
[2026-06-02T18:02:14.880+0000] {logging_mixin.py:188} WARNING - 2026-06-02 18:02:14 [WARNING] CDS ยังไม่มีข้อมูล job=accum date=20260601, skip
[2026-06-02T18:02:14.880+0000] {era5_functions.py:335} WARNING - CDS ยังไม่มีข้อมูล job=accum date=20260601, skip
[2026-06-02T18:02:14.882+0000] {logging_mixin.py:188} WARNING - 2026-06-02 18:02:14 [INFO] --- job=accum date=20260531 ---
[2026-06-02T18:02:14.882+0000] {era5_functions.py:330} INFO - --- job=accum date=20260531 ---
[2026-06-02T18:02:15.503+0000] {logging_mixin.py:188} WARNING - 2026-06-02 18:02:15 [WARNING] get_cds_count failed: 400 Client Error: Bad Request for url: https://cds.climate.copernicus.eu/api/retrieve/v1/processes/reanalysis-era5-single-levels/execution
invalid request
None of the data you have requested is available yet, please revise the period requested. The latest date available for this dataset is: 2026-05-28 18:00
[2026-06-02T18:02:15.502+0000] {era5_functions.py:131} WARNING - get_cds_count failed: 400 Client Error: Bad Request for url: https://cds.climate.copernicus.eu/api/retrieve/v1/processes/reanalysis-era5-single-levels/execution
invalid request
None of the data you have requested is available yet, please revise the period requested. The latest date available for this dataset is: 2026-05-28 18:00
[2026-06-02T18:02:15.509+0000] {logging_mixin.py:188} WARNING - 2026-06-02 18:02:15 [WARNING] CDS ยังไม่มีข้อมูล job=accum date=20260531, skip
[2026-06-02T18:02:15.509+0000] {era5_functions.py:335} WARNING - CDS ยังไม่มีข้อมูล job=accum date=20260531, skip
[2026-06-02T18:02:15.513+0000] {logging_mixin.py:188} WARNING - 2026-06-02 18:02:15 [INFO] --- job=accum date=20260530 ---
[2026-06-02T18:02:15.513+0000] {era5_functions.py:330} INFO - --- job=accum date=20260530 ---
[2026-06-02T18:02:16.548+0000] {logging_mixin.py:188} WARNING - 2026-06-02 18:02:16 [WARNING] get_cds_count failed: 400 Client Error: Bad Request for url: https://cds.climate.copernicus.eu/api/retrieve/v1/processes/reanalysis-era5-single-levels/execution
invalid request
None of the data you have requested is available yet, please revise the period requested. The latest date available for this dataset is: 2026-05-28 18:00
[2026-06-02T18:02:16.548+0000] {era5_functions.py:131} WARNING - get_cds_count failed: 400 Client Error: Bad Request for url: https://cds.climate.copernicus.eu/api/retrieve/v1/processes/reanalysis-era5-single-levels/execution
invalid request
None of the data you have requested is available yet, please revise the period requested. The latest date available for this dataset is: 2026-05-28 18:00
[2026-06-02T18:02:16.554+0000] {logging_mixin.py:188} WARNING - 2026-06-02 18:02:16 [WARNING] CDS ยังไม่มีข้อมูล job=accum date=20260530, skip
[2026-06-02T18:02:16.554+0000] {era5_functions.py:335} WARNING - CDS ยังไม่มีข้อมูล job=accum date=20260530, skip
[2026-06-02T18:02:16.559+0000] {logging_mixin.py:188} WARNING - 2026-06-02 18:02:16 [INFO] --- job=accum date=20260529 ---
[2026-06-02T18:02:16.559+0000] {era5_functions.py:330} INFO - --- job=accum date=20260529 ---
[2026-06-02T18:02:20.028+0000] {logging_mixin.py:188} WARNING - 2026-06-02 18:02:20 [WARNING] get_cds_count failed: 400 Client Error: Bad Request for url: https://cds.climate.copernicus.eu/api/retrieve/v1/processes/reanalysis-era5-single-levels/execution
invalid request
None of the data you have requested is available yet, please revise the period requested. The latest date available for this dataset is: 2026-05-28 18:00
[2026-06-02T18:02:20.028+0000] {era5_functions.py:131} WARNING - get_cds_count failed: 400 Client Error: Bad Request for url: https://cds.climate.copernicus.eu/api/retrieve/v1/processes/reanalysis-era5-single-levels/execution
invalid request
None of the data you have requested is available yet, please revise the period requested. The latest date available for this dataset is: 2026-05-28 18:00
[2026-06-02T18:02:20.032+0000] {logging_mixin.py:188} WARNING - 2026-06-02 18:02:20 [WARNING] CDS ยังไม่มีข้อมูล job=accum date=20260529, skip
[2026-06-02T18:02:20.032+0000] {era5_functions.py:335} WARNING - CDS ยังไม่มีข้อมูล job=accum date=20260529, skip
[2026-06-02T18:02:20.035+0000] {logging_mixin.py:188} WARNING - 2026-06-02 18:02:20 [INFO] --- job=accum date=20260528 ---
[2026-06-02T18:02:20.034+0000] {era5_functions.py:330} INFO - --- job=accum date=20260528 ---
[2026-06-02T18:02:20.840+0000] {logging_mixin.py:188} WARNING - 2026-06-02 18:02:20,840 INFO [2025-12-11T00:00:00] Please note that a dedicated catalogue entry for this dataset, post-processed and stored in Analysis Ready Cloud Optimized (ARCO) format (Zarr), is available for optimised time-series retrievals (i.e. for retrieving data from selected variables for a single point over an extended period of time in an efficient way). You can discover it [here](https://cds.climate.copernicus.eu/datasets/reanalysis-era5-single-levels-timeseries?tab=overview)
[2026-06-02T18:02:20.840+0000] {legacy_client.py:192} INFO - [2025-12-11T00:00:00] Please note that a dedicated catalogue entry for this dataset, post-processed and stored in Analysis Ready Cloud Optimized (ARCO) format (Zarr), is available for optimised time-series retrievals (i.e. for retrieving data from selected variables for a single point over an extended period of time in an efficient way). You can discover it [here](https://cds.climate.copernicus.eu/datasets/reanalysis-era5-single-levels-timeseries?tab=overview)
[2026-06-02T18:02:20.846+0000] {logging_mixin.py:188} WARNING - 2026-06-02 18:02:20,845 INFO Request ID is 91e28478-5aa8-4334-b92f-03f472d38832
[2026-06-02T18:02:20.845+0000] {legacy_client.py:192} INFO - Request ID is 91e28478-5aa8-4334-b92f-03f472d38832
[2026-06-02T18:02:21.516+0000] {logging_mixin.py:188} WARNING - 2026-06-02 18:02:21,516 INFO status has been updated to accepted
[2026-06-02T18:02:21.516+0000] {legacy_client.py:192} INFO - status has been updated to accepted
[2026-06-02T18:02:44.521+0000] {logging_mixin.py:188} WARNING - 2026-06-02 18:02:44,520 INFO status has been updated to successful
[2026-06-02T18:02:44.520+0000] {legacy_client.py:192} INFO - status has been updated to successful
[2026-06-02T18:02:44.955+0000] {base.py:119} INFO - Downloading https://object-store.os-api.cci2.ecmwf.int:443/cci2-prod-cache-2/2026-06-02/706972c380b352e7d03b2b2f56f82cf8.nc
[2026-06-02T18:02:45.666+0000] {logging_mixin.py:188} WARNING - 706972c380b352e7d03b2b2f56f82cf8.nc:   0%|          | 0.00/267k [00:00<?, ?B/s]
[2026-06-02T18:02:47.260+0000] {logging_mixin.py:188} WARNING - 706972c380b352e7d03b2b2f56f82cf8.nc: 100%|##########| 267k/267k [00:01<00:00, 172kB/s]
[2026-06-02T18:02:47.263+0000] {logging_mixin.py:188} WARNING -                                                                                       
[2026-06-02T18:02:47.548+0000] {logging_mixin.py:188} WARNING - 2026-06-02 18:02:47 [INFO] CDS timestep available: 19
[2026-06-02T18:02:47.548+0000] {era5_functions.py:128} INFO - CDS timestep available: 19
[2026-06-02T18:02:47.604+0000] {logging_mixin.py:188} WARNING - 2026-06-02 18:02:47 [INFO] local timestep: 18 — /opt/***/era5/ecmwf/data/nc/_raw/2026/05/28/accum_20260528.nc
[2026-06-02T18:02:47.603+0000] {era5_functions.py:152} INFO - local timestep: 18 — /opt/***/era5/ecmwf/data/nc/_raw/2026/05/28/accum_20260528.nc
[2026-06-02T18:02:47.611+0000] {logging_mixin.py:188} WARNING - 2026-06-02 18:02:47 [INFO] nc outdated (local=18 < cds=19), removing: /opt/***/era5/ecmwf/data/nc/_raw/2026/05/28/accum_20260528.nc
[2026-06-02T18:02:47.610+0000] {era5_functions.py:193} INFO - nc outdated (local=18 < cds=19), removing: /opt/***/era5/ecmwf/data/nc/_raw/2026/05/28/accum_20260528.nc
[2026-06-02T18:02:47.629+0000] {logging_mixin.py:188} WARNING - 2026-06-02 18:02:47 [INFO] download attempt 1/3: /opt/***/era5/ecmwf/data/nc/_raw/2026/05/28/accum_20260528.nc
[2026-06-02T18:02:47.629+0000] {era5_functions.py:200} INFO - download attempt 1/3: /opt/***/era5/ecmwf/data/nc/_raw/2026/05/28/accum_20260528.nc
[2026-06-02T18:02:48.405+0000] {logging_mixin.py:188} WARNING - 2026-06-02 18:02:48,405 INFO [2025-12-11T00:00:00] Please note that a dedicated catalogue entry for this dataset, post-processed and stored in Analysis Ready Cloud Optimized (ARCO) format (Zarr), is available for optimised time-series retrievals (i.e. for retrieving data from selected variables for a single point over an extended period of time in an efficient way). You can discover it [here](https://cds.climate.copernicus.eu/datasets/reanalysis-era5-single-levels-timeseries?tab=overview)
[2026-06-02T18:02:48.405+0000] {legacy_client.py:192} INFO - [2025-12-11T00:00:00] Please note that a dedicated catalogue entry for this dataset, post-processed and stored in Analysis Ready Cloud Optimized (ARCO) format (Zarr), is available for optimised time-series retrievals (i.e. for retrieving data from selected variables for a single point over an extended period of time in an efficient way). You can discover it [here](https://cds.climate.copernicus.eu/datasets/reanalysis-era5-single-levels-timeseries?tab=overview)
[2026-06-02T18:02:48.410+0000] {logging_mixin.py:188} WARNING - 2026-06-02 18:02:48,410 INFO Request ID is 7c4ca85a-2162-4c87-a4d7-cf81026a28e6
[2026-06-02T18:02:48.410+0000] {legacy_client.py:192} INFO - Request ID is 7c4ca85a-2162-4c87-a4d7-cf81026a28e6
[2026-06-02T18:02:48.613+0000] {logging_mixin.py:188} WARNING - 2026-06-02 18:02:48,613 INFO status has been updated to accepted
[2026-06-02T18:02:48.613+0000] {legacy_client.py:192} INFO - status has been updated to accepted
[2026-06-02T18:03:10.713+0000] {logging_mixin.py:188} WARNING - 2026-06-02 18:03:10,712 INFO status has been updated to running
[2026-06-02T18:03:10.712+0000] {legacy_client.py:192} INFO - status has been updated to running
[2026-06-02T18:03:22.326+0000] {logging_mixin.py:188} WARNING - 2026-06-02 18:03:22,325 INFO status has been updated to successful
[2026-06-02T18:03:22.325+0000] {legacy_client.py:192} INFO - status has been updated to successful
[2026-06-02T18:03:22.843+0000] {base.py:119} INFO - Downloading https://object-store.os-api.cci2.ecmwf.int:443/cci2-prod-cache-2/2026-06-02/32d4dd6f568e06bd406c20664aea15dd.nc
[2026-06-02T18:03:23.858+0000] {logging_mixin.py:188} WARNING - 32d4dd6f568e06bd406c20664aea15dd.nc:   0%|          | 0.00/267k [00:00<?, ?B/s]
[2026-06-02T18:03:25.259+0000] {logging_mixin.py:188} WARNING - 32d4dd6f568e06bd406c20664aea15dd.nc: 100%|##########| 267k/267k [00:01<00:00, 196kB/s]
[2026-06-02T18:03:25.285+0000] {logging_mixin.py:188} WARNING -                                                                                       
[2026-06-02T18:03:25.387+0000] {logging_mixin.py:188} WARNING - 2026-06-02 18:03:25 [INFO] nc downloaded ok: /opt/***/era5/ecmwf/data/nc/_raw/2026/05/28/accum_20260528.nc
[2026-06-02T18:03:25.387+0000] {era5_functions.py:204} INFO - nc downloaded ok: /opt/***/era5/ecmwf/data/nc/_raw/2026/05/28/accum_20260528.nc
[2026-06-02T18:03:25.437+0000] {logging_mixin.py:188} WARNING - 2026-06-02 18:03:25 [INFO] local timestep: 19 — /opt/***/era5/ecmwf/data/nc/_raw/2026/05/28/accum_20260528.nc
[2026-06-02T18:03:25.437+0000] {era5_functions.py:152} INFO - local timestep: 19 — /opt/***/era5/ecmwf/data/nc/_raw/2026/05/28/accum_20260528.nc
[2026-06-02T18:03:25.504+0000] {logging_mixin.py:188} WARNING - 2026-06-02 18:03:25 [INFO] tif outdated (tif=18 < nc=19), removing: /opt/***/era5/ecmwf/data/tif/2026/05/28/tp_20260528.tif
[2026-06-02T18:03:25.504+0000] {era5_functions.py:261} INFO - tif outdated (tif=18 < nc=19), removing: /opt/***/era5/ecmwf/data/tif/2026/05/28/tp_20260528.tif
[2026-06-02T18:03:25.605+0000] {logging_mixin.py:188} WARNING - 2026-06-02 18:03:25 [INFO] tif ok (bands=19): /opt/***/era5/ecmwf/data/tif/2026/05/28/tp_20260528.tif
[2026-06-02T18:03:25.605+0000] {era5_functions.py:304} INFO - tif ok (bands=19): /opt/***/era5/ecmwf/data/tif/2026/05/28/tp_20260528.tif
[2026-06-02T18:03:25.609+0000] {logging_mixin.py:188} WARNING - 2026-06-02 18:03:25 [INFO] === END job=accum date=2026-06-02 ===
[2026-06-02T18:03:25.609+0000] {era5_functions.py:379} INFO - === END job=accum date=2026-06-02 ===
[2026-06-02T18:03:25.611+0000] {python.py:237} INFO - Done. Returned value was: None
[2026-06-02T18:03:25.611+0000] {taskinstance.py:441} INFO - ::group::Post task execution logs
[2026-06-02T18:03:25.625+0000] {taskinstance.py:1206} INFO - Marking task as SUCCESS. dag_id=era5_download_pipeline, task_id=era5_accum, run_id=scheduled__2026-06-02T17:00:00+00:00, execution_date=20260602T170000, start_date=20260602T180212, end_date=20260602T180325
[2026-06-02T18:03:25.686+0000] {local_task_job_runner.py:240} INFO - Task exited with return code 0
[2026-06-02T18:03:25.708+0000] {taskinstance.py:3498} INFO - 0 downstream tasks scheduled from follow-on schedule check
[2026-06-02T18:03:25.711+0000] {local_task_job_runner.py:222} INFO - ::endgroup::
