[2026-05-22T23:00:02.288+0000] {local_task_job_runner.py:120} INFO - ::group::Pre task execution logs
[2026-05-22T23:00:02.312+0000] {taskinstance.py:2076} INFO - Dependencies all met for dep_context=non-requeueable deps ti=<TaskInstance: era5_ecmwf_pipeline.era5_instant scheduled__2026-05-22T22:00:00+00:00 [queued]>
[2026-05-22T23:00:02.323+0000] {taskinstance.py:2076} INFO - Dependencies all met for dep_context=requeueable deps ti=<TaskInstance: era5_ecmwf_pipeline.era5_instant scheduled__2026-05-22T22:00:00+00:00 [queued]>
[2026-05-22T23:00:02.325+0000] {taskinstance.py:2306} INFO - Starting attempt 1 of 1
[2026-05-22T23:00:02.340+0000] {taskinstance.py:2330} INFO - Executing <Task(PythonOperator): era5_instant> on 2026-05-22 22:00:00+00:00
[2026-05-22T23:00:02.352+0000] {warnings.py:110} WARNING - /home/***/.local/lib/python3.12/site-packages/***/task/task_runner/standard_task_runner.py:61: DeprecationWarning: This process (pid=15124) is multi-threaded, use of fork() may lead to deadlocks in the child.
  pid = os.fork()

[2026-05-22T23:00:02.356+0000] {standard_task_runner.py:63} INFO - Started process 15128 to run task
[2026-05-22T23:00:02.355+0000] {standard_task_runner.py:90} INFO - Running: ['***', 'tasks', 'run', 'era5_ecmwf_pipeline', 'era5_instant', 'scheduled__2026-05-22T22:00:00+00:00', '--job-id', '345', '--raw', '--subdir', 'DAGS_FOLDER/era5_dag.py', '--cfg-path', '/tmp/tmpwl9dhq3u']
[2026-05-22T23:00:02.360+0000] {standard_task_runner.py:91} INFO - Job 345: Subtask era5_instant
[2026-05-22T23:00:02.458+0000] {task_command.py:426} INFO - Running <TaskInstance: era5_ecmwf_pipeline.era5_instant scheduled__2026-05-22T22:00:00+00:00 [running]> on host fc8478f399e7
[2026-05-22T23:00:02.606+0000] {taskinstance.py:2648} INFO - Exporting env vars: AIRFLOW_CTX_DAG_OWNER='***' AIRFLOW_CTX_DAG_ID='era5_ecmwf_pipeline' AIRFLOW_CTX_TASK_ID='era5_instant' AIRFLOW_CTX_EXECUTION_DATE='2026-05-22T22:00:00+00:00' AIRFLOW_CTX_TRY_NUMBER='1' AIRFLOW_CTX_DAG_RUN_ID='scheduled__2026-05-22T22:00:00+00:00'
[2026-05-22T23:00:02.609+0000] {taskinstance.py:430} INFO - ::endgroup::
[2026-05-22T23:00:02.629+0000] {logging_mixin.py:188} INFO - RUN → instant | 2026-05-17
[2026-05-22T23:00:02.645+0000] {era5_logger.py:51} INFO - Log file: logs/era5/2026/05/17/era5_20260517.log
[2026-05-22T23:00:02.646+0000] {era5_functions.py:329} INFO - ERA5 [INSTANT] START: 2026-05-17
[2026-05-22T23:00:03.680+0000] {era5_functions.py:285} INFO - ============================================================
[2026-05-22T23:00:03.683+0000] {era5_functions.py:286} INFO - JOB : INSTANT | 2026-05-17
[2026-05-22T23:00:03.685+0000] {era5_functions.py:287} INFO - VARS: ['t2m', 'd2m', 'sp', 'blh', 'u10', 'v10']
[2026-05-22T23:00:03.686+0000] {era5_functions.py:288} INFO - ============================================================
[2026-05-22T23:00:04.044+0000] {era5_functions.py:63} WARNING - [VALIDATE NC] instant_20260517.nc → NOT READY (4/24)
[2026-05-22T23:00:04.048+0000] {era5_functions.py:123} WARNING - [NC] ERA5 not ready → instant_20260517.nc
[2026-05-22T23:00:04.049+0000] {era5_functions.py:295} WARNING - [PIPELINE] skip tif → nc not ready
[2026-05-22T23:00:04.051+0000] {era5_functions.py:341} INFO - ERA5 [INSTANT] COMPLETE ✓
[2026-05-22T23:00:04.052+0000] {logging_mixin.py:188} INFO - RUN → instant | 2026-05-16
[2026-05-22T23:00:04.057+0000] {era5_logger.py:51} INFO - Log file: logs/era5/2026/05/16/era5_20260516.log
[2026-05-22T23:00:04.058+0000] {era5_functions.py:329} INFO - ERA5 [INSTANT] START: 2026-05-16
[2026-05-22T23:00:05.049+0000] {era5_functions.py:285} INFO - ============================================================
[2026-05-22T23:00:05.051+0000] {era5_functions.py:286} INFO - JOB : INSTANT | 2026-05-16
[2026-05-22T23:00:05.053+0000] {era5_functions.py:287} INFO - VARS: ['t2m', 'd2m', 'sp', 'blh', 'u10', 'v10']
[2026-05-22T23:00:05.055+0000] {era5_functions.py:288} INFO - ============================================================
[2026-05-22T23:00:05.146+0000] {era5_functions.py:63} WARNING - [VALIDATE NC] instant_20260516.nc → NOT READY (2/24)
[2026-05-22T23:00:05.151+0000] {era5_functions.py:123} WARNING - [NC] ERA5 not ready → instant_20260516.nc
[2026-05-22T23:00:05.153+0000] {era5_functions.py:295} WARNING - [PIPELINE] skip tif → nc not ready
[2026-05-22T23:00:05.154+0000] {era5_functions.py:341} INFO - ERA5 [INSTANT] COMPLETE ✓
[2026-05-22T23:00:05.154+0000] {logging_mixin.py:188} INFO - RUN → instant | 2026-05-15
[2026-05-22T23:00:05.159+0000] {era5_logger.py:51} INFO - Log file: logs/era5/2026/05/15/era5_20260515.log
[2026-05-22T23:00:05.160+0000] {era5_functions.py:329} INFO - ERA5 [INSTANT] START: 2026-05-15
[2026-05-22T23:00:06.126+0000] {era5_functions.py:285} INFO - ============================================================
[2026-05-22T23:00:06.128+0000] {era5_functions.py:286} INFO - JOB : INSTANT | 2026-05-15
[2026-05-22T23:00:06.129+0000] {era5_functions.py:287} INFO - VARS: ['t2m', 'd2m', 'sp', 'blh', 'u10', 'v10']
[2026-05-22T23:00:06.130+0000] {era5_functions.py:288} INFO - ============================================================
[2026-05-22T23:00:06.205+0000] {era5_functions.py:63} WARNING - [VALIDATE NC] instant_20260515.nc → NOT READY (2/24)
[2026-05-22T23:00:06.210+0000] {era5_functions.py:123} WARNING - [NC] ERA5 not ready → instant_20260515.nc
[2026-05-22T23:00:06.212+0000] {era5_functions.py:295} WARNING - [PIPELINE] skip tif → nc not ready
[2026-05-22T23:00:06.213+0000] {era5_functions.py:341} INFO - ERA5 [INSTANT] COMPLETE ✓
[2026-05-22T23:00:06.214+0000] {python.py:237} INFO - Done. Returned value was: None
[2026-05-22T23:00:06.215+0000] {taskinstance.py:441} INFO - ::group::Post task execution logs
[2026-05-22T23:00:06.229+0000] {taskinstance.py:1206} INFO - Marking task as SUCCESS. dag_id=era5_ecmwf_pipeline, task_id=era5_instant, run_id=scheduled__2026-05-22T22:00:00+00:00, execution_date=20260522T220000, start_date=20260522T230002, end_date=20260522T230006
[2026-05-22T23:00:06.312+0000] {local_task_job_runner.py:240} INFO - Task exited with return code 0
[2026-05-22T23:00:06.331+0000] {taskinstance.py:3498} INFO - 0 downstream tasks scheduled from follow-on schedule check
[2026-05-22T23:00:06.335+0000] {local_task_job_runner.py:222} INFO - ::endgroup::
