[2026-05-24T00:00:02.600+0000] {local_task_job_runner.py:120} INFO - ::group::Pre task execution logs
[2026-05-24T00:00:02.627+0000] {taskinstance.py:2076} INFO - Dependencies all met for dep_context=non-requeueable deps ti=<TaskInstance: era5_ecmwf_pipeline.era5_accum scheduled__2026-05-23T23:00:00+00:00 [queued]>
[2026-05-24T00:00:02.637+0000] {taskinstance.py:2076} INFO - Dependencies all met for dep_context=requeueable deps ti=<TaskInstance: era5_ecmwf_pipeline.era5_accum scheduled__2026-05-23T23:00:00+00:00 [queued]>
[2026-05-24T00:00:02.639+0000] {taskinstance.py:2306} INFO - Starting attempt 1 of 1
[2026-05-24T00:00:02.657+0000] {taskinstance.py:2330} INFO - Executing <Task(PythonOperator): era5_accum> on 2026-05-23 23:00:00+00:00
[2026-05-24T00:00:02.672+0000] {warnings.py:110} WARNING - /home/***/.local/lib/python3.12/site-packages/***/task/task_runner/standard_task_runner.py:61: DeprecationWarning: This process (pid=34332) is multi-threaded, use of fork() may lead to deadlocks in the child.
  pid = os.fork()

[2026-05-24T00:00:02.676+0000] {standard_task_runner.py:63} INFO - Started process 34338 to run task
[2026-05-24T00:00:02.676+0000] {standard_task_runner.py:90} INFO - Running: ['***', 'tasks', 'run', 'era5_ecmwf_pipeline', 'era5_accum', 'scheduled__2026-05-23T23:00:00+00:00', '--job-id', '397', '--raw', '--subdir', 'DAGS_FOLDER/era5_dag.py', '--cfg-path', '/tmp/tmp8equoi5h']
[2026-05-24T00:00:02.680+0000] {standard_task_runner.py:91} INFO - Job 397: Subtask era5_accum
[2026-05-24T00:00:02.763+0000] {task_command.py:426} INFO - Running <TaskInstance: era5_ecmwf_pipeline.era5_accum scheduled__2026-05-23T23:00:00+00:00 [running]> on host fc8478f399e7
[2026-05-24T00:00:02.932+0000] {taskinstance.py:2648} INFO - Exporting env vars: AIRFLOW_CTX_DAG_OWNER='***' AIRFLOW_CTX_DAG_ID='era5_ecmwf_pipeline' AIRFLOW_CTX_TASK_ID='era5_accum' AIRFLOW_CTX_EXECUTION_DATE='2026-05-23T23:00:00+00:00' AIRFLOW_CTX_TRY_NUMBER='1' AIRFLOW_CTX_DAG_RUN_ID='scheduled__2026-05-23T23:00:00+00:00'
[2026-05-24T00:00:02.934+0000] {taskinstance.py:430} INFO - ::endgroup::
[2026-05-24T00:00:02.959+0000] {logging_mixin.py:188} INFO - RUN → accum | 2026-05-18
[2026-05-24T00:00:02.975+0000] {era5_logger.py:51} INFO - Log file: logs/era5/2026/05/18/era5_20260518.log
[2026-05-24T00:00:02.977+0000] {era5_functions.py:329} INFO - ERA5 [ACCUM] START: 2026-05-18
[2026-05-24T00:00:04.006+0000] {era5_functions.py:285} INFO - ============================================================
[2026-05-24T00:00:04.008+0000] {era5_functions.py:286} INFO - JOB : ACCUM | 2026-05-18
[2026-05-24T00:00:04.010+0000] {era5_functions.py:287} INFO - VARS: ['tp']
[2026-05-24T00:00:04.011+0000] {era5_functions.py:288} INFO - ============================================================
[2026-05-24T00:00:04.356+0000] {era5_functions.py:63} WARNING - [VALIDATE NC] accum_20260518.nc → NOT READY (2/24)
[2026-05-24T00:00:04.360+0000] {era5_functions.py:123} WARNING - [NC] ERA5 not ready → accum_20260518.nc
[2026-05-24T00:00:04.361+0000] {era5_functions.py:295} WARNING - [PIPELINE] skip tif → nc not ready
[2026-05-24T00:00:04.362+0000] {era5_functions.py:341} INFO - ERA5 [ACCUM] COMPLETE ✓
[2026-05-24T00:00:04.362+0000] {logging_mixin.py:188} INFO - RUN → accum | 2026-05-17
[2026-05-24T00:00:04.367+0000] {era5_logger.py:51} INFO - Log file: logs/era5/2026/05/17/era5_20260517.log
[2026-05-24T00:00:04.368+0000] {era5_functions.py:329} INFO - ERA5 [ACCUM] START: 2026-05-17
[2026-05-24T00:00:05.373+0000] {era5_functions.py:285} INFO - ============================================================
[2026-05-24T00:00:05.375+0000] {era5_functions.py:286} INFO - JOB : ACCUM | 2026-05-17
[2026-05-24T00:00:05.377+0000] {era5_functions.py:287} INFO - VARS: ['tp']
[2026-05-24T00:00:05.378+0000] {era5_functions.py:288} INFO - ============================================================
[2026-05-24T00:00:05.439+0000] {era5_functions.py:63} WARNING - [VALIDATE NC] accum_20260517.nc → NOT READY (4/24)
[2026-05-24T00:00:05.442+0000] {era5_functions.py:123} WARNING - [NC] ERA5 not ready → accum_20260517.nc
[2026-05-24T00:00:05.445+0000] {era5_functions.py:295} WARNING - [PIPELINE] skip tif → nc not ready
[2026-05-24T00:00:05.446+0000] {era5_functions.py:341} INFO - ERA5 [ACCUM] COMPLETE ✓
[2026-05-24T00:00:05.447+0000] {logging_mixin.py:188} INFO - RUN → accum | 2026-05-16
[2026-05-24T00:00:05.452+0000] {era5_logger.py:51} INFO - Log file: logs/era5/2026/05/16/era5_20260516.log
[2026-05-24T00:00:05.454+0000] {era5_functions.py:329} INFO - ERA5 [ACCUM] START: 2026-05-16
[2026-05-24T00:00:06.429+0000] {era5_functions.py:285} INFO - ============================================================
[2026-05-24T00:00:06.431+0000] {era5_functions.py:286} INFO - JOB : ACCUM | 2026-05-16
[2026-05-24T00:00:06.432+0000] {era5_functions.py:287} INFO - VARS: ['tp']
[2026-05-24T00:00:06.433+0000] {era5_functions.py:288} INFO - ============================================================
[2026-05-24T00:00:06.489+0000] {era5_functions.py:63} WARNING - [VALIDATE NC] accum_20260516.nc → NOT READY (2/24)
[2026-05-24T00:00:06.492+0000] {era5_functions.py:123} WARNING - [NC] ERA5 not ready → accum_20260516.nc
[2026-05-24T00:00:06.493+0000] {era5_functions.py:295} WARNING - [PIPELINE] skip tif → nc not ready
[2026-05-24T00:00:06.494+0000] {era5_functions.py:341} INFO - ERA5 [ACCUM] COMPLETE ✓
[2026-05-24T00:00:06.496+0000] {python.py:237} INFO - Done. Returned value was: None
[2026-05-24T00:00:06.496+0000] {taskinstance.py:441} INFO - ::group::Post task execution logs
[2026-05-24T00:00:06.519+0000] {taskinstance.py:1206} INFO - Marking task as SUCCESS. dag_id=era5_ecmwf_pipeline, task_id=era5_accum, run_id=scheduled__2026-05-23T23:00:00+00:00, execution_date=20260523T230000, start_date=20260524T000002, end_date=20260524T000006
[2026-05-24T00:00:06.589+0000] {local_task_job_runner.py:240} INFO - Task exited with return code 0
[2026-05-24T00:00:06.618+0000] {taskinstance.py:3498} INFO - 0 downstream tasks scheduled from follow-on schedule check
[2026-05-24T00:00:06.621+0000] {local_task_job_runner.py:222} INFO - ::endgroup::
