[2026-06-06T04:00:01.797+0000] {local_task_job_runner.py:120} INFO - ::group::Pre task execution logs
[2026-06-06T04:00:01.822+0000] {taskinstance.py:2076} INFO - Dependencies all met for dep_context=non-requeueable deps ti=<TaskInstance: era5_download_pipeline.era5_rh scheduled__2026-06-06T03:00:00+00:00 [queued]>
[2026-06-06T04:00:01.834+0000] {taskinstance.py:2076} INFO - Dependencies all met for dep_context=requeueable deps ti=<TaskInstance: era5_download_pipeline.era5_rh scheduled__2026-06-06T03:00:00+00:00 [queued]>
[2026-06-06T04:00:01.836+0000] {taskinstance.py:2306} INFO - Starting attempt 1 of 1
[2026-06-06T04:00:01.854+0000] {taskinstance.py:2330} INFO - Executing <Task(PythonOperator): era5_rh> on 2026-06-06 03:00:00+00:00
[2026-06-06T04:00:01.866+0000] {warnings.py:110} WARNING - /home/***/.local/lib/python3.12/site-packages/***/task/task_runner/standard_task_runner.py:61: DeprecationWarning: This process (pid=72098) is multi-threaded, use of fork() may lead to deadlocks in the child.
  pid = os.fork()

[2026-06-06T04:00:01.870+0000] {standard_task_runner.py:63} INFO - Started process 72102 to run task
[2026-06-06T04:00:01.870+0000] {standard_task_runner.py:90} INFO - Running: ['***', 'tasks', 'run', 'era5_download_pipeline', 'era5_rh', 'scheduled__2026-06-06T03:00:00+00:00', '--job-id', '1031', '--raw', '--subdir', 'DAGS_FOLDER/era5_dag.py', '--cfg-path', '/tmp/tmpnc8h4fhs']
[2026-06-06T04:00:01.874+0000] {standard_task_runner.py:91} INFO - Job 1031: Subtask era5_rh
[2026-06-06T04:00:01.969+0000] {task_command.py:426} INFO - Running <TaskInstance: era5_download_pipeline.era5_rh scheduled__2026-06-06T03:00:00+00:00 [running]> on host 01cd476fb21a
[2026-06-06T04:00:02.091+0000] {taskinstance.py:2648} INFO - Exporting env vars: AIRFLOW_CTX_DAG_OWNER='era5' AIRFLOW_CTX_DAG_ID='era5_download_pipeline' AIRFLOW_CTX_TASK_ID='era5_rh' AIRFLOW_CTX_EXECUTION_DATE='2026-06-06T03:00:00+00:00' AIRFLOW_CTX_TRY_NUMBER='1' AIRFLOW_CTX_DAG_RUN_ID='scheduled__2026-06-06T03:00:00+00:00'
[2026-06-06T04:00:02.093+0000] {taskinstance.py:430} INFO - ::endgroup::
[2026-06-06T04:00:02.123+0000] {logging_mixin.py:188} WARNING - 2026-06-06 04:00:02 [WARNING] missing instant nc: /opt/***/era5/ecmwf/data/nc/_raw/2026/06/06/instant_20260606.nc
[2026-06-06T04:00:02.123+0000] {era5_rh.py:208} WARNING - missing instant nc: /opt/***/era5/ecmwf/data/nc/_raw/2026/06/06/instant_20260606.nc
[2026-06-06T04:00:02.129+0000] {logging_mixin.py:188} WARNING - 2026-06-06 04:00:02 [WARNING] missing instant nc: /opt/***/era5/ecmwf/data/nc/_raw/2026/06/05/instant_20260605.nc
[2026-06-06T04:00:02.129+0000] {era5_rh.py:208} WARNING - missing instant nc: /opt/***/era5/ecmwf/data/nc/_raw/2026/06/05/instant_20260605.nc
[2026-06-06T04:00:02.135+0000] {logging_mixin.py:188} WARNING - 2026-06-06 04:00:02 [WARNING] missing instant nc: /opt/***/era5/ecmwf/data/nc/_raw/2026/06/04/instant_20260604.nc
[2026-06-06T04:00:02.135+0000] {era5_rh.py:208} WARNING - missing instant nc: /opt/***/era5/ecmwf/data/nc/_raw/2026/06/04/instant_20260604.nc
[2026-06-06T04:00:02.143+0000] {logging_mixin.py:188} WARNING - 2026-06-06 04:00:02 [WARNING] missing instant nc: /opt/***/era5/ecmwf/data/nc/_raw/2026/06/03/instant_20260603.nc
[2026-06-06T04:00:02.143+0000] {era5_rh.py:208} WARNING - missing instant nc: /opt/***/era5/ecmwf/data/nc/_raw/2026/06/03/instant_20260603.nc
[2026-06-06T04:00:02.150+0000] {logging_mixin.py:188} WARNING - 2026-06-06 04:00:02 [WARNING] missing instant nc: /opt/***/era5/ecmwf/data/nc/_raw/2026/06/02/instant_20260602.nc
[2026-06-06T04:00:02.150+0000] {era5_rh.py:208} WARNING - missing instant nc: /opt/***/era5/ecmwf/data/nc/_raw/2026/06/02/instant_20260602.nc
[2026-06-06T04:00:02.169+0000] {logging_mixin.py:188} WARNING - 2026-06-06 04:00:02 [INFO] RH nc exists: /opt/***/era5/ecmwf/data/nc/rh/2026/06/01/rh_20260601.nc
[2026-06-06T04:00:02.169+0000] {era5_rh.py:69} INFO - RH nc exists: /opt/***/era5/ecmwf/data/nc/rh/2026/06/01/rh_20260601.nc
[2026-06-06T04:00:02.568+0000] {logging_mixin.py:188} WARNING - 2026-06-06 04:00:02 [INFO] RH tif created: /opt/***/era5/ecmwf/data/tif/2026/06/01/rh_20260601.tif
[2026-06-06T04:00:02.568+0000] {era5_rh.py:183} INFO - RH tif created: /opt/***/era5/ecmwf/data/tif/2026/06/01/rh_20260601.tif
[2026-06-06T04:00:02.573+0000] {python.py:237} INFO - Done. Returned value was: None
[2026-06-06T04:00:02.574+0000] {taskinstance.py:441} INFO - ::group::Post task execution logs
[2026-06-06T04:00:02.590+0000] {taskinstance.py:1206} INFO - Marking task as SUCCESS. dag_id=era5_download_pipeline, task_id=era5_rh, run_id=scheduled__2026-06-06T03:00:00+00:00, execution_date=20260606T030000, start_date=20260606T040001, end_date=20260606T040002
[2026-06-06T04:00:02.648+0000] {local_task_job_runner.py:240} INFO - Task exited with return code 0
[2026-06-06T04:00:02.672+0000] {taskinstance.py:3498} INFO - 0 downstream tasks scheduled from follow-on schedule check
[2026-06-06T04:00:02.675+0000] {local_task_job_runner.py:222} INFO - ::endgroup::
