[2026-06-14T05:00:01.873+0000] {local_task_job_runner.py:120} INFO - ::group::Pre task execution logs
[2026-06-14T05:00:01.899+0000] {taskinstance.py:2076} INFO - Dependencies all met for dep_context=non-requeueable deps ti=<TaskInstance: era5_download_pipeline.era5_instant scheduled__2026-06-14T04:00:00+00:00 [queued]>
[2026-06-14T05:00:01.910+0000] {taskinstance.py:2076} INFO - Dependencies all met for dep_context=requeueable deps ti=<TaskInstance: era5_download_pipeline.era5_instant scheduled__2026-06-14T04:00:00+00:00 [queued]>
[2026-06-14T05:00:01.911+0000] {taskinstance.py:2306} INFO - Starting attempt 1 of 1
[2026-06-14T05:00:01.927+0000] {taskinstance.py:2330} INFO - Executing <Task(PythonOperator): era5_instant> on 2026-06-14 04:00:00+00:00
[2026-06-14T05:00:01.940+0000] {warnings.py:110} WARNING - /home/***/.local/lib/python3.12/site-packages/***/task/task_runner/standard_task_runner.py:61: DeprecationWarning: This process (pid=53755) is multi-threaded, use of fork() may lead to deadlocks in the child.
  pid = os.fork()

[2026-06-14T05:00:01.943+0000] {standard_task_runner.py:63} INFO - Started process 53760 to run task
[2026-06-14T05:00:01.942+0000] {standard_task_runner.py:90} INFO - Running: ['***', 'tasks', 'run', 'era5_download_pipeline', 'era5_instant', 'scheduled__2026-06-14T04:00:00+00:00', '--job-id', '1533', '--raw', '--subdir', 'DAGS_FOLDER/era5_dag.py', '--cfg-path', '/tmp/tmpwxynznz8']
[2026-06-14T05:00:01.946+0000] {standard_task_runner.py:91} INFO - Job 1533: Subtask era5_instant
[2026-06-14T05:00:02.034+0000] {task_command.py:426} INFO - Running <TaskInstance: era5_download_pipeline.era5_instant scheduled__2026-06-14T04:00:00+00:00 [running]> on host 01cd476fb21a
[2026-06-14T05:00:02.161+0000] {taskinstance.py:2648} INFO - Exporting env vars: AIRFLOW_CTX_DAG_OWNER='era5' AIRFLOW_CTX_DAG_ID='era5_download_pipeline' AIRFLOW_CTX_TASK_ID='era5_instant' AIRFLOW_CTX_EXECUTION_DATE='2026-06-14T04:00:00+00:00' AIRFLOW_CTX_TRY_NUMBER='1' AIRFLOW_CTX_DAG_RUN_ID='scheduled__2026-06-14T04:00:00+00:00'
[2026-06-14T05:00:02.163+0000] {taskinstance.py:430} INFO - ::endgroup::
[2026-06-14T05:00:03.222+0000] {logging_mixin.py:188} WARNING - 2026-06-14 05:00:03,222 INFO [2026-06-11T00:00:00Z] Upcoming essential maintenance sessions on Data Stores underlying infrastructure on 15 June. Service disruption expected. For further details, please [visit our forum announcement](https://forum.ecmwf.int/t/upcoming-essential-maintenance-sessions-on-data-stores-underlying-infrastructure-part-2/150414).
[2026-06-14T05:00:03.222+0000] {legacy_client.py:192} INFO - [2026-06-11T00:00:00Z] Upcoming essential maintenance sessions on Data Stores underlying infrastructure on 15 June. Service disruption expected. For further details, please [visit our forum announcement](https://forum.ecmwf.int/t/upcoming-essential-maintenance-sessions-on-data-stores-underlying-infrastructure-part-2/150414).
[2026-06-14T05:00:03.231+0000] {logging_mixin.py:188} WARNING - 2026-06-14 05:00:03 [INFO] === START job=instant date=2026-06-14 ===
[2026-06-14T05:00:03.231+0000] {era5_functions.py:368} INFO - === START job=instant date=2026-06-14 ===
[2026-06-14T05:00:03.234+0000] {logging_mixin.py:188} WARNING - 2026-06-14 05:00:03 [INFO] --- job=instant date=20260614 ---
[2026-06-14T05:00:03.233+0000] {era5_functions.py:330} INFO - --- job=instant date=20260614 ---
[2026-06-14T05:00:03.881+0000] {logging_mixin.py:188} WARNING - 2026-06-14 05:00:03 [WARNING] get_cds_count failed: 400 Client Error: Bad Request for url: https://cds.climate.copernicus.eu/api/retrieve/v1/processes/reanalysis-era5-single-levels/execution
invalid request
None of the data you have requested is available yet, please revise the period requested. The latest date available for this dataset is: 2026-06-09 05:00
[2026-06-14T05:00:03.881+0000] {era5_functions.py:131} WARNING - get_cds_count failed: 400 Client Error: Bad Request for url: https://cds.climate.copernicus.eu/api/retrieve/v1/processes/reanalysis-era5-single-levels/execution
invalid request
None of the data you have requested is available yet, please revise the period requested. The latest date available for this dataset is: 2026-06-09 05:00
[2026-06-14T05:00:03.885+0000] {logging_mixin.py:188} WARNING - 2026-06-14 05:00:03 [WARNING] CDS ยังไม่มีข้อมูล job=instant date=20260614, skip
[2026-06-14T05:00:03.885+0000] {era5_functions.py:335} WARNING - CDS ยังไม่มีข้อมูล job=instant date=20260614, skip
[2026-06-14T05:00:03.887+0000] {logging_mixin.py:188} WARNING - 2026-06-14 05:00:03 [INFO] --- job=instant date=20260613 ---
[2026-06-14T05:00:03.887+0000] {era5_functions.py:330} INFO - --- job=instant date=20260613 ---
[2026-06-14T05:00:04.505+0000] {logging_mixin.py:188} WARNING - 2026-06-14 05:00:04 [WARNING] get_cds_count failed: 400 Client Error: Bad Request for url: https://cds.climate.copernicus.eu/api/retrieve/v1/processes/reanalysis-era5-single-levels/execution
invalid request
None of the data you have requested is available yet, please revise the period requested. The latest date available for this dataset is: 2026-06-09 05:00
[2026-06-14T05:00:04.504+0000] {era5_functions.py:131} WARNING - get_cds_count failed: 400 Client Error: Bad Request for url: https://cds.climate.copernicus.eu/api/retrieve/v1/processes/reanalysis-era5-single-levels/execution
invalid request
None of the data you have requested is available yet, please revise the period requested. The latest date available for this dataset is: 2026-06-09 05:00
[2026-06-14T05:00:04.510+0000] {logging_mixin.py:188} WARNING - 2026-06-14 05:00:04 [WARNING] CDS ยังไม่มีข้อมูล job=instant date=20260613, skip
[2026-06-14T05:00:04.509+0000] {era5_functions.py:335} WARNING - CDS ยังไม่มีข้อมูล job=instant date=20260613, skip
[2026-06-14T05:00:04.513+0000] {logging_mixin.py:188} WARNING - 2026-06-14 05:00:04 [INFO] --- job=instant date=20260612 ---
[2026-06-14T05:00:04.513+0000] {era5_functions.py:330} INFO - --- job=instant date=20260612 ---
[2026-06-14T05:00:07.036+0000] {logging_mixin.py:188} WARNING - 2026-06-14 05:00:07 [WARNING] get_cds_count failed: 400 Client Error: Bad Request for url: https://cds.climate.copernicus.eu/api/retrieve/v1/processes/reanalysis-era5-single-levels/execution
invalid request
None of the data you have requested is available yet, please revise the period requested. The latest date available for this dataset is: 2026-06-09 05:00
[2026-06-14T05:00:07.036+0000] {era5_functions.py:131} WARNING - get_cds_count failed: 400 Client Error: Bad Request for url: https://cds.climate.copernicus.eu/api/retrieve/v1/processes/reanalysis-era5-single-levels/execution
invalid request
None of the data you have requested is available yet, please revise the period requested. The latest date available for this dataset is: 2026-06-09 05:00
[2026-06-14T05:00:07.039+0000] {logging_mixin.py:188} WARNING - 2026-06-14 05:00:07 [WARNING] CDS ยังไม่มีข้อมูล job=instant date=20260612, skip
[2026-06-14T05:00:07.039+0000] {era5_functions.py:335} WARNING - CDS ยังไม่มีข้อมูล job=instant date=20260612, skip
[2026-06-14T05:00:07.041+0000] {logging_mixin.py:188} WARNING - 2026-06-14 05:00:07 [INFO] --- job=instant date=20260611 ---
[2026-06-14T05:00:07.041+0000] {era5_functions.py:330} INFO - --- job=instant date=20260611 ---
[2026-06-14T05:00:07.690+0000] {logging_mixin.py:188} WARNING - 2026-06-14 05:00:07 [WARNING] get_cds_count failed: 400 Client Error: Bad Request for url: https://cds.climate.copernicus.eu/api/retrieve/v1/processes/reanalysis-era5-single-levels/execution
invalid request
None of the data you have requested is available yet, please revise the period requested. The latest date available for this dataset is: 2026-06-09 05:00
[2026-06-14T05:00:07.690+0000] {era5_functions.py:131} WARNING - get_cds_count failed: 400 Client Error: Bad Request for url: https://cds.climate.copernicus.eu/api/retrieve/v1/processes/reanalysis-era5-single-levels/execution
invalid request
None of the data you have requested is available yet, please revise the period requested. The latest date available for this dataset is: 2026-06-09 05:00
[2026-06-14T05:00:07.700+0000] {logging_mixin.py:188} WARNING - 2026-06-14 05:00:07 [WARNING] CDS ยังไม่มีข้อมูล job=instant date=20260611, skip
[2026-06-14T05:00:07.700+0000] {era5_functions.py:335} WARNING - CDS ยังไม่มีข้อมูล job=instant date=20260611, skip
[2026-06-14T05:00:07.704+0000] {logging_mixin.py:188} WARNING - 2026-06-14 05:00:07 [INFO] --- job=instant date=20260610 ---
[2026-06-14T05:00:07.704+0000] {era5_functions.py:330} INFO - --- job=instant date=20260610 ---
[2026-06-14T05:00:08.281+0000] {logging_mixin.py:188} WARNING - 2026-06-14 05:00:08 [WARNING] get_cds_count failed: 400 Client Error: Bad Request for url: https://cds.climate.copernicus.eu/api/retrieve/v1/processes/reanalysis-era5-single-levels/execution
invalid request
None of the data you have requested is available yet, please revise the period requested. The latest date available for this dataset is: 2026-06-09 05:00
[2026-06-14T05:00:08.280+0000] {era5_functions.py:131} WARNING - get_cds_count failed: 400 Client Error: Bad Request for url: https://cds.climate.copernicus.eu/api/retrieve/v1/processes/reanalysis-era5-single-levels/execution
invalid request
None of the data you have requested is available yet, please revise the period requested. The latest date available for this dataset is: 2026-06-09 05:00
[2026-06-14T05:00:08.285+0000] {logging_mixin.py:188} WARNING - 2026-06-14 05:00:08 [WARNING] CDS ยังไม่มีข้อมูล job=instant date=20260610, skip
[2026-06-14T05:00:08.284+0000] {era5_functions.py:335} WARNING - CDS ยังไม่มีข้อมูล job=instant date=20260610, skip
[2026-06-14T05:00:08.287+0000] {logging_mixin.py:188} WARNING - 2026-06-14 05:00:08 [INFO] --- job=instant date=20260609 ---
[2026-06-14T05:00:08.287+0000] {era5_functions.py:330} INFO - --- job=instant date=20260609 ---
[2026-06-14T05:00:09.010+0000] {logging_mixin.py:188} WARNING - 2026-06-14 05:00:09,009 INFO [2025-12-11T00:00:00] Please note that a dedicated catalogue entry for this dataset, post-processed and stored in Analysis Ready Cloud Optimized (ARCO) format (Zarr), is available for optimised time-series retrievals (i.e. for retrieving data from selected variables for a single point over an extended period of time in an efficient way). You can discover it [here](https://cds.climate.copernicus.eu/datasets/reanalysis-era5-single-levels-timeseries?tab=overview)
[2026-06-14T05:00:09.009+0000] {legacy_client.py:192} INFO - [2025-12-11T00:00:00] Please note that a dedicated catalogue entry for this dataset, post-processed and stored in Analysis Ready Cloud Optimized (ARCO) format (Zarr), is available for optimised time-series retrievals (i.e. for retrieving data from selected variables for a single point over an extended period of time in an efficient way). You can discover it [here](https://cds.climate.copernicus.eu/datasets/reanalysis-era5-single-levels-timeseries?tab=overview)
[2026-06-14T05:00:09.015+0000] {logging_mixin.py:188} WARNING - 2026-06-14 05:00:09,015 INFO Request ID is 2ce32477-ba1a-4a29-876b-9e3217b6ee2a
[2026-06-14T05:00:09.015+0000] {legacy_client.py:192} INFO - Request ID is 2ce32477-ba1a-4a29-876b-9e3217b6ee2a
[2026-06-14T05:00:09.227+0000] {logging_mixin.py:188} WARNING - 2026-06-14 05:00:09,226 INFO status has been updated to accepted
[2026-06-14T05:00:09.226+0000] {legacy_client.py:192} INFO - status has been updated to accepted
[2026-06-14T05:00:24.024+0000] {logging_mixin.py:188} WARNING - 2026-06-14 05:00:24,023 INFO status has been updated to running
[2026-06-14T05:00:24.023+0000] {legacy_client.py:192} INFO - status has been updated to running
[2026-06-14T05:00:32.287+0000] {logging_mixin.py:188} WARNING - 2026-06-14 05:00:32,287 INFO status has been updated to successful
[2026-06-14T05:00:32.287+0000] {legacy_client.py:192} INFO - status has been updated to successful
[2026-06-14T05:00:32.702+0000] {base.py:119} INFO - Downloading https://object-store.os-api.cci2.ecmwf.int:443/cci2-prod-cache-3/2026-06-14/a9e5228819a872e46d9e1c630875e47c.nc
[2026-06-14T05:00:33.361+0000] {logging_mixin.py:188} WARNING - a9e5228819a872e46d9e1c630875e47c.nc:   0%|          | 0.00/720k [00:00<?, ?B/s]
[2026-06-14T05:00:35.278+0000] {logging_mixin.py:188} WARNING - a9e5228819a872e46d9e1c630875e47c.nc: 100%|##########| 720k/720k [00:01<00:00, 385kB/s]
[2026-06-14T05:00:35.283+0000] {logging_mixin.py:188} WARNING -                                                                                       
[2026-06-14T05:00:35.585+0000] {logging_mixin.py:188} WARNING - 2026-06-14 05:00:35 [INFO] CDS timestep available: 6
[2026-06-14T05:00:35.585+0000] {era5_functions.py:128} INFO - CDS timestep available: 6
[2026-06-14T05:00:35.661+0000] {logging_mixin.py:188} WARNING - 2026-06-14 05:00:35 [INFO] local timestep: 5 — /opt/***/era5/ecmwf/data/nc/_raw/2026/06/09/instant_20260609.nc
[2026-06-14T05:00:35.661+0000] {era5_functions.py:152} INFO - local timestep: 5 — /opt/***/era5/ecmwf/data/nc/_raw/2026/06/09/instant_20260609.nc
[2026-06-14T05:00:35.668+0000] {logging_mixin.py:188} WARNING - 2026-06-14 05:00:35 [INFO] nc outdated (local=5 < cds=6), removing: /opt/***/era5/ecmwf/data/nc/_raw/2026/06/09/instant_20260609.nc
[2026-06-14T05:00:35.668+0000] {era5_functions.py:193} INFO - nc outdated (local=5 < cds=6), removing: /opt/***/era5/ecmwf/data/nc/_raw/2026/06/09/instant_20260609.nc
[2026-06-14T05:00:35.688+0000] {logging_mixin.py:188} WARNING - 2026-06-14 05:00:35 [INFO] download attempt 1/3: /opt/***/era5/ecmwf/data/nc/_raw/2026/06/09/instant_20260609.nc
[2026-06-14T05:00:35.688+0000] {era5_functions.py:200} INFO - download attempt 1/3: /opt/***/era5/ecmwf/data/nc/_raw/2026/06/09/instant_20260609.nc
[2026-06-14T05:00:36.506+0000] {logging_mixin.py:188} WARNING - 2026-06-14 05:00:36,506 INFO [2025-12-11T00:00:00] Please note that a dedicated catalogue entry for this dataset, post-processed and stored in Analysis Ready Cloud Optimized (ARCO) format (Zarr), is available for optimised time-series retrievals (i.e. for retrieving data from selected variables for a single point over an extended period of time in an efficient way). You can discover it [here](https://cds.climate.copernicus.eu/datasets/reanalysis-era5-single-levels-timeseries?tab=overview)
[2026-06-14T05:00:36.506+0000] {legacy_client.py:192} INFO - [2025-12-11T00:00:00] Please note that a dedicated catalogue entry for this dataset, post-processed and stored in Analysis Ready Cloud Optimized (ARCO) format (Zarr), is available for optimised time-series retrievals (i.e. for retrieving data from selected variables for a single point over an extended period of time in an efficient way). You can discover it [here](https://cds.climate.copernicus.eu/datasets/reanalysis-era5-single-levels-timeseries?tab=overview)
[2026-06-14T05:00:36.510+0000] {logging_mixin.py:188} WARNING - 2026-06-14 05:00:36,510 INFO Request ID is 69f9afd3-3020-4f70-b032-dbb69913768c
[2026-06-14T05:00:36.510+0000] {legacy_client.py:192} INFO - Request ID is 69f9afd3-3020-4f70-b032-dbb69913768c
[2026-06-14T05:00:36.731+0000] {logging_mixin.py:188} WARNING - 2026-06-14 05:00:36,730 INFO status has been updated to accepted
[2026-06-14T05:00:36.730+0000] {legacy_client.py:192} INFO - status has been updated to accepted
[2026-06-14T05:01:00.920+0000] {logging_mixin.py:188} WARNING - 2026-06-14 05:01:00,919 INFO status has been updated to successful
[2026-06-14T05:01:00.919+0000] {legacy_client.py:192} INFO - status has been updated to successful
[2026-06-14T05:01:01.354+0000] {base.py:119} INFO - Downloading https://object-store.os-api.cci2.ecmwf.int:443/cci2-prod-cache-1/2026-06-14/4b379cdde2cd078ff4ee15f93b07c4e1.nc
[2026-06-14T05:01:02.022+0000] {logging_mixin.py:188} WARNING - 4b379cdde2cd078ff4ee15f93b07c4e1.nc:   0%|          | 0.00/720k [00:00<?, ?B/s]
[2026-06-14T05:01:03.618+0000] {logging_mixin.py:188} WARNING - 4b379cdde2cd078ff4ee15f93b07c4e1.nc: 100%|##########| 720k/720k [00:01<00:00, 462kB/s]
[2026-06-14T05:01:03.639+0000] {logging_mixin.py:188} WARNING -                                                                                       
[2026-06-14T05:01:03.772+0000] {logging_mixin.py:188} WARNING - 2026-06-14 05:01:03 [INFO] nc downloaded ok: /opt/***/era5/ecmwf/data/nc/_raw/2026/06/09/instant_20260609.nc
[2026-06-14T05:01:03.772+0000] {era5_functions.py:204} INFO - nc downloaded ok: /opt/***/era5/ecmwf/data/nc/_raw/2026/06/09/instant_20260609.nc
[2026-06-14T05:01:03.855+0000] {logging_mixin.py:188} WARNING - 2026-06-14 05:01:03 [INFO] local timestep: 6 — /opt/***/era5/ecmwf/data/nc/_raw/2026/06/09/instant_20260609.nc
[2026-06-14T05:01:03.854+0000] {era5_functions.py:152} INFO - local timestep: 6 — /opt/***/era5/ecmwf/data/nc/_raw/2026/06/09/instant_20260609.nc
[2026-06-14T05:01:03.960+0000] {logging_mixin.py:188} WARNING - 2026-06-14 05:01:03 [INFO] tif outdated (tif=5 < nc=6), removing: /opt/***/era5/ecmwf/data/tif/2026/06/09/t2m_20260609.tif
[2026-06-14T05:01:03.959+0000] {era5_functions.py:261} INFO - tif outdated (tif=5 < nc=6), removing: /opt/***/era5/ecmwf/data/tif/2026/06/09/t2m_20260609.tif
[2026-06-14T05:01:04.037+0000] {logging_mixin.py:188} WARNING - 2026-06-14 05:01:04 [INFO] tif ok (bands=6): /opt/***/era5/ecmwf/data/tif/2026/06/09/t2m_20260609.tif
[2026-06-14T05:01:04.037+0000] {era5_functions.py:304} INFO - tif ok (bands=6): /opt/***/era5/ecmwf/data/tif/2026/06/09/t2m_20260609.tif
[2026-06-14T05:01:04.054+0000] {logging_mixin.py:188} WARNING - 2026-06-14 05:01:04 [INFO] tif outdated (tif=5 < nc=6), removing: /opt/***/era5/ecmwf/data/tif/2026/06/09/d2m_20260609.tif
[2026-06-14T05:01:04.054+0000] {era5_functions.py:261} INFO - tif outdated (tif=5 < nc=6), removing: /opt/***/era5/ecmwf/data/tif/2026/06/09/d2m_20260609.tif
[2026-06-14T05:01:04.145+0000] {logging_mixin.py:188} WARNING - 2026-06-14 05:01:04 [INFO] tif ok (bands=6): /opt/***/era5/ecmwf/data/tif/2026/06/09/d2m_20260609.tif
[2026-06-14T05:01:04.145+0000] {era5_functions.py:304} INFO - tif ok (bands=6): /opt/***/era5/ecmwf/data/tif/2026/06/09/d2m_20260609.tif
[2026-06-14T05:01:04.163+0000] {logging_mixin.py:188} WARNING - 2026-06-14 05:01:04 [INFO] tif outdated (tif=5 < nc=6), removing: /opt/***/era5/ecmwf/data/tif/2026/06/09/sp_20260609.tif
[2026-06-14T05:01:04.163+0000] {era5_functions.py:261} INFO - tif outdated (tif=5 < nc=6), removing: /opt/***/era5/ecmwf/data/tif/2026/06/09/sp_20260609.tif
[2026-06-14T05:01:04.241+0000] {logging_mixin.py:188} WARNING - 2026-06-14 05:01:04 [INFO] tif ok (bands=6): /opt/***/era5/ecmwf/data/tif/2026/06/09/sp_20260609.tif
[2026-06-14T05:01:04.241+0000] {era5_functions.py:304} INFO - tif ok (bands=6): /opt/***/era5/ecmwf/data/tif/2026/06/09/sp_20260609.tif
[2026-06-14T05:01:04.260+0000] {logging_mixin.py:188} WARNING - 2026-06-14 05:01:04 [INFO] tif outdated (tif=5 < nc=6), removing: /opt/***/era5/ecmwf/data/tif/2026/06/09/blh_20260609.tif
[2026-06-14T05:01:04.260+0000] {era5_functions.py:261} INFO - tif outdated (tif=5 < nc=6), removing: /opt/***/era5/ecmwf/data/tif/2026/06/09/blh_20260609.tif
[2026-06-14T05:01:04.344+0000] {logging_mixin.py:188} WARNING - 2026-06-14 05:01:04 [INFO] tif ok (bands=6): /opt/***/era5/ecmwf/data/tif/2026/06/09/blh_20260609.tif
[2026-06-14T05:01:04.344+0000] {era5_functions.py:304} INFO - tif ok (bands=6): /opt/***/era5/ecmwf/data/tif/2026/06/09/blh_20260609.tif
[2026-06-14T05:01:04.362+0000] {logging_mixin.py:188} WARNING - 2026-06-14 05:01:04 [INFO] tif outdated (tif=5 < nc=6), removing: /opt/***/era5/ecmwf/data/tif/2026/06/09/u10_20260609.tif
[2026-06-14T05:01:04.362+0000] {era5_functions.py:261} INFO - tif outdated (tif=5 < nc=6), removing: /opt/***/era5/ecmwf/data/tif/2026/06/09/u10_20260609.tif
[2026-06-14T05:01:04.449+0000] {logging_mixin.py:188} WARNING - 2026-06-14 05:01:04 [INFO] tif ok (bands=6): /opt/***/era5/ecmwf/data/tif/2026/06/09/u10_20260609.tif
[2026-06-14T05:01:04.449+0000] {era5_functions.py:304} INFO - tif ok (bands=6): /opt/***/era5/ecmwf/data/tif/2026/06/09/u10_20260609.tif
[2026-06-14T05:01:04.467+0000] {logging_mixin.py:188} WARNING - 2026-06-14 05:01:04 [INFO] tif outdated (tif=5 < nc=6), removing: /opt/***/era5/ecmwf/data/tif/2026/06/09/v10_20260609.tif
[2026-06-14T05:01:04.467+0000] {era5_functions.py:261} INFO - tif outdated (tif=5 < nc=6), removing: /opt/***/era5/ecmwf/data/tif/2026/06/09/v10_20260609.tif
[2026-06-14T05:01:04.552+0000] {logging_mixin.py:188} WARNING - 2026-06-14 05:01:04 [INFO] tif ok (bands=6): /opt/***/era5/ecmwf/data/tif/2026/06/09/v10_20260609.tif
[2026-06-14T05:01:04.551+0000] {era5_functions.py:304} INFO - tif ok (bands=6): /opt/***/era5/ecmwf/data/tif/2026/06/09/v10_20260609.tif
[2026-06-14T05:01:04.557+0000] {logging_mixin.py:188} WARNING - 2026-06-14 05:01:04 [INFO] === END job=instant date=2026-06-14 ===
[2026-06-14T05:01:04.556+0000] {era5_functions.py:379} INFO - === END job=instant date=2026-06-14 ===
[2026-06-14T05:01:04.559+0000] {python.py:237} INFO - Done. Returned value was: None
[2026-06-14T05:01:04.560+0000] {taskinstance.py:441} INFO - ::group::Post task execution logs
[2026-06-14T05:01:04.573+0000] {taskinstance.py:1206} INFO - Marking task as SUCCESS. dag_id=era5_download_pipeline, task_id=era5_instant, run_id=scheduled__2026-06-14T04:00:00+00:00, execution_date=20260614T040000, start_date=20260614T050001, end_date=20260614T050104
[2026-06-14T05:01:04.645+0000] {local_task_job_runner.py:240} INFO - Task exited with return code 0
[2026-06-14T05:01:04.672+0000] {taskinstance.py:3498} INFO - 1 downstream tasks scheduled from follow-on schedule check
[2026-06-14T05:01:04.676+0000] {local_task_job_runner.py:222} INFO - ::endgroup::
