[2026-06-04T08:01:29.250+0000] {local_task_job_runner.py:120} INFO - ::group::Pre task execution logs
[2026-06-04T08:01:29.277+0000] {taskinstance.py:2076} INFO - Dependencies all met for dep_context=non-requeueable deps ti=<TaskInstance: era5_download_pipeline.era5_accum scheduled__2026-06-04T07:00:00+00:00 [queued]>
[2026-06-04T08:01:29.288+0000] {taskinstance.py:2076} INFO - Dependencies all met for dep_context=requeueable deps ti=<TaskInstance: era5_download_pipeline.era5_accum scheduled__2026-06-04T07:00:00+00:00 [queued]>
[2026-06-04T08:01:29.290+0000] {taskinstance.py:2306} INFO - Starting attempt 1 of 1
[2026-06-04T08:01:29.306+0000] {taskinstance.py:2330} INFO - Executing <Task(PythonOperator): era5_accum> on 2026-06-04 07:00:00+00:00
[2026-06-04T08:01:29.319+0000] {warnings.py:110} WARNING - /home/***/.local/lib/python3.12/site-packages/***/task/task_runner/standard_task_runner.py:61: DeprecationWarning: This process (pid=38222) is multi-threaded, use of fork() may lead to deadlocks in the child.
  pid = os.fork()

[2026-06-04T08:01:29.323+0000] {standard_task_runner.py:63} INFO - Started process 38224 to run task
[2026-06-04T08:01:29.322+0000] {standard_task_runner.py:90} INFO - Running: ['***', 'tasks', 'run', 'era5_download_pipeline', 'era5_accum', 'scheduled__2026-06-04T07:00:00+00:00', '--job-id', '899', '--raw', '--subdir', 'DAGS_FOLDER/era5_dag.py', '--cfg-path', '/tmp/tmpziag37l1']
[2026-06-04T08:01:29.326+0000] {standard_task_runner.py:91} INFO - Job 899: Subtask era5_accum
[2026-06-04T08:01:29.410+0000] {task_command.py:426} INFO - Running <TaskInstance: era5_download_pipeline.era5_accum scheduled__2026-06-04T07:00:00+00:00 [running]> on host 01cd476fb21a
[2026-06-04T08:01:29.541+0000] {taskinstance.py:2648} INFO - Exporting env vars: AIRFLOW_CTX_DAG_OWNER='era5' AIRFLOW_CTX_DAG_ID='era5_download_pipeline' AIRFLOW_CTX_TASK_ID='era5_accum' AIRFLOW_CTX_EXECUTION_DATE='2026-06-04T07:00:00+00:00' AIRFLOW_CTX_TRY_NUMBER='1' AIRFLOW_CTX_DAG_RUN_ID='scheduled__2026-06-04T07:00:00+00:00'
[2026-06-04T08:01:29.543+0000] {taskinstance.py:430} INFO - ::endgroup::
[2026-06-04T08:01:30.606+0000] {logging_mixin.py:188} WARNING - 2026-06-04 08:01:30 [INFO] === START job=accum date=2026-06-04 ===
[2026-06-04T08:01:30.605+0000] {era5_functions.py:368} INFO - === START job=accum date=2026-06-04 ===
[2026-06-04T08:01:30.609+0000] {logging_mixin.py:188} WARNING - 2026-06-04 08:01:30 [INFO] --- job=accum date=20260604 ---
[2026-06-04T08:01:30.609+0000] {era5_functions.py:330} INFO - --- job=accum date=20260604 ---
[2026-06-04T08:01:31.192+0000] {logging_mixin.py:188} WARNING - 2026-06-04 08:01:31 [WARNING] get_cds_count failed: 400 Client Error: Bad Request for url: https://cds.climate.copernicus.eu/api/retrieve/v1/processes/reanalysis-era5-single-levels/execution
invalid request
None of the data you have requested is available yet, please revise the period requested. The latest date available for this dataset is: 2026-05-30 08:00
[2026-06-04T08:01:31.192+0000] {era5_functions.py:131} WARNING - get_cds_count failed: 400 Client Error: Bad Request for url: https://cds.climate.copernicus.eu/api/retrieve/v1/processes/reanalysis-era5-single-levels/execution
invalid request
None of the data you have requested is available yet, please revise the period requested. The latest date available for this dataset is: 2026-05-30 08:00
[2026-06-04T08:01:31.195+0000] {logging_mixin.py:188} WARNING - 2026-06-04 08:01:31 [WARNING] CDS ยังไม่มีข้อมูล job=accum date=20260604, skip
[2026-06-04T08:01:31.194+0000] {era5_functions.py:335} WARNING - CDS ยังไม่มีข้อมูล job=accum date=20260604, skip
[2026-06-04T08:01:31.196+0000] {logging_mixin.py:188} WARNING - 2026-06-04 08:01:31 [INFO] --- job=accum date=20260603 ---
[2026-06-04T08:01:31.196+0000] {era5_functions.py:330} INFO - --- job=accum date=20260603 ---
[2026-06-04T08:01:31.601+0000] {logging_mixin.py:188} WARNING - 2026-06-04 08:01:31 [WARNING] get_cds_count failed: 400 Client Error: Bad Request for url: https://cds.climate.copernicus.eu/api/retrieve/v1/processes/reanalysis-era5-single-levels/execution
invalid request
None of the data you have requested is available yet, please revise the period requested. The latest date available for this dataset is: 2026-05-30 08:00
[2026-06-04T08:01:31.601+0000] {era5_functions.py:131} WARNING - get_cds_count failed: 400 Client Error: Bad Request for url: https://cds.climate.copernicus.eu/api/retrieve/v1/processes/reanalysis-era5-single-levels/execution
invalid request
None of the data you have requested is available yet, please revise the period requested. The latest date available for this dataset is: 2026-05-30 08:00
[2026-06-04T08:01:31.604+0000] {logging_mixin.py:188} WARNING - 2026-06-04 08:01:31 [WARNING] CDS ยังไม่มีข้อมูล job=accum date=20260603, skip
[2026-06-04T08:01:31.604+0000] {era5_functions.py:335} WARNING - CDS ยังไม่มีข้อมูล job=accum date=20260603, skip
[2026-06-04T08:01:31.607+0000] {logging_mixin.py:188} WARNING - 2026-06-04 08:01:31 [INFO] --- job=accum date=20260602 ---
[2026-06-04T08:01:31.607+0000] {era5_functions.py:330} INFO - --- job=accum date=20260602 ---
[2026-06-04T08:01:32.592+0000] {logging_mixin.py:188} WARNING - 2026-06-04 08:01:32 [WARNING] get_cds_count failed: 400 Client Error: Bad Request for url: https://cds.climate.copernicus.eu/api/retrieve/v1/processes/reanalysis-era5-single-levels/execution
invalid request
None of the data you have requested is available yet, please revise the period requested. The latest date available for this dataset is: 2026-05-30 08:00
[2026-06-04T08:01:32.591+0000] {era5_functions.py:131} WARNING - get_cds_count failed: 400 Client Error: Bad Request for url: https://cds.climate.copernicus.eu/api/retrieve/v1/processes/reanalysis-era5-single-levels/execution
invalid request
None of the data you have requested is available yet, please revise the period requested. The latest date available for this dataset is: 2026-05-30 08:00
[2026-06-04T08:01:32.595+0000] {logging_mixin.py:188} WARNING - 2026-06-04 08:01:32 [WARNING] CDS ยังไม่มีข้อมูล job=accum date=20260602, skip
[2026-06-04T08:01:32.595+0000] {era5_functions.py:335} WARNING - CDS ยังไม่มีข้อมูล job=accum date=20260602, skip
[2026-06-04T08:01:32.597+0000] {logging_mixin.py:188} WARNING - 2026-06-04 08:01:32 [INFO] --- job=accum date=20260601 ---
[2026-06-04T08:01:32.597+0000] {era5_functions.py:330} INFO - --- job=accum date=20260601 ---
[2026-06-04T08:01:33.010+0000] {logging_mixin.py:188} WARNING - 2026-06-04 08:01:33 [WARNING] get_cds_count failed: 400 Client Error: Bad Request for url: https://cds.climate.copernicus.eu/api/retrieve/v1/processes/reanalysis-era5-single-levels/execution
invalid request
None of the data you have requested is available yet, please revise the period requested. The latest date available for this dataset is: 2026-05-30 08:00
[2026-06-04T08:01:33.010+0000] {era5_functions.py:131} WARNING - get_cds_count failed: 400 Client Error: Bad Request for url: https://cds.climate.copernicus.eu/api/retrieve/v1/processes/reanalysis-era5-single-levels/execution
invalid request
None of the data you have requested is available yet, please revise the period requested. The latest date available for this dataset is: 2026-05-30 08:00
[2026-06-04T08:01:33.013+0000] {logging_mixin.py:188} WARNING - 2026-06-04 08:01:33 [WARNING] CDS ยังไม่มีข้อมูล job=accum date=20260601, skip
[2026-06-04T08:01:33.013+0000] {era5_functions.py:335} WARNING - CDS ยังไม่มีข้อมูล job=accum date=20260601, skip
[2026-06-04T08:01:33.017+0000] {logging_mixin.py:188} WARNING - 2026-06-04 08:01:33 [INFO] --- job=accum date=20260531 ---
[2026-06-04T08:01:33.016+0000] {era5_functions.py:330} INFO - --- job=accum date=20260531 ---
[2026-06-04T08:01:33.417+0000] {logging_mixin.py:188} WARNING - 2026-06-04 08:01:33 [WARNING] get_cds_count failed: 400 Client Error: Bad Request for url: https://cds.climate.copernicus.eu/api/retrieve/v1/processes/reanalysis-era5-single-levels/execution
invalid request
None of the data you have requested is available yet, please revise the period requested. The latest date available for this dataset is: 2026-05-30 08:00
[2026-06-04T08:01:33.417+0000] {era5_functions.py:131} WARNING - get_cds_count failed: 400 Client Error: Bad Request for url: https://cds.climate.copernicus.eu/api/retrieve/v1/processes/reanalysis-era5-single-levels/execution
invalid request
None of the data you have requested is available yet, please revise the period requested. The latest date available for this dataset is: 2026-05-30 08:00
[2026-06-04T08:01:33.421+0000] {logging_mixin.py:188} WARNING - 2026-06-04 08:01:33 [WARNING] CDS ยังไม่มีข้อมูล job=accum date=20260531, skip
[2026-06-04T08:01:33.421+0000] {era5_functions.py:335} WARNING - CDS ยังไม่มีข้อมูล job=accum date=20260531, skip
[2026-06-04T08:01:33.423+0000] {logging_mixin.py:188} WARNING - 2026-06-04 08:01:33 [INFO] --- job=accum date=20260530 ---
[2026-06-04T08:01:33.423+0000] {era5_functions.py:330} INFO - --- job=accum date=20260530 ---
[2026-06-04T08:01:33.955+0000] {logging_mixin.py:188} WARNING - 2026-06-04 08:01:33,955 INFO [2025-12-11T00:00:00] Please note that a dedicated catalogue entry for this dataset, post-processed and stored in Analysis Ready Cloud Optimized (ARCO) format (Zarr), is available for optimised time-series retrievals (i.e. for retrieving data from selected variables for a single point over an extended period of time in an efficient way). You can discover it [here](https://cds.climate.copernicus.eu/datasets/reanalysis-era5-single-levels-timeseries?tab=overview)
[2026-06-04T08:01:33.955+0000] {legacy_client.py:192} INFO - [2025-12-11T00:00:00] Please note that a dedicated catalogue entry for this dataset, post-processed and stored in Analysis Ready Cloud Optimized (ARCO) format (Zarr), is available for optimised time-series retrievals (i.e. for retrieving data from selected variables for a single point over an extended period of time in an efficient way). You can discover it [here](https://cds.climate.copernicus.eu/datasets/reanalysis-era5-single-levels-timeseries?tab=overview)
[2026-06-04T08:01:33.957+0000] {logging_mixin.py:188} WARNING - 2026-06-04 08:01:33,957 INFO Request ID is d0312664-2298-4016-b4d0-a68357a51efc
[2026-06-04T08:01:33.957+0000] {legacy_client.py:192} INFO - Request ID is d0312664-2298-4016-b4d0-a68357a51efc
[2026-06-04T08:01:34.165+0000] {logging_mixin.py:188} WARNING - 2026-06-04 08:01:34,165 INFO status has been updated to accepted
[2026-06-04T08:01:34.165+0000] {legacy_client.py:192} INFO - status has been updated to accepted
[2026-06-04T08:05:56.539+0000] {logging_mixin.py:188} WARNING - 2026-06-04 08:05:56,539 INFO status has been updated to successful
[2026-06-04T08:05:56.539+0000] {legacy_client.py:192} INFO - status has been updated to successful
[2026-06-04T08:05:56.954+0000] {base.py:119} INFO - Downloading https://object-store.os-api.cci2.ecmwf.int:443/cci2-prod-cache-1/2026-06-04/47fcd020be84ab8d6caf9fcb782ac295.nc
[2026-06-04T08:05:57.935+0000] {logging_mixin.py:188} WARNING - 47fcd020be84ab8d6caf9fcb782ac295.nc:   0%|          | 0.00/155k [00:00<?, ?B/s]
[2026-06-04T08:05:59.149+0000] {logging_mixin.py:188} WARNING - 47fcd020be84ab8d6caf9fcb782ac295.nc: 100%|##########| 155k/155k [00:01<00:00, 131kB/s]
[2026-06-04T08:05:59.153+0000] {logging_mixin.py:188} WARNING -                                                                                       
[2026-06-04T08:05:59.404+0000] {logging_mixin.py:188} WARNING - 2026-06-04 08:05:59 [INFO] CDS timestep available: 9
[2026-06-04T08:05:59.404+0000] {era5_functions.py:128} INFO - CDS timestep available: 9
[2026-06-04T08:05:59.468+0000] {logging_mixin.py:188} WARNING - 2026-06-04 08:05:59 [INFO] local timestep: 8 — /opt/***/era5/ecmwf/data/nc/_raw/2026/05/30/accum_20260530.nc
[2026-06-04T08:05:59.467+0000] {era5_functions.py:152} INFO - local timestep: 8 — /opt/***/era5/ecmwf/data/nc/_raw/2026/05/30/accum_20260530.nc
[2026-06-04T08:05:59.475+0000] {logging_mixin.py:188} WARNING - 2026-06-04 08:05:59 [INFO] nc outdated (local=8 < cds=9), removing: /opt/***/era5/ecmwf/data/nc/_raw/2026/05/30/accum_20260530.nc
[2026-06-04T08:05:59.475+0000] {era5_functions.py:193} INFO - nc outdated (local=8 < cds=9), removing: /opt/***/era5/ecmwf/data/nc/_raw/2026/05/30/accum_20260530.nc
[2026-06-04T08:05:59.495+0000] {logging_mixin.py:188} WARNING - 2026-06-04 08:05:59 [INFO] download attempt 1/3: /opt/***/era5/ecmwf/data/nc/_raw/2026/05/30/accum_20260530.nc
[2026-06-04T08:05:59.495+0000] {era5_functions.py:200} INFO - download attempt 1/3: /opt/***/era5/ecmwf/data/nc/_raw/2026/05/30/accum_20260530.nc
[2026-06-04T08:06:03.595+0000] {logging_mixin.py:188} WARNING - 2026-06-04 08:06:03,595 INFO [2025-12-11T00:00:00] Please note that a dedicated catalogue entry for this dataset, post-processed and stored in Analysis Ready Cloud Optimized (ARCO) format (Zarr), is available for optimised time-series retrievals (i.e. for retrieving data from selected variables for a single point over an extended period of time in an efficient way). You can discover it [here](https://cds.climate.copernicus.eu/datasets/reanalysis-era5-single-levels-timeseries?tab=overview)
[2026-06-04T08:06:03.595+0000] {legacy_client.py:192} INFO - [2025-12-11T00:00:00] Please note that a dedicated catalogue entry for this dataset, post-processed and stored in Analysis Ready Cloud Optimized (ARCO) format (Zarr), is available for optimised time-series retrievals (i.e. for retrieving data from selected variables for a single point over an extended period of time in an efficient way). You can discover it [here](https://cds.climate.copernicus.eu/datasets/reanalysis-era5-single-levels-timeseries?tab=overview)
[2026-06-04T08:06:03.598+0000] {logging_mixin.py:188} WARNING - 2026-06-04 08:06:03,598 INFO Request ID is 4d60f270-b0e5-4e78-ae5a-d737181b37f8
[2026-06-04T08:06:03.598+0000] {legacy_client.py:192} INFO - Request ID is 4d60f270-b0e5-4e78-ae5a-d737181b37f8
[2026-06-04T08:06:03.802+0000] {logging_mixin.py:188} WARNING - 2026-06-04 08:06:03,802 INFO status has been updated to accepted
[2026-06-04T08:06:03.802+0000] {legacy_client.py:192} INFO - status has been updated to accepted
[2026-06-04T08:06:25.873+0000] {logging_mixin.py:188} WARNING - 2026-06-04 08:06:25,873 INFO status has been updated to running
[2026-06-04T08:06:25.873+0000] {legacy_client.py:192} INFO - status has been updated to running
[2026-06-04T08:06:37.492+0000] {logging_mixin.py:188} WARNING - 2026-06-04 08:06:37,492 INFO status has been updated to successful
[2026-06-04T08:06:37.492+0000] {legacy_client.py:192} INFO - status has been updated to successful
[2026-06-04T08:06:37.925+0000] {base.py:119} INFO - Downloading https://object-store.os-api.cci2.ecmwf.int:443/cci2-prod-cache-2/2026-06-04/c55093002ceb840e48249a9f0275cc92.nc
[2026-06-04T08:06:38.919+0000] {logging_mixin.py:188} WARNING - c55093002ceb840e48249a9f0275cc92.nc:   0%|          | 0.00/155k [00:00<?, ?B/s]
[2026-06-04T08:06:40.150+0000] {logging_mixin.py:188} WARNING - c55093002ceb840e48249a9f0275cc92.nc: 100%|##########| 155k/155k [00:01<00:00, 129kB/s]
[2026-06-04T08:06:40.171+0000] {logging_mixin.py:188} WARNING -                                                                                       
[2026-06-04T08:06:40.268+0000] {logging_mixin.py:188} WARNING - 2026-06-04 08:06:40 [INFO] nc downloaded ok: /opt/***/era5/ecmwf/data/nc/_raw/2026/05/30/accum_20260530.nc
[2026-06-04T08:06:40.267+0000] {era5_functions.py:204} INFO - nc downloaded ok: /opt/***/era5/ecmwf/data/nc/_raw/2026/05/30/accum_20260530.nc
[2026-06-04T08:06:40.335+0000] {logging_mixin.py:188} WARNING - 2026-06-04 08:06:40 [INFO] local timestep: 9 — /opt/***/era5/ecmwf/data/nc/_raw/2026/05/30/accum_20260530.nc
[2026-06-04T08:06:40.335+0000] {era5_functions.py:152} INFO - local timestep: 9 — /opt/***/era5/ecmwf/data/nc/_raw/2026/05/30/accum_20260530.nc
[2026-06-04T08:06:40.415+0000] {logging_mixin.py:188} WARNING - 2026-06-04 08:06:40 [INFO] tif outdated (tif=8 < nc=9), removing: /opt/***/era5/ecmwf/data/tif/2026/05/30/tp_20260530.tif
[2026-06-04T08:06:40.415+0000] {era5_functions.py:261} INFO - tif outdated (tif=8 < nc=9), removing: /opt/***/era5/ecmwf/data/tif/2026/05/30/tp_20260530.tif
[2026-06-04T08:06:40.507+0000] {logging_mixin.py:188} WARNING - 2026-06-04 08:06:40 [INFO] tif ok (bands=9): /opt/***/era5/ecmwf/data/tif/2026/05/30/tp_20260530.tif
[2026-06-04T08:06:40.507+0000] {era5_functions.py:304} INFO - tif ok (bands=9): /opt/***/era5/ecmwf/data/tif/2026/05/30/tp_20260530.tif
[2026-06-04T08:06:40.511+0000] {logging_mixin.py:188} WARNING - 2026-06-04 08:06:40 [INFO] === END job=accum date=2026-06-04 ===
[2026-06-04T08:06:40.511+0000] {era5_functions.py:379} INFO - === END job=accum date=2026-06-04 ===
[2026-06-04T08:06:40.513+0000] {python.py:237} INFO - Done. Returned value was: None
[2026-06-04T08:06:40.514+0000] {taskinstance.py:441} INFO - ::group::Post task execution logs
[2026-06-04T08:06:40.532+0000] {taskinstance.py:1206} INFO - Marking task as SUCCESS. dag_id=era5_download_pipeline, task_id=era5_accum, run_id=scheduled__2026-06-04T07:00:00+00:00, execution_date=20260604T070000, start_date=20260604T080129, end_date=20260604T080640
[2026-06-04T08:06:40.636+0000] {local_task_job_runner.py:240} INFO - Task exited with return code 0
[2026-06-04T08:06:40.663+0000] {taskinstance.py:3498} INFO - 0 downstream tasks scheduled from follow-on schedule check
[2026-06-04T08:06:40.666+0000] {local_task_job_runner.py:222} INFO - ::endgroup::
