[2026-05-18T08:55:23.549+0000] {local_task_job_runner.py:120} INFO - ::group::Pre task execution logs
[2026-05-18T08:55:23.566+0000] {taskinstance.py:2076} INFO - Dependencies all met for dep_context=non-requeueable deps ti=<TaskInstance: era5_ecmwf_pipeline.era5_accum manual__2026-05-18T07:54:27.899918+00:00 [queued]>
[2026-05-18T08:55:23.572+0000] {taskinstance.py:2076} INFO - Dependencies all met for dep_context=requeueable deps ti=<TaskInstance: era5_ecmwf_pipeline.era5_accum manual__2026-05-18T07:54:27.899918+00:00 [queued]>
[2026-05-18T08:55:23.573+0000] {taskinstance.py:2306} INFO - Starting attempt 7 of 8
[2026-05-18T08:55:23.584+0000] {taskinstance.py:2330} INFO - Executing <Task(PythonOperator): era5_accum> on 2026-05-18 07:54:27.899918+00:00
[2026-05-18T08:55:23.592+0000] {warnings.py:110} WARNING - /home/***/.local/lib/python3.12/site-packages/***/task/task_runner/standard_task_runner.py:61: DeprecationWarning: This process (pid=257) is multi-threaded, use of fork() may lead to deadlocks in the child.
  pid = os.fork()

[2026-05-18T08:55:23.594+0000] {standard_task_runner.py:63} INFO - Started process 259 to run task
[2026-05-18T08:55:23.594+0000] {standard_task_runner.py:90} INFO - Running: ['***', 'tasks', 'run', 'era5_ecmwf_pipeline', 'era5_accum', 'manual__2026-05-18T07:54:27.899918+00:00', '--job-id', '99', '--raw', '--subdir', 'DAGS_FOLDER/era5_dag.py', '--cfg-path', '/tmp/tmpvh_ouzbq']
[2026-05-18T08:55:23.597+0000] {standard_task_runner.py:91} INFO - Job 99: Subtask era5_accum
[2026-05-18T08:55:23.644+0000] {task_command.py:426} INFO - Running <TaskInstance: era5_ecmwf_pipeline.era5_accum manual__2026-05-18T07:54:27.899918+00:00 [running]> on host 0e3d25acde7b
[2026-05-18T08:55:23.748+0000] {taskinstance.py:2648} INFO - Exporting env vars: AIRFLOW_CTX_DAG_OWNER='***' AIRFLOW_CTX_DAG_ID='era5_ecmwf_pipeline' AIRFLOW_CTX_TASK_ID='era5_accum' AIRFLOW_CTX_EXECUTION_DATE='2026-05-18T07:54:27.899918+00:00' AIRFLOW_CTX_TRY_NUMBER='7' AIRFLOW_CTX_DAG_RUN_ID='manual__2026-05-18T07:54:27.899918+00:00'
[2026-05-18T08:55:23.750+0000] {taskinstance.py:430} INFO - ::endgroup::
[2026-05-18T08:55:23.777+0000] {logging_mixin.py:188} WARNING - 2026-05-18 08:55:23 | INFO     | Log file: logs/era5/2026/05/13/era5_20260513.log
[2026-05-18T08:55:23.777+0000] {era5_logger.py:40} INFO - Log file: logs/era5/2026/05/13/era5_20260513.log
[2026-05-18T08:55:23.779+0000] {logging_mixin.py:188} WARNING - 2026-05-18 08:55:23 | INFO     | =======================================================
[2026-05-18T08:55:23.779+0000] {era5_functions.py:523} INFO - =======================================================
[2026-05-18T08:55:23.780+0000] {logging_mixin.py:188} WARNING - 2026-05-18 08:55:23 | INFO     | ERA5 [ACCUM] START: 2026-05-13
[2026-05-18T08:55:23.780+0000] {era5_functions.py:524} INFO - ERA5 [ACCUM] START: 2026-05-13
[2026-05-18T08:55:23.781+0000] {logging_mixin.py:188} WARNING - 2026-05-18 08:55:23 | INFO     | =======================================================
[2026-05-18T08:55:23.781+0000] {era5_functions.py:525} INFO - =======================================================
[2026-05-18T08:55:24.778+0000] {logging_mixin.py:188} WARNING - 2026-05-18 08:55:24,778 INFO [2026-05-14T00:00:00Z] Upcoming essential maintenance sessions on Data Stores underlying infrastructure on 19 May. Service disruption expected. For further details, please [visit our forum announcement](https://forum.ecmwf.int/t/upcoming-essential-maintenance-sessions-on-data-stores-underlying-infrastructure/14954).
[2026-05-18T08:55:24.778+0000] {legacy_client.py:192} INFO - [2026-05-14T00:00:00Z] Upcoming essential maintenance sessions on Data Stores underlying infrastructure on 19 May. Service disruption expected. For further details, please [visit our forum announcement](https://forum.ecmwf.int/t/upcoming-essential-maintenance-sessions-on-data-stores-underlying-infrastructure/14954).
[2026-05-18T08:55:24.782+0000] {logging_mixin.py:188} WARNING - 2026-05-18 08:55:24 | INFO     | =======================================================
[2026-05-18T08:55:24.781+0000] {era5_functions.py:366} INFO - =======================================================
[2026-05-18T08:55:24.783+0000] {logging_mixin.py:188} WARNING - 2026-05-18 08:55:24 | INFO     | JOB: ACCUM | 2026-05-13
[2026-05-18T08:55:24.783+0000] {era5_functions.py:367} INFO - JOB: ACCUM | 2026-05-13
[2026-05-18T08:55:24.786+0000] {logging_mixin.py:188} WARNING - 2026-05-18 08:55:24 | INFO     | Variables: ['tp']
[2026-05-18T08:55:24.786+0000] {era5_functions.py:368} INFO - Variables: ['tp']
[2026-05-18T08:55:24.787+0000] {logging_mixin.py:188} WARNING - 2026-05-18 08:55:24 | INFO     | =======================================================
[2026-05-18T08:55:24.787+0000] {era5_functions.py:369} INFO - =======================================================
[2026-05-18T08:55:24.791+0000] {logging_mixin.py:188} WARNING - 2026-05-18 08:55:24 | WARNING  | [VALIDATE NC] accum_20260513.nc → FAIL (ไม่พบไฟล์)
[2026-05-18T08:55:24.791+0000] {era5_functions.py:52} WARNING - [VALIDATE NC] accum_20260513.nc → FAIL (ไม่พบไฟล์)
[2026-05-18T08:55:24.792+0000] {logging_mixin.py:188} WARNING - 2026-05-18 08:55:24 | INFO     | [NC] ไม่พบหรือไฟล์เสีย → เริ่ม download...
[2026-05-18T08:55:24.792+0000] {era5_functions.py:376} INFO - [NC] ไม่พบหรือไฟล์เสีย → เริ่ม download...
[2026-05-18T08:55:24.795+0000] {logging_mixin.py:188} WARNING - 2026-05-18 08:55:24 | INFO     | [RETRY] Attempt 1/5 → accum_20260513.nc
[2026-05-18T08:55:24.795+0000] {era5_functions.py:201} INFO - [RETRY] Attempt 1/5 → accum_20260513.nc
[2026-05-18T08:55:24.811+0000] {logging_mixin.py:188} WARNING - 2026-05-18 08:55:24 | INFO     | [DOWNLOAD] START → accum_20260513.nc
[2026-05-18T08:55:24.811+0000] {era5_functions.py:170} INFO - [DOWNLOAD] START → accum_20260513.nc
[2026-05-18T08:55:25.503+0000] {logging_mixin.py:188} WARNING - 2026-05-18 08:55:25,502 INFO [2025-12-11T00:00:00] Please note that a dedicated catalogue entry for this dataset, post-processed and stored in Analysis Ready Cloud Optimized (ARCO) format (Zarr), is available for optimised time-series retrievals (i.e. for retrieving data from selected variables for a single point over an extended period of time in an efficient way). You can discover it [here](https://cds.climate.copernicus.eu/datasets/reanalysis-era5-single-levels-timeseries?tab=overview)
[2026-05-18T08:55:25.502+0000] {legacy_client.py:192} INFO - [2025-12-11T00:00:00] Please note that a dedicated catalogue entry for this dataset, post-processed and stored in Analysis Ready Cloud Optimized (ARCO) format (Zarr), is available for optimised time-series retrievals (i.e. for retrieving data from selected variables for a single point over an extended period of time in an efficient way). You can discover it [here](https://cds.climate.copernicus.eu/datasets/reanalysis-era5-single-levels-timeseries?tab=overview)
[2026-05-18T08:55:25.506+0000] {logging_mixin.py:188} WARNING - 2026-05-18 08:55:25,506 INFO Request ID is 0f3bd153-391a-4a28-896e-cd53047b00ed
[2026-05-18T08:55:25.506+0000] {legacy_client.py:192} INFO - Request ID is 0f3bd153-391a-4a28-896e-cd53047b00ed
[2026-05-18T08:55:25.720+0000] {logging_mixin.py:188} WARNING - 2026-05-18 08:55:25,719 INFO status has been updated to accepted
[2026-05-18T08:55:25.719+0000] {legacy_client.py:192} INFO - status has been updated to accepted
[2026-05-18T08:55:40.038+0000] {logging_mixin.py:188} WARNING - 2026-05-18 08:55:40,037 INFO status has been updated to running
[2026-05-18T08:55:40.037+0000] {legacy_client.py:192} INFO - status has been updated to running
[2026-05-18T08:55:47.832+0000] {logging_mixin.py:188} WARNING - 2026-05-18 08:55:47,831 INFO status has been updated to successful
[2026-05-18T08:55:47.831+0000] {legacy_client.py:192} INFO - status has been updated to successful
[2026-05-18T08:55:48.647+0000] {base.py:119} INFO - Downloading https://object-store.os-api.cci2.ecmwf.int:443/cci2-prod-cache-1/2026-05-18/c8629e23bfe9a5051eb8388cc5b94795.nc
[2026-05-18T08:55:49.571+0000] {logging_mixin.py:188} WARNING - c8629e23bfe9a5051eb8388cc5b94795.nc:   0%|          | 0.00/150k [00:00<?, ?B/s]
[2026-05-18T08:55:51.082+0000] {logging_mixin.py:188} WARNING - c8629e23bfe9a5051eb8388cc5b94795.nc: 100%|##########| 150k/150k [00:01<00:00, 102kB/s]
[2026-05-18T08:55:51.093+0000] {logging_mixin.py:188} WARNING -                                                                                       
[2026-05-18T08:55:51.120+0000] {logging_mixin.py:188} WARNING - 2026-05-18 08:55:51 | INFO     | [DOWNLOAD] COMPLETE → accum_20260513.nc (0.1 MB, ใช้เวลา 26.3s)
[2026-05-18T08:55:51.120+0000] {era5_functions.py:177} INFO - [DOWNLOAD] COMPLETE → accum_20260513.nc (0.1 MB, ใช้เวลา 26.3s)
[2026-05-18T08:55:51.369+0000] {logging_mixin.py:188} WARNING - 2026-05-18 08:55:51 | WARNING  | [RETRY] timesteps ยังไม่ครบ 9/24 → รอแล้วโหลดใหม่
[2026-05-18T08:55:51.368+0000] {era5_functions.py:224} WARNING - [RETRY] timesteps ยังไม่ครบ 9/24 → รอแล้วโหลดใหม่
