[2026-05-18T08:59:01.177+0000] {local_task_job_runner.py:120} INFO - ::group::Pre task execution logs
[2026-05-18T08:59:01.202+0000] {taskinstance.py:2076} INFO - Dependencies all met for dep_context=non-requeueable deps ti=<TaskInstance: era5_ecmwf_pipeline.era5_accum manual__2026-05-18T07:54:27.899918+00:00 [queued]>
[2026-05-18T08:59:01.212+0000] {taskinstance.py:2076} INFO - Dependencies all met for dep_context=requeueable deps ti=<TaskInstance: era5_ecmwf_pipeline.era5_accum manual__2026-05-18T07:54:27.899918+00:00 [queued]>
[2026-05-18T08:59:01.214+0000] {taskinstance.py:2306} INFO - Starting attempt 8 of 10
[2026-05-18T08:59:01.230+0000] {taskinstance.py:2330} INFO - Executing <Task(PythonOperator): era5_accum> on 2026-05-18 07:54:27.899918+00:00
[2026-05-18T08:59:01.239+0000] {warnings.py:110} WARNING - /home/***/.local/lib/python3.12/site-packages/***/task/task_runner/standard_task_runner.py:61: DeprecationWarning: This process (pid=86) is multi-threaded, use of fork() may lead to deadlocks in the child.
  pid = os.fork()

[2026-05-18T08:59:01.242+0000] {standard_task_runner.py:63} INFO - Started process 88 to run task
[2026-05-18T08:59:01.241+0000] {standard_task_runner.py:90} INFO - Running: ['***', 'tasks', 'run', 'era5_ecmwf_pipeline', 'era5_accum', 'manual__2026-05-18T07:54:27.899918+00:00', '--job-id', '104', '--raw', '--subdir', 'DAGS_FOLDER/era5_dag.py', '--cfg-path', '/tmp/tmpy0ia5jvv']
[2026-05-18T08:59:01.244+0000] {standard_task_runner.py:91} INFO - Job 104: Subtask era5_accum
[2026-05-18T08:59:01.307+0000] {task_command.py:426} INFO - Running <TaskInstance: era5_ecmwf_pipeline.era5_accum manual__2026-05-18T07:54:27.899918+00:00 [running]> on host 72176ab27d1b
[2026-05-18T08:59:01.387+0000] {taskinstance.py:2648} INFO - Exporting env vars: AIRFLOW_CTX_DAG_OWNER='***' AIRFLOW_CTX_DAG_ID='era5_ecmwf_pipeline' AIRFLOW_CTX_TASK_ID='era5_accum' AIRFLOW_CTX_EXECUTION_DATE='2026-05-18T07:54:27.899918+00:00' AIRFLOW_CTX_TRY_NUMBER='8' AIRFLOW_CTX_DAG_RUN_ID='manual__2026-05-18T07:54:27.899918+00:00'
[2026-05-18T08:59:01.388+0000] {taskinstance.py:430} INFO - ::endgroup::
[2026-05-18T08:59:01.407+0000] {logging_mixin.py:188} WARNING - 2026-05-18 08:59:01 | INFO     | Log file: logs/era5/2026/05/13/era5_20260513.log
[2026-05-18T08:59:01.407+0000] {era5_logger.py:40} INFO - Log file: logs/era5/2026/05/13/era5_20260513.log
[2026-05-18T08:59:02.413+0000] {logging_mixin.py:188} WARNING - 2026-05-18 08:59:02,413 INFO [2026-05-14T00:00:00Z] Upcoming essential maintenance sessions on Data Stores underlying infrastructure on 19 May. Service disruption expected. For further details, please [visit our forum announcement](https://forum.ecmwf.int/t/upcoming-essential-maintenance-sessions-on-data-stores-underlying-infrastructure/14954).
[2026-05-18T08:59:02.413+0000] {legacy_client.py:192} INFO - [2026-05-14T00:00:00Z] Upcoming essential maintenance sessions on Data Stores underlying infrastructure on 19 May. Service disruption expected. For further details, please [visit our forum announcement](https://forum.ecmwf.int/t/upcoming-essential-maintenance-sessions-on-data-stores-underlying-infrastructure/14954).
[2026-05-18T08:59:02.415+0000] {logging_mixin.py:188} WARNING - 2026-05-18 08:59:02 | INFO     | === ERA5 PIPELINE START ===
[2026-05-18T08:59:02.415+0000] {era5_functions.py:233} INFO - === ERA5 PIPELINE START ===
[2026-05-18T08:59:02.417+0000] {logging_mixin.py:188} WARNING - 2026-05-18 08:59:02 | INFO     | JOB accum 20260513
[2026-05-18T08:59:02.417+0000] {era5_functions.py:184} INFO - JOB accum 20260513
[2026-05-18T08:59:02.423+0000] {logging_mixin.py:188} WARNING - 2026-05-18 08:59:02 | INFO     | [DOWNLOAD] attempt 1/5 → accum_20260513.nc
[2026-05-18T08:59:02.423+0000] {era5_functions.py:93} INFO - [DOWNLOAD] attempt 1/5 → accum_20260513.nc
[2026-05-18T08:59:02.434+0000] {logging_mixin.py:188} WARNING - 2026-05-18 08:59:02 | INFO     | [DOWNLOAD] START → accum_20260513.nc
[2026-05-18T08:59:02.434+0000] {era5_functions.py:75} INFO - [DOWNLOAD] START → accum_20260513.nc
[2026-05-18T08:59:03.345+0000] {logging_mixin.py:188} WARNING - 2026-05-18 08:59:03,344 INFO [2025-12-11T00:00:00] Please note that a dedicated catalogue entry for this dataset, post-processed and stored in Analysis Ready Cloud Optimized (ARCO) format (Zarr), is available for optimised time-series retrievals (i.e. for retrieving data from selected variables for a single point over an extended period of time in an efficient way). You can discover it [here](https://cds.climate.copernicus.eu/datasets/reanalysis-era5-single-levels-timeseries?tab=overview)
[2026-05-18T08:59:03.344+0000] {legacy_client.py:192} INFO - [2025-12-11T00:00:00] Please note that a dedicated catalogue entry for this dataset, post-processed and stored in Analysis Ready Cloud Optimized (ARCO) format (Zarr), is available for optimised time-series retrievals (i.e. for retrieving data from selected variables for a single point over an extended period of time in an efficient way). You can discover it [here](https://cds.climate.copernicus.eu/datasets/reanalysis-era5-single-levels-timeseries?tab=overview)
[2026-05-18T08:59:03.349+0000] {logging_mixin.py:188} WARNING - 2026-05-18 08:59:03,348 INFO Request ID is 2c1896d1-8caa-48fc-8d10-c459a3a96747
[2026-05-18T08:59:03.348+0000] {legacy_client.py:192} INFO - Request ID is 2c1896d1-8caa-48fc-8d10-c459a3a96747
[2026-05-18T08:59:03.565+0000] {logging_mixin.py:188} WARNING - 2026-05-18 08:59:03,565 INFO status has been updated to accepted
[2026-05-18T08:59:03.565+0000] {legacy_client.py:192} INFO - status has been updated to accepted
[2026-05-18T08:59:54.703+0000] {logging_mixin.py:188} WARNING - 2026-05-18 08:59:54,702 INFO status has been updated to successful
[2026-05-18T08:59:54.702+0000] {legacy_client.py:192} INFO - status has been updated to successful
[2026-05-18T08:59:55.199+0000] {base.py:119} INFO - Downloading https://object-store.os-api.cci2.ecmwf.int:443/cci2-prod-cache-1/2026-05-18/838c0dc66942443bd22c509def1db9fe.nc
[2026-05-18T08:59:55.883+0000] {logging_mixin.py:188} WARNING - 838c0dc66942443bd22c509def1db9fe.nc:   0%|          | 0.00/150k [00:00<?, ?B/s]
[2026-05-18T08:59:57.250+0000] {logging_mixin.py:188} WARNING - 838c0dc66942443bd22c509def1db9fe.nc: 100%|##########| 150k/150k [00:01<00:00, 112kB/s]
[2026-05-18T08:59:57.262+0000] {logging_mixin.py:188} WARNING -                                                                                       
[2026-05-18T08:59:57.267+0000] {logging_mixin.py:188} WARNING - 2026-05-18 08:59:57 | INFO     | [DOWNLOAD] DONE → accum_20260513.nc (0.1 MB)
[2026-05-18T08:59:57.267+0000] {era5_functions.py:81} INFO - [DOWNLOAD] DONE → accum_20260513.nc (0.1 MB)
[2026-05-18T08:59:57.549+0000] {logging_mixin.py:188} WARNING - 2026-05-18 08:59:57 | WARNING  | [VALIDATE] accum_20260513.nc → not ready 9/24
[2026-05-18T08:59:57.549+0000] {era5_functions.py:56} WARNING - [VALIDATE] accum_20260513.nc → not ready 9/24
[2026-05-18T08:59:57.554+0000] {logging_mixin.py:188} WARNING - 2026-05-18 08:59:57 | WARNING  | [DOWNLOAD] not complete yet → wait next 6h run
[2026-05-18T08:59:57.554+0000] {era5_functions.py:106} WARNING - [DOWNLOAD] not complete yet → wait next 6h run
[2026-05-18T08:59:57.732+0000] {logging_mixin.py:188} WARNING - 2026-05-18 08:59:57 | INFO     | === DONE ===
[2026-05-18T08:59:57.732+0000] {era5_functions.py:237} INFO - === DONE ===
[2026-05-18T08:59:57.734+0000] {python.py:237} INFO - Done. Returned value was: None
[2026-05-18T08:59:57.735+0000] {taskinstance.py:441} INFO - ::group::Post task execution logs
[2026-05-18T08:59:57.751+0000] {taskinstance.py:1206} INFO - Marking task as SUCCESS. dag_id=era5_ecmwf_pipeline, task_id=era5_accum, run_id=manual__2026-05-18T07:54:27.899918+00:00, execution_date=20260518T075427, start_date=20260518T085901, end_date=20260518T085957
[2026-05-18T08:59:57.826+0000] {local_task_job_runner.py:240} INFO - Task exited with return code 0
[2026-05-18T08:59:57.848+0000] {taskinstance.py:3498} INFO - 0 downstream tasks scheduled from follow-on schedule check
[2026-05-18T08:59:57.851+0000] {local_task_job_runner.py:222} INFO - ::endgroup::
