[2026-05-18T08:42:30.105+0000] {local_task_job_runner.py:120} INFO - ::group::Pre task execution logs
[2026-05-18T08:42:30.125+0000] {taskinstance.py:2076} INFO - Dependencies all met for dep_context=non-requeueable deps ti=<TaskInstance: era5_ecmwf_pipeline.era5_accum manual__2026-05-18T07:54:27.899918+00:00 [queued]>
[2026-05-18T08:42:30.132+0000] {taskinstance.py:2076} INFO - Dependencies all met for dep_context=requeueable deps ti=<TaskInstance: era5_ecmwf_pipeline.era5_accum manual__2026-05-18T07:54:27.899918+00:00 [queued]>
[2026-05-18T08:42:30.133+0000] {taskinstance.py:2306} INFO - Starting attempt 6 of 8
[2026-05-18T08:42:30.150+0000] {taskinstance.py:2330} INFO - Executing <Task(PythonOperator): era5_accum> on 2026-05-18 07:54:27.899918+00:00
[2026-05-18T08:42:30.159+0000] {warnings.py:110} WARNING - /home/***/.local/lib/python3.12/site-packages/***/task/task_runner/standard_task_runner.py:61: DeprecationWarning: This process (pid=85) is multi-threaded, use of fork() may lead to deadlocks in the child.
  pid = os.fork()

[2026-05-18T08:42:30.161+0000] {standard_task_runner.py:63} INFO - Started process 87 to run task
[2026-05-18T08:42:30.161+0000] {standard_task_runner.py:90} INFO - Running: ['***', 'tasks', 'run', 'era5_ecmwf_pipeline', 'era5_accum', 'manual__2026-05-18T07:54:27.899918+00:00', '--job-id', '98', '--raw', '--subdir', 'DAGS_FOLDER/era5_dag.py', '--cfg-path', '/tmp/tmp8ox7a106']
[2026-05-18T08:42:30.167+0000] {standard_task_runner.py:91} INFO - Job 98: Subtask era5_accum
[2026-05-18T08:42:30.225+0000] {task_command.py:426} INFO - Running <TaskInstance: era5_ecmwf_pipeline.era5_accum manual__2026-05-18T07:54:27.899918+00:00 [running]> on host 0e3d25acde7b
[2026-05-18T08:42:30.307+0000] {taskinstance.py:2648} INFO - Exporting env vars: AIRFLOW_CTX_DAG_OWNER='***' AIRFLOW_CTX_DAG_ID='era5_ecmwf_pipeline' AIRFLOW_CTX_TASK_ID='era5_accum' AIRFLOW_CTX_EXECUTION_DATE='2026-05-18T07:54:27.899918+00:00' AIRFLOW_CTX_TRY_NUMBER='6' AIRFLOW_CTX_DAG_RUN_ID='manual__2026-05-18T07:54:27.899918+00:00'
[2026-05-18T08:42:30.309+0000] {taskinstance.py:430} INFO - ::endgroup::
[2026-05-18T08:42:30.332+0000] {logging_mixin.py:188} WARNING - 2026-05-18 08:42:30 | INFO     | Log file: logs/era5/2026/05/13/era5_20260513.log
[2026-05-18T08:42:30.332+0000] {era5_logger.py:40} INFO - Log file: logs/era5/2026/05/13/era5_20260513.log
[2026-05-18T08:42:30.334+0000] {logging_mixin.py:188} WARNING - 2026-05-18 08:42:30 | INFO     | =======================================================
[2026-05-18T08:42:30.334+0000] {era5_functions.py:523} INFO - =======================================================
[2026-05-18T08:42:30.335+0000] {logging_mixin.py:188} WARNING - 2026-05-18 08:42:30 | INFO     | ERA5 [ACCUM] START: 2026-05-13
[2026-05-18T08:42:30.335+0000] {era5_functions.py:524} INFO - ERA5 [ACCUM] START: 2026-05-13
[2026-05-18T08:42:30.336+0000] {logging_mixin.py:188} WARNING - 2026-05-18 08:42:30 | INFO     | =======================================================
[2026-05-18T08:42:30.336+0000] {era5_functions.py:525} INFO - =======================================================
[2026-05-18T08:42:31.336+0000] {logging_mixin.py:188} WARNING - 2026-05-18 08:42:31,336 INFO [2026-05-14T00:00:00Z] Upcoming essential maintenance sessions on Data Stores underlying infrastructure on 19 May. Service disruption expected. For further details, please [visit our forum announcement](https://forum.ecmwf.int/t/upcoming-essential-maintenance-sessions-on-data-stores-underlying-infrastructure/14954).
[2026-05-18T08:42:31.336+0000] {legacy_client.py:192} INFO - [2026-05-14T00:00:00Z] Upcoming essential maintenance sessions on Data Stores underlying infrastructure on 19 May. Service disruption expected. For further details, please [visit our forum announcement](https://forum.ecmwf.int/t/upcoming-essential-maintenance-sessions-on-data-stores-underlying-infrastructure/14954).
[2026-05-18T08:42:31.338+0000] {logging_mixin.py:188} WARNING - 2026-05-18 08:42:31 | INFO     | =======================================================
[2026-05-18T08:42:31.338+0000] {era5_functions.py:366} INFO - =======================================================
[2026-05-18T08:42:31.340+0000] {logging_mixin.py:188} WARNING - 2026-05-18 08:42:31 | INFO     | JOB: ACCUM | 2026-05-13
[2026-05-18T08:42:31.340+0000] {era5_functions.py:367} INFO - JOB: ACCUM | 2026-05-13
[2026-05-18T08:42:31.342+0000] {logging_mixin.py:188} WARNING - 2026-05-18 08:42:31 | INFO     | Variables: ['tp']
[2026-05-18T08:42:31.341+0000] {era5_functions.py:368} INFO - Variables: ['tp']
[2026-05-18T08:42:31.344+0000] {logging_mixin.py:188} WARNING - 2026-05-18 08:42:31 | INFO     | =======================================================
[2026-05-18T08:42:31.344+0000] {era5_functions.py:369} INFO - =======================================================
[2026-05-18T08:42:31.351+0000] {logging_mixin.py:188} WARNING - 2026-05-18 08:42:31 | WARNING  | [VALIDATE NC] accum_20260513.nc → FAIL (ไม่พบไฟล์)
[2026-05-18T08:42:31.351+0000] {era5_functions.py:52} WARNING - [VALIDATE NC] accum_20260513.nc → FAIL (ไม่พบไฟล์)
[2026-05-18T08:42:31.353+0000] {logging_mixin.py:188} WARNING - 2026-05-18 08:42:31 | INFO     | [NC] ไม่พบหรือไฟล์เสีย → เริ่ม download...
[2026-05-18T08:42:31.353+0000] {era5_functions.py:376} INFO - [NC] ไม่พบหรือไฟล์เสีย → เริ่ม download...
[2026-05-18T08:42:31.355+0000] {logging_mixin.py:188} WARNING - 2026-05-18 08:42:31 | INFO     | [RETRY] Attempt 1/5 → accum_20260513.nc
[2026-05-18T08:42:31.355+0000] {era5_functions.py:201} INFO - [RETRY] Attempt 1/5 → accum_20260513.nc
[2026-05-18T08:42:31.373+0000] {logging_mixin.py:188} WARNING - 2026-05-18 08:42:31 | INFO     | [DOWNLOAD] START → accum_20260513.nc
[2026-05-18T08:42:31.373+0000] {era5_functions.py:170} INFO - [DOWNLOAD] START → accum_20260513.nc
[2026-05-18T08:42:32.090+0000] {logging_mixin.py:188} WARNING - 2026-05-18 08:42:32,090 INFO [2025-12-11T00:00:00] Please note that a dedicated catalogue entry for this dataset, post-processed and stored in Analysis Ready Cloud Optimized (ARCO) format (Zarr), is available for optimised time-series retrievals (i.e. for retrieving data from selected variables for a single point over an extended period of time in an efficient way). You can discover it [here](https://cds.climate.copernicus.eu/datasets/reanalysis-era5-single-levels-timeseries?tab=overview)
[2026-05-18T08:42:32.090+0000] {legacy_client.py:192} INFO - [2025-12-11T00:00:00] Please note that a dedicated catalogue entry for this dataset, post-processed and stored in Analysis Ready Cloud Optimized (ARCO) format (Zarr), is available for optimised time-series retrievals (i.e. for retrieving data from selected variables for a single point over an extended period of time in an efficient way). You can discover it [here](https://cds.climate.copernicus.eu/datasets/reanalysis-era5-single-levels-timeseries?tab=overview)
[2026-05-18T08:42:32.092+0000] {logging_mixin.py:188} WARNING - 2026-05-18 08:42:32,092 INFO Request ID is 9b6f88c7-4f18-484f-909f-5fc9a9b48c30
[2026-05-18T08:42:32.092+0000] {legacy_client.py:192} INFO - Request ID is 9b6f88c7-4f18-484f-909f-5fc9a9b48c30
[2026-05-18T08:42:32.345+0000] {logging_mixin.py:188} WARNING - 2026-05-18 08:42:32,345 INFO status has been updated to accepted
[2026-05-18T08:42:32.345+0000] {legacy_client.py:192} INFO - status has been updated to accepted
[2026-05-18T08:43:06.197+0000] {logging_mixin.py:188} WARNING - 2026-05-18 08:43:06,196 INFO status has been updated to running
[2026-05-18T08:43:06.196+0000] {legacy_client.py:192} INFO - status has been updated to running
[2026-05-18T08:43:23.490+0000] {logging_mixin.py:188} WARNING - 2026-05-18 08:43:23,489 INFO status has been updated to successful
[2026-05-18T08:43:23.489+0000] {legacy_client.py:192} INFO - status has been updated to successful
[2026-05-18T08:43:23.908+0000] {base.py:119} INFO - Downloading https://object-store.os-api.cci2.ecmwf.int:443/cci2-prod-cache-3/2026-05-18/3c1de60fc8b0792bce9d1add990bd01e.nc
[2026-05-18T08:43:24.835+0000] {logging_mixin.py:188} WARNING - 3c1de60fc8b0792bce9d1add990bd01e.nc:   0%|          | 0.00/150k [00:00<?, ?B/s]
[2026-05-18T08:43:26.544+0000] {logging_mixin.py:188} WARNING - 3c1de60fc8b0792bce9d1add990bd01e.nc: 100%|##########| 150k/150k [00:01<00:00, 89.9kB/s]
[2026-05-18T08:43:26.557+0000] {logging_mixin.py:188} WARNING -                                                                                        
[2026-05-18T08:43:26.563+0000] {logging_mixin.py:188} WARNING - 2026-05-18 08:43:26 | INFO     | [DOWNLOAD] COMPLETE → accum_20260513.nc (0.1 MB, ใช้เวลา 55.2s)
[2026-05-18T08:43:26.563+0000] {era5_functions.py:177} INFO - [DOWNLOAD] COMPLETE → accum_20260513.nc (0.1 MB, ใช้เวลา 55.2s)
[2026-05-18T08:43:26.853+0000] {logging_mixin.py:188} WARNING - 2026-05-18 08:43:26 | WARNING  | [RETRY] timesteps ยังไม่ครบ 9/24 → รอแล้วโหลดใหม่
[2026-05-18T08:43:26.853+0000] {era5_functions.py:224} WARNING - [RETRY] timesteps ยังไม่ครบ 9/24 → รอแล้วโหลดใหม่
[2026-05-18T08:44:26.854+0000] {logging_mixin.py:188} WARNING - 2026-05-18 08:44:26 | INFO     | [RETRY] Attempt 2/5 → accum_20260513.nc
[2026-05-18T08:44:26.854+0000] {era5_functions.py:201} INFO - [RETRY] Attempt 2/5 → accum_20260513.nc
[2026-05-18T08:44:26.873+0000] {logging_mixin.py:188} WARNING - 2026-05-18 08:44:26 | INFO     | [DOWNLOAD] START → accum_20260513.nc
[2026-05-18T08:44:26.873+0000] {era5_functions.py:170} INFO - [DOWNLOAD] START → accum_20260513.nc
[2026-05-18T08:44:28.462+0000] {logging_mixin.py:188} WARNING - 2026-05-18 08:44:28,462 INFO [2025-12-11T00:00:00] Please note that a dedicated catalogue entry for this dataset, post-processed and stored in Analysis Ready Cloud Optimized (ARCO) format (Zarr), is available for optimised time-series retrievals (i.e. for retrieving data from selected variables for a single point over an extended period of time in an efficient way). You can discover it [here](https://cds.climate.copernicus.eu/datasets/reanalysis-era5-single-levels-timeseries?tab=overview)
[2026-05-18T08:44:28.462+0000] {legacy_client.py:192} INFO - [2025-12-11T00:00:00] Please note that a dedicated catalogue entry for this dataset, post-processed and stored in Analysis Ready Cloud Optimized (ARCO) format (Zarr), is available for optimised time-series retrievals (i.e. for retrieving data from selected variables for a single point over an extended period of time in an efficient way). You can discover it [here](https://cds.climate.copernicus.eu/datasets/reanalysis-era5-single-levels-timeseries?tab=overview)
[2026-05-18T08:44:28.467+0000] {logging_mixin.py:188} WARNING - 2026-05-18 08:44:28,466 INFO Request ID is dcb2e80a-7ebc-4601-9713-62a4422f293d
[2026-05-18T08:44:28.466+0000] {legacy_client.py:192} INFO - Request ID is dcb2e80a-7ebc-4601-9713-62a4422f293d
[2026-05-18T08:44:28.700+0000] {logging_mixin.py:188} WARNING - 2026-05-18 08:44:28,699 INFO status has been updated to accepted
[2026-05-18T08:44:28.699+0000] {legacy_client.py:192} INFO - status has been updated to accepted
[2026-05-18T08:45:02.467+0000] {logging_mixin.py:188} WARNING - 2026-05-18 08:45:02,467 INFO status has been updated to running
[2026-05-18T08:45:02.467+0000] {legacy_client.py:192} INFO - status has been updated to running
[2026-05-18T08:45:20.058+0000] {logging_mixin.py:188} WARNING - 2026-05-18 08:45:20,057 INFO status has been updated to successful
[2026-05-18T08:45:20.057+0000] {legacy_client.py:192} INFO - status has been updated to successful
[2026-05-18T08:45:20.507+0000] {base.py:119} INFO - Downloading https://object-store.os-api.cci2.ecmwf.int:443/cci2-prod-cache-3/2026-05-18/c4571f422d278a6fa9537a83f492aa31.nc
[2026-05-18T08:45:21.489+0000] {logging_mixin.py:188} WARNING - c4571f422d278a6fa9537a83f492aa31.nc:   0%|          | 0.00/150k [00:00<?, ?B/s]
[2026-05-18T08:45:23.033+0000] {logging_mixin.py:188} WARNING - c4571f422d278a6fa9537a83f492aa31.nc: 100%|##########| 150k/150k [00:01<00:00, 99.5kB/s]
[2026-05-18T08:45:23.045+0000] {logging_mixin.py:188} WARNING -                                                                                        
[2026-05-18T08:45:23.051+0000] {logging_mixin.py:188} WARNING - 2026-05-18 08:45:23 | INFO     | [DOWNLOAD] COMPLETE → accum_20260513.nc (0.1 MB, ใช้เวลา 56.2s)
[2026-05-18T08:45:23.050+0000] {era5_functions.py:177} INFO - [DOWNLOAD] COMPLETE → accum_20260513.nc (0.1 MB, ใช้เวลา 56.2s)
[2026-05-18T08:45:23.086+0000] {logging_mixin.py:188} WARNING - 2026-05-18 08:45:23 | WARNING  | [RETRY] timesteps ยังไม่ครบ 9/24 → รอแล้วโหลดใหม่
[2026-05-18T08:45:23.086+0000] {era5_functions.py:224} WARNING - [RETRY] timesteps ยังไม่ครบ 9/24 → รอแล้วโหลดใหม่
[2026-05-18T08:46:23.087+0000] {logging_mixin.py:188} WARNING - 2026-05-18 08:46:23 | INFO     | [RETRY] Attempt 3/5 → accum_20260513.nc
[2026-05-18T08:46:23.087+0000] {era5_functions.py:201} INFO - [RETRY] Attempt 3/5 → accum_20260513.nc
[2026-05-18T08:46:23.111+0000] {logging_mixin.py:188} WARNING - 2026-05-18 08:46:23 | INFO     | [DOWNLOAD] START → accum_20260513.nc
[2026-05-18T08:46:23.111+0000] {era5_functions.py:170} INFO - [DOWNLOAD] START → accum_20260513.nc
[2026-05-18T08:46:25.530+0000] {logging_mixin.py:188} WARNING - 2026-05-18 08:46:25,530 INFO [2025-12-11T00:00:00] Please note that a dedicated catalogue entry for this dataset, post-processed and stored in Analysis Ready Cloud Optimized (ARCO) format (Zarr), is available for optimised time-series retrievals (i.e. for retrieving data from selected variables for a single point over an extended period of time in an efficient way). You can discover it [here](https://cds.climate.copernicus.eu/datasets/reanalysis-era5-single-levels-timeseries?tab=overview)
[2026-05-18T08:46:25.530+0000] {legacy_client.py:192} INFO - [2025-12-11T00:00:00] Please note that a dedicated catalogue entry for this dataset, post-processed and stored in Analysis Ready Cloud Optimized (ARCO) format (Zarr), is available for optimised time-series retrievals (i.e. for retrieving data from selected variables for a single point over an extended period of time in an efficient way). You can discover it [here](https://cds.climate.copernicus.eu/datasets/reanalysis-era5-single-levels-timeseries?tab=overview)
[2026-05-18T08:46:25.533+0000] {logging_mixin.py:188} WARNING - 2026-05-18 08:46:25,533 INFO Request ID is ce0910cc-aa7d-4b89-aea4-43796ed56f6b
[2026-05-18T08:46:25.533+0000] {legacy_client.py:192} INFO - Request ID is ce0910cc-aa7d-4b89-aea4-43796ed56f6b
[2026-05-18T08:46:25.754+0000] {logging_mixin.py:188} WARNING - 2026-05-18 08:46:25,753 INFO status has been updated to accepted
[2026-05-18T08:46:25.753+0000] {legacy_client.py:192} INFO - status has been updated to accepted
[2026-05-18T08:46:40.028+0000] {logging_mixin.py:188} WARNING - 2026-05-18 08:46:40,027 INFO status has been updated to running
[2026-05-18T08:46:40.027+0000] {legacy_client.py:192} INFO - status has been updated to running
[2026-05-18T08:47:01.223+0000] {logging_mixin.py:188} WARNING - 2026-05-18 08:47:01,222 INFO status has been updated to successful
[2026-05-18T08:47:01.222+0000] {legacy_client.py:192} INFO - status has been updated to successful
[2026-05-18T08:47:01.642+0000] {base.py:119} INFO - Downloading https://object-store.os-api.cci2.ecmwf.int:443/cci2-prod-cache-1/2026-05-18/ecafbda71c78558cda9bdec2fc96ba03.nc
[2026-05-18T08:47:02.351+0000] {logging_mixin.py:188} WARNING - ecafbda71c78558cda9bdec2fc96ba03.nc:   0%|          | 0.00/150k [00:00<?, ?B/s]
[2026-05-18T08:47:03.901+0000] {logging_mixin.py:188} WARNING - ecafbda71c78558cda9bdec2fc96ba03.nc: 100%|##########| 150k/150k [00:01<00:00, 99.1kB/s]
[2026-05-18T08:47:03.916+0000] {logging_mixin.py:188} WARNING -                                                                                        
[2026-05-18T08:47:03.937+0000] {logging_mixin.py:188} WARNING - 2026-05-18 08:47:03 | INFO     | [DOWNLOAD] COMPLETE → accum_20260513.nc (0.1 MB, ใช้เวลา 40.8s)
[2026-05-18T08:47:03.937+0000] {era5_functions.py:177} INFO - [DOWNLOAD] COMPLETE → accum_20260513.nc (0.1 MB, ใช้เวลา 40.8s)
[2026-05-18T08:47:03.986+0000] {logging_mixin.py:188} WARNING - 2026-05-18 08:47:03 | WARNING  | [RETRY] timesteps ยังไม่ครบ 9/24 → รอแล้วโหลดใหม่
[2026-05-18T08:47:03.986+0000] {era5_functions.py:224} WARNING - [RETRY] timesteps ยังไม่ครบ 9/24 → รอแล้วโหลดใหม่
[2026-05-18T08:48:03.996+0000] {logging_mixin.py:188} WARNING - 2026-05-18 08:48:03 | INFO     | [RETRY] Attempt 4/5 → accum_20260513.nc
[2026-05-18T08:48:03.996+0000] {era5_functions.py:201} INFO - [RETRY] Attempt 4/5 → accum_20260513.nc
[2026-05-18T08:48:04.012+0000] {logging_mixin.py:188} WARNING - 2026-05-18 08:48:04 | INFO     | [DOWNLOAD] START → accum_20260513.nc
[2026-05-18T08:48:04.012+0000] {era5_functions.py:170} INFO - [DOWNLOAD] START → accum_20260513.nc
[2026-05-18T08:48:06.041+0000] {logging_mixin.py:188} WARNING - 2026-05-18 08:48:06,041 INFO [2025-12-11T00:00:00] Please note that a dedicated catalogue entry for this dataset, post-processed and stored in Analysis Ready Cloud Optimized (ARCO) format (Zarr), is available for optimised time-series retrievals (i.e. for retrieving data from selected variables for a single point over an extended period of time in an efficient way). You can discover it [here](https://cds.climate.copernicus.eu/datasets/reanalysis-era5-single-levels-timeseries?tab=overview)
[2026-05-18T08:48:06.041+0000] {legacy_client.py:192} INFO - [2025-12-11T00:00:00] Please note that a dedicated catalogue entry for this dataset, post-processed and stored in Analysis Ready Cloud Optimized (ARCO) format (Zarr), is available for optimised time-series retrievals (i.e. for retrieving data from selected variables for a single point over an extended period of time in an efficient way). You can discover it [here](https://cds.climate.copernicus.eu/datasets/reanalysis-era5-single-levels-timeseries?tab=overview)
[2026-05-18T08:48:06.044+0000] {logging_mixin.py:188} WARNING - 2026-05-18 08:48:06,044 INFO Request ID is 5f779e77-34b9-4104-8cce-7c6cf18de160
[2026-05-18T08:48:06.044+0000] {legacy_client.py:192} INFO - Request ID is 5f779e77-34b9-4104-8cce-7c6cf18de160
[2026-05-18T08:48:06.264+0000] {logging_mixin.py:188} WARNING - 2026-05-18 08:48:06,264 INFO status has been updated to accepted
[2026-05-18T08:48:06.264+0000] {legacy_client.py:192} INFO - status has been updated to accepted
[2026-05-18T08:48:28.332+0000] {logging_mixin.py:188} WARNING - 2026-05-18 08:48:28,331 INFO status has been updated to running
[2026-05-18T08:48:28.331+0000] {legacy_client.py:192} INFO - status has been updated to running
[2026-05-18T08:48:39.939+0000] {logging_mixin.py:188} WARNING - 2026-05-18 08:48:39,939 INFO status has been updated to successful
[2026-05-18T08:48:39.939+0000] {legacy_client.py:192} INFO - status has been updated to successful
[2026-05-18T08:48:40.339+0000] {base.py:119} INFO - Downloading https://object-store.os-api.cci2.ecmwf.int:443/cci2-prod-cache-1/2026-05-18/2913c8e96f608e05097243b243705f72.nc
[2026-05-18T08:48:40.977+0000] {logging_mixin.py:188} WARNING - 2913c8e96f608e05097243b243705f72.nc:   0%|          | 0.00/150k [00:00<?, ?B/s]
[2026-05-18T08:48:42.621+0000] {logging_mixin.py:188} WARNING - 2913c8e96f608e05097243b243705f72.nc: 100%|##########| 150k/150k [00:01<00:00, 93.4kB/s]
[2026-05-18T08:48:42.645+0000] {logging_mixin.py:188} WARNING -                                                                                        
[2026-05-18T08:48:42.666+0000] {logging_mixin.py:188} WARNING - 2026-05-18 08:48:42 | INFO     | [DOWNLOAD] COMPLETE → accum_20260513.nc (0.1 MB, ใช้เวลา 38.6s)
[2026-05-18T08:48:42.665+0000] {era5_functions.py:177} INFO - [DOWNLOAD] COMPLETE → accum_20260513.nc (0.1 MB, ใช้เวลา 38.6s)
[2026-05-18T08:48:42.707+0000] {logging_mixin.py:188} WARNING - 2026-05-18 08:48:42 | WARNING  | [RETRY] timesteps ยังไม่ครบ 9/24 → รอแล้วโหลดใหม่
[2026-05-18T08:48:42.707+0000] {era5_functions.py:224} WARNING - [RETRY] timesteps ยังไม่ครบ 9/24 → รอแล้วโหลดใหม่
[2026-05-18T08:49:42.714+0000] {logging_mixin.py:188} WARNING - 2026-05-18 08:49:42 | INFO     | [RETRY] Attempt 5/5 → accum_20260513.nc
[2026-05-18T08:49:42.713+0000] {era5_functions.py:201} INFO - [RETRY] Attempt 5/5 → accum_20260513.nc
[2026-05-18T08:49:42.732+0000] {logging_mixin.py:188} WARNING - 2026-05-18 08:49:42 | INFO     | [DOWNLOAD] START → accum_20260513.nc
[2026-05-18T08:49:42.731+0000] {era5_functions.py:170} INFO - [DOWNLOAD] START → accum_20260513.nc
[2026-05-18T08:49:45.383+0000] {logging_mixin.py:188} WARNING - 2026-05-18 08:49:45,383 INFO [2025-12-11T00:00:00] Please note that a dedicated catalogue entry for this dataset, post-processed and stored in Analysis Ready Cloud Optimized (ARCO) format (Zarr), is available for optimised time-series retrievals (i.e. for retrieving data from selected variables for a single point over an extended period of time in an efficient way). You can discover it [here](https://cds.climate.copernicus.eu/datasets/reanalysis-era5-single-levels-timeseries?tab=overview)
[2026-05-18T08:49:45.383+0000] {legacy_client.py:192} INFO - [2025-12-11T00:00:00] Please note that a dedicated catalogue entry for this dataset, post-processed and stored in Analysis Ready Cloud Optimized (ARCO) format (Zarr), is available for optimised time-series retrievals (i.e. for retrieving data from selected variables for a single point over an extended period of time in an efficient way). You can discover it [here](https://cds.climate.copernicus.eu/datasets/reanalysis-era5-single-levels-timeseries?tab=overview)
[2026-05-18T08:49:45.385+0000] {logging_mixin.py:188} WARNING - 2026-05-18 08:49:45,385 INFO Request ID is 8b670b5b-d9c6-47d8-8700-227248d211c1
[2026-05-18T08:49:45.385+0000] {legacy_client.py:192} INFO - Request ID is 8b670b5b-d9c6-47d8-8700-227248d211c1
[2026-05-18T08:49:45.597+0000] {logging_mixin.py:188} WARNING - 2026-05-18 08:49:45,597 INFO status has been updated to accepted
[2026-05-18T08:49:45.597+0000] {legacy_client.py:192} INFO - status has been updated to accepted
[2026-05-18T08:50:07.656+0000] {logging_mixin.py:188} WARNING - 2026-05-18 08:50:07,656 INFO status has been updated to running
[2026-05-18T08:50:07.656+0000] {legacy_client.py:192} INFO - status has been updated to running
[2026-05-18T08:50:19.250+0000] {logging_mixin.py:188} WARNING - 2026-05-18 08:50:19,250 INFO status has been updated to successful
[2026-05-18T08:50:19.250+0000] {legacy_client.py:192} INFO - status has been updated to successful
[2026-05-18T08:50:19.666+0000] {base.py:119} INFO - Downloading https://object-store.os-api.cci2.ecmwf.int:443/cci2-prod-cache-3/2026-05-18/80547a20232a3201f730ad87c32a0885.nc
[2026-05-18T08:50:20.624+0000] {logging_mixin.py:188} WARNING - 80547a20232a3201f730ad87c32a0885.nc:   0%|          | 0.00/150k [00:00<?, ?B/s]
[2026-05-18T08:50:22.339+0000] {logging_mixin.py:188} WARNING - 80547a20232a3201f730ad87c32a0885.nc: 100%|##########| 150k/150k [00:01<00:00, 89.5kB/s]
[2026-05-18T08:50:22.349+0000] {logging_mixin.py:188} WARNING -                                                                                        
[2026-05-18T08:50:22.366+0000] {logging_mixin.py:188} WARNING - 2026-05-18 08:50:22 | INFO     | [DOWNLOAD] COMPLETE → accum_20260513.nc (0.1 MB, ใช้เวลา 39.6s)
[2026-05-18T08:50:22.366+0000] {era5_functions.py:177} INFO - [DOWNLOAD] COMPLETE → accum_20260513.nc (0.1 MB, ใช้เวลา 39.6s)
[2026-05-18T08:50:22.408+0000] {logging_mixin.py:188} WARNING - 2026-05-18 08:50:22 | WARNING  | [RETRY] timesteps ยังไม่ครบ 9/24 → รอแล้วโหลดใหม่
[2026-05-18T08:50:22.408+0000] {era5_functions.py:224} WARNING - [RETRY] timesteps ยังไม่ครบ 9/24 → รอแล้วโหลดใหม่
[2026-05-18T08:50:22.418+0000] {logging_mixin.py:188} WARNING - 2026-05-18 08:50:22 | WARNING  | [RETRY] Attempt 5/5 → FAILED: incomplete timestep 9/24
[2026-05-18T08:50:22.418+0000] {era5_functions.py:255} WARNING - [RETRY] Attempt 5/5 → FAILED: incomplete timestep 9/24
[2026-05-18T08:50:22.419+0000] {logging_mixin.py:188} WARNING - 2026-05-18 08:50:22 | ERROR    | [DOWNLOAD] ERROR → accum_20260513.nc โหลดไม่สำเร็จหลังจาก 5 ครั้ง: incomplete timestep 9/24
[2026-05-18T08:50:22.419+0000] {era5_functions.py:270} ERROR - [DOWNLOAD] ERROR → accum_20260513.nc โหลดไม่สำเร็จหลังจาก 5 ครั้ง: incomplete timestep 9/24
[2026-05-18T08:50:22.420+0000] {taskinstance.py:441} INFO - ::group::Post task execution logs
[2026-05-18T08:50:22.421+0000] {taskinstance.py:2905} ERROR - Task failed with exception
Traceback (most recent call last):
  File "/home/airflow/.local/lib/python3.12/site-packages/airflow/models/taskinstance.py", line 465, in _execute_task
    result = _execute_callable(context=context, **execute_callable_kwargs)
             ^^^^^^^^^^^^^^^^^^^^^^^^^^^^^^^^^^^^^^^^^^^^^^^^^^^^^^^^^^^^^
  File "/home/airflow/.local/lib/python3.12/site-packages/airflow/models/taskinstance.py", line 432, in _execute_callable
    return execute_callable(context=context, **execute_callable_kwargs)
           ^^^^^^^^^^^^^^^^^^^^^^^^^^^^^^^^^^^^^^^^^^^^^^^^^^^^^^^^^^^^
  File "/home/airflow/.local/lib/python3.12/site-packages/airflow/models/baseoperator.py", line 400, in wrapper
    return func(self, *args, **kwargs)
           ^^^^^^^^^^^^^^^^^^^^^^^^^^^
  File "/home/airflow/.local/lib/python3.12/site-packages/airflow/operators/python.py", line 235, in execute
    return_value = self.execute_callable()
                   ^^^^^^^^^^^^^^^^^^^^^^^
  File "/home/airflow/.local/lib/python3.12/site-packages/airflow/operators/python.py", line 252, in execute_callable
    return self.python_callable(*self.op_args, **self.op_kwargs)
           ^^^^^^^^^^^^^^^^^^^^^^^^^^^^^^^^^^^^^^^^^^^^^^^^^^^^^
  File "/opt/airflow/dags/era5_dag.py", line 68, in task_accum_fn
    run_era5(
  File "/opt/airflow/dags/era5_functions.py", line 528, in run_era5
    process_job(client, job_name, y, m, d, dstr, log)
  File "/opt/airflow/dags/era5_functions.py", line 377, in process_job
    download_nc_with_retry(client, raw_nc, params, log)
  File "/opt/airflow/dags/era5_functions.py", line 276, in download_nc_with_retry
    raise RuntimeError(
RuntimeError: Download failed after 5 attempts: incomplete timestep 9/24
[2026-05-18T08:50:22.440+0000] {taskinstance.py:1206} INFO - Marking task as UP_FOR_RETRY. dag_id=era5_ecmwf_pipeline, task_id=era5_accum, run_id=manual__2026-05-18T07:54:27.899918+00:00, execution_date=20260518T075427, start_date=20260518T084230, end_date=20260518T085022
[2026-05-18T08:50:22.459+0000] {standard_task_runner.py:110} ERROR - Failed to execute job 98 for task era5_accum (Download failed after 5 attempts: incomplete timestep 9/24; 87)
[2026-05-18T08:50:22.524+0000] {local_task_job_runner.py:240} INFO - Task exited with return code 1
[2026-05-18T08:50:22.541+0000] {taskinstance.py:3498} INFO - 0 downstream tasks scheduled from follow-on schedule check
[2026-05-18T08:50:22.543+0000] {local_task_job_runner.py:222} INFO - ::endgroup::
