[2026-05-27T21:00:01.909+0000] {local_task_job_runner.py:120} INFO - ::group::Pre task execution logs
[2026-05-27T21:00:01.932+0000] {taskinstance.py:2076} INFO - Dependencies all met for dep_context=non-requeueable deps ti=<TaskInstance: era5_download_pipeline.era5_instant scheduled__2026-05-27T20:00:00+00:00 [queued]>
[2026-05-27T21:00:01.943+0000] {taskinstance.py:2076} INFO - Dependencies all met for dep_context=requeueable deps ti=<TaskInstance: era5_download_pipeline.era5_instant scheduled__2026-05-27T20:00:00+00:00 [queued]>
[2026-05-27T21:00:01.945+0000] {taskinstance.py:2306} INFO - Starting attempt 1 of 1
[2026-05-27T21:00:01.961+0000] {taskinstance.py:2330} INFO - Executing <Task(PythonOperator): era5_instant> on 2026-05-27 20:00:00+00:00
[2026-05-27T21:00:01.976+0000] {warnings.py:110} WARNING - /home/***/.local/lib/python3.12/site-packages/***/task/task_runner/standard_task_runner.py:61: DeprecationWarning: This process (pid=14993) is multi-threaded, use of fork() may lead to deadlocks in the child.
  pid = os.fork()

[2026-05-27T21:00:01.980+0000] {standard_task_runner.py:63} INFO - Started process 14995 to run task
[2026-05-27T21:00:01.979+0000] {standard_task_runner.py:90} INFO - Running: ['***', 'tasks', 'run', 'era5_download_pipeline', 'era5_instant', 'scheduled__2026-05-27T20:00:00+00:00', '--job-id', '567', '--raw', '--subdir', 'DAGS_FOLDER/era5_dag.py', '--cfg-path', '/tmp/tmp9_a_23by']
[2026-05-27T21:00:01.983+0000] {standard_task_runner.py:91} INFO - Job 567: Subtask era5_instant
[2026-05-27T21:00:02.059+0000] {task_command.py:426} INFO - Running <TaskInstance: era5_download_pipeline.era5_instant scheduled__2026-05-27T20:00:00+00:00 [running]> on host 72692237d8f2
[2026-05-27T21:00:02.204+0000] {taskinstance.py:2648} INFO - Exporting env vars: AIRFLOW_CTX_DAG_OWNER='era5' AIRFLOW_CTX_DAG_ID='era5_download_pipeline' AIRFLOW_CTX_TASK_ID='era5_instant' AIRFLOW_CTX_EXECUTION_DATE='2026-05-27T20:00:00+00:00' AIRFLOW_CTX_TRY_NUMBER='1' AIRFLOW_CTX_DAG_RUN_ID='scheduled__2026-05-27T20:00:00+00:00'
[2026-05-27T21:00:02.207+0000] {taskinstance.py:430} INFO - ::endgroup::
[2026-05-27T21:00:03.259+0000] {logging_mixin.py:188} WARNING - 2026-05-27 21:00:03 [INFO] === START job=instant date=2026-05-27 ===
[2026-05-27T21:00:03.259+0000] {era5_functions.py:322} INFO - === START job=instant date=2026-05-27 ===
[2026-05-27T21:00:03.263+0000] {logging_mixin.py:188} WARNING - 2026-05-27 21:00:03 [INFO] --- job=instant date=20260527 ---
[2026-05-27T21:00:03.262+0000] {era5_functions.py:290} INFO - --- job=instant date=20260527 ---
[2026-05-27T21:00:04.017+0000] {logging_mixin.py:188} WARNING - 2026-05-27 21:00:04 [WARNING] get_cds_count failed: 400 Client Error: Bad Request for url: https://cds.climate.copernicus.eu/api/retrieve/v1/processes/reanalysis-era5-single-levels/execution
invalid request
None of the data you have requested is available yet, please revise the period requested. The latest date available for this dataset is: 2026-05-22 21:00
[2026-05-27T21:00:04.017+0000] {era5_functions.py:120} WARNING - get_cds_count failed: 400 Client Error: Bad Request for url: https://cds.climate.copernicus.eu/api/retrieve/v1/processes/reanalysis-era5-single-levels/execution
invalid request
None of the data you have requested is available yet, please revise the period requested. The latest date available for this dataset is: 2026-05-22 21:00
[2026-05-27T21:00:04.023+0000] {logging_mixin.py:188} WARNING - 2026-05-27 21:00:04 [WARNING] CDS ยังไม่มีข้อมูล job=instant date=20260527, skip
[2026-05-27T21:00:04.023+0000] {era5_functions.py:295} WARNING - CDS ยังไม่มีข้อมูล job=instant date=20260527, skip
[2026-05-27T21:00:04.026+0000] {logging_mixin.py:188} WARNING - 2026-05-27 21:00:04 [INFO] --- job=instant date=20260526 ---
[2026-05-27T21:00:04.026+0000] {era5_functions.py:290} INFO - --- job=instant date=20260526 ---
[2026-05-27T21:00:05.235+0000] {logging_mixin.py:188} WARNING - 2026-05-27 21:00:05 [WARNING] get_cds_count failed: 400 Client Error: Bad Request for url: https://cds.climate.copernicus.eu/api/retrieve/v1/processes/reanalysis-era5-single-levels/execution
invalid request
None of the data you have requested is available yet, please revise the period requested. The latest date available for this dataset is: 2026-05-22 21:00
[2026-05-27T21:00:05.235+0000] {era5_functions.py:120} WARNING - get_cds_count failed: 400 Client Error: Bad Request for url: https://cds.climate.copernicus.eu/api/retrieve/v1/processes/reanalysis-era5-single-levels/execution
invalid request
None of the data you have requested is available yet, please revise the period requested. The latest date available for this dataset is: 2026-05-22 21:00
[2026-05-27T21:00:05.239+0000] {logging_mixin.py:188} WARNING - 2026-05-27 21:00:05 [WARNING] CDS ยังไม่มีข้อมูล job=instant date=20260526, skip
[2026-05-27T21:00:05.238+0000] {era5_functions.py:295} WARNING - CDS ยังไม่มีข้อมูล job=instant date=20260526, skip
[2026-05-27T21:00:05.241+0000] {logging_mixin.py:188} WARNING - 2026-05-27 21:00:05 [INFO] --- job=instant date=20260525 ---
[2026-05-27T21:00:05.241+0000] {era5_functions.py:290} INFO - --- job=instant date=20260525 ---
[2026-05-27T21:00:05.924+0000] {logging_mixin.py:188} WARNING - 2026-05-27 21:00:05 [WARNING] get_cds_count failed: 400 Client Error: Bad Request for url: https://cds.climate.copernicus.eu/api/retrieve/v1/processes/reanalysis-era5-single-levels/execution
invalid request
None of the data you have requested is available yet, please revise the period requested. The latest date available for this dataset is: 2026-05-22 21:00
[2026-05-27T21:00:05.924+0000] {era5_functions.py:120} WARNING - get_cds_count failed: 400 Client Error: Bad Request for url: https://cds.climate.copernicus.eu/api/retrieve/v1/processes/reanalysis-era5-single-levels/execution
invalid request
None of the data you have requested is available yet, please revise the period requested. The latest date available for this dataset is: 2026-05-22 21:00
[2026-05-27T21:00:05.929+0000] {logging_mixin.py:188} WARNING - 2026-05-27 21:00:05 [WARNING] CDS ยังไม่มีข้อมูล job=instant date=20260525, skip
[2026-05-27T21:00:05.929+0000] {era5_functions.py:295} WARNING - CDS ยังไม่มีข้อมูล job=instant date=20260525, skip
[2026-05-27T21:00:05.934+0000] {logging_mixin.py:188} WARNING - 2026-05-27 21:00:05 [INFO] --- job=instant date=20260524 ---
[2026-05-27T21:00:05.933+0000] {era5_functions.py:290} INFO - --- job=instant date=20260524 ---
[2026-05-27T21:00:06.654+0000] {logging_mixin.py:188} WARNING - 2026-05-27 21:00:06 [WARNING] get_cds_count failed: 400 Client Error: Bad Request for url: https://cds.climate.copernicus.eu/api/retrieve/v1/processes/reanalysis-era5-single-levels/execution
invalid request
None of the data you have requested is available yet, please revise the period requested. The latest date available for this dataset is: 2026-05-22 21:00
[2026-05-27T21:00:06.654+0000] {era5_functions.py:120} WARNING - get_cds_count failed: 400 Client Error: Bad Request for url: https://cds.climate.copernicus.eu/api/retrieve/v1/processes/reanalysis-era5-single-levels/execution
invalid request
None of the data you have requested is available yet, please revise the period requested. The latest date available for this dataset is: 2026-05-22 21:00
[2026-05-27T21:00:06.658+0000] {logging_mixin.py:188} WARNING - 2026-05-27 21:00:06 [WARNING] CDS ยังไม่มีข้อมูล job=instant date=20260524, skip
[2026-05-27T21:00:06.658+0000] {era5_functions.py:295} WARNING - CDS ยังไม่มีข้อมูล job=instant date=20260524, skip
[2026-05-27T21:00:06.661+0000] {logging_mixin.py:188} WARNING - 2026-05-27 21:00:06 [INFO] --- job=instant date=20260523 ---
[2026-05-27T21:00:06.661+0000] {era5_functions.py:290} INFO - --- job=instant date=20260523 ---
[2026-05-27T21:00:07.187+0000] {logging_mixin.py:188} WARNING - 2026-05-27 21:00:07 [WARNING] get_cds_count failed: 400 Client Error: Bad Request for url: https://cds.climate.copernicus.eu/api/retrieve/v1/processes/reanalysis-era5-single-levels/execution
invalid request
None of the data you have requested is available yet, please revise the period requested. The latest date available for this dataset is: 2026-05-22 21:00
[2026-05-27T21:00:07.187+0000] {era5_functions.py:120} WARNING - get_cds_count failed: 400 Client Error: Bad Request for url: https://cds.climate.copernicus.eu/api/retrieve/v1/processes/reanalysis-era5-single-levels/execution
invalid request
None of the data you have requested is available yet, please revise the period requested. The latest date available for this dataset is: 2026-05-22 21:00
[2026-05-27T21:00:07.193+0000] {logging_mixin.py:188} WARNING - 2026-05-27 21:00:07 [WARNING] CDS ยังไม่มีข้อมูล job=instant date=20260523, skip
[2026-05-27T21:00:07.193+0000] {era5_functions.py:295} WARNING - CDS ยังไม่มีข้อมูล job=instant date=20260523, skip
[2026-05-27T21:00:07.197+0000] {logging_mixin.py:188} WARNING - 2026-05-27 21:00:07 [INFO] --- job=instant date=20260522 ---
[2026-05-27T21:00:07.197+0000] {era5_functions.py:290} INFO - --- job=instant date=20260522 ---
[2026-05-27T21:00:07.767+0000] {logging_mixin.py:188} WARNING - 2026-05-27 21:00:07,766 INFO [2025-12-11T00:00:00] Please note that a dedicated catalogue entry for this dataset, post-processed and stored in Analysis Ready Cloud Optimized (ARCO) format (Zarr), is available for optimised time-series retrievals (i.e. for retrieving data from selected variables for a single point over an extended period of time in an efficient way). You can discover it [here](https://cds.climate.copernicus.eu/datasets/reanalysis-era5-single-levels-timeseries?tab=overview)
[2026-05-27T21:00:07.766+0000] {legacy_client.py:192} INFO - [2025-12-11T00:00:00] Please note that a dedicated catalogue entry for this dataset, post-processed and stored in Analysis Ready Cloud Optimized (ARCO) format (Zarr), is available for optimised time-series retrievals (i.e. for retrieving data from selected variables for a single point over an extended period of time in an efficient way). You can discover it [here](https://cds.climate.copernicus.eu/datasets/reanalysis-era5-single-levels-timeseries?tab=overview)
[2026-05-27T21:00:07.772+0000] {logging_mixin.py:188} WARNING - 2026-05-27 21:00:07,771 INFO Request ID is adcb7717-942d-44f1-b5d4-ec6af5c9e498
[2026-05-27T21:00:07.771+0000] {legacy_client.py:192} INFO - Request ID is adcb7717-942d-44f1-b5d4-ec6af5c9e498
[2026-05-27T21:00:07.999+0000] {logging_mixin.py:188} WARNING - 2026-05-27 21:00:07,999 INFO status has been updated to accepted
[2026-05-27T21:00:07.999+0000] {legacy_client.py:192} INFO - status has been updated to accepted
[2026-05-27T21:00:22.277+0000] {logging_mixin.py:188} WARNING - 2026-05-27 21:00:22,277 INFO status has been updated to running
[2026-05-27T21:00:22.277+0000] {legacy_client.py:192} INFO - status has been updated to running
[2026-05-27T21:00:30.189+0000] {logging_mixin.py:188} WARNING - 2026-05-27 21:00:30,189 INFO status has been updated to successful
[2026-05-27T21:00:30.189+0000] {legacy_client.py:192} INFO - status has been updated to successful
[2026-05-27T21:00:30.629+0000] {base.py:119} INFO - Downloading https://object-store.os-api.cci2.ecmwf.int:443/cci2-prod-cache-3/2026-05-27/bdcdeeed995b9f4fc287d58cae5d4110.nc
[2026-05-27T21:00:31.366+0000] {logging_mixin.py:188} WARNING - bdcdeeed995b9f4fc287d58cae5d4110.nc:   0%|          | 0.00/2.37M [00:00<?, ?B/s]
[2026-05-27T21:00:33.746+0000] {logging_mixin.py:188} WARNING - bdcdeeed995b9f4fc287d58cae5d4110.nc:  42%|####2     | 1.00M/2.37M [00:02<00:03, 441kB/s]
[2026-05-27T21:00:34.523+0000] {logging_mixin.py:188} WARNING - bdcdeeed995b9f4fc287d58cae5d4110.nc:  84%|########4 | 2.00M/2.37M [00:03<00:00, 730kB/s]
[2026-05-27T21:00:34.714+0000] {logging_mixin.py:188} WARNING - bdcdeeed995b9f4fc287d58cae5d4110.nc: 100%|##########| 2.37M/2.37M [00:03<00:00, 860kB/s]
[2026-05-27T21:00:34.718+0000] {logging_mixin.py:188} WARNING -                                                                                         
[2026-05-27T21:00:34.992+0000] {logging_mixin.py:188} WARNING - 2026-05-27 21:00:34 [INFO] CDS timestep available: 22
[2026-05-27T21:00:34.992+0000] {era5_functions.py:117} INFO - CDS timestep available: 22
[2026-05-27T21:00:35.079+0000] {logging_mixin.py:188} WARNING - 2026-05-27 21:00:35 [INFO] local timestep: 21 — /opt/***/era5/ecmwf/data/nc/_raw/2026/05/22/instant_20260522.nc
[2026-05-27T21:00:35.079+0000] {era5_functions.py:141} INFO - local timestep: 21 — /opt/***/era5/ecmwf/data/nc/_raw/2026/05/22/instant_20260522.nc
[2026-05-27T21:00:35.088+0000] {logging_mixin.py:188} WARNING - 2026-05-27 21:00:35 [INFO] nc outdated (local=21 < cds=22), removing: /opt/***/era5/ecmwf/data/nc/_raw/2026/05/22/instant_20260522.nc
[2026-05-27T21:00:35.088+0000] {era5_functions.py:167} INFO - nc outdated (local=21 < cds=22), removing: /opt/***/era5/ecmwf/data/nc/_raw/2026/05/22/instant_20260522.nc
[2026-05-27T21:00:35.107+0000] {logging_mixin.py:188} WARNING - 2026-05-27 21:00:35 [INFO] download attempt 1/3: /opt/***/era5/ecmwf/data/nc/_raw/2026/05/22/instant_20260522.nc
[2026-05-27T21:00:35.107+0000] {era5_functions.py:174} INFO - download attempt 1/3: /opt/***/era5/ecmwf/data/nc/_raw/2026/05/22/instant_20260522.nc
[2026-05-27T21:00:37.086+0000] {logging_mixin.py:188} WARNING - 2026-05-27 21:00:37,086 INFO [2025-12-11T00:00:00] Please note that a dedicated catalogue entry for this dataset, post-processed and stored in Analysis Ready Cloud Optimized (ARCO) format (Zarr), is available for optimised time-series retrievals (i.e. for retrieving data from selected variables for a single point over an extended period of time in an efficient way). You can discover it [here](https://cds.climate.copernicus.eu/datasets/reanalysis-era5-single-levels-timeseries?tab=overview)
[2026-05-27T21:00:37.086+0000] {legacy_client.py:192} INFO - [2025-12-11T00:00:00] Please note that a dedicated catalogue entry for this dataset, post-processed and stored in Analysis Ready Cloud Optimized (ARCO) format (Zarr), is available for optimised time-series retrievals (i.e. for retrieving data from selected variables for a single point over an extended period of time in an efficient way). You can discover it [here](https://cds.climate.copernicus.eu/datasets/reanalysis-era5-single-levels-timeseries?tab=overview)
[2026-05-27T21:00:37.090+0000] {logging_mixin.py:188} WARNING - 2026-05-27 21:00:37,090 INFO Request ID is c01541d0-11c5-4839-8cf5-8a38077e21a1
[2026-05-27T21:00:37.090+0000] {legacy_client.py:192} INFO - Request ID is c01541d0-11c5-4839-8cf5-8a38077e21a1
[2026-05-27T21:00:39.312+0000] {logging_mixin.py:188} WARNING - 2026-05-27 21:00:39,311 INFO status has been updated to accepted
[2026-05-27T21:00:39.311+0000] {legacy_client.py:192} INFO - status has been updated to accepted
[2026-05-27T21:00:54.826+0000] {logging_mixin.py:188} WARNING - 2026-05-27 21:00:54,825 INFO status has been updated to successful
[2026-05-27T21:00:54.825+0000] {legacy_client.py:192} INFO - status has been updated to successful
[2026-05-27T21:00:55.261+0000] {base.py:119} INFO - Downloading https://object-store.os-api.cci2.ecmwf.int:443/cci2-prod-cache-1/2026-05-27/3381945c1eabf8a36141a9c4018493ca.nc
[2026-05-27T21:00:55.986+0000] {logging_mixin.py:188} WARNING - 3381945c1eabf8a36141a9c4018493ca.nc:   0%|          | 0.00/2.37M [00:00<?, ?B/s]
[2026-05-27T21:00:57.800+0000] {logging_mixin.py:188} WARNING - 3381945c1eabf8a36141a9c4018493ca.nc:  42%|####2     | 1.00M/2.37M [00:01<00:02, 579kB/s]
[2026-05-27T21:00:57.983+0000] {logging_mixin.py:188} WARNING - 3381945c1eabf8a36141a9c4018493ca.nc:  84%|########4 | 2.00M/2.37M [00:01<00:00, 1.23MB/s]
[2026-05-27T21:00:58.005+0000] {logging_mixin.py:188} WARNING -                                                                                          
[2026-05-27T21:00:58.158+0000] {logging_mixin.py:188} WARNING - 2026-05-27 21:00:58 [INFO] nc downloaded ok: /opt/***/era5/ecmwf/data/nc/_raw/2026/05/22/instant_20260522.nc
[2026-05-27T21:00:58.158+0000] {era5_functions.py:178} INFO - nc downloaded ok: /opt/***/era5/ecmwf/data/nc/_raw/2026/05/22/instant_20260522.nc
[2026-05-27T21:00:58.269+0000] {era5_functions.py:94} DEBUG - tif band 21 < cds 22: /opt/***/era5/ecmwf/data/tif/2026/05/22/t2m_20260522.tif
[2026-05-27T21:00:58.378+0000] {logging_mixin.py:188} WARNING - 2026-05-27 21:00:58 [INFO] tif ok: /opt/***/era5/ecmwf/data/tif/2026/05/22/t2m_20260522.tif
[2026-05-27T21:00:58.377+0000] {era5_functions.py:264} INFO - tif ok: /opt/***/era5/ecmwf/data/tif/2026/05/22/t2m_20260522.tif
[2026-05-27T21:00:58.400+0000] {era5_functions.py:94} DEBUG - tif band 21 < cds 22: /opt/***/era5/ecmwf/data/tif/2026/05/22/d2m_20260522.tif
[2026-05-27T21:00:58.524+0000] {logging_mixin.py:188} WARNING - 2026-05-27 21:00:58 [INFO] tif ok: /opt/***/era5/ecmwf/data/tif/2026/05/22/d2m_20260522.tif
[2026-05-27T21:00:58.524+0000] {era5_functions.py:264} INFO - tif ok: /opt/***/era5/ecmwf/data/tif/2026/05/22/d2m_20260522.tif
[2026-05-27T21:00:58.542+0000] {era5_functions.py:94} DEBUG - tif band 21 < cds 22: /opt/***/era5/ecmwf/data/tif/2026/05/22/sp_20260522.tif
[2026-05-27T21:00:58.641+0000] {logging_mixin.py:188} WARNING - 2026-05-27 21:00:58 [INFO] tif ok: /opt/***/era5/ecmwf/data/tif/2026/05/22/sp_20260522.tif
[2026-05-27T21:00:58.641+0000] {era5_functions.py:264} INFO - tif ok: /opt/***/era5/ecmwf/data/tif/2026/05/22/sp_20260522.tif
[2026-05-27T21:00:58.657+0000] {era5_functions.py:94} DEBUG - tif band 4 < cds 22: /opt/***/era5/ecmwf/data/tif/2026/05/22/blh_20260522.tif
[2026-05-27T21:00:58.783+0000] {logging_mixin.py:188} WARNING - 2026-05-27 21:00:58 [ERROR] convert_tif error: [Errno 13] Permission denied: '/opt/***/era5/ecmwf/data/tif/2026/05/22/blh_20260522.tif.tmp' -> '/opt/***/era5/ecmwf/data/tif/2026/05/22/blh_20260522.tif'
[2026-05-27T21:00:58.782+0000] {era5_functions.py:269} ERROR - convert_tif error: [Errno 13] Permission denied: '/opt/***/era5/ecmwf/data/tif/2026/05/22/blh_20260522.tif.tmp' -> '/opt/***/era5/ecmwf/data/tif/2026/05/22/blh_20260522.tif'
[2026-05-27T21:00:58.786+0000] {logging_mixin.py:188} WARNING - 2026-05-27 21:00:58 [INFO] === END job=instant date=2026-05-27 ===
[2026-05-27T21:00:58.786+0000] {era5_functions.py:333} INFO - === END job=instant date=2026-05-27 ===
[2026-05-27T21:00:58.787+0000] {python.py:237} INFO - Done. Returned value was: None
[2026-05-27T21:00:58.788+0000] {taskinstance.py:441} INFO - ::group::Post task execution logs
[2026-05-27T21:00:58.801+0000] {taskinstance.py:1206} INFO - Marking task as SUCCESS. dag_id=era5_download_pipeline, task_id=era5_instant, run_id=scheduled__2026-05-27T20:00:00+00:00, execution_date=20260527T200000, start_date=20260527T210001, end_date=20260527T210058
[2026-05-27T21:00:58.874+0000] {local_task_job_runner.py:240} INFO - Task exited with return code 0
[2026-05-27T21:00:58.910+0000] {taskinstance.py:3498} INFO - 1 downstream tasks scheduled from follow-on schedule check
[2026-05-27T21:00:58.914+0000] {local_task_job_runner.py:222} INFO - ::endgroup::
