[2026-05-27T07:01:40.100+0000] {local_task_job_runner.py:120} INFO - ::group::Pre task execution logs
[2026-05-27T07:01:40.125+0000] {taskinstance.py:2076} INFO - Dependencies all met for dep_context=non-requeueable deps ti=<TaskInstance: era5_download_pipeline.era5_accum scheduled__2026-05-27T06:00:00+00:00 [queued]>
[2026-05-27T07:01:40.135+0000] {taskinstance.py:2076} INFO - Dependencies all met for dep_context=requeueable deps ti=<TaskInstance: era5_download_pipeline.era5_accum scheduled__2026-05-27T06:00:00+00:00 [queued]>
[2026-05-27T07:01:40.137+0000] {taskinstance.py:2306} INFO - Starting attempt 1 of 1
[2026-05-27T07:01:40.153+0000] {taskinstance.py:2330} INFO - Executing <Task(PythonOperator): era5_accum> on 2026-05-27 06:00:00+00:00
[2026-05-27T07:01:40.164+0000] {warnings.py:110} WARNING - /home/***/.local/lib/python3.12/site-packages/***/task/task_runner/standard_task_runner.py:61: DeprecationWarning: This process (pid=4237) is multi-threaded, use of fork() may lead to deadlocks in the child.
  pid = os.fork()

[2026-05-27T07:01:40.168+0000] {standard_task_runner.py:63} INFO - Started process 4239 to run task
[2026-05-27T07:01:40.168+0000] {standard_task_runner.py:90} INFO - Running: ['***', 'tasks', 'run', 'era5_download_pipeline', 'era5_accum', 'scheduled__2026-05-27T06:00:00+00:00', '--job-id', '540', '--raw', '--subdir', 'DAGS_FOLDER/era5_dag.py', '--cfg-path', '/tmp/tmptk9lvdl8']
[2026-05-27T07:01:40.172+0000] {standard_task_runner.py:91} INFO - Job 540: Subtask era5_accum
[2026-05-27T07:01:40.259+0000] {task_command.py:426} INFO - Running <TaskInstance: era5_download_pipeline.era5_accum scheduled__2026-05-27T06:00:00+00:00 [running]> on host 72692237d8f2
[2026-05-27T07:01:40.379+0000] {taskinstance.py:2648} INFO - Exporting env vars: AIRFLOW_CTX_DAG_OWNER='era5' AIRFLOW_CTX_DAG_ID='era5_download_pipeline' AIRFLOW_CTX_TASK_ID='era5_accum' AIRFLOW_CTX_EXECUTION_DATE='2026-05-27T06:00:00+00:00' AIRFLOW_CTX_TRY_NUMBER='1' AIRFLOW_CTX_DAG_RUN_ID='scheduled__2026-05-27T06:00:00+00:00'
[2026-05-27T07:01:40.381+0000] {taskinstance.py:430} INFO - ::endgroup::
[2026-05-27T07:01:41.439+0000] {logging_mixin.py:188} WARNING - 2026-05-27 07:01:41 [INFO] === START job=accum date=2026-05-27 ===
[2026-05-27T07:01:41.439+0000] {era5_functions.py:322} INFO - === START job=accum date=2026-05-27 ===
[2026-05-27T07:01:41.444+0000] {logging_mixin.py:188} WARNING - 2026-05-27 07:01:41 [INFO] --- job=accum date=20260527 ---
[2026-05-27T07:01:41.444+0000] {era5_functions.py:290} INFO - --- job=accum date=20260527 ---
[2026-05-27T07:01:44.033+0000] {logging_mixin.py:188} WARNING - 2026-05-27 07:01:44 [WARNING] get_cds_count failed: 400 Client Error: Bad Request for url: https://cds.climate.copernicus.eu/api/retrieve/v1/processes/reanalysis-era5-single-levels/execution
invalid request
None of the data you have requested is available yet, please revise the period requested. The latest date available for this dataset is: 2026-05-22 07:00
[2026-05-27T07:01:44.032+0000] {era5_functions.py:120} WARNING - get_cds_count failed: 400 Client Error: Bad Request for url: https://cds.climate.copernicus.eu/api/retrieve/v1/processes/reanalysis-era5-single-levels/execution
invalid request
None of the data you have requested is available yet, please revise the period requested. The latest date available for this dataset is: 2026-05-22 07:00
[2026-05-27T07:01:44.036+0000] {logging_mixin.py:188} WARNING - 2026-05-27 07:01:44 [WARNING] CDS ยังไม่มีข้อมูล job=accum date=20260527, skip
[2026-05-27T07:01:44.036+0000] {era5_functions.py:295} WARNING - CDS ยังไม่มีข้อมูล job=accum date=20260527, skip
[2026-05-27T07:01:44.038+0000] {logging_mixin.py:188} WARNING - 2026-05-27 07:01:44 [INFO] --- job=accum date=20260526 ---
[2026-05-27T07:01:44.038+0000] {era5_functions.py:290} INFO - --- job=accum date=20260526 ---
[2026-05-27T07:01:48.910+0000] {logging_mixin.py:188} WARNING - 2026-05-27 07:01:48 [WARNING] get_cds_count failed: 400 Client Error: Bad Request for url: https://cds.climate.copernicus.eu/api/retrieve/v1/processes/reanalysis-era5-single-levels/execution
invalid request
None of the data you have requested is available yet, please revise the period requested. The latest date available for this dataset is: 2026-05-22 07:00
[2026-05-27T07:01:48.910+0000] {era5_functions.py:120} WARNING - get_cds_count failed: 400 Client Error: Bad Request for url: https://cds.climate.copernicus.eu/api/retrieve/v1/processes/reanalysis-era5-single-levels/execution
invalid request
None of the data you have requested is available yet, please revise the period requested. The latest date available for this dataset is: 2026-05-22 07:00
[2026-05-27T07:01:48.911+0000] {logging_mixin.py:188} WARNING - 2026-05-27 07:01:48 [WARNING] CDS ยังไม่มีข้อมูล job=accum date=20260526, skip
[2026-05-27T07:01:48.911+0000] {era5_functions.py:295} WARNING - CDS ยังไม่มีข้อมูล job=accum date=20260526, skip
[2026-05-27T07:01:48.913+0000] {logging_mixin.py:188} WARNING - 2026-05-27 07:01:48 [INFO] --- job=accum date=20260525 ---
[2026-05-27T07:01:48.913+0000] {era5_functions.py:290} INFO - --- job=accum date=20260525 ---
[2026-05-27T07:01:49.487+0000] {logging_mixin.py:188} WARNING - 2026-05-27 07:01:49 [WARNING] get_cds_count failed: 400 Client Error: Bad Request for url: https://cds.climate.copernicus.eu/api/retrieve/v1/processes/reanalysis-era5-single-levels/execution
invalid request
None of the data you have requested is available yet, please revise the period requested. The latest date available for this dataset is: 2026-05-22 07:00
[2026-05-27T07:01:49.487+0000] {era5_functions.py:120} WARNING - get_cds_count failed: 400 Client Error: Bad Request for url: https://cds.climate.copernicus.eu/api/retrieve/v1/processes/reanalysis-era5-single-levels/execution
invalid request
None of the data you have requested is available yet, please revise the period requested. The latest date available for this dataset is: 2026-05-22 07:00
[2026-05-27T07:01:49.489+0000] {logging_mixin.py:188} WARNING - 2026-05-27 07:01:49 [WARNING] CDS ยังไม่มีข้อมูล job=accum date=20260525, skip
[2026-05-27T07:01:49.489+0000] {era5_functions.py:295} WARNING - CDS ยังไม่มีข้อมูล job=accum date=20260525, skip
[2026-05-27T07:01:49.490+0000] {logging_mixin.py:188} WARNING - 2026-05-27 07:01:49 [INFO] --- job=accum date=20260524 ---
[2026-05-27T07:01:49.490+0000] {era5_functions.py:290} INFO - --- job=accum date=20260524 ---
[2026-05-27T07:01:50.105+0000] {logging_mixin.py:188} WARNING - 2026-05-27 07:01:50 [WARNING] get_cds_count failed: 400 Client Error: Bad Request for url: https://cds.climate.copernicus.eu/api/retrieve/v1/processes/reanalysis-era5-single-levels/execution
invalid request
None of the data you have requested is available yet, please revise the period requested. The latest date available for this dataset is: 2026-05-22 07:00
[2026-05-27T07:01:50.105+0000] {era5_functions.py:120} WARNING - get_cds_count failed: 400 Client Error: Bad Request for url: https://cds.climate.copernicus.eu/api/retrieve/v1/processes/reanalysis-era5-single-levels/execution
invalid request
None of the data you have requested is available yet, please revise the period requested. The latest date available for this dataset is: 2026-05-22 07:00
[2026-05-27T07:01:50.108+0000] {logging_mixin.py:188} WARNING - 2026-05-27 07:01:50 [WARNING] CDS ยังไม่มีข้อมูล job=accum date=20260524, skip
[2026-05-27T07:01:50.108+0000] {era5_functions.py:295} WARNING - CDS ยังไม่มีข้อมูล job=accum date=20260524, skip
[2026-05-27T07:01:50.110+0000] {logging_mixin.py:188} WARNING - 2026-05-27 07:01:50 [INFO] --- job=accum date=20260523 ---
[2026-05-27T07:01:50.110+0000] {era5_functions.py:290} INFO - --- job=accum date=20260523 ---
[2026-05-27T07:01:50.571+0000] {logging_mixin.py:188} WARNING - 2026-05-27 07:01:50 [WARNING] get_cds_count failed: 400 Client Error: Bad Request for url: https://cds.climate.copernicus.eu/api/retrieve/v1/processes/reanalysis-era5-single-levels/execution
invalid request
None of the data you have requested is available yet, please revise the period requested. The latest date available for this dataset is: 2026-05-22 07:00
[2026-05-27T07:01:50.571+0000] {era5_functions.py:120} WARNING - get_cds_count failed: 400 Client Error: Bad Request for url: https://cds.climate.copernicus.eu/api/retrieve/v1/processes/reanalysis-era5-single-levels/execution
invalid request
None of the data you have requested is available yet, please revise the period requested. The latest date available for this dataset is: 2026-05-22 07:00
[2026-05-27T07:01:50.573+0000] {logging_mixin.py:188} WARNING - 2026-05-27 07:01:50 [WARNING] CDS ยังไม่มีข้อมูล job=accum date=20260523, skip
[2026-05-27T07:01:50.573+0000] {era5_functions.py:295} WARNING - CDS ยังไม่มีข้อมูล job=accum date=20260523, skip
[2026-05-27T07:01:50.575+0000] {logging_mixin.py:188} WARNING - 2026-05-27 07:01:50 [INFO] --- job=accum date=20260522 ---
[2026-05-27T07:01:50.574+0000] {era5_functions.py:290} INFO - --- job=accum date=20260522 ---
[2026-05-27T07:01:51.127+0000] {logging_mixin.py:188} WARNING - 2026-05-27 07:01:51,127 INFO [2025-12-11T00:00:00] Please note that a dedicated catalogue entry for this dataset, post-processed and stored in Analysis Ready Cloud Optimized (ARCO) format (Zarr), is available for optimised time-series retrievals (i.e. for retrieving data from selected variables for a single point over an extended period of time in an efficient way). You can discover it [here](https://cds.climate.copernicus.eu/datasets/reanalysis-era5-single-levels-timeseries?tab=overview)
[2026-05-27T07:01:51.127+0000] {legacy_client.py:192} INFO - [2025-12-11T00:00:00] Please note that a dedicated catalogue entry for this dataset, post-processed and stored in Analysis Ready Cloud Optimized (ARCO) format (Zarr), is available for optimised time-series retrievals (i.e. for retrieving data from selected variables for a single point over an extended period of time in an efficient way). You can discover it [here](https://cds.climate.copernicus.eu/datasets/reanalysis-era5-single-levels-timeseries?tab=overview)
[2026-05-27T07:01:51.128+0000] {logging_mixin.py:188} WARNING - 2026-05-27 07:01:51,128 INFO Request ID is fd107d32-dc44-41fc-b954-132dabc659a1
[2026-05-27T07:01:51.128+0000] {legacy_client.py:192} INFO - Request ID is fd107d32-dc44-41fc-b954-132dabc659a1
[2026-05-27T07:01:51.329+0000] {logging_mixin.py:188} WARNING - 2026-05-27 07:01:51,329 INFO status has been updated to accepted
[2026-05-27T07:01:51.329+0000] {legacy_client.py:192} INFO - status has been updated to accepted
[2026-05-27T07:02:13.356+0000] {logging_mixin.py:188} WARNING - 2026-05-27 07:02:13,356 INFO status has been updated to running
[2026-05-27T07:02:13.356+0000] {legacy_client.py:192} INFO - status has been updated to running
[2026-05-27T07:02:24.958+0000] {logging_mixin.py:188} WARNING - 2026-05-27 07:02:24,958 INFO status has been updated to successful
[2026-05-27T07:02:24.958+0000] {legacy_client.py:192} INFO - status has been updated to successful
[2026-05-27T07:02:25.369+0000] {base.py:119} INFO - Downloading https://object-store.os-api.cci2.ecmwf.int:443/cci2-prod-cache-1/2026-05-27/c9f932b5dd9f2b2a7fd6f0ca19ad29b1.nc
[2026-05-27T07:02:26.366+0000] {logging_mixin.py:188} WARNING - c9f932b5dd9f2b2a7fd6f0ca19ad29b1.nc:   0%|          | 0.00/137k [00:00<?, ?B/s]
[2026-05-27T07:02:27.585+0000] {logging_mixin.py:188} WARNING - c9f932b5dd9f2b2a7fd6f0ca19ad29b1.nc: 100%|##########| 137k/137k [00:01<00:00, 115kB/s]
[2026-05-27T07:02:27.587+0000] {logging_mixin.py:188} WARNING -                                                                                       
[2026-05-27T07:02:27.778+0000] {logging_mixin.py:188} WARNING - 2026-05-27 07:02:27 [INFO] CDS timestep available: 8
[2026-05-27T07:02:27.778+0000] {era5_functions.py:117} INFO - CDS timestep available: 8
[2026-05-27T07:02:27.819+0000] {logging_mixin.py:188} WARNING - 2026-05-27 07:02:27 [INFO] local timestep: 7 — /opt/***/era5/ecmwf/data/nc/_raw/2026/05/22/accum_20260522.nc
[2026-05-27T07:02:27.819+0000] {era5_functions.py:141} INFO - local timestep: 7 — /opt/***/era5/ecmwf/data/nc/_raw/2026/05/22/accum_20260522.nc
[2026-05-27T07:02:27.831+0000] {logging_mixin.py:188} WARNING - 2026-05-27 07:02:27 [INFO] nc outdated (local=7 < cds=8), removing: /opt/***/era5/ecmwf/data/nc/_raw/2026/05/22/accum_20260522.nc
[2026-05-27T07:02:27.830+0000] {era5_functions.py:167} INFO - nc outdated (local=7 < cds=8), removing: /opt/***/era5/ecmwf/data/nc/_raw/2026/05/22/accum_20260522.nc
[2026-05-27T07:02:27.856+0000] {logging_mixin.py:188} WARNING - 2026-05-27 07:02:27 [INFO] download attempt 1/3: /opt/***/era5/ecmwf/data/nc/_raw/2026/05/22/accum_20260522.nc
[2026-05-27T07:02:27.855+0000] {era5_functions.py:174} INFO - download attempt 1/3: /opt/***/era5/ecmwf/data/nc/_raw/2026/05/22/accum_20260522.nc
[2026-05-27T07:02:28.612+0000] {logging_mixin.py:188} WARNING - 2026-05-27 07:02:28,612 INFO [2025-12-11T00:00:00] Please note that a dedicated catalogue entry for this dataset, post-processed and stored in Analysis Ready Cloud Optimized (ARCO) format (Zarr), is available for optimised time-series retrievals (i.e. for retrieving data from selected variables for a single point over an extended period of time in an efficient way). You can discover it [here](https://cds.climate.copernicus.eu/datasets/reanalysis-era5-single-levels-timeseries?tab=overview)
[2026-05-27T07:02:28.612+0000] {legacy_client.py:192} INFO - [2025-12-11T00:00:00] Please note that a dedicated catalogue entry for this dataset, post-processed and stored in Analysis Ready Cloud Optimized (ARCO) format (Zarr), is available for optimised time-series retrievals (i.e. for retrieving data from selected variables for a single point over an extended period of time in an efficient way). You can discover it [here](https://cds.climate.copernicus.eu/datasets/reanalysis-era5-single-levels-timeseries?tab=overview)
[2026-05-27T07:02:28.614+0000] {logging_mixin.py:188} WARNING - 2026-05-27 07:02:28,614 INFO Request ID is d15f6f90-e52b-40f4-8d1a-0f08bccb1566
[2026-05-27T07:02:28.614+0000] {legacy_client.py:192} INFO - Request ID is d15f6f90-e52b-40f4-8d1a-0f08bccb1566
[2026-05-27T07:02:28.812+0000] {logging_mixin.py:188} WARNING - 2026-05-27 07:02:28,812 INFO status has been updated to accepted
[2026-05-27T07:02:28.812+0000] {legacy_client.py:192} INFO - status has been updated to accepted
[2026-05-27T07:02:46.436+0000] {logging_mixin.py:188} WARNING - 2026-05-27 07:02:46,435 INFO status has been updated to running
[2026-05-27T07:02:46.435+0000] {legacy_client.py:192} INFO - status has been updated to running
[2026-05-27T07:02:54.231+0000] {logging_mixin.py:188} WARNING - 2026-05-27 07:02:54,231 INFO status has been updated to successful
[2026-05-27T07:02:54.231+0000] {legacy_client.py:192} INFO - status has been updated to successful
[2026-05-27T07:02:54.660+0000] {base.py:119} INFO - Downloading https://object-store.os-api.cci2.ecmwf.int:443/cci2-prod-cache-3/2026-05-27/e5ba857e19203819064af899f81a3cff.nc
[2026-05-27T07:02:55.652+0000] {logging_mixin.py:188} WARNING - e5ba857e19203819064af899f81a3cff.nc:   0%|          | 0.00/137k [00:00<?, ?B/s]
[2026-05-27T07:02:58.126+0000] {logging_mixin.py:188} WARNING - e5ba857e19203819064af899f81a3cff.nc: 100%|##########| 137k/137k [00:02<00:00, 56.6kB/s]
[2026-05-27T07:02:58.139+0000] {logging_mixin.py:188} WARNING -                                                                                        
[2026-05-27T07:02:58.208+0000] {logging_mixin.py:188} WARNING - 2026-05-27 07:02:58 [INFO] nc downloaded ok: /opt/***/era5/ecmwf/data/nc/_raw/2026/05/22/accum_20260522.nc
[2026-05-27T07:02:58.208+0000] {era5_functions.py:178} INFO - nc downloaded ok: /opt/***/era5/ecmwf/data/nc/_raw/2026/05/22/accum_20260522.nc
[2026-05-27T07:02:58.265+0000] {era5_functions.py:94} DEBUG - tif band 7 < cds 8: /opt/***/era5/ecmwf/data/tif/2026/05/22/tp_20260522.tif
[2026-05-27T07:02:58.325+0000] {logging_mixin.py:188} WARNING - 2026-05-27 07:02:58 [INFO] tif ok: /opt/***/era5/ecmwf/data/tif/2026/05/22/tp_20260522.tif
[2026-05-27T07:02:58.325+0000] {era5_functions.py:264} INFO - tif ok: /opt/***/era5/ecmwf/data/tif/2026/05/22/tp_20260522.tif
[2026-05-27T07:02:58.329+0000] {logging_mixin.py:188} WARNING - 2026-05-27 07:02:58 [INFO] === END job=accum date=2026-05-27 ===
[2026-05-27T07:02:58.329+0000] {era5_functions.py:333} INFO - === END job=accum date=2026-05-27 ===
[2026-05-27T07:02:58.331+0000] {python.py:237} INFO - Done. Returned value was: None
[2026-05-27T07:02:58.331+0000] {taskinstance.py:441} INFO - ::group::Post task execution logs
[2026-05-27T07:02:58.343+0000] {taskinstance.py:1206} INFO - Marking task as SUCCESS. dag_id=era5_download_pipeline, task_id=era5_accum, run_id=scheduled__2026-05-27T06:00:00+00:00, execution_date=20260527T060000, start_date=20260527T070140, end_date=20260527T070258
[2026-05-27T07:02:58.405+0000] {local_task_job_runner.py:240} INFO - Task exited with return code 0
[2026-05-27T07:02:58.422+0000] {taskinstance.py:3498} INFO - 0 downstream tasks scheduled from follow-on schedule check
[2026-05-27T07:02:58.425+0000] {local_task_job_runner.py:222} INFO - ::endgroup::
