[2026-07-19T22:01:48.121+0000] {local_task_job_runner.py:120} INFO - ::group::Pre task execution logs
[2026-07-19T22:01:48.144+0000] {taskinstance.py:2076} INFO - Dependencies all met for dep_context=non-requeueable deps ti=<TaskInstance: era5_download_pipeline.era5_accum scheduled__2026-07-19T21:00:00+00:00 [queued]>
[2026-07-19T22:01:48.153+0000] {taskinstance.py:2076} INFO - Dependencies all met for dep_context=requeueable deps ti=<TaskInstance: era5_download_pipeline.era5_accum scheduled__2026-07-19T21:00:00+00:00 [queued]>
[2026-07-19T22:01:48.155+0000] {taskinstance.py:2306} INFO - Starting attempt 1 of 1
[2026-07-19T22:01:48.175+0000] {taskinstance.py:2330} INFO - Executing <Task(PythonOperator): era5_accum> on 2026-07-19 21:00:00+00:00
[2026-07-19T22:01:48.187+0000] {warnings.py:110} WARNING - /home/***/.local/lib/python3.12/site-packages/***/task/task_runner/standard_task_runner.py:61: DeprecationWarning: This process (pid=51154) is multi-threaded, use of fork() may lead to deadlocks in the child.
  pid = os.fork()

[2026-07-19T22:01:48.191+0000] {standard_task_runner.py:63} INFO - Started process 51156 to run task
[2026-07-19T22:01:48.189+0000] {standard_task_runner.py:90} INFO - Running: ['***', 'tasks', 'run', 'era5_download_pipeline', 'era5_accum', 'scheduled__2026-07-19T21:00:00+00:00', '--job-id', '2413', '--raw', '--subdir', 'DAGS_FOLDER/era5_dag.py', '--cfg-path', '/tmp/tmp34edhahp']
[2026-07-19T22:01:48.193+0000] {standard_task_runner.py:91} INFO - Job 2413: Subtask era5_accum
[2026-07-19T22:01:48.273+0000] {task_command.py:426} INFO - Running <TaskInstance: era5_download_pipeline.era5_accum scheduled__2026-07-19T21:00:00+00:00 [running]> on host 01cd476fb21a
[2026-07-19T22:01:48.392+0000] {taskinstance.py:2648} INFO - Exporting env vars: AIRFLOW_CTX_DAG_OWNER='era5' AIRFLOW_CTX_DAG_ID='era5_download_pipeline' AIRFLOW_CTX_TASK_ID='era5_accum' AIRFLOW_CTX_EXECUTION_DATE='2026-07-19T21:00:00+00:00' AIRFLOW_CTX_TRY_NUMBER='1' AIRFLOW_CTX_DAG_RUN_ID='scheduled__2026-07-19T21:00:00+00:00'
[2026-07-19T22:01:48.395+0000] {taskinstance.py:430} INFO - ::endgroup::
[2026-07-19T22:01:49.459+0000] {logging_mixin.py:188} WARNING - 2026-07-19 22:01:49 [INFO] === START job=accum date=2026-07-19 ===
[2026-07-19T22:01:49.459+0000] {era5_functions.py:368} INFO - === START job=accum date=2026-07-19 ===
[2026-07-19T22:01:49.462+0000] {logging_mixin.py:188} WARNING - 2026-07-19 22:01:49 [INFO] --- job=accum date=20260719 ---
[2026-07-19T22:01:49.462+0000] {era5_functions.py:330} INFO - --- job=accum date=20260719 ---
[2026-07-19T22:01:50.554+0000] {logging_mixin.py:188} WARNING - 2026-07-19 22:01:50 [WARNING] get_cds_count failed: 400 Client Error: Bad Request for url: https://cds.climate.copernicus.eu/api/retrieve/v1/processes/reanalysis-era5-single-levels/execution
invalid request
None of the data you have requested is available yet, please revise the period requested. The latest date available for this dataset is: 2026-07-14 22:00
[2026-07-19T22:01:50.553+0000] {era5_functions.py:131} WARNING - get_cds_count failed: 400 Client Error: Bad Request for url: https://cds.climate.copernicus.eu/api/retrieve/v1/processes/reanalysis-era5-single-levels/execution
invalid request
None of the data you have requested is available yet, please revise the period requested. The latest date available for this dataset is: 2026-07-14 22:00
[2026-07-19T22:01:50.560+0000] {logging_mixin.py:188} WARNING - 2026-07-19 22:01:50 [WARNING] CDS ยังไม่มีข้อมูล job=accum date=20260719, skip
[2026-07-19T22:01:50.560+0000] {era5_functions.py:335} WARNING - CDS ยังไม่มีข้อมูล job=accum date=20260719, skip
[2026-07-19T22:01:50.565+0000] {logging_mixin.py:188} WARNING - 2026-07-19 22:01:50 [INFO] --- job=accum date=20260718 ---
[2026-07-19T22:01:50.564+0000] {era5_functions.py:330} INFO - --- job=accum date=20260718 ---
[2026-07-19T22:01:51.291+0000] {logging_mixin.py:188} WARNING - 2026-07-19 22:01:51 [WARNING] get_cds_count failed: 400 Client Error: Bad Request for url: https://cds.climate.copernicus.eu/api/retrieve/v1/processes/reanalysis-era5-single-levels/execution
invalid request
None of the data you have requested is available yet, please revise the period requested. The latest date available for this dataset is: 2026-07-14 22:00
[2026-07-19T22:01:51.291+0000] {era5_functions.py:131} WARNING - get_cds_count failed: 400 Client Error: Bad Request for url: https://cds.climate.copernicus.eu/api/retrieve/v1/processes/reanalysis-era5-single-levels/execution
invalid request
None of the data you have requested is available yet, please revise the period requested. The latest date available for this dataset is: 2026-07-14 22:00
[2026-07-19T22:01:51.295+0000] {logging_mixin.py:188} WARNING - 2026-07-19 22:01:51 [WARNING] CDS ยังไม่มีข้อมูล job=accum date=20260718, skip
[2026-07-19T22:01:51.295+0000] {era5_functions.py:335} WARNING - CDS ยังไม่มีข้อมูล job=accum date=20260718, skip
[2026-07-19T22:01:51.298+0000] {logging_mixin.py:188} WARNING - 2026-07-19 22:01:51 [INFO] --- job=accum date=20260717 ---
[2026-07-19T22:01:51.298+0000] {era5_functions.py:330} INFO - --- job=accum date=20260717 ---
[2026-07-19T22:01:51.926+0000] {logging_mixin.py:188} WARNING - 2026-07-19 22:01:51 [WARNING] get_cds_count failed: 400 Client Error: Bad Request for url: https://cds.climate.copernicus.eu/api/retrieve/v1/processes/reanalysis-era5-single-levels/execution
invalid request
None of the data you have requested is available yet, please revise the period requested. The latest date available for this dataset is: 2026-07-14 22:00
[2026-07-19T22:01:51.926+0000] {era5_functions.py:131} WARNING - get_cds_count failed: 400 Client Error: Bad Request for url: https://cds.climate.copernicus.eu/api/retrieve/v1/processes/reanalysis-era5-single-levels/execution
invalid request
None of the data you have requested is available yet, please revise the period requested. The latest date available for this dataset is: 2026-07-14 22:00
[2026-07-19T22:01:51.930+0000] {logging_mixin.py:188} WARNING - 2026-07-19 22:01:51 [WARNING] CDS ยังไม่มีข้อมูล job=accum date=20260717, skip
[2026-07-19T22:01:51.930+0000] {era5_functions.py:335} WARNING - CDS ยังไม่มีข้อมูล job=accum date=20260717, skip
[2026-07-19T22:01:51.933+0000] {logging_mixin.py:188} WARNING - 2026-07-19 22:01:51 [INFO] --- job=accum date=20260716 ---
[2026-07-19T22:01:51.933+0000] {era5_functions.py:330} INFO - --- job=accum date=20260716 ---
[2026-07-19T22:01:52.594+0000] {logging_mixin.py:188} WARNING - 2026-07-19 22:01:52 [WARNING] get_cds_count failed: 400 Client Error: Bad Request for url: https://cds.climate.copernicus.eu/api/retrieve/v1/processes/reanalysis-era5-single-levels/execution
invalid request
None of the data you have requested is available yet, please revise the period requested. The latest date available for this dataset is: 2026-07-14 22:00
[2026-07-19T22:01:52.593+0000] {era5_functions.py:131} WARNING - get_cds_count failed: 400 Client Error: Bad Request for url: https://cds.climate.copernicus.eu/api/retrieve/v1/processes/reanalysis-era5-single-levels/execution
invalid request
None of the data you have requested is available yet, please revise the period requested. The latest date available for this dataset is: 2026-07-14 22:00
[2026-07-19T22:01:52.598+0000] {logging_mixin.py:188} WARNING - 2026-07-19 22:01:52 [WARNING] CDS ยังไม่มีข้อมูล job=accum date=20260716, skip
[2026-07-19T22:01:52.598+0000] {era5_functions.py:335} WARNING - CDS ยังไม่มีข้อมูล job=accum date=20260716, skip
[2026-07-19T22:01:52.602+0000] {logging_mixin.py:188} WARNING - 2026-07-19 22:01:52 [INFO] --- job=accum date=20260715 ---
[2026-07-19T22:01:52.602+0000] {era5_functions.py:330} INFO - --- job=accum date=20260715 ---
[2026-07-19T22:01:53.856+0000] {logging_mixin.py:188} WARNING - 2026-07-19 22:01:53 [WARNING] get_cds_count failed: 400 Client Error: Bad Request for url: https://cds.climate.copernicus.eu/api/retrieve/v1/processes/reanalysis-era5-single-levels/execution
invalid request
None of the data you have requested is available yet, please revise the period requested. The latest date available for this dataset is: 2026-07-14 22:00
[2026-07-19T22:01:53.856+0000] {era5_functions.py:131} WARNING - get_cds_count failed: 400 Client Error: Bad Request for url: https://cds.climate.copernicus.eu/api/retrieve/v1/processes/reanalysis-era5-single-levels/execution
invalid request
None of the data you have requested is available yet, please revise the period requested. The latest date available for this dataset is: 2026-07-14 22:00
[2026-07-19T22:01:53.860+0000] {logging_mixin.py:188} WARNING - 2026-07-19 22:01:53 [WARNING] CDS ยังไม่มีข้อมูล job=accum date=20260715, skip
[2026-07-19T22:01:53.860+0000] {era5_functions.py:335} WARNING - CDS ยังไม่มีข้อมูล job=accum date=20260715, skip
[2026-07-19T22:01:53.864+0000] {logging_mixin.py:188} WARNING - 2026-07-19 22:01:53 [INFO] --- job=accum date=20260714 ---
[2026-07-19T22:01:53.863+0000] {era5_functions.py:330} INFO - --- job=accum date=20260714 ---
[2026-07-19T22:01:54.692+0000] {logging_mixin.py:188} WARNING - 2026-07-19 22:01:54,692 INFO Request ID is eca7fe0d-8aac-4f3d-9739-9a8cdcd485c3
[2026-07-19T22:01:54.692+0000] {legacy_client.py:192} INFO - Request ID is eca7fe0d-8aac-4f3d-9739-9a8cdcd485c3
[2026-07-19T22:01:55.334+0000] {logging_mixin.py:188} WARNING - 2026-07-19 22:01:55,333 INFO status has been updated to accepted
[2026-07-19T22:01:55.333+0000] {legacy_client.py:192} INFO - status has been updated to accepted
[2026-07-19T22:02:19.085+0000] {logging_mixin.py:188} WARNING - 2026-07-19 22:02:19,085 INFO status has been updated to running
[2026-07-19T22:02:19.085+0000] {legacy_client.py:192} INFO - status has been updated to running
[2026-07-19T22:02:31.133+0000] {logging_mixin.py:188} WARNING - 2026-07-19 22:02:31,132 INFO status has been updated to successful
[2026-07-19T22:02:31.132+0000] {legacy_client.py:192} INFO - status has been updated to successful
[2026-07-19T22:02:31.551+0000] {base.py:119} INFO - Downloading https://object-store.os-api.cci2.ecmwf.int:443/cci2-prod-cache-1/2026-07-19/9a90f5ed656ad58385812530ecd0abe9.nc
[2026-07-19T22:02:32.593+0000] {logging_mixin.py:188} WARNING - 9a90f5ed656ad58385812530ecd0abe9.nc:   0%|          | 0.00/333k [00:00<?, ?B/s]
[2026-07-19T22:02:33.958+0000] {logging_mixin.py:188} WARNING - 9a90f5ed656ad58385812530ecd0abe9.nc: 100%|##########| 333k/333k [00:01<00:00, 250kB/s]
[2026-07-19T22:02:33.964+0000] {logging_mixin.py:188} WARNING -                                                                                       
[2026-07-19T22:02:34.261+0000] {logging_mixin.py:188} WARNING - 2026-07-19 22:02:34 [INFO] CDS timestep available: 23
[2026-07-19T22:02:34.261+0000] {era5_functions.py:128} INFO - CDS timestep available: 23
[2026-07-19T22:02:34.320+0000] {logging_mixin.py:188} WARNING - 2026-07-19 22:02:34 [INFO] local timestep: 22 — /opt/***/era5/ecmwf/data/nc/_raw/2026/07/14/accum_20260714.nc
[2026-07-19T22:02:34.320+0000] {era5_functions.py:152} INFO - local timestep: 22 — /opt/***/era5/ecmwf/data/nc/_raw/2026/07/14/accum_20260714.nc
[2026-07-19T22:02:34.328+0000] {logging_mixin.py:188} WARNING - 2026-07-19 22:02:34 [INFO] nc outdated (local=22 < cds=23), removing: /opt/***/era5/ecmwf/data/nc/_raw/2026/07/14/accum_20260714.nc
[2026-07-19T22:02:34.328+0000] {era5_functions.py:193} INFO - nc outdated (local=22 < cds=23), removing: /opt/***/era5/ecmwf/data/nc/_raw/2026/07/14/accum_20260714.nc
[2026-07-19T22:02:34.350+0000] {logging_mixin.py:188} WARNING - 2026-07-19 22:02:34 [INFO] download attempt 1/3: /opt/***/era5/ecmwf/data/nc/_raw/2026/07/14/accum_20260714.nc
[2026-07-19T22:02:34.349+0000] {era5_functions.py:200} INFO - download attempt 1/3: /opt/***/era5/ecmwf/data/nc/_raw/2026/07/14/accum_20260714.nc
[2026-07-19T22:02:35.523+0000] {logging_mixin.py:188} WARNING - 2026-07-19 22:02:35,522 INFO Request ID is dc2f7095-dce9-4e99-8175-4909354d782c
[2026-07-19T22:02:35.522+0000] {legacy_client.py:192} INFO - Request ID is dc2f7095-dce9-4e99-8175-4909354d782c
[2026-07-19T22:02:35.727+0000] {logging_mixin.py:188} WARNING - 2026-07-19 22:02:35,726 INFO status has been updated to accepted
[2026-07-19T22:02:35.726+0000] {legacy_client.py:192} INFO - status has been updated to accepted
[2026-07-19T22:03:09.780+0000] {logging_mixin.py:188} WARNING - 2026-07-19 22:03:09,779 INFO status has been updated to running
[2026-07-19T22:03:09.779+0000] {legacy_client.py:192} INFO - status has been updated to running
[2026-07-19T22:03:27.119+0000] {logging_mixin.py:188} WARNING - 2026-07-19 22:03:27,118 INFO status has been updated to successful
[2026-07-19T22:03:27.118+0000] {legacy_client.py:192} INFO - status has been updated to successful
[2026-07-19T22:03:28.142+0000] {base.py:119} INFO - Downloading https://object-store.os-api.cci2.ecmwf.int:443/cci2-prod-cache-2/2026-07-19/2f988e7cf1dd3d48edbef88cfea296af.nc
[2026-07-19T22:03:28.784+0000] {logging_mixin.py:188} WARNING - 2f988e7cf1dd3d48edbef88cfea296af.nc:   0%|          | 0.00/331k [00:00<?, ?B/s]
[2026-07-19T22:03:30.519+0000] {logging_mixin.py:188} WARNING - 2f988e7cf1dd3d48edbef88cfea296af.nc: 100%|##########| 331k/331k [00:01<00:00, 196kB/s]
[2026-07-19T22:03:30.541+0000] {logging_mixin.py:188} WARNING -                                                                                       
[2026-07-19T22:03:30.632+0000] {logging_mixin.py:188} WARNING - 2026-07-19 22:03:30 [INFO] nc downloaded ok: /opt/***/era5/ecmwf/data/nc/_raw/2026/07/14/accum_20260714.nc
[2026-07-19T22:03:30.632+0000] {era5_functions.py:204} INFO - nc downloaded ok: /opt/***/era5/ecmwf/data/nc/_raw/2026/07/14/accum_20260714.nc
[2026-07-19T22:03:30.682+0000] {logging_mixin.py:188} WARNING - 2026-07-19 22:03:30 [INFO] local timestep: 23 — /opt/***/era5/ecmwf/data/nc/_raw/2026/07/14/accum_20260714.nc
[2026-07-19T22:03:30.682+0000] {era5_functions.py:152} INFO - local timestep: 23 — /opt/***/era5/ecmwf/data/nc/_raw/2026/07/14/accum_20260714.nc
[2026-07-19T22:03:30.760+0000] {logging_mixin.py:188} WARNING - 2026-07-19 22:03:30 [INFO] tif outdated (tif=22 < nc=23), removing: /opt/***/era5/ecmwf/data/tif/2026/07/14/tp_20260714.tif
[2026-07-19T22:03:30.760+0000] {era5_functions.py:261} INFO - tif outdated (tif=22 < nc=23), removing: /opt/***/era5/ecmwf/data/tif/2026/07/14/tp_20260714.tif
[2026-07-19T22:03:30.870+0000] {logging_mixin.py:188} WARNING - 2026-07-19 22:03:30 [INFO] tif ok (bands=23): /opt/***/era5/ecmwf/data/tif/2026/07/14/tp_20260714.tif
[2026-07-19T22:03:30.870+0000] {era5_functions.py:304} INFO - tif ok (bands=23): /opt/***/era5/ecmwf/data/tif/2026/07/14/tp_20260714.tif
[2026-07-19T22:03:30.875+0000] {logging_mixin.py:188} WARNING - 2026-07-19 22:03:30 [INFO] === END job=accum date=2026-07-19 ===
[2026-07-19T22:03:30.875+0000] {era5_functions.py:379} INFO - === END job=accum date=2026-07-19 ===
[2026-07-19T22:03:30.877+0000] {python.py:237} INFO - Done. Returned value was: None
[2026-07-19T22:03:30.878+0000] {taskinstance.py:441} INFO - ::group::Post task execution logs
[2026-07-19T22:03:30.893+0000] {taskinstance.py:1206} INFO - Marking task as SUCCESS. dag_id=era5_download_pipeline, task_id=era5_accum, run_id=scheduled__2026-07-19T21:00:00+00:00, execution_date=20260719T210000, start_date=20260719T220148, end_date=20260719T220330
[2026-07-19T22:03:30.957+0000] {local_task_job_runner.py:240} INFO - Task exited with return code 0
[2026-07-19T22:03:30.976+0000] {taskinstance.py:3498} INFO - 0 downstream tasks scheduled from follow-on schedule check
[2026-07-19T22:03:30.979+0000] {local_task_job_runner.py:222} INFO - ::endgroup::
