[2026-07-18T15:00:01.907+0000] {local_task_job_runner.py:120} INFO - ::group::Pre task execution logs
[2026-07-18T15:00:01.935+0000] {taskinstance.py:2076} INFO - Dependencies all met for dep_context=non-requeueable deps ti=<TaskInstance: era5_download_pipeline.era5_instant scheduled__2026-07-18T14:00:00+00:00 [queued]>
[2026-07-18T15:00:01.957+0000] {taskinstance.py:2076} INFO - Dependencies all met for dep_context=requeueable deps ti=<TaskInstance: era5_download_pipeline.era5_instant scheduled__2026-07-18T14:00:00+00:00 [queued]>
[2026-07-18T15:00:01.959+0000] {taskinstance.py:2306} INFO - Starting attempt 1 of 1
[2026-07-18T15:00:01.982+0000] {taskinstance.py:2330} INFO - Executing <Task(PythonOperator): era5_instant> on 2026-07-18 14:00:00+00:00
[2026-07-18T15:00:01.993+0000] {warnings.py:110} WARNING - /home/***/.local/lib/python3.12/site-packages/***/task/task_runner/standard_task_runner.py:61: DeprecationWarning: This process (pid=27312) is multi-threaded, use of fork() may lead to deadlocks in the child.
  pid = os.fork()

[2026-07-18T15:00:01.996+0000] {standard_task_runner.py:63} INFO - Started process 27314 to run task
[2026-07-18T15:00:01.999+0000] {standard_task_runner.py:90} INFO - Running: ['***', 'tasks', 'run', 'era5_download_pipeline', 'era5_instant', 'scheduled__2026-07-18T14:00:00+00:00', '--job-id', '2349', '--raw', '--subdir', 'DAGS_FOLDER/era5_dag.py', '--cfg-path', '/tmp/tmpk1721g9v']
[2026-07-18T15:00:02.003+0000] {standard_task_runner.py:91} INFO - Job 2349: Subtask era5_instant
[2026-07-18T15:00:02.117+0000] {task_command.py:426} INFO - Running <TaskInstance: era5_download_pipeline.era5_instant scheduled__2026-07-18T14:00:00+00:00 [running]> on host 01cd476fb21a
[2026-07-18T15:00:02.266+0000] {taskinstance.py:2648} INFO - Exporting env vars: AIRFLOW_CTX_DAG_OWNER='era5' AIRFLOW_CTX_DAG_ID='era5_download_pipeline' AIRFLOW_CTX_TASK_ID='era5_instant' AIRFLOW_CTX_EXECUTION_DATE='2026-07-18T14:00:00+00:00' AIRFLOW_CTX_TRY_NUMBER='1' AIRFLOW_CTX_DAG_RUN_ID='scheduled__2026-07-18T14:00:00+00:00'
[2026-07-18T15:00:02.270+0000] {taskinstance.py:430} INFO - ::endgroup::
[2026-07-18T15:00:03.373+0000] {logging_mixin.py:188} WARNING - 2026-07-18 15:00:03 [INFO] === START job=instant date=2026-07-18 ===
[2026-07-18T15:00:03.373+0000] {era5_functions.py:368} INFO - === START job=instant date=2026-07-18 ===
[2026-07-18T15:00:03.375+0000] {logging_mixin.py:188} WARNING - 2026-07-18 15:00:03 [INFO] --- job=instant date=20260718 ---
[2026-07-18T15:00:03.375+0000] {era5_functions.py:330} INFO - --- job=instant date=20260718 ---
[2026-07-18T15:00:04.148+0000] {logging_mixin.py:188} WARNING - 2026-07-18 15:00:04 [WARNING] get_cds_count failed: 400 Client Error: Bad Request for url: https://cds.climate.copernicus.eu/api/retrieve/v1/processes/reanalysis-era5-single-levels/execution
invalid request
None of the data you have requested is available yet, please revise the period requested. The latest date available for this dataset is: 2026-07-13 15:00
[2026-07-18T15:00:04.148+0000] {era5_functions.py:131} WARNING - get_cds_count failed: 400 Client Error: Bad Request for url: https://cds.climate.copernicus.eu/api/retrieve/v1/processes/reanalysis-era5-single-levels/execution
invalid request
None of the data you have requested is available yet, please revise the period requested. The latest date available for this dataset is: 2026-07-13 15:00
[2026-07-18T15:00:04.152+0000] {logging_mixin.py:188} WARNING - 2026-07-18 15:00:04 [WARNING] CDS ยังไม่มีข้อมูล job=instant date=20260718, skip
[2026-07-18T15:00:04.152+0000] {era5_functions.py:335} WARNING - CDS ยังไม่มีข้อมูล job=instant date=20260718, skip
[2026-07-18T15:00:04.157+0000] {logging_mixin.py:188} WARNING - 2026-07-18 15:00:04 [INFO] --- job=instant date=20260717 ---
[2026-07-18T15:00:04.157+0000] {era5_functions.py:330} INFO - --- job=instant date=20260717 ---
[2026-07-18T15:00:06.325+0000] {logging_mixin.py:188} WARNING - 2026-07-18 15:00:06 [WARNING] get_cds_count failed: 400 Client Error: Bad Request for url: https://cds.climate.copernicus.eu/api/retrieve/v1/processes/reanalysis-era5-single-levels/execution
invalid request
None of the data you have requested is available yet, please revise the period requested. The latest date available for this dataset is: 2026-07-13 15:00
[2026-07-18T15:00:06.325+0000] {era5_functions.py:131} WARNING - get_cds_count failed: 400 Client Error: Bad Request for url: https://cds.climate.copernicus.eu/api/retrieve/v1/processes/reanalysis-era5-single-levels/execution
invalid request
None of the data you have requested is available yet, please revise the period requested. The latest date available for this dataset is: 2026-07-13 15:00
[2026-07-18T15:00:06.329+0000] {logging_mixin.py:188} WARNING - 2026-07-18 15:00:06 [WARNING] CDS ยังไม่มีข้อมูล job=instant date=20260717, skip
[2026-07-18T15:00:06.329+0000] {era5_functions.py:335} WARNING - CDS ยังไม่มีข้อมูล job=instant date=20260717, skip
[2026-07-18T15:00:06.332+0000] {logging_mixin.py:188} WARNING - 2026-07-18 15:00:06 [INFO] --- job=instant date=20260716 ---
[2026-07-18T15:00:06.331+0000] {era5_functions.py:330} INFO - --- job=instant date=20260716 ---
[2026-07-18T15:00:07.028+0000] {logging_mixin.py:188} WARNING - 2026-07-18 15:00:07 [WARNING] get_cds_count failed: 400 Client Error: Bad Request for url: https://cds.climate.copernicus.eu/api/retrieve/v1/processes/reanalysis-era5-single-levels/execution
invalid request
None of the data you have requested is available yet, please revise the period requested. The latest date available for this dataset is: 2026-07-13 15:00
[2026-07-18T15:00:07.028+0000] {era5_functions.py:131} WARNING - get_cds_count failed: 400 Client Error: Bad Request for url: https://cds.climate.copernicus.eu/api/retrieve/v1/processes/reanalysis-era5-single-levels/execution
invalid request
None of the data you have requested is available yet, please revise the period requested. The latest date available for this dataset is: 2026-07-13 15:00
[2026-07-18T15:00:07.031+0000] {logging_mixin.py:188} WARNING - 2026-07-18 15:00:07 [WARNING] CDS ยังไม่มีข้อมูล job=instant date=20260716, skip
[2026-07-18T15:00:07.031+0000] {era5_functions.py:335} WARNING - CDS ยังไม่มีข้อมูล job=instant date=20260716, skip
[2026-07-18T15:00:07.034+0000] {logging_mixin.py:188} WARNING - 2026-07-18 15:00:07 [INFO] --- job=instant date=20260715 ---
[2026-07-18T15:00:07.034+0000] {era5_functions.py:330} INFO - --- job=instant date=20260715 ---
[2026-07-18T15:00:07.603+0000] {logging_mixin.py:188} WARNING - 2026-07-18 15:00:07 [WARNING] get_cds_count failed: 400 Client Error: Bad Request for url: https://cds.climate.copernicus.eu/api/retrieve/v1/processes/reanalysis-era5-single-levels/execution
invalid request
None of the data you have requested is available yet, please revise the period requested. The latest date available for this dataset is: 2026-07-13 15:00
[2026-07-18T15:00:07.603+0000] {era5_functions.py:131} WARNING - get_cds_count failed: 400 Client Error: Bad Request for url: https://cds.climate.copernicus.eu/api/retrieve/v1/processes/reanalysis-era5-single-levels/execution
invalid request
None of the data you have requested is available yet, please revise the period requested. The latest date available for this dataset is: 2026-07-13 15:00
[2026-07-18T15:00:07.608+0000] {logging_mixin.py:188} WARNING - 2026-07-18 15:00:07 [WARNING] CDS ยังไม่มีข้อมูล job=instant date=20260715, skip
[2026-07-18T15:00:07.607+0000] {era5_functions.py:335} WARNING - CDS ยังไม่มีข้อมูล job=instant date=20260715, skip
[2026-07-18T15:00:07.612+0000] {logging_mixin.py:188} WARNING - 2026-07-18 15:00:07 [INFO] --- job=instant date=20260714 ---
[2026-07-18T15:00:07.612+0000] {era5_functions.py:330} INFO - --- job=instant date=20260714 ---
[2026-07-18T15:00:08.011+0000] {logging_mixin.py:188} WARNING - 2026-07-18 15:00:08 [WARNING] get_cds_count failed: 400 Client Error: Bad Request for url: https://cds.climate.copernicus.eu/api/retrieve/v1/processes/reanalysis-era5-single-levels/execution
invalid request
None of the data you have requested is available yet, please revise the period requested. The latest date available for this dataset is: 2026-07-13 15:00
[2026-07-18T15:00:08.010+0000] {era5_functions.py:131} WARNING - get_cds_count failed: 400 Client Error: Bad Request for url: https://cds.climate.copernicus.eu/api/retrieve/v1/processes/reanalysis-era5-single-levels/execution
invalid request
None of the data you have requested is available yet, please revise the period requested. The latest date available for this dataset is: 2026-07-13 15:00
[2026-07-18T15:00:08.016+0000] {logging_mixin.py:188} WARNING - 2026-07-18 15:00:08 [WARNING] CDS ยังไม่มีข้อมูล job=instant date=20260714, skip
[2026-07-18T15:00:08.016+0000] {era5_functions.py:335} WARNING - CDS ยังไม่มีข้อมูล job=instant date=20260714, skip
[2026-07-18T15:00:08.020+0000] {logging_mixin.py:188} WARNING - 2026-07-18 15:00:08 [INFO] --- job=instant date=20260713 ---
[2026-07-18T15:00:08.020+0000] {era5_functions.py:330} INFO - --- job=instant date=20260713 ---
[2026-07-18T15:00:09.679+0000] {logging_mixin.py:188} WARNING - 2026-07-18 15:00:09,679 INFO Request ID is fa8c8600-fb8b-4cce-b770-c76a205ef038
[2026-07-18T15:00:09.679+0000] {legacy_client.py:192} INFO - Request ID is fa8c8600-fb8b-4cce-b770-c76a205ef038
[2026-07-18T15:00:09.904+0000] {logging_mixin.py:188} WARNING - 2026-07-18 15:00:09,904 INFO status has been updated to accepted
[2026-07-18T15:00:09.904+0000] {legacy_client.py:192} INFO - status has been updated to accepted
[2026-07-18T15:00:24.136+0000] {logging_mixin.py:188} WARNING - 2026-07-18 15:00:24,136 INFO status has been updated to running
[2026-07-18T15:00:24.136+0000] {legacy_client.py:192} INFO - status has been updated to running
[2026-07-18T15:00:31.945+0000] {logging_mixin.py:188} WARNING - 2026-07-18 15:00:31,944 INFO status has been updated to successful
[2026-07-18T15:00:31.944+0000] {legacy_client.py:192} INFO - status has been updated to successful
[2026-07-18T15:00:32.342+0000] {base.py:119} INFO - Downloading https://object-store.os-api.cci2.ecmwf.int:443/cci2-prod-cache-2/2026-07-18/339d1cd3f91b5264d2ebf2d4abaf9be0.nc
[2026-07-18T15:00:33.059+0000] {logging_mixin.py:188} WARNING - 339d1cd3f91b5264d2ebf2d4abaf9be0.nc:   0%|          | 0.00/1.72M [00:00<?, ?B/s]
[2026-07-18T15:00:34.790+0000] {logging_mixin.py:188} WARNING - 339d1cd3f91b5264d2ebf2d4abaf9be0.nc:  58%|#####7    | 1.00M/1.72M [00:01<00:01, 607kB/s]
[2026-07-18T15:00:34.832+0000] {logging_mixin.py:188} WARNING -                                                                                         
[2026-07-18T15:00:35.098+0000] {logging_mixin.py:188} WARNING - 2026-07-18 15:00:35 [INFO] CDS timestep available: 16
[2026-07-18T15:00:35.098+0000] {era5_functions.py:128} INFO - CDS timestep available: 16
[2026-07-18T15:00:35.183+0000] {logging_mixin.py:188} WARNING - 2026-07-18 15:00:35 [INFO] local timestep: 15 — /opt/***/era5/ecmwf/data/nc/_raw/2026/07/13/instant_20260713.nc
[2026-07-18T15:00:35.182+0000] {era5_functions.py:152} INFO - local timestep: 15 — /opt/***/era5/ecmwf/data/nc/_raw/2026/07/13/instant_20260713.nc
[2026-07-18T15:00:35.192+0000] {logging_mixin.py:188} WARNING - 2026-07-18 15:00:35 [INFO] nc outdated (local=15 < cds=16), removing: /opt/***/era5/ecmwf/data/nc/_raw/2026/07/13/instant_20260713.nc
[2026-07-18T15:00:35.192+0000] {era5_functions.py:193} INFO - nc outdated (local=15 < cds=16), removing: /opt/***/era5/ecmwf/data/nc/_raw/2026/07/13/instant_20260713.nc
[2026-07-18T15:00:35.215+0000] {logging_mixin.py:188} WARNING - 2026-07-18 15:00:35 [INFO] download attempt 1/3: /opt/***/era5/ecmwf/data/nc/_raw/2026/07/13/instant_20260713.nc
[2026-07-18T15:00:35.215+0000] {era5_functions.py:200} INFO - download attempt 1/3: /opt/***/era5/ecmwf/data/nc/_raw/2026/07/13/instant_20260713.nc
[2026-07-18T15:00:37.029+0000] {logging_mixin.py:188} WARNING - 2026-07-18 15:00:37,029 INFO Request ID is 1de64e2d-1001-4cea-b4e1-f5f995daddde
[2026-07-18T15:00:37.029+0000] {legacy_client.py:192} INFO - Request ID is 1de64e2d-1001-4cea-b4e1-f5f995daddde
[2026-07-18T15:00:37.234+0000] {logging_mixin.py:188} WARNING - 2026-07-18 15:00:37,234 INFO status has been updated to accepted
[2026-07-18T15:00:37.234+0000] {legacy_client.py:192} INFO - status has been updated to accepted
[2026-07-18T15:00:52.604+0000] {logging_mixin.py:188} WARNING - 2026-07-18 15:00:52,604 INFO status has been updated to running
[2026-07-18T15:00:52.604+0000] {legacy_client.py:192} INFO - status has been updated to running
[2026-07-18T15:01:12.067+0000] {logging_mixin.py:188} WARNING - 2026-07-18 15:01:12,066 INFO status has been updated to successful
[2026-07-18T15:01:12.066+0000] {legacy_client.py:192} INFO - status has been updated to successful
[2026-07-18T15:01:12.495+0000] {base.py:119} INFO - Downloading https://object-store.os-api.cci2.ecmwf.int:443/cci2-prod-cache-1/2026-07-18/f87119ffed955e3cb6416e95b85a6d8b.nc
[2026-07-18T15:01:13.164+0000] {logging_mixin.py:188} WARNING - f87119ffed955e3cb6416e95b85a6d8b.nc:   0%|          | 0.00/1.72M [00:00<?, ?B/s]
[2026-07-18T15:01:15.469+0000] {logging_mixin.py:188} WARNING - f87119ffed955e3cb6416e95b85a6d8b.nc:  58%|#####7    | 1.00M/1.72M [00:02<00:01, 455kB/s]
[2026-07-18T15:01:15.633+0000] {logging_mixin.py:188} WARNING - f87119ffed955e3cb6416e95b85a6d8b.nc: 100%|##########| 1.72M/1.72M [00:02<00:00, 841kB/s]
[2026-07-18T15:01:15.656+0000] {logging_mixin.py:188} WARNING -                                                                                         
[2026-07-18T15:01:15.834+0000] {logging_mixin.py:188} WARNING - 2026-07-18 15:01:15 [INFO] nc downloaded ok: /opt/***/era5/ecmwf/data/nc/_raw/2026/07/13/instant_20260713.nc
[2026-07-18T15:01:15.834+0000] {era5_functions.py:204} INFO - nc downloaded ok: /opt/***/era5/ecmwf/data/nc/_raw/2026/07/13/instant_20260713.nc
[2026-07-18T15:01:15.913+0000] {logging_mixin.py:188} WARNING - 2026-07-18 15:01:15 [INFO] local timestep: 16 — /opt/***/era5/ecmwf/data/nc/_raw/2026/07/13/instant_20260713.nc
[2026-07-18T15:01:15.912+0000] {era5_functions.py:152} INFO - local timestep: 16 — /opt/***/era5/ecmwf/data/nc/_raw/2026/07/13/instant_20260713.nc
[2026-07-18T15:01:16.013+0000] {logging_mixin.py:188} WARNING - 2026-07-18 15:01:16 [INFO] tif outdated (tif=15 < nc=16), removing: /opt/***/era5/ecmwf/data/tif/2026/07/13/t2m_20260713.tif
[2026-07-18T15:01:16.012+0000] {era5_functions.py:261} INFO - tif outdated (tif=15 < nc=16), removing: /opt/***/era5/ecmwf/data/tif/2026/07/13/t2m_20260713.tif
[2026-07-18T15:01:16.106+0000] {logging_mixin.py:188} WARNING - 2026-07-18 15:01:16 [INFO] tif ok (bands=16): /opt/***/era5/ecmwf/data/tif/2026/07/13/t2m_20260713.tif
[2026-07-18T15:01:16.106+0000] {era5_functions.py:304} INFO - tif ok (bands=16): /opt/***/era5/ecmwf/data/tif/2026/07/13/t2m_20260713.tif
[2026-07-18T15:01:16.123+0000] {logging_mixin.py:188} WARNING - 2026-07-18 15:01:16 [INFO] tif outdated (tif=15 < nc=16), removing: /opt/***/era5/ecmwf/data/tif/2026/07/13/d2m_20260713.tif
[2026-07-18T15:01:16.123+0000] {era5_functions.py:261} INFO - tif outdated (tif=15 < nc=16), removing: /opt/***/era5/ecmwf/data/tif/2026/07/13/d2m_20260713.tif
[2026-07-18T15:01:16.216+0000] {logging_mixin.py:188} WARNING - 2026-07-18 15:01:16 [INFO] tif ok (bands=16): /opt/***/era5/ecmwf/data/tif/2026/07/13/d2m_20260713.tif
[2026-07-18T15:01:16.216+0000] {era5_functions.py:304} INFO - tif ok (bands=16): /opt/***/era5/ecmwf/data/tif/2026/07/13/d2m_20260713.tif
[2026-07-18T15:01:16.249+0000] {logging_mixin.py:188} WARNING - 2026-07-18 15:01:16 [INFO] tif outdated (tif=15 < nc=16), removing: /opt/***/era5/ecmwf/data/tif/2026/07/13/sp_20260713.tif
[2026-07-18T15:01:16.249+0000] {era5_functions.py:261} INFO - tif outdated (tif=15 < nc=16), removing: /opt/***/era5/ecmwf/data/tif/2026/07/13/sp_20260713.tif
[2026-07-18T15:01:16.347+0000] {logging_mixin.py:188} WARNING - 2026-07-18 15:01:16 [INFO] tif ok (bands=16): /opt/***/era5/ecmwf/data/tif/2026/07/13/sp_20260713.tif
[2026-07-18T15:01:16.347+0000] {era5_functions.py:304} INFO - tif ok (bands=16): /opt/***/era5/ecmwf/data/tif/2026/07/13/sp_20260713.tif
[2026-07-18T15:01:16.364+0000] {logging_mixin.py:188} WARNING - 2026-07-18 15:01:16 [INFO] tif outdated (tif=15 < nc=16), removing: /opt/***/era5/ecmwf/data/tif/2026/07/13/blh_20260713.tif
[2026-07-18T15:01:16.364+0000] {era5_functions.py:261} INFO - tif outdated (tif=15 < nc=16), removing: /opt/***/era5/ecmwf/data/tif/2026/07/13/blh_20260713.tif
[2026-07-18T15:01:16.455+0000] {logging_mixin.py:188} WARNING - 2026-07-18 15:01:16 [INFO] tif ok (bands=16): /opt/***/era5/ecmwf/data/tif/2026/07/13/blh_20260713.tif
[2026-07-18T15:01:16.455+0000] {era5_functions.py:304} INFO - tif ok (bands=16): /opt/***/era5/ecmwf/data/tif/2026/07/13/blh_20260713.tif
[2026-07-18T15:01:16.475+0000] {logging_mixin.py:188} WARNING - 2026-07-18 15:01:16 [INFO] tif outdated (tif=15 < nc=16), removing: /opt/***/era5/ecmwf/data/tif/2026/07/13/u10_20260713.tif
[2026-07-18T15:01:16.474+0000] {era5_functions.py:261} INFO - tif outdated (tif=15 < nc=16), removing: /opt/***/era5/ecmwf/data/tif/2026/07/13/u10_20260713.tif
[2026-07-18T15:01:16.592+0000] {logging_mixin.py:188} WARNING - 2026-07-18 15:01:16 [INFO] tif ok (bands=16): /opt/***/era5/ecmwf/data/tif/2026/07/13/u10_20260713.tif
[2026-07-18T15:01:16.592+0000] {era5_functions.py:304} INFO - tif ok (bands=16): /opt/***/era5/ecmwf/data/tif/2026/07/13/u10_20260713.tif
[2026-07-18T15:01:16.610+0000] {logging_mixin.py:188} WARNING - 2026-07-18 15:01:16 [INFO] tif outdated (tif=15 < nc=16), removing: /opt/***/era5/ecmwf/data/tif/2026/07/13/v10_20260713.tif
[2026-07-18T15:01:16.610+0000] {era5_functions.py:261} INFO - tif outdated (tif=15 < nc=16), removing: /opt/***/era5/ecmwf/data/tif/2026/07/13/v10_20260713.tif
[2026-07-18T15:01:16.733+0000] {logging_mixin.py:188} WARNING - 2026-07-18 15:01:16 [INFO] tif ok (bands=16): /opt/***/era5/ecmwf/data/tif/2026/07/13/v10_20260713.tif
[2026-07-18T15:01:16.733+0000] {era5_functions.py:304} INFO - tif ok (bands=16): /opt/***/era5/ecmwf/data/tif/2026/07/13/v10_20260713.tif
[2026-07-18T15:01:16.739+0000] {logging_mixin.py:188} WARNING - 2026-07-18 15:01:16 [INFO] === END job=instant date=2026-07-18 ===
[2026-07-18T15:01:16.739+0000] {era5_functions.py:379} INFO - === END job=instant date=2026-07-18 ===
[2026-07-18T15:01:16.742+0000] {python.py:237} INFO - Done. Returned value was: None
[2026-07-18T15:01:16.743+0000] {taskinstance.py:441} INFO - ::group::Post task execution logs
[2026-07-18T15:01:16.756+0000] {taskinstance.py:1206} INFO - Marking task as SUCCESS. dag_id=era5_download_pipeline, task_id=era5_instant, run_id=scheduled__2026-07-18T14:00:00+00:00, execution_date=20260718T140000, start_date=20260718T150001, end_date=20260718T150116
[2026-07-18T15:01:16.847+0000] {local_task_job_runner.py:240} INFO - Task exited with return code 0
[2026-07-18T15:01:16.881+0000] {taskinstance.py:3498} INFO - 1 downstream tasks scheduled from follow-on schedule check
[2026-07-18T15:01:16.885+0000] {local_task_job_runner.py:222} INFO - ::endgroup::
