[2026-06-04T19:02:46.343+0000] {local_task_job_runner.py:120} INFO - ::group::Pre task execution logs
[2026-06-04T19:02:46.369+0000] {taskinstance.py:2076} INFO - Dependencies all met for dep_context=non-requeueable deps ti=<TaskInstance: era5_download_pipeline.era5_accum scheduled__2026-06-04T18:00:00+00:00 [queued]>
[2026-06-04T19:02:46.379+0000] {taskinstance.py:2076} INFO - Dependencies all met for dep_context=requeueable deps ti=<TaskInstance: era5_download_pipeline.era5_accum scheduled__2026-06-04T18:00:00+00:00 [queued]>
[2026-06-04T19:02:46.380+0000] {taskinstance.py:2306} INFO - Starting attempt 1 of 1
[2026-06-04T19:02:46.395+0000] {taskinstance.py:2330} INFO - Executing <Task(PythonOperator): era5_accum> on 2026-06-04 18:00:00+00:00
[2026-06-04T19:02:46.406+0000] {warnings.py:110} WARNING - /home/***/.local/lib/python3.12/site-packages/***/task/task_runner/standard_task_runner.py:61: DeprecationWarning: This process (pid=46693) is multi-threaded, use of fork() may lead to deadlocks in the child.
  pid = os.fork()

[2026-06-04T19:02:46.408+0000] {standard_task_runner.py:63} INFO - Started process 46695 to run task
[2026-06-04T19:02:46.409+0000] {standard_task_runner.py:90} INFO - Running: ['***', 'tasks', 'run', 'era5_download_pipeline', 'era5_accum', 'scheduled__2026-06-04T18:00:00+00:00', '--job-id', '932', '--raw', '--subdir', 'DAGS_FOLDER/era5_dag.py', '--cfg-path', '/tmp/tmpk5kqy91d']
[2026-06-04T19:02:46.413+0000] {standard_task_runner.py:91} INFO - Job 932: Subtask era5_accum
[2026-06-04T19:02:46.505+0000] {task_command.py:426} INFO - Running <TaskInstance: era5_download_pipeline.era5_accum scheduled__2026-06-04T18:00:00+00:00 [running]> on host 01cd476fb21a
[2026-06-04T19:02:46.627+0000] {taskinstance.py:2648} INFO - Exporting env vars: AIRFLOW_CTX_DAG_OWNER='era5' AIRFLOW_CTX_DAG_ID='era5_download_pipeline' AIRFLOW_CTX_TASK_ID='era5_accum' AIRFLOW_CTX_EXECUTION_DATE='2026-06-04T18:00:00+00:00' AIRFLOW_CTX_TRY_NUMBER='1' AIRFLOW_CTX_DAG_RUN_ID='scheduled__2026-06-04T18:00:00+00:00'
[2026-06-04T19:02:46.630+0000] {taskinstance.py:430} INFO - ::endgroup::
[2026-06-04T19:02:47.702+0000] {logging_mixin.py:188} WARNING - 2026-06-04 19:02:47 [INFO] === START job=accum date=2026-06-04 ===
[2026-06-04T19:02:47.702+0000] {era5_functions.py:368} INFO - === START job=accum date=2026-06-04 ===
[2026-06-04T19:02:47.707+0000] {logging_mixin.py:188} WARNING - 2026-06-04 19:02:47 [INFO] --- job=accum date=20260604 ---
[2026-06-04T19:02:47.707+0000] {era5_functions.py:330} INFO - --- job=accum date=20260604 ---
[2026-06-04T19:02:50.415+0000] {logging_mixin.py:188} WARNING - 2026-06-04 19:02:50 [WARNING] get_cds_count failed: 400 Client Error: Bad Request for url: https://cds.climate.copernicus.eu/api/retrieve/v1/processes/reanalysis-era5-single-levels/execution
invalid request
None of the data you have requested is available yet, please revise the period requested. The latest date available for this dataset is: 2026-05-30 19:00
[2026-06-04T19:02:50.414+0000] {era5_functions.py:131} WARNING - get_cds_count failed: 400 Client Error: Bad Request for url: https://cds.climate.copernicus.eu/api/retrieve/v1/processes/reanalysis-era5-single-levels/execution
invalid request
None of the data you have requested is available yet, please revise the period requested. The latest date available for this dataset is: 2026-05-30 19:00
[2026-06-04T19:02:50.418+0000] {logging_mixin.py:188} WARNING - 2026-06-04 19:02:50 [WARNING] CDS ยังไม่มีข้อมูล job=accum date=20260604, skip
[2026-06-04T19:02:50.418+0000] {era5_functions.py:335} WARNING - CDS ยังไม่มีข้อมูล job=accum date=20260604, skip
[2026-06-04T19:02:50.421+0000] {logging_mixin.py:188} WARNING - 2026-06-04 19:02:50 [INFO] --- job=accum date=20260603 ---
[2026-06-04T19:02:50.421+0000] {era5_functions.py:330} INFO - --- job=accum date=20260603 ---
[2026-06-04T19:02:52.385+0000] {logging_mixin.py:188} WARNING - 2026-06-04 19:02:52 [WARNING] get_cds_count failed: 400 Client Error: Bad Request for url: https://cds.climate.copernicus.eu/api/retrieve/v1/processes/reanalysis-era5-single-levels/execution
invalid request
None of the data you have requested is available yet, please revise the period requested. The latest date available for this dataset is: 2026-05-30 19:00
[2026-06-04T19:02:52.385+0000] {era5_functions.py:131} WARNING - get_cds_count failed: 400 Client Error: Bad Request for url: https://cds.climate.copernicus.eu/api/retrieve/v1/processes/reanalysis-era5-single-levels/execution
invalid request
None of the data you have requested is available yet, please revise the period requested. The latest date available for this dataset is: 2026-05-30 19:00
[2026-06-04T19:02:52.388+0000] {logging_mixin.py:188} WARNING - 2026-06-04 19:02:52 [WARNING] CDS ยังไม่มีข้อมูล job=accum date=20260603, skip
[2026-06-04T19:02:52.388+0000] {era5_functions.py:335} WARNING - CDS ยังไม่มีข้อมูล job=accum date=20260603, skip
[2026-06-04T19:02:52.391+0000] {logging_mixin.py:188} WARNING - 2026-06-04 19:02:52 [INFO] --- job=accum date=20260602 ---
[2026-06-04T19:02:52.391+0000] {era5_functions.py:330} INFO - --- job=accum date=20260602 ---
[2026-06-04T19:02:53.038+0000] {logging_mixin.py:188} WARNING - 2026-06-04 19:02:53 [WARNING] get_cds_count failed: 400 Client Error: Bad Request for url: https://cds.climate.copernicus.eu/api/retrieve/v1/processes/reanalysis-era5-single-levels/execution
invalid request
None of the data you have requested is available yet, please revise the period requested. The latest date available for this dataset is: 2026-05-30 19:00
[2026-06-04T19:02:53.037+0000] {era5_functions.py:131} WARNING - get_cds_count failed: 400 Client Error: Bad Request for url: https://cds.climate.copernicus.eu/api/retrieve/v1/processes/reanalysis-era5-single-levels/execution
invalid request
None of the data you have requested is available yet, please revise the period requested. The latest date available for this dataset is: 2026-05-30 19:00
[2026-06-04T19:02:53.041+0000] {logging_mixin.py:188} WARNING - 2026-06-04 19:02:53 [WARNING] CDS ยังไม่มีข้อมูล job=accum date=20260602, skip
[2026-06-04T19:02:53.041+0000] {era5_functions.py:335} WARNING - CDS ยังไม่มีข้อมูล job=accum date=20260602, skip
[2026-06-04T19:02:53.043+0000] {logging_mixin.py:188} WARNING - 2026-06-04 19:02:53 [INFO] --- job=accum date=20260601 ---
[2026-06-04T19:02:53.043+0000] {era5_functions.py:330} INFO - --- job=accum date=20260601 ---
[2026-06-04T19:02:55.008+0000] {logging_mixin.py:188} WARNING - 2026-06-04 19:02:55 [WARNING] get_cds_count failed: 400 Client Error: Bad Request for url: https://cds.climate.copernicus.eu/api/retrieve/v1/processes/reanalysis-era5-single-levels/execution
invalid request
None of the data you have requested is available yet, please revise the period requested. The latest date available for this dataset is: 2026-05-30 19:00
[2026-06-04T19:02:55.008+0000] {era5_functions.py:131} WARNING - get_cds_count failed: 400 Client Error: Bad Request for url: https://cds.climate.copernicus.eu/api/retrieve/v1/processes/reanalysis-era5-single-levels/execution
invalid request
None of the data you have requested is available yet, please revise the period requested. The latest date available for this dataset is: 2026-05-30 19:00
[2026-06-04T19:02:55.012+0000] {logging_mixin.py:188} WARNING - 2026-06-04 19:02:55 [WARNING] CDS ยังไม่มีข้อมูล job=accum date=20260601, skip
[2026-06-04T19:02:55.011+0000] {era5_functions.py:335} WARNING - CDS ยังไม่มีข้อมูล job=accum date=20260601, skip
[2026-06-04T19:02:55.015+0000] {logging_mixin.py:188} WARNING - 2026-06-04 19:02:55 [INFO] --- job=accum date=20260531 ---
[2026-06-04T19:02:55.014+0000] {era5_functions.py:330} INFO - --- job=accum date=20260531 ---
[2026-06-04T19:02:55.505+0000] {logging_mixin.py:188} WARNING - 2026-06-04 19:02:55 [WARNING] get_cds_count failed: 400 Client Error: Bad Request for url: https://cds.climate.copernicus.eu/api/retrieve/v1/processes/reanalysis-era5-single-levels/execution
invalid request
None of the data you have requested is available yet, please revise the period requested. The latest date available for this dataset is: 2026-05-30 19:00
[2026-06-04T19:02:55.505+0000] {era5_functions.py:131} WARNING - get_cds_count failed: 400 Client Error: Bad Request for url: https://cds.climate.copernicus.eu/api/retrieve/v1/processes/reanalysis-era5-single-levels/execution
invalid request
None of the data you have requested is available yet, please revise the period requested. The latest date available for this dataset is: 2026-05-30 19:00
[2026-06-04T19:02:55.510+0000] {logging_mixin.py:188} WARNING - 2026-06-04 19:02:55 [WARNING] CDS ยังไม่มีข้อมูล job=accum date=20260531, skip
[2026-06-04T19:02:55.510+0000] {era5_functions.py:335} WARNING - CDS ยังไม่มีข้อมูล job=accum date=20260531, skip
[2026-06-04T19:02:55.513+0000] {logging_mixin.py:188} WARNING - 2026-06-04 19:02:55 [INFO] --- job=accum date=20260530 ---
[2026-06-04T19:02:55.513+0000] {era5_functions.py:330} INFO - --- job=accum date=20260530 ---
[2026-06-04T19:02:57.401+0000] {logging_mixin.py:188} WARNING - 2026-06-04 19:02:57,400 INFO [2025-12-11T00:00:00] Please note that a dedicated catalogue entry for this dataset, post-processed and stored in Analysis Ready Cloud Optimized (ARCO) format (Zarr), is available for optimised time-series retrievals (i.e. for retrieving data from selected variables for a single point over an extended period of time in an efficient way). You can discover it [here](https://cds.climate.copernicus.eu/datasets/reanalysis-era5-single-levels-timeseries?tab=overview)
[2026-06-04T19:02:57.400+0000] {legacy_client.py:192} INFO - [2025-12-11T00:00:00] Please note that a dedicated catalogue entry for this dataset, post-processed and stored in Analysis Ready Cloud Optimized (ARCO) format (Zarr), is available for optimised time-series retrievals (i.e. for retrieving data from selected variables for a single point over an extended period of time in an efficient way). You can discover it [here](https://cds.climate.copernicus.eu/datasets/reanalysis-era5-single-levels-timeseries?tab=overview)
[2026-06-04T19:02:57.403+0000] {logging_mixin.py:188} WARNING - 2026-06-04 19:02:57,403 INFO Request ID is 9ae03139-cd26-4b43-b042-5c5a16c63572
[2026-06-04T19:02:57.403+0000] {legacy_client.py:192} INFO - Request ID is 9ae03139-cd26-4b43-b042-5c5a16c63572
[2026-06-04T19:02:57.606+0000] {logging_mixin.py:188} WARNING - 2026-06-04 19:02:57,605 INFO status has been updated to accepted
[2026-06-04T19:02:57.605+0000] {legacy_client.py:192} INFO - status has been updated to accepted
[2026-06-04T19:03:19.637+0000] {logging_mixin.py:188} WARNING - 2026-06-04 19:03:19,637 INFO status has been updated to running
[2026-06-04T19:03:19.637+0000] {legacy_client.py:192} INFO - status has been updated to running
[2026-06-04T19:03:31.280+0000] {logging_mixin.py:188} WARNING - 2026-06-04 19:03:31,279 INFO status has been updated to successful
[2026-06-04T19:03:31.279+0000] {legacy_client.py:192} INFO - status has been updated to successful
[2026-06-04T19:03:31.695+0000] {base.py:119} INFO - Downloading https://object-store.os-api.cci2.ecmwf.int:443/cci2-prod-cache-1/2026-06-04/64109f283014d01fde3b1f72407140db.nc
[2026-06-04T19:03:32.683+0000] {logging_mixin.py:188} WARNING - 64109f283014d01fde3b1f72407140db.nc:   0%|          | 0.00/289k [00:00<?, ?B/s]
[2026-06-04T19:03:34.383+0000] {logging_mixin.py:188} WARNING - 64109f283014d01fde3b1f72407140db.nc: 100%|##########| 289k/289k [00:01<00:00, 175kB/s]
[2026-06-04T19:03:34.387+0000] {logging_mixin.py:188} WARNING -                                                                                       
[2026-06-04T19:03:34.679+0000] {logging_mixin.py:188} WARNING - 2026-06-04 19:03:34 [INFO] CDS timestep available: 20
[2026-06-04T19:03:34.679+0000] {era5_functions.py:128} INFO - CDS timestep available: 20
[2026-06-04T19:03:34.742+0000] {logging_mixin.py:188} WARNING - 2026-06-04 19:03:34 [INFO] local timestep: 19 — /opt/***/era5/ecmwf/data/nc/_raw/2026/05/30/accum_20260530.nc
[2026-06-04T19:03:34.742+0000] {era5_functions.py:152} INFO - local timestep: 19 — /opt/***/era5/ecmwf/data/nc/_raw/2026/05/30/accum_20260530.nc
[2026-06-04T19:03:34.755+0000] {logging_mixin.py:188} WARNING - 2026-06-04 19:03:34 [INFO] nc outdated (local=19 < cds=20), removing: /opt/***/era5/ecmwf/data/nc/_raw/2026/05/30/accum_20260530.nc
[2026-06-04T19:03:34.755+0000] {era5_functions.py:193} INFO - nc outdated (local=19 < cds=20), removing: /opt/***/era5/ecmwf/data/nc/_raw/2026/05/30/accum_20260530.nc
[2026-06-04T19:03:34.779+0000] {logging_mixin.py:188} WARNING - 2026-06-04 19:03:34 [INFO] download attempt 1/3: /opt/***/era5/ecmwf/data/nc/_raw/2026/05/30/accum_20260530.nc
[2026-06-04T19:03:34.779+0000] {era5_functions.py:200} INFO - download attempt 1/3: /opt/***/era5/ecmwf/data/nc/_raw/2026/05/30/accum_20260530.nc
[2026-06-04T19:03:37.189+0000] {logging_mixin.py:188} WARNING - 2026-06-04 19:03:37,189 INFO [2025-12-11T00:00:00] Please note that a dedicated catalogue entry for this dataset, post-processed and stored in Analysis Ready Cloud Optimized (ARCO) format (Zarr), is available for optimised time-series retrievals (i.e. for retrieving data from selected variables for a single point over an extended period of time in an efficient way). You can discover it [here](https://cds.climate.copernicus.eu/datasets/reanalysis-era5-single-levels-timeseries?tab=overview)
[2026-06-04T19:03:37.189+0000] {legacy_client.py:192} INFO - [2025-12-11T00:00:00] Please note that a dedicated catalogue entry for this dataset, post-processed and stored in Analysis Ready Cloud Optimized (ARCO) format (Zarr), is available for optimised time-series retrievals (i.e. for retrieving data from selected variables for a single point over an extended period of time in an efficient way). You can discover it [here](https://cds.climate.copernicus.eu/datasets/reanalysis-era5-single-levels-timeseries?tab=overview)
[2026-06-04T19:03:37.192+0000] {logging_mixin.py:188} WARNING - 2026-06-04 19:03:37,192 INFO Request ID is f88e813f-8503-4f7a-a630-c32ef1fefd4a
[2026-06-04T19:03:37.192+0000] {legacy_client.py:192} INFO - Request ID is f88e813f-8503-4f7a-a630-c32ef1fefd4a
[2026-06-04T19:03:37.394+0000] {logging_mixin.py:188} WARNING - 2026-06-04 19:03:37,394 INFO status has been updated to accepted
[2026-06-04T19:03:37.394+0000] {legacy_client.py:192} INFO - status has been updated to accepted
[2026-06-04T19:03:59.469+0000] {logging_mixin.py:188} WARNING - 2026-06-04 19:03:59,468 INFO status has been updated to running
[2026-06-04T19:03:59.468+0000] {legacy_client.py:192} INFO - status has been updated to running
[2026-06-04T19:04:11.086+0000] {logging_mixin.py:188} WARNING - 2026-06-04 19:04:11,086 INFO status has been updated to successful
[2026-06-04T19:04:11.086+0000] {legacy_client.py:192} INFO - status has been updated to successful
[2026-06-04T19:04:11.506+0000] {base.py:119} INFO - Downloading https://object-store.os-api.cci2.ecmwf.int:443/cci2-prod-cache-1/2026-06-04/6519329cdbc3c46bbd49383f783bd899.nc
[2026-06-04T19:04:12.513+0000] {logging_mixin.py:188} WARNING - 6519329cdbc3c46bbd49383f783bd899.nc:   0%|          | 0.00/289k [00:00<?, ?B/s]
[2026-06-04T19:04:14.235+0000] {logging_mixin.py:188} WARNING - 6519329cdbc3c46bbd49383f783bd899.nc: 100%|##########| 289k/289k [00:01<00:00, 172kB/s]
[2026-06-04T19:04:14.253+0000] {logging_mixin.py:188} WARNING -                                                                                       
[2026-06-04T19:04:14.340+0000] {logging_mixin.py:188} WARNING - 2026-06-04 19:04:14 [INFO] nc downloaded ok: /opt/***/era5/ecmwf/data/nc/_raw/2026/05/30/accum_20260530.nc
[2026-06-04T19:04:14.340+0000] {era5_functions.py:204} INFO - nc downloaded ok: /opt/***/era5/ecmwf/data/nc/_raw/2026/05/30/accum_20260530.nc
[2026-06-04T19:04:14.392+0000] {logging_mixin.py:188} WARNING - 2026-06-04 19:04:14 [INFO] local timestep: 20 — /opt/***/era5/ecmwf/data/nc/_raw/2026/05/30/accum_20260530.nc
[2026-06-04T19:04:14.392+0000] {era5_functions.py:152} INFO - local timestep: 20 — /opt/***/era5/ecmwf/data/nc/_raw/2026/05/30/accum_20260530.nc
[2026-06-04T19:04:14.466+0000] {logging_mixin.py:188} WARNING - 2026-06-04 19:04:14 [INFO] tif outdated (tif=19 < nc=20), removing: /opt/***/era5/ecmwf/data/tif/2026/05/30/tp_20260530.tif
[2026-06-04T19:04:14.466+0000] {era5_functions.py:261} INFO - tif outdated (tif=19 < nc=20), removing: /opt/***/era5/ecmwf/data/tif/2026/05/30/tp_20260530.tif
[2026-06-04T19:04:14.559+0000] {logging_mixin.py:188} WARNING - 2026-06-04 19:04:14 [INFO] tif ok (bands=20): /opt/***/era5/ecmwf/data/tif/2026/05/30/tp_20260530.tif
[2026-06-04T19:04:14.559+0000] {era5_functions.py:304} INFO - tif ok (bands=20): /opt/***/era5/ecmwf/data/tif/2026/05/30/tp_20260530.tif
[2026-06-04T19:04:14.563+0000] {logging_mixin.py:188} WARNING - 2026-06-04 19:04:14 [INFO] === END job=accum date=2026-06-04 ===
[2026-06-04T19:04:14.563+0000] {era5_functions.py:379} INFO - === END job=accum date=2026-06-04 ===
[2026-06-04T19:04:14.564+0000] {python.py:237} INFO - Done. Returned value was: None
[2026-06-04T19:04:14.565+0000] {taskinstance.py:441} INFO - ::group::Post task execution logs
[2026-06-04T19:04:14.579+0000] {taskinstance.py:1206} INFO - Marking task as SUCCESS. dag_id=era5_download_pipeline, task_id=era5_accum, run_id=scheduled__2026-06-04T18:00:00+00:00, execution_date=20260604T180000, start_date=20260604T190246, end_date=20260604T190414
[2026-06-04T19:04:14.651+0000] {local_task_job_runner.py:240} INFO - Task exited with return code 0
[2026-06-04T19:04:14.671+0000] {taskinstance.py:3498} INFO - 0 downstream tasks scheduled from follow-on schedule check
[2026-06-04T19:04:14.674+0000] {local_task_job_runner.py:222} INFO - ::endgroup::
