[2026-06-08T09:01:36.850+0000] {local_task_job_runner.py:120} INFO - ::group::Pre task execution logs
[2026-06-08T09:01:36.878+0000] {taskinstance.py:2076} INFO - Dependencies all met for dep_context=non-requeueable deps ti=<TaskInstance: era5_download_pipeline.era5_accum scheduled__2026-06-08T08:00:00+00:00 [queued]>
[2026-06-08T09:01:36.890+0000] {taskinstance.py:2076} INFO - Dependencies all met for dep_context=requeueable deps ti=<TaskInstance: era5_download_pipeline.era5_accum scheduled__2026-06-08T08:00:00+00:00 [queued]>
[2026-06-08T09:01:36.891+0000] {taskinstance.py:2306} INFO - Starting attempt 1 of 1
[2026-06-08T09:01:36.907+0000] {taskinstance.py:2330} INFO - Executing <Task(PythonOperator): era5_accum> on 2026-06-08 08:00:00+00:00
[2026-06-08T09:01:36.919+0000] {warnings.py:110} WARNING - /home/***/.local/lib/python3.12/site-packages/***/task/task_runner/standard_task_runner.py:61: DeprecationWarning: This process (pid=113027) is multi-threaded, use of fork() may lead to deadlocks in the child.
  pid = os.fork()

[2026-06-08T09:01:36.923+0000] {standard_task_runner.py:63} INFO - Started process 113029 to run task
[2026-06-08T09:01:36.921+0000] {standard_task_runner.py:90} INFO - Running: ['***', 'tasks', 'run', 'era5_download_pipeline', 'era5_accum', 'scheduled__2026-06-08T08:00:00+00:00', '--job-id', '1196', '--raw', '--subdir', 'DAGS_FOLDER/era5_dag.py', '--cfg-path', '/tmp/tmpet4g8me1']
[2026-06-08T09:01:36.926+0000] {standard_task_runner.py:91} INFO - Job 1196: Subtask era5_accum
[2026-06-08T09:01:37.015+0000] {task_command.py:426} INFO - Running <TaskInstance: era5_download_pipeline.era5_accum scheduled__2026-06-08T08:00:00+00:00 [running]> on host 01cd476fb21a
[2026-06-08T09:01:37.136+0000] {taskinstance.py:2648} INFO - Exporting env vars: AIRFLOW_CTX_DAG_OWNER='era5' AIRFLOW_CTX_DAG_ID='era5_download_pipeline' AIRFLOW_CTX_TASK_ID='era5_accum' AIRFLOW_CTX_EXECUTION_DATE='2026-06-08T08:00:00+00:00' AIRFLOW_CTX_TRY_NUMBER='1' AIRFLOW_CTX_DAG_RUN_ID='scheduled__2026-06-08T08:00:00+00:00'
[2026-06-08T09:01:37.139+0000] {taskinstance.py:430} INFO - ::endgroup::
[2026-06-08T09:01:38.203+0000] {logging_mixin.py:188} WARNING - 2026-06-08 09:01:38 [INFO] === START job=accum date=2026-06-08 ===
[2026-06-08T09:01:38.202+0000] {era5_functions.py:368} INFO - === START job=accum date=2026-06-08 ===
[2026-06-08T09:01:38.207+0000] {logging_mixin.py:188} WARNING - 2026-06-08 09:01:38 [INFO] --- job=accum date=20260608 ---
[2026-06-08T09:01:38.206+0000] {era5_functions.py:330} INFO - --- job=accum date=20260608 ---
[2026-06-08T09:01:38.805+0000] {logging_mixin.py:188} WARNING - 2026-06-08 09:01:38 [WARNING] get_cds_count failed: 400 Client Error: Bad Request for url: https://cds.climate.copernicus.eu/api/retrieve/v1/processes/reanalysis-era5-single-levels/execution
invalid request
None of the data you have requested is available yet, please revise the period requested. The latest date available for this dataset is: 2026-06-03 09:00
[2026-06-08T09:01:38.804+0000] {era5_functions.py:131} WARNING - get_cds_count failed: 400 Client Error: Bad Request for url: https://cds.climate.copernicus.eu/api/retrieve/v1/processes/reanalysis-era5-single-levels/execution
invalid request
None of the data you have requested is available yet, please revise the period requested. The latest date available for this dataset is: 2026-06-03 09:00
[2026-06-08T09:01:38.808+0000] {logging_mixin.py:188} WARNING - 2026-06-08 09:01:38 [WARNING] CDS ยังไม่มีข้อมูล job=accum date=20260608, skip
[2026-06-08T09:01:38.808+0000] {era5_functions.py:335} WARNING - CDS ยังไม่มีข้อมูล job=accum date=20260608, skip
[2026-06-08T09:01:38.811+0000] {logging_mixin.py:188} WARNING - 2026-06-08 09:01:38 [INFO] --- job=accum date=20260607 ---
[2026-06-08T09:01:38.811+0000] {era5_functions.py:330} INFO - --- job=accum date=20260607 ---
[2026-06-08T09:01:39.397+0000] {logging_mixin.py:188} WARNING - 2026-06-08 09:01:39 [WARNING] get_cds_count failed: 400 Client Error: Bad Request for url: https://cds.climate.copernicus.eu/api/retrieve/v1/processes/reanalysis-era5-single-levels/execution
invalid request
None of the data you have requested is available yet, please revise the period requested. The latest date available for this dataset is: 2026-06-03 09:00
[2026-06-08T09:01:39.397+0000] {era5_functions.py:131} WARNING - get_cds_count failed: 400 Client Error: Bad Request for url: https://cds.climate.copernicus.eu/api/retrieve/v1/processes/reanalysis-era5-single-levels/execution
invalid request
None of the data you have requested is available yet, please revise the period requested. The latest date available for this dataset is: 2026-06-03 09:00
[2026-06-08T09:01:39.401+0000] {logging_mixin.py:188} WARNING - 2026-06-08 09:01:39 [WARNING] CDS ยังไม่มีข้อมูล job=accum date=20260607, skip
[2026-06-08T09:01:39.401+0000] {era5_functions.py:335} WARNING - CDS ยังไม่มีข้อมูล job=accum date=20260607, skip
[2026-06-08T09:01:39.403+0000] {logging_mixin.py:188} WARNING - 2026-06-08 09:01:39 [INFO] --- job=accum date=20260606 ---
[2026-06-08T09:01:39.403+0000] {era5_functions.py:330} INFO - --- job=accum date=20260606 ---
[2026-06-08T09:01:40.409+0000] {logging_mixin.py:188} WARNING - 2026-06-08 09:01:40 [WARNING] get_cds_count failed: 400 Client Error: Bad Request for url: https://cds.climate.copernicus.eu/api/retrieve/v1/processes/reanalysis-era5-single-levels/execution
invalid request
None of the data you have requested is available yet, please revise the period requested. The latest date available for this dataset is: 2026-06-03 09:00
[2026-06-08T09:01:40.409+0000] {era5_functions.py:131} WARNING - get_cds_count failed: 400 Client Error: Bad Request for url: https://cds.climate.copernicus.eu/api/retrieve/v1/processes/reanalysis-era5-single-levels/execution
invalid request
None of the data you have requested is available yet, please revise the period requested. The latest date available for this dataset is: 2026-06-03 09:00
[2026-06-08T09:01:40.412+0000] {logging_mixin.py:188} WARNING - 2026-06-08 09:01:40 [WARNING] CDS ยังไม่มีข้อมูล job=accum date=20260606, skip
[2026-06-08T09:01:40.412+0000] {era5_functions.py:335} WARNING - CDS ยังไม่มีข้อมูล job=accum date=20260606, skip
[2026-06-08T09:01:40.413+0000] {logging_mixin.py:188} WARNING - 2026-06-08 09:01:40 [INFO] --- job=accum date=20260605 ---
[2026-06-08T09:01:40.413+0000] {era5_functions.py:330} INFO - --- job=accum date=20260605 ---
[2026-06-08T09:01:42.775+0000] {logging_mixin.py:188} WARNING - 2026-06-08 09:01:42 [WARNING] get_cds_count failed: 400 Client Error: Bad Request for url: https://cds.climate.copernicus.eu/api/retrieve/v1/processes/reanalysis-era5-single-levels/execution
invalid request
None of the data you have requested is available yet, please revise the period requested. The latest date available for this dataset is: 2026-06-03 09:00
[2026-06-08T09:01:42.775+0000] {era5_functions.py:131} WARNING - get_cds_count failed: 400 Client Error: Bad Request for url: https://cds.climate.copernicus.eu/api/retrieve/v1/processes/reanalysis-era5-single-levels/execution
invalid request
None of the data you have requested is available yet, please revise the period requested. The latest date available for this dataset is: 2026-06-03 09:00
[2026-06-08T09:01:42.779+0000] {logging_mixin.py:188} WARNING - 2026-06-08 09:01:42 [WARNING] CDS ยังไม่มีข้อมูล job=accum date=20260605, skip
[2026-06-08T09:01:42.779+0000] {era5_functions.py:335} WARNING - CDS ยังไม่มีข้อมูล job=accum date=20260605, skip
[2026-06-08T09:01:42.781+0000] {logging_mixin.py:188} WARNING - 2026-06-08 09:01:42 [INFO] --- job=accum date=20260604 ---
[2026-06-08T09:01:42.781+0000] {era5_functions.py:330} INFO - --- job=accum date=20260604 ---
[2026-06-08T09:01:43.375+0000] {logging_mixin.py:188} WARNING - 2026-06-08 09:01:43 [WARNING] get_cds_count failed: 400 Client Error: Bad Request for url: https://cds.climate.copernicus.eu/api/retrieve/v1/processes/reanalysis-era5-single-levels/execution
invalid request
None of the data you have requested is available yet, please revise the period requested. The latest date available for this dataset is: 2026-06-03 09:00
[2026-06-08T09:01:43.374+0000] {era5_functions.py:131} WARNING - get_cds_count failed: 400 Client Error: Bad Request for url: https://cds.climate.copernicus.eu/api/retrieve/v1/processes/reanalysis-era5-single-levels/execution
invalid request
None of the data you have requested is available yet, please revise the period requested. The latest date available for this dataset is: 2026-06-03 09:00
[2026-06-08T09:01:43.378+0000] {logging_mixin.py:188} WARNING - 2026-06-08 09:01:43 [WARNING] CDS ยังไม่มีข้อมูล job=accum date=20260604, skip
[2026-06-08T09:01:43.378+0000] {era5_functions.py:335} WARNING - CDS ยังไม่มีข้อมูล job=accum date=20260604, skip
[2026-06-08T09:01:43.380+0000] {logging_mixin.py:188} WARNING - 2026-06-08 09:01:43 [INFO] --- job=accum date=20260603 ---
[2026-06-08T09:01:43.380+0000] {era5_functions.py:330} INFO - --- job=accum date=20260603 ---
[2026-06-08T09:01:44.132+0000] {http.py:514} WARNING - Recovering from HTTP error [502 Bad Gateway], attempt 1 of 500
[2026-06-08T09:01:44.134+0000] {http.py:537} WARNING - Retrying in 120 seconds
[2026-06-08T09:03:44.125+0000] {http.py:544} INFO - Retrying now...
[2026-06-08T09:03:47.914+0000] {logging_mixin.py:188} WARNING - 2026-06-08 09:03:47,913 INFO [2025-12-11T00:00:00] Please note that a dedicated catalogue entry for this dataset, post-processed and stored in Analysis Ready Cloud Optimized (ARCO) format (Zarr), is available for optimised time-series retrievals (i.e. for retrieving data from selected variables for a single point over an extended period of time in an efficient way). You can discover it [here](https://cds.climate.copernicus.eu/datasets/reanalysis-era5-single-levels-timeseries?tab=overview)
[2026-06-08T09:03:47.913+0000] {legacy_client.py:192} INFO - [2025-12-11T00:00:00] Please note that a dedicated catalogue entry for this dataset, post-processed and stored in Analysis Ready Cloud Optimized (ARCO) format (Zarr), is available for optimised time-series retrievals (i.e. for retrieving data from selected variables for a single point over an extended period of time in an efficient way). You can discover it [here](https://cds.climate.copernicus.eu/datasets/reanalysis-era5-single-levels-timeseries?tab=overview)
[2026-06-08T09:03:47.918+0000] {logging_mixin.py:188} WARNING - 2026-06-08 09:03:47,918 INFO Request ID is 8a449336-b25f-436c-a1c2-947bcbc5f3aa
[2026-06-08T09:03:47.918+0000] {legacy_client.py:192} INFO - Request ID is 8a449336-b25f-436c-a1c2-947bcbc5f3aa
[2026-06-08T09:03:48.164+0000] {logging_mixin.py:188} WARNING - 2026-06-08 09:03:48,164 INFO status has been updated to accepted
[2026-06-08T09:03:48.164+0000] {legacy_client.py:192} INFO - status has been updated to accepted
[2026-06-08T09:08:11.001+0000] {logging_mixin.py:188} WARNING - 2026-06-08 09:08:11,000 INFO status has been updated to running
[2026-06-08T09:08:11.000+0000] {legacy_client.py:192} INFO - status has been updated to running
[2026-06-08T09:10:12.044+0000] {logging_mixin.py:188} WARNING - 2026-06-08 09:10:12,044 INFO status has been updated to successful
[2026-06-08T09:10:12.044+0000] {legacy_client.py:192} INFO - status has been updated to successful
[2026-06-08T09:10:12.678+0000] {base.py:119} INFO - Downloading https://object-store.os-api.cci2.ecmwf.int:443/cci2-prod-cache-3/2026-06-08/cb71cc3b6675d90fe845a116071f47e9.nc
[2026-06-08T09:10:14.002+0000] {logging_mixin.py:188} WARNING - cb71cc3b6675d90fe845a116071f47e9.nc:   0%|          | 0.00/161k [00:00<?, ?B/s]
[2026-06-08T09:10:15.532+0000] {logging_mixin.py:188} WARNING - cb71cc3b6675d90fe845a116071f47e9.nc: 100%|##########| 161k/161k [00:01<00:00, 108kB/s]
[2026-06-08T09:10:15.538+0000] {logging_mixin.py:188} WARNING -                                                                                       
[2026-06-08T09:10:15.864+0000] {logging_mixin.py:188} WARNING - 2026-06-08 09:10:15 [INFO] CDS timestep available: 10
[2026-06-08T09:10:15.864+0000] {era5_functions.py:128} INFO - CDS timestep available: 10
[2026-06-08T09:10:15.925+0000] {logging_mixin.py:188} WARNING - 2026-06-08 09:10:15 [INFO] local timestep: 9 — /opt/***/era5/ecmwf/data/nc/_raw/2026/06/03/accum_20260603.nc
[2026-06-08T09:10:15.925+0000] {era5_functions.py:152} INFO - local timestep: 9 — /opt/***/era5/ecmwf/data/nc/_raw/2026/06/03/accum_20260603.nc
[2026-06-08T09:10:15.934+0000] {logging_mixin.py:188} WARNING - 2026-06-08 09:10:15 [INFO] nc outdated (local=9 < cds=10), removing: /opt/***/era5/ecmwf/data/nc/_raw/2026/06/03/accum_20260603.nc
[2026-06-08T09:10:15.934+0000] {era5_functions.py:193} INFO - nc outdated (local=9 < cds=10), removing: /opt/***/era5/ecmwf/data/nc/_raw/2026/06/03/accum_20260603.nc
[2026-06-08T09:10:15.957+0000] {logging_mixin.py:188} WARNING - 2026-06-08 09:10:15 [INFO] download attempt 1/3: /opt/***/era5/ecmwf/data/nc/_raw/2026/06/03/accum_20260603.nc
[2026-06-08T09:10:15.957+0000] {era5_functions.py:200} INFO - download attempt 1/3: /opt/***/era5/ecmwf/data/nc/_raw/2026/06/03/accum_20260603.nc
[2026-06-08T09:10:20.017+0000] {logging_mixin.py:188} WARNING - 2026-06-08 09:10:20,016 INFO [2025-12-11T00:00:00] Please note that a dedicated catalogue entry for this dataset, post-processed and stored in Analysis Ready Cloud Optimized (ARCO) format (Zarr), is available for optimised time-series retrievals (i.e. for retrieving data from selected variables for a single point over an extended period of time in an efficient way). You can discover it [here](https://cds.climate.copernicus.eu/datasets/reanalysis-era5-single-levels-timeseries?tab=overview)
[2026-06-08T09:10:20.016+0000] {legacy_client.py:192} INFO - [2025-12-11T00:00:00] Please note that a dedicated catalogue entry for this dataset, post-processed and stored in Analysis Ready Cloud Optimized (ARCO) format (Zarr), is available for optimised time-series retrievals (i.e. for retrieving data from selected variables for a single point over an extended period of time in an efficient way). You can discover it [here](https://cds.climate.copernicus.eu/datasets/reanalysis-era5-single-levels-timeseries?tab=overview)
[2026-06-08T09:10:20.020+0000] {logging_mixin.py:188} WARNING - 2026-06-08 09:10:20,020 INFO Request ID is b13a4aa1-74c2-44d0-b5e9-2af1c160ff1c
[2026-06-08T09:10:20.020+0000] {legacy_client.py:192} INFO - Request ID is b13a4aa1-74c2-44d0-b5e9-2af1c160ff1c
[2026-06-08T09:10:21.778+0000] {logging_mixin.py:188} WARNING - 2026-06-08 09:10:21,778 INFO status has been updated to accepted
[2026-06-08T09:10:21.778+0000] {legacy_client.py:192} INFO - status has been updated to accepted
[2026-06-08T09:10:46.227+0000] {logging_mixin.py:188} WARNING - 2026-06-08 09:10:46,226 INFO status has been updated to successful
[2026-06-08T09:10:46.226+0000] {legacy_client.py:192} INFO - status has been updated to successful
[2026-06-08T09:10:46.695+0000] {base.py:119} INFO - Downloading https://object-store.os-api.cci2.ecmwf.int:443/cci2-prod-cache-1/2026-06-08/f98b4e65d07a92f71be56a18763d6ad9.nc
[2026-06-08T09:10:47.426+0000] {logging_mixin.py:188} WARNING - f98b4e65d07a92f71be56a18763d6ad9.nc:   0%|          | 0.00/161k [00:00<?, ?B/s]
[2026-06-08T09:10:48.672+0000] {logging_mixin.py:188} WARNING - f98b4e65d07a92f71be56a18763d6ad9.nc: 100%|##########| 161k/161k [00:01<00:00, 133kB/s]
[2026-06-08T09:10:48.691+0000] {logging_mixin.py:188} WARNING -                                                                                       
[2026-06-08T09:10:48.799+0000] {logging_mixin.py:188} WARNING - 2026-06-08 09:10:48 [INFO] nc downloaded ok: /opt/***/era5/ecmwf/data/nc/_raw/2026/06/03/accum_20260603.nc
[2026-06-08T09:10:48.799+0000] {era5_functions.py:204} INFO - nc downloaded ok: /opt/***/era5/ecmwf/data/nc/_raw/2026/06/03/accum_20260603.nc
[2026-06-08T09:10:48.854+0000] {logging_mixin.py:188} WARNING - 2026-06-08 09:10:48 [INFO] local timestep: 10 — /opt/***/era5/ecmwf/data/nc/_raw/2026/06/03/accum_20260603.nc
[2026-06-08T09:10:48.854+0000] {era5_functions.py:152} INFO - local timestep: 10 — /opt/***/era5/ecmwf/data/nc/_raw/2026/06/03/accum_20260603.nc
[2026-06-08T09:10:48.930+0000] {logging_mixin.py:188} WARNING - 2026-06-08 09:10:48 [INFO] tif outdated (tif=9 < nc=10), removing: /opt/***/era5/ecmwf/data/tif/2026/06/03/tp_20260603.tif
[2026-06-08T09:10:48.929+0000] {era5_functions.py:261} INFO - tif outdated (tif=9 < nc=10), removing: /opt/***/era5/ecmwf/data/tif/2026/06/03/tp_20260603.tif
[2026-06-08T09:10:49.035+0000] {logging_mixin.py:188} WARNING - 2026-06-08 09:10:49 [INFO] tif ok (bands=10): /opt/***/era5/ecmwf/data/tif/2026/06/03/tp_20260603.tif
[2026-06-08T09:10:49.035+0000] {era5_functions.py:304} INFO - tif ok (bands=10): /opt/***/era5/ecmwf/data/tif/2026/06/03/tp_20260603.tif
[2026-06-08T09:10:49.042+0000] {logging_mixin.py:188} WARNING - 2026-06-08 09:10:49 [INFO] === END job=accum date=2026-06-08 ===
[2026-06-08T09:10:49.042+0000] {era5_functions.py:379} INFO - === END job=accum date=2026-06-08 ===
[2026-06-08T09:10:49.044+0000] {python.py:237} INFO - Done. Returned value was: None
[2026-06-08T09:10:49.044+0000] {taskinstance.py:441} INFO - ::group::Post task execution logs
[2026-06-08T09:10:49.057+0000] {taskinstance.py:1206} INFO - Marking task as SUCCESS. dag_id=era5_download_pipeline, task_id=era5_accum, run_id=scheduled__2026-06-08T08:00:00+00:00, execution_date=20260608T080000, start_date=20260608T090136, end_date=20260608T091049
[2026-06-08T09:10:49.155+0000] {local_task_job_runner.py:240} INFO - Task exited with return code 0
[2026-06-08T09:10:49.177+0000] {taskinstance.py:3498} INFO - 0 downstream tasks scheduled from follow-on schedule check
[2026-06-08T09:10:49.180+0000] {local_task_job_runner.py:222} INFO - ::endgroup::
