[2026-06-22T19:00:01.891+0000] {local_task_job_runner.py:120} INFO - ::group::Pre task execution logs
[2026-06-22T19:00:01.917+0000] {taskinstance.py:2076} INFO - Dependencies all met for dep_context=non-requeueable deps ti=<TaskInstance: era5_download_pipeline.era5_instant scheduled__2026-06-22T18:00:00+00:00 [queued]>
[2026-06-22T19:00:01.930+0000] {taskinstance.py:2076} INFO - Dependencies all met for dep_context=requeueable deps ti=<TaskInstance: era5_download_pipeline.era5_instant scheduled__2026-06-22T18:00:00+00:00 [queued]>
[2026-06-22T19:00:01.931+0000] {taskinstance.py:2306} INFO - Starting attempt 1 of 1
[2026-06-22T19:00:01.953+0000] {taskinstance.py:2330} INFO - Executing <Task(PythonOperator): era5_instant> on 2026-06-22 18:00:00+00:00
[2026-06-22T19:00:01.964+0000] {warnings.py:110} WARNING - /home/***/.local/lib/python3.12/site-packages/***/task/task_runner/standard_task_runner.py:61: DeprecationWarning: This process (pid=212525) is multi-threaded, use of fork() may lead to deadlocks in the child.
  pid = os.fork()

[2026-06-22T19:00:01.967+0000] {standard_task_runner.py:63} INFO - Started process 212529 to run task
[2026-06-22T19:00:01.969+0000] {standard_task_runner.py:90} INFO - Running: ['***', 'tasks', 'run', 'era5_download_pipeline', 'era5_instant', 'scheduled__2026-06-22T18:00:00+00:00', '--job-id', '2155', '--raw', '--subdir', 'DAGS_FOLDER/era5_dag.py', '--cfg-path', '/tmp/tmpek617wqn']
[2026-06-22T19:00:01.973+0000] {standard_task_runner.py:91} INFO - Job 2155: Subtask era5_instant
[2026-06-22T19:00:02.051+0000] {task_command.py:426} INFO - Running <TaskInstance: era5_download_pipeline.era5_instant scheduled__2026-06-22T18:00:00+00:00 [running]> on host 01cd476fb21a
[2026-06-22T19:00:02.181+0000] {taskinstance.py:2648} INFO - Exporting env vars: AIRFLOW_CTX_DAG_OWNER='era5' AIRFLOW_CTX_DAG_ID='era5_download_pipeline' AIRFLOW_CTX_TASK_ID='era5_instant' AIRFLOW_CTX_EXECUTION_DATE='2026-06-22T18:00:00+00:00' AIRFLOW_CTX_TRY_NUMBER='1' AIRFLOW_CTX_DAG_RUN_ID='scheduled__2026-06-22T18:00:00+00:00'
[2026-06-22T19:00:02.183+0000] {taskinstance.py:430} INFO - ::endgroup::
[2026-06-22T19:00:03.242+0000] {logging_mixin.py:188} WARNING - 2026-06-22 19:00:03 [INFO] === START job=instant date=2026-06-22 ===
[2026-06-22T19:00:03.242+0000] {era5_functions.py:368} INFO - === START job=instant date=2026-06-22 ===
[2026-06-22T19:00:03.244+0000] {logging_mixin.py:188} WARNING - 2026-06-22 19:00:03 [INFO] --- job=instant date=20260622 ---
[2026-06-22T19:00:03.244+0000] {era5_functions.py:330} INFO - --- job=instant date=20260622 ---
[2026-06-22T19:00:04.333+0000] {logging_mixin.py:188} WARNING - 2026-06-22 19:00:04 [WARNING] get_cds_count failed: 400 Client Error: Bad Request for url: https://cds.climate.copernicus.eu/api/retrieve/v1/processes/reanalysis-era5-single-levels/execution
invalid request
None of the data you have requested is available yet, please revise the period requested. The latest date available for this dataset is: 2026-06-17 19:00
[2026-06-22T19:00:04.333+0000] {era5_functions.py:131} WARNING - get_cds_count failed: 400 Client Error: Bad Request for url: https://cds.climate.copernicus.eu/api/retrieve/v1/processes/reanalysis-era5-single-levels/execution
invalid request
None of the data you have requested is available yet, please revise the period requested. The latest date available for this dataset is: 2026-06-17 19:00
[2026-06-22T19:00:04.340+0000] {logging_mixin.py:188} WARNING - 2026-06-22 19:00:04 [WARNING] CDS ยังไม่มีข้อมูล job=instant date=20260622, skip
[2026-06-22T19:00:04.340+0000] {era5_functions.py:335} WARNING - CDS ยังไม่มีข้อมูล job=instant date=20260622, skip
[2026-06-22T19:00:04.343+0000] {logging_mixin.py:188} WARNING - 2026-06-22 19:00:04 [INFO] --- job=instant date=20260621 ---
[2026-06-22T19:00:04.343+0000] {era5_functions.py:330} INFO - --- job=instant date=20260621 ---
[2026-06-22T19:00:05.115+0000] {logging_mixin.py:188} WARNING - 2026-06-22 19:00:05 [WARNING] get_cds_count failed: 400 Client Error: Bad Request for url: https://cds.climate.copernicus.eu/api/retrieve/v1/processes/reanalysis-era5-single-levels/execution
invalid request
None of the data you have requested is available yet, please revise the period requested. The latest date available for this dataset is: 2026-06-17 19:00
[2026-06-22T19:00:05.115+0000] {era5_functions.py:131} WARNING - get_cds_count failed: 400 Client Error: Bad Request for url: https://cds.climate.copernicus.eu/api/retrieve/v1/processes/reanalysis-era5-single-levels/execution
invalid request
None of the data you have requested is available yet, please revise the period requested. The latest date available for this dataset is: 2026-06-17 19:00
[2026-06-22T19:00:05.120+0000] {logging_mixin.py:188} WARNING - 2026-06-22 19:00:05 [WARNING] CDS ยังไม่มีข้อมูล job=instant date=20260621, skip
[2026-06-22T19:00:05.120+0000] {era5_functions.py:335} WARNING - CDS ยังไม่มีข้อมูล job=instant date=20260621, skip
[2026-06-22T19:00:05.124+0000] {logging_mixin.py:188} WARNING - 2026-06-22 19:00:05 [INFO] --- job=instant date=20260620 ---
[2026-06-22T19:00:05.123+0000] {era5_functions.py:330} INFO - --- job=instant date=20260620 ---
[2026-06-22T19:00:05.772+0000] {logging_mixin.py:188} WARNING - 2026-06-22 19:00:05 [WARNING] get_cds_count failed: 400 Client Error: Bad Request for url: https://cds.climate.copernicus.eu/api/retrieve/v1/processes/reanalysis-era5-single-levels/execution
invalid request
None of the data you have requested is available yet, please revise the period requested. The latest date available for this dataset is: 2026-06-17 19:00
[2026-06-22T19:00:05.772+0000] {era5_functions.py:131} WARNING - get_cds_count failed: 400 Client Error: Bad Request for url: https://cds.climate.copernicus.eu/api/retrieve/v1/processes/reanalysis-era5-single-levels/execution
invalid request
None of the data you have requested is available yet, please revise the period requested. The latest date available for this dataset is: 2026-06-17 19:00
[2026-06-22T19:00:05.775+0000] {logging_mixin.py:188} WARNING - 2026-06-22 19:00:05 [WARNING] CDS ยังไม่มีข้อมูล job=instant date=20260620, skip
[2026-06-22T19:00:05.775+0000] {era5_functions.py:335} WARNING - CDS ยังไม่มีข้อมูล job=instant date=20260620, skip
[2026-06-22T19:00:05.777+0000] {logging_mixin.py:188} WARNING - 2026-06-22 19:00:05 [INFO] --- job=instant date=20260619 ---
[2026-06-22T19:00:05.777+0000] {era5_functions.py:330} INFO - --- job=instant date=20260619 ---
[2026-06-22T19:00:06.682+0000] {logging_mixin.py:188} WARNING - 2026-06-22 19:00:06 [WARNING] get_cds_count failed: 400 Client Error: Bad Request for url: https://cds.climate.copernicus.eu/api/retrieve/v1/processes/reanalysis-era5-single-levels/execution
invalid request
None of the data you have requested is available yet, please revise the period requested. The latest date available for this dataset is: 2026-06-17 19:00
[2026-06-22T19:00:06.681+0000] {era5_functions.py:131} WARNING - get_cds_count failed: 400 Client Error: Bad Request for url: https://cds.climate.copernicus.eu/api/retrieve/v1/processes/reanalysis-era5-single-levels/execution
invalid request
None of the data you have requested is available yet, please revise the period requested. The latest date available for this dataset is: 2026-06-17 19:00
[2026-06-22T19:00:06.687+0000] {logging_mixin.py:188} WARNING - 2026-06-22 19:00:06 [WARNING] CDS ยังไม่มีข้อมูล job=instant date=20260619, skip
[2026-06-22T19:00:06.687+0000] {era5_functions.py:335} WARNING - CDS ยังไม่มีข้อมูล job=instant date=20260619, skip
[2026-06-22T19:00:06.692+0000] {logging_mixin.py:188} WARNING - 2026-06-22 19:00:06 [INFO] --- job=instant date=20260618 ---
[2026-06-22T19:00:06.691+0000] {era5_functions.py:330} INFO - --- job=instant date=20260618 ---
[2026-06-22T19:00:07.267+0000] {logging_mixin.py:188} WARNING - 2026-06-22 19:00:07 [WARNING] get_cds_count failed: 400 Client Error: Bad Request for url: https://cds.climate.copernicus.eu/api/retrieve/v1/processes/reanalysis-era5-single-levels/execution
invalid request
None of the data you have requested is available yet, please revise the period requested. The latest date available for this dataset is: 2026-06-17 19:00
[2026-06-22T19:00:07.267+0000] {era5_functions.py:131} WARNING - get_cds_count failed: 400 Client Error: Bad Request for url: https://cds.climate.copernicus.eu/api/retrieve/v1/processes/reanalysis-era5-single-levels/execution
invalid request
None of the data you have requested is available yet, please revise the period requested. The latest date available for this dataset is: 2026-06-17 19:00
[2026-06-22T19:00:07.270+0000] {logging_mixin.py:188} WARNING - 2026-06-22 19:00:07 [WARNING] CDS ยังไม่มีข้อมูล job=instant date=20260618, skip
[2026-06-22T19:00:07.270+0000] {era5_functions.py:335} WARNING - CDS ยังไม่มีข้อมูล job=instant date=20260618, skip
[2026-06-22T19:00:07.274+0000] {logging_mixin.py:188} WARNING - 2026-06-22 19:00:07 [INFO] --- job=instant date=20260617 ---
[2026-06-22T19:00:07.274+0000] {era5_functions.py:330} INFO - --- job=instant date=20260617 ---
[2026-06-22T19:00:08.416+0000] {logging_mixin.py:188} WARNING - 2026-06-22 19:00:08,415 INFO [2025-12-11T00:00:00] Please note that a dedicated catalogue entry for this dataset, post-processed and stored in Analysis Ready Cloud Optimized (ARCO) format (Zarr), is available for optimised time-series retrievals (i.e. for retrieving data from selected variables for a single point over an extended period of time in an efficient way). You can discover it [here](https://cds.climate.copernicus.eu/datasets/reanalysis-era5-single-levels-timeseries?tab=overview)
[2026-06-22T19:00:08.415+0000] {legacy_client.py:192} INFO - [2025-12-11T00:00:00] Please note that a dedicated catalogue entry for this dataset, post-processed and stored in Analysis Ready Cloud Optimized (ARCO) format (Zarr), is available for optimised time-series retrievals (i.e. for retrieving data from selected variables for a single point over an extended period of time in an efficient way). You can discover it [here](https://cds.climate.copernicus.eu/datasets/reanalysis-era5-single-levels-timeseries?tab=overview)
[2026-06-22T19:00:08.422+0000] {logging_mixin.py:188} WARNING - 2026-06-22 19:00:08,422 INFO Request ID is 9fd80e98-370c-43c8-ad5c-c3788e6e5e66
[2026-06-22T19:00:08.422+0000] {legacy_client.py:192} INFO - Request ID is 9fd80e98-370c-43c8-ad5c-c3788e6e5e66
[2026-06-22T19:00:08.633+0000] {logging_mixin.py:188} WARNING - 2026-06-22 19:00:08,633 INFO status has been updated to accepted
[2026-06-22T19:00:08.633+0000] {legacy_client.py:192} INFO - status has been updated to accepted
[2026-06-22T19:00:42.382+0000] {logging_mixin.py:188} WARNING - 2026-06-22 19:00:42,382 INFO status has been updated to running
[2026-06-22T19:00:42.382+0000] {legacy_client.py:192} INFO - status has been updated to running
[2026-06-22T19:00:59.699+0000] {logging_mixin.py:188} WARNING - 2026-06-22 19:00:59,699 INFO status has been updated to successful
[2026-06-22T19:00:59.699+0000] {legacy_client.py:192} INFO - status has been updated to successful
[2026-06-22T19:01:00.165+0000] {base.py:119} INFO - Downloading https://object-store.os-api.cci2.ecmwf.int:443/cci2-prod-cache-2/2026-06-22/705c74d2a29f1c2912153ebed7c5c34.nc
[2026-06-22T19:01:01.142+0000] {logging_mixin.py:188} WARNING - 705c74d2a29f1c2912153ebed7c5c34.nc:   0%|          | 0.00/2.14M [00:00<?, ?B/s]
[2026-06-22T19:01:05.538+0000] {logging_mixin.py:188} WARNING - 705c74d2a29f1c2912153ebed7c5c34.nc:  47%|####6     | 1.00M/2.14M [00:04<00:05, 239kB/s]
[2026-06-22T19:01:17.060+0000] {logging_mixin.py:188} WARNING - 705c74d2a29f1c2912153ebed7c5c34.nc:  94%|#########3| 2.00M/2.14M [00:15<00:01, 122kB/s]
[2026-06-22T19:01:18.649+0000] {logging_mixin.py:188} WARNING - 705c74d2a29f1c2912153ebed7c5c34.nc: 100%|##########| 2.14M/2.14M [00:17<00:00, 118kB/s]
[2026-06-22T19:01:18.656+0000] {logging_mixin.py:188} WARNING -                                                                                        
[2026-06-22T19:01:18.960+0000] {logging_mixin.py:188} WARNING - 2026-06-22 19:01:18 [INFO] CDS timestep available: 20
[2026-06-22T19:01:18.960+0000] {era5_functions.py:128} INFO - CDS timestep available: 20
[2026-06-22T19:01:19.048+0000] {logging_mixin.py:188} WARNING - 2026-06-22 19:01:19 [INFO] local timestep: 19 — /opt/***/era5/ecmwf/data/nc/_raw/2026/06/17/instant_20260617.nc
[2026-06-22T19:01:19.047+0000] {era5_functions.py:152} INFO - local timestep: 19 — /opt/***/era5/ecmwf/data/nc/_raw/2026/06/17/instant_20260617.nc
[2026-06-22T19:01:19.055+0000] {logging_mixin.py:188} WARNING - 2026-06-22 19:01:19 [INFO] nc outdated (local=19 < cds=20), removing: /opt/***/era5/ecmwf/data/nc/_raw/2026/06/17/instant_20260617.nc
[2026-06-22T19:01:19.055+0000] {era5_functions.py:193} INFO - nc outdated (local=19 < cds=20), removing: /opt/***/era5/ecmwf/data/nc/_raw/2026/06/17/instant_20260617.nc
[2026-06-22T19:01:19.074+0000] {logging_mixin.py:188} WARNING - 2026-06-22 19:01:19 [INFO] download attempt 1/3: /opt/***/era5/ecmwf/data/nc/_raw/2026/06/17/instant_20260617.nc
[2026-06-22T19:01:19.074+0000] {era5_functions.py:200} INFO - download attempt 1/3: /opt/***/era5/ecmwf/data/nc/_raw/2026/06/17/instant_20260617.nc
[2026-06-22T19:01:22.190+0000] {logging_mixin.py:188} WARNING - 2026-06-22 19:01:22,189 INFO [2025-12-11T00:00:00] Please note that a dedicated catalogue entry for this dataset, post-processed and stored in Analysis Ready Cloud Optimized (ARCO) format (Zarr), is available for optimised time-series retrievals (i.e. for retrieving data from selected variables for a single point over an extended period of time in an efficient way). You can discover it [here](https://cds.climate.copernicus.eu/datasets/reanalysis-era5-single-levels-timeseries?tab=overview)
[2026-06-22T19:01:22.189+0000] {legacy_client.py:192} INFO - [2025-12-11T00:00:00] Please note that a dedicated catalogue entry for this dataset, post-processed and stored in Analysis Ready Cloud Optimized (ARCO) format (Zarr), is available for optimised time-series retrievals (i.e. for retrieving data from selected variables for a single point over an extended period of time in an efficient way). You can discover it [here](https://cds.climate.copernicus.eu/datasets/reanalysis-era5-single-levels-timeseries?tab=overview)
[2026-06-22T19:01:22.194+0000] {logging_mixin.py:188} WARNING - 2026-06-22 19:01:22,194 INFO Request ID is ce348070-4572-4aa5-84ad-bd3feabdedb7
[2026-06-22T19:01:22.194+0000] {legacy_client.py:192} INFO - Request ID is ce348070-4572-4aa5-84ad-bd3feabdedb7
[2026-06-22T19:01:22.399+0000] {logging_mixin.py:188} WARNING - 2026-06-22 19:01:22,398 INFO status has been updated to accepted
[2026-06-22T19:01:22.398+0000] {legacy_client.py:192} INFO - status has been updated to accepted
[2026-06-22T19:01:44.483+0000] {logging_mixin.py:188} WARNING - 2026-06-22 19:01:44,483 INFO status has been updated to running
[2026-06-22T19:01:44.483+0000] {legacy_client.py:192} INFO - status has been updated to running
[2026-06-22T19:01:56.732+0000] {logging_mixin.py:188} WARNING - 2026-06-22 19:01:56,731 INFO status has been updated to successful
[2026-06-22T19:01:56.731+0000] {legacy_client.py:192} INFO - status has been updated to successful
[2026-06-22T19:01:57.154+0000] {base.py:119} INFO - Downloading https://object-store.os-api.cci2.ecmwf.int:443/cci2-prod-cache-3/2026-06-22/231e9943435f7105f4ed3da20b6e0d9b.nc
[2026-06-22T19:01:57.860+0000] {logging_mixin.py:188} WARNING - 231e9943435f7105f4ed3da20b6e0d9b.nc:   0%|          | 0.00/2.14M [00:00<?, ?B/s]
[2026-06-22T19:02:00.569+0000] {logging_mixin.py:188} WARNING - 231e9943435f7105f4ed3da20b6e0d9b.nc:  47%|####6     | 1.00M/2.14M [00:02<00:03, 387kB/s]
[2026-06-22T19:02:00.926+0000] {logging_mixin.py:188} WARNING - 231e9943435f7105f4ed3da20b6e0d9b.nc:  94%|#########3| 2.00M/2.14M [00:03<00:00, 791kB/s]
[2026-06-22T19:02:01.094+0000] {logging_mixin.py:188} WARNING -                                                                                         
[2026-06-22T19:02:01.255+0000] {logging_mixin.py:188} WARNING - 2026-06-22 19:02:01 [INFO] nc downloaded ok: /opt/***/era5/ecmwf/data/nc/_raw/2026/06/17/instant_20260617.nc
[2026-06-22T19:02:01.255+0000] {era5_functions.py:204} INFO - nc downloaded ok: /opt/***/era5/ecmwf/data/nc/_raw/2026/06/17/instant_20260617.nc
[2026-06-22T19:02:01.369+0000] {logging_mixin.py:188} WARNING - 2026-06-22 19:02:01 [INFO] local timestep: 20 — /opt/***/era5/ecmwf/data/nc/_raw/2026/06/17/instant_20260617.nc
[2026-06-22T19:02:01.369+0000] {era5_functions.py:152} INFO - local timestep: 20 — /opt/***/era5/ecmwf/data/nc/_raw/2026/06/17/instant_20260617.nc
[2026-06-22T19:02:01.486+0000] {logging_mixin.py:188} WARNING - 2026-06-22 19:02:01 [INFO] tif outdated (tif=19 < nc=20), removing: /opt/***/era5/ecmwf/data/tif/2026/06/17/t2m_20260617.tif
[2026-06-22T19:02:01.486+0000] {era5_functions.py:261} INFO - tif outdated (tif=19 < nc=20), removing: /opt/***/era5/ecmwf/data/tif/2026/06/17/t2m_20260617.tif
[2026-06-22T19:02:01.601+0000] {logging_mixin.py:188} WARNING - 2026-06-22 19:02:01 [INFO] tif ok (bands=20): /opt/***/era5/ecmwf/data/tif/2026/06/17/t2m_20260617.tif
[2026-06-22T19:02:01.601+0000] {era5_functions.py:304} INFO - tif ok (bands=20): /opt/***/era5/ecmwf/data/tif/2026/06/17/t2m_20260617.tif
[2026-06-22T19:02:01.617+0000] {logging_mixin.py:188} WARNING - 2026-06-22 19:02:01 [INFO] tif outdated (tif=19 < nc=20), removing: /opt/***/era5/ecmwf/data/tif/2026/06/17/d2m_20260617.tif
[2026-06-22T19:02:01.617+0000] {era5_functions.py:261} INFO - tif outdated (tif=19 < nc=20), removing: /opt/***/era5/ecmwf/data/tif/2026/06/17/d2m_20260617.tif
[2026-06-22T19:02:01.724+0000] {logging_mixin.py:188} WARNING - 2026-06-22 19:02:01 [INFO] tif ok (bands=20): /opt/***/era5/ecmwf/data/tif/2026/06/17/d2m_20260617.tif
[2026-06-22T19:02:01.724+0000] {era5_functions.py:304} INFO - tif ok (bands=20): /opt/***/era5/ecmwf/data/tif/2026/06/17/d2m_20260617.tif
[2026-06-22T19:02:01.741+0000] {logging_mixin.py:188} WARNING - 2026-06-22 19:02:01 [INFO] tif outdated (tif=19 < nc=20), removing: /opt/***/era5/ecmwf/data/tif/2026/06/17/sp_20260617.tif
[2026-06-22T19:02:01.741+0000] {era5_functions.py:261} INFO - tif outdated (tif=19 < nc=20), removing: /opt/***/era5/ecmwf/data/tif/2026/06/17/sp_20260617.tif
[2026-06-22T19:02:01.845+0000] {logging_mixin.py:188} WARNING - 2026-06-22 19:02:01 [INFO] tif ok (bands=20): /opt/***/era5/ecmwf/data/tif/2026/06/17/sp_20260617.tif
[2026-06-22T19:02:01.845+0000] {era5_functions.py:304} INFO - tif ok (bands=20): /opt/***/era5/ecmwf/data/tif/2026/06/17/sp_20260617.tif
[2026-06-22T19:02:01.865+0000] {logging_mixin.py:188} WARNING - 2026-06-22 19:02:01 [INFO] tif outdated (tif=19 < nc=20), removing: /opt/***/era5/ecmwf/data/tif/2026/06/17/blh_20260617.tif
[2026-06-22T19:02:01.864+0000] {era5_functions.py:261} INFO - tif outdated (tif=19 < nc=20), removing: /opt/***/era5/ecmwf/data/tif/2026/06/17/blh_20260617.tif
[2026-06-22T19:02:01.983+0000] {logging_mixin.py:188} WARNING - 2026-06-22 19:02:01 [INFO] tif ok (bands=20): /opt/***/era5/ecmwf/data/tif/2026/06/17/blh_20260617.tif
[2026-06-22T19:02:01.982+0000] {era5_functions.py:304} INFO - tif ok (bands=20): /opt/***/era5/ecmwf/data/tif/2026/06/17/blh_20260617.tif
[2026-06-22T19:02:02.000+0000] {logging_mixin.py:188} WARNING - 2026-06-22 19:02:01 [INFO] tif outdated (tif=19 < nc=20), removing: /opt/***/era5/ecmwf/data/tif/2026/06/17/u10_20260617.tif
[2026-06-22T19:02:01.999+0000] {era5_functions.py:261} INFO - tif outdated (tif=19 < nc=20), removing: /opt/***/era5/ecmwf/data/tif/2026/06/17/u10_20260617.tif
[2026-06-22T19:02:02.111+0000] {logging_mixin.py:188} WARNING - 2026-06-22 19:02:02 [INFO] tif ok (bands=20): /opt/***/era5/ecmwf/data/tif/2026/06/17/u10_20260617.tif
[2026-06-22T19:02:02.111+0000] {era5_functions.py:304} INFO - tif ok (bands=20): /opt/***/era5/ecmwf/data/tif/2026/06/17/u10_20260617.tif
[2026-06-22T19:02:02.135+0000] {logging_mixin.py:188} WARNING - 2026-06-22 19:02:02 [INFO] tif outdated (tif=19 < nc=20), removing: /opt/***/era5/ecmwf/data/tif/2026/06/17/v10_20260617.tif
[2026-06-22T19:02:02.135+0000] {era5_functions.py:261} INFO - tif outdated (tif=19 < nc=20), removing: /opt/***/era5/ecmwf/data/tif/2026/06/17/v10_20260617.tif
[2026-06-22T19:02:02.246+0000] {logging_mixin.py:188} WARNING - 2026-06-22 19:02:02 [INFO] tif ok (bands=20): /opt/***/era5/ecmwf/data/tif/2026/06/17/v10_20260617.tif
[2026-06-22T19:02:02.246+0000] {era5_functions.py:304} INFO - tif ok (bands=20): /opt/***/era5/ecmwf/data/tif/2026/06/17/v10_20260617.tif
[2026-06-22T19:02:02.251+0000] {logging_mixin.py:188} WARNING - 2026-06-22 19:02:02 [INFO] === END job=instant date=2026-06-22 ===
[2026-06-22T19:02:02.251+0000] {era5_functions.py:379} INFO - === END job=instant date=2026-06-22 ===
[2026-06-22T19:02:02.253+0000] {python.py:237} INFO - Done. Returned value was: None
[2026-06-22T19:02:02.254+0000] {taskinstance.py:441} INFO - ::group::Post task execution logs
[2026-06-22T19:02:02.268+0000] {taskinstance.py:1206} INFO - Marking task as SUCCESS. dag_id=era5_download_pipeline, task_id=era5_instant, run_id=scheduled__2026-06-22T18:00:00+00:00, execution_date=20260622T180000, start_date=20260622T190001, end_date=20260622T190202
[2026-06-22T19:02:02.338+0000] {local_task_job_runner.py:240} INFO - Task exited with return code 0
[2026-06-22T19:02:02.376+0000] {taskinstance.py:3498} INFO - 1 downstream tasks scheduled from follow-on schedule check
[2026-06-22T19:02:02.380+0000] {local_task_job_runner.py:222} INFO - ::endgroup::
