[2026-06-22T09:00:03.448+0000] {local_task_job_runner.py:120} INFO - ::group::Pre task execution logs
[2026-06-22T09:00:03.492+0000] {taskinstance.py:2076} INFO - Dependencies all met for dep_context=non-requeueable deps ti=<TaskInstance: era5_download_pipeline.era5_instant scheduled__2026-06-22T08:00:00+00:00 [queued]>
[2026-06-22T09:00:03.505+0000] {taskinstance.py:2076} INFO - Dependencies all met for dep_context=requeueable deps ti=<TaskInstance: era5_download_pipeline.era5_instant scheduled__2026-06-22T08:00:00+00:00 [queued]>
[2026-06-22T09:00:03.506+0000] {taskinstance.py:2306} INFO - Starting attempt 1 of 1
[2026-06-22T09:00:03.523+0000] {taskinstance.py:2330} INFO - Executing <Task(PythonOperator): era5_instant> on 2026-06-22 08:00:00+00:00
[2026-06-22T09:00:03.536+0000] {warnings.py:110} WARNING - /home/***/.local/lib/python3.12/site-packages/***/task/task_runner/standard_task_runner.py:61: DeprecationWarning: This process (pid=204842) is multi-threaded, use of fork() may lead to deadlocks in the child.
  pid = os.fork()

[2026-06-22T09:00:03.539+0000] {standard_task_runner.py:63} INFO - Started process 204847 to run task
[2026-06-22T09:00:03.543+0000] {standard_task_runner.py:90} INFO - Running: ['***', 'tasks', 'run', 'era5_download_pipeline', 'era5_instant', 'scheduled__2026-06-22T08:00:00+00:00', '--job-id', '2125', '--raw', '--subdir', 'DAGS_FOLDER/era5_dag.py', '--cfg-path', '/tmp/tmpyo6gt1kf']
[2026-06-22T09:00:03.547+0000] {standard_task_runner.py:91} INFO - Job 2125: Subtask era5_instant
[2026-06-22T09:00:03.639+0000] {task_command.py:426} INFO - Running <TaskInstance: era5_download_pipeline.era5_instant scheduled__2026-06-22T08:00:00+00:00 [running]> on host 01cd476fb21a
[2026-06-22T09:00:03.777+0000] {taskinstance.py:2648} INFO - Exporting env vars: AIRFLOW_CTX_DAG_OWNER='era5' AIRFLOW_CTX_DAG_ID='era5_download_pipeline' AIRFLOW_CTX_TASK_ID='era5_instant' AIRFLOW_CTX_EXECUTION_DATE='2026-06-22T08:00:00+00:00' AIRFLOW_CTX_TRY_NUMBER='1' AIRFLOW_CTX_DAG_RUN_ID='scheduled__2026-06-22T08:00:00+00:00'
[2026-06-22T09:00:03.779+0000] {taskinstance.py:430} INFO - ::endgroup::
[2026-06-22T09:00:04.888+0000] {logging_mixin.py:188} WARNING - 2026-06-22 09:00:04 [INFO] === START job=instant date=2026-06-22 ===
[2026-06-22T09:00:04.887+0000] {era5_functions.py:368} INFO - === START job=instant date=2026-06-22 ===
[2026-06-22T09:00:04.890+0000] {logging_mixin.py:188} WARNING - 2026-06-22 09:00:04 [INFO] --- job=instant date=20260622 ---
[2026-06-22T09:00:04.890+0000] {era5_functions.py:330} INFO - --- job=instant date=20260622 ---
[2026-06-22T09:00:07.057+0000] {logging_mixin.py:188} WARNING - 2026-06-22 09:00:07 [WARNING] get_cds_count failed: 400 Client Error: Bad Request for url: https://cds.climate.copernicus.eu/api/retrieve/v1/processes/reanalysis-era5-single-levels/execution
invalid request
None of the data you have requested is available yet, please revise the period requested. The latest date available for this dataset is: 2026-06-17 09:00
[2026-06-22T09:00:07.057+0000] {era5_functions.py:131} WARNING - get_cds_count failed: 400 Client Error: Bad Request for url: https://cds.climate.copernicus.eu/api/retrieve/v1/processes/reanalysis-era5-single-levels/execution
invalid request
None of the data you have requested is available yet, please revise the period requested. The latest date available for this dataset is: 2026-06-17 09:00
[2026-06-22T09:00:07.062+0000] {logging_mixin.py:188} WARNING - 2026-06-22 09:00:07 [WARNING] CDS ยังไม่มีข้อมูล job=instant date=20260622, skip
[2026-06-22T09:00:07.062+0000] {era5_functions.py:335} WARNING - CDS ยังไม่มีข้อมูล job=instant date=20260622, skip
[2026-06-22T09:00:07.066+0000] {logging_mixin.py:188} WARNING - 2026-06-22 09:00:07 [INFO] --- job=instant date=20260621 ---
[2026-06-22T09:00:07.066+0000] {era5_functions.py:330} INFO - --- job=instant date=20260621 ---
[2026-06-22T09:00:08.386+0000] {logging_mixin.py:188} WARNING - 2026-06-22 09:00:08 [WARNING] get_cds_count failed: 400 Client Error: Bad Request for url: https://cds.climate.copernicus.eu/api/retrieve/v1/processes/reanalysis-era5-single-levels/execution
invalid request
None of the data you have requested is available yet, please revise the period requested. The latest date available for this dataset is: 2026-06-17 09:00
[2026-06-22T09:00:08.385+0000] {era5_functions.py:131} WARNING - get_cds_count failed: 400 Client Error: Bad Request for url: https://cds.climate.copernicus.eu/api/retrieve/v1/processes/reanalysis-era5-single-levels/execution
invalid request
None of the data you have requested is available yet, please revise the period requested. The latest date available for this dataset is: 2026-06-17 09:00
[2026-06-22T09:00:08.392+0000] {logging_mixin.py:188} WARNING - 2026-06-22 09:00:08 [WARNING] CDS ยังไม่มีข้อมูล job=instant date=20260621, skip
[2026-06-22T09:00:08.391+0000] {era5_functions.py:335} WARNING - CDS ยังไม่มีข้อมูล job=instant date=20260621, skip
[2026-06-22T09:00:08.397+0000] {logging_mixin.py:188} WARNING - 2026-06-22 09:00:08 [INFO] --- job=instant date=20260620 ---
[2026-06-22T09:00:08.396+0000] {era5_functions.py:330} INFO - --- job=instant date=20260620 ---
[2026-06-22T09:00:08.994+0000] {logging_mixin.py:188} WARNING - 2026-06-22 09:00:08 [WARNING] get_cds_count failed: 400 Client Error: Bad Request for url: https://cds.climate.copernicus.eu/api/retrieve/v1/processes/reanalysis-era5-single-levels/execution
invalid request
None of the data you have requested is available yet, please revise the period requested. The latest date available for this dataset is: 2026-06-17 09:00
[2026-06-22T09:00:08.994+0000] {era5_functions.py:131} WARNING - get_cds_count failed: 400 Client Error: Bad Request for url: https://cds.climate.copernicus.eu/api/retrieve/v1/processes/reanalysis-era5-single-levels/execution
invalid request
None of the data you have requested is available yet, please revise the period requested. The latest date available for this dataset is: 2026-06-17 09:00
[2026-06-22T09:00:08.997+0000] {logging_mixin.py:188} WARNING - 2026-06-22 09:00:08 [WARNING] CDS ยังไม่มีข้อมูล job=instant date=20260620, skip
[2026-06-22T09:00:08.997+0000] {era5_functions.py:335} WARNING - CDS ยังไม่มีข้อมูล job=instant date=20260620, skip
[2026-06-22T09:00:08.999+0000] {logging_mixin.py:188} WARNING - 2026-06-22 09:00:08 [INFO] --- job=instant date=20260619 ---
[2026-06-22T09:00:08.999+0000] {era5_functions.py:330} INFO - --- job=instant date=20260619 ---
[2026-06-22T09:00:09.887+0000] {logging_mixin.py:188} WARNING - 2026-06-22 09:00:09 [WARNING] get_cds_count failed: 400 Client Error: Bad Request for url: https://cds.climate.copernicus.eu/api/retrieve/v1/processes/reanalysis-era5-single-levels/execution
invalid request
None of the data you have requested is available yet, please revise the period requested. The latest date available for this dataset is: 2026-06-17 09:00
[2026-06-22T09:00:09.886+0000] {era5_functions.py:131} WARNING - get_cds_count failed: 400 Client Error: Bad Request for url: https://cds.climate.copernicus.eu/api/retrieve/v1/processes/reanalysis-era5-single-levels/execution
invalid request
None of the data you have requested is available yet, please revise the period requested. The latest date available for this dataset is: 2026-06-17 09:00
[2026-06-22T09:00:09.892+0000] {logging_mixin.py:188} WARNING - 2026-06-22 09:00:09 [WARNING] CDS ยังไม่มีข้อมูล job=instant date=20260619, skip
[2026-06-22T09:00:09.892+0000] {era5_functions.py:335} WARNING - CDS ยังไม่มีข้อมูล job=instant date=20260619, skip
[2026-06-22T09:00:09.895+0000] {logging_mixin.py:188} WARNING - 2026-06-22 09:00:09 [INFO] --- job=instant date=20260618 ---
[2026-06-22T09:00:09.895+0000] {era5_functions.py:330} INFO - --- job=instant date=20260618 ---
[2026-06-22T09:00:10.375+0000] {logging_mixin.py:188} WARNING - 2026-06-22 09:00:10 [WARNING] get_cds_count failed: 400 Client Error: Bad Request for url: https://cds.climate.copernicus.eu/api/retrieve/v1/processes/reanalysis-era5-single-levels/execution
invalid request
None of the data you have requested is available yet, please revise the period requested. The latest date available for this dataset is: 2026-06-17 09:00
[2026-06-22T09:00:10.375+0000] {era5_functions.py:131} WARNING - get_cds_count failed: 400 Client Error: Bad Request for url: https://cds.climate.copernicus.eu/api/retrieve/v1/processes/reanalysis-era5-single-levels/execution
invalid request
None of the data you have requested is available yet, please revise the period requested. The latest date available for this dataset is: 2026-06-17 09:00
[2026-06-22T09:00:10.381+0000] {logging_mixin.py:188} WARNING - 2026-06-22 09:00:10 [WARNING] CDS ยังไม่มีข้อมูล job=instant date=20260618, skip
[2026-06-22T09:00:10.381+0000] {era5_functions.py:335} WARNING - CDS ยังไม่มีข้อมูล job=instant date=20260618, skip
[2026-06-22T09:00:10.386+0000] {logging_mixin.py:188} WARNING - 2026-06-22 09:00:10 [INFO] --- job=instant date=20260617 ---
[2026-06-22T09:00:10.385+0000] {era5_functions.py:330} INFO - --- job=instant date=20260617 ---
[2026-06-22T09:00:11.231+0000] {logging_mixin.py:188} WARNING - 2026-06-22 09:00:11,230 INFO [2025-12-11T00:00:00] Please note that a dedicated catalogue entry for this dataset, post-processed and stored in Analysis Ready Cloud Optimized (ARCO) format (Zarr), is available for optimised time-series retrievals (i.e. for retrieving data from selected variables for a single point over an extended period of time in an efficient way). You can discover it [here](https://cds.climate.copernicus.eu/datasets/reanalysis-era5-single-levels-timeseries?tab=overview)
[2026-06-22T09:00:11.230+0000] {legacy_client.py:192} INFO - [2025-12-11T00:00:00] Please note that a dedicated catalogue entry for this dataset, post-processed and stored in Analysis Ready Cloud Optimized (ARCO) format (Zarr), is available for optimised time-series retrievals (i.e. for retrieving data from selected variables for a single point over an extended period of time in an efficient way). You can discover it [here](https://cds.climate.copernicus.eu/datasets/reanalysis-era5-single-levels-timeseries?tab=overview)
[2026-06-22T09:00:11.237+0000] {logging_mixin.py:188} WARNING - 2026-06-22 09:00:11,236 INFO Request ID is 829d916d-7cf1-45e3-9941-4c8b0fba476b
[2026-06-22T09:00:11.236+0000] {legacy_client.py:192} INFO - Request ID is 829d916d-7cf1-45e3-9941-4c8b0fba476b
[2026-06-22T09:00:11.445+0000] {logging_mixin.py:188} WARNING - 2026-06-22 09:00:11,444 INFO status has been updated to accepted
[2026-06-22T09:00:11.444+0000] {legacy_client.py:192} INFO - status has been updated to accepted
[2026-06-22T09:00:36.784+0000] {logging_mixin.py:188} WARNING - 2026-06-22 09:00:36,784 INFO status has been updated to running
[2026-06-22T09:00:36.784+0000] {legacy_client.py:192} INFO - status has been updated to running
[2026-06-22T09:00:48.708+0000] {logging_mixin.py:188} WARNING - 2026-06-22 09:00:48,708 INFO status has been updated to successful
[2026-06-22T09:00:48.708+0000] {legacy_client.py:192} INFO - status has been updated to successful
[2026-06-22T09:00:50.244+0000] {base.py:119} INFO - Downloading https://object-store.os-api.cci2.ecmwf.int:443/cci2-prod-cache-2/2026-06-22/e246291ccec8859b83fb17fd8cffa833.nc
[2026-06-22T09:00:51.266+0000] {logging_mixin.py:188} WARNING - e246291ccec8859b83fb17fd8cffa833.nc:   0%|          | 0.00/1.11M [00:00<?, ?B/s]
[2026-06-22T09:00:53.401+0000] {logging_mixin.py:188} WARNING - e246291ccec8859b83fb17fd8cffa833.nc:  90%|######### | 1.00M/1.11M [00:02<00:00, 492kB/s]
[2026-06-22T09:00:53.408+0000] {logging_mixin.py:188} WARNING -                                                                                         
[2026-06-22T09:00:53.722+0000] {logging_mixin.py:188} WARNING - 2026-06-22 09:00:53 [INFO] CDS timestep available: 10
[2026-06-22T09:00:53.722+0000] {era5_functions.py:128} INFO - CDS timestep available: 10
[2026-06-22T09:00:53.828+0000] {logging_mixin.py:188} WARNING - 2026-06-22 09:00:53 [INFO] local timestep: 9 — /opt/***/era5/ecmwf/data/nc/_raw/2026/06/17/instant_20260617.nc
[2026-06-22T09:00:53.828+0000] {era5_functions.py:152} INFO - local timestep: 9 — /opt/***/era5/ecmwf/data/nc/_raw/2026/06/17/instant_20260617.nc
[2026-06-22T09:00:53.839+0000] {logging_mixin.py:188} WARNING - 2026-06-22 09:00:53 [INFO] nc outdated (local=9 < cds=10), removing: /opt/***/era5/ecmwf/data/nc/_raw/2026/06/17/instant_20260617.nc
[2026-06-22T09:00:53.839+0000] {era5_functions.py:193} INFO - nc outdated (local=9 < cds=10), removing: /opt/***/era5/ecmwf/data/nc/_raw/2026/06/17/instant_20260617.nc
[2026-06-22T09:00:53.869+0000] {logging_mixin.py:188} WARNING - 2026-06-22 09:00:53 [INFO] download attempt 1/3: /opt/***/era5/ecmwf/data/nc/_raw/2026/06/17/instant_20260617.nc
[2026-06-22T09:00:53.869+0000] {era5_functions.py:200} INFO - download attempt 1/3: /opt/***/era5/ecmwf/data/nc/_raw/2026/06/17/instant_20260617.nc
[2026-06-22T09:00:55.010+0000] {logging_mixin.py:188} WARNING - 2026-06-22 09:00:55,009 INFO [2025-12-11T00:00:00] Please note that a dedicated catalogue entry for this dataset, post-processed and stored in Analysis Ready Cloud Optimized (ARCO) format (Zarr), is available for optimised time-series retrievals (i.e. for retrieving data from selected variables for a single point over an extended period of time in an efficient way). You can discover it [here](https://cds.climate.copernicus.eu/datasets/reanalysis-era5-single-levels-timeseries?tab=overview)
[2026-06-22T09:00:55.009+0000] {legacy_client.py:192} INFO - [2025-12-11T00:00:00] Please note that a dedicated catalogue entry for this dataset, post-processed and stored in Analysis Ready Cloud Optimized (ARCO) format (Zarr), is available for optimised time-series retrievals (i.e. for retrieving data from selected variables for a single point over an extended period of time in an efficient way). You can discover it [here](https://cds.climate.copernicus.eu/datasets/reanalysis-era5-single-levels-timeseries?tab=overview)
[2026-06-22T09:00:55.015+0000] {logging_mixin.py:188} WARNING - 2026-06-22 09:00:55,015 INFO Request ID is 5278524c-d142-4ea0-8c1b-8f8d9d613c74
[2026-06-22T09:00:55.015+0000] {legacy_client.py:192} INFO - Request ID is 5278524c-d142-4ea0-8c1b-8f8d9d613c74
[2026-06-22T09:00:56.460+0000] {logging_mixin.py:188} WARNING - 2026-06-22 09:00:56,460 INFO status has been updated to accepted
[2026-06-22T09:00:56.460+0000] {legacy_client.py:192} INFO - status has been updated to accepted
[2026-06-22T09:01:18.908+0000] {logging_mixin.py:188} WARNING - 2026-06-22 09:01:18,907 INFO status has been updated to running
[2026-06-22T09:01:18.907+0000] {legacy_client.py:192} INFO - status has been updated to running
[2026-06-22T09:01:30.516+0000] {logging_mixin.py:188} WARNING - 2026-06-22 09:01:30,516 INFO status has been updated to successful
[2026-06-22T09:01:30.516+0000] {legacy_client.py:192} INFO - status has been updated to successful
[2026-06-22T09:01:30.980+0000] {base.py:119} INFO - Downloading https://object-store.os-api.cci2.ecmwf.int:443/cci2-prod-cache-1/2026-06-22/ad1c75b37498ba674a4b041ef7ead2f7.nc
[2026-06-22T09:01:31.649+0000] {logging_mixin.py:188} WARNING - ad1c75b37498ba674a4b041ef7ead2f7.nc:   0%|          | 0.00/1.11M [00:00<?, ?B/s]
[2026-06-22T09:01:33.439+0000] {logging_mixin.py:188} WARNING - ad1c75b37498ba674a4b041ef7ead2f7.nc:  90%|######### | 1.00M/1.11M [00:01<00:00, 586kB/s]
[2026-06-22T09:01:33.456+0000] {logging_mixin.py:188} WARNING -                                                                                         
[2026-06-22T09:01:33.630+0000] {logging_mixin.py:188} WARNING - 2026-06-22 09:01:33 [INFO] nc downloaded ok: /opt/***/era5/ecmwf/data/nc/_raw/2026/06/17/instant_20260617.nc
[2026-06-22T09:01:33.630+0000] {era5_functions.py:204} INFO - nc downloaded ok: /opt/***/era5/ecmwf/data/nc/_raw/2026/06/17/instant_20260617.nc
[2026-06-22T09:01:33.725+0000] {logging_mixin.py:188} WARNING - 2026-06-22 09:01:33 [INFO] local timestep: 10 — /opt/***/era5/ecmwf/data/nc/_raw/2026/06/17/instant_20260617.nc
[2026-06-22T09:01:33.725+0000] {era5_functions.py:152} INFO - local timestep: 10 — /opt/***/era5/ecmwf/data/nc/_raw/2026/06/17/instant_20260617.nc
[2026-06-22T09:01:33.852+0000] {logging_mixin.py:188} WARNING - 2026-06-22 09:01:33 [INFO] tif outdated (tif=9 < nc=10), removing: /opt/***/era5/ecmwf/data/tif/2026/06/17/t2m_20260617.tif
[2026-06-22T09:01:33.851+0000] {era5_functions.py:261} INFO - tif outdated (tif=9 < nc=10), removing: /opt/***/era5/ecmwf/data/tif/2026/06/17/t2m_20260617.tif
[2026-06-22T09:01:33.971+0000] {logging_mixin.py:188} WARNING - 2026-06-22 09:01:33 [INFO] tif ok (bands=10): /opt/***/era5/ecmwf/data/tif/2026/06/17/t2m_20260617.tif
[2026-06-22T09:01:33.971+0000] {era5_functions.py:304} INFO - tif ok (bands=10): /opt/***/era5/ecmwf/data/tif/2026/06/17/t2m_20260617.tif
[2026-06-22T09:01:33.993+0000] {logging_mixin.py:188} WARNING - 2026-06-22 09:01:33 [INFO] tif outdated (tif=9 < nc=10), removing: /opt/***/era5/ecmwf/data/tif/2026/06/17/d2m_20260617.tif
[2026-06-22T09:01:33.992+0000] {era5_functions.py:261} INFO - tif outdated (tif=9 < nc=10), removing: /opt/***/era5/ecmwf/data/tif/2026/06/17/d2m_20260617.tif
[2026-06-22T09:01:34.131+0000] {logging_mixin.py:188} WARNING - 2026-06-22 09:01:34 [INFO] tif ok (bands=10): /opt/***/era5/ecmwf/data/tif/2026/06/17/d2m_20260617.tif
[2026-06-22T09:01:34.131+0000] {era5_functions.py:304} INFO - tif ok (bands=10): /opt/***/era5/ecmwf/data/tif/2026/06/17/d2m_20260617.tif
[2026-06-22T09:01:34.158+0000] {logging_mixin.py:188} WARNING - 2026-06-22 09:01:34 [INFO] tif outdated (tif=9 < nc=10), removing: /opt/***/era5/ecmwf/data/tif/2026/06/17/sp_20260617.tif
[2026-06-22T09:01:34.158+0000] {era5_functions.py:261} INFO - tif outdated (tif=9 < nc=10), removing: /opt/***/era5/ecmwf/data/tif/2026/06/17/sp_20260617.tif
[2026-06-22T09:01:34.281+0000] {logging_mixin.py:188} WARNING - 2026-06-22 09:01:34 [INFO] tif ok (bands=10): /opt/***/era5/ecmwf/data/tif/2026/06/17/sp_20260617.tif
[2026-06-22T09:01:34.280+0000] {era5_functions.py:304} INFO - tif ok (bands=10): /opt/***/era5/ecmwf/data/tif/2026/06/17/sp_20260617.tif
[2026-06-22T09:01:34.302+0000] {logging_mixin.py:188} WARNING - 2026-06-22 09:01:34 [INFO] tif outdated (tif=9 < nc=10), removing: /opt/***/era5/ecmwf/data/tif/2026/06/17/blh_20260617.tif
[2026-06-22T09:01:34.302+0000] {era5_functions.py:261} INFO - tif outdated (tif=9 < nc=10), removing: /opt/***/era5/ecmwf/data/tif/2026/06/17/blh_20260617.tif
[2026-06-22T09:01:34.430+0000] {logging_mixin.py:188} WARNING - 2026-06-22 09:01:34 [INFO] tif ok (bands=10): /opt/***/era5/ecmwf/data/tif/2026/06/17/blh_20260617.tif
[2026-06-22T09:01:34.430+0000] {era5_functions.py:304} INFO - tif ok (bands=10): /opt/***/era5/ecmwf/data/tif/2026/06/17/blh_20260617.tif
[2026-06-22T09:01:34.455+0000] {logging_mixin.py:188} WARNING - 2026-06-22 09:01:34 [INFO] tif outdated (tif=9 < nc=10), removing: /opt/***/era5/ecmwf/data/tif/2026/06/17/u10_20260617.tif
[2026-06-22T09:01:34.455+0000] {era5_functions.py:261} INFO - tif outdated (tif=9 < nc=10), removing: /opt/***/era5/ecmwf/data/tif/2026/06/17/u10_20260617.tif
[2026-06-22T09:01:34.590+0000] {logging_mixin.py:188} WARNING - 2026-06-22 09:01:34 [INFO] tif ok (bands=10): /opt/***/era5/ecmwf/data/tif/2026/06/17/u10_20260617.tif
[2026-06-22T09:01:34.590+0000] {era5_functions.py:304} INFO - tif ok (bands=10): /opt/***/era5/ecmwf/data/tif/2026/06/17/u10_20260617.tif
[2026-06-22T09:01:34.625+0000] {logging_mixin.py:188} WARNING - 2026-06-22 09:01:34 [INFO] tif outdated (tif=9 < nc=10), removing: /opt/***/era5/ecmwf/data/tif/2026/06/17/v10_20260617.tif
[2026-06-22T09:01:34.625+0000] {era5_functions.py:261} INFO - tif outdated (tif=9 < nc=10), removing: /opt/***/era5/ecmwf/data/tif/2026/06/17/v10_20260617.tif
[2026-06-22T09:01:34.785+0000] {logging_mixin.py:188} WARNING - 2026-06-22 09:01:34 [INFO] tif ok (bands=10): /opt/***/era5/ecmwf/data/tif/2026/06/17/v10_20260617.tif
[2026-06-22T09:01:34.784+0000] {era5_functions.py:304} INFO - tif ok (bands=10): /opt/***/era5/ecmwf/data/tif/2026/06/17/v10_20260617.tif
[2026-06-22T09:01:34.791+0000] {logging_mixin.py:188} WARNING - 2026-06-22 09:01:34 [INFO] === END job=instant date=2026-06-22 ===
[2026-06-22T09:01:34.791+0000] {era5_functions.py:379} INFO - === END job=instant date=2026-06-22 ===
[2026-06-22T09:01:34.794+0000] {python.py:237} INFO - Done. Returned value was: None
[2026-06-22T09:01:34.794+0000] {taskinstance.py:441} INFO - ::group::Post task execution logs
[2026-06-22T09:01:34.819+0000] {taskinstance.py:1206} INFO - Marking task as SUCCESS. dag_id=era5_download_pipeline, task_id=era5_instant, run_id=scheduled__2026-06-22T08:00:00+00:00, execution_date=20260622T080000, start_date=20260622T090003, end_date=20260622T090134
[2026-06-22T09:01:34.894+0000] {local_task_job_runner.py:240} INFO - Task exited with return code 0
[2026-06-22T09:01:34.924+0000] {taskinstance.py:3498} INFO - 1 downstream tasks scheduled from follow-on schedule check
[2026-06-22T09:01:34.929+0000] {local_task_job_runner.py:222} INFO - ::endgroup::
