[2026-07-22T01:00:02.436+0000] {local_task_job_runner.py:120} INFO - ::group::Pre task execution logs
[2026-07-22T01:00:02.459+0000] {taskinstance.py:2076} INFO - Dependencies all met for dep_context=non-requeueable deps ti=<TaskInstance: era5_download_pipeline.era5_instant scheduled__2026-07-22T00:00:00+00:00 [queued]>
[2026-07-22T01:00:02.468+0000] {taskinstance.py:2076} INFO - Dependencies all met for dep_context=requeueable deps ti=<TaskInstance: era5_download_pipeline.era5_instant scheduled__2026-07-22T00:00:00+00:00 [queued]>
[2026-07-22T01:00:02.470+0000] {taskinstance.py:2306} INFO - Starting attempt 1 of 1
[2026-07-22T01:00:02.486+0000] {taskinstance.py:2330} INFO - Executing <Task(PythonOperator): era5_instant> on 2026-07-22 00:00:00+00:00
[2026-07-22T01:00:02.497+0000] {warnings.py:110} WARNING - /home/***/.local/lib/python3.12/site-packages/***/task/task_runner/standard_task_runner.py:61: DeprecationWarning: This process (pid=30949) is multi-threaded, use of fork() may lead to deadlocks in the child.
  pid = os.fork()

[2026-07-22T01:00:02.500+0000] {standard_task_runner.py:63} INFO - Started process 30951 to run task
[2026-07-22T01:00:02.501+0000] {standard_task_runner.py:90} INFO - Running: ['***', 'tasks', 'run', 'era5_download_pipeline', 'era5_instant', 'scheduled__2026-07-22T00:00:00+00:00', '--job-id', '2523', '--raw', '--subdir', 'DAGS_FOLDER/era5_dag.py', '--cfg-path', '/tmp/tmpjrvyaw7y']
[2026-07-22T01:00:02.505+0000] {standard_task_runner.py:91} INFO - Job 2523: Subtask era5_instant
[2026-07-22T01:00:02.596+0000] {task_command.py:426} INFO - Running <TaskInstance: era5_download_pipeline.era5_instant scheduled__2026-07-22T00:00:00+00:00 [running]> on host e2e0d31e4327
[2026-07-22T01:00:02.720+0000] {taskinstance.py:2648} INFO - Exporting env vars: AIRFLOW_CTX_DAG_OWNER='era5' AIRFLOW_CTX_DAG_ID='era5_download_pipeline' AIRFLOW_CTX_TASK_ID='era5_instant' AIRFLOW_CTX_EXECUTION_DATE='2026-07-22T00:00:00+00:00' AIRFLOW_CTX_TRY_NUMBER='1' AIRFLOW_CTX_DAG_RUN_ID='scheduled__2026-07-22T00:00:00+00:00'
[2026-07-22T01:00:02.722+0000] {taskinstance.py:430} INFO - ::endgroup::
[2026-07-22T01:00:03.768+0000] {logging_mixin.py:188} WARNING - 2026-07-22 01:00:03 [INFO] === START ERA5 SYNC job=instant ===
[2026-07-22T01:00:03.768+0000] {era5_functions.py:307} INFO - === START ERA5 SYNC job=instant ===
[2026-07-22T01:00:03.772+0000] {logging_mixin.py:188} WARNING - 2026-07-22 01:00:03 [INFO] --- SYNC instant 20260722 ---
[2026-07-22T01:00:03.772+0000] {era5_functions.py:124} INFO - --- SYNC instant 20260722 ---
[2026-07-22T01:00:03.775+0000] {logging_mixin.py:188} WARNING - 2026-07-22 01:00:03 [INFO] CDS download 2026-07-22 attempt 1/3
[2026-07-22T01:00:03.775+0000] {era5_functions.py:78} INFO - CDS download 2026-07-22 attempt 1/3
[2026-07-22T01:00:04.825+0000] {logging_mixin.py:188} WARNING - 2026-07-22 01:00:04 [INFO] CDS data not available yet: 2026-07-22
[2026-07-22T01:00:04.825+0000] {era5_functions.py:98} INFO - CDS data not available yet: 2026-07-22
[2026-07-22T01:00:04.829+0000] {logging_mixin.py:188} WARNING - 2026-07-22 01:00:04 [INFO] --- SYNC instant 20260721 ---
[2026-07-22T01:00:04.828+0000] {era5_functions.py:124} INFO - --- SYNC instant 20260721 ---
[2026-07-22T01:00:04.831+0000] {logging_mixin.py:188} WARNING - 2026-07-22 01:00:04 [INFO] CDS download 2026-07-21 attempt 1/3
[2026-07-22T01:00:04.831+0000] {era5_functions.py:78} INFO - CDS download 2026-07-21 attempt 1/3
[2026-07-22T01:00:09.245+0000] {logging_mixin.py:188} WARNING - 2026-07-22 01:00:09 [INFO] CDS data not available yet: 2026-07-21
[2026-07-22T01:00:09.245+0000] {era5_functions.py:98} INFO - CDS data not available yet: 2026-07-21
[2026-07-22T01:00:09.248+0000] {logging_mixin.py:188} WARNING - 2026-07-22 01:00:09 [INFO] --- SYNC instant 20260720 ---
[2026-07-22T01:00:09.248+0000] {era5_functions.py:124} INFO - --- SYNC instant 20260720 ---
[2026-07-22T01:00:09.250+0000] {logging_mixin.py:188} WARNING - 2026-07-22 01:00:09 [INFO] CDS download 2026-07-20 attempt 1/3
[2026-07-22T01:00:09.250+0000] {era5_functions.py:78} INFO - CDS download 2026-07-20 attempt 1/3
[2026-07-22T01:00:10.168+0000] {logging_mixin.py:188} WARNING - 2026-07-22 01:00:10 [INFO] CDS data not available yet: 2026-07-20
[2026-07-22T01:00:10.168+0000] {era5_functions.py:98} INFO - CDS data not available yet: 2026-07-20
[2026-07-22T01:00:10.172+0000] {logging_mixin.py:188} WARNING - 2026-07-22 01:00:10 [INFO] --- SYNC instant 20260719 ---
[2026-07-22T01:00:10.171+0000] {era5_functions.py:124} INFO - --- SYNC instant 20260719 ---
[2026-07-22T01:00:10.174+0000] {logging_mixin.py:188} WARNING - 2026-07-22 01:00:10 [INFO] CDS download 2026-07-19 attempt 1/3
[2026-07-22T01:00:10.174+0000] {era5_functions.py:78} INFO - CDS download 2026-07-19 attempt 1/3
[2026-07-22T01:00:12.937+0000] {logging_mixin.py:188} WARNING - 2026-07-22 01:00:12 [INFO] CDS data not available yet: 2026-07-19
[2026-07-22T01:00:12.937+0000] {era5_functions.py:98} INFO - CDS data not available yet: 2026-07-19
[2026-07-22T01:00:12.943+0000] {logging_mixin.py:188} WARNING - 2026-07-22 01:00:12 [INFO] --- SYNC instant 20260718 ---
[2026-07-22T01:00:12.943+0000] {era5_functions.py:124} INFO - --- SYNC instant 20260718 ---
[2026-07-22T01:00:12.948+0000] {logging_mixin.py:188} WARNING - 2026-07-22 01:00:12 [INFO] CDS download 2026-07-18 attempt 1/3
[2026-07-22T01:00:12.947+0000] {era5_functions.py:78} INFO - CDS download 2026-07-18 attempt 1/3
[2026-07-22T01:00:14.121+0000] {logging_mixin.py:188} WARNING - 2026-07-22 01:00:14 [INFO] CDS data not available yet: 2026-07-18
[2026-07-22T01:00:14.121+0000] {era5_functions.py:98} INFO - CDS data not available yet: 2026-07-18
[2026-07-22T01:00:14.125+0000] {logging_mixin.py:188} WARNING - 2026-07-22 01:00:14 [INFO] --- SYNC instant 20260717 ---
[2026-07-22T01:00:14.125+0000] {era5_functions.py:124} INFO - --- SYNC instant 20260717 ---
[2026-07-22T01:00:14.127+0000] {logging_mixin.py:188} WARNING - 2026-07-22 01:00:14 [INFO] CDS download 2026-07-17 attempt 1/3
[2026-07-22T01:00:14.127+0000] {era5_functions.py:78} INFO - CDS download 2026-07-17 attempt 1/3
[2026-07-22T01:00:15.090+0000] {logging_mixin.py:188} WARNING - 2026-07-22 01:00:15,089 INFO Request ID is d4367198-0e07-498b-8b2e-d11289e91a95
[2026-07-22T01:00:15.089+0000] {legacy_client.py:192} INFO - Request ID is d4367198-0e07-498b-8b2e-d11289e91a95
[2026-07-22T01:00:15.295+0000] {logging_mixin.py:188} WARNING - 2026-07-22 01:00:15,295 INFO status has been updated to accepted
[2026-07-22T01:00:15.295+0000] {legacy_client.py:192} INFO - status has been updated to accepted
[2026-07-22T01:00:32.511+0000] {logging_mixin.py:188} WARNING - 2026-07-22 01:00:32,510 INFO status has been updated to rejected
[2026-07-22T01:00:32.510+0000] {legacy_client.py:192} INFO - status has been updated to rejected
[2026-07-22T01:00:32.926+0000] {logging_mixin.py:188} WARNING - 2026-07-22 01:00:32 [WARNING] CDS download failed: 400 Client Error: Bad Request for url: https://cds.climate.copernicus.eu/api/retrieve/v1/jobs/d4367198-0e07-498b-8b2e-d11289e91a95/results
The job has been rejected
Number queued requests for this dataset is temporarily limited. Please configure your scripts accordingly
[2026-07-22T01:00:32.926+0000] {era5_functions.py:104} WARNING - CDS download failed: 400 Client Error: Bad Request for url: https://cds.climate.copernicus.eu/api/retrieve/v1/jobs/d4367198-0e07-498b-8b2e-d11289e91a95/results
The job has been rejected
Number queued requests for this dataset is temporarily limited. Please configure your scripts accordingly 
[2026-07-22T01:01:32.929+0000] {logging_mixin.py:188} WARNING - 2026-07-22 01:01:32 [INFO] CDS download 2026-07-17 attempt 2/3
[2026-07-22T01:01:32.927+0000] {era5_functions.py:78} INFO - CDS download 2026-07-17 attempt 2/3
[2026-07-22T01:01:34.929+0000] {logging_mixin.py:188} WARNING - 2026-07-22 01:01:34,929 INFO Request ID is 07437f51-92a7-46dc-a051-34a718c9ac67
[2026-07-22T01:01:34.929+0000] {legacy_client.py:192} INFO - Request ID is 07437f51-92a7-46dc-a051-34a718c9ac67
[2026-07-22T01:01:35.144+0000] {logging_mixin.py:188} WARNING - 2026-07-22 01:01:35,144 INFO status has been updated to accepted
[2026-07-22T01:01:35.144+0000] {legacy_client.py:192} INFO - status has been updated to accepted
[2026-07-22T01:01:50.594+0000] {logging_mixin.py:188} WARNING - 2026-07-22 01:01:50,594 INFO status has been updated to rejected
[2026-07-22T01:01:50.594+0000] {legacy_client.py:192} INFO - status has been updated to rejected
[2026-07-22T01:01:55.205+0000] {logging_mixin.py:188} WARNING - 2026-07-22 01:01:55 [WARNING] CDS download failed: 400 Client Error: Bad Request for url: https://cds.climate.copernicus.eu/api/retrieve/v1/jobs/07437f51-92a7-46dc-a051-34a718c9ac67/results
The job has been rejected
Number queued requests for this dataset is temporarily limited. Please configure your scripts accordingly
[2026-07-22T01:01:55.204+0000] {era5_functions.py:104} WARNING - CDS download failed: 400 Client Error: Bad Request for url: https://cds.climate.copernicus.eu/api/retrieve/v1/jobs/07437f51-92a7-46dc-a051-34a718c9ac67/results
The job has been rejected
Number queued requests for this dataset is temporarily limited. Please configure your scripts accordingly 
[2026-07-22T01:02:55.204+0000] {logging_mixin.py:188} WARNING - 2026-07-22 01:02:55 [INFO] CDS download 2026-07-17 attempt 3/3
[2026-07-22T01:02:55.203+0000] {era5_functions.py:78} INFO - CDS download 2026-07-17 attempt 3/3
[2026-07-22T01:02:56.753+0000] {logging_mixin.py:188} WARNING - 2026-07-22 01:02:56,752 INFO Request ID is fcfd3a04-8056-4510-8fb7-1714fd3ec238
[2026-07-22T01:02:56.752+0000] {legacy_client.py:192} INFO - Request ID is fcfd3a04-8056-4510-8fb7-1714fd3ec238
[2026-07-22T01:02:56.969+0000] {logging_mixin.py:188} WARNING - 2026-07-22 01:02:56,969 INFO status has been updated to accepted
[2026-07-22T01:02:56.969+0000] {legacy_client.py:192} INFO - status has been updated to accepted
[2026-07-22T01:03:11.214+0000] {logging_mixin.py:188} WARNING - 2026-07-22 01:03:11,214 INFO status has been updated to rejected
[2026-07-22T01:03:11.214+0000] {legacy_client.py:192} INFO - status has been updated to rejected
[2026-07-22T01:03:11.769+0000] {logging_mixin.py:188} WARNING - 2026-07-22 01:03:11 [WARNING] CDS download failed: 400 Client Error: Bad Request for url: https://cds.climate.copernicus.eu/api/retrieve/v1/jobs/fcfd3a04-8056-4510-8fb7-1714fd3ec238/results
The job has been rejected
Number queued requests for this dataset is temporarily limited. Please configure your scripts accordingly
[2026-07-22T01:03:11.768+0000] {era5_functions.py:104} WARNING - CDS download failed: 400 Client Error: Bad Request for url: https://cds.climate.copernicus.eu/api/retrieve/v1/jobs/fcfd3a04-8056-4510-8fb7-1714fd3ec238/results
The job has been rejected
Number queued requests for this dataset is temporarily limited. Please configure your scripts accordingly 
[2026-07-22T01:03:11.774+0000] {logging_mixin.py:188} WARNING - 2026-07-22 01:03:11 [INFO] === END ERA5 SYNC job=instant ===
[2026-07-22T01:03:11.774+0000] {era5_functions.py:313} INFO - === END ERA5 SYNC job=instant ===
[2026-07-22T01:03:11.778+0000] {python.py:237} INFO - Done. Returned value was: None
[2026-07-22T01:03:11.787+0000] {taskinstance.py:441} INFO - ::group::Post task execution logs
[2026-07-22T01:03:11.827+0000] {taskinstance.py:1206} INFO - Marking task as SUCCESS. dag_id=era5_download_pipeline, task_id=era5_instant, run_id=scheduled__2026-07-22T00:00:00+00:00, execution_date=20260722T000000, start_date=20260722T010002, end_date=20260722T010311
[2026-07-22T01:03:11.909+0000] {local_task_job_runner.py:240} INFO - Task exited with return code 0
[2026-07-22T01:03:11.948+0000] {taskinstance.py:3498} INFO - 1 downstream tasks scheduled from follow-on schedule check
[2026-07-22T01:03:11.954+0000] {local_task_job_runner.py:222} INFO - ::endgroup::
