[2026-07-20T04:24:11.443+0000] {local_task_job_runner.py:120} INFO - ::group::Pre task execution logs
[2026-07-20T04:24:11.469+0000] {taskinstance.py:2076} INFO - Dependencies all met for dep_context=non-requeueable deps ti=<TaskInstance: era5_download_pipeline.era5_instant scheduled__2026-07-20T03:00:00+00:00 [queued]>
[2026-07-20T04:24:11.478+0000] {taskinstance.py:2076} INFO - Dependencies all met for dep_context=requeueable deps ti=<TaskInstance: era5_download_pipeline.era5_instant scheduled__2026-07-20T03:00:00+00:00 [queued]>
[2026-07-20T04:24:11.479+0000] {taskinstance.py:2306} INFO - Starting attempt 1 of 1
[2026-07-20T04:24:11.495+0000] {taskinstance.py:2330} INFO - Executing <Task(PythonOperator): era5_instant> on 2026-07-20 03:00:00+00:00
[2026-07-20T04:24:11.508+0000] {warnings.py:110} WARNING - /home/***/.local/lib/python3.12/site-packages/***/task/task_runner/standard_task_runner.py:61: DeprecationWarning: This process (pid=56074) is multi-threaded, use of fork() may lead to deadlocks in the child.
  pid = os.fork()

[2026-07-20T04:24:11.511+0000] {standard_task_runner.py:63} INFO - Started process 56076 to run task
[2026-07-20T04:24:11.510+0000] {standard_task_runner.py:90} INFO - Running: ['***', 'tasks', 'run', 'era5_download_pipeline', 'era5_instant', 'scheduled__2026-07-20T03:00:00+00:00', '--job-id', '2427', '--raw', '--subdir', 'DAGS_FOLDER/era5_dag.py', '--cfg-path', '/tmp/tmpcuxfspia']
[2026-07-20T04:24:11.515+0000] {standard_task_runner.py:91} INFO - Job 2427: Subtask era5_instant
[2026-07-20T04:24:11.612+0000] {task_command.py:426} INFO - Running <TaskInstance: era5_download_pipeline.era5_instant scheduled__2026-07-20T03:00:00+00:00 [running]> on host 01cd476fb21a
[2026-07-20T04:24:11.762+0000] {taskinstance.py:2648} INFO - Exporting env vars: AIRFLOW_CTX_DAG_OWNER='era5' AIRFLOW_CTX_DAG_ID='era5_download_pipeline' AIRFLOW_CTX_TASK_ID='era5_instant' AIRFLOW_CTX_EXECUTION_DATE='2026-07-20T03:00:00+00:00' AIRFLOW_CTX_TRY_NUMBER='1' AIRFLOW_CTX_DAG_RUN_ID='scheduled__2026-07-20T03:00:00+00:00'
[2026-07-20T04:24:11.765+0000] {taskinstance.py:430} INFO - ::endgroup::
[2026-07-20T04:24:12.852+0000] {logging_mixin.py:188} WARNING - 2026-07-20 04:24:12 [INFO] === START ERA5 SYNC job=instant ===
[2026-07-20T04:24:12.852+0000] {era5_functions.py:531} INFO - === START ERA5 SYNC job=instant ===
[2026-07-20T04:24:12.856+0000] {logging_mixin.py:188} WARNING - 2026-07-20 04:24:12 [INFO] --- SYNC instant 20260720 ---
[2026-07-20T04:24:12.856+0000] {era5_functions.py:169} INFO - --- SYNC instant 20260720 ---
[2026-07-20T04:24:12.860+0000] {logging_mixin.py:188} WARNING - 2026-07-20 04:24:12 [INFO] CDS download 2026-07-20 attempt 1/3
[2026-07-20T04:24:12.860+0000] {era5_functions.py:109} INFO - CDS download 2026-07-20 attempt 1/3
[2026-07-20T04:24:13.546+0000] {logging_mixin.py:188} WARNING - 2026-07-20 04:24:13 [WARNING] CDS download failed: 400 Client Error: Bad Request for url: https://cds.climate.copernicus.eu/api/retrieve/v1/processes/reanalysis-era5-single-levels/execution
invalid request
None of the data you have requested is available yet, please revise the period requested. The latest date available for this dataset is: 2026-07-15 04:00
[2026-07-20T04:24:13.545+0000] {era5_functions.py:142} WARNING - CDS download failed: 400 Client Error: Bad Request for url: https://cds.climate.copernicus.eu/api/retrieve/v1/processes/reanalysis-era5-single-levels/execution
invalid request
None of the data you have requested is available yet, please revise the period requested. The latest date available for this dataset is: 2026-07-15 04:00
[2026-07-20T04:25:13.545+0000] {logging_mixin.py:188} WARNING - 2026-07-20 04:25:13 [INFO] CDS download 2026-07-20 attempt 2/3
[2026-07-20T04:25:13.544+0000] {era5_functions.py:109} INFO - CDS download 2026-07-20 attempt 2/3
[2026-07-20T04:25:14.957+0000] {logging_mixin.py:188} WARNING - 2026-07-20 04:25:14 [WARNING] CDS download failed: 400 Client Error: Bad Request for url: https://cds.climate.copernicus.eu/api/retrieve/v1/processes/reanalysis-era5-single-levels/execution
invalid request
None of the data you have requested is available yet, please revise the period requested. The latest date available for this dataset is: 2026-07-15 04:00
[2026-07-20T04:25:14.956+0000] {era5_functions.py:142} WARNING - CDS download failed: 400 Client Error: Bad Request for url: https://cds.climate.copernicus.eu/api/retrieve/v1/processes/reanalysis-era5-single-levels/execution
invalid request
None of the data you have requested is available yet, please revise the period requested. The latest date available for this dataset is: 2026-07-15 04:00
[2026-07-20T04:26:14.958+0000] {logging_mixin.py:188} WARNING - 2026-07-20 04:26:14 [INFO] CDS download 2026-07-20 attempt 3/3
[2026-07-20T04:26:14.958+0000] {era5_functions.py:109} INFO - CDS download 2026-07-20 attempt 3/3
[2026-07-20T04:26:16.410+0000] {logging_mixin.py:188} WARNING - 2026-07-20 04:26:16 [WARNING] CDS download failed: 400 Client Error: Bad Request for url: https://cds.climate.copernicus.eu/api/retrieve/v1/processes/reanalysis-era5-single-levels/execution
invalid request
None of the data you have requested is available yet, please revise the period requested. The latest date available for this dataset is: 2026-07-15 04:00
[2026-07-20T04:26:16.410+0000] {era5_functions.py:142} WARNING - CDS download failed: 400 Client Error: Bad Request for url: https://cds.climate.copernicus.eu/api/retrieve/v1/processes/reanalysis-era5-single-levels/execution
invalid request
None of the data you have requested is available yet, please revise the period requested. The latest date available for this dataset is: 2026-07-15 04:00
[2026-07-20T04:26:16.416+0000] {logging_mixin.py:188} WARNING - 2026-07-20 04:26:16 [INFO] --- SYNC instant 20260719 ---
[2026-07-20T04:26:16.415+0000] {era5_functions.py:169} INFO - --- SYNC instant 20260719 ---
[2026-07-20T04:26:16.420+0000] {logging_mixin.py:188} WARNING - 2026-07-20 04:26:16 [INFO] CDS download 2026-07-19 attempt 1/3
[2026-07-20T04:26:16.420+0000] {era5_functions.py:109} INFO - CDS download 2026-07-19 attempt 1/3
[2026-07-20T04:26:17.057+0000] {logging_mixin.py:188} WARNING - 2026-07-20 04:26:17 [WARNING] CDS download failed: 400 Client Error: Bad Request for url: https://cds.climate.copernicus.eu/api/retrieve/v1/processes/reanalysis-era5-single-levels/execution
invalid request
None of the data you have requested is available yet, please revise the period requested. The latest date available for this dataset is: 2026-07-15 04:00
[2026-07-20T04:26:17.057+0000] {era5_functions.py:142} WARNING - CDS download failed: 400 Client Error: Bad Request for url: https://cds.climate.copernicus.eu/api/retrieve/v1/processes/reanalysis-era5-single-levels/execution
invalid request
None of the data you have requested is available yet, please revise the period requested. The latest date available for this dataset is: 2026-07-15 04:00
[2026-07-20T04:27:17.058+0000] {logging_mixin.py:188} WARNING - 2026-07-20 04:27:17 [INFO] CDS download 2026-07-19 attempt 2/3
[2026-07-20T04:27:17.057+0000] {era5_functions.py:109} INFO - CDS download 2026-07-19 attempt 2/3
[2026-07-20T04:27:18.424+0000] {logging_mixin.py:188} WARNING - 2026-07-20 04:27:18 [WARNING] CDS download failed: 400 Client Error: Bad Request for url: https://cds.climate.copernicus.eu/api/retrieve/v1/processes/reanalysis-era5-single-levels/execution
invalid request
None of the data you have requested is available yet, please revise the period requested. The latest date available for this dataset is: 2026-07-15 04:00
[2026-07-20T04:27:18.424+0000] {era5_functions.py:142} WARNING - CDS download failed: 400 Client Error: Bad Request for url: https://cds.climate.copernicus.eu/api/retrieve/v1/processes/reanalysis-era5-single-levels/execution
invalid request
None of the data you have requested is available yet, please revise the period requested. The latest date available for this dataset is: 2026-07-15 04:00
[2026-07-20T04:28:18.425+0000] {logging_mixin.py:188} WARNING - 2026-07-20 04:28:18 [INFO] CDS download 2026-07-19 attempt 3/3
[2026-07-20T04:28:18.425+0000] {era5_functions.py:109} INFO - CDS download 2026-07-19 attempt 3/3
[2026-07-20T04:28:19.818+0000] {logging_mixin.py:188} WARNING - 2026-07-20 04:28:19 [WARNING] CDS download failed: 400 Client Error: Bad Request for url: https://cds.climate.copernicus.eu/api/retrieve/v1/processes/reanalysis-era5-single-levels/execution
invalid request
None of the data you have requested is available yet, please revise the period requested. The latest date available for this dataset is: 2026-07-15 04:00
[2026-07-20T04:28:19.818+0000] {era5_functions.py:142} WARNING - CDS download failed: 400 Client Error: Bad Request for url: https://cds.climate.copernicus.eu/api/retrieve/v1/processes/reanalysis-era5-single-levels/execution
invalid request
None of the data you have requested is available yet, please revise the period requested. The latest date available for this dataset is: 2026-07-15 04:00
[2026-07-20T04:28:19.824+0000] {logging_mixin.py:188} WARNING - 2026-07-20 04:28:19 [INFO] --- SYNC instant 20260718 ---
[2026-07-20T04:28:19.824+0000] {era5_functions.py:169} INFO - --- SYNC instant 20260718 ---
[2026-07-20T04:28:19.829+0000] {logging_mixin.py:188} WARNING - 2026-07-20 04:28:19 [INFO] CDS download 2026-07-18 attempt 1/3
[2026-07-20T04:28:19.829+0000] {era5_functions.py:109} INFO - CDS download 2026-07-18 attempt 1/3
[2026-07-20T04:28:20.410+0000] {logging_mixin.py:188} WARNING - 2026-07-20 04:28:20 [WARNING] CDS download failed: 400 Client Error: Bad Request for url: https://cds.climate.copernicus.eu/api/retrieve/v1/processes/reanalysis-era5-single-levels/execution
invalid request
None of the data you have requested is available yet, please revise the period requested. The latest date available for this dataset is: 2026-07-15 04:00
[2026-07-20T04:28:20.410+0000] {era5_functions.py:142} WARNING - CDS download failed: 400 Client Error: Bad Request for url: https://cds.climate.copernicus.eu/api/retrieve/v1/processes/reanalysis-era5-single-levels/execution
invalid request
None of the data you have requested is available yet, please revise the period requested. The latest date available for this dataset is: 2026-07-15 04:00
[2026-07-20T04:29:20.408+0000] {logging_mixin.py:188} WARNING - 2026-07-20 04:29:20 [INFO] CDS download 2026-07-18 attempt 2/3
[2026-07-20T04:29:20.408+0000] {era5_functions.py:109} INFO - CDS download 2026-07-18 attempt 2/3
[2026-07-20T04:29:22.109+0000] {logging_mixin.py:188} WARNING - 2026-07-20 04:29:22 [WARNING] CDS download failed: 400 Client Error: Bad Request for url: https://cds.climate.copernicus.eu/api/retrieve/v1/processes/reanalysis-era5-single-levels/execution
invalid request
None of the data you have requested is available yet, please revise the period requested. The latest date available for this dataset is: 2026-07-15 04:00
[2026-07-20T04:29:22.108+0000] {era5_functions.py:142} WARNING - CDS download failed: 400 Client Error: Bad Request for url: https://cds.climate.copernicus.eu/api/retrieve/v1/processes/reanalysis-era5-single-levels/execution
invalid request
None of the data you have requested is available yet, please revise the period requested. The latest date available for this dataset is: 2026-07-15 04:00
[2026-07-20T04:30:22.108+0000] {logging_mixin.py:188} WARNING - 2026-07-20 04:30:22 [INFO] CDS download 2026-07-18 attempt 3/3
[2026-07-20T04:30:22.108+0000] {era5_functions.py:109} INFO - CDS download 2026-07-18 attempt 3/3
[2026-07-20T04:30:23.469+0000] {logging_mixin.py:188} WARNING - 2026-07-20 04:30:23 [WARNING] CDS download failed: 400 Client Error: Bad Request for url: https://cds.climate.copernicus.eu/api/retrieve/v1/processes/reanalysis-era5-single-levels/execution
invalid request
None of the data you have requested is available yet, please revise the period requested. The latest date available for this dataset is: 2026-07-15 04:00
[2026-07-20T04:30:23.468+0000] {era5_functions.py:142} WARNING - CDS download failed: 400 Client Error: Bad Request for url: https://cds.climate.copernicus.eu/api/retrieve/v1/processes/reanalysis-era5-single-levels/execution
invalid request
None of the data you have requested is available yet, please revise the period requested. The latest date available for this dataset is: 2026-07-15 04:00
[2026-07-20T04:30:23.474+0000] {logging_mixin.py:188} WARNING - 2026-07-20 04:30:23 [INFO] --- SYNC instant 20260717 ---
[2026-07-20T04:30:23.474+0000] {era5_functions.py:169} INFO - --- SYNC instant 20260717 ---
[2026-07-20T04:30:23.478+0000] {logging_mixin.py:188} WARNING - 2026-07-20 04:30:23 [INFO] CDS download 2026-07-17 attempt 1/3
[2026-07-20T04:30:23.478+0000] {era5_functions.py:109} INFO - CDS download 2026-07-17 attempt 1/3
[2026-07-20T04:30:24.160+0000] {logging_mixin.py:188} WARNING - 2026-07-20 04:30:24 [WARNING] CDS download failed: 400 Client Error: Bad Request for url: https://cds.climate.copernicus.eu/api/retrieve/v1/processes/reanalysis-era5-single-levels/execution
invalid request
None of the data you have requested is available yet, please revise the period requested. The latest date available for this dataset is: 2026-07-15 04:00
[2026-07-20T04:30:24.159+0000] {era5_functions.py:142} WARNING - CDS download failed: 400 Client Error: Bad Request for url: https://cds.climate.copernicus.eu/api/retrieve/v1/processes/reanalysis-era5-single-levels/execution
invalid request
None of the data you have requested is available yet, please revise the period requested. The latest date available for this dataset is: 2026-07-15 04:00
[2026-07-20T04:31:24.160+0000] {logging_mixin.py:188} WARNING - 2026-07-20 04:31:24 [INFO] CDS download 2026-07-17 attempt 2/3
[2026-07-20T04:31:24.160+0000] {era5_functions.py:109} INFO - CDS download 2026-07-17 attempt 2/3
[2026-07-20T04:31:26.103+0000] {logging_mixin.py:188} WARNING - 2026-07-20 04:31:26 [WARNING] CDS download failed: 400 Client Error: Bad Request for url: https://cds.climate.copernicus.eu/api/retrieve/v1/processes/reanalysis-era5-single-levels/execution
invalid request
None of the data you have requested is available yet, please revise the period requested. The latest date available for this dataset is: 2026-07-15 04:00
[2026-07-20T04:31:26.103+0000] {era5_functions.py:142} WARNING - CDS download failed: 400 Client Error: Bad Request for url: https://cds.climate.copernicus.eu/api/retrieve/v1/processes/reanalysis-era5-single-levels/execution
invalid request
None of the data you have requested is available yet, please revise the period requested. The latest date available for this dataset is: 2026-07-15 04:00
