[2026-05-29T15:03:11.783+0000] {local_task_job_runner.py:120} INFO - ::group::Pre task execution logs
[2026-05-29T15:03:11.815+0000] {taskinstance.py:2076} INFO - Dependencies all met for dep_context=non-requeueable deps ti=<TaskInstance: era5_download_pipeline.era5_accum scheduled__2026-05-29T14:00:00+00:00 [queued]>
[2026-05-29T15:03:11.824+0000] {taskinstance.py:2076} INFO - Dependencies all met for dep_context=requeueable deps ti=<TaskInstance: era5_download_pipeline.era5_accum scheduled__2026-05-29T14:00:00+00:00 [queued]>
[2026-05-29T15:03:11.826+0000] {taskinstance.py:2306} INFO - Starting attempt 1 of 1
[2026-05-29T15:03:11.841+0000] {taskinstance.py:2330} INFO - Executing <Task(PythonOperator): era5_accum> on 2026-05-29 14:00:00+00:00
[2026-05-29T15:03:11.852+0000] {warnings.py:110} WARNING - /home/***/.local/lib/python3.12/site-packages/***/task/task_runner/standard_task_runner.py:61: DeprecationWarning: This process (pid=5206) is multi-threaded, use of fork() may lead to deadlocks in the child.
  pid = os.fork()

[2026-05-29T15:03:11.854+0000] {standard_task_runner.py:63} INFO - Started process 5208 to run task
[2026-05-29T15:03:11.855+0000] {standard_task_runner.py:90} INFO - Running: ['***', 'tasks', 'run', 'era5_download_pipeline', 'era5_accum', 'scheduled__2026-05-29T14:00:00+00:00', '--job-id', '681', '--raw', '--subdir', 'DAGS_FOLDER/era5_dag.py', '--cfg-path', '/tmp/tmppe22rxnv']
[2026-05-29T15:03:11.859+0000] {standard_task_runner.py:91} INFO - Job 681: Subtask era5_accum
[2026-05-29T15:03:11.927+0000] {task_command.py:426} INFO - Running <TaskInstance: era5_download_pipeline.era5_accum scheduled__2026-05-29T14:00:00+00:00 [running]> on host d5b50bc7c6a5
[2026-05-29T15:03:12.049+0000] {taskinstance.py:2648} INFO - Exporting env vars: AIRFLOW_CTX_DAG_OWNER='era5' AIRFLOW_CTX_DAG_ID='era5_download_pipeline' AIRFLOW_CTX_TASK_ID='era5_accum' AIRFLOW_CTX_EXECUTION_DATE='2026-05-29T14:00:00+00:00' AIRFLOW_CTX_TRY_NUMBER='1' AIRFLOW_CTX_DAG_RUN_ID='scheduled__2026-05-29T14:00:00+00:00'
[2026-05-29T15:03:12.051+0000] {taskinstance.py:430} INFO - ::endgroup::
[2026-05-29T15:03:13.133+0000] {logging_mixin.py:188} WARNING - 2026-05-29 15:03:13 [INFO] === START job=accum date=2026-05-29 ===
[2026-05-29T15:03:13.132+0000] {era5_functions.py:368} INFO - === START job=accum date=2026-05-29 ===
[2026-05-29T15:03:13.137+0000] {logging_mixin.py:188} WARNING - 2026-05-29 15:03:13 [INFO] --- job=accum date=20260529 ---
[2026-05-29T15:03:13.136+0000] {era5_functions.py:330} INFO - --- job=accum date=20260529 ---
[2026-05-29T15:03:14.469+0000] {logging_mixin.py:188} WARNING - 2026-05-29 15:03:14 [WARNING] get_cds_count failed: 400 Client Error: Bad Request for url: https://cds.climate.copernicus.eu/api/retrieve/v1/processes/reanalysis-era5-single-levels/execution
invalid request
None of the data you have requested is available yet, please revise the period requested. The latest date available for this dataset is: 2026-05-24 15:00
[2026-05-29T15:03:14.469+0000] {era5_functions.py:131} WARNING - get_cds_count failed: 400 Client Error: Bad Request for url: https://cds.climate.copernicus.eu/api/retrieve/v1/processes/reanalysis-era5-single-levels/execution
invalid request
None of the data you have requested is available yet, please revise the period requested. The latest date available for this dataset is: 2026-05-24 15:00
[2026-05-29T15:03:14.475+0000] {logging_mixin.py:188} WARNING - 2026-05-29 15:03:14 [WARNING] CDS ยังไม่มีข้อมูล job=accum date=20260529, skip
[2026-05-29T15:03:14.475+0000] {era5_functions.py:335} WARNING - CDS ยังไม่มีข้อมูล job=accum date=20260529, skip
[2026-05-29T15:03:14.480+0000] {logging_mixin.py:188} WARNING - 2026-05-29 15:03:14 [INFO] --- job=accum date=20260528 ---
[2026-05-29T15:03:14.480+0000] {era5_functions.py:330} INFO - --- job=accum date=20260528 ---
[2026-05-29T15:03:16.923+0000] {logging_mixin.py:188} WARNING - 2026-05-29 15:03:16 [WARNING] get_cds_count failed: 400 Client Error: Bad Request for url: https://cds.climate.copernicus.eu/api/retrieve/v1/processes/reanalysis-era5-single-levels/execution
invalid request
None of the data you have requested is available yet, please revise the period requested. The latest date available for this dataset is: 2026-05-24 15:00
[2026-05-29T15:03:16.922+0000] {era5_functions.py:131} WARNING - get_cds_count failed: 400 Client Error: Bad Request for url: https://cds.climate.copernicus.eu/api/retrieve/v1/processes/reanalysis-era5-single-levels/execution
invalid request
None of the data you have requested is available yet, please revise the period requested. The latest date available for this dataset is: 2026-05-24 15:00
[2026-05-29T15:03:16.927+0000] {logging_mixin.py:188} WARNING - 2026-05-29 15:03:16 [WARNING] CDS ยังไม่มีข้อมูล job=accum date=20260528, skip
[2026-05-29T15:03:16.926+0000] {era5_functions.py:335} WARNING - CDS ยังไม่มีข้อมูล job=accum date=20260528, skip
[2026-05-29T15:03:16.930+0000] {logging_mixin.py:188} WARNING - 2026-05-29 15:03:16 [INFO] --- job=accum date=20260527 ---
[2026-05-29T15:03:16.929+0000] {era5_functions.py:330} INFO - --- job=accum date=20260527 ---
[2026-05-29T15:03:18.206+0000] {logging_mixin.py:188} WARNING - 2026-05-29 15:03:18 [WARNING] get_cds_count failed: 400 Client Error: Bad Request for url: https://cds.climate.copernicus.eu/api/retrieve/v1/processes/reanalysis-era5-single-levels/execution
invalid request
None of the data you have requested is available yet, please revise the period requested. The latest date available for this dataset is: 2026-05-24 15:00
[2026-05-29T15:03:18.206+0000] {era5_functions.py:131} WARNING - get_cds_count failed: 400 Client Error: Bad Request for url: https://cds.climate.copernicus.eu/api/retrieve/v1/processes/reanalysis-era5-single-levels/execution
invalid request
None of the data you have requested is available yet, please revise the period requested. The latest date available for this dataset is: 2026-05-24 15:00
[2026-05-29T15:03:18.209+0000] {logging_mixin.py:188} WARNING - 2026-05-29 15:03:18 [WARNING] CDS ยังไม่มีข้อมูล job=accum date=20260527, skip
[2026-05-29T15:03:18.209+0000] {era5_functions.py:335} WARNING - CDS ยังไม่มีข้อมูล job=accum date=20260527, skip
[2026-05-29T15:03:18.212+0000] {logging_mixin.py:188} WARNING - 2026-05-29 15:03:18 [INFO] --- job=accum date=20260526 ---
[2026-05-29T15:03:18.212+0000] {era5_functions.py:330} INFO - --- job=accum date=20260526 ---
[2026-05-29T15:03:19.423+0000] {logging_mixin.py:188} WARNING - 2026-05-29 15:03:19 [WARNING] get_cds_count failed: 400 Client Error: Bad Request for url: https://cds.climate.copernicus.eu/api/retrieve/v1/processes/reanalysis-era5-single-levels/execution
invalid request
None of the data you have requested is available yet, please revise the period requested. The latest date available for this dataset is: 2026-05-24 15:00
[2026-05-29T15:03:19.423+0000] {era5_functions.py:131} WARNING - get_cds_count failed: 400 Client Error: Bad Request for url: https://cds.climate.copernicus.eu/api/retrieve/v1/processes/reanalysis-era5-single-levels/execution
invalid request
None of the data you have requested is available yet, please revise the period requested. The latest date available for this dataset is: 2026-05-24 15:00
[2026-05-29T15:03:19.426+0000] {logging_mixin.py:188} WARNING - 2026-05-29 15:03:19 [WARNING] CDS ยังไม่มีข้อมูล job=accum date=20260526, skip
[2026-05-29T15:03:19.426+0000] {era5_functions.py:335} WARNING - CDS ยังไม่มีข้อมูล job=accum date=20260526, skip
[2026-05-29T15:03:19.429+0000] {logging_mixin.py:188} WARNING - 2026-05-29 15:03:19 [INFO] --- job=accum date=20260525 ---
[2026-05-29T15:03:19.429+0000] {era5_functions.py:330} INFO - --- job=accum date=20260525 ---
[2026-05-29T15:03:20.692+0000] {logging_mixin.py:188} WARNING - 2026-05-29 15:03:20 [WARNING] get_cds_count failed: 400 Client Error: Bad Request for url: https://cds.climate.copernicus.eu/api/retrieve/v1/processes/reanalysis-era5-single-levels/execution
invalid request
None of the data you have requested is available yet, please revise the period requested. The latest date available for this dataset is: 2026-05-24 15:00
[2026-05-29T15:03:20.692+0000] {era5_functions.py:131} WARNING - get_cds_count failed: 400 Client Error: Bad Request for url: https://cds.climate.copernicus.eu/api/retrieve/v1/processes/reanalysis-era5-single-levels/execution
invalid request
None of the data you have requested is available yet, please revise the period requested. The latest date available for this dataset is: 2026-05-24 15:00
[2026-05-29T15:03:20.697+0000] {logging_mixin.py:188} WARNING - 2026-05-29 15:03:20 [WARNING] CDS ยังไม่มีข้อมูล job=accum date=20260525, skip
[2026-05-29T15:03:20.697+0000] {era5_functions.py:335} WARNING - CDS ยังไม่มีข้อมูล job=accum date=20260525, skip
[2026-05-29T15:03:20.702+0000] {logging_mixin.py:188} WARNING - 2026-05-29 15:03:20 [INFO] --- job=accum date=20260524 ---
[2026-05-29T15:03:20.701+0000] {era5_functions.py:330} INFO - --- job=accum date=20260524 ---
[2026-05-29T15:03:22.506+0000] {logging_mixin.py:188} WARNING - 2026-05-29 15:03:22,505 INFO [2025-12-11T00:00:00] Please note that a dedicated catalogue entry for this dataset, post-processed and stored in Analysis Ready Cloud Optimized (ARCO) format (Zarr), is available for optimised time-series retrievals (i.e. for retrieving data from selected variables for a single point over an extended period of time in an efficient way). You can discover it [here](https://cds.climate.copernicus.eu/datasets/reanalysis-era5-single-levels-timeseries?tab=overview)
[2026-05-29T15:03:22.505+0000] {legacy_client.py:192} INFO - [2025-12-11T00:00:00] Please note that a dedicated catalogue entry for this dataset, post-processed and stored in Analysis Ready Cloud Optimized (ARCO) format (Zarr), is available for optimised time-series retrievals (i.e. for retrieving data from selected variables for a single point over an extended period of time in an efficient way). You can discover it [here](https://cds.climate.copernicus.eu/datasets/reanalysis-era5-single-levels-timeseries?tab=overview)
[2026-05-29T15:03:22.511+0000] {logging_mixin.py:188} WARNING - 2026-05-29 15:03:22,510 INFO Request ID is 3e1bd8ec-9652-461f-883c-44fb0d46feb8
[2026-05-29T15:03:22.510+0000] {legacy_client.py:192} INFO - Request ID is 3e1bd8ec-9652-461f-883c-44fb0d46feb8
[2026-05-29T15:03:22.741+0000] {logging_mixin.py:188} WARNING - 2026-05-29 15:03:22,741 INFO status has been updated to accepted
[2026-05-29T15:03:22.741+0000] {legacy_client.py:192} INFO - status has been updated to accepted
[2026-05-29T15:03:45.055+0000] {logging_mixin.py:188} WARNING - 2026-05-29 15:03:45,055 INFO status has been updated to successful
[2026-05-29T15:03:45.055+0000] {legacy_client.py:192} INFO - status has been updated to successful
[2026-05-29T15:03:45.496+0000] {base.py:119} INFO - Downloading https://object-store.os-api.cci2.ecmwf.int:443/cci2-prod-cache-2/2026-05-29/a6a2c56decc0ce1ca64fa537b66dc7f1.nc
[2026-05-29T15:03:46.191+0000] {logging_mixin.py:188} WARNING - a6a2c56decc0ce1ca64fa537b66dc7f1.nc:   0%|          | 0.00/221k [00:00<?, ?B/s]
[2026-05-29T15:03:47.595+0000] {logging_mixin.py:188} WARNING - a6a2c56decc0ce1ca64fa537b66dc7f1.nc: 100%|##########| 221k/221k [00:01<00:00, 161kB/s]
[2026-05-29T15:03:47.601+0000] {logging_mixin.py:188} WARNING -                                                                                       
[2026-05-29T15:03:47.898+0000] {logging_mixin.py:188} WARNING - 2026-05-29 15:03:47 [INFO] CDS timestep available: 16
[2026-05-29T15:03:47.898+0000] {era5_functions.py:128} INFO - CDS timestep available: 16
[2026-05-29T15:03:47.974+0000] {logging_mixin.py:188} WARNING - 2026-05-29 15:03:47 [INFO] local timestep: 15 — /opt/***/era5/ecmwf/data/nc/_raw/2026/05/24/accum_20260524.nc
[2026-05-29T15:03:47.973+0000] {era5_functions.py:152} INFO - local timestep: 15 — /opt/***/era5/ecmwf/data/nc/_raw/2026/05/24/accum_20260524.nc
[2026-05-29T15:03:47.980+0000] {logging_mixin.py:188} WARNING - 2026-05-29 15:03:47 [INFO] nc outdated (local=15 < cds=16), removing: /opt/***/era5/ecmwf/data/nc/_raw/2026/05/24/accum_20260524.nc
[2026-05-29T15:03:47.980+0000] {era5_functions.py:193} INFO - nc outdated (local=15 < cds=16), removing: /opt/***/era5/ecmwf/data/nc/_raw/2026/05/24/accum_20260524.nc
[2026-05-29T15:03:47.999+0000] {logging_mixin.py:188} WARNING - 2026-05-29 15:03:47 [INFO] download attempt 1/3: /opt/***/era5/ecmwf/data/nc/_raw/2026/05/24/accum_20260524.nc
[2026-05-29T15:03:47.999+0000] {era5_functions.py:200} INFO - download attempt 1/3: /opt/***/era5/ecmwf/data/nc/_raw/2026/05/24/accum_20260524.nc
[2026-05-29T15:03:48.748+0000] {logging_mixin.py:188} WARNING - 2026-05-29 15:03:48,748 INFO [2025-12-11T00:00:00] Please note that a dedicated catalogue entry for this dataset, post-processed and stored in Analysis Ready Cloud Optimized (ARCO) format (Zarr), is available for optimised time-series retrievals (i.e. for retrieving data from selected variables for a single point over an extended period of time in an efficient way). You can discover it [here](https://cds.climate.copernicus.eu/datasets/reanalysis-era5-single-levels-timeseries?tab=overview)
[2026-05-29T15:03:48.748+0000] {legacy_client.py:192} INFO - [2025-12-11T00:00:00] Please note that a dedicated catalogue entry for this dataset, post-processed and stored in Analysis Ready Cloud Optimized (ARCO) format (Zarr), is available for optimised time-series retrievals (i.e. for retrieving data from selected variables for a single point over an extended period of time in an efficient way). You can discover it [here](https://cds.climate.copernicus.eu/datasets/reanalysis-era5-single-levels-timeseries?tab=overview)
[2026-05-29T15:03:48.753+0000] {logging_mixin.py:188} WARNING - 2026-05-29 15:03:48,753 INFO Request ID is 855453e5-c7ef-4346-bb63-f30344524b7c
[2026-05-29T15:03:48.753+0000] {legacy_client.py:192} INFO - Request ID is 855453e5-c7ef-4346-bb63-f30344524b7c
[2026-05-29T15:03:49.002+0000] {logging_mixin.py:188} WARNING - 2026-05-29 15:03:49,002 INFO status has been updated to accepted
[2026-05-29T15:03:49.002+0000] {legacy_client.py:192} INFO - status has been updated to accepted
[2026-05-29T15:04:07.155+0000] {logging_mixin.py:188} WARNING - 2026-05-29 15:04:07,155 INFO status has been updated to running
[2026-05-29T15:04:07.155+0000] {legacy_client.py:192} INFO - status has been updated to running
[2026-05-29T15:04:14.962+0000] {logging_mixin.py:188} WARNING - 2026-05-29 15:04:14,962 INFO status has been updated to successful
[2026-05-29T15:04:14.962+0000] {legacy_client.py:192} INFO - status has been updated to successful
[2026-05-29T15:04:15.430+0000] {base.py:119} INFO - Downloading https://object-store.os-api.cci2.ecmwf.int:443/cci2-prod-cache-2/2026-05-29/50c47863f9cfe996dc8587b3a650f1c7.nc
[2026-05-29T15:04:16.447+0000] {logging_mixin.py:188} WARNING - 50c47863f9cfe996dc8587b3a650f1c7.nc:   0%|          | 0.00/221k [00:00<?, ?B/s]
[2026-05-29T15:04:18.144+0000] {logging_mixin.py:188} WARNING - 50c47863f9cfe996dc8587b3a650f1c7.nc: 100%|##########| 221k/221k [00:01<00:00, 133kB/s]
[2026-05-29T15:04:18.161+0000] {logging_mixin.py:188} WARNING -                                                                                       
[2026-05-29T15:04:18.250+0000] {logging_mixin.py:188} WARNING - 2026-05-29 15:04:18 [INFO] nc downloaded ok: /opt/***/era5/ecmwf/data/nc/_raw/2026/05/24/accum_20260524.nc
[2026-05-29T15:04:18.250+0000] {era5_functions.py:204} INFO - nc downloaded ok: /opt/***/era5/ecmwf/data/nc/_raw/2026/05/24/accum_20260524.nc
[2026-05-29T15:04:18.323+0000] {logging_mixin.py:188} WARNING - 2026-05-29 15:04:18 [INFO] local timestep: 16 — /opt/***/era5/ecmwf/data/nc/_raw/2026/05/24/accum_20260524.nc
[2026-05-29T15:04:18.323+0000] {era5_functions.py:152} INFO - local timestep: 16 — /opt/***/era5/ecmwf/data/nc/_raw/2026/05/24/accum_20260524.nc
[2026-05-29T15:04:18.414+0000] {logging_mixin.py:188} WARNING - 2026-05-29 15:04:18 [INFO] tif outdated (tif=15 < nc=16), removing: /opt/***/era5/ecmwf/data/tif/2026/05/24/tp_20260524.tif
[2026-05-29T15:04:18.414+0000] {era5_functions.py:261} INFO - tif outdated (tif=15 < nc=16), removing: /opt/***/era5/ecmwf/data/tif/2026/05/24/tp_20260524.tif
[2026-05-29T15:04:18.511+0000] {logging_mixin.py:188} WARNING - 2026-05-29 15:04:18 [INFO] tif ok (bands=16): /opt/***/era5/ecmwf/data/tif/2026/05/24/tp_20260524.tif
[2026-05-29T15:04:18.511+0000] {era5_functions.py:304} INFO - tif ok (bands=16): /opt/***/era5/ecmwf/data/tif/2026/05/24/tp_20260524.tif
[2026-05-29T15:04:18.516+0000] {logging_mixin.py:188} WARNING - 2026-05-29 15:04:18 [INFO] === END job=accum date=2026-05-29 ===
[2026-05-29T15:04:18.516+0000] {era5_functions.py:379} INFO - === END job=accum date=2026-05-29 ===
[2026-05-29T15:04:18.518+0000] {python.py:237} INFO - Done. Returned value was: None
[2026-05-29T15:04:18.519+0000] {taskinstance.py:441} INFO - ::group::Post task execution logs
[2026-05-29T15:04:18.532+0000] {taskinstance.py:1206} INFO - Marking task as SUCCESS. dag_id=era5_download_pipeline, task_id=era5_accum, run_id=scheduled__2026-05-29T14:00:00+00:00, execution_date=20260529T140000, start_date=20260529T150311, end_date=20260529T150418
[2026-05-29T15:04:18.585+0000] {local_task_job_runner.py:240} INFO - Task exited with return code 0
[2026-05-29T15:04:18.609+0000] {taskinstance.py:3498} INFO - 0 downstream tasks scheduled from follow-on schedule check
[2026-05-29T15:04:18.613+0000] {local_task_job_runner.py:222} INFO - ::endgroup::
