[2026-07-21T23:00:01.535+0000] {local_task_job_runner.py:120} INFO - ::group::Pre task execution logs
[2026-07-21T23:00:01.567+0000] {taskinstance.py:2076} INFO - Dependencies all met for dep_context=non-requeueable deps ti=<TaskInstance: era5_download_pipeline.era5_instant scheduled__2026-07-21T22:00:00+00:00 [queued]>
[2026-07-21T23:00:01.580+0000] {taskinstance.py:2076} INFO - Dependencies all met for dep_context=requeueable deps ti=<TaskInstance: era5_download_pipeline.era5_instant scheduled__2026-07-21T22:00:00+00:00 [queued]>
[2026-07-21T23:00:01.582+0000] {taskinstance.py:2306} INFO - Starting attempt 1 of 1
[2026-07-21T23:00:01.604+0000] {taskinstance.py:2330} INFO - Executing <Task(PythonOperator): era5_instant> on 2026-07-21 22:00:00+00:00
[2026-07-21T23:00:01.616+0000] {warnings.py:110} WARNING - /home/***/.local/lib/python3.12/site-packages/***/task/task_runner/standard_task_runner.py:61: DeprecationWarning: This process (pid=29426) is multi-threaded, use of fork() may lead to deadlocks in the child.
  pid = os.fork()

[2026-07-21T23:00:01.621+0000] {standard_task_runner.py:63} INFO - Started process 29428 to run task
[2026-07-21T23:00:01.619+0000] {standard_task_runner.py:90} INFO - Running: ['***', 'tasks', 'run', 'era5_download_pipeline', 'era5_instant', 'scheduled__2026-07-21T22:00:00+00:00', '--job-id', '2519', '--raw', '--subdir', 'DAGS_FOLDER/era5_dag.py', '--cfg-path', '/tmp/tmpv9y1mgsi']
[2026-07-21T23:00:01.623+0000] {standard_task_runner.py:91} INFO - Job 2519: Subtask era5_instant
[2026-07-21T23:00:01.712+0000] {task_command.py:426} INFO - Running <TaskInstance: era5_download_pipeline.era5_instant scheduled__2026-07-21T22:00:00+00:00 [running]> on host e2e0d31e4327
[2026-07-21T23:00:01.838+0000] {taskinstance.py:2648} INFO - Exporting env vars: AIRFLOW_CTX_DAG_OWNER='era5' AIRFLOW_CTX_DAG_ID='era5_download_pipeline' AIRFLOW_CTX_TASK_ID='era5_instant' AIRFLOW_CTX_EXECUTION_DATE='2026-07-21T22:00:00+00:00' AIRFLOW_CTX_TRY_NUMBER='1' AIRFLOW_CTX_DAG_RUN_ID='scheduled__2026-07-21T22:00:00+00:00'
[2026-07-21T23:00:01.841+0000] {taskinstance.py:430} INFO - ::endgroup::
[2026-07-21T23:00:02.936+0000] {logging_mixin.py:188} WARNING - 2026-07-21 23:00:02 [INFO] === START ERA5 SYNC job=instant ===
[2026-07-21T23:00:02.935+0000] {era5_functions.py:307} INFO - === START ERA5 SYNC job=instant ===
[2026-07-21T23:00:02.938+0000] {logging_mixin.py:188} WARNING - 2026-07-21 23:00:02 [INFO] --- SYNC instant 20260721 ---
[2026-07-21T23:00:02.938+0000] {era5_functions.py:124} INFO - --- SYNC instant 20260721 ---
[2026-07-21T23:00:02.941+0000] {logging_mixin.py:188} WARNING - 2026-07-21 23:00:02 [INFO] CDS download 2026-07-21 attempt 1/3
[2026-07-21T23:00:02.941+0000] {era5_functions.py:78} INFO - CDS download 2026-07-21 attempt 1/3
[2026-07-21T23:00:03.928+0000] {logging_mixin.py:188} WARNING - 2026-07-21 23:00:03 [INFO] CDS data not available yet: 2026-07-21
[2026-07-21T23:00:03.928+0000] {era5_functions.py:98} INFO - CDS data not available yet: 2026-07-21
[2026-07-21T23:00:03.934+0000] {logging_mixin.py:188} WARNING - 2026-07-21 23:00:03 [INFO] --- SYNC instant 20260720 ---
[2026-07-21T23:00:03.933+0000] {era5_functions.py:124} INFO - --- SYNC instant 20260720 ---
[2026-07-21T23:00:03.937+0000] {logging_mixin.py:188} WARNING - 2026-07-21 23:00:03 [INFO] CDS download 2026-07-20 attempt 1/3
[2026-07-21T23:00:03.937+0000] {era5_functions.py:78} INFO - CDS download 2026-07-20 attempt 1/3
[2026-07-21T23:00:06.146+0000] {logging_mixin.py:188} WARNING - 2026-07-21 23:00:06 [INFO] CDS data not available yet: 2026-07-20
[2026-07-21T23:00:06.145+0000] {era5_functions.py:98} INFO - CDS data not available yet: 2026-07-20
[2026-07-21T23:00:06.151+0000] {logging_mixin.py:188} WARNING - 2026-07-21 23:00:06 [INFO] --- SYNC instant 20260719 ---
[2026-07-21T23:00:06.150+0000] {era5_functions.py:124} INFO - --- SYNC instant 20260719 ---
[2026-07-21T23:00:06.155+0000] {logging_mixin.py:188} WARNING - 2026-07-21 23:00:06 [INFO] CDS download 2026-07-19 attempt 1/3
[2026-07-21T23:00:06.154+0000] {era5_functions.py:78} INFO - CDS download 2026-07-19 attempt 1/3
[2026-07-21T23:00:10.530+0000] {logging_mixin.py:188} WARNING - 2026-07-21 23:00:10 [INFO] CDS data not available yet: 2026-07-19
[2026-07-21T23:00:10.529+0000] {era5_functions.py:98} INFO - CDS data not available yet: 2026-07-19
[2026-07-21T23:00:10.534+0000] {logging_mixin.py:188} WARNING - 2026-07-21 23:00:10 [INFO] --- SYNC instant 20260718 ---
[2026-07-21T23:00:10.534+0000] {era5_functions.py:124} INFO - --- SYNC instant 20260718 ---
[2026-07-21T23:00:10.537+0000] {logging_mixin.py:188} WARNING - 2026-07-21 23:00:10 [INFO] CDS download 2026-07-18 attempt 1/3
[2026-07-21T23:00:10.537+0000] {era5_functions.py:78} INFO - CDS download 2026-07-18 attempt 1/3
[2026-07-21T23:00:12.074+0000] {logging_mixin.py:188} WARNING - 2026-07-21 23:00:12 [INFO] CDS data not available yet: 2026-07-18
[2026-07-21T23:00:12.073+0000] {era5_functions.py:98} INFO - CDS data not available yet: 2026-07-18
[2026-07-21T23:00:12.080+0000] {logging_mixin.py:188} WARNING - 2026-07-21 23:00:12 [INFO] --- SYNC instant 20260717 ---
[2026-07-21T23:00:12.079+0000] {era5_functions.py:124} INFO - --- SYNC instant 20260717 ---
[2026-07-21T23:00:12.083+0000] {logging_mixin.py:188} WARNING - 2026-07-21 23:00:12 [INFO] CDS download 2026-07-17 attempt 1/3
[2026-07-21T23:00:12.083+0000] {era5_functions.py:78} INFO - CDS download 2026-07-17 attempt 1/3
[2026-07-21T23:00:15.330+0000] {logging_mixin.py:188} WARNING - 2026-07-21 23:00:15 [INFO] CDS data not available yet: 2026-07-17
[2026-07-21T23:00:15.330+0000] {era5_functions.py:98} INFO - CDS data not available yet: 2026-07-17
[2026-07-21T23:00:15.334+0000] {logging_mixin.py:188} WARNING - 2026-07-21 23:00:15 [INFO] --- SYNC instant 20260716 ---
[2026-07-21T23:00:15.334+0000] {era5_functions.py:124} INFO - --- SYNC instant 20260716 ---
[2026-07-21T23:00:15.336+0000] {logging_mixin.py:188} WARNING - 2026-07-21 23:00:15 [INFO] CDS download 2026-07-16 attempt 1/3
[2026-07-21T23:00:15.335+0000] {era5_functions.py:78} INFO - CDS download 2026-07-16 attempt 1/3
[2026-07-21T23:00:16.338+0000] {logging_mixin.py:188} WARNING - 2026-07-21 23:00:16,338 INFO Request ID is 50bb97de-d65c-4abb-bc14-522652dec6f9
[2026-07-21T23:00:16.338+0000] {legacy_client.py:192} INFO - Request ID is 50bb97de-d65c-4abb-bc14-522652dec6f9
[2026-07-21T23:00:16.627+0000] {logging_mixin.py:188} WARNING - 2026-07-21 23:00:16,627 INFO status has been updated to accepted
[2026-07-21T23:00:16.627+0000] {legacy_client.py:192} INFO - status has been updated to accepted
[2026-07-21T23:00:39.171+0000] {logging_mixin.py:188} WARNING - 2026-07-21 23:00:39,171 INFO status has been updated to successful
[2026-07-21T23:00:39.171+0000] {legacy_client.py:192} INFO - status has been updated to successful
[2026-07-21T23:00:39.589+0000] {base.py:119} INFO - Downloading https://object-store.os-api.cci2.ecmwf.int:443/cci2-prod-cache-3/2026-07-21/2f40204978720d27cd67b57ed18defc2.nc
[2026-07-21T23:00:40.275+0000] {logging_mixin.py:188} WARNING - 2f40204978720d27cd67b57ed18defc2.nc:   0%|          | 0.00/2.55M [00:00<?, ?B/s]
[2026-07-21T23:00:42.404+0000] {logging_mixin.py:188} WARNING - 2f40204978720d27cd67b57ed18defc2.nc:  39%|###9      | 1.00M/2.55M [00:02<00:03, 493kB/s]
[2026-07-21T23:00:42.583+0000] {logging_mixin.py:188} WARNING - 2f40204978720d27cd67b57ed18defc2.nc:  78%|#######8  | 2.00M/2.55M [00:02<00:00, 1.07MB/s]
[2026-07-21T23:00:44.122+0000] {logging_mixin.py:188} WARNING - 2f40204978720d27cd67b57ed18defc2.nc: 100%|##########| 2.55M/2.55M [00:03<00:00, 675kB/s] 
[2026-07-21T23:00:44.128+0000] {logging_mixin.py:188} WARNING -                                                                                         
[2026-07-21T23:00:44.485+0000] {logging_mixin.py:188} WARNING - 2026-07-21 23:00:44 [INFO] CDS available: 2026-07-16 | 24 timestep(s)
[2026-07-21T23:00:44.485+0000] {era5_functions.py:87} INFO - CDS available: 2026-07-16 | 24 timestep(s)
[2026-07-21T23:00:44.598+0000] {logging_mixin.py:188} WARNING - 2026-07-21 23:00:44 [INFO] New timestep: 1
[2026-07-21T23:00:44.597+0000] {era5_functions.py:161} INFO - New timestep: 1
[2026-07-21T23:00:45.190+0000] {logging_mixin.py:188} WARNING - 2026-07-21 23:00:45 [INFO] NC updated: /opt/***/era5/ecmwf/data/nc/_raw/2026/07/16/instant_20260716.nc | 24 timestep(s)
[2026-07-21T23:00:45.189+0000] {era5_functions.py:188} INFO - NC updated: /opt/***/era5/ecmwf/data/nc/_raw/2026/07/16/instant_20260716.nc | 24 timestep(s)
[2026-07-21T23:00:45.377+0000] {logging_mixin.py:188} WARNING - 2026-07-21 23:00:45 [INFO] TIF updated: t2m | bands=24
[2026-07-21T23:00:45.377+0000] {era5_functions.py:271} INFO - TIF updated: t2m | bands=24
[2026-07-21T23:00:45.497+0000] {logging_mixin.py:188} WARNING - 2026-07-21 23:00:45 [INFO] TIF updated: d2m | bands=24
[2026-07-21T23:00:45.497+0000] {era5_functions.py:271} INFO - TIF updated: d2m | bands=24
[2026-07-21T23:00:45.604+0000] {logging_mixin.py:188} WARNING - 2026-07-21 23:00:45 [INFO] TIF updated: sp | bands=24
[2026-07-21T23:00:45.603+0000] {era5_functions.py:271} INFO - TIF updated: sp | bands=24
[2026-07-21T23:00:45.711+0000] {logging_mixin.py:188} WARNING - 2026-07-21 23:00:45 [INFO] TIF updated: blh | bands=24
[2026-07-21T23:00:45.711+0000] {era5_functions.py:271} INFO - TIF updated: blh | bands=24
[2026-07-21T23:00:45.821+0000] {logging_mixin.py:188} WARNING - 2026-07-21 23:00:45 [INFO] TIF updated: u10 | bands=24
[2026-07-21T23:00:45.821+0000] {era5_functions.py:271} INFO - TIF updated: u10 | bands=24
[2026-07-21T23:00:45.924+0000] {logging_mixin.py:188} WARNING - 2026-07-21 23:00:45 [INFO] TIF updated: v10 | bands=24
[2026-07-21T23:00:45.924+0000] {era5_functions.py:271} INFO - TIF updated: v10 | bands=24
[2026-07-21T23:00:45.930+0000] {logging_mixin.py:188} WARNING - 2026-07-21 23:00:45 [INFO] === END ERA5 SYNC job=instant ===
[2026-07-21T23:00:45.930+0000] {era5_functions.py:313} INFO - === END ERA5 SYNC job=instant ===
[2026-07-21T23:00:45.931+0000] {python.py:237} INFO - Done. Returned value was: None
[2026-07-21T23:00:45.933+0000] {taskinstance.py:441} INFO - ::group::Post task execution logs
[2026-07-21T23:00:45.947+0000] {taskinstance.py:1206} INFO - Marking task as SUCCESS. dag_id=era5_download_pipeline, task_id=era5_instant, run_id=scheduled__2026-07-21T22:00:00+00:00, execution_date=20260721T220000, start_date=20260721T230001, end_date=20260721T230045
[2026-07-21T23:00:46.010+0000] {local_task_job_runner.py:240} INFO - Task exited with return code 0
[2026-07-21T23:00:46.035+0000] {taskinstance.py:3498} INFO - 1 downstream tasks scheduled from follow-on schedule check
[2026-07-21T23:00:46.039+0000] {local_task_job_runner.py:222} INFO - ::endgroup::
