[2026-07-19T08:01:13.224+0000] {local_task_job_runner.py:120} INFO - ::group::Pre task execution logs
[2026-07-19T08:01:13.252+0000] {taskinstance.py:2076} INFO - Dependencies all met for dep_context=non-requeueable deps ti=<TaskInstance: era5_download_pipeline.era5_accum scheduled__2026-07-19T07:00:00+00:00 [queued]>
[2026-07-19T08:01:13.263+0000] {taskinstance.py:2076} INFO - Dependencies all met for dep_context=requeueable deps ti=<TaskInstance: era5_download_pipeline.era5_accum scheduled__2026-07-19T07:00:00+00:00 [queued]>
[2026-07-19T08:01:13.265+0000] {taskinstance.py:2306} INFO - Starting attempt 1 of 1
[2026-07-19T08:01:13.280+0000] {taskinstance.py:2330} INFO - Executing <Task(PythonOperator): era5_accum> on 2026-07-19 07:00:00+00:00
[2026-07-19T08:01:13.291+0000] {warnings.py:110} WARNING - /home/***/.local/lib/python3.12/site-packages/***/task/task_runner/standard_task_runner.py:61: DeprecationWarning: This process (pid=40399) is multi-threaded, use of fork() may lead to deadlocks in the child.
  pid = os.fork()

[2026-07-19T08:01:13.293+0000] {standard_task_runner.py:63} INFO - Started process 40401 to run task
[2026-07-19T08:01:13.298+0000] {standard_task_runner.py:90} INFO - Running: ['***', 'tasks', 'run', 'era5_download_pipeline', 'era5_accum', 'scheduled__2026-07-19T07:00:00+00:00', '--job-id', '2385', '--raw', '--subdir', 'DAGS_FOLDER/era5_dag.py', '--cfg-path', '/tmp/tmp91oq72rz']
[2026-07-19T08:01:13.302+0000] {standard_task_runner.py:91} INFO - Job 2385: Subtask era5_accum
[2026-07-19T08:01:13.391+0000] {task_command.py:426} INFO - Running <TaskInstance: era5_download_pipeline.era5_accum scheduled__2026-07-19T07:00:00+00:00 [running]> on host 01cd476fb21a
[2026-07-19T08:01:13.495+0000] {taskinstance.py:2648} INFO - Exporting env vars: AIRFLOW_CTX_DAG_OWNER='era5' AIRFLOW_CTX_DAG_ID='era5_download_pipeline' AIRFLOW_CTX_TASK_ID='era5_accum' AIRFLOW_CTX_EXECUTION_DATE='2026-07-19T07:00:00+00:00' AIRFLOW_CTX_TRY_NUMBER='1' AIRFLOW_CTX_DAG_RUN_ID='scheduled__2026-07-19T07:00:00+00:00'
[2026-07-19T08:01:13.499+0000] {taskinstance.py:430} INFO - ::endgroup::
[2026-07-19T08:01:14.556+0000] {logging_mixin.py:188} WARNING - 2026-07-19 08:01:14 [INFO] === START job=accum date=2026-07-19 ===
[2026-07-19T08:01:14.556+0000] {era5_functions.py:368} INFO - === START job=accum date=2026-07-19 ===
[2026-07-19T08:01:14.558+0000] {logging_mixin.py:188} WARNING - 2026-07-19 08:01:14 [INFO] --- job=accum date=20260719 ---
[2026-07-19T08:01:14.558+0000] {era5_functions.py:330} INFO - --- job=accum date=20260719 ---
[2026-07-19T08:01:15.190+0000] {logging_mixin.py:188} WARNING - 2026-07-19 08:01:15 [WARNING] get_cds_count failed: 400 Client Error: Bad Request for url: https://cds.climate.copernicus.eu/api/retrieve/v1/processes/reanalysis-era5-single-levels/execution
invalid request
None of the data you have requested is available yet, please revise the period requested. The latest date available for this dataset is: 2026-07-14 08:00
[2026-07-19T08:01:15.190+0000] {era5_functions.py:131} WARNING - get_cds_count failed: 400 Client Error: Bad Request for url: https://cds.climate.copernicus.eu/api/retrieve/v1/processes/reanalysis-era5-single-levels/execution
invalid request
None of the data you have requested is available yet, please revise the period requested. The latest date available for this dataset is: 2026-07-14 08:00
[2026-07-19T08:01:15.195+0000] {logging_mixin.py:188} WARNING - 2026-07-19 08:01:15 [WARNING] CDS ยังไม่มีข้อมูล job=accum date=20260719, skip
[2026-07-19T08:01:15.195+0000] {era5_functions.py:335} WARNING - CDS ยังไม่มีข้อมูล job=accum date=20260719, skip
[2026-07-19T08:01:15.199+0000] {logging_mixin.py:188} WARNING - 2026-07-19 08:01:15 [INFO] --- job=accum date=20260718 ---
[2026-07-19T08:01:15.199+0000] {era5_functions.py:330} INFO - --- job=accum date=20260718 ---
[2026-07-19T08:01:15.891+0000] {logging_mixin.py:188} WARNING - 2026-07-19 08:01:15 [WARNING] get_cds_count failed: 400 Client Error: Bad Request for url: https://cds.climate.copernicus.eu/api/retrieve/v1/processes/reanalysis-era5-single-levels/execution
invalid request
None of the data you have requested is available yet, please revise the period requested. The latest date available for this dataset is: 2026-07-14 08:00
[2026-07-19T08:01:15.891+0000] {era5_functions.py:131} WARNING - get_cds_count failed: 400 Client Error: Bad Request for url: https://cds.climate.copernicus.eu/api/retrieve/v1/processes/reanalysis-era5-single-levels/execution
invalid request
None of the data you have requested is available yet, please revise the period requested. The latest date available for this dataset is: 2026-07-14 08:00
[2026-07-19T08:01:15.896+0000] {logging_mixin.py:188} WARNING - 2026-07-19 08:01:15 [WARNING] CDS ยังไม่มีข้อมูล job=accum date=20260718, skip
[2026-07-19T08:01:15.896+0000] {era5_functions.py:335} WARNING - CDS ยังไม่มีข้อมูล job=accum date=20260718, skip
[2026-07-19T08:01:15.900+0000] {logging_mixin.py:188} WARNING - 2026-07-19 08:01:15 [INFO] --- job=accum date=20260717 ---
[2026-07-19T08:01:15.899+0000] {era5_functions.py:330} INFO - --- job=accum date=20260717 ---
[2026-07-19T08:01:16.531+0000] {logging_mixin.py:188} WARNING - 2026-07-19 08:01:16 [WARNING] get_cds_count failed: 400 Client Error: Bad Request for url: https://cds.climate.copernicus.eu/api/retrieve/v1/processes/reanalysis-era5-single-levels/execution
invalid request
None of the data you have requested is available yet, please revise the period requested. The latest date available for this dataset is: 2026-07-14 08:00
[2026-07-19T08:01:16.530+0000] {era5_functions.py:131} WARNING - get_cds_count failed: 400 Client Error: Bad Request for url: https://cds.climate.copernicus.eu/api/retrieve/v1/processes/reanalysis-era5-single-levels/execution
invalid request
None of the data you have requested is available yet, please revise the period requested. The latest date available for this dataset is: 2026-07-14 08:00
[2026-07-19T08:01:16.536+0000] {logging_mixin.py:188} WARNING - 2026-07-19 08:01:16 [WARNING] CDS ยังไม่มีข้อมูล job=accum date=20260717, skip
[2026-07-19T08:01:16.536+0000] {era5_functions.py:335} WARNING - CDS ยังไม่มีข้อมูล job=accum date=20260717, skip
[2026-07-19T08:01:16.540+0000] {logging_mixin.py:188} WARNING - 2026-07-19 08:01:16 [INFO] --- job=accum date=20260716 ---
[2026-07-19T08:01:16.540+0000] {era5_functions.py:330} INFO - --- job=accum date=20260716 ---
[2026-07-19T08:01:17.973+0000] {logging_mixin.py:188} WARNING - 2026-07-19 08:01:17 [WARNING] get_cds_count failed: 400 Client Error: Bad Request for url: https://cds.climate.copernicus.eu/api/retrieve/v1/processes/reanalysis-era5-single-levels/execution
invalid request
None of the data you have requested is available yet, please revise the period requested. The latest date available for this dataset is: 2026-07-14 08:00
[2026-07-19T08:01:17.973+0000] {era5_functions.py:131} WARNING - get_cds_count failed: 400 Client Error: Bad Request for url: https://cds.climate.copernicus.eu/api/retrieve/v1/processes/reanalysis-era5-single-levels/execution
invalid request
None of the data you have requested is available yet, please revise the period requested. The latest date available for this dataset is: 2026-07-14 08:00
[2026-07-19T08:01:17.979+0000] {logging_mixin.py:188} WARNING - 2026-07-19 08:01:17 [WARNING] CDS ยังไม่มีข้อมูล job=accum date=20260716, skip
[2026-07-19T08:01:17.979+0000] {era5_functions.py:335} WARNING - CDS ยังไม่มีข้อมูล job=accum date=20260716, skip
[2026-07-19T08:01:17.982+0000] {logging_mixin.py:188} WARNING - 2026-07-19 08:01:17 [INFO] --- job=accum date=20260715 ---
[2026-07-19T08:01:17.982+0000] {era5_functions.py:330} INFO - --- job=accum date=20260715 ---
[2026-07-19T08:01:18.742+0000] {logging_mixin.py:188} WARNING - 2026-07-19 08:01:18 [WARNING] get_cds_count failed: 400 Client Error: Bad Request for url: https://cds.climate.copernicus.eu/api/retrieve/v1/processes/reanalysis-era5-single-levels/execution
invalid request
None of the data you have requested is available yet, please revise the period requested. The latest date available for this dataset is: 2026-07-14 08:00
[2026-07-19T08:01:18.742+0000] {era5_functions.py:131} WARNING - get_cds_count failed: 400 Client Error: Bad Request for url: https://cds.climate.copernicus.eu/api/retrieve/v1/processes/reanalysis-era5-single-levels/execution
invalid request
None of the data you have requested is available yet, please revise the period requested. The latest date available for this dataset is: 2026-07-14 08:00
[2026-07-19T08:01:18.744+0000] {logging_mixin.py:188} WARNING - 2026-07-19 08:01:18 [WARNING] CDS ยังไม่มีข้อมูล job=accum date=20260715, skip
[2026-07-19T08:01:18.744+0000] {era5_functions.py:335} WARNING - CDS ยังไม่มีข้อมูล job=accum date=20260715, skip
[2026-07-19T08:01:18.747+0000] {logging_mixin.py:188} WARNING - 2026-07-19 08:01:18 [INFO] --- job=accum date=20260714 ---
[2026-07-19T08:01:18.746+0000] {era5_functions.py:330} INFO - --- job=accum date=20260714 ---
[2026-07-19T08:01:19.508+0000] {logging_mixin.py:188} WARNING - 2026-07-19 08:01:19,508 INFO Request ID is 7ef14b3b-e848-48c8-8e6c-450be1426392
[2026-07-19T08:01:19.508+0000] {legacy_client.py:192} INFO - Request ID is 7ef14b3b-e848-48c8-8e6c-450be1426392
[2026-07-19T08:01:19.717+0000] {logging_mixin.py:188} WARNING - 2026-07-19 08:01:19,717 INFO status has been updated to accepted
[2026-07-19T08:01:19.717+0000] {legacy_client.py:192} INFO - status has been updated to accepted
[2026-07-19T08:01:33.927+0000] {logging_mixin.py:188} WARNING - 2026-07-19 08:01:33,927 INFO status has been updated to running
[2026-07-19T08:01:33.927+0000] {legacy_client.py:192} INFO - status has been updated to running
[2026-07-19T08:01:41.750+0000] {logging_mixin.py:188} WARNING - 2026-07-19 08:01:41,750 INFO status has been updated to successful
[2026-07-19T08:01:41.750+0000] {legacy_client.py:192} INFO - status has been updated to successful
[2026-07-19T08:01:42.178+0000] {base.py:119} INFO - Downloading https://object-store.os-api.cci2.ecmwf.int:443/cci2-prod-cache-2/2026-07-19/766e44998e2fc232be3bd00a74d63d93.nc
[2026-07-19T08:01:42.903+0000] {logging_mixin.py:188} WARNING - 766e44998e2fc232be3bd00a74d63d93.nc:   0%|          | 0.00/155k [00:00<?, ?B/s]
[2026-07-19T08:01:44.143+0000] {logging_mixin.py:188} WARNING - 766e44998e2fc232be3bd00a74d63d93.nc: 100%|##########| 155k/155k [00:01<00:00, 129kB/s]
[2026-07-19T08:01:44.148+0000] {logging_mixin.py:188} WARNING -                                                                                       
[2026-07-19T08:01:44.415+0000] {logging_mixin.py:188} WARNING - 2026-07-19 08:01:44 [INFO] CDS timestep available: 9
[2026-07-19T08:01:44.414+0000] {era5_functions.py:128} INFO - CDS timestep available: 9
[2026-07-19T08:01:44.465+0000] {logging_mixin.py:188} WARNING - 2026-07-19 08:01:44 [INFO] local timestep: 8 — /opt/***/era5/ecmwf/data/nc/_raw/2026/07/14/accum_20260714.nc
[2026-07-19T08:01:44.465+0000] {era5_functions.py:152} INFO - local timestep: 8 — /opt/***/era5/ecmwf/data/nc/_raw/2026/07/14/accum_20260714.nc
[2026-07-19T08:01:44.471+0000] {logging_mixin.py:188} WARNING - 2026-07-19 08:01:44 [INFO] nc outdated (local=8 < cds=9), removing: /opt/***/era5/ecmwf/data/nc/_raw/2026/07/14/accum_20260714.nc
[2026-07-19T08:01:44.471+0000] {era5_functions.py:193} INFO - nc outdated (local=8 < cds=9), removing: /opt/***/era5/ecmwf/data/nc/_raw/2026/07/14/accum_20260714.nc
[2026-07-19T08:01:44.488+0000] {logging_mixin.py:188} WARNING - 2026-07-19 08:01:44 [INFO] download attempt 1/3: /opt/***/era5/ecmwf/data/nc/_raw/2026/07/14/accum_20260714.nc
[2026-07-19T08:01:44.488+0000] {era5_functions.py:200} INFO - download attempt 1/3: /opt/***/era5/ecmwf/data/nc/_raw/2026/07/14/accum_20260714.nc
[2026-07-19T08:01:48.238+0000] {logging_mixin.py:188} WARNING - 2026-07-19 08:01:48,238 INFO Request ID is de1fde3b-5418-4b91-88f8-c80fe19d50f4
[2026-07-19T08:01:48.238+0000] {legacy_client.py:192} INFO - Request ID is de1fde3b-5418-4b91-88f8-c80fe19d50f4
[2026-07-19T08:01:51.165+0000] {logging_mixin.py:188} WARNING - 2026-07-19 08:01:51,165 INFO status has been updated to accepted
[2026-07-19T08:01:51.165+0000] {legacy_client.py:192} INFO - status has been updated to accepted
[2026-07-19T08:02:13.521+0000] {logging_mixin.py:188} WARNING - 2026-07-19 08:02:13,521 INFO status has been updated to running
[2026-07-19T08:02:13.521+0000] {legacy_client.py:192} INFO - status has been updated to running
[2026-07-19T08:02:25.115+0000] {logging_mixin.py:188} WARNING - 2026-07-19 08:02:25,115 INFO status has been updated to successful
[2026-07-19T08:02:25.115+0000] {legacy_client.py:192} INFO - status has been updated to successful
[2026-07-19T08:02:25.550+0000] {base.py:119} INFO - Downloading https://object-store.os-api.cci2.ecmwf.int:443/cci2-prod-cache-1/2026-07-19/e7fe804d38e2f4ff7750af54d67f122e.nc
[2026-07-19T08:02:26.216+0000] {logging_mixin.py:188} WARNING - e7fe804d38e2f4ff7750af54d67f122e.nc:   0%|          | 0.00/155k [00:00<?, ?B/s]
[2026-07-19T08:02:28.958+0000] {logging_mixin.py:188} WARNING - e7fe804d38e2f4ff7750af54d67f122e.nc: 100%|##########| 155k/155k [00:02<00:00, 58.0kB/s]
[2026-07-19T08:02:28.974+0000] {logging_mixin.py:188} WARNING -                                                                                        
[2026-07-19T08:02:29.058+0000] {logging_mixin.py:188} WARNING - 2026-07-19 08:02:29 [INFO] nc downloaded ok: /opt/***/era5/ecmwf/data/nc/_raw/2026/07/14/accum_20260714.nc
[2026-07-19T08:02:29.058+0000] {era5_functions.py:204} INFO - nc downloaded ok: /opt/***/era5/ecmwf/data/nc/_raw/2026/07/14/accum_20260714.nc
[2026-07-19T08:02:29.113+0000] {logging_mixin.py:188} WARNING - 2026-07-19 08:02:29 [INFO] local timestep: 9 — /opt/***/era5/ecmwf/data/nc/_raw/2026/07/14/accum_20260714.nc
[2026-07-19T08:02:29.112+0000] {era5_functions.py:152} INFO - local timestep: 9 — /opt/***/era5/ecmwf/data/nc/_raw/2026/07/14/accum_20260714.nc
[2026-07-19T08:02:29.201+0000] {logging_mixin.py:188} WARNING - 2026-07-19 08:02:29 [INFO] tif outdated (tif=8 < nc=9), removing: /opt/***/era5/ecmwf/data/tif/2026/07/14/tp_20260714.tif
[2026-07-19T08:02:29.201+0000] {era5_functions.py:261} INFO - tif outdated (tif=8 < nc=9), removing: /opt/***/era5/ecmwf/data/tif/2026/07/14/tp_20260714.tif
[2026-07-19T08:02:29.301+0000] {logging_mixin.py:188} WARNING - 2026-07-19 08:02:29 [INFO] tif ok (bands=9): /opt/***/era5/ecmwf/data/tif/2026/07/14/tp_20260714.tif
[2026-07-19T08:02:29.301+0000] {era5_functions.py:304} INFO - tif ok (bands=9): /opt/***/era5/ecmwf/data/tif/2026/07/14/tp_20260714.tif
[2026-07-19T08:02:29.307+0000] {logging_mixin.py:188} WARNING - 2026-07-19 08:02:29 [INFO] === END job=accum date=2026-07-19 ===
[2026-07-19T08:02:29.306+0000] {era5_functions.py:379} INFO - === END job=accum date=2026-07-19 ===
[2026-07-19T08:02:29.309+0000] {python.py:237} INFO - Done. Returned value was: None
[2026-07-19T08:02:29.310+0000] {taskinstance.py:441} INFO - ::group::Post task execution logs
[2026-07-19T08:02:29.328+0000] {taskinstance.py:1206} INFO - Marking task as SUCCESS. dag_id=era5_download_pipeline, task_id=era5_accum, run_id=scheduled__2026-07-19T07:00:00+00:00, execution_date=20260719T070000, start_date=20260719T080113, end_date=20260719T080229
[2026-07-19T08:02:29.408+0000] {local_task_job_runner.py:240} INFO - Task exited with return code 0
[2026-07-19T08:02:29.430+0000] {taskinstance.py:3498} INFO - 0 downstream tasks scheduled from follow-on schedule check
[2026-07-19T08:02:29.433+0000] {local_task_job_runner.py:222} INFO - ::endgroup::
