[2026-06-03T14:00:02.482+0000] {local_task_job_runner.py:120} INFO - ::group::Pre task execution logs
[2026-06-03T14:00:02.504+0000] {taskinstance.py:2076} INFO - Dependencies all met for dep_context=non-requeueable deps ti=<TaskInstance: era5_download_pipeline.era5_instant scheduled__2026-06-03T13:00:00+00:00 [queued]>
[2026-06-03T14:00:02.513+0000] {taskinstance.py:2076} INFO - Dependencies all met for dep_context=requeueable deps ti=<TaskInstance: era5_download_pipeline.era5_instant scheduled__2026-06-03T13:00:00+00:00 [queued]>
[2026-06-03T14:00:02.515+0000] {taskinstance.py:2306} INFO - Starting attempt 1 of 1
[2026-06-03T14:00:02.530+0000] {taskinstance.py:2330} INFO - Executing <Task(PythonOperator): era5_instant> on 2026-06-03 13:00:00+00:00
[2026-06-03T14:00:02.542+0000] {warnings.py:110} WARNING - /home/***/.local/lib/python3.12/site-packages/***/task/task_runner/standard_task_runner.py:61: DeprecationWarning: This process (pid=24283) is multi-threaded, use of fork() may lead to deadlocks in the child.
  pid = os.fork()

[2026-06-03T14:00:02.544+0000] {standard_task_runner.py:63} INFO - Started process 24286 to run task
[2026-06-03T14:00:02.544+0000] {standard_task_runner.py:90} INFO - Running: ['***', 'tasks', 'run', 'era5_download_pipeline', 'era5_instant', 'scheduled__2026-06-03T13:00:00+00:00', '--job-id', '842', '--raw', '--subdir', 'DAGS_FOLDER/era5_dag.py', '--cfg-path', '/tmp/tmpcin8sl2k']
[2026-06-03T14:00:02.548+0000] {standard_task_runner.py:91} INFO - Job 842: Subtask era5_instant
[2026-06-03T14:00:02.618+0000] {task_command.py:426} INFO - Running <TaskInstance: era5_download_pipeline.era5_instant scheduled__2026-06-03T13:00:00+00:00 [running]> on host 01cd476fb21a
[2026-06-03T14:00:02.732+0000] {taskinstance.py:2648} INFO - Exporting env vars: AIRFLOW_CTX_DAG_OWNER='era5' AIRFLOW_CTX_DAG_ID='era5_download_pipeline' AIRFLOW_CTX_TASK_ID='era5_instant' AIRFLOW_CTX_EXECUTION_DATE='2026-06-03T13:00:00+00:00' AIRFLOW_CTX_TRY_NUMBER='1' AIRFLOW_CTX_DAG_RUN_ID='scheduled__2026-06-03T13:00:00+00:00'
[2026-06-03T14:00:02.734+0000] {taskinstance.py:430} INFO - ::endgroup::
[2026-06-03T14:00:03.791+0000] {logging_mixin.py:188} WARNING - 2026-06-03 14:00:03 [INFO] === START job=instant date=2026-06-03 ===
[2026-06-03T14:00:03.790+0000] {era5_functions.py:368} INFO - === START job=instant date=2026-06-03 ===
[2026-06-03T14:00:03.795+0000] {logging_mixin.py:188} WARNING - 2026-06-03 14:00:03 [INFO] --- job=instant date=20260603 ---
[2026-06-03T14:00:03.795+0000] {era5_functions.py:330} INFO - --- job=instant date=20260603 ---
[2026-06-03T14:00:06.637+0000] {logging_mixin.py:188} WARNING - 2026-06-03 14:00:06 [WARNING] get_cds_count failed: 400 Client Error: Bad Request for url: https://cds.climate.copernicus.eu/api/retrieve/v1/processes/reanalysis-era5-single-levels/execution
invalid request
None of the data you have requested is available yet, please revise the period requested. The latest date available for this dataset is: 2026-05-29 14:00
[2026-06-03T14:00:06.637+0000] {era5_functions.py:131} WARNING - get_cds_count failed: 400 Client Error: Bad Request for url: https://cds.climate.copernicus.eu/api/retrieve/v1/processes/reanalysis-era5-single-levels/execution
invalid request
None of the data you have requested is available yet, please revise the period requested. The latest date available for this dataset is: 2026-05-29 14:00
[2026-06-03T14:00:06.643+0000] {logging_mixin.py:188} WARNING - 2026-06-03 14:00:06 [WARNING] CDS ยังไม่มีข้อมูล job=instant date=20260603, skip
[2026-06-03T14:00:06.643+0000] {era5_functions.py:335} WARNING - CDS ยังไม่มีข้อมูล job=instant date=20260603, skip
[2026-06-03T14:00:06.648+0000] {logging_mixin.py:188} WARNING - 2026-06-03 14:00:06 [INFO] --- job=instant date=20260602 ---
[2026-06-03T14:00:06.648+0000] {era5_functions.py:330} INFO - --- job=instant date=20260602 ---
[2026-06-03T14:00:07.361+0000] {logging_mixin.py:188} WARNING - 2026-06-03 14:00:07 [WARNING] get_cds_count failed: 400 Client Error: Bad Request for url: https://cds.climate.copernicus.eu/api/retrieve/v1/processes/reanalysis-era5-single-levels/execution
invalid request
None of the data you have requested is available yet, please revise the period requested. The latest date available for this dataset is: 2026-05-29 14:00
[2026-06-03T14:00:07.361+0000] {era5_functions.py:131} WARNING - get_cds_count failed: 400 Client Error: Bad Request for url: https://cds.climate.copernicus.eu/api/retrieve/v1/processes/reanalysis-era5-single-levels/execution
invalid request
None of the data you have requested is available yet, please revise the period requested. The latest date available for this dataset is: 2026-05-29 14:00
[2026-06-03T14:00:07.367+0000] {logging_mixin.py:188} WARNING - 2026-06-03 14:00:07 [WARNING] CDS ยังไม่มีข้อมูล job=instant date=20260602, skip
[2026-06-03T14:00:07.366+0000] {era5_functions.py:335} WARNING - CDS ยังไม่มีข้อมูล job=instant date=20260602, skip
[2026-06-03T14:00:07.371+0000] {logging_mixin.py:188} WARNING - 2026-06-03 14:00:07 [INFO] --- job=instant date=20260601 ---
[2026-06-03T14:00:07.370+0000] {era5_functions.py:330} INFO - --- job=instant date=20260601 ---
[2026-06-03T14:00:09.283+0000] {logging_mixin.py:188} WARNING - 2026-06-03 14:00:09 [WARNING] get_cds_count failed: 400 Client Error: Bad Request for url: https://cds.climate.copernicus.eu/api/retrieve/v1/processes/reanalysis-era5-single-levels/execution
invalid request
None of the data you have requested is available yet, please revise the period requested. The latest date available for this dataset is: 2026-05-29 14:00
[2026-06-03T14:00:09.283+0000] {era5_functions.py:131} WARNING - get_cds_count failed: 400 Client Error: Bad Request for url: https://cds.climate.copernicus.eu/api/retrieve/v1/processes/reanalysis-era5-single-levels/execution
invalid request
None of the data you have requested is available yet, please revise the period requested. The latest date available for this dataset is: 2026-05-29 14:00
[2026-06-03T14:00:09.289+0000] {logging_mixin.py:188} WARNING - 2026-06-03 14:00:09 [WARNING] CDS ยังไม่มีข้อมูล job=instant date=20260601, skip
[2026-06-03T14:00:09.289+0000] {era5_functions.py:335} WARNING - CDS ยังไม่มีข้อมูล job=instant date=20260601, skip
[2026-06-03T14:00:09.292+0000] {logging_mixin.py:188} WARNING - 2026-06-03 14:00:09 [INFO] --- job=instant date=20260531 ---
[2026-06-03T14:00:09.292+0000] {era5_functions.py:330} INFO - --- job=instant date=20260531 ---
[2026-06-03T14:00:10.092+0000] {logging_mixin.py:188} WARNING - 2026-06-03 14:00:10 [WARNING] get_cds_count failed: 400 Client Error: Bad Request for url: https://cds.climate.copernicus.eu/api/retrieve/v1/processes/reanalysis-era5-single-levels/execution
invalid request
None of the data you have requested is available yet, please revise the period requested. The latest date available for this dataset is: 2026-05-29 14:00
[2026-06-03T14:00:10.091+0000] {era5_functions.py:131} WARNING - get_cds_count failed: 400 Client Error: Bad Request for url: https://cds.climate.copernicus.eu/api/retrieve/v1/processes/reanalysis-era5-single-levels/execution
invalid request
None of the data you have requested is available yet, please revise the period requested. The latest date available for this dataset is: 2026-05-29 14:00
[2026-06-03T14:00:10.096+0000] {logging_mixin.py:188} WARNING - 2026-06-03 14:00:10 [WARNING] CDS ยังไม่มีข้อมูล job=instant date=20260531, skip
[2026-06-03T14:00:10.096+0000] {era5_functions.py:335} WARNING - CDS ยังไม่มีข้อมูล job=instant date=20260531, skip
[2026-06-03T14:00:10.098+0000] {logging_mixin.py:188} WARNING - 2026-06-03 14:00:10 [INFO] --- job=instant date=20260530 ---
[2026-06-03T14:00:10.098+0000] {era5_functions.py:330} INFO - --- job=instant date=20260530 ---
[2026-06-03T14:00:10.532+0000] {logging_mixin.py:188} WARNING - 2026-06-03 14:00:10 [WARNING] get_cds_count failed: 400 Client Error: Bad Request for url: https://cds.climate.copernicus.eu/api/retrieve/v1/processes/reanalysis-era5-single-levels/execution
invalid request
None of the data you have requested is available yet, please revise the period requested. The latest date available for this dataset is: 2026-05-29 14:00
[2026-06-03T14:00:10.532+0000] {era5_functions.py:131} WARNING - get_cds_count failed: 400 Client Error: Bad Request for url: https://cds.climate.copernicus.eu/api/retrieve/v1/processes/reanalysis-era5-single-levels/execution
invalid request
None of the data you have requested is available yet, please revise the period requested. The latest date available for this dataset is: 2026-05-29 14:00
[2026-06-03T14:00:10.537+0000] {logging_mixin.py:188} WARNING - 2026-06-03 14:00:10 [WARNING] CDS ยังไม่มีข้อมูล job=instant date=20260530, skip
[2026-06-03T14:00:10.537+0000] {era5_functions.py:335} WARNING - CDS ยังไม่มีข้อมูล job=instant date=20260530, skip
[2026-06-03T14:00:10.540+0000] {logging_mixin.py:188} WARNING - 2026-06-03 14:00:10 [INFO] --- job=instant date=20260529 ---
[2026-06-03T14:00:10.540+0000] {era5_functions.py:330} INFO - --- job=instant date=20260529 ---
[2026-06-03T14:00:13.385+0000] {logging_mixin.py:188} WARNING - 2026-06-03 14:00:13,385 INFO [2025-12-11T00:00:00] Please note that a dedicated catalogue entry for this dataset, post-processed and stored in Analysis Ready Cloud Optimized (ARCO) format (Zarr), is available for optimised time-series retrievals (i.e. for retrieving data from selected variables for a single point over an extended period of time in an efficient way). You can discover it [here](https://cds.climate.copernicus.eu/datasets/reanalysis-era5-single-levels-timeseries?tab=overview)
[2026-06-03T14:00:13.385+0000] {legacy_client.py:192} INFO - [2025-12-11T00:00:00] Please note that a dedicated catalogue entry for this dataset, post-processed and stored in Analysis Ready Cloud Optimized (ARCO) format (Zarr), is available for optimised time-series retrievals (i.e. for retrieving data from selected variables for a single point over an extended period of time in an efficient way). You can discover it [here](https://cds.climate.copernicus.eu/datasets/reanalysis-era5-single-levels-timeseries?tab=overview)
[2026-06-03T14:00:13.388+0000] {logging_mixin.py:188} WARNING - 2026-06-03 14:00:13,388 INFO Request ID is 07acaf92-ccd7-42e2-ae69-462a21f3773c
[2026-06-03T14:00:13.388+0000] {legacy_client.py:192} INFO - Request ID is 07acaf92-ccd7-42e2-ae69-462a21f3773c
[2026-06-03T14:00:13.601+0000] {logging_mixin.py:188} WARNING - 2026-06-03 14:00:13,601 INFO status has been updated to accepted
[2026-06-03T14:00:13.601+0000] {legacy_client.py:192} INFO - status has been updated to accepted
[2026-06-03T14:03:09.257+0000] {logging_mixin.py:188} WARNING - 2026-06-03 14:03:09,257 INFO status has been updated to successful
[2026-06-03T14:03:09.257+0000] {legacy_client.py:192} INFO - status has been updated to successful
[2026-06-03T14:03:09.715+0000] {base.py:119} INFO - Downloading https://object-store.os-api.cci2.ecmwf.int:443/cci2-prod-cache-3/2026-06-03/3f4c6abe6ed11c95b9bb52a21226c7ad.nc
[2026-06-03T14:03:10.385+0000] {logging_mixin.py:188} WARNING - 3f4c6abe6ed11c95b9bb52a21226c7ad.nc:   0%|          | 0.00/1.64M [00:00<?, ?B/s]
[2026-06-03T14:03:12.532+0000] {logging_mixin.py:188} WARNING - 3f4c6abe6ed11c95b9bb52a21226c7ad.nc:  61%|######    | 1.00M/1.64M [00:02<00:01, 489kB/s]
[2026-06-03T14:03:12.647+0000] {logging_mixin.py:188} WARNING - 3f4c6abe6ed11c95b9bb52a21226c7ad.nc: 100%|##########| 1.64M/1.64M [00:02<00:00, 871kB/s]
[2026-06-03T14:03:12.652+0000] {logging_mixin.py:188} WARNING -                                                                                         
[2026-06-03T14:03:12.974+0000] {logging_mixin.py:188} WARNING - 2026-06-03 14:03:12 [INFO] CDS timestep available: 15
[2026-06-03T14:03:12.973+0000] {era5_functions.py:128} INFO - CDS timestep available: 15
[2026-06-03T14:03:13.074+0000] {logging_mixin.py:188} WARNING - 2026-06-03 14:03:13 [INFO] local timestep: 14 — /opt/***/era5/ecmwf/data/nc/_raw/2026/05/29/instant_20260529.nc
[2026-06-03T14:03:13.074+0000] {era5_functions.py:152} INFO - local timestep: 14 — /opt/***/era5/ecmwf/data/nc/_raw/2026/05/29/instant_20260529.nc
[2026-06-03T14:03:13.081+0000] {logging_mixin.py:188} WARNING - 2026-06-03 14:03:13 [INFO] nc outdated (local=14 < cds=15), removing: /opt/***/era5/ecmwf/data/nc/_raw/2026/05/29/instant_20260529.nc
[2026-06-03T14:03:13.081+0000] {era5_functions.py:193} INFO - nc outdated (local=14 < cds=15), removing: /opt/***/era5/ecmwf/data/nc/_raw/2026/05/29/instant_20260529.nc
[2026-06-03T14:03:13.103+0000] {logging_mixin.py:188} WARNING - 2026-06-03 14:03:13 [INFO] download attempt 1/3: /opt/***/era5/ecmwf/data/nc/_raw/2026/05/29/instant_20260529.nc
[2026-06-03T14:03:13.103+0000] {era5_functions.py:200} INFO - download attempt 1/3: /opt/***/era5/ecmwf/data/nc/_raw/2026/05/29/instant_20260529.nc
[2026-06-03T14:03:14.702+0000] {logging_mixin.py:188} WARNING - 2026-06-03 14:03:14,701 INFO [2025-12-11T00:00:00] Please note that a dedicated catalogue entry for this dataset, post-processed and stored in Analysis Ready Cloud Optimized (ARCO) format (Zarr), is available for optimised time-series retrievals (i.e. for retrieving data from selected variables for a single point over an extended period of time in an efficient way). You can discover it [here](https://cds.climate.copernicus.eu/datasets/reanalysis-era5-single-levels-timeseries?tab=overview)
[2026-06-03T14:03:14.701+0000] {legacy_client.py:192} INFO - [2025-12-11T00:00:00] Please note that a dedicated catalogue entry for this dataset, post-processed and stored in Analysis Ready Cloud Optimized (ARCO) format (Zarr), is available for optimised time-series retrievals (i.e. for retrieving data from selected variables for a single point over an extended period of time in an efficient way). You can discover it [here](https://cds.climate.copernicus.eu/datasets/reanalysis-era5-single-levels-timeseries?tab=overview)
[2026-06-03T14:03:14.707+0000] {logging_mixin.py:188} WARNING - 2026-06-03 14:03:14,706 INFO Request ID is 6432b9ac-3600-4b4b-b03a-6d23df1b7012
[2026-06-03T14:03:14.706+0000] {legacy_client.py:192} INFO - Request ID is 6432b9ac-3600-4b4b-b03a-6d23df1b7012
[2026-06-03T14:03:14.918+0000] {logging_mixin.py:188} WARNING - 2026-06-03 14:03:14,918 INFO status has been updated to accepted
[2026-06-03T14:03:14.918+0000] {legacy_client.py:192} INFO - status has been updated to accepted
[2026-06-03T14:03:37.038+0000] {logging_mixin.py:188} WARNING - 2026-06-03 14:03:37,038 INFO status has been updated to running
[2026-06-03T14:03:37.038+0000] {legacy_client.py:192} INFO - status has been updated to running
[2026-06-03T14:03:48.641+0000] {logging_mixin.py:188} WARNING - 2026-06-03 14:03:48,641 INFO status has been updated to successful
[2026-06-03T14:03:48.641+0000] {legacy_client.py:192} INFO - status has been updated to successful
[2026-06-03T14:03:50.173+0000] {base.py:119} INFO - Downloading https://object-store.os-api.cci2.ecmwf.int:443/cci2-prod-cache-2/2026-06-03/3d55cfd8c47a5656373d7d9b5ee4598c.nc
[2026-06-03T14:03:51.176+0000] {logging_mixin.py:188} WARNING - 3d55cfd8c47a5656373d7d9b5ee4598c.nc:   0%|          | 0.00/1.64M [00:00<?, ?B/s]
[2026-06-03T14:03:53.268+0000] {logging_mixin.py:188} WARNING - 3d55cfd8c47a5656373d7d9b5ee4598c.nc:  61%|######    | 1.00M/1.64M [00:02<00:01, 502kB/s]
[2026-06-03T14:03:53.433+0000] {logging_mixin.py:188} WARNING - 3d55cfd8c47a5656373d7d9b5ee4598c.nc: 100%|##########| 1.64M/1.64M [00:02<00:00, 865kB/s]
[2026-06-03T14:03:53.450+0000] {logging_mixin.py:188} WARNING -                                                                                         
[2026-06-03T14:03:53.611+0000] {logging_mixin.py:188} WARNING - 2026-06-03 14:03:53 [INFO] nc downloaded ok: /opt/***/era5/ecmwf/data/nc/_raw/2026/05/29/instant_20260529.nc
[2026-06-03T14:03:53.610+0000] {era5_functions.py:204} INFO - nc downloaded ok: /opt/***/era5/ecmwf/data/nc/_raw/2026/05/29/instant_20260529.nc
[2026-06-03T14:03:53.701+0000] {logging_mixin.py:188} WARNING - 2026-06-03 14:03:53 [INFO] local timestep: 15 — /opt/***/era5/ecmwf/data/nc/_raw/2026/05/29/instant_20260529.nc
[2026-06-03T14:03:53.701+0000] {era5_functions.py:152} INFO - local timestep: 15 — /opt/***/era5/ecmwf/data/nc/_raw/2026/05/29/instant_20260529.nc
[2026-06-03T14:03:53.790+0000] {logging_mixin.py:188} WARNING - 2026-06-03 14:03:53 [INFO] tif outdated (tif=14 < nc=15), removing: /opt/***/era5/ecmwf/data/tif/2026/05/29/t2m_20260529.tif
[2026-06-03T14:03:53.790+0000] {era5_functions.py:261} INFO - tif outdated (tif=14 < nc=15), removing: /opt/***/era5/ecmwf/data/tif/2026/05/29/t2m_20260529.tif
[2026-06-03T14:03:53.890+0000] {logging_mixin.py:188} WARNING - 2026-06-03 14:03:53 [INFO] tif ok (bands=15): /opt/***/era5/ecmwf/data/tif/2026/05/29/t2m_20260529.tif
[2026-06-03T14:03:53.890+0000] {era5_functions.py:304} INFO - tif ok (bands=15): /opt/***/era5/ecmwf/data/tif/2026/05/29/t2m_20260529.tif
[2026-06-03T14:03:53.906+0000] {logging_mixin.py:188} WARNING - 2026-06-03 14:03:53 [INFO] tif outdated (tif=14 < nc=15), removing: /opt/***/era5/ecmwf/data/tif/2026/05/29/d2m_20260529.tif
[2026-06-03T14:03:53.906+0000] {era5_functions.py:261} INFO - tif outdated (tif=14 < nc=15), removing: /opt/***/era5/ecmwf/data/tif/2026/05/29/d2m_20260529.tif
[2026-06-03T14:03:54.005+0000] {logging_mixin.py:188} WARNING - 2026-06-03 14:03:54 [INFO] tif ok (bands=15): /opt/***/era5/ecmwf/data/tif/2026/05/29/d2m_20260529.tif
[2026-06-03T14:03:54.005+0000] {era5_functions.py:304} INFO - tif ok (bands=15): /opt/***/era5/ecmwf/data/tif/2026/05/29/d2m_20260529.tif
[2026-06-03T14:03:54.029+0000] {logging_mixin.py:188} WARNING - 2026-06-03 14:03:54 [INFO] tif outdated (tif=14 < nc=15), removing: /opt/***/era5/ecmwf/data/tif/2026/05/29/sp_20260529.tif
[2026-06-03T14:03:54.029+0000] {era5_functions.py:261} INFO - tif outdated (tif=14 < nc=15), removing: /opt/***/era5/ecmwf/data/tif/2026/05/29/sp_20260529.tif
[2026-06-03T14:03:54.119+0000] {logging_mixin.py:188} WARNING - 2026-06-03 14:03:54 [INFO] tif ok (bands=15): /opt/***/era5/ecmwf/data/tif/2026/05/29/sp_20260529.tif
[2026-06-03T14:03:54.119+0000] {era5_functions.py:304} INFO - tif ok (bands=15): /opt/***/era5/ecmwf/data/tif/2026/05/29/sp_20260529.tif
[2026-06-03T14:03:54.135+0000] {logging_mixin.py:188} WARNING - 2026-06-03 14:03:54 [INFO] tif outdated (tif=14 < nc=15), removing: /opt/***/era5/ecmwf/data/tif/2026/05/29/blh_20260529.tif
[2026-06-03T14:03:54.135+0000] {era5_functions.py:261} INFO - tif outdated (tif=14 < nc=15), removing: /opt/***/era5/ecmwf/data/tif/2026/05/29/blh_20260529.tif
[2026-06-03T14:03:54.220+0000] {logging_mixin.py:188} WARNING - 2026-06-03 14:03:54 [INFO] tif ok (bands=15): /opt/***/era5/ecmwf/data/tif/2026/05/29/blh_20260529.tif
[2026-06-03T14:03:54.220+0000] {era5_functions.py:304} INFO - tif ok (bands=15): /opt/***/era5/ecmwf/data/tif/2026/05/29/blh_20260529.tif
[2026-06-03T14:03:54.236+0000] {logging_mixin.py:188} WARNING - 2026-06-03 14:03:54 [INFO] tif outdated (tif=14 < nc=15), removing: /opt/***/era5/ecmwf/data/tif/2026/05/29/u10_20260529.tif
[2026-06-03T14:03:54.236+0000] {era5_functions.py:261} INFO - tif outdated (tif=14 < nc=15), removing: /opt/***/era5/ecmwf/data/tif/2026/05/29/u10_20260529.tif
[2026-06-03T14:03:54.328+0000] {logging_mixin.py:188} WARNING - 2026-06-03 14:03:54 [INFO] tif ok (bands=15): /opt/***/era5/ecmwf/data/tif/2026/05/29/u10_20260529.tif
[2026-06-03T14:03:54.328+0000] {era5_functions.py:304} INFO - tif ok (bands=15): /opt/***/era5/ecmwf/data/tif/2026/05/29/u10_20260529.tif
[2026-06-03T14:03:54.348+0000] {logging_mixin.py:188} WARNING - 2026-06-03 14:03:54 [INFO] tif outdated (tif=14 < nc=15), removing: /opt/***/era5/ecmwf/data/tif/2026/05/29/v10_20260529.tif
[2026-06-03T14:03:54.348+0000] {era5_functions.py:261} INFO - tif outdated (tif=14 < nc=15), removing: /opt/***/era5/ecmwf/data/tif/2026/05/29/v10_20260529.tif
[2026-06-03T14:03:54.446+0000] {logging_mixin.py:188} WARNING - 2026-06-03 14:03:54 [INFO] tif ok (bands=15): /opt/***/era5/ecmwf/data/tif/2026/05/29/v10_20260529.tif
[2026-06-03T14:03:54.446+0000] {era5_functions.py:304} INFO - tif ok (bands=15): /opt/***/era5/ecmwf/data/tif/2026/05/29/v10_20260529.tif
[2026-06-03T14:03:54.451+0000] {logging_mixin.py:188} WARNING - 2026-06-03 14:03:54 [INFO] === END job=instant date=2026-06-03 ===
[2026-06-03T14:03:54.451+0000] {era5_functions.py:379} INFO - === END job=instant date=2026-06-03 ===
[2026-06-03T14:03:54.453+0000] {python.py:237} INFO - Done. Returned value was: None
[2026-06-03T14:03:54.454+0000] {taskinstance.py:441} INFO - ::group::Post task execution logs
[2026-06-03T14:03:54.473+0000] {taskinstance.py:1206} INFO - Marking task as SUCCESS. dag_id=era5_download_pipeline, task_id=era5_instant, run_id=scheduled__2026-06-03T13:00:00+00:00, execution_date=20260603T130000, start_date=20260603T140002, end_date=20260603T140354
[2026-06-03T14:03:54.542+0000] {local_task_job_runner.py:240} INFO - Task exited with return code 0
[2026-06-03T14:03:54.586+0000] {taskinstance.py:3498} INFO - 1 downstream tasks scheduled from follow-on schedule check
[2026-06-03T14:03:54.591+0000] {local_task_job_runner.py:222} INFO - ::endgroup::
