[2026-05-24T23:00:01.679+0000] {local_task_job_runner.py:120} INFO - ::group::Pre task execution logs
[2026-05-24T23:00:01.704+0000] {taskinstance.py:2076} INFO - Dependencies all met for dep_context=non-requeueable deps ti=<TaskInstance: era5_ecmwf_pipeline.era5_instant scheduled__2026-05-24T22:00:00+00:00 [queued]>
[2026-05-24T23:00:01.714+0000] {taskinstance.py:2076} INFO - Dependencies all met for dep_context=requeueable deps ti=<TaskInstance: era5_ecmwf_pipeline.era5_instant scheduled__2026-05-24T22:00:00+00:00 [queued]>
[2026-05-24T23:00:01.716+0000] {taskinstance.py:2306} INFO - Starting attempt 1 of 1
[2026-05-24T23:00:01.731+0000] {taskinstance.py:2330} INFO - Executing <Task(PythonOperator): era5_instant> on 2026-05-24 22:00:00+00:00
[2026-05-24T23:00:01.745+0000] {warnings.py:110} WARNING - /home/***/.local/lib/python3.12/site-packages/***/task/task_runner/standard_task_runner.py:61: DeprecationWarning: This process (pid=51980) is multi-threaded, use of fork() may lead to deadlocks in the child.
  pid = os.fork()

[2026-05-24T23:00:01.749+0000] {standard_task_runner.py:63} INFO - Started process 51984 to run task
[2026-05-24T23:00:01.748+0000] {standard_task_runner.py:90} INFO - Running: ['***', 'tasks', 'run', 'era5_ecmwf_pipeline', 'era5_instant', 'scheduled__2026-05-24T22:00:00+00:00', '--job-id', '443', '--raw', '--subdir', 'DAGS_FOLDER/era5_dag.py', '--cfg-path', '/tmp/tmpq2ihdiuf']
[2026-05-24T23:00:01.753+0000] {standard_task_runner.py:91} INFO - Job 443: Subtask era5_instant
[2026-05-24T23:00:01.836+0000] {task_command.py:426} INFO - Running <TaskInstance: era5_ecmwf_pipeline.era5_instant scheduled__2026-05-24T22:00:00+00:00 [running]> on host fc8478f399e7
[2026-05-24T23:00:01.966+0000] {taskinstance.py:2648} INFO - Exporting env vars: AIRFLOW_CTX_DAG_OWNER='***' AIRFLOW_CTX_DAG_ID='era5_ecmwf_pipeline' AIRFLOW_CTX_TASK_ID='era5_instant' AIRFLOW_CTX_EXECUTION_DATE='2026-05-24T22:00:00+00:00' AIRFLOW_CTX_TRY_NUMBER='1' AIRFLOW_CTX_DAG_RUN_ID='scheduled__2026-05-24T22:00:00+00:00'
[2026-05-24T23:00:01.968+0000] {taskinstance.py:430} INFO - ::endgroup::
[2026-05-24T23:00:01.989+0000] {logging_mixin.py:188} INFO - RUN → instant | 2026-05-19
[2026-05-24T23:00:02.008+0000] {era5_logger.py:51} INFO - Log file: logs/era5/2026/05/19/era5_20260519.log
[2026-05-24T23:00:02.009+0000] {era5_functions.py:329} INFO - ERA5 [INSTANT] START: 2026-05-19
[2026-05-24T23:00:03.060+0000] {era5_functions.py:285} INFO - ============================================================
[2026-05-24T23:00:03.061+0000] {era5_functions.py:286} INFO - JOB : INSTANT | 2026-05-19
[2026-05-24T23:00:03.063+0000] {era5_functions.py:287} INFO - VARS: ['t2m', 'd2m', 'sp', 'blh', 'u10', 'v10']
[2026-05-24T23:00:03.064+0000] {era5_functions.py:288} INFO - ============================================================
[2026-05-24T23:00:03.425+0000] {era5_functions.py:63} WARNING - [VALIDATE NC] instant_20260519.nc → NOT READY (2/24)
[2026-05-24T23:00:03.428+0000] {era5_functions.py:123} WARNING - [NC] ERA5 not ready → instant_20260519.nc
[2026-05-24T23:00:03.429+0000] {era5_functions.py:295} WARNING - [PIPELINE] skip tif → nc not ready
[2026-05-24T23:00:03.430+0000] {era5_functions.py:341} INFO - ERA5 [INSTANT] COMPLETE ✓
[2026-05-24T23:00:03.431+0000] {logging_mixin.py:188} INFO - RUN → instant | 2026-05-18
[2026-05-24T23:00:03.436+0000] {era5_logger.py:51} INFO - Log file: logs/era5/2026/05/18/era5_20260518.log
[2026-05-24T23:00:03.437+0000] {era5_functions.py:329} INFO - ERA5 [INSTANT] START: 2026-05-18
[2026-05-24T23:00:04.427+0000] {era5_functions.py:285} INFO - ============================================================
[2026-05-24T23:00:04.429+0000] {era5_functions.py:286} INFO - JOB : INSTANT | 2026-05-18
[2026-05-24T23:00:04.430+0000] {era5_functions.py:287} INFO - VARS: ['t2m', 'd2m', 'sp', 'blh', 'u10', 'v10']
[2026-05-24T23:00:04.431+0000] {era5_functions.py:288} INFO - ============================================================
[2026-05-24T23:00:04.494+0000] {era5_functions.py:63} WARNING - [VALIDATE NC] instant_20260518.nc → NOT READY (2/24)
[2026-05-24T23:00:04.497+0000] {era5_functions.py:123} WARNING - [NC] ERA5 not ready → instant_20260518.nc
[2026-05-24T23:00:04.499+0000] {era5_functions.py:295} WARNING - [PIPELINE] skip tif → nc not ready
[2026-05-24T23:00:04.500+0000] {era5_functions.py:341} INFO - ERA5 [INSTANT] COMPLETE ✓
[2026-05-24T23:00:04.502+0000] {logging_mixin.py:188} INFO - RUN → instant | 2026-05-17
[2026-05-24T23:00:04.509+0000] {era5_logger.py:51} INFO - Log file: logs/era5/2026/05/17/era5_20260517.log
[2026-05-24T23:00:04.510+0000] {era5_functions.py:329} INFO - ERA5 [INSTANT] START: 2026-05-17
[2026-05-24T23:00:05.490+0000] {era5_functions.py:285} INFO - ============================================================
[2026-05-24T23:00:05.492+0000] {era5_functions.py:286} INFO - JOB : INSTANT | 2026-05-17
[2026-05-24T23:00:05.494+0000] {era5_functions.py:287} INFO - VARS: ['t2m', 'd2m', 'sp', 'blh', 'u10', 'v10']
[2026-05-24T23:00:05.496+0000] {era5_functions.py:288} INFO - ============================================================
[2026-05-24T23:00:05.570+0000] {era5_functions.py:63} WARNING - [VALIDATE NC] instant_20260517.nc → NOT READY (4/24)
[2026-05-24T23:00:05.575+0000] {era5_functions.py:123} WARNING - [NC] ERA5 not ready → instant_20260517.nc
[2026-05-24T23:00:05.577+0000] {era5_functions.py:295} WARNING - [PIPELINE] skip tif → nc not ready
[2026-05-24T23:00:05.578+0000] {era5_functions.py:341} INFO - ERA5 [INSTANT] COMPLETE ✓
[2026-05-24T23:00:05.580+0000] {python.py:237} INFO - Done. Returned value was: None
[2026-05-24T23:00:05.581+0000] {taskinstance.py:441} INFO - ::group::Post task execution logs
[2026-05-24T23:00:05.597+0000] {taskinstance.py:1206} INFO - Marking task as SUCCESS. dag_id=era5_ecmwf_pipeline, task_id=era5_instant, run_id=scheduled__2026-05-24T22:00:00+00:00, execution_date=20260524T220000, start_date=20260524T230001, end_date=20260524T230005
[2026-05-24T23:00:05.666+0000] {local_task_job_runner.py:240} INFO - Task exited with return code 0
[2026-05-24T23:00:05.689+0000] {taskinstance.py:3498} INFO - 0 downstream tasks scheduled from follow-on schedule check
[2026-05-24T23:00:05.693+0000] {local_task_job_runner.py:222} INFO - ::endgroup::
