[2026-06-23T22:00:02.302+0000] {local_task_job_runner.py:120} INFO - ::group::Pre task execution logs
[2026-06-23T22:00:02.332+0000] {taskinstance.py:2076} INFO - Dependencies all met for dep_context=non-requeueable deps ti=<TaskInstance: era5_download_pipeline.era5_instant scheduled__2026-06-23T21:00:00+00:00 [queued]>
[2026-06-23T22:00:02.343+0000] {taskinstance.py:2076} INFO - Dependencies all met for dep_context=requeueable deps ti=<TaskInstance: era5_download_pipeline.era5_instant scheduled__2026-06-23T21:00:00+00:00 [queued]>
[2026-06-23T22:00:02.344+0000] {taskinstance.py:2306} INFO - Starting attempt 1 of 1
[2026-06-23T22:00:02.361+0000] {taskinstance.py:2330} INFO - Executing <Task(PythonOperator): era5_instant> on 2026-06-23 21:00:00+00:00
[2026-06-23T22:00:02.373+0000] {warnings.py:110} WARNING - /home/***/.local/lib/python3.12/site-packages/***/task/task_runner/standard_task_runner.py:61: DeprecationWarning: This process (pid=233289) is multi-threaded, use of fork() may lead to deadlocks in the child.
  pid = os.fork()

[2026-06-23T22:00:02.376+0000] {standard_task_runner.py:63} INFO - Started process 233293 to run task
[2026-06-23T22:00:02.375+0000] {standard_task_runner.py:90} INFO - Running: ['***', 'tasks', 'run', 'era5_download_pipeline', 'era5_instant', 'scheduled__2026-06-23T21:00:00+00:00', '--job-id', '2237', '--raw', '--subdir', 'DAGS_FOLDER/era5_dag.py', '--cfg-path', '/tmp/tmps0c9uqxv']
[2026-06-23T22:00:02.385+0000] {standard_task_runner.py:91} INFO - Job 2237: Subtask era5_instant
[2026-06-23T22:00:02.471+0000] {task_command.py:426} INFO - Running <TaskInstance: era5_download_pipeline.era5_instant scheduled__2026-06-23T21:00:00+00:00 [running]> on host 01cd476fb21a
[2026-06-23T22:00:02.598+0000] {taskinstance.py:2648} INFO - Exporting env vars: AIRFLOW_CTX_DAG_OWNER='era5' AIRFLOW_CTX_DAG_ID='era5_download_pipeline' AIRFLOW_CTX_TASK_ID='era5_instant' AIRFLOW_CTX_EXECUTION_DATE='2026-06-23T21:00:00+00:00' AIRFLOW_CTX_TRY_NUMBER='1' AIRFLOW_CTX_DAG_RUN_ID='scheduled__2026-06-23T21:00:00+00:00'
[2026-06-23T22:00:02.601+0000] {taskinstance.py:430} INFO - ::endgroup::
[2026-06-23T22:00:03.658+0000] {logging_mixin.py:188} WARNING - 2026-06-23 22:00:03 [INFO] === START job=instant date=2026-06-23 ===
[2026-06-23T22:00:03.658+0000] {era5_functions.py:368} INFO - === START job=instant date=2026-06-23 ===
[2026-06-23T22:00:03.662+0000] {logging_mixin.py:188} WARNING - 2026-06-23 22:00:03 [INFO] --- job=instant date=20260623 ---
[2026-06-23T22:00:03.662+0000] {era5_functions.py:330} INFO - --- job=instant date=20260623 ---
[2026-06-23T22:00:04.359+0000] {logging_mixin.py:188} WARNING - 2026-06-23 22:00:04 [WARNING] get_cds_count failed: 400 Client Error: Bad Request for url: https://cds.climate.copernicus.eu/api/retrieve/v1/processes/reanalysis-era5-single-levels/execution
invalid request
None of the data you have requested is available yet, please revise the period requested. The latest date available for this dataset is: 2026-06-18 22:00
[2026-06-23T22:00:04.358+0000] {era5_functions.py:131} WARNING - get_cds_count failed: 400 Client Error: Bad Request for url: https://cds.climate.copernicus.eu/api/retrieve/v1/processes/reanalysis-era5-single-levels/execution
invalid request
None of the data you have requested is available yet, please revise the period requested. The latest date available for this dataset is: 2026-06-18 22:00
[2026-06-23T22:00:04.362+0000] {logging_mixin.py:188} WARNING - 2026-06-23 22:00:04 [WARNING] CDS ยังไม่มีข้อมูล job=instant date=20260623, skip
[2026-06-23T22:00:04.362+0000] {era5_functions.py:335} WARNING - CDS ยังไม่มีข้อมูล job=instant date=20260623, skip
[2026-06-23T22:00:04.364+0000] {logging_mixin.py:188} WARNING - 2026-06-23 22:00:04 [INFO] --- job=instant date=20260622 ---
[2026-06-23T22:00:04.364+0000] {era5_functions.py:330} INFO - --- job=instant date=20260622 ---
[2026-06-23T22:00:10.825+0000] {logging_mixin.py:188} WARNING - 2026-06-23 22:00:10 [WARNING] get_cds_count failed: 400 Client Error: Bad Request for url: https://cds.climate.copernicus.eu/api/retrieve/v1/processes/reanalysis-era5-single-levels/execution
invalid request
None of the data you have requested is available yet, please revise the period requested. The latest date available for this dataset is: 2026-06-18 22:00
[2026-06-23T22:00:10.825+0000] {era5_functions.py:131} WARNING - get_cds_count failed: 400 Client Error: Bad Request for url: https://cds.climate.copernicus.eu/api/retrieve/v1/processes/reanalysis-era5-single-levels/execution
invalid request
None of the data you have requested is available yet, please revise the period requested. The latest date available for this dataset is: 2026-06-18 22:00
[2026-06-23T22:00:10.829+0000] {logging_mixin.py:188} WARNING - 2026-06-23 22:00:10 [WARNING] CDS ยังไม่มีข้อมูล job=instant date=20260622, skip
[2026-06-23T22:00:10.829+0000] {era5_functions.py:335} WARNING - CDS ยังไม่มีข้อมูล job=instant date=20260622, skip
[2026-06-23T22:00:10.832+0000] {logging_mixin.py:188} WARNING - 2026-06-23 22:00:10 [INFO] --- job=instant date=20260621 ---
[2026-06-23T22:00:10.832+0000] {era5_functions.py:330} INFO - --- job=instant date=20260621 ---
[2026-06-23T22:00:11.411+0000] {logging_mixin.py:188} WARNING - 2026-06-23 22:00:11 [WARNING] get_cds_count failed: 400 Client Error: Bad Request for url: https://cds.climate.copernicus.eu/api/retrieve/v1/processes/reanalysis-era5-single-levels/execution
invalid request
None of the data you have requested is available yet, please revise the period requested. The latest date available for this dataset is: 2026-06-18 22:00
[2026-06-23T22:00:11.410+0000] {era5_functions.py:131} WARNING - get_cds_count failed: 400 Client Error: Bad Request for url: https://cds.climate.copernicus.eu/api/retrieve/v1/processes/reanalysis-era5-single-levels/execution
invalid request
None of the data you have requested is available yet, please revise the period requested. The latest date available for this dataset is: 2026-06-18 22:00
[2026-06-23T22:00:11.417+0000] {logging_mixin.py:188} WARNING - 2026-06-23 22:00:11 [WARNING] CDS ยังไม่มีข้อมูล job=instant date=20260621, skip
[2026-06-23T22:00:11.416+0000] {era5_functions.py:335} WARNING - CDS ยังไม่มีข้อมูล job=instant date=20260621, skip
[2026-06-23T22:00:11.421+0000] {logging_mixin.py:188} WARNING - 2026-06-23 22:00:11 [INFO] --- job=instant date=20260620 ---
[2026-06-23T22:00:11.420+0000] {era5_functions.py:330} INFO - --- job=instant date=20260620 ---
[2026-06-23T22:00:13.709+0000] {logging_mixin.py:188} WARNING - 2026-06-23 22:00:13 [WARNING] get_cds_count failed: 400 Client Error: Bad Request for url: https://cds.climate.copernicus.eu/api/retrieve/v1/processes/reanalysis-era5-single-levels/execution
invalid request
None of the data you have requested is available yet, please revise the period requested. The latest date available for this dataset is: 2026-06-18 22:00
[2026-06-23T22:00:13.709+0000] {era5_functions.py:131} WARNING - get_cds_count failed: 400 Client Error: Bad Request for url: https://cds.climate.copernicus.eu/api/retrieve/v1/processes/reanalysis-era5-single-levels/execution
invalid request
None of the data you have requested is available yet, please revise the period requested. The latest date available for this dataset is: 2026-06-18 22:00
[2026-06-23T22:00:13.714+0000] {logging_mixin.py:188} WARNING - 2026-06-23 22:00:13 [WARNING] CDS ยังไม่มีข้อมูล job=instant date=20260620, skip
[2026-06-23T22:00:13.713+0000] {era5_functions.py:335} WARNING - CDS ยังไม่มีข้อมูล job=instant date=20260620, skip
[2026-06-23T22:00:13.718+0000] {logging_mixin.py:188} WARNING - 2026-06-23 22:00:13 [INFO] --- job=instant date=20260619 ---
[2026-06-23T22:00:13.718+0000] {era5_functions.py:330} INFO - --- job=instant date=20260619 ---
[2026-06-23T22:00:15.614+0000] {logging_mixin.py:188} WARNING - 2026-06-23 22:00:15 [WARNING] get_cds_count failed: 400 Client Error: Bad Request for url: https://cds.climate.copernicus.eu/api/retrieve/v1/processes/reanalysis-era5-single-levels/execution
invalid request
None of the data you have requested is available yet, please revise the period requested. The latest date available for this dataset is: 2026-06-18 22:00
[2026-06-23T22:00:15.613+0000] {era5_functions.py:131} WARNING - get_cds_count failed: 400 Client Error: Bad Request for url: https://cds.climate.copernicus.eu/api/retrieve/v1/processes/reanalysis-era5-single-levels/execution
invalid request
None of the data you have requested is available yet, please revise the period requested. The latest date available for this dataset is: 2026-06-18 22:00
[2026-06-23T22:00:15.617+0000] {logging_mixin.py:188} WARNING - 2026-06-23 22:00:15 [WARNING] CDS ยังไม่มีข้อมูล job=instant date=20260619, skip
[2026-06-23T22:00:15.617+0000] {era5_functions.py:335} WARNING - CDS ยังไม่มีข้อมูล job=instant date=20260619, skip
[2026-06-23T22:00:15.621+0000] {logging_mixin.py:188} WARNING - 2026-06-23 22:00:15 [INFO] --- job=instant date=20260618 ---
[2026-06-23T22:00:15.620+0000] {era5_functions.py:330} INFO - --- job=instant date=20260618 ---
[2026-06-23T22:00:16.312+0000] {logging_mixin.py:188} WARNING - 2026-06-23 22:00:16,312 INFO [2025-12-11T00:00:00] Please note that a dedicated catalogue entry for this dataset, post-processed and stored in Analysis Ready Cloud Optimized (ARCO) format (Zarr), is available for optimised time-series retrievals (i.e. for retrieving data from selected variables for a single point over an extended period of time in an efficient way). You can discover it [here](https://cds.climate.copernicus.eu/datasets/reanalysis-era5-single-levels-timeseries?tab=overview)
[2026-06-23T22:00:16.312+0000] {legacy_client.py:192} INFO - [2025-12-11T00:00:00] Please note that a dedicated catalogue entry for this dataset, post-processed and stored in Analysis Ready Cloud Optimized (ARCO) format (Zarr), is available for optimised time-series retrievals (i.e. for retrieving data from selected variables for a single point over an extended period of time in an efficient way). You can discover it [here](https://cds.climate.copernicus.eu/datasets/reanalysis-era5-single-levels-timeseries?tab=overview)
[2026-06-23T22:00:16.317+0000] {logging_mixin.py:188} WARNING - 2026-06-23 22:00:16,316 INFO Request ID is 41d136fe-37f5-4ef3-b6fc-28880e4bd8b3
[2026-06-23T22:00:16.316+0000] {legacy_client.py:192} INFO - Request ID is 41d136fe-37f5-4ef3-b6fc-28880e4bd8b3
[2026-06-23T22:00:16.539+0000] {logging_mixin.py:188} WARNING - 2026-06-23 22:00:16,539 INFO status has been updated to accepted
[2026-06-23T22:00:16.539+0000] {legacy_client.py:192} INFO - status has been updated to accepted
[2026-06-23T22:00:52.294+0000] {logging_mixin.py:188} WARNING - 2026-06-23 22:00:52,294 INFO status has been updated to successful
[2026-06-23T22:00:52.294+0000] {legacy_client.py:192} INFO - status has been updated to successful
[2026-06-23T22:00:52.696+0000] {base.py:119} INFO - Downloading https://object-store.os-api.cci2.ecmwf.int:443/cci2-prod-cache-1/2026-06-23/ef5fe14c44b38a6722576ca3708838cf.nc
[2026-06-23T22:00:53.738+0000] {logging_mixin.py:188} WARNING - ef5fe14c44b38a6722576ca3708838cf.nc:   0%|          | 0.00/2.46M [00:00<?, ?B/s]
[2026-06-23T22:00:55.663+0000] {logging_mixin.py:188} WARNING - ef5fe14c44b38a6722576ca3708838cf.nc:  41%|####      | 1.00M/2.46M [00:01<00:02, 546kB/s]
[2026-06-23T22:00:55.843+0000] {logging_mixin.py:188} WARNING - ef5fe14c44b38a6722576ca3708838cf.nc:  81%|########1 | 2.00M/2.46M [00:02<00:00, 1.17MB/s]
[2026-06-23T22:00:56.010+0000] {logging_mixin.py:188} WARNING - ef5fe14c44b38a6722576ca3708838cf.nc: 100%|##########| 2.46M/2.46M [00:02<00:00, 1.40MB/s]
[2026-06-23T22:00:56.014+0000] {logging_mixin.py:188} WARNING -                                                                                          
[2026-06-23T22:00:56.327+0000] {logging_mixin.py:188} WARNING - 2026-06-23 22:00:56 [INFO] CDS timestep available: 23
[2026-06-23T22:00:56.327+0000] {era5_functions.py:128} INFO - CDS timestep available: 23
[2026-06-23T22:00:56.431+0000] {logging_mixin.py:188} WARNING - 2026-06-23 22:00:56 [INFO] local timestep: 22 — /opt/***/era5/ecmwf/data/nc/_raw/2026/06/18/instant_20260618.nc
[2026-06-23T22:00:56.431+0000] {era5_functions.py:152} INFO - local timestep: 22 — /opt/***/era5/ecmwf/data/nc/_raw/2026/06/18/instant_20260618.nc
[2026-06-23T22:00:56.439+0000] {logging_mixin.py:188} WARNING - 2026-06-23 22:00:56 [INFO] nc outdated (local=22 < cds=23), removing: /opt/***/era5/ecmwf/data/nc/_raw/2026/06/18/instant_20260618.nc
[2026-06-23T22:00:56.439+0000] {era5_functions.py:193} INFO - nc outdated (local=22 < cds=23), removing: /opt/***/era5/ecmwf/data/nc/_raw/2026/06/18/instant_20260618.nc
[2026-06-23T22:00:56.459+0000] {logging_mixin.py:188} WARNING - 2026-06-23 22:00:56 [INFO] download attempt 1/3: /opt/***/era5/ecmwf/data/nc/_raw/2026/06/18/instant_20260618.nc
[2026-06-23T22:00:56.459+0000] {era5_functions.py:200} INFO - download attempt 1/3: /opt/***/era5/ecmwf/data/nc/_raw/2026/06/18/instant_20260618.nc
[2026-06-23T22:00:57.163+0000] {logging_mixin.py:188} WARNING - 2026-06-23 22:00:57,163 INFO [2025-12-11T00:00:00] Please note that a dedicated catalogue entry for this dataset, post-processed and stored in Analysis Ready Cloud Optimized (ARCO) format (Zarr), is available for optimised time-series retrievals (i.e. for retrieving data from selected variables for a single point over an extended period of time in an efficient way). You can discover it [here](https://cds.climate.copernicus.eu/datasets/reanalysis-era5-single-levels-timeseries?tab=overview)
[2026-06-23T22:00:57.163+0000] {legacy_client.py:192} INFO - [2025-12-11T00:00:00] Please note that a dedicated catalogue entry for this dataset, post-processed and stored in Analysis Ready Cloud Optimized (ARCO) format (Zarr), is available for optimised time-series retrievals (i.e. for retrieving data from selected variables for a single point over an extended period of time in an efficient way). You can discover it [here](https://cds.climate.copernicus.eu/datasets/reanalysis-era5-single-levels-timeseries?tab=overview)
[2026-06-23T22:00:57.166+0000] {logging_mixin.py:188} WARNING - 2026-06-23 22:00:57,165 INFO Request ID is 8224f8c2-fcde-40d3-93b5-0d69563a01c7
[2026-06-23T22:00:57.165+0000] {legacy_client.py:192} INFO - Request ID is 8224f8c2-fcde-40d3-93b5-0d69563a01c7
[2026-06-23T22:00:57.403+0000] {logging_mixin.py:188} WARNING - 2026-06-23 22:00:57,402 INFO status has been updated to accepted
[2026-06-23T22:00:57.402+0000] {legacy_client.py:192} INFO - status has been updated to accepted
[2026-06-23T22:01:16.587+0000] {logging_mixin.py:188} WARNING - 2026-06-23 22:01:16,587 INFO status has been updated to running
[2026-06-23T22:01:16.587+0000] {legacy_client.py:192} INFO - status has been updated to running
[2026-06-23T22:01:24.387+0000] {logging_mixin.py:188} WARNING - 2026-06-23 22:01:24,386 INFO status has been updated to successful
[2026-06-23T22:01:24.386+0000] {legacy_client.py:192} INFO - status has been updated to successful
[2026-06-23T22:01:24.835+0000] {base.py:119} INFO - Downloading https://object-store.os-api.cci2.ecmwf.int:443/cci2-prod-cache-3/2026-06-23/8a204112a91b728d592560f2cde1214e.nc
[2026-06-23T22:01:25.552+0000] {logging_mixin.py:188} WARNING - 8a204112a91b728d592560f2cde1214e.nc:   0%|          | 0.00/2.46M [00:00<?, ?B/s]
[2026-06-23T22:01:27.809+0000] {logging_mixin.py:188} WARNING - 8a204112a91b728d592560f2cde1214e.nc:  41%|####      | 1.00M/2.46M [00:02<00:03, 465kB/s]
[2026-06-23T22:01:28.186+0000] {logging_mixin.py:188} WARNING - 8a204112a91b728d592560f2cde1214e.nc:  81%|########1 | 2.00M/2.46M [00:02<00:00, 911kB/s]
[2026-06-23T22:01:28.221+0000] {logging_mixin.py:188} WARNING -                                                                                         
[2026-06-23T22:01:28.413+0000] {logging_mixin.py:188} WARNING - 2026-06-23 22:01:28 [INFO] nc downloaded ok: /opt/***/era5/ecmwf/data/nc/_raw/2026/06/18/instant_20260618.nc
[2026-06-23T22:01:28.413+0000] {era5_functions.py:204} INFO - nc downloaded ok: /opt/***/era5/ecmwf/data/nc/_raw/2026/06/18/instant_20260618.nc
[2026-06-23T22:01:28.511+0000] {logging_mixin.py:188} WARNING - 2026-06-23 22:01:28 [INFO] local timestep: 23 — /opt/***/era5/ecmwf/data/nc/_raw/2026/06/18/instant_20260618.nc
[2026-06-23T22:01:28.511+0000] {era5_functions.py:152} INFO - local timestep: 23 — /opt/***/era5/ecmwf/data/nc/_raw/2026/06/18/instant_20260618.nc
[2026-06-23T22:01:28.628+0000] {logging_mixin.py:188} WARNING - 2026-06-23 22:01:28 [INFO] tif outdated (tif=22 < nc=23), removing: /opt/***/era5/ecmwf/data/tif/2026/06/18/t2m_20260618.tif
[2026-06-23T22:01:28.628+0000] {era5_functions.py:261} INFO - tif outdated (tif=22 < nc=23), removing: /opt/***/era5/ecmwf/data/tif/2026/06/18/t2m_20260618.tif
[2026-06-23T22:01:28.730+0000] {logging_mixin.py:188} WARNING - 2026-06-23 22:01:28 [INFO] tif ok (bands=23): /opt/***/era5/ecmwf/data/tif/2026/06/18/t2m_20260618.tif
[2026-06-23T22:01:28.730+0000] {era5_functions.py:304} INFO - tif ok (bands=23): /opt/***/era5/ecmwf/data/tif/2026/06/18/t2m_20260618.tif
[2026-06-23T22:01:28.746+0000] {logging_mixin.py:188} WARNING - 2026-06-23 22:01:28 [INFO] tif outdated (tif=22 < nc=23), removing: /opt/***/era5/ecmwf/data/tif/2026/06/18/d2m_20260618.tif
[2026-06-23T22:01:28.746+0000] {era5_functions.py:261} INFO - tif outdated (tif=22 < nc=23), removing: /opt/***/era5/ecmwf/data/tif/2026/06/18/d2m_20260618.tif
[2026-06-23T22:01:28.879+0000] {logging_mixin.py:188} WARNING - 2026-06-23 22:01:28 [INFO] tif ok (bands=23): /opt/***/era5/ecmwf/data/tif/2026/06/18/d2m_20260618.tif
[2026-06-23T22:01:28.879+0000] {era5_functions.py:304} INFO - tif ok (bands=23): /opt/***/era5/ecmwf/data/tif/2026/06/18/d2m_20260618.tif
[2026-06-23T22:01:28.901+0000] {logging_mixin.py:188} WARNING - 2026-06-23 22:01:28 [INFO] tif outdated (tif=22 < nc=23), removing: /opt/***/era5/ecmwf/data/tif/2026/06/18/sp_20260618.tif
[2026-06-23T22:01:28.901+0000] {era5_functions.py:261} INFO - tif outdated (tif=22 < nc=23), removing: /opt/***/era5/ecmwf/data/tif/2026/06/18/sp_20260618.tif
[2026-06-23T22:01:29.013+0000] {logging_mixin.py:188} WARNING - 2026-06-23 22:01:29 [INFO] tif ok (bands=23): /opt/***/era5/ecmwf/data/tif/2026/06/18/sp_20260618.tif
[2026-06-23T22:01:29.013+0000] {era5_functions.py:304} INFO - tif ok (bands=23): /opt/***/era5/ecmwf/data/tif/2026/06/18/sp_20260618.tif
[2026-06-23T22:01:29.032+0000] {logging_mixin.py:188} WARNING - 2026-06-23 22:01:29 [INFO] tif outdated (tif=22 < nc=23), removing: /opt/***/era5/ecmwf/data/tif/2026/06/18/blh_20260618.tif
[2026-06-23T22:01:29.032+0000] {era5_functions.py:261} INFO - tif outdated (tif=22 < nc=23), removing: /opt/***/era5/ecmwf/data/tif/2026/06/18/blh_20260618.tif
[2026-06-23T22:01:29.142+0000] {logging_mixin.py:188} WARNING - 2026-06-23 22:01:29 [INFO] tif ok (bands=23): /opt/***/era5/ecmwf/data/tif/2026/06/18/blh_20260618.tif
[2026-06-23T22:01:29.142+0000] {era5_functions.py:304} INFO - tif ok (bands=23): /opt/***/era5/ecmwf/data/tif/2026/06/18/blh_20260618.tif
[2026-06-23T22:01:29.160+0000] {logging_mixin.py:188} WARNING - 2026-06-23 22:01:29 [INFO] tif outdated (tif=22 < nc=23), removing: /opt/***/era5/ecmwf/data/tif/2026/06/18/u10_20260618.tif
[2026-06-23T22:01:29.159+0000] {era5_functions.py:261} INFO - tif outdated (tif=22 < nc=23), removing: /opt/***/era5/ecmwf/data/tif/2026/06/18/u10_20260618.tif
[2026-06-23T22:01:29.275+0000] {logging_mixin.py:188} WARNING - 2026-06-23 22:01:29 [INFO] tif ok (bands=23): /opt/***/era5/ecmwf/data/tif/2026/06/18/u10_20260618.tif
[2026-06-23T22:01:29.275+0000] {era5_functions.py:304} INFO - tif ok (bands=23): /opt/***/era5/ecmwf/data/tif/2026/06/18/u10_20260618.tif
[2026-06-23T22:01:29.309+0000] {logging_mixin.py:188} WARNING - 2026-06-23 22:01:29 [INFO] tif outdated (tif=22 < nc=23), removing: /opt/***/era5/ecmwf/data/tif/2026/06/18/v10_20260618.tif
[2026-06-23T22:01:29.309+0000] {era5_functions.py:261} INFO - tif outdated (tif=22 < nc=23), removing: /opt/***/era5/ecmwf/data/tif/2026/06/18/v10_20260618.tif
[2026-06-23T22:01:29.441+0000] {logging_mixin.py:188} WARNING - 2026-06-23 22:01:29 [INFO] tif ok (bands=23): /opt/***/era5/ecmwf/data/tif/2026/06/18/v10_20260618.tif
[2026-06-23T22:01:29.441+0000] {era5_functions.py:304} INFO - tif ok (bands=23): /opt/***/era5/ecmwf/data/tif/2026/06/18/v10_20260618.tif
[2026-06-23T22:01:29.448+0000] {logging_mixin.py:188} WARNING - 2026-06-23 22:01:29 [INFO] === END job=instant date=2026-06-23 ===
[2026-06-23T22:01:29.448+0000] {era5_functions.py:379} INFO - === END job=instant date=2026-06-23 ===
[2026-06-23T22:01:29.450+0000] {python.py:237} INFO - Done. Returned value was: None
[2026-06-23T22:01:29.451+0000] {taskinstance.py:441} INFO - ::group::Post task execution logs
[2026-06-23T22:01:29.467+0000] {taskinstance.py:1206} INFO - Marking task as SUCCESS. dag_id=era5_download_pipeline, task_id=era5_instant, run_id=scheduled__2026-06-23T21:00:00+00:00, execution_date=20260623T210000, start_date=20260623T220002, end_date=20260623T220129
[2026-06-23T22:01:29.557+0000] {local_task_job_runner.py:240} INFO - Task exited with return code 0
[2026-06-23T22:01:29.578+0000] {taskinstance.py:3498} INFO - 0 downstream tasks scheduled from follow-on schedule check
[2026-06-23T22:01:29.582+0000] {local_task_job_runner.py:222} INFO - ::endgroup::
