[2026-05-28T02:31:37.105+0000] {local_task_job_runner.py:120} INFO - ::group::Pre task execution logs
[2026-05-28T02:31:37.126+0000] {taskinstance.py:2076} INFO - Dependencies all met for dep_context=non-requeueable deps ti=<TaskInstance: era5_download_pipeline.era5_accum manual__2026-05-28T02:30:52.654568+00:00 [queued]>
[2026-05-28T02:31:37.139+0000] {taskinstance.py:2076} INFO - Dependencies all met for dep_context=requeueable deps ti=<TaskInstance: era5_download_pipeline.era5_accum manual__2026-05-28T02:30:52.654568+00:00 [queued]>
[2026-05-28T02:31:37.140+0000] {taskinstance.py:2306} INFO - Starting attempt 1 of 1
[2026-05-28T02:31:37.155+0000] {taskinstance.py:2330} INFO - Executing <Task(PythonOperator): era5_accum> on 2026-05-28 02:30:52.654568+00:00
[2026-05-28T02:31:37.167+0000] {warnings.py:110} WARNING - /home/***/.local/lib/python3.12/site-packages/***/task/task_runner/standard_task_runner.py:61: DeprecationWarning: This process (pid=93) is multi-threaded, use of fork() may lead to deadlocks in the child.
  pid = os.fork()

[2026-05-28T02:31:37.177+0000] {standard_task_runner.py:63} INFO - Started process 95 to run task
[2026-05-28T02:31:37.177+0000] {standard_task_runner.py:90} INFO - Running: ['***', 'tasks', 'run', 'era5_download_pipeline', 'era5_accum', 'manual__2026-05-28T02:30:52.654568+00:00', '--job-id', '583', '--raw', '--subdir', 'DAGS_FOLDER/era5_dag.py', '--cfg-path', '/tmp/tmp0w46axl3']
[2026-05-28T02:31:37.181+0000] {standard_task_runner.py:91} INFO - Job 583: Subtask era5_accum
[2026-05-28T02:31:37.250+0000] {task_command.py:426} INFO - Running <TaskInstance: era5_download_pipeline.era5_accum manual__2026-05-28T02:30:52.654568+00:00 [running]> on host 2578d14b9363
[2026-05-28T02:31:37.347+0000] {taskinstance.py:2648} INFO - Exporting env vars: AIRFLOW_CTX_DAG_OWNER='era5' AIRFLOW_CTX_DAG_ID='era5_download_pipeline' AIRFLOW_CTX_TASK_ID='era5_accum' AIRFLOW_CTX_EXECUTION_DATE='2026-05-28T02:30:52.654568+00:00' AIRFLOW_CTX_TRY_NUMBER='1' AIRFLOW_CTX_DAG_RUN_ID='manual__2026-05-28T02:30:52.654568+00:00'
[2026-05-28T02:31:37.349+0000] {taskinstance.py:430} INFO - ::endgroup::
[2026-05-28T02:31:38.375+0000] {logging_mixin.py:188} WARNING - 2026-05-28 02:31:38 [INFO] === START job=accum date=2026-05-28 ===
[2026-05-28T02:31:38.374+0000] {era5_functions.py:327} INFO - === START job=accum date=2026-05-28 ===
[2026-05-28T02:31:38.377+0000] {logging_mixin.py:188} WARNING - 2026-05-28 02:31:38 [INFO] --- job=accum date=20260528 ---
[2026-05-28T02:31:38.377+0000] {era5_functions.py:295} INFO - --- job=accum date=20260528 ---
[2026-05-28T02:31:38.952+0000] {logging_mixin.py:188} WARNING - 2026-05-28 02:31:38 [WARNING] get_cds_count failed: 400 Client Error: Bad Request for url: https://cds.climate.copernicus.eu/api/retrieve/v1/processes/reanalysis-era5-single-levels/execution
invalid request
None of the data you have requested is available yet, please revise the period requested. The latest date available for this dataset is: 2026-05-23 02:00
[2026-05-28T02:31:38.952+0000] {era5_functions.py:120} WARNING - get_cds_count failed: 400 Client Error: Bad Request for url: https://cds.climate.copernicus.eu/api/retrieve/v1/processes/reanalysis-era5-single-levels/execution
invalid request
None of the data you have requested is available yet, please revise the period requested. The latest date available for this dataset is: 2026-05-23 02:00
[2026-05-28T02:31:38.954+0000] {logging_mixin.py:188} WARNING - 2026-05-28 02:31:38 [WARNING] CDS ยังไม่มีข้อมูล job=accum date=20260528, skip
[2026-05-28T02:31:38.954+0000] {era5_functions.py:300} WARNING - CDS ยังไม่มีข้อมูล job=accum date=20260528, skip
[2026-05-28T02:31:38.956+0000] {logging_mixin.py:188} WARNING - 2026-05-28 02:31:38 [INFO] --- job=accum date=20260527 ---
[2026-05-28T02:31:38.956+0000] {era5_functions.py:295} INFO - --- job=accum date=20260527 ---
[2026-05-28T02:31:39.382+0000] {logging_mixin.py:188} WARNING - 2026-05-28 02:31:39 [WARNING] get_cds_count failed: 400 Client Error: Bad Request for url: https://cds.climate.copernicus.eu/api/retrieve/v1/processes/reanalysis-era5-single-levels/execution
invalid request
None of the data you have requested is available yet, please revise the period requested. The latest date available for this dataset is: 2026-05-23 02:00
[2026-05-28T02:31:39.382+0000] {era5_functions.py:120} WARNING - get_cds_count failed: 400 Client Error: Bad Request for url: https://cds.climate.copernicus.eu/api/retrieve/v1/processes/reanalysis-era5-single-levels/execution
invalid request
None of the data you have requested is available yet, please revise the period requested. The latest date available for this dataset is: 2026-05-23 02:00
[2026-05-28T02:31:39.384+0000] {logging_mixin.py:188} WARNING - 2026-05-28 02:31:39 [WARNING] CDS ยังไม่มีข้อมูล job=accum date=20260527, skip
[2026-05-28T02:31:39.384+0000] {era5_functions.py:300} WARNING - CDS ยังไม่มีข้อมูล job=accum date=20260527, skip
[2026-05-28T02:31:39.386+0000] {logging_mixin.py:188} WARNING - 2026-05-28 02:31:39 [INFO] --- job=accum date=20260526 ---
[2026-05-28T02:31:39.386+0000] {era5_functions.py:295} INFO - --- job=accum date=20260526 ---
[2026-05-28T02:31:41.952+0000] {logging_mixin.py:188} WARNING - 2026-05-28 02:31:41 [WARNING] get_cds_count failed: 400 Client Error: Bad Request for url: https://cds.climate.copernicus.eu/api/retrieve/v1/processes/reanalysis-era5-single-levels/execution
invalid request
None of the data you have requested is available yet, please revise the period requested. The latest date available for this dataset is: 2026-05-23 02:00
[2026-05-28T02:31:41.952+0000] {era5_functions.py:120} WARNING - get_cds_count failed: 400 Client Error: Bad Request for url: https://cds.climate.copernicus.eu/api/retrieve/v1/processes/reanalysis-era5-single-levels/execution
invalid request
None of the data you have requested is available yet, please revise the period requested. The latest date available for this dataset is: 2026-05-23 02:00
[2026-05-28T02:31:41.955+0000] {logging_mixin.py:188} WARNING - 2026-05-28 02:31:41 [WARNING] CDS ยังไม่มีข้อมูล job=accum date=20260526, skip
[2026-05-28T02:31:41.955+0000] {era5_functions.py:300} WARNING - CDS ยังไม่มีข้อมูล job=accum date=20260526, skip
[2026-05-28T02:31:41.958+0000] {logging_mixin.py:188} WARNING - 2026-05-28 02:31:41 [INFO] --- job=accum date=20260525 ---
[2026-05-28T02:31:41.958+0000] {era5_functions.py:295} INFO - --- job=accum date=20260525 ---
[2026-05-28T02:31:43.501+0000] {logging_mixin.py:188} WARNING - 2026-05-28 02:31:43 [WARNING] get_cds_count failed: 400 Client Error: Bad Request for url: https://cds.climate.copernicus.eu/api/retrieve/v1/processes/reanalysis-era5-single-levels/execution
invalid request
None of the data you have requested is available yet, please revise the period requested. The latest date available for this dataset is: 2026-05-23 02:00
[2026-05-28T02:31:43.501+0000] {era5_functions.py:120} WARNING - get_cds_count failed: 400 Client Error: Bad Request for url: https://cds.climate.copernicus.eu/api/retrieve/v1/processes/reanalysis-era5-single-levels/execution
invalid request
None of the data you have requested is available yet, please revise the period requested. The latest date available for this dataset is: 2026-05-23 02:00
[2026-05-28T02:31:43.503+0000] {logging_mixin.py:188} WARNING - 2026-05-28 02:31:43 [WARNING] CDS ยังไม่มีข้อมูล job=accum date=20260525, skip
[2026-05-28T02:31:43.503+0000] {era5_functions.py:300} WARNING - CDS ยังไม่มีข้อมูล job=accum date=20260525, skip
[2026-05-28T02:31:43.506+0000] {logging_mixin.py:188} WARNING - 2026-05-28 02:31:43 [INFO] --- job=accum date=20260524 ---
[2026-05-28T02:31:43.506+0000] {era5_functions.py:295} INFO - --- job=accum date=20260524 ---
[2026-05-28T02:31:44.858+0000] {http.py:514} WARNING - Recovering from HTTP error [502 Bad Gateway], attempt 1 of 500
[2026-05-28T02:31:44.859+0000] {http.py:537} WARNING - Retrying in 120 seconds
[2026-05-28T02:33:44.850+0000] {http.py:544} INFO - Retrying now...
[2026-05-28T02:33:45.843+0000] {logging_mixin.py:188} WARNING - 2026-05-28 02:33:45 [WARNING] get_cds_count failed: 400 Client Error: Bad Request for url: https://cds.climate.copernicus.eu/api/retrieve/v1/processes/reanalysis-era5-single-levels/execution
invalid request
None of the data you have requested is available yet, please revise the period requested. The latest date available for this dataset is: 2026-05-23 02:00
[2026-05-28T02:33:45.843+0000] {era5_functions.py:120} WARNING - get_cds_count failed: 400 Client Error: Bad Request for url: https://cds.climate.copernicus.eu/api/retrieve/v1/processes/reanalysis-era5-single-levels/execution
invalid request
None of the data you have requested is available yet, please revise the period requested. The latest date available for this dataset is: 2026-05-23 02:00
[2026-05-28T02:33:45.846+0000] {logging_mixin.py:188} WARNING - 2026-05-28 02:33:45 [WARNING] CDS ยังไม่มีข้อมูล job=accum date=20260524, skip
[2026-05-28T02:33:45.845+0000] {era5_functions.py:300} WARNING - CDS ยังไม่มีข้อมูล job=accum date=20260524, skip
[2026-05-28T02:33:45.848+0000] {logging_mixin.py:188} WARNING - 2026-05-28 02:33:45 [INFO] --- job=accum date=20260523 ---
[2026-05-28T02:33:45.848+0000] {era5_functions.py:295} INFO - --- job=accum date=20260523 ---
[2026-05-28T02:33:46.573+0000] {logging_mixin.py:188} WARNING - 2026-05-28 02:33:46,573 INFO [2025-12-11T00:00:00] Please note that a dedicated catalogue entry for this dataset, post-processed and stored in Analysis Ready Cloud Optimized (ARCO) format (Zarr), is available for optimised time-series retrievals (i.e. for retrieving data from selected variables for a single point over an extended period of time in an efficient way). You can discover it [here](https://cds.climate.copernicus.eu/datasets/reanalysis-era5-single-levels-timeseries?tab=overview)
[2026-05-28T02:33:46.573+0000] {legacy_client.py:192} INFO - [2025-12-11T00:00:00] Please note that a dedicated catalogue entry for this dataset, post-processed and stored in Analysis Ready Cloud Optimized (ARCO) format (Zarr), is available for optimised time-series retrievals (i.e. for retrieving data from selected variables for a single point over an extended period of time in an efficient way). You can discover it [here](https://cds.climate.copernicus.eu/datasets/reanalysis-era5-single-levels-timeseries?tab=overview)
[2026-05-28T02:33:46.575+0000] {logging_mixin.py:188} WARNING - 2026-05-28 02:33:46,575 INFO Request ID is db393b75-9e03-4fb0-a997-6c4209ecd34e
[2026-05-28T02:33:46.575+0000] {legacy_client.py:192} INFO - Request ID is db393b75-9e03-4fb0-a997-6c4209ecd34e
[2026-05-28T02:33:46.797+0000] {logging_mixin.py:188} WARNING - 2026-05-28 02:33:46,797 INFO status has been updated to accepted
[2026-05-28T02:33:46.797+0000] {legacy_client.py:192} INFO - status has been updated to accepted
[2026-05-28T02:34:09.018+0000] {logging_mixin.py:188} WARNING - 2026-05-28 02:34:09,018 INFO status has been updated to successful
[2026-05-28T02:34:09.018+0000] {legacy_client.py:192} INFO - status has been updated to successful
[2026-05-28T02:34:09.438+0000] {base.py:119} INFO - Downloading https://object-store.os-api.cci2.ecmwf.int:443/cci2-prod-cache-1/2026-05-28/618b4094e97d8be57fe055b5e7f65c5b.nc
[2026-05-28T02:34:10.433+0000] {logging_mixin.py:188} WARNING - 618b4094e97d8be57fe055b5e7f65c5b.nc:   0%|          | 0.00/66.2k [00:00<?, ?B/s]
[2026-05-28T02:34:11.786+0000] {logging_mixin.py:188} WARNING - 618b4094e97d8be57fe055b5e7f65c5b.nc: 100%|##########| 66.2k/66.2k [00:01<00:00, 50.2kB/s]
[2026-05-28T02:34:11.788+0000] {logging_mixin.py:188} WARNING -                                                                                          
[2026-05-28T02:34:12.004+0000] {logging_mixin.py:188} WARNING - 2026-05-28 02:34:12 [INFO] CDS timestep available: 3
[2026-05-28T02:34:12.004+0000] {era5_functions.py:117} INFO - CDS timestep available: 3
[2026-05-28T02:34:12.052+0000] {logging_mixin.py:188} WARNING - 2026-05-28 02:34:12 [INFO] local timestep: 3 — /opt/***/era5/ecmwf/data/nc/_raw/2026/05/23/accum_20260523.nc
[2026-05-28T02:34:12.052+0000] {era5_functions.py:141} INFO - local timestep: 3 — /opt/***/era5/ecmwf/data/nc/_raw/2026/05/23/accum_20260523.nc
[2026-05-28T02:34:12.054+0000] {logging_mixin.py:188} WARNING - 2026-05-28 02:34:12 [INFO] nc up-to-date (local=3, cds=3): /opt/***/era5/ecmwf/data/nc/_raw/2026/05/23/accum_20260523.nc
[2026-05-28T02:34:12.054+0000] {era5_functions.py:163} INFO - nc up-to-date (local=3, cds=3): /opt/***/era5/ecmwf/data/nc/_raw/2026/05/23/accum_20260523.nc
[2026-05-28T02:34:12.114+0000] {logging_mixin.py:188} WARNING - 2026-05-28 02:34:12 [INFO] tif up-to-date, skip: /opt/***/era5/ecmwf/data/tif/2026/05/23/tp_20260523.tif
[2026-05-28T02:34:12.114+0000] {era5_functions.py:228} INFO - tif up-to-date, skip: /opt/***/era5/ecmwf/data/tif/2026/05/23/tp_20260523.tif
[2026-05-28T02:34:12.118+0000] {logging_mixin.py:188} WARNING - 2026-05-28 02:34:12 [INFO] === END job=accum date=2026-05-28 ===
[2026-05-28T02:34:12.118+0000] {era5_functions.py:338} INFO - === END job=accum date=2026-05-28 ===
[2026-05-28T02:34:12.119+0000] {python.py:237} INFO - Done. Returned value was: None
[2026-05-28T02:34:12.120+0000] {taskinstance.py:441} INFO - ::group::Post task execution logs
[2026-05-28T02:34:12.130+0000] {taskinstance.py:1206} INFO - Marking task as SUCCESS. dag_id=era5_download_pipeline, task_id=era5_accum, run_id=manual__2026-05-28T02:30:52.654568+00:00, execution_date=20260528T023052, start_date=20260528T023137, end_date=20260528T023412
[2026-05-28T02:34:12.172+0000] {local_task_job_runner.py:240} INFO - Task exited with return code 0
[2026-05-28T02:34:12.182+0000] {local_task_job_runner.py:222} INFO - ::endgroup::
