[2026-06-24T05:00:02.174+0000] {local_task_job_runner.py:120} INFO - ::group::Pre task execution logs
[2026-06-24T05:00:02.195+0000] {taskinstance.py:2076} INFO - Dependencies all met for dep_context=non-requeueable deps ti=<TaskInstance: era5_download_pipeline.era5_instant scheduled__2026-06-24T04:00:00+00:00 [queued]>
[2026-06-24T05:00:02.203+0000] {taskinstance.py:2076} INFO - Dependencies all met for dep_context=requeueable deps ti=<TaskInstance: era5_download_pipeline.era5_instant scheduled__2026-06-24T04:00:00+00:00 [queued]>
[2026-06-24T05:00:02.204+0000] {taskinstance.py:2306} INFO - Starting attempt 1 of 1
[2026-06-24T05:00:02.216+0000] {taskinstance.py:2330} INFO - Executing <Task(PythonOperator): era5_instant> on 2026-06-24 04:00:00+00:00
[2026-06-24T05:00:02.225+0000] {warnings.py:110} WARNING - /home/***/.local/lib/python3.12/site-packages/***/task/task_runner/standard_task_runner.py:61: DeprecationWarning: This process (pid=238697) is multi-threaded, use of fork() may lead to deadlocks in the child.
  pid = os.fork()

[2026-06-24T05:00:02.227+0000] {standard_task_runner.py:63} INFO - Started process 238701 to run task
[2026-06-24T05:00:02.227+0000] {standard_task_runner.py:90} INFO - Running: ['***', 'tasks', 'run', 'era5_download_pipeline', 'era5_instant', 'scheduled__2026-06-24T04:00:00+00:00', '--job-id', '2260', '--raw', '--subdir', 'DAGS_FOLDER/era5_dag.py', '--cfg-path', '/tmp/tmp3gzndbvv']
[2026-06-24T05:00:02.231+0000] {standard_task_runner.py:91} INFO - Job 2260: Subtask era5_instant
[2026-06-24T05:00:02.295+0000] {task_command.py:426} INFO - Running <TaskInstance: era5_download_pipeline.era5_instant scheduled__2026-06-24T04:00:00+00:00 [running]> on host 01cd476fb21a
[2026-06-24T05:00:02.391+0000] {taskinstance.py:2648} INFO - Exporting env vars: AIRFLOW_CTX_DAG_OWNER='era5' AIRFLOW_CTX_DAG_ID='era5_download_pipeline' AIRFLOW_CTX_TASK_ID='era5_instant' AIRFLOW_CTX_EXECUTION_DATE='2026-06-24T04:00:00+00:00' AIRFLOW_CTX_TRY_NUMBER='1' AIRFLOW_CTX_DAG_RUN_ID='scheduled__2026-06-24T04:00:00+00:00'
[2026-06-24T05:00:02.393+0000] {taskinstance.py:430} INFO - ::endgroup::
[2026-06-24T05:00:03.433+0000] {logging_mixin.py:188} WARNING - 2026-06-24 05:00:03 [INFO] === START job=instant date=2026-06-24 ===
[2026-06-24T05:00:03.433+0000] {era5_functions.py:368} INFO - === START job=instant date=2026-06-24 ===
[2026-06-24T05:00:03.434+0000] {logging_mixin.py:188} WARNING - 2026-06-24 05:00:03 [INFO] --- job=instant date=20260624 ---
[2026-06-24T05:00:03.434+0000] {era5_functions.py:330} INFO - --- job=instant date=20260624 ---
[2026-06-24T05:00:04.489+0000] {logging_mixin.py:188} WARNING - 2026-06-24 05:00:04 [WARNING] get_cds_count failed: 400 Client Error: Bad Request for url: https://cds.climate.copernicus.eu/api/retrieve/v1/processes/reanalysis-era5-single-levels/execution
invalid request
None of the data you have requested is available yet, please revise the period requested. The latest date available for this dataset is: 2026-06-19 05:00
[2026-06-24T05:00:04.489+0000] {era5_functions.py:131} WARNING - get_cds_count failed: 400 Client Error: Bad Request for url: https://cds.climate.copernicus.eu/api/retrieve/v1/processes/reanalysis-era5-single-levels/execution
invalid request
None of the data you have requested is available yet, please revise the period requested. The latest date available for this dataset is: 2026-06-19 05:00
[2026-06-24T05:00:04.491+0000] {logging_mixin.py:188} WARNING - 2026-06-24 05:00:04 [WARNING] CDS ยังไม่มีข้อมูล job=instant date=20260624, skip
[2026-06-24T05:00:04.491+0000] {era5_functions.py:335} WARNING - CDS ยังไม่มีข้อมูล job=instant date=20260624, skip
[2026-06-24T05:00:04.492+0000] {logging_mixin.py:188} WARNING - 2026-06-24 05:00:04 [INFO] --- job=instant date=20260623 ---
[2026-06-24T05:00:04.492+0000] {era5_functions.py:330} INFO - --- job=instant date=20260623 ---
[2026-06-24T05:00:05.378+0000] {logging_mixin.py:188} WARNING - 2026-06-24 05:00:05 [WARNING] get_cds_count failed: 400 Client Error: Bad Request for url: https://cds.climate.copernicus.eu/api/retrieve/v1/processes/reanalysis-era5-single-levels/execution
invalid request
None of the data you have requested is available yet, please revise the period requested. The latest date available for this dataset is: 2026-06-19 05:00
[2026-06-24T05:00:05.378+0000] {era5_functions.py:131} WARNING - get_cds_count failed: 400 Client Error: Bad Request for url: https://cds.climate.copernicus.eu/api/retrieve/v1/processes/reanalysis-era5-single-levels/execution
invalid request
None of the data you have requested is available yet, please revise the period requested. The latest date available for this dataset is: 2026-06-19 05:00
[2026-06-24T05:00:05.379+0000] {logging_mixin.py:188} WARNING - 2026-06-24 05:00:05 [WARNING] CDS ยังไม่มีข้อมูล job=instant date=20260623, skip
[2026-06-24T05:00:05.379+0000] {era5_functions.py:335} WARNING - CDS ยังไม่มีข้อมูล job=instant date=20260623, skip
[2026-06-24T05:00:05.381+0000] {logging_mixin.py:188} WARNING - 2026-06-24 05:00:05 [INFO] --- job=instant date=20260622 ---
[2026-06-24T05:00:05.381+0000] {era5_functions.py:330} INFO - --- job=instant date=20260622 ---
[2026-06-24T05:00:05.996+0000] {logging_mixin.py:188} WARNING - 2026-06-24 05:00:05 [WARNING] get_cds_count failed: 400 Client Error: Bad Request for url: https://cds.climate.copernicus.eu/api/retrieve/v1/processes/reanalysis-era5-single-levels/execution
invalid request
None of the data you have requested is available yet, please revise the period requested. The latest date available for this dataset is: 2026-06-19 05:00
[2026-06-24T05:00:05.995+0000] {era5_functions.py:131} WARNING - get_cds_count failed: 400 Client Error: Bad Request for url: https://cds.climate.copernicus.eu/api/retrieve/v1/processes/reanalysis-era5-single-levels/execution
invalid request
None of the data you have requested is available yet, please revise the period requested. The latest date available for this dataset is: 2026-06-19 05:00
[2026-06-24T05:00:05.998+0000] {logging_mixin.py:188} WARNING - 2026-06-24 05:00:05 [WARNING] CDS ยังไม่มีข้อมูล job=instant date=20260622, skip
[2026-06-24T05:00:05.998+0000] {era5_functions.py:335} WARNING - CDS ยังไม่มีข้อมูล job=instant date=20260622, skip
[2026-06-24T05:00:05.999+0000] {logging_mixin.py:188} WARNING - 2026-06-24 05:00:05 [INFO] --- job=instant date=20260621 ---
[2026-06-24T05:00:05.999+0000] {era5_functions.py:330} INFO - --- job=instant date=20260621 ---
[2026-06-24T05:00:09.484+0000] {logging_mixin.py:188} WARNING - 2026-06-24 05:00:09 [WARNING] get_cds_count failed: 400 Client Error: Bad Request for url: https://cds.climate.copernicus.eu/api/retrieve/v1/processes/reanalysis-era5-single-levels/execution
invalid request
None of the data you have requested is available yet, please revise the period requested. The latest date available for this dataset is: 2026-06-19 05:00
[2026-06-24T05:00:09.484+0000] {era5_functions.py:131} WARNING - get_cds_count failed: 400 Client Error: Bad Request for url: https://cds.climate.copernicus.eu/api/retrieve/v1/processes/reanalysis-era5-single-levels/execution
invalid request
None of the data you have requested is available yet, please revise the period requested. The latest date available for this dataset is: 2026-06-19 05:00
[2026-06-24T05:00:09.486+0000] {logging_mixin.py:188} WARNING - 2026-06-24 05:00:09 [WARNING] CDS ยังไม่มีข้อมูล job=instant date=20260621, skip
[2026-06-24T05:00:09.486+0000] {era5_functions.py:335} WARNING - CDS ยังไม่มีข้อมูล job=instant date=20260621, skip
[2026-06-24T05:00:09.488+0000] {logging_mixin.py:188} WARNING - 2026-06-24 05:00:09 [INFO] --- job=instant date=20260620 ---
[2026-06-24T05:00:09.488+0000] {era5_functions.py:330} INFO - --- job=instant date=20260620 ---
[2026-06-24T05:00:10.058+0000] {logging_mixin.py:188} WARNING - 2026-06-24 05:00:10 [WARNING] get_cds_count failed: 400 Client Error: Bad Request for url: https://cds.climate.copernicus.eu/api/retrieve/v1/processes/reanalysis-era5-single-levels/execution
invalid request
None of the data you have requested is available yet, please revise the period requested. The latest date available for this dataset is: 2026-06-19 05:00
[2026-06-24T05:00:10.057+0000] {era5_functions.py:131} WARNING - get_cds_count failed: 400 Client Error: Bad Request for url: https://cds.climate.copernicus.eu/api/retrieve/v1/processes/reanalysis-era5-single-levels/execution
invalid request
None of the data you have requested is available yet, please revise the period requested. The latest date available for this dataset is: 2026-06-19 05:00
[2026-06-24T05:00:10.060+0000] {logging_mixin.py:188} WARNING - 2026-06-24 05:00:10 [WARNING] CDS ยังไม่มีข้อมูล job=instant date=20260620, skip
[2026-06-24T05:00:10.060+0000] {era5_functions.py:335} WARNING - CDS ยังไม่มีข้อมูล job=instant date=20260620, skip
[2026-06-24T05:00:10.062+0000] {logging_mixin.py:188} WARNING - 2026-06-24 05:00:10 [INFO] --- job=instant date=20260619 ---
[2026-06-24T05:00:10.062+0000] {era5_functions.py:330} INFO - --- job=instant date=20260619 ---
[2026-06-24T05:00:10.859+0000] {logging_mixin.py:188} WARNING - 2026-06-24 05:00:10,859 INFO [2025-12-11T00:00:00] Please note that a dedicated catalogue entry for this dataset, post-processed and stored in Analysis Ready Cloud Optimized (ARCO) format (Zarr), is available for optimised time-series retrievals (i.e. for retrieving data from selected variables for a single point over an extended period of time in an efficient way). You can discover it [here](https://cds.climate.copernicus.eu/datasets/reanalysis-era5-single-levels-timeseries?tab=overview)
[2026-06-24T05:00:10.859+0000] {legacy_client.py:192} INFO - [2025-12-11T00:00:00] Please note that a dedicated catalogue entry for this dataset, post-processed and stored in Analysis Ready Cloud Optimized (ARCO) format (Zarr), is available for optimised time-series retrievals (i.e. for retrieving data from selected variables for a single point over an extended period of time in an efficient way). You can discover it [here](https://cds.climate.copernicus.eu/datasets/reanalysis-era5-single-levels-timeseries?tab=overview)
[2026-06-24T05:00:10.861+0000] {logging_mixin.py:188} WARNING - 2026-06-24 05:00:10,861 INFO Request ID is 3ed2d00c-9b75-44c9-8317-5e506749ae9c
[2026-06-24T05:00:10.861+0000] {legacy_client.py:192} INFO - Request ID is 3ed2d00c-9b75-44c9-8317-5e506749ae9c
[2026-06-24T05:00:11.059+0000] {logging_mixin.py:188} WARNING - 2026-06-24 05:00:11,059 INFO status has been updated to accepted
[2026-06-24T05:00:11.059+0000] {legacy_client.py:192} INFO - status has been updated to accepted
[2026-06-24T05:01:27.996+0000] {logging_mixin.py:188} WARNING - 2026-06-24 05:01:27,996 INFO status has been updated to successful
[2026-06-24T05:01:27.996+0000] {legacy_client.py:192} INFO - status has been updated to successful
[2026-06-24T05:01:28.435+0000] {base.py:119} INFO - Downloading https://object-store.os-api.cci2.ecmwf.int:443/cci2-prod-cache-3/2026-06-24/80f4ae021ed7f984e05f7a920ae2d199.nc
[2026-06-24T05:01:29.482+0000] {logging_mixin.py:188} WARNING - 80f4ae021ed7f984e05f7a920ae2d199.nc:   0%|          | 0.00/712k [00:00<?, ?B/s]
[2026-06-24T05:01:31.409+0000] {logging_mixin.py:188} WARNING - 80f4ae021ed7f984e05f7a920ae2d199.nc: 100%|##########| 712k/712k [00:01<00:00, 379kB/s]
[2026-06-24T05:01:31.413+0000] {logging_mixin.py:188} WARNING -                                                                                       
[2026-06-24T05:01:31.765+0000] {logging_mixin.py:188} WARNING - 2026-06-24 05:01:31 [INFO] CDS timestep available: 6
[2026-06-24T05:01:31.765+0000] {era5_functions.py:128} INFO - CDS timestep available: 6
[2026-06-24T05:01:31.850+0000] {logging_mixin.py:188} WARNING - 2026-06-24 05:01:31 [INFO] local timestep: 5 — /opt/***/era5/ecmwf/data/nc/_raw/2026/06/19/instant_20260619.nc
[2026-06-24T05:01:31.850+0000] {era5_functions.py:152} INFO - local timestep: 5 — /opt/***/era5/ecmwf/data/nc/_raw/2026/06/19/instant_20260619.nc
[2026-06-24T05:01:31.859+0000] {logging_mixin.py:188} WARNING - 2026-06-24 05:01:31 [INFO] nc outdated (local=5 < cds=6), removing: /opt/***/era5/ecmwf/data/nc/_raw/2026/06/19/instant_20260619.nc
[2026-06-24T05:01:31.859+0000] {era5_functions.py:193} INFO - nc outdated (local=5 < cds=6), removing: /opt/***/era5/ecmwf/data/nc/_raw/2026/06/19/instant_20260619.nc
[2026-06-24T05:01:31.881+0000] {logging_mixin.py:188} WARNING - 2026-06-24 05:01:31 [INFO] download attempt 1/3: /opt/***/era5/ecmwf/data/nc/_raw/2026/06/19/instant_20260619.nc
[2026-06-24T05:01:31.881+0000] {era5_functions.py:200} INFO - download attempt 1/3: /opt/***/era5/ecmwf/data/nc/_raw/2026/06/19/instant_20260619.nc
[2026-06-24T05:01:32.677+0000] {logging_mixin.py:188} WARNING - 2026-06-24 05:01:32,676 INFO [2025-12-11T00:00:00] Please note that a dedicated catalogue entry for this dataset, post-processed and stored in Analysis Ready Cloud Optimized (ARCO) format (Zarr), is available for optimised time-series retrievals (i.e. for retrieving data from selected variables for a single point over an extended period of time in an efficient way). You can discover it [here](https://cds.climate.copernicus.eu/datasets/reanalysis-era5-single-levels-timeseries?tab=overview)
[2026-06-24T05:01:32.676+0000] {legacy_client.py:192} INFO - [2025-12-11T00:00:00] Please note that a dedicated catalogue entry for this dataset, post-processed and stored in Analysis Ready Cloud Optimized (ARCO) format (Zarr), is available for optimised time-series retrievals (i.e. for retrieving data from selected variables for a single point over an extended period of time in an efficient way). You can discover it [here](https://cds.climate.copernicus.eu/datasets/reanalysis-era5-single-levels-timeseries?tab=overview)
[2026-06-24T05:01:32.682+0000] {logging_mixin.py:188} WARNING - 2026-06-24 05:01:32,681 INFO Request ID is 4e8d6de1-2eb3-4376-a495-61e32552dea7
[2026-06-24T05:01:32.681+0000] {legacy_client.py:192} INFO - Request ID is 4e8d6de1-2eb3-4376-a495-61e32552dea7
[2026-06-24T05:01:32.901+0000] {logging_mixin.py:188} WARNING - 2026-06-24 05:01:32,901 INFO status has been updated to accepted
[2026-06-24T05:01:32.901+0000] {legacy_client.py:192} INFO - status has been updated to accepted
[2026-06-24T05:02:23.876+0000] {logging_mixin.py:188} WARNING - 2026-06-24 05:02:23,876 INFO status has been updated to successful
[2026-06-24T05:02:23.876+0000] {legacy_client.py:192} INFO - status has been updated to successful
[2026-06-24T05:02:24.302+0000] {base.py:119} INFO - Downloading https://object-store.os-api.cci2.ecmwf.int:443/cci2-prod-cache-3/2026-06-24/bf6dbe7de1334030ab0a5616d5dff7a6.nc
[2026-06-24T05:02:24.970+0000] {logging_mixin.py:188} WARNING - bf6dbe7de1334030ab0a5616d5dff7a6.nc:   0%|          | 0.00/712k [00:00<?, ?B/s]
[2026-06-24T05:02:26.563+0000] {logging_mixin.py:188} WARNING - bf6dbe7de1334030ab0a5616d5dff7a6.nc: 100%|##########| 712k/712k [00:01<00:00, 458kB/s]
[2026-06-24T05:02:26.580+0000] {logging_mixin.py:188} WARNING -                                                                                       
[2026-06-24T05:02:26.721+0000] {logging_mixin.py:188} WARNING - 2026-06-24 05:02:26 [INFO] nc downloaded ok: /opt/***/era5/ecmwf/data/nc/_raw/2026/06/19/instant_20260619.nc
[2026-06-24T05:02:26.721+0000] {era5_functions.py:204} INFO - nc downloaded ok: /opt/***/era5/ecmwf/data/nc/_raw/2026/06/19/instant_20260619.nc
[2026-06-24T05:02:26.808+0000] {logging_mixin.py:188} WARNING - 2026-06-24 05:02:26 [INFO] local timestep: 6 — /opt/***/era5/ecmwf/data/nc/_raw/2026/06/19/instant_20260619.nc
[2026-06-24T05:02:26.808+0000] {era5_functions.py:152} INFO - local timestep: 6 — /opt/***/era5/ecmwf/data/nc/_raw/2026/06/19/instant_20260619.nc
[2026-06-24T05:02:26.930+0000] {logging_mixin.py:188} WARNING - 2026-06-24 05:02:26 [INFO] tif outdated (tif=5 < nc=6), removing: /opt/***/era5/ecmwf/data/tif/2026/06/19/t2m_20260619.tif
[2026-06-24T05:02:26.930+0000] {era5_functions.py:261} INFO - tif outdated (tif=5 < nc=6), removing: /opt/***/era5/ecmwf/data/tif/2026/06/19/t2m_20260619.tif
[2026-06-24T05:02:27.035+0000] {logging_mixin.py:188} WARNING - 2026-06-24 05:02:27 [INFO] tif ok (bands=6): /opt/***/era5/ecmwf/data/tif/2026/06/19/t2m_20260619.tif
[2026-06-24T05:02:27.034+0000] {era5_functions.py:304} INFO - tif ok (bands=6): /opt/***/era5/ecmwf/data/tif/2026/06/19/t2m_20260619.tif
[2026-06-24T05:02:27.057+0000] {logging_mixin.py:188} WARNING - 2026-06-24 05:02:27 [INFO] tif outdated (tif=5 < nc=6), removing: /opt/***/era5/ecmwf/data/tif/2026/06/19/d2m_20260619.tif
[2026-06-24T05:02:27.056+0000] {era5_functions.py:261} INFO - tif outdated (tif=5 < nc=6), removing: /opt/***/era5/ecmwf/data/tif/2026/06/19/d2m_20260619.tif
[2026-06-24T05:02:27.156+0000] {logging_mixin.py:188} WARNING - 2026-06-24 05:02:27 [INFO] tif ok (bands=6): /opt/***/era5/ecmwf/data/tif/2026/06/19/d2m_20260619.tif
[2026-06-24T05:02:27.156+0000] {era5_functions.py:304} INFO - tif ok (bands=6): /opt/***/era5/ecmwf/data/tif/2026/06/19/d2m_20260619.tif
[2026-06-24T05:02:27.176+0000] {logging_mixin.py:188} WARNING - 2026-06-24 05:02:27 [INFO] tif outdated (tif=5 < nc=6), removing: /opt/***/era5/ecmwf/data/tif/2026/06/19/sp_20260619.tif
[2026-06-24T05:02:27.176+0000] {era5_functions.py:261} INFO - tif outdated (tif=5 < nc=6), removing: /opt/***/era5/ecmwf/data/tif/2026/06/19/sp_20260619.tif
[2026-06-24T05:02:27.260+0000] {logging_mixin.py:188} WARNING - 2026-06-24 05:02:27 [INFO] tif ok (bands=6): /opt/***/era5/ecmwf/data/tif/2026/06/19/sp_20260619.tif
[2026-06-24T05:02:27.260+0000] {era5_functions.py:304} INFO - tif ok (bands=6): /opt/***/era5/ecmwf/data/tif/2026/06/19/sp_20260619.tif
[2026-06-24T05:02:27.278+0000] {logging_mixin.py:188} WARNING - 2026-06-24 05:02:27 [INFO] tif outdated (tif=5 < nc=6), removing: /opt/***/era5/ecmwf/data/tif/2026/06/19/blh_20260619.tif
[2026-06-24T05:02:27.278+0000] {era5_functions.py:261} INFO - tif outdated (tif=5 < nc=6), removing: /opt/***/era5/ecmwf/data/tif/2026/06/19/blh_20260619.tif
[2026-06-24T05:02:27.366+0000] {logging_mixin.py:188} WARNING - 2026-06-24 05:02:27 [INFO] tif ok (bands=6): /opt/***/era5/ecmwf/data/tif/2026/06/19/blh_20260619.tif
[2026-06-24T05:02:27.365+0000] {era5_functions.py:304} INFO - tif ok (bands=6): /opt/***/era5/ecmwf/data/tif/2026/06/19/blh_20260619.tif
[2026-06-24T05:02:27.395+0000] {logging_mixin.py:188} WARNING - 2026-06-24 05:02:27 [INFO] tif outdated (tif=5 < nc=6), removing: /opt/***/era5/ecmwf/data/tif/2026/06/19/u10_20260619.tif
[2026-06-24T05:02:27.395+0000] {era5_functions.py:261} INFO - tif outdated (tif=5 < nc=6), removing: /opt/***/era5/ecmwf/data/tif/2026/06/19/u10_20260619.tif
[2026-06-24T05:02:27.489+0000] {logging_mixin.py:188} WARNING - 2026-06-24 05:02:27 [INFO] tif ok (bands=6): /opt/***/era5/ecmwf/data/tif/2026/06/19/u10_20260619.tif
[2026-06-24T05:02:27.488+0000] {era5_functions.py:304} INFO - tif ok (bands=6): /opt/***/era5/ecmwf/data/tif/2026/06/19/u10_20260619.tif
[2026-06-24T05:02:27.508+0000] {logging_mixin.py:188} WARNING - 2026-06-24 05:02:27 [INFO] tif outdated (tif=5 < nc=6), removing: /opt/***/era5/ecmwf/data/tif/2026/06/19/v10_20260619.tif
[2026-06-24T05:02:27.508+0000] {era5_functions.py:261} INFO - tif outdated (tif=5 < nc=6), removing: /opt/***/era5/ecmwf/data/tif/2026/06/19/v10_20260619.tif
[2026-06-24T05:02:27.605+0000] {logging_mixin.py:188} WARNING - 2026-06-24 05:02:27 [INFO] tif ok (bands=6): /opt/***/era5/ecmwf/data/tif/2026/06/19/v10_20260619.tif
[2026-06-24T05:02:27.605+0000] {era5_functions.py:304} INFO - tif ok (bands=6): /opt/***/era5/ecmwf/data/tif/2026/06/19/v10_20260619.tif
[2026-06-24T05:02:27.612+0000] {logging_mixin.py:188} WARNING - 2026-06-24 05:02:27 [INFO] === END job=instant date=2026-06-24 ===
[2026-06-24T05:02:27.611+0000] {era5_functions.py:379} INFO - === END job=instant date=2026-06-24 ===
[2026-06-24T05:02:27.614+0000] {python.py:237} INFO - Done. Returned value was: None
[2026-06-24T05:02:27.615+0000] {taskinstance.py:441} INFO - ::group::Post task execution logs
[2026-06-24T05:02:27.633+0000] {taskinstance.py:1206} INFO - Marking task as SUCCESS. dag_id=era5_download_pipeline, task_id=era5_instant, run_id=scheduled__2026-06-24T04:00:00+00:00, execution_date=20260624T040000, start_date=20260624T050002, end_date=20260624T050227
[2026-06-24T05:02:27.706+0000] {local_task_job_runner.py:240} INFO - Task exited with return code 0
[2026-06-24T05:02:27.734+0000] {taskinstance.py:3498} INFO - 1 downstream tasks scheduled from follow-on schedule check
[2026-06-24T05:02:27.738+0000] {local_task_job_runner.py:222} INFO - ::endgroup::
