[2026-07-17T08:00:02.703+0000] {local_task_job_runner.py:120} INFO - ::group::Pre task execution logs
[2026-07-17T08:00:02.729+0000] {taskinstance.py:2076} INFO - Dependencies all met for dep_context=non-requeueable deps ti=<TaskInstance: era5_download_pipeline.era5_instant scheduled__2026-07-17T07:00:00+00:00 [queued]>
[2026-07-17T08:00:02.738+0000] {taskinstance.py:2076} INFO - Dependencies all met for dep_context=requeueable deps ti=<TaskInstance: era5_download_pipeline.era5_instant scheduled__2026-07-17T07:00:00+00:00 [queued]>
[2026-07-17T08:00:02.739+0000] {taskinstance.py:2306} INFO - Starting attempt 1 of 1
[2026-07-17T08:00:02.756+0000] {taskinstance.py:2330} INFO - Executing <Task(PythonOperator): era5_instant> on 2026-07-17 07:00:00+00:00
[2026-07-17T08:00:02.771+0000] {warnings.py:110} WARNING - /home/***/.local/lib/python3.12/site-packages/***/task/task_runner/standard_task_runner.py:61: DeprecationWarning: This process (pid=3508) is multi-threaded, use of fork() may lead to deadlocks in the child.
  pid = os.fork()

[2026-07-17T08:00:02.774+0000] {standard_task_runner.py:63} INFO - Started process 3510 to run task
[2026-07-17T08:00:02.774+0000] {standard_task_runner.py:90} INFO - Running: ['***', 'tasks', 'run', 'era5_download_pipeline', 'era5_instant', 'scheduled__2026-07-17T07:00:00+00:00', '--job-id', '2287', '--raw', '--subdir', 'DAGS_FOLDER/era5_dag.py', '--cfg-path', '/tmp/tmpy3hfx_ux']
[2026-07-17T08:00:02.778+0000] {standard_task_runner.py:91} INFO - Job 2287: Subtask era5_instant
[2026-07-17T08:00:02.855+0000] {task_command.py:426} INFO - Running <TaskInstance: era5_download_pipeline.era5_instant scheduled__2026-07-17T07:00:00+00:00 [running]> on host 01cd476fb21a
[2026-07-17T08:00:02.991+0000] {taskinstance.py:2648} INFO - Exporting env vars: AIRFLOW_CTX_DAG_OWNER='era5' AIRFLOW_CTX_DAG_ID='era5_download_pipeline' AIRFLOW_CTX_TASK_ID='era5_instant' AIRFLOW_CTX_EXECUTION_DATE='2026-07-17T07:00:00+00:00' AIRFLOW_CTX_TRY_NUMBER='1' AIRFLOW_CTX_DAG_RUN_ID='scheduled__2026-07-17T07:00:00+00:00'
[2026-07-17T08:00:02.994+0000] {taskinstance.py:430} INFO - ::endgroup::
[2026-07-17T08:00:04.087+0000] {logging_mixin.py:188} WARNING - 2026-07-17 08:00:04 [INFO] === START job=instant date=2026-07-17 ===
[2026-07-17T08:00:04.087+0000] {era5_functions.py:368} INFO - === START job=instant date=2026-07-17 ===
[2026-07-17T08:00:04.092+0000] {logging_mixin.py:188} WARNING - 2026-07-17 08:00:04 [INFO] --- job=instant date=20260717 ---
[2026-07-17T08:00:04.092+0000] {era5_functions.py:330} INFO - --- job=instant date=20260717 ---
[2026-07-17T08:00:05.395+0000] {logging_mixin.py:188} WARNING - 2026-07-17 08:00:05 [WARNING] get_cds_count failed: 400 Client Error: Bad Request for url: https://cds.climate.copernicus.eu/api/retrieve/v1/processes/reanalysis-era5-single-levels/execution
invalid request
None of the data you have requested is available yet, please revise the period requested. The latest date available for this dataset is: 2026-07-12 08:00
[2026-07-17T08:00:05.394+0000] {era5_functions.py:131} WARNING - get_cds_count failed: 400 Client Error: Bad Request for url: https://cds.climate.copernicus.eu/api/retrieve/v1/processes/reanalysis-era5-single-levels/execution
invalid request
None of the data you have requested is available yet, please revise the period requested. The latest date available for this dataset is: 2026-07-12 08:00
[2026-07-17T08:00:05.401+0000] {logging_mixin.py:188} WARNING - 2026-07-17 08:00:05 [WARNING] CDS ยังไม่มีข้อมูล job=instant date=20260717, skip
[2026-07-17T08:00:05.400+0000] {era5_functions.py:335} WARNING - CDS ยังไม่มีข้อมูล job=instant date=20260717, skip
[2026-07-17T08:00:05.405+0000] {logging_mixin.py:188} WARNING - 2026-07-17 08:00:05 [INFO] --- job=instant date=20260716 ---
[2026-07-17T08:00:05.404+0000] {era5_functions.py:330} INFO - --- job=instant date=20260716 ---
[2026-07-17T08:00:06.369+0000] {logging_mixin.py:188} WARNING - 2026-07-17 08:00:06 [WARNING] get_cds_count failed: 400 Client Error: Bad Request for url: https://cds.climate.copernicus.eu/api/retrieve/v1/processes/reanalysis-era5-single-levels/execution
invalid request
None of the data you have requested is available yet, please revise the period requested. The latest date available for this dataset is: 2026-07-12 08:00
[2026-07-17T08:00:06.369+0000] {era5_functions.py:131} WARNING - get_cds_count failed: 400 Client Error: Bad Request for url: https://cds.climate.copernicus.eu/api/retrieve/v1/processes/reanalysis-era5-single-levels/execution
invalid request
None of the data you have requested is available yet, please revise the period requested. The latest date available for this dataset is: 2026-07-12 08:00
[2026-07-17T08:00:06.373+0000] {logging_mixin.py:188} WARNING - 2026-07-17 08:00:06 [WARNING] CDS ยังไม่มีข้อมูล job=instant date=20260716, skip
[2026-07-17T08:00:06.373+0000] {era5_functions.py:335} WARNING - CDS ยังไม่มีข้อมูล job=instant date=20260716, skip
[2026-07-17T08:00:06.376+0000] {logging_mixin.py:188} WARNING - 2026-07-17 08:00:06 [INFO] --- job=instant date=20260715 ---
[2026-07-17T08:00:06.376+0000] {era5_functions.py:330} INFO - --- job=instant date=20260715 ---
[2026-07-17T08:00:07.917+0000] {logging_mixin.py:188} WARNING - 2026-07-17 08:00:07 [WARNING] get_cds_count failed: 400 Client Error: Bad Request for url: https://cds.climate.copernicus.eu/api/retrieve/v1/processes/reanalysis-era5-single-levels/execution
invalid request
None of the data you have requested is available yet, please revise the period requested. The latest date available for this dataset is: 2026-07-12 08:00
[2026-07-17T08:00:07.917+0000] {era5_functions.py:131} WARNING - get_cds_count failed: 400 Client Error: Bad Request for url: https://cds.climate.copernicus.eu/api/retrieve/v1/processes/reanalysis-era5-single-levels/execution
invalid request
None of the data you have requested is available yet, please revise the period requested. The latest date available for this dataset is: 2026-07-12 08:00
[2026-07-17T08:00:07.922+0000] {logging_mixin.py:188} WARNING - 2026-07-17 08:00:07 [WARNING] CDS ยังไม่มีข้อมูล job=instant date=20260715, skip
[2026-07-17T08:00:07.921+0000] {era5_functions.py:335} WARNING - CDS ยังไม่มีข้อมูล job=instant date=20260715, skip
[2026-07-17T08:00:07.924+0000] {logging_mixin.py:188} WARNING - 2026-07-17 08:00:07 [INFO] --- job=instant date=20260714 ---
[2026-07-17T08:00:07.924+0000] {era5_functions.py:330} INFO - --- job=instant date=20260714 ---
[2026-07-17T08:00:08.638+0000] {logging_mixin.py:188} WARNING - 2026-07-17 08:00:08 [WARNING] get_cds_count failed: 400 Client Error: Bad Request for url: https://cds.climate.copernicus.eu/api/retrieve/v1/processes/reanalysis-era5-single-levels/execution
invalid request
None of the data you have requested is available yet, please revise the period requested. The latest date available for this dataset is: 2026-07-12 08:00
[2026-07-17T08:00:08.638+0000] {era5_functions.py:131} WARNING - get_cds_count failed: 400 Client Error: Bad Request for url: https://cds.climate.copernicus.eu/api/retrieve/v1/processes/reanalysis-era5-single-levels/execution
invalid request
None of the data you have requested is available yet, please revise the period requested. The latest date available for this dataset is: 2026-07-12 08:00
[2026-07-17T08:00:08.641+0000] {logging_mixin.py:188} WARNING - 2026-07-17 08:00:08 [WARNING] CDS ยังไม่มีข้อมูล job=instant date=20260714, skip
[2026-07-17T08:00:08.641+0000] {era5_functions.py:335} WARNING - CDS ยังไม่มีข้อมูล job=instant date=20260714, skip
[2026-07-17T08:00:08.643+0000] {logging_mixin.py:188} WARNING - 2026-07-17 08:00:08 [INFO] --- job=instant date=20260713 ---
[2026-07-17T08:00:08.643+0000] {era5_functions.py:330} INFO - --- job=instant date=20260713 ---
[2026-07-17T08:00:09.217+0000] {logging_mixin.py:188} WARNING - 2026-07-17 08:00:09 [WARNING] get_cds_count failed: 400 Client Error: Bad Request for url: https://cds.climate.copernicus.eu/api/retrieve/v1/processes/reanalysis-era5-single-levels/execution
invalid request
None of the data you have requested is available yet, please revise the period requested. The latest date available for this dataset is: 2026-07-12 08:00
[2026-07-17T08:00:09.217+0000] {era5_functions.py:131} WARNING - get_cds_count failed: 400 Client Error: Bad Request for url: https://cds.climate.copernicus.eu/api/retrieve/v1/processes/reanalysis-era5-single-levels/execution
invalid request
None of the data you have requested is available yet, please revise the period requested. The latest date available for this dataset is: 2026-07-12 08:00
[2026-07-17T08:00:09.223+0000] {logging_mixin.py:188} WARNING - 2026-07-17 08:00:09 [WARNING] CDS ยังไม่มีข้อมูล job=instant date=20260713, skip
[2026-07-17T08:00:09.223+0000] {era5_functions.py:335} WARNING - CDS ยังไม่มีข้อมูล job=instant date=20260713, skip
[2026-07-17T08:00:09.227+0000] {logging_mixin.py:188} WARNING - 2026-07-17 08:00:09 [INFO] --- job=instant date=20260712 ---
[2026-07-17T08:00:09.227+0000] {era5_functions.py:330} INFO - --- job=instant date=20260712 ---
[2026-07-17T08:00:09.809+0000] {logging_mixin.py:188} WARNING - 2026-07-17 08:00:09,809 INFO Request ID is a145d85d-8b04-4061-bfd1-36555c925e8f
[2026-07-17T08:00:09.809+0000] {legacy_client.py:192} INFO - Request ID is a145d85d-8b04-4061-bfd1-36555c925e8f
[2026-07-17T08:00:10.020+0000] {logging_mixin.py:188} WARNING - 2026-07-17 08:00:10,020 INFO status has been updated to accepted
[2026-07-17T08:00:10.020+0000] {legacy_client.py:192} INFO - status has been updated to accepted
[2026-07-17T08:00:45.475+0000] {logging_mixin.py:188} WARNING - 2026-07-17 08:00:45,474 INFO status has been updated to running
[2026-07-17T08:00:45.474+0000] {legacy_client.py:192} INFO - status has been updated to running
[2026-07-17T08:01:02.772+0000] {logging_mixin.py:188} WARNING - 2026-07-17 08:01:02,772 INFO status has been updated to successful
[2026-07-17T08:01:02.772+0000] {legacy_client.py:192} INFO - status has been updated to successful
[2026-07-17T08:01:05.676+0000] {base.py:119} INFO - Downloading https://object-store.os-api.cci2.ecmwf.int:443/cci2-prod-cache-3/2026-07-17/47e9823fbcd9e89455506bb4f084189a.nc
[2026-07-17T08:01:06.409+0000] {logging_mixin.py:188} WARNING - 47e9823fbcd9e89455506bb4f084189a.nc:   0%|          | 0.00/1.01M [00:00<?, ?B/s]
[2026-07-17T08:01:13.322+0000] {logging_mixin.py:188} WARNING - 47e9823fbcd9e89455506bb4f084189a.nc:  99%|#########9| 1.00M/1.01M [00:06<00:00, 152kB/s]
[2026-07-17T08:01:13.328+0000] {logging_mixin.py:188} WARNING -                                                                                         
[2026-07-17T08:01:13.650+0000] {logging_mixin.py:188} WARNING - 2026-07-17 08:01:13 [INFO] CDS timestep available: 9
[2026-07-17T08:01:13.650+0000] {era5_functions.py:128} INFO - CDS timestep available: 9
[2026-07-17T08:01:13.734+0000] {logging_mixin.py:188} WARNING - 2026-07-17 08:01:13 [INFO] local timestep: 8 — /opt/***/era5/ecmwf/data/nc/_raw/2026/07/12/instant_20260712.nc
[2026-07-17T08:01:13.734+0000] {era5_functions.py:152} INFO - local timestep: 8 — /opt/***/era5/ecmwf/data/nc/_raw/2026/07/12/instant_20260712.nc
[2026-07-17T08:01:13.742+0000] {logging_mixin.py:188} WARNING - 2026-07-17 08:01:13 [INFO] nc outdated (local=8 < cds=9), removing: /opt/***/era5/ecmwf/data/nc/_raw/2026/07/12/instant_20260712.nc
[2026-07-17T08:01:13.742+0000] {era5_functions.py:193} INFO - nc outdated (local=8 < cds=9), removing: /opt/***/era5/ecmwf/data/nc/_raw/2026/07/12/instant_20260712.nc
[2026-07-17T08:01:13.762+0000] {logging_mixin.py:188} WARNING - 2026-07-17 08:01:13 [INFO] download attempt 1/3: /opt/***/era5/ecmwf/data/nc/_raw/2026/07/12/instant_20260712.nc
[2026-07-17T08:01:13.762+0000] {era5_functions.py:200} INFO - download attempt 1/3: /opt/***/era5/ecmwf/data/nc/_raw/2026/07/12/instant_20260712.nc
[2026-07-17T08:01:14.557+0000] {logging_mixin.py:188} WARNING - 2026-07-17 08:01:14,557 INFO Request ID is a120f969-7550-48bc-bed4-9cfa207b5f24
[2026-07-17T08:01:14.557+0000] {legacy_client.py:192} INFO - Request ID is a120f969-7550-48bc-bed4-9cfa207b5f24
[2026-07-17T08:01:14.786+0000] {logging_mixin.py:188} WARNING - 2026-07-17 08:01:14,786 INFO status has been updated to accepted
[2026-07-17T08:01:14.786+0000] {legacy_client.py:192} INFO - status has been updated to accepted
[2026-07-17T08:01:48.961+0000] {logging_mixin.py:188} WARNING - 2026-07-17 08:01:48,961 INFO status has been updated to successful
[2026-07-17T08:01:48.961+0000] {legacy_client.py:192} INFO - status has been updated to successful
[2026-07-17T08:01:52.524+0000] {base.py:119} INFO - Downloading https://object-store.os-api.cci2.ecmwf.int:443/cci2-prod-cache-3/2026-07-17/9fb1af62ae3eabf83468a4a66a54f721.nc
[2026-07-17T08:01:53.270+0000] {logging_mixin.py:188} WARNING - 9fb1af62ae3eabf83468a4a66a54f721.nc:   0%|          | 0.00/1.01M [00:00<?, ?B/s]
[2026-07-17T08:01:55.425+0000] {logging_mixin.py:188} WARNING - 9fb1af62ae3eabf83468a4a66a54f721.nc:  99%|#########9| 1.00M/1.01M [00:02<00:00, 487kB/s]
[2026-07-17T08:01:55.442+0000] {logging_mixin.py:188} WARNING -                                                                                         
[2026-07-17T08:01:55.594+0000] {logging_mixin.py:188} WARNING - 2026-07-17 08:01:55 [INFO] nc downloaded ok: /opt/***/era5/ecmwf/data/nc/_raw/2026/07/12/instant_20260712.nc
[2026-07-17T08:01:55.594+0000] {era5_functions.py:204} INFO - nc downloaded ok: /opt/***/era5/ecmwf/data/nc/_raw/2026/07/12/instant_20260712.nc
[2026-07-17T08:01:55.695+0000] {logging_mixin.py:188} WARNING - 2026-07-17 08:01:55 [INFO] local timestep: 9 — /opt/***/era5/ecmwf/data/nc/_raw/2026/07/12/instant_20260712.nc
[2026-07-17T08:01:55.695+0000] {era5_functions.py:152} INFO - local timestep: 9 — /opt/***/era5/ecmwf/data/nc/_raw/2026/07/12/instant_20260712.nc
[2026-07-17T08:01:55.813+0000] {logging_mixin.py:188} WARNING - 2026-07-17 08:01:55 [INFO] tif outdated (tif=8 < nc=9), removing: /opt/***/era5/ecmwf/data/tif/2026/07/12/t2m_20260712.tif
[2026-07-17T08:01:55.813+0000] {era5_functions.py:261} INFO - tif outdated (tif=8 < nc=9), removing: /opt/***/era5/ecmwf/data/tif/2026/07/12/t2m_20260712.tif
[2026-07-17T08:01:55.899+0000] {logging_mixin.py:188} WARNING - 2026-07-17 08:01:55 [INFO] tif ok (bands=9): /opt/***/era5/ecmwf/data/tif/2026/07/12/t2m_20260712.tif
[2026-07-17T08:01:55.899+0000] {era5_functions.py:304} INFO - tif ok (bands=9): /opt/***/era5/ecmwf/data/tif/2026/07/12/t2m_20260712.tif
[2026-07-17T08:01:55.917+0000] {logging_mixin.py:188} WARNING - 2026-07-17 08:01:55 [INFO] tif outdated (tif=8 < nc=9), removing: /opt/***/era5/ecmwf/data/tif/2026/07/12/d2m_20260712.tif
[2026-07-17T08:01:55.917+0000] {era5_functions.py:261} INFO - tif outdated (tif=8 < nc=9), removing: /opt/***/era5/ecmwf/data/tif/2026/07/12/d2m_20260712.tif
[2026-07-17T08:01:55.998+0000] {logging_mixin.py:188} WARNING - 2026-07-17 08:01:55 [INFO] tif ok (bands=9): /opt/***/era5/ecmwf/data/tif/2026/07/12/d2m_20260712.tif
[2026-07-17T08:01:55.997+0000] {era5_functions.py:304} INFO - tif ok (bands=9): /opt/***/era5/ecmwf/data/tif/2026/07/12/d2m_20260712.tif
[2026-07-17T08:01:56.014+0000] {logging_mixin.py:188} WARNING - 2026-07-17 08:01:56 [INFO] tif outdated (tif=8 < nc=9), removing: /opt/***/era5/ecmwf/data/tif/2026/07/12/sp_20260712.tif
[2026-07-17T08:01:56.014+0000] {era5_functions.py:261} INFO - tif outdated (tif=8 < nc=9), removing: /opt/***/era5/ecmwf/data/tif/2026/07/12/sp_20260712.tif
[2026-07-17T08:01:56.093+0000] {logging_mixin.py:188} WARNING - 2026-07-17 08:01:56 [INFO] tif ok (bands=9): /opt/***/era5/ecmwf/data/tif/2026/07/12/sp_20260712.tif
[2026-07-17T08:01:56.093+0000] {era5_functions.py:304} INFO - tif ok (bands=9): /opt/***/era5/ecmwf/data/tif/2026/07/12/sp_20260712.tif
[2026-07-17T08:01:56.110+0000] {logging_mixin.py:188} WARNING - 2026-07-17 08:01:56 [INFO] tif outdated (tif=8 < nc=9), removing: /opt/***/era5/ecmwf/data/tif/2026/07/12/blh_20260712.tif
[2026-07-17T08:01:56.110+0000] {era5_functions.py:261} INFO - tif outdated (tif=8 < nc=9), removing: /opt/***/era5/ecmwf/data/tif/2026/07/12/blh_20260712.tif
[2026-07-17T08:01:56.192+0000] {logging_mixin.py:188} WARNING - 2026-07-17 08:01:56 [INFO] tif ok (bands=9): /opt/***/era5/ecmwf/data/tif/2026/07/12/blh_20260712.tif
[2026-07-17T08:01:56.192+0000] {era5_functions.py:304} INFO - tif ok (bands=9): /opt/***/era5/ecmwf/data/tif/2026/07/12/blh_20260712.tif
[2026-07-17T08:01:56.211+0000] {logging_mixin.py:188} WARNING - 2026-07-17 08:01:56 [INFO] tif outdated (tif=8 < nc=9), removing: /opt/***/era5/ecmwf/data/tif/2026/07/12/u10_20260712.tif
[2026-07-17T08:01:56.211+0000] {era5_functions.py:261} INFO - tif outdated (tif=8 < nc=9), removing: /opt/***/era5/ecmwf/data/tif/2026/07/12/u10_20260712.tif
[2026-07-17T08:01:56.297+0000] {logging_mixin.py:188} WARNING - 2026-07-17 08:01:56 [INFO] tif ok (bands=9): /opt/***/era5/ecmwf/data/tif/2026/07/12/u10_20260712.tif
[2026-07-17T08:01:56.297+0000] {era5_functions.py:304} INFO - tif ok (bands=9): /opt/***/era5/ecmwf/data/tif/2026/07/12/u10_20260712.tif
[2026-07-17T08:01:56.314+0000] {logging_mixin.py:188} WARNING - 2026-07-17 08:01:56 [INFO] tif outdated (tif=8 < nc=9), removing: /opt/***/era5/ecmwf/data/tif/2026/07/12/v10_20260712.tif
[2026-07-17T08:01:56.314+0000] {era5_functions.py:261} INFO - tif outdated (tif=8 < nc=9), removing: /opt/***/era5/ecmwf/data/tif/2026/07/12/v10_20260712.tif
[2026-07-17T08:01:56.395+0000] {logging_mixin.py:188} WARNING - 2026-07-17 08:01:56 [INFO] tif ok (bands=9): /opt/***/era5/ecmwf/data/tif/2026/07/12/v10_20260712.tif
[2026-07-17T08:01:56.395+0000] {era5_functions.py:304} INFO - tif ok (bands=9): /opt/***/era5/ecmwf/data/tif/2026/07/12/v10_20260712.tif
[2026-07-17T08:01:56.400+0000] {logging_mixin.py:188} WARNING - 2026-07-17 08:01:56 [INFO] === END job=instant date=2026-07-17 ===
[2026-07-17T08:01:56.400+0000] {era5_functions.py:379} INFO - === END job=instant date=2026-07-17 ===
[2026-07-17T08:01:56.402+0000] {python.py:237} INFO - Done. Returned value was: None
[2026-07-17T08:01:56.402+0000] {taskinstance.py:441} INFO - ::group::Post task execution logs
[2026-07-17T08:01:56.416+0000] {taskinstance.py:1206} INFO - Marking task as SUCCESS. dag_id=era5_download_pipeline, task_id=era5_instant, run_id=scheduled__2026-07-17T07:00:00+00:00, execution_date=20260717T070000, start_date=20260717T080002, end_date=20260717T080156
[2026-07-17T08:01:56.507+0000] {local_task_job_runner.py:240} INFO - Task exited with return code 0
[2026-07-17T08:01:56.549+0000] {taskinstance.py:3498} INFO - 1 downstream tasks scheduled from follow-on schedule check
[2026-07-17T08:01:56.553+0000] {local_task_job_runner.py:222} INFO - ::endgroup::
