[2026-06-05T22:00:01.930+0000] {local_task_job_runner.py:120} INFO - ::group::Pre task execution logs
[2026-06-05T22:00:01.960+0000] {taskinstance.py:2076} INFO - Dependencies all met for dep_context=non-requeueable deps ti=<TaskInstance: era5_download_pipeline.era5_instant scheduled__2026-06-05T21:00:00+00:00 [queued]>
[2026-06-05T22:00:01.975+0000] {taskinstance.py:2076} INFO - Dependencies all met for dep_context=requeueable deps ti=<TaskInstance: era5_download_pipeline.era5_instant scheduled__2026-06-05T21:00:00+00:00 [queued]>
[2026-06-05T22:00:01.976+0000] {taskinstance.py:2306} INFO - Starting attempt 1 of 1
[2026-06-05T22:00:01.994+0000] {taskinstance.py:2330} INFO - Executing <Task(PythonOperator): era5_instant> on 2026-06-05 21:00:00+00:00
[2026-06-05T22:00:02.005+0000] {warnings.py:110} WARNING - /home/***/.local/lib/python3.12/site-packages/***/task/task_runner/standard_task_runner.py:61: DeprecationWarning: This process (pid=67446) is multi-threaded, use of fork() may lead to deadlocks in the child.
  pid = os.fork()

[2026-06-05T22:00:02.008+0000] {standard_task_runner.py:63} INFO - Started process 67449 to run task
[2026-06-05T22:00:02.008+0000] {standard_task_runner.py:90} INFO - Running: ['***', 'tasks', 'run', 'era5_download_pipeline', 'era5_instant', 'scheduled__2026-06-05T21:00:00+00:00', '--job-id', '1012', '--raw', '--subdir', 'DAGS_FOLDER/era5_dag.py', '--cfg-path', '/tmp/tmp2uq6_tzp']
[2026-06-05T22:00:02.012+0000] {standard_task_runner.py:91} INFO - Job 1012: Subtask era5_instant
[2026-06-05T22:00:02.108+0000] {task_command.py:426} INFO - Running <TaskInstance: era5_download_pipeline.era5_instant scheduled__2026-06-05T21:00:00+00:00 [running]> on host 01cd476fb21a
[2026-06-05T22:00:02.250+0000] {taskinstance.py:2648} INFO - Exporting env vars: AIRFLOW_CTX_DAG_OWNER='era5' AIRFLOW_CTX_DAG_ID='era5_download_pipeline' AIRFLOW_CTX_TASK_ID='era5_instant' AIRFLOW_CTX_EXECUTION_DATE='2026-06-05T21:00:00+00:00' AIRFLOW_CTX_TRY_NUMBER='1' AIRFLOW_CTX_DAG_RUN_ID='scheduled__2026-06-05T21:00:00+00:00'
[2026-06-05T22:00:02.254+0000] {taskinstance.py:430} INFO - ::endgroup::
[2026-06-05T22:00:03.296+0000] {logging_mixin.py:188} WARNING - 2026-06-05 22:00:03 [INFO] === START job=instant date=2026-06-05 ===
[2026-06-05T22:00:03.295+0000] {era5_functions.py:368} INFO - === START job=instant date=2026-06-05 ===
[2026-06-05T22:00:03.298+0000] {logging_mixin.py:188} WARNING - 2026-06-05 22:00:03 [INFO] --- job=instant date=20260605 ---
[2026-06-05T22:00:03.297+0000] {era5_functions.py:330} INFO - --- job=instant date=20260605 ---
[2026-06-05T22:00:04.834+0000] {logging_mixin.py:188} WARNING - 2026-06-05 22:00:04 [WARNING] get_cds_count failed: 400 Client Error: Bad Request for url: https://cds.climate.copernicus.eu/api/retrieve/v1/processes/reanalysis-era5-single-levels/execution
invalid request
None of the data you have requested is available yet, please revise the period requested. The latest date available for this dataset is: 2026-05-31 22:00
[2026-06-05T22:00:04.834+0000] {era5_functions.py:131} WARNING - get_cds_count failed: 400 Client Error: Bad Request for url: https://cds.climate.copernicus.eu/api/retrieve/v1/processes/reanalysis-era5-single-levels/execution
invalid request
None of the data you have requested is available yet, please revise the period requested. The latest date available for this dataset is: 2026-05-31 22:00
[2026-06-05T22:00:04.839+0000] {logging_mixin.py:188} WARNING - 2026-06-05 22:00:04 [WARNING] CDS ยังไม่มีข้อมูล job=instant date=20260605, skip
[2026-06-05T22:00:04.839+0000] {era5_functions.py:335} WARNING - CDS ยังไม่มีข้อมูล job=instant date=20260605, skip
[2026-06-05T22:00:04.843+0000] {logging_mixin.py:188} WARNING - 2026-06-05 22:00:04 [INFO] --- job=instant date=20260604 ---
[2026-06-05T22:00:04.842+0000] {era5_functions.py:330} INFO - --- job=instant date=20260604 ---
[2026-06-05T22:00:05.945+0000] {logging_mixin.py:188} WARNING - 2026-06-05 22:00:05 [WARNING] get_cds_count failed: 400 Client Error: Bad Request for url: https://cds.climate.copernicus.eu/api/retrieve/v1/processes/reanalysis-era5-single-levels/execution
invalid request
None of the data you have requested is available yet, please revise the period requested. The latest date available for this dataset is: 2026-05-31 22:00
[2026-06-05T22:00:05.945+0000] {era5_functions.py:131} WARNING - get_cds_count failed: 400 Client Error: Bad Request for url: https://cds.climate.copernicus.eu/api/retrieve/v1/processes/reanalysis-era5-single-levels/execution
invalid request
None of the data you have requested is available yet, please revise the period requested. The latest date available for this dataset is: 2026-05-31 22:00
[2026-06-05T22:00:05.949+0000] {logging_mixin.py:188} WARNING - 2026-06-05 22:00:05 [WARNING] CDS ยังไม่มีข้อมูล job=instant date=20260604, skip
[2026-06-05T22:00:05.949+0000] {era5_functions.py:335} WARNING - CDS ยังไม่มีข้อมูล job=instant date=20260604, skip
[2026-06-05T22:00:05.952+0000] {logging_mixin.py:188} WARNING - 2026-06-05 22:00:05 [INFO] --- job=instant date=20260603 ---
[2026-06-05T22:00:05.952+0000] {era5_functions.py:330} INFO - --- job=instant date=20260603 ---
[2026-06-05T22:00:06.608+0000] {logging_mixin.py:188} WARNING - 2026-06-05 22:00:06 [WARNING] get_cds_count failed: 400 Client Error: Bad Request for url: https://cds.climate.copernicus.eu/api/retrieve/v1/processes/reanalysis-era5-single-levels/execution
invalid request
None of the data you have requested is available yet, please revise the period requested. The latest date available for this dataset is: 2026-05-31 22:00
[2026-06-05T22:00:06.608+0000] {era5_functions.py:131} WARNING - get_cds_count failed: 400 Client Error: Bad Request for url: https://cds.climate.copernicus.eu/api/retrieve/v1/processes/reanalysis-era5-single-levels/execution
invalid request
None of the data you have requested is available yet, please revise the period requested. The latest date available for this dataset is: 2026-05-31 22:00
[2026-06-05T22:00:06.613+0000] {logging_mixin.py:188} WARNING - 2026-06-05 22:00:06 [WARNING] CDS ยังไม่มีข้อมูล job=instant date=20260603, skip
[2026-06-05T22:00:06.613+0000] {era5_functions.py:335} WARNING - CDS ยังไม่มีข้อมูล job=instant date=20260603, skip
[2026-06-05T22:00:06.616+0000] {logging_mixin.py:188} WARNING - 2026-06-05 22:00:06 [INFO] --- job=instant date=20260602 ---
[2026-06-05T22:00:06.616+0000] {era5_functions.py:330} INFO - --- job=instant date=20260602 ---
[2026-06-05T22:00:07.309+0000] {logging_mixin.py:188} WARNING - 2026-06-05 22:00:07 [WARNING] get_cds_count failed: 400 Client Error: Bad Request for url: https://cds.climate.copernicus.eu/api/retrieve/v1/processes/reanalysis-era5-single-levels/execution
invalid request
None of the data you have requested is available yet, please revise the period requested. The latest date available for this dataset is: 2026-05-31 22:00
[2026-06-05T22:00:07.309+0000] {era5_functions.py:131} WARNING - get_cds_count failed: 400 Client Error: Bad Request for url: https://cds.climate.copernicus.eu/api/retrieve/v1/processes/reanalysis-era5-single-levels/execution
invalid request
None of the data you have requested is available yet, please revise the period requested. The latest date available for this dataset is: 2026-05-31 22:00
[2026-06-05T22:00:07.313+0000] {logging_mixin.py:188} WARNING - 2026-06-05 22:00:07 [WARNING] CDS ยังไม่มีข้อมูล job=instant date=20260602, skip
[2026-06-05T22:00:07.312+0000] {era5_functions.py:335} WARNING - CDS ยังไม่มีข้อมูล job=instant date=20260602, skip
[2026-06-05T22:00:07.315+0000] {logging_mixin.py:188} WARNING - 2026-06-05 22:00:07 [INFO] --- job=instant date=20260601 ---
[2026-06-05T22:00:07.315+0000] {era5_functions.py:330} INFO - --- job=instant date=20260601 ---
[2026-06-05T22:00:07.719+0000] {logging_mixin.py:188} WARNING - 2026-06-05 22:00:07 [WARNING] get_cds_count failed: 400 Client Error: Bad Request for url: https://cds.climate.copernicus.eu/api/retrieve/v1/processes/reanalysis-era5-single-levels/execution
invalid request
None of the data you have requested is available yet, please revise the period requested. The latest date available for this dataset is: 2026-05-31 22:00
[2026-06-05T22:00:07.719+0000] {era5_functions.py:131} WARNING - get_cds_count failed: 400 Client Error: Bad Request for url: https://cds.climate.copernicus.eu/api/retrieve/v1/processes/reanalysis-era5-single-levels/execution
invalid request
None of the data you have requested is available yet, please revise the period requested. The latest date available for this dataset is: 2026-05-31 22:00
[2026-06-05T22:00:07.723+0000] {logging_mixin.py:188} WARNING - 2026-06-05 22:00:07 [WARNING] CDS ยังไม่มีข้อมูล job=instant date=20260601, skip
[2026-06-05T22:00:07.722+0000] {era5_functions.py:335} WARNING - CDS ยังไม่มีข้อมูล job=instant date=20260601, skip
[2026-06-05T22:00:07.725+0000] {logging_mixin.py:188} WARNING - 2026-06-05 22:00:07 [INFO] --- job=instant date=20260531 ---
[2026-06-05T22:00:07.725+0000] {era5_functions.py:330} INFO - --- job=instant date=20260531 ---
[2026-06-05T22:00:08.538+0000] {logging_mixin.py:188} WARNING - 2026-06-05 22:00:08,538 INFO [2025-12-11T00:00:00] Please note that a dedicated catalogue entry for this dataset, post-processed and stored in Analysis Ready Cloud Optimized (ARCO) format (Zarr), is available for optimised time-series retrievals (i.e. for retrieving data from selected variables for a single point over an extended period of time in an efficient way). You can discover it [here](https://cds.climate.copernicus.eu/datasets/reanalysis-era5-single-levels-timeseries?tab=overview)
[2026-06-05T22:00:08.538+0000] {legacy_client.py:192} INFO - [2025-12-11T00:00:00] Please note that a dedicated catalogue entry for this dataset, post-processed and stored in Analysis Ready Cloud Optimized (ARCO) format (Zarr), is available for optimised time-series retrievals (i.e. for retrieving data from selected variables for a single point over an extended period of time in an efficient way). You can discover it [here](https://cds.climate.copernicus.eu/datasets/reanalysis-era5-single-levels-timeseries?tab=overview)
[2026-06-05T22:00:08.542+0000] {logging_mixin.py:188} WARNING - 2026-06-05 22:00:08,541 INFO Request ID is c22f1c0f-28c9-4b8b-89b4-fb78470c9815
[2026-06-05T22:00:08.541+0000] {legacy_client.py:192} INFO - Request ID is c22f1c0f-28c9-4b8b-89b4-fb78470c9815
[2026-06-05T22:00:08.746+0000] {logging_mixin.py:188} WARNING - 2026-06-05 22:00:08,746 INFO status has been updated to accepted
[2026-06-05T22:00:08.746+0000] {legacy_client.py:192} INFO - status has been updated to accepted
[2026-06-05T22:00:42.511+0000] {logging_mixin.py:188} WARNING - 2026-06-05 22:00:42,511 INFO status has been updated to running
[2026-06-05T22:00:42.511+0000] {legacy_client.py:192} INFO - status has been updated to running
[2026-06-05T22:00:59.808+0000] {logging_mixin.py:188} WARNING - 2026-06-05 22:00:59,807 INFO status has been updated to successful
[2026-06-05T22:00:59.807+0000] {legacy_client.py:192} INFO - status has been updated to successful
[2026-06-05T22:01:00.264+0000] {base.py:119} INFO - Downloading https://object-store.os-api.cci2.ecmwf.int:443/cci2-prod-cache-3/2026-06-05/20c1169bf404e6dfd786b206250edd7d.nc
[2026-06-05T22:01:01.306+0000] {logging_mixin.py:188} WARNING - 20c1169bf404e6dfd786b206250edd7d.nc:   0%|          | 0.00/2.46M [00:00<?, ?B/s]
[2026-06-05T22:01:03.086+0000] {logging_mixin.py:188} WARNING - 20c1169bf404e6dfd786b206250edd7d.nc:  41%|####      | 1.00M/2.46M [00:01<00:02, 590kB/s]
[2026-06-05T22:01:03.435+0000] {logging_mixin.py:188} WARNING - 20c1169bf404e6dfd786b206250edd7d.nc:  81%|########1 | 2.00M/2.46M [00:02<00:00, 1.12MB/s]
[2026-06-05T22:01:03.456+0000] {logging_mixin.py:188} WARNING -                                                                                          
[2026-06-05T22:01:03.713+0000] {logging_mixin.py:188} WARNING - 2026-06-05 22:01:03 [INFO] CDS timestep available: 23
[2026-06-05T22:01:03.713+0000] {era5_functions.py:128} INFO - CDS timestep available: 23
[2026-06-05T22:01:03.813+0000] {logging_mixin.py:188} WARNING - 2026-06-05 22:01:03 [INFO] local timestep: 22 — /opt/***/era5/ecmwf/data/nc/_raw/2026/05/31/instant_20260531.nc
[2026-06-05T22:01:03.813+0000] {era5_functions.py:152} INFO - local timestep: 22 — /opt/***/era5/ecmwf/data/nc/_raw/2026/05/31/instant_20260531.nc
[2026-06-05T22:01:03.820+0000] {logging_mixin.py:188} WARNING - 2026-06-05 22:01:03 [INFO] nc outdated (local=22 < cds=23), removing: /opt/***/era5/ecmwf/data/nc/_raw/2026/05/31/instant_20260531.nc
[2026-06-05T22:01:03.820+0000] {era5_functions.py:193} INFO - nc outdated (local=22 < cds=23), removing: /opt/***/era5/ecmwf/data/nc/_raw/2026/05/31/instant_20260531.nc
[2026-06-05T22:01:03.840+0000] {logging_mixin.py:188} WARNING - 2026-06-05 22:01:03 [INFO] download attempt 1/3: /opt/***/era5/ecmwf/data/nc/_raw/2026/05/31/instant_20260531.nc
[2026-06-05T22:01:03.840+0000] {era5_functions.py:200} INFO - download attempt 1/3: /opt/***/era5/ecmwf/data/nc/_raw/2026/05/31/instant_20260531.nc
[2026-06-05T22:01:04.839+0000] {logging_mixin.py:188} WARNING - 2026-06-05 22:01:04,838 INFO [2025-12-11T00:00:00] Please note that a dedicated catalogue entry for this dataset, post-processed and stored in Analysis Ready Cloud Optimized (ARCO) format (Zarr), is available for optimised time-series retrievals (i.e. for retrieving data from selected variables for a single point over an extended period of time in an efficient way). You can discover it [here](https://cds.climate.copernicus.eu/datasets/reanalysis-era5-single-levels-timeseries?tab=overview)
[2026-06-05T22:01:04.838+0000] {legacy_client.py:192} INFO - [2025-12-11T00:00:00] Please note that a dedicated catalogue entry for this dataset, post-processed and stored in Analysis Ready Cloud Optimized (ARCO) format (Zarr), is available for optimised time-series retrievals (i.e. for retrieving data from selected variables for a single point over an extended period of time in an efficient way). You can discover it [here](https://cds.climate.copernicus.eu/datasets/reanalysis-era5-single-levels-timeseries?tab=overview)
[2026-06-05T22:01:04.841+0000] {logging_mixin.py:188} WARNING - 2026-06-05 22:01:04,841 INFO Request ID is 4cc4ab6d-0585-40eb-bd14-f0ee6055b036
[2026-06-05T22:01:04.841+0000] {legacy_client.py:192} INFO - Request ID is 4cc4ab6d-0585-40eb-bd14-f0ee6055b036
[2026-06-05T22:01:05.044+0000] {logging_mixin.py:188} WARNING - 2026-06-05 22:01:05,043 INFO status has been updated to accepted
[2026-06-05T22:01:05.043+0000] {legacy_client.py:192} INFO - status has been updated to accepted
[2026-06-05T22:01:28.196+0000] {logging_mixin.py:188} WARNING - 2026-06-05 22:01:28,196 INFO status has been updated to successful
[2026-06-05T22:01:28.196+0000] {legacy_client.py:192} INFO - status has been updated to successful
[2026-06-05T22:01:28.640+0000] {base.py:119} INFO - Downloading https://object-store.os-api.cci2.ecmwf.int:443/cci2-prod-cache-2/2026-06-05/908db6473d50d504429534748112f9d0.nc
[2026-06-05T22:01:29.707+0000] {logging_mixin.py:188} WARNING - 908db6473d50d504429534748112f9d0.nc:   0%|          | 0.00/2.46M [00:00<?, ?B/s]
[2026-06-05T22:01:31.818+0000] {logging_mixin.py:188} WARNING - 908db6473d50d504429534748112f9d0.nc:  41%|####      | 1.00M/2.46M [00:02<00:03, 497kB/s]
[2026-06-05T22:01:32.586+0000] {logging_mixin.py:188} WARNING - 908db6473d50d504429534748112f9d0.nc:  81%|########1 | 2.00M/2.46M [00:02<00:00, 794kB/s]
[2026-06-05T22:01:32.764+0000] {logging_mixin.py:188} WARNING - 908db6473d50d504429534748112f9d0.nc: 100%|##########| 2.46M/2.46M [00:03<00:00, 991kB/s]
[2026-06-05T22:01:32.786+0000] {logging_mixin.py:188} WARNING -                                                                                         
[2026-06-05T22:01:32.977+0000] {logging_mixin.py:188} WARNING - 2026-06-05 22:01:32 [INFO] nc downloaded ok: /opt/***/era5/ecmwf/data/nc/_raw/2026/05/31/instant_20260531.nc
[2026-06-05T22:01:32.977+0000] {era5_functions.py:204} INFO - nc downloaded ok: /opt/***/era5/ecmwf/data/nc/_raw/2026/05/31/instant_20260531.nc
[2026-06-05T22:01:33.072+0000] {logging_mixin.py:188} WARNING - 2026-06-05 22:01:33 [INFO] local timestep: 23 — /opt/***/era5/ecmwf/data/nc/_raw/2026/05/31/instant_20260531.nc
[2026-06-05T22:01:33.072+0000] {era5_functions.py:152} INFO - local timestep: 23 — /opt/***/era5/ecmwf/data/nc/_raw/2026/05/31/instant_20260531.nc
[2026-06-05T22:01:33.177+0000] {logging_mixin.py:188} WARNING - 2026-06-05 22:01:33 [INFO] tif outdated (tif=22 < nc=23), removing: /opt/***/era5/ecmwf/data/tif/2026/05/31/t2m_20260531.tif
[2026-06-05T22:01:33.177+0000] {era5_functions.py:261} INFO - tif outdated (tif=22 < nc=23), removing: /opt/***/era5/ecmwf/data/tif/2026/05/31/t2m_20260531.tif
[2026-06-05T22:01:33.284+0000] {logging_mixin.py:188} WARNING - 2026-06-05 22:01:33 [INFO] tif ok (bands=23): /opt/***/era5/ecmwf/data/tif/2026/05/31/t2m_20260531.tif
[2026-06-05T22:01:33.284+0000] {era5_functions.py:304} INFO - tif ok (bands=23): /opt/***/era5/ecmwf/data/tif/2026/05/31/t2m_20260531.tif
[2026-06-05T22:01:33.300+0000] {logging_mixin.py:188} WARNING - 2026-06-05 22:01:33 [INFO] tif outdated (tif=22 < nc=23), removing: /opt/***/era5/ecmwf/data/tif/2026/05/31/d2m_20260531.tif
[2026-06-05T22:01:33.300+0000] {era5_functions.py:261} INFO - tif outdated (tif=22 < nc=23), removing: /opt/***/era5/ecmwf/data/tif/2026/05/31/d2m_20260531.tif
[2026-06-05T22:01:33.399+0000] {logging_mixin.py:188} WARNING - 2026-06-05 22:01:33 [INFO] tif ok (bands=23): /opt/***/era5/ecmwf/data/tif/2026/05/31/d2m_20260531.tif
[2026-06-05T22:01:33.399+0000] {era5_functions.py:304} INFO - tif ok (bands=23): /opt/***/era5/ecmwf/data/tif/2026/05/31/d2m_20260531.tif
[2026-06-05T22:01:33.417+0000] {logging_mixin.py:188} WARNING - 2026-06-05 22:01:33 [INFO] tif outdated (tif=22 < nc=23), removing: /opt/***/era5/ecmwf/data/tif/2026/05/31/sp_20260531.tif
[2026-06-05T22:01:33.417+0000] {era5_functions.py:261} INFO - tif outdated (tif=22 < nc=23), removing: /opt/***/era5/ecmwf/data/tif/2026/05/31/sp_20260531.tif
[2026-06-05T22:01:33.526+0000] {logging_mixin.py:188} WARNING - 2026-06-05 22:01:33 [INFO] tif ok (bands=23): /opt/***/era5/ecmwf/data/tif/2026/05/31/sp_20260531.tif
[2026-06-05T22:01:33.525+0000] {era5_functions.py:304} INFO - tif ok (bands=23): /opt/***/era5/ecmwf/data/tif/2026/05/31/sp_20260531.tif
[2026-06-05T22:01:33.548+0000] {logging_mixin.py:188} WARNING - 2026-06-05 22:01:33 [INFO] tif outdated (tif=22 < nc=23), removing: /opt/***/era5/ecmwf/data/tif/2026/05/31/blh_20260531.tif
[2026-06-05T22:01:33.548+0000] {era5_functions.py:261} INFO - tif outdated (tif=22 < nc=23), removing: /opt/***/era5/ecmwf/data/tif/2026/05/31/blh_20260531.tif
[2026-06-05T22:01:33.662+0000] {logging_mixin.py:188} WARNING - 2026-06-05 22:01:33 [INFO] tif ok (bands=23): /opt/***/era5/ecmwf/data/tif/2026/05/31/blh_20260531.tif
[2026-06-05T22:01:33.662+0000] {era5_functions.py:304} INFO - tif ok (bands=23): /opt/***/era5/ecmwf/data/tif/2026/05/31/blh_20260531.tif
[2026-06-05T22:01:33.679+0000] {logging_mixin.py:188} WARNING - 2026-06-05 22:01:33 [INFO] tif outdated (tif=22 < nc=23), removing: /opt/***/era5/ecmwf/data/tif/2026/05/31/u10_20260531.tif
[2026-06-05T22:01:33.679+0000] {era5_functions.py:261} INFO - tif outdated (tif=22 < nc=23), removing: /opt/***/era5/ecmwf/data/tif/2026/05/31/u10_20260531.tif
[2026-06-05T22:01:33.778+0000] {logging_mixin.py:188} WARNING - 2026-06-05 22:01:33 [INFO] tif ok (bands=23): /opt/***/era5/ecmwf/data/tif/2026/05/31/u10_20260531.tif
[2026-06-05T22:01:33.778+0000] {era5_functions.py:304} INFO - tif ok (bands=23): /opt/***/era5/ecmwf/data/tif/2026/05/31/u10_20260531.tif
[2026-06-05T22:01:33.795+0000] {logging_mixin.py:188} WARNING - 2026-06-05 22:01:33 [INFO] tif outdated (tif=22 < nc=23), removing: /opt/***/era5/ecmwf/data/tif/2026/05/31/v10_20260531.tif
[2026-06-05T22:01:33.794+0000] {era5_functions.py:261} INFO - tif outdated (tif=22 < nc=23), removing: /opt/***/era5/ecmwf/data/tif/2026/05/31/v10_20260531.tif
[2026-06-05T22:01:33.931+0000] {logging_mixin.py:188} WARNING - 2026-06-05 22:01:33 [INFO] tif ok (bands=23): /opt/***/era5/ecmwf/data/tif/2026/05/31/v10_20260531.tif
[2026-06-05T22:01:33.931+0000] {era5_functions.py:304} INFO - tif ok (bands=23): /opt/***/era5/ecmwf/data/tif/2026/05/31/v10_20260531.tif
[2026-06-05T22:01:33.939+0000] {logging_mixin.py:188} WARNING - 2026-06-05 22:01:33 [INFO] === END job=instant date=2026-06-05 ===
[2026-06-05T22:01:33.938+0000] {era5_functions.py:379} INFO - === END job=instant date=2026-06-05 ===
[2026-06-05T22:01:33.942+0000] {python.py:237} INFO - Done. Returned value was: None
[2026-06-05T22:01:33.943+0000] {taskinstance.py:441} INFO - ::group::Post task execution logs
[2026-06-05T22:01:33.962+0000] {taskinstance.py:1206} INFO - Marking task as SUCCESS. dag_id=era5_download_pipeline, task_id=era5_instant, run_id=scheduled__2026-06-05T21:00:00+00:00, execution_date=20260605T210000, start_date=20260605T220001, end_date=20260605T220133
[2026-06-05T22:01:34.035+0000] {local_task_job_runner.py:240} INFO - Task exited with return code 0
[2026-06-05T22:01:34.064+0000] {taskinstance.py:3498} INFO - 1 downstream tasks scheduled from follow-on schedule check
[2026-06-05T22:01:34.067+0000] {local_task_job_runner.py:222} INFO - ::endgroup::
