[2026-05-24T21:00:02.010+0000] {local_task_job_runner.py:120} INFO - ::group::Pre task execution logs
[2026-05-24T21:00:02.037+0000] {taskinstance.py:2076} INFO - Dependencies all met for dep_context=non-requeueable deps ti=<TaskInstance: era5_ecmwf_pipeline.era5_instant scheduled__2026-05-24T20:00:00+00:00 [queued]>
[2026-05-24T21:00:02.048+0000] {taskinstance.py:2076} INFO - Dependencies all met for dep_context=requeueable deps ti=<TaskInstance: era5_ecmwf_pipeline.era5_instant scheduled__2026-05-24T20:00:00+00:00 [queued]>
[2026-05-24T21:00:02.049+0000] {taskinstance.py:2306} INFO - Starting attempt 1 of 1
[2026-05-24T21:00:02.066+0000] {taskinstance.py:2330} INFO - Executing <Task(PythonOperator): era5_instant> on 2026-05-24 20:00:00+00:00
[2026-05-24T21:00:02.078+0000] {warnings.py:110} WARNING - /home/***/.local/lib/python3.12/site-packages/***/task/task_runner/standard_task_runner.py:61: DeprecationWarning: This process (pid=50445) is multi-threaded, use of fork() may lead to deadlocks in the child.
  pid = os.fork()

[2026-05-24T21:00:02.081+0000] {standard_task_runner.py:63} INFO - Started process 50448 to run task
[2026-05-24T21:00:02.081+0000] {standard_task_runner.py:90} INFO - Running: ['***', 'tasks', 'run', 'era5_ecmwf_pipeline', 'era5_instant', 'scheduled__2026-05-24T20:00:00+00:00', '--job-id', '439', '--raw', '--subdir', 'DAGS_FOLDER/era5_dag.py', '--cfg-path', '/tmp/tmpuazkjffa']
[2026-05-24T21:00:02.085+0000] {standard_task_runner.py:91} INFO - Job 439: Subtask era5_instant
[2026-05-24T21:00:02.164+0000] {task_command.py:426} INFO - Running <TaskInstance: era5_ecmwf_pipeline.era5_instant scheduled__2026-05-24T20:00:00+00:00 [running]> on host fc8478f399e7
[2026-05-24T21:00:02.280+0000] {taskinstance.py:2648} INFO - Exporting env vars: AIRFLOW_CTX_DAG_OWNER='***' AIRFLOW_CTX_DAG_ID='era5_ecmwf_pipeline' AIRFLOW_CTX_TASK_ID='era5_instant' AIRFLOW_CTX_EXECUTION_DATE='2026-05-24T20:00:00+00:00' AIRFLOW_CTX_TRY_NUMBER='1' AIRFLOW_CTX_DAG_RUN_ID='scheduled__2026-05-24T20:00:00+00:00'
[2026-05-24T21:00:02.282+0000] {taskinstance.py:430} INFO - ::endgroup::
[2026-05-24T21:00:02.303+0000] {logging_mixin.py:188} INFO - RUN → instant | 2026-05-19
[2026-05-24T21:00:02.319+0000] {era5_logger.py:51} INFO - Log file: logs/era5/2026/05/19/era5_20260519.log
[2026-05-24T21:00:02.320+0000] {era5_functions.py:329} INFO - ERA5 [INSTANT] START: 2026-05-19
[2026-05-24T21:00:03.360+0000] {era5_functions.py:285} INFO - ============================================================
[2026-05-24T21:00:03.362+0000] {era5_functions.py:286} INFO - JOB : INSTANT | 2026-05-19
[2026-05-24T21:00:03.363+0000] {era5_functions.py:287} INFO - VARS: ['t2m', 'd2m', 'sp', 'blh', 'u10', 'v10']
[2026-05-24T21:00:03.365+0000] {era5_functions.py:288} INFO - ============================================================
[2026-05-24T21:00:03.691+0000] {era5_functions.py:63} WARNING - [VALIDATE NC] instant_20260519.nc → NOT READY (2/24)
[2026-05-24T21:00:03.696+0000] {era5_functions.py:123} WARNING - [NC] ERA5 not ready → instant_20260519.nc
[2026-05-24T21:00:03.697+0000] {era5_functions.py:295} WARNING - [PIPELINE] skip tif → nc not ready
[2026-05-24T21:00:03.698+0000] {era5_functions.py:341} INFO - ERA5 [INSTANT] COMPLETE ✓
[2026-05-24T21:00:03.699+0000] {logging_mixin.py:188} INFO - RUN → instant | 2026-05-18
[2026-05-24T21:00:03.703+0000] {era5_logger.py:51} INFO - Log file: logs/era5/2026/05/18/era5_20260518.log
[2026-05-24T21:00:03.704+0000] {era5_functions.py:329} INFO - ERA5 [INSTANT] START: 2026-05-18
[2026-05-24T21:00:04.692+0000] {era5_functions.py:285} INFO - ============================================================
[2026-05-24T21:00:04.695+0000] {era5_functions.py:286} INFO - JOB : INSTANT | 2026-05-18
[2026-05-24T21:00:04.697+0000] {era5_functions.py:287} INFO - VARS: ['t2m', 'd2m', 'sp', 'blh', 'u10', 'v10']
[2026-05-24T21:00:04.699+0000] {era5_functions.py:288} INFO - ============================================================
[2026-05-24T21:00:04.782+0000] {era5_functions.py:63} WARNING - [VALIDATE NC] instant_20260518.nc → NOT READY (2/24)
[2026-05-24T21:00:04.786+0000] {era5_functions.py:123} WARNING - [NC] ERA5 not ready → instant_20260518.nc
[2026-05-24T21:00:04.787+0000] {era5_functions.py:295} WARNING - [PIPELINE] skip tif → nc not ready
[2026-05-24T21:00:04.789+0000] {era5_functions.py:341} INFO - ERA5 [INSTANT] COMPLETE ✓
[2026-05-24T21:00:04.790+0000] {logging_mixin.py:188} INFO - RUN → instant | 2026-05-17
[2026-05-24T21:00:04.795+0000] {era5_logger.py:51} INFO - Log file: logs/era5/2026/05/17/era5_20260517.log
[2026-05-24T21:00:04.796+0000] {era5_functions.py:329} INFO - ERA5 [INSTANT] START: 2026-05-17
[2026-05-24T21:00:05.785+0000] {era5_functions.py:285} INFO - ============================================================
[2026-05-24T21:00:05.788+0000] {era5_functions.py:286} INFO - JOB : INSTANT | 2026-05-17
[2026-05-24T21:00:05.790+0000] {era5_functions.py:287} INFO - VARS: ['t2m', 'd2m', 'sp', 'blh', 'u10', 'v10']
[2026-05-24T21:00:05.792+0000] {era5_functions.py:288} INFO - ============================================================
[2026-05-24T21:00:05.877+0000] {era5_functions.py:63} WARNING - [VALIDATE NC] instant_20260517.nc → NOT READY (4/24)
[2026-05-24T21:00:05.881+0000] {era5_functions.py:123} WARNING - [NC] ERA5 not ready → instant_20260517.nc
[2026-05-24T21:00:05.882+0000] {era5_functions.py:295} WARNING - [PIPELINE] skip tif → nc not ready
[2026-05-24T21:00:05.883+0000] {era5_functions.py:341} INFO - ERA5 [INSTANT] COMPLETE ✓
[2026-05-24T21:00:05.884+0000] {python.py:237} INFO - Done. Returned value was: None
[2026-05-24T21:00:05.884+0000] {taskinstance.py:441} INFO - ::group::Post task execution logs
[2026-05-24T21:00:05.897+0000] {taskinstance.py:1206} INFO - Marking task as SUCCESS. dag_id=era5_ecmwf_pipeline, task_id=era5_instant, run_id=scheduled__2026-05-24T20:00:00+00:00, execution_date=20260524T200000, start_date=20260524T210002, end_date=20260524T210005
[2026-05-24T21:00:05.959+0000] {local_task_job_runner.py:240} INFO - Task exited with return code 0
[2026-05-24T21:00:05.988+0000] {taskinstance.py:3498} INFO - 0 downstream tasks scheduled from follow-on schedule check
[2026-05-24T21:00:05.991+0000] {local_task_job_runner.py:222} INFO - ::endgroup::
