[2026-06-16T05:00:03.003+0000] {local_task_job_runner.py:120} INFO - ::group::Pre task execution logs
[2026-06-16T05:00:03.029+0000] {taskinstance.py:2076} INFO - Dependencies all met for dep_context=non-requeueable deps ti=<TaskInstance: era5_download_pipeline.era5_instant scheduled__2026-06-16T04:00:00+00:00 [queued]>
[2026-06-16T05:00:03.040+0000] {taskinstance.py:2076} INFO - Dependencies all met for dep_context=requeueable deps ti=<TaskInstance: era5_download_pipeline.era5_instant scheduled__2026-06-16T04:00:00+00:00 [queued]>
[2026-06-16T05:00:03.041+0000] {taskinstance.py:2306} INFO - Starting attempt 1 of 1
[2026-06-16T05:00:03.057+0000] {taskinstance.py:2330} INFO - Executing <Task(PythonOperator): era5_instant> on 2026-06-16 04:00:00+00:00
[2026-06-16T05:00:03.071+0000] {warnings.py:110} WARNING - /home/***/.local/lib/python3.12/site-packages/***/task/task_runner/standard_task_runner.py:61: DeprecationWarning: This process (pid=90759) is multi-threaded, use of fork() may lead to deadlocks in the child.
  pid = os.fork()

[2026-06-16T05:00:03.074+0000] {standard_task_runner.py:63} INFO - Started process 90764 to run task
[2026-06-16T05:00:03.073+0000] {standard_task_runner.py:90} INFO - Running: ['***', 'tasks', 'run', 'era5_download_pipeline', 'era5_instant', 'scheduled__2026-06-16T04:00:00+00:00', '--job-id', '1676', '--raw', '--subdir', 'DAGS_FOLDER/era5_dag.py', '--cfg-path', '/tmp/tmpyqx0pugv']
[2026-06-16T05:00:03.078+0000] {standard_task_runner.py:91} INFO - Job 1676: Subtask era5_instant
[2026-06-16T05:00:03.174+0000] {task_command.py:426} INFO - Running <TaskInstance: era5_download_pipeline.era5_instant scheduled__2026-06-16T04:00:00+00:00 [running]> on host 01cd476fb21a
[2026-06-16T05:00:03.299+0000] {taskinstance.py:2648} INFO - Exporting env vars: AIRFLOW_CTX_DAG_OWNER='era5' AIRFLOW_CTX_DAG_ID='era5_download_pipeline' AIRFLOW_CTX_TASK_ID='era5_instant' AIRFLOW_CTX_EXECUTION_DATE='2026-06-16T04:00:00+00:00' AIRFLOW_CTX_TRY_NUMBER='1' AIRFLOW_CTX_DAG_RUN_ID='scheduled__2026-06-16T04:00:00+00:00'
[2026-06-16T05:00:03.301+0000] {taskinstance.py:430} INFO - ::endgroup::
[2026-06-16T05:00:04.359+0000] {logging_mixin.py:188} WARNING - 2026-06-16 05:00:04 [INFO] === START job=instant date=2026-06-16 ===
[2026-06-16T05:00:04.359+0000] {era5_functions.py:368} INFO - === START job=instant date=2026-06-16 ===
[2026-06-16T05:00:04.362+0000] {logging_mixin.py:188} WARNING - 2026-06-16 05:00:04 [INFO] --- job=instant date=20260616 ---
[2026-06-16T05:00:04.362+0000] {era5_functions.py:330} INFO - --- job=instant date=20260616 ---
[2026-06-16T05:00:05.693+0000] {logging_mixin.py:188} WARNING - 2026-06-16 05:00:05 [WARNING] get_cds_count failed: 400 Client Error: Bad Request for url: https://cds.climate.copernicus.eu/api/retrieve/v1/processes/reanalysis-era5-single-levels/execution
invalid request
None of the data you have requested is available yet, please revise the period requested. The latest date available for this dataset is: 2026-06-11 05:00
[2026-06-16T05:00:05.693+0000] {era5_functions.py:131} WARNING - get_cds_count failed: 400 Client Error: Bad Request for url: https://cds.climate.copernicus.eu/api/retrieve/v1/processes/reanalysis-era5-single-levels/execution
invalid request
None of the data you have requested is available yet, please revise the period requested. The latest date available for this dataset is: 2026-06-11 05:00
[2026-06-16T05:00:05.696+0000] {logging_mixin.py:188} WARNING - 2026-06-16 05:00:05 [WARNING] CDS ยังไม่มีข้อมูล job=instant date=20260616, skip
[2026-06-16T05:00:05.696+0000] {era5_functions.py:335} WARNING - CDS ยังไม่มีข้อมูล job=instant date=20260616, skip
[2026-06-16T05:00:05.698+0000] {logging_mixin.py:188} WARNING - 2026-06-16 05:00:05 [INFO] --- job=instant date=20260615 ---
[2026-06-16T05:00:05.698+0000] {era5_functions.py:330} INFO - --- job=instant date=20260615 ---
[2026-06-16T05:00:10.438+0000] {logging_mixin.py:188} WARNING - 2026-06-16 05:00:10 [WARNING] get_cds_count failed: 400 Client Error: Bad Request for url: https://cds.climate.copernicus.eu/api/retrieve/v1/processes/reanalysis-era5-single-levels/execution
invalid request
None of the data you have requested is available yet, please revise the period requested. The latest date available for this dataset is: 2026-06-11 05:00
[2026-06-16T05:00:10.437+0000] {era5_functions.py:131} WARNING - get_cds_count failed: 400 Client Error: Bad Request for url: https://cds.climate.copernicus.eu/api/retrieve/v1/processes/reanalysis-era5-single-levels/execution
invalid request
None of the data you have requested is available yet, please revise the period requested. The latest date available for this dataset is: 2026-06-11 05:00
[2026-06-16T05:00:10.441+0000] {logging_mixin.py:188} WARNING - 2026-06-16 05:00:10 [WARNING] CDS ยังไม่มีข้อมูล job=instant date=20260615, skip
[2026-06-16T05:00:10.441+0000] {era5_functions.py:335} WARNING - CDS ยังไม่มีข้อมูล job=instant date=20260615, skip
[2026-06-16T05:00:10.443+0000] {logging_mixin.py:188} WARNING - 2026-06-16 05:00:10 [INFO] --- job=instant date=20260614 ---
[2026-06-16T05:00:10.443+0000] {era5_functions.py:330} INFO - --- job=instant date=20260614 ---
[2026-06-16T05:00:11.109+0000] {logging_mixin.py:188} WARNING - 2026-06-16 05:00:11 [WARNING] get_cds_count failed: 400 Client Error: Bad Request for url: https://cds.climate.copernicus.eu/api/retrieve/v1/processes/reanalysis-era5-single-levels/execution
invalid request
None of the data you have requested is available yet, please revise the period requested. The latest date available for this dataset is: 2026-06-11 05:00
[2026-06-16T05:00:11.108+0000] {era5_functions.py:131} WARNING - get_cds_count failed: 400 Client Error: Bad Request for url: https://cds.climate.copernicus.eu/api/retrieve/v1/processes/reanalysis-era5-single-levels/execution
invalid request
None of the data you have requested is available yet, please revise the period requested. The latest date available for this dataset is: 2026-06-11 05:00
[2026-06-16T05:00:11.112+0000] {logging_mixin.py:188} WARNING - 2026-06-16 05:00:11 [WARNING] CDS ยังไม่มีข้อมูล job=instant date=20260614, skip
[2026-06-16T05:00:11.112+0000] {era5_functions.py:335} WARNING - CDS ยังไม่มีข้อมูล job=instant date=20260614, skip
[2026-06-16T05:00:11.114+0000] {logging_mixin.py:188} WARNING - 2026-06-16 05:00:11 [INFO] --- job=instant date=20260613 ---
[2026-06-16T05:00:11.114+0000] {era5_functions.py:330} INFO - --- job=instant date=20260613 ---
[2026-06-16T05:00:11.715+0000] {logging_mixin.py:188} WARNING - 2026-06-16 05:00:11 [WARNING] get_cds_count failed: 400 Client Error: Bad Request for url: https://cds.climate.copernicus.eu/api/retrieve/v1/processes/reanalysis-era5-single-levels/execution
invalid request
None of the data you have requested is available yet, please revise the period requested. The latest date available for this dataset is: 2026-06-11 05:00
[2026-06-16T05:00:11.715+0000] {era5_functions.py:131} WARNING - get_cds_count failed: 400 Client Error: Bad Request for url: https://cds.climate.copernicus.eu/api/retrieve/v1/processes/reanalysis-era5-single-levels/execution
invalid request
None of the data you have requested is available yet, please revise the period requested. The latest date available for this dataset is: 2026-06-11 05:00
[2026-06-16T05:00:11.718+0000] {logging_mixin.py:188} WARNING - 2026-06-16 05:00:11 [WARNING] CDS ยังไม่มีข้อมูล job=instant date=20260613, skip
[2026-06-16T05:00:11.718+0000] {era5_functions.py:335} WARNING - CDS ยังไม่มีข้อมูล job=instant date=20260613, skip
[2026-06-16T05:00:11.720+0000] {logging_mixin.py:188} WARNING - 2026-06-16 05:00:11 [INFO] --- job=instant date=20260612 ---
[2026-06-16T05:00:11.720+0000] {era5_functions.py:330} INFO - --- job=instant date=20260612 ---
[2026-06-16T05:00:12.116+0000] {logging_mixin.py:188} WARNING - 2026-06-16 05:00:12 [WARNING] get_cds_count failed: 400 Client Error: Bad Request for url: https://cds.climate.copernicus.eu/api/retrieve/v1/processes/reanalysis-era5-single-levels/execution
invalid request
None of the data you have requested is available yet, please revise the period requested. The latest date available for this dataset is: 2026-06-11 05:00
[2026-06-16T05:00:12.116+0000] {era5_functions.py:131} WARNING - get_cds_count failed: 400 Client Error: Bad Request for url: https://cds.climate.copernicus.eu/api/retrieve/v1/processes/reanalysis-era5-single-levels/execution
invalid request
None of the data you have requested is available yet, please revise the period requested. The latest date available for this dataset is: 2026-06-11 05:00
[2026-06-16T05:00:12.120+0000] {logging_mixin.py:188} WARNING - 2026-06-16 05:00:12 [WARNING] CDS ยังไม่มีข้อมูล job=instant date=20260612, skip
[2026-06-16T05:00:12.119+0000] {era5_functions.py:335} WARNING - CDS ยังไม่มีข้อมูล job=instant date=20260612, skip
[2026-06-16T05:00:12.122+0000] {logging_mixin.py:188} WARNING - 2026-06-16 05:00:12 [INFO] --- job=instant date=20260611 ---
[2026-06-16T05:00:12.122+0000] {era5_functions.py:330} INFO - --- job=instant date=20260611 ---
[2026-06-16T05:00:12.679+0000] {logging_mixin.py:188} WARNING - 2026-06-16 05:00:12,679 INFO [2025-12-11T00:00:00] Please note that a dedicated catalogue entry for this dataset, post-processed and stored in Analysis Ready Cloud Optimized (ARCO) format (Zarr), is available for optimised time-series retrievals (i.e. for retrieving data from selected variables for a single point over an extended period of time in an efficient way). You can discover it [here](https://cds.climate.copernicus.eu/datasets/reanalysis-era5-single-levels-timeseries?tab=overview)
[2026-06-16T05:00:12.679+0000] {legacy_client.py:192} INFO - [2025-12-11T00:00:00] Please note that a dedicated catalogue entry for this dataset, post-processed and stored in Analysis Ready Cloud Optimized (ARCO) format (Zarr), is available for optimised time-series retrievals (i.e. for retrieving data from selected variables for a single point over an extended period of time in an efficient way). You can discover it [here](https://cds.climate.copernicus.eu/datasets/reanalysis-era5-single-levels-timeseries?tab=overview)
[2026-06-16T05:00:12.681+0000] {logging_mixin.py:188} WARNING - 2026-06-16 05:00:12,681 INFO Request ID is b6b7fa2f-dc74-4457-8103-84adb335d33b
[2026-06-16T05:00:12.681+0000] {legacy_client.py:192} INFO - Request ID is b6b7fa2f-dc74-4457-8103-84adb335d33b
[2026-06-16T05:00:12.885+0000] {logging_mixin.py:188} WARNING - 2026-06-16 05:00:12,885 INFO status has been updated to accepted
[2026-06-16T05:00:12.885+0000] {legacy_client.py:192} INFO - status has been updated to accepted
[2026-06-16T05:00:35.090+0000] {logging_mixin.py:188} WARNING - 2026-06-16 05:00:35,090 INFO status has been updated to successful
[2026-06-16T05:00:35.090+0000] {legacy_client.py:192} INFO - status has been updated to successful
[2026-06-16T05:00:36.123+0000] {base.py:119} INFO - Downloading https://object-store.os-api.cci2.ecmwf.int:443/cci2-prod-cache-2/2026-06-16/2c7c8320cc9ab621cf4d432ebfcf5849.nc
[2026-06-16T05:00:37.091+0000] {logging_mixin.py:188} WARNING - 2c7c8320cc9ab621cf4d432ebfcf5849.nc:   0%|          | 0.00/719k [00:00<?, ?B/s]
[2026-06-16T05:00:39.200+0000] {logging_mixin.py:188} WARNING - 2c7c8320cc9ab621cf4d432ebfcf5849.nc: 100%|##########| 719k/719k [00:02<00:00, 349kB/s]
[2026-06-16T05:00:39.203+0000] {logging_mixin.py:188} WARNING -                                                                                       
[2026-06-16T05:00:39.467+0000] {logging_mixin.py:188} WARNING - 2026-06-16 05:00:39 [INFO] CDS timestep available: 6
[2026-06-16T05:00:39.466+0000] {era5_functions.py:128} INFO - CDS timestep available: 6
[2026-06-16T05:00:39.558+0000] {logging_mixin.py:188} WARNING - 2026-06-16 05:00:39 [INFO] local timestep: 5 — /opt/***/era5/ecmwf/data/nc/_raw/2026/06/11/instant_20260611.nc
[2026-06-16T05:00:39.558+0000] {era5_functions.py:152} INFO - local timestep: 5 — /opt/***/era5/ecmwf/data/nc/_raw/2026/06/11/instant_20260611.nc
[2026-06-16T05:00:39.566+0000] {logging_mixin.py:188} WARNING - 2026-06-16 05:00:39 [INFO] nc outdated (local=5 < cds=6), removing: /opt/***/era5/ecmwf/data/nc/_raw/2026/06/11/instant_20260611.nc
[2026-06-16T05:00:39.566+0000] {era5_functions.py:193} INFO - nc outdated (local=5 < cds=6), removing: /opt/***/era5/ecmwf/data/nc/_raw/2026/06/11/instant_20260611.nc
[2026-06-16T05:00:39.590+0000] {logging_mixin.py:188} WARNING - 2026-06-16 05:00:39 [INFO] download attempt 1/3: /opt/***/era5/ecmwf/data/nc/_raw/2026/06/11/instant_20260611.nc
[2026-06-16T05:00:39.590+0000] {era5_functions.py:200} INFO - download attempt 1/3: /opt/***/era5/ecmwf/data/nc/_raw/2026/06/11/instant_20260611.nc
[2026-06-16T05:00:40.619+0000] {logging_mixin.py:188} WARNING - 2026-06-16 05:00:40,618 INFO [2025-12-11T00:00:00] Please note that a dedicated catalogue entry for this dataset, post-processed and stored in Analysis Ready Cloud Optimized (ARCO) format (Zarr), is available for optimised time-series retrievals (i.e. for retrieving data from selected variables for a single point over an extended period of time in an efficient way). You can discover it [here](https://cds.climate.copernicus.eu/datasets/reanalysis-era5-single-levels-timeseries?tab=overview)
[2026-06-16T05:00:40.618+0000] {legacy_client.py:192} INFO - [2025-12-11T00:00:00] Please note that a dedicated catalogue entry for this dataset, post-processed and stored in Analysis Ready Cloud Optimized (ARCO) format (Zarr), is available for optimised time-series retrievals (i.e. for retrieving data from selected variables for a single point over an extended period of time in an efficient way). You can discover it [here](https://cds.climate.copernicus.eu/datasets/reanalysis-era5-single-levels-timeseries?tab=overview)
[2026-06-16T05:00:40.623+0000] {logging_mixin.py:188} WARNING - 2026-06-16 05:00:40,623 INFO Request ID is 11d861b1-83f8-4dac-a9f6-cc7b4ebac05a
[2026-06-16T05:00:40.623+0000] {legacy_client.py:192} INFO - Request ID is 11d861b1-83f8-4dac-a9f6-cc7b4ebac05a
[2026-06-16T05:00:40.935+0000] {logging_mixin.py:188} WARNING - 2026-06-16 05:00:40,935 INFO status has been updated to accepted
[2026-06-16T05:00:40.935+0000] {legacy_client.py:192} INFO - status has been updated to accepted
[2026-06-16T05:00:56.242+0000] {logging_mixin.py:188} WARNING - 2026-06-16 05:00:56,242 INFO status has been updated to running
[2026-06-16T05:00:56.242+0000] {legacy_client.py:192} INFO - status has been updated to running
[2026-06-16T05:01:16.162+0000] {logging_mixin.py:188} WARNING - 2026-06-16 05:01:16,161 INFO status has been updated to successful
[2026-06-16T05:01:16.161+0000] {legacy_client.py:192} INFO - status has been updated to successful
[2026-06-16T05:01:16.586+0000] {base.py:119} INFO - Downloading https://object-store.os-api.cci2.ecmwf.int:443/cci2-prod-cache-1/2026-06-16/f28033c10e8d6604ec3b9acfb2fcf098.nc
[2026-06-16T05:01:17.624+0000] {logging_mixin.py:188} WARNING - f28033c10e8d6604ec3b9acfb2fcf098.nc:   0%|          | 0.00/719k [00:00<?, ?B/s]
[2026-06-16T05:01:19.234+0000] {logging_mixin.py:188} WARNING - f28033c10e8d6604ec3b9acfb2fcf098.nc: 100%|##########| 719k/719k [00:01<00:00, 458kB/s]
[2026-06-16T05:01:19.253+0000] {logging_mixin.py:188} WARNING -                                                                                       
[2026-06-16T05:01:19.395+0000] {logging_mixin.py:188} WARNING - 2026-06-16 05:01:19 [INFO] nc downloaded ok: /opt/***/era5/ecmwf/data/nc/_raw/2026/06/11/instant_20260611.nc
[2026-06-16T05:01:19.394+0000] {era5_functions.py:204} INFO - nc downloaded ok: /opt/***/era5/ecmwf/data/nc/_raw/2026/06/11/instant_20260611.nc
[2026-06-16T05:01:19.475+0000] {logging_mixin.py:188} WARNING - 2026-06-16 05:01:19 [INFO] local timestep: 6 — /opt/***/era5/ecmwf/data/nc/_raw/2026/06/11/instant_20260611.nc
[2026-06-16T05:01:19.475+0000] {era5_functions.py:152} INFO - local timestep: 6 — /opt/***/era5/ecmwf/data/nc/_raw/2026/06/11/instant_20260611.nc
[2026-06-16T05:01:19.580+0000] {logging_mixin.py:188} WARNING - 2026-06-16 05:01:19 [INFO] tif outdated (tif=5 < nc=6), removing: /opt/***/era5/ecmwf/data/tif/2026/06/11/t2m_20260611.tif
[2026-06-16T05:01:19.580+0000] {era5_functions.py:261} INFO - tif outdated (tif=5 < nc=6), removing: /opt/***/era5/ecmwf/data/tif/2026/06/11/t2m_20260611.tif
[2026-06-16T05:01:19.690+0000] {logging_mixin.py:188} WARNING - 2026-06-16 05:01:19 [INFO] tif ok (bands=6): /opt/***/era5/ecmwf/data/tif/2026/06/11/t2m_20260611.tif
[2026-06-16T05:01:19.689+0000] {era5_functions.py:304} INFO - tif ok (bands=6): /opt/***/era5/ecmwf/data/tif/2026/06/11/t2m_20260611.tif
[2026-06-16T05:01:19.709+0000] {logging_mixin.py:188} WARNING - 2026-06-16 05:01:19 [INFO] tif outdated (tif=5 < nc=6), removing: /opt/***/era5/ecmwf/data/tif/2026/06/11/d2m_20260611.tif
[2026-06-16T05:01:19.709+0000] {era5_functions.py:261} INFO - tif outdated (tif=5 < nc=6), removing: /opt/***/era5/ecmwf/data/tif/2026/06/11/d2m_20260611.tif
[2026-06-16T05:01:19.794+0000] {logging_mixin.py:188} WARNING - 2026-06-16 05:01:19 [INFO] tif ok (bands=6): /opt/***/era5/ecmwf/data/tif/2026/06/11/d2m_20260611.tif
[2026-06-16T05:01:19.794+0000] {era5_functions.py:304} INFO - tif ok (bands=6): /opt/***/era5/ecmwf/data/tif/2026/06/11/d2m_20260611.tif
[2026-06-16T05:01:19.817+0000] {logging_mixin.py:188} WARNING - 2026-06-16 05:01:19 [INFO] tif outdated (tif=5 < nc=6), removing: /opt/***/era5/ecmwf/data/tif/2026/06/11/sp_20260611.tif
[2026-06-16T05:01:19.816+0000] {era5_functions.py:261} INFO - tif outdated (tif=5 < nc=6), removing: /opt/***/era5/ecmwf/data/tif/2026/06/11/sp_20260611.tif
[2026-06-16T05:01:19.920+0000] {logging_mixin.py:188} WARNING - 2026-06-16 05:01:19 [INFO] tif ok (bands=6): /opt/***/era5/ecmwf/data/tif/2026/06/11/sp_20260611.tif
[2026-06-16T05:01:19.920+0000] {era5_functions.py:304} INFO - tif ok (bands=6): /opt/***/era5/ecmwf/data/tif/2026/06/11/sp_20260611.tif
[2026-06-16T05:01:19.937+0000] {logging_mixin.py:188} WARNING - 2026-06-16 05:01:19 [INFO] tif outdated (tif=5 < nc=6), removing: /opt/***/era5/ecmwf/data/tif/2026/06/11/blh_20260611.tif
[2026-06-16T05:01:19.937+0000] {era5_functions.py:261} INFO - tif outdated (tif=5 < nc=6), removing: /opt/***/era5/ecmwf/data/tif/2026/06/11/blh_20260611.tif
[2026-06-16T05:01:20.024+0000] {logging_mixin.py:188} WARNING - 2026-06-16 05:01:20 [INFO] tif ok (bands=6): /opt/***/era5/ecmwf/data/tif/2026/06/11/blh_20260611.tif
[2026-06-16T05:01:20.023+0000] {era5_functions.py:304} INFO - tif ok (bands=6): /opt/***/era5/ecmwf/data/tif/2026/06/11/blh_20260611.tif
[2026-06-16T05:01:20.039+0000] {logging_mixin.py:188} WARNING - 2026-06-16 05:01:20 [INFO] tif outdated (tif=5 < nc=6), removing: /opt/***/era5/ecmwf/data/tif/2026/06/11/u10_20260611.tif
[2026-06-16T05:01:20.039+0000] {era5_functions.py:261} INFO - tif outdated (tif=5 < nc=6), removing: /opt/***/era5/ecmwf/data/tif/2026/06/11/u10_20260611.tif
[2026-06-16T05:01:20.130+0000] {logging_mixin.py:188} WARNING - 2026-06-16 05:01:20 [INFO] tif ok (bands=6): /opt/***/era5/ecmwf/data/tif/2026/06/11/u10_20260611.tif
[2026-06-16T05:01:20.130+0000] {era5_functions.py:304} INFO - tif ok (bands=6): /opt/***/era5/ecmwf/data/tif/2026/06/11/u10_20260611.tif
[2026-06-16T05:01:20.149+0000] {logging_mixin.py:188} WARNING - 2026-06-16 05:01:20 [INFO] tif outdated (tif=5 < nc=6), removing: /opt/***/era5/ecmwf/data/tif/2026/06/11/v10_20260611.tif
[2026-06-16T05:01:20.149+0000] {era5_functions.py:261} INFO - tif outdated (tif=5 < nc=6), removing: /opt/***/era5/ecmwf/data/tif/2026/06/11/v10_20260611.tif
[2026-06-16T05:01:20.243+0000] {logging_mixin.py:188} WARNING - 2026-06-16 05:01:20 [INFO] tif ok (bands=6): /opt/***/era5/ecmwf/data/tif/2026/06/11/v10_20260611.tif
[2026-06-16T05:01:20.243+0000] {era5_functions.py:304} INFO - tif ok (bands=6): /opt/***/era5/ecmwf/data/tif/2026/06/11/v10_20260611.tif
[2026-06-16T05:01:20.248+0000] {logging_mixin.py:188} WARNING - 2026-06-16 05:01:20 [INFO] === END job=instant date=2026-06-16 ===
[2026-06-16T05:01:20.248+0000] {era5_functions.py:379} INFO - === END job=instant date=2026-06-16 ===
[2026-06-16T05:01:20.249+0000] {python.py:237} INFO - Done. Returned value was: None
[2026-06-16T05:01:20.250+0000] {taskinstance.py:441} INFO - ::group::Post task execution logs
[2026-06-16T05:01:20.264+0000] {taskinstance.py:1206} INFO - Marking task as SUCCESS. dag_id=era5_download_pipeline, task_id=era5_instant, run_id=scheduled__2026-06-16T04:00:00+00:00, execution_date=20260616T040000, start_date=20260616T050003, end_date=20260616T050120
[2026-06-16T05:01:20.326+0000] {local_task_job_runner.py:240} INFO - Task exited with return code 0
[2026-06-16T05:01:20.360+0000] {taskinstance.py:3498} INFO - 1 downstream tasks scheduled from follow-on schedule check
[2026-06-16T05:01:20.365+0000] {local_task_job_runner.py:222} INFO - ::endgroup::
