[2026-05-20T12:00:02.097+0000] {local_task_job_runner.py:120} INFO - ::group::Pre task execution logs
[2026-05-20T12:00:02.124+0000] {taskinstance.py:2076} INFO - Dependencies all met for dep_context=non-requeueable deps ti=<TaskInstance: era5_ecmwf_pipeline.era5_accum scheduled__2026-05-20T11:00:00+00:00 [queued]>
[2026-05-20T12:00:02.133+0000] {taskinstance.py:2076} INFO - Dependencies all met for dep_context=requeueable deps ti=<TaskInstance: era5_ecmwf_pipeline.era5_accum scheduled__2026-05-20T11:00:00+00:00 [queued]>
[2026-05-20T12:00:02.135+0000] {taskinstance.py:2306} INFO - Starting attempt 1 of 1
[2026-05-20T12:00:02.152+0000] {taskinstance.py:2330} INFO - Executing <Task(PythonOperator): era5_accum> on 2026-05-20 11:00:00+00:00
[2026-05-20T12:00:02.166+0000] {warnings.py:110} WARNING - /home/***/.local/lib/python3.12/site-packages/***/task/task_runner/standard_task_runner.py:61: DeprecationWarning: This process (pid=8074) is multi-threaded, use of fork() may lead to deadlocks in the child.
  pid = os.fork()

[2026-05-20T12:00:02.172+0000] {standard_task_runner.py:63} INFO - Started process 8077 to run task
[2026-05-20T12:00:02.172+0000] {standard_task_runner.py:90} INFO - Running: ['***', 'tasks', 'run', 'era5_ecmwf_pipeline', 'era5_accum', 'scheduled__2026-05-20T11:00:00+00:00', '--job-id', '205', '--raw', '--subdir', 'DAGS_FOLDER/era5_dag.py', '--cfg-path', '/tmp/tmpys_bzlhs']
[2026-05-20T12:00:02.183+0000] {standard_task_runner.py:91} INFO - Job 205: Subtask era5_accum
[2026-05-20T12:00:02.275+0000] {task_command.py:426} INFO - Running <TaskInstance: era5_ecmwf_pipeline.era5_accum scheduled__2026-05-20T11:00:00+00:00 [running]> on host 1f93ee984da8
[2026-05-20T12:00:02.420+0000] {taskinstance.py:2648} INFO - Exporting env vars: AIRFLOW_CTX_DAG_OWNER='***' AIRFLOW_CTX_DAG_ID='era5_ecmwf_pipeline' AIRFLOW_CTX_TASK_ID='era5_accum' AIRFLOW_CTX_EXECUTION_DATE='2026-05-20T11:00:00+00:00' AIRFLOW_CTX_TRY_NUMBER='1' AIRFLOW_CTX_DAG_RUN_ID='scheduled__2026-05-20T11:00:00+00:00'
[2026-05-20T12:00:02.423+0000] {taskinstance.py:430} INFO - ::endgroup::
[2026-05-20T12:00:02.451+0000] {era5_logger.py:51} INFO - Log file: logs/era5/2026/05/15/era5_20260515.log
[2026-05-20T12:00:02.453+0000] {era5_functions.py:254} INFO - ERA5 [ACCUM] START: 2026-05-15
[2026-05-20T12:00:03.480+0000] {era5_functions.py:218} INFO - ==================================================
JOB: ACCUM | 2026-05-15
Variables: ['tp']
==================================================
[2026-05-20T12:00:03.770+0000] {era5_functions.py:62} WARNING - [VALIDATE NC] accum_20260515.nc → NOT READY (2/24 timesteps)
[2026-05-20T12:00:03.772+0000] {era5_functions.py:229} WARNING - [PIPELINE] skip → ข้อมูลยังไม่ครบ
[2026-05-20T12:00:03.774+0000] {era5_functions.py:256} INFO - ERA5 [ACCUM] COMPLETE ✓
[2026-05-20T12:00:03.774+0000] {python.py:237} INFO - Done. Returned value was: None
[2026-05-20T12:00:03.775+0000] {taskinstance.py:441} INFO - ::group::Post task execution logs
[2026-05-20T12:00:03.789+0000] {taskinstance.py:1206} INFO - Marking task as SUCCESS. dag_id=era5_ecmwf_pipeline, task_id=era5_accum, run_id=scheduled__2026-05-20T11:00:00+00:00, execution_date=20260520T110000, start_date=20260520T120002, end_date=20260520T120003
[2026-05-20T12:00:03.874+0000] {local_task_job_runner.py:240} INFO - Task exited with return code 0
[2026-05-20T12:00:03.892+0000] {local_task_job_runner.py:222} INFO - ::endgroup::
