[2026-05-20T10:00:02.592+0000] {local_task_job_runner.py:120} INFO - ::group::Pre task execution logs
[2026-05-20T10:00:02.615+0000] {taskinstance.py:2076} INFO - Dependencies all met for dep_context=non-requeueable deps ti=<TaskInstance: era5_ecmwf_pipeline.era5_instant scheduled__2026-05-20T09:00:00+00:00 [queued]>
[2026-05-20T10:00:02.625+0000] {taskinstance.py:2076} INFO - Dependencies all met for dep_context=requeueable deps ti=<TaskInstance: era5_ecmwf_pipeline.era5_instant scheduled__2026-05-20T09:00:00+00:00 [queued]>
[2026-05-20T10:00:02.626+0000] {taskinstance.py:2306} INFO - Starting attempt 1 of 1
[2026-05-20T10:00:02.641+0000] {taskinstance.py:2330} INFO - Executing <Task(PythonOperator): era5_instant> on 2026-05-20 09:00:00+00:00
[2026-05-20T10:00:02.653+0000] {warnings.py:110} WARNING - /home/***/.local/lib/python3.12/site-packages/***/task/task_runner/standard_task_runner.py:61: DeprecationWarning: This process (pid=6539) is multi-threaded, use of fork() may lead to deadlocks in the child.
  pid = os.fork()

[2026-05-20T10:00:02.656+0000] {standard_task_runner.py:63} INFO - Started process 6543 to run task
[2026-05-20T10:00:02.656+0000] {standard_task_runner.py:90} INFO - Running: ['***', 'tasks', 'run', 'era5_ecmwf_pipeline', 'era5_instant', 'scheduled__2026-05-20T09:00:00+00:00', '--job-id', '202', '--raw', '--subdir', 'DAGS_FOLDER/era5_dag.py', '--cfg-path', '/tmp/tmpo6jt_afw']
[2026-05-20T10:00:02.660+0000] {standard_task_runner.py:91} INFO - Job 202: Subtask era5_instant
[2026-05-20T10:00:02.744+0000] {task_command.py:426} INFO - Running <TaskInstance: era5_ecmwf_pipeline.era5_instant scheduled__2026-05-20T09:00:00+00:00 [running]> on host 1f93ee984da8
[2026-05-20T10:00:02.877+0000] {taskinstance.py:2648} INFO - Exporting env vars: AIRFLOW_CTX_DAG_OWNER='***' AIRFLOW_CTX_DAG_ID='era5_ecmwf_pipeline' AIRFLOW_CTX_TASK_ID='era5_instant' AIRFLOW_CTX_EXECUTION_DATE='2026-05-20T09:00:00+00:00' AIRFLOW_CTX_TRY_NUMBER='1' AIRFLOW_CTX_DAG_RUN_ID='scheduled__2026-05-20T09:00:00+00:00'
[2026-05-20T10:00:02.879+0000] {taskinstance.py:430} INFO - ::endgroup::
[2026-05-20T10:00:02.905+0000] {era5_logger.py:51} INFO - Log file: logs/era5/2026/05/15/era5_20260515.log
[2026-05-20T10:00:02.906+0000] {era5_functions.py:254} INFO - ERA5 [INSTANT] START: 2026-05-15
[2026-05-20T10:00:03.951+0000] {era5_functions.py:218} INFO - ==================================================
JOB: INSTANT | 2026-05-15
Variables: ['t2m', 'd2m', 'sp', 'blh', 'u10', 'v10']
==================================================
[2026-05-20T10:00:04.413+0000] {era5_functions.py:62} WARNING - [VALIDATE NC] instant_20260515.nc → NOT READY (2/24 timesteps)
[2026-05-20T10:00:04.414+0000] {era5_functions.py:229} WARNING - [PIPELINE] skip → ข้อมูลยังไม่ครบ
[2026-05-20T10:00:04.415+0000] {era5_functions.py:256} INFO - ERA5 [INSTANT] COMPLETE ✓
[2026-05-20T10:00:04.416+0000] {python.py:237} INFO - Done. Returned value was: None
[2026-05-20T10:00:04.417+0000] {taskinstance.py:441} INFO - ::group::Post task execution logs
[2026-05-20T10:00:04.430+0000] {taskinstance.py:1206} INFO - Marking task as SUCCESS. dag_id=era5_ecmwf_pipeline, task_id=era5_instant, run_id=scheduled__2026-05-20T09:00:00+00:00, execution_date=20260520T090000, start_date=20260520T100002, end_date=20260520T100004
[2026-05-20T10:00:04.479+0000] {local_task_job_runner.py:240} INFO - Task exited with return code 0
[2026-05-20T10:00:04.502+0000] {taskinstance.py:3498} INFO - 0 downstream tasks scheduled from follow-on schedule check
[2026-05-20T10:00:04.506+0000] {local_task_job_runner.py:222} INFO - ::endgroup::
