[2026-05-29T04:01:34.554+0000] {local_task_job_runner.py:120} INFO - ::group::Pre task execution logs
[2026-05-29T04:01:34.580+0000] {taskinstance.py:2076} INFO - Dependencies all met for dep_context=non-requeueable deps ti=<TaskInstance: era5_download_pipeline.era5_accum scheduled__2026-05-29T03:00:00+00:00 [queued]>
[2026-05-29T04:01:34.593+0000] {taskinstance.py:2076} INFO - Dependencies all met for dep_context=requeueable deps ti=<TaskInstance: era5_download_pipeline.era5_accum scheduled__2026-05-29T03:00:00+00:00 [queued]>
[2026-05-29T04:01:34.594+0000] {taskinstance.py:2306} INFO - Starting attempt 1 of 1
[2026-05-29T04:01:34.610+0000] {taskinstance.py:2330} INFO - Executing <Task(PythonOperator): era5_accum> on 2026-05-29 03:00:00+00:00
[2026-05-29T04:01:34.621+0000] {warnings.py:110} WARNING - /home/***/.local/lib/python3.12/site-packages/***/task/task_runner/standard_task_runner.py:61: DeprecationWarning: This process (pid=15227) is multi-threaded, use of fork() may lead to deadlocks in the child.
  pid = os.fork()

[2026-05-29T04:01:34.624+0000] {standard_task_runner.py:63} INFO - Started process 15229 to run task
[2026-05-29T04:01:34.627+0000] {standard_task_runner.py:90} INFO - Running: ['***', 'tasks', 'run', 'era5_download_pipeline', 'era5_accum', 'scheduled__2026-05-29T03:00:00+00:00', '--job-id', '657', '--raw', '--subdir', 'DAGS_FOLDER/era5_dag.py', '--cfg-path', '/tmp/tmpmr7tholk']
[2026-05-29T04:01:34.631+0000] {standard_task_runner.py:91} INFO - Job 657: Subtask era5_accum
[2026-05-29T04:01:34.708+0000] {task_command.py:426} INFO - Running <TaskInstance: era5_download_pipeline.era5_accum scheduled__2026-05-29T03:00:00+00:00 [running]> on host 8dcc35634e22
[2026-05-29T04:01:34.896+0000] {taskinstance.py:2648} INFO - Exporting env vars: AIRFLOW_CTX_DAG_OWNER='era5' AIRFLOW_CTX_DAG_ID='era5_download_pipeline' AIRFLOW_CTX_TASK_ID='era5_accum' AIRFLOW_CTX_EXECUTION_DATE='2026-05-29T03:00:00+00:00' AIRFLOW_CTX_TRY_NUMBER='1' AIRFLOW_CTX_DAG_RUN_ID='scheduled__2026-05-29T03:00:00+00:00'
[2026-05-29T04:01:34.900+0000] {taskinstance.py:430} INFO - ::endgroup::
[2026-05-29T04:01:35.966+0000] {logging_mixin.py:188} WARNING - 2026-05-29 04:01:35 [INFO] === START job=accum date=2026-05-29 ===
[2026-05-29T04:01:35.966+0000] {era5_functions.py:368} INFO - === START job=accum date=2026-05-29 ===
[2026-05-29T04:01:35.968+0000] {logging_mixin.py:188} WARNING - 2026-05-29 04:01:35 [INFO] --- job=accum date=20260529 ---
[2026-05-29T04:01:35.968+0000] {era5_functions.py:330} INFO - --- job=accum date=20260529 ---
[2026-05-29T04:01:36.596+0000] {logging_mixin.py:188} WARNING - 2026-05-29 04:01:36 [WARNING] get_cds_count failed: 400 Client Error: Bad Request for url: https://cds.climate.copernicus.eu/api/retrieve/v1/processes/reanalysis-era5-single-levels/execution
invalid request
None of the data you have requested is available yet, please revise the period requested. The latest date available for this dataset is: 2026-05-24 04:00
[2026-05-29T04:01:36.596+0000] {era5_functions.py:131} WARNING - get_cds_count failed: 400 Client Error: Bad Request for url: https://cds.climate.copernicus.eu/api/retrieve/v1/processes/reanalysis-era5-single-levels/execution
invalid request
None of the data you have requested is available yet, please revise the period requested. The latest date available for this dataset is: 2026-05-24 04:00
[2026-05-29T04:01:36.600+0000] {logging_mixin.py:188} WARNING - 2026-05-29 04:01:36 [WARNING] CDS ยังไม่มีข้อมูล job=accum date=20260529, skip
[2026-05-29T04:01:36.600+0000] {era5_functions.py:335} WARNING - CDS ยังไม่มีข้อมูล job=accum date=20260529, skip
[2026-05-29T04:01:36.602+0000] {logging_mixin.py:188} WARNING - 2026-05-29 04:01:36 [INFO] --- job=accum date=20260528 ---
[2026-05-29T04:01:36.602+0000] {era5_functions.py:330} INFO - --- job=accum date=20260528 ---
[2026-05-29T04:01:37.293+0000] {logging_mixin.py:188} WARNING - 2026-05-29 04:01:37 [WARNING] get_cds_count failed: 400 Client Error: Bad Request for url: https://cds.climate.copernicus.eu/api/retrieve/v1/processes/reanalysis-era5-single-levels/execution
invalid request
None of the data you have requested is available yet, please revise the period requested. The latest date available for this dataset is: 2026-05-24 04:00
[2026-05-29T04:01:37.293+0000] {era5_functions.py:131} WARNING - get_cds_count failed: 400 Client Error: Bad Request for url: https://cds.climate.copernicus.eu/api/retrieve/v1/processes/reanalysis-era5-single-levels/execution
invalid request
None of the data you have requested is available yet, please revise the period requested. The latest date available for this dataset is: 2026-05-24 04:00
[2026-05-29T04:01:37.297+0000] {logging_mixin.py:188} WARNING - 2026-05-29 04:01:37 [WARNING] CDS ยังไม่มีข้อมูล job=accum date=20260528, skip
[2026-05-29T04:01:37.296+0000] {era5_functions.py:335} WARNING - CDS ยังไม่มีข้อมูล job=accum date=20260528, skip
[2026-05-29T04:01:37.299+0000] {logging_mixin.py:188} WARNING - 2026-05-29 04:01:37 [INFO] --- job=accum date=20260527 ---
[2026-05-29T04:01:37.299+0000] {era5_functions.py:330} INFO - --- job=accum date=20260527 ---
[2026-05-29T04:01:38.468+0000] {logging_mixin.py:188} WARNING - 2026-05-29 04:01:38 [WARNING] get_cds_count failed: 400 Client Error: Bad Request for url: https://cds.climate.copernicus.eu/api/retrieve/v1/processes/reanalysis-era5-single-levels/execution
invalid request
None of the data you have requested is available yet, please revise the period requested. The latest date available for this dataset is: 2026-05-24 04:00
[2026-05-29T04:01:38.467+0000] {era5_functions.py:131} WARNING - get_cds_count failed: 400 Client Error: Bad Request for url: https://cds.climate.copernicus.eu/api/retrieve/v1/processes/reanalysis-era5-single-levels/execution
invalid request
None of the data you have requested is available yet, please revise the period requested. The latest date available for this dataset is: 2026-05-24 04:00
[2026-05-29T04:01:38.471+0000] {logging_mixin.py:188} WARNING - 2026-05-29 04:01:38 [WARNING] CDS ยังไม่มีข้อมูล job=accum date=20260527, skip
[2026-05-29T04:01:38.471+0000] {era5_functions.py:335} WARNING - CDS ยังไม่มีข้อมูล job=accum date=20260527, skip
[2026-05-29T04:01:38.474+0000] {logging_mixin.py:188} WARNING - 2026-05-29 04:01:38 [INFO] --- job=accum date=20260526 ---
[2026-05-29T04:01:38.474+0000] {era5_functions.py:330} INFO - --- job=accum date=20260526 ---
[2026-05-29T04:01:39.069+0000] {logging_mixin.py:188} WARNING - 2026-05-29 04:01:39 [WARNING] get_cds_count failed: 400 Client Error: Bad Request for url: https://cds.climate.copernicus.eu/api/retrieve/v1/processes/reanalysis-era5-single-levels/execution
invalid request
None of the data you have requested is available yet, please revise the period requested. The latest date available for this dataset is: 2026-05-24 04:00
[2026-05-29T04:01:39.069+0000] {era5_functions.py:131} WARNING - get_cds_count failed: 400 Client Error: Bad Request for url: https://cds.climate.copernicus.eu/api/retrieve/v1/processes/reanalysis-era5-single-levels/execution
invalid request
None of the data you have requested is available yet, please revise the period requested. The latest date available for this dataset is: 2026-05-24 04:00
[2026-05-29T04:01:39.072+0000] {logging_mixin.py:188} WARNING - 2026-05-29 04:01:39 [WARNING] CDS ยังไม่มีข้อมูล job=accum date=20260526, skip
[2026-05-29T04:01:39.072+0000] {era5_functions.py:335} WARNING - CDS ยังไม่มีข้อมูล job=accum date=20260526, skip
[2026-05-29T04:01:39.075+0000] {logging_mixin.py:188} WARNING - 2026-05-29 04:01:39 [INFO] --- job=accum date=20260525 ---
[2026-05-29T04:01:39.075+0000] {era5_functions.py:330} INFO - --- job=accum date=20260525 ---
[2026-05-29T04:01:39.519+0000] {logging_mixin.py:188} WARNING - 2026-05-29 04:01:39 [WARNING] get_cds_count failed: 400 Client Error: Bad Request for url: https://cds.climate.copernicus.eu/api/retrieve/v1/processes/reanalysis-era5-single-levels/execution
invalid request
None of the data you have requested is available yet, please revise the period requested. The latest date available for this dataset is: 2026-05-24 04:00
[2026-05-29T04:01:39.519+0000] {era5_functions.py:131} WARNING - get_cds_count failed: 400 Client Error: Bad Request for url: https://cds.climate.copernicus.eu/api/retrieve/v1/processes/reanalysis-era5-single-levels/execution
invalid request
None of the data you have requested is available yet, please revise the period requested. The latest date available for this dataset is: 2026-05-24 04:00
[2026-05-29T04:01:39.522+0000] {logging_mixin.py:188} WARNING - 2026-05-29 04:01:39 [WARNING] CDS ยังไม่มีข้อมูล job=accum date=20260525, skip
[2026-05-29T04:01:39.522+0000] {era5_functions.py:335} WARNING - CDS ยังไม่มีข้อมูล job=accum date=20260525, skip
[2026-05-29T04:01:39.525+0000] {logging_mixin.py:188} WARNING - 2026-05-29 04:01:39 [INFO] --- job=accum date=20260524 ---
[2026-05-29T04:01:39.524+0000] {era5_functions.py:330} INFO - --- job=accum date=20260524 ---
[2026-05-29T04:01:40.111+0000] {logging_mixin.py:188} WARNING - 2026-05-29 04:01:40,110 INFO [2025-12-11T00:00:00] Please note that a dedicated catalogue entry for this dataset, post-processed and stored in Analysis Ready Cloud Optimized (ARCO) format (Zarr), is available for optimised time-series retrievals (i.e. for retrieving data from selected variables for a single point over an extended period of time in an efficient way). You can discover it [here](https://cds.climate.copernicus.eu/datasets/reanalysis-era5-single-levels-timeseries?tab=overview)
[2026-05-29T04:01:40.110+0000] {legacy_client.py:192} INFO - [2025-12-11T00:00:00] Please note that a dedicated catalogue entry for this dataset, post-processed and stored in Analysis Ready Cloud Optimized (ARCO) format (Zarr), is available for optimised time-series retrievals (i.e. for retrieving data from selected variables for a single point over an extended period of time in an efficient way). You can discover it [here](https://cds.climate.copernicus.eu/datasets/reanalysis-era5-single-levels-timeseries?tab=overview)
[2026-05-29T04:01:40.115+0000] {logging_mixin.py:188} WARNING - 2026-05-29 04:01:40,114 INFO Request ID is b89e87cb-d732-4f36-a392-7fe4b858e3b1
[2026-05-29T04:01:40.114+0000] {legacy_client.py:192} INFO - Request ID is b89e87cb-d732-4f36-a392-7fe4b858e3b1
[2026-05-29T04:01:40.328+0000] {logging_mixin.py:188} WARNING - 2026-05-29 04:01:40,328 INFO status has been updated to accepted
[2026-05-29T04:01:40.328+0000] {legacy_client.py:192} INFO - status has been updated to accepted
[2026-05-29T04:02:03.614+0000] {logging_mixin.py:188} WARNING - 2026-05-29 04:02:03,614 INFO status has been updated to running
[2026-05-29T04:02:03.614+0000] {legacy_client.py:192} INFO - status has been updated to running
[2026-05-29T04:02:15.241+0000] {logging_mixin.py:188} WARNING - 2026-05-29 04:02:15,241 INFO status has been updated to successful
[2026-05-29T04:02:15.241+0000] {legacy_client.py:192} INFO - status has been updated to successful
[2026-05-29T04:02:15.654+0000] {base.py:119} INFO - Downloading https://object-store.os-api.cci2.ecmwf.int:443/cci2-prod-cache-2/2026-05-29/5cbd233817ed96f606849167e85c2d11.nc
[2026-05-29T04:02:16.689+0000] {logging_mixin.py:188} WARNING - 5cbd233817ed96f606849167e85c2d11.nc:   0%|          | 0.00/89.7k [00:00<?, ?B/s]
[2026-05-29T04:02:17.708+0000] {logging_mixin.py:188} WARNING - 5cbd233817ed96f606849167e85c2d11.nc: 100%|##########| 89.7k/89.7k [00:01<00:00, 90.3kB/s]
[2026-05-29T04:02:17.713+0000] {logging_mixin.py:188} WARNING -                                                                                          
[2026-05-29T04:02:17.993+0000] {logging_mixin.py:188} WARNING - 2026-05-29 04:02:17 [INFO] CDS timestep available: 5
[2026-05-29T04:02:17.993+0000] {era5_functions.py:128} INFO - CDS timestep available: 5
[2026-05-29T04:02:18.051+0000] {logging_mixin.py:188} WARNING - 2026-05-29 04:02:18 [INFO] local timestep: 4 — /opt/***/era5/ecmwf/data/nc/_raw/2026/05/24/accum_20260524.nc
[2026-05-29T04:02:18.051+0000] {era5_functions.py:152} INFO - local timestep: 4 — /opt/***/era5/ecmwf/data/nc/_raw/2026/05/24/accum_20260524.nc
[2026-05-29T04:02:18.058+0000] {logging_mixin.py:188} WARNING - 2026-05-29 04:02:18 [INFO] nc outdated (local=4 < cds=5), removing: /opt/***/era5/ecmwf/data/nc/_raw/2026/05/24/accum_20260524.nc
[2026-05-29T04:02:18.058+0000] {era5_functions.py:193} INFO - nc outdated (local=4 < cds=5), removing: /opt/***/era5/ecmwf/data/nc/_raw/2026/05/24/accum_20260524.nc
[2026-05-29T04:02:18.081+0000] {logging_mixin.py:188} WARNING - 2026-05-29 04:02:18 [INFO] download attempt 1/3: /opt/***/era5/ecmwf/data/nc/_raw/2026/05/24/accum_20260524.nc
[2026-05-29T04:02:18.080+0000] {era5_functions.py:200} INFO - download attempt 1/3: /opt/***/era5/ecmwf/data/nc/_raw/2026/05/24/accum_20260524.nc
[2026-05-29T04:02:19.056+0000] {logging_mixin.py:188} WARNING - 2026-05-29 04:02:19,056 INFO [2025-12-11T00:00:00] Please note that a dedicated catalogue entry for this dataset, post-processed and stored in Analysis Ready Cloud Optimized (ARCO) format (Zarr), is available for optimised time-series retrievals (i.e. for retrieving data from selected variables for a single point over an extended period of time in an efficient way). You can discover it [here](https://cds.climate.copernicus.eu/datasets/reanalysis-era5-single-levels-timeseries?tab=overview)
[2026-05-29T04:02:19.056+0000] {legacy_client.py:192} INFO - [2025-12-11T00:00:00] Please note that a dedicated catalogue entry for this dataset, post-processed and stored in Analysis Ready Cloud Optimized (ARCO) format (Zarr), is available for optimised time-series retrievals (i.e. for retrieving data from selected variables for a single point over an extended period of time in an efficient way). You can discover it [here](https://cds.climate.copernicus.eu/datasets/reanalysis-era5-single-levels-timeseries?tab=overview)
[2026-05-29T04:02:19.059+0000] {logging_mixin.py:188} WARNING - 2026-05-29 04:02:19,059 INFO Request ID is fbf6a6ba-edf3-44e8-9e26-1467c9d59e93
[2026-05-29T04:02:19.059+0000] {legacy_client.py:192} INFO - Request ID is fbf6a6ba-edf3-44e8-9e26-1467c9d59e93
[2026-05-29T04:02:20.412+0000] {logging_mixin.py:188} WARNING - 2026-05-29 04:02:20,412 INFO status has been updated to accepted
[2026-05-29T04:02:20.412+0000] {legacy_client.py:192} INFO - status has been updated to accepted
[2026-05-29T04:02:54.165+0000] {logging_mixin.py:188} WARNING - 2026-05-29 04:02:54,164 INFO status has been updated to successful
[2026-05-29T04:02:54.164+0000] {legacy_client.py:192} INFO - status has been updated to successful
[2026-05-29T04:02:54.654+0000] {base.py:119} INFO - Downloading https://object-store.os-api.cci2.ecmwf.int:443/cci2-prod-cache-2/2026-05-29/b6d5cc43f98b03784d7f68c98aec307a.nc
[2026-05-29T04:02:55.664+0000] {logging_mixin.py:188} WARNING - b6d5cc43f98b03784d7f68c98aec307a.nc:   0%|          | 0.00/89.7k [00:00<?, ?B/s]
[2026-05-29T04:02:56.995+0000] {logging_mixin.py:188} WARNING - b6d5cc43f98b03784d7f68c98aec307a.nc: 100%|##########| 89.7k/89.7k [00:01<00:00, 69.1kB/s]
[2026-05-29T04:02:57.020+0000] {logging_mixin.py:188} WARNING -                                                                                          
[2026-05-29T04:02:57.108+0000] {logging_mixin.py:188} WARNING - 2026-05-29 04:02:57 [INFO] nc downloaded ok: /opt/***/era5/ecmwf/data/nc/_raw/2026/05/24/accum_20260524.nc
[2026-05-29T04:02:57.108+0000] {era5_functions.py:204} INFO - nc downloaded ok: /opt/***/era5/ecmwf/data/nc/_raw/2026/05/24/accum_20260524.nc
[2026-05-29T04:02:57.157+0000] {logging_mixin.py:188} WARNING - 2026-05-29 04:02:57 [INFO] local timestep: 5 — /opt/***/era5/ecmwf/data/nc/_raw/2026/05/24/accum_20260524.nc
[2026-05-29T04:02:57.157+0000] {era5_functions.py:152} INFO - local timestep: 5 — /opt/***/era5/ecmwf/data/nc/_raw/2026/05/24/accum_20260524.nc
[2026-05-29T04:02:57.229+0000] {logging_mixin.py:188} WARNING - 2026-05-29 04:02:57 [INFO] tif outdated (tif=4 < nc=5), removing: /opt/***/era5/ecmwf/data/tif/2026/05/24/tp_20260524.tif
[2026-05-29T04:02:57.229+0000] {era5_functions.py:261} INFO - tif outdated (tif=4 < nc=5), removing: /opt/***/era5/ecmwf/data/tif/2026/05/24/tp_20260524.tif
[2026-05-29T04:02:57.319+0000] {logging_mixin.py:188} WARNING - 2026-05-29 04:02:57 [INFO] tif ok (bands=5): /opt/***/era5/ecmwf/data/tif/2026/05/24/tp_20260524.tif
[2026-05-29T04:02:57.319+0000] {era5_functions.py:304} INFO - tif ok (bands=5): /opt/***/era5/ecmwf/data/tif/2026/05/24/tp_20260524.tif
[2026-05-29T04:02:57.325+0000] {logging_mixin.py:188} WARNING - 2026-05-29 04:02:57 [INFO] === END job=accum date=2026-05-29 ===
[2026-05-29T04:02:57.325+0000] {era5_functions.py:379} INFO - === END job=accum date=2026-05-29 ===
[2026-05-29T04:02:57.326+0000] {python.py:237} INFO - Done. Returned value was: None
[2026-05-29T04:02:57.327+0000] {taskinstance.py:441} INFO - ::group::Post task execution logs
[2026-05-29T04:02:57.342+0000] {taskinstance.py:1206} INFO - Marking task as SUCCESS. dag_id=era5_download_pipeline, task_id=era5_accum, run_id=scheduled__2026-05-29T03:00:00+00:00, execution_date=20260529T030000, start_date=20260529T040134, end_date=20260529T040257
[2026-05-29T04:02:57.429+0000] {local_task_job_runner.py:240} INFO - Task exited with return code 0
[2026-05-29T04:02:57.456+0000] {taskinstance.py:3498} INFO - 0 downstream tasks scheduled from follow-on schedule check
[2026-05-29T04:02:57.460+0000] {local_task_job_runner.py:222} INFO - ::endgroup::
