[2026-05-25T13:00:02.383+0000] {local_task_job_runner.py:120} INFO - ::group::Pre task execution logs
[2026-05-25T13:00:02.406+0000] {taskinstance.py:2076} INFO - Dependencies all met for dep_context=non-requeueable deps ti=<TaskInstance: era5_ecmwf_pipeline.era5_accum scheduled__2026-05-25T12:00:00+00:00 [queued]>
[2026-05-25T13:00:02.416+0000] {taskinstance.py:2076} INFO - Dependencies all met for dep_context=requeueable deps ti=<TaskInstance: era5_ecmwf_pipeline.era5_accum scheduled__2026-05-25T12:00:00+00:00 [queued]>
[2026-05-25T13:00:02.417+0000] {taskinstance.py:2306} INFO - Starting attempt 1 of 1
[2026-05-25T13:00:02.432+0000] {taskinstance.py:2330} INFO - Executing <Task(PythonOperator): era5_accum> on 2026-05-25 12:00:00+00:00
[2026-05-25T13:00:02.444+0000] {warnings.py:110} WARNING - /home/***/.local/lib/python3.12/site-packages/***/task/task_runner/standard_task_runner.py:61: DeprecationWarning: This process (pid=62722) is multi-threaded, use of fork() may lead to deadlocks in the child.
  pid = os.fork()

[2026-05-25T13:00:02.446+0000] {standard_task_runner.py:63} INFO - Started process 62726 to run task
[2026-05-25T13:00:02.447+0000] {standard_task_runner.py:90} INFO - Running: ['***', 'tasks', 'run', 'era5_ecmwf_pipeline', 'era5_accum', 'scheduled__2026-05-25T12:00:00+00:00', '--job-id', '473', '--raw', '--subdir', 'DAGS_FOLDER/era5_dag.py', '--cfg-path', '/tmp/tmpbi6h_598']
[2026-05-25T13:00:02.451+0000] {standard_task_runner.py:91} INFO - Job 473: Subtask era5_accum
[2026-05-25T13:00:02.543+0000] {task_command.py:426} INFO - Running <TaskInstance: era5_ecmwf_pipeline.era5_accum scheduled__2026-05-25T12:00:00+00:00 [running]> on host fc8478f399e7
[2026-05-25T13:00:02.668+0000] {taskinstance.py:2648} INFO - Exporting env vars: AIRFLOW_CTX_DAG_OWNER='***' AIRFLOW_CTX_DAG_ID='era5_ecmwf_pipeline' AIRFLOW_CTX_TASK_ID='era5_accum' AIRFLOW_CTX_EXECUTION_DATE='2026-05-25T12:00:00+00:00' AIRFLOW_CTX_TRY_NUMBER='1' AIRFLOW_CTX_DAG_RUN_ID='scheduled__2026-05-25T12:00:00+00:00'
[2026-05-25T13:00:02.671+0000] {taskinstance.py:430} INFO - ::endgroup::
[2026-05-25T13:00:02.691+0000] {logging_mixin.py:188} INFO - RUN → accum | 2026-05-20
[2026-05-25T13:00:02.701+0000] {era5_logger.py:51} INFO - Log file: logs/era5/2026/05/20/era5_20260520.log
[2026-05-25T13:00:02.702+0000] {era5_functions.py:329} INFO - ERA5 [ACCUM] START: 2026-05-20
[2026-05-25T13:00:03.736+0000] {era5_functions.py:285} INFO - ============================================================
[2026-05-25T13:00:03.738+0000] {era5_functions.py:286} INFO - JOB : ACCUM | 2026-05-20
[2026-05-25T13:00:03.739+0000] {era5_functions.py:287} INFO - VARS: ['tp']
[2026-05-25T13:00:03.740+0000] {era5_functions.py:288} INFO - ============================================================
[2026-05-25T13:00:04.042+0000] {era5_functions.py:63} WARNING - [VALIDATE NC] accum_20260520.nc → NOT READY (2/24)
[2026-05-25T13:00:04.045+0000] {era5_functions.py:123} WARNING - [NC] ERA5 not ready → accum_20260520.nc
[2026-05-25T13:00:04.046+0000] {era5_functions.py:295} WARNING - [PIPELINE] skip tif → nc not ready
[2026-05-25T13:00:04.047+0000] {era5_functions.py:341} INFO - ERA5 [ACCUM] COMPLETE ✓
[2026-05-25T13:00:04.048+0000] {logging_mixin.py:188} INFO - RUN → accum | 2026-05-19
[2026-05-25T13:00:04.053+0000] {era5_logger.py:51} INFO - Log file: logs/era5/2026/05/19/era5_20260519.log
[2026-05-25T13:00:04.055+0000] {era5_functions.py:329} INFO - ERA5 [ACCUM] START: 2026-05-19
[2026-05-25T13:00:05.044+0000] {era5_functions.py:285} INFO - ============================================================
[2026-05-25T13:00:05.046+0000] {era5_functions.py:286} INFO - JOB : ACCUM | 2026-05-19
[2026-05-25T13:00:05.048+0000] {era5_functions.py:287} INFO - VARS: ['tp']
[2026-05-25T13:00:05.048+0000] {era5_functions.py:288} INFO - ============================================================
[2026-05-25T13:00:05.123+0000] {era5_functions.py:63} WARNING - [VALIDATE NC] accum_20260519.nc → NOT READY (2/24)
[2026-05-25T13:00:05.125+0000] {era5_functions.py:123} WARNING - [NC] ERA5 not ready → accum_20260519.nc
[2026-05-25T13:00:05.126+0000] {era5_functions.py:295} WARNING - [PIPELINE] skip tif → nc not ready
[2026-05-25T13:00:05.127+0000] {era5_functions.py:341} INFO - ERA5 [ACCUM] COMPLETE ✓
[2026-05-25T13:00:05.128+0000] {logging_mixin.py:188} INFO - RUN → accum | 2026-05-18
[2026-05-25T13:00:05.134+0000] {era5_logger.py:51} INFO - Log file: logs/era5/2026/05/18/era5_20260518.log
[2026-05-25T13:00:05.135+0000] {era5_functions.py:329} INFO - ERA5 [ACCUM] START: 2026-05-18
[2026-05-25T13:00:06.446+0000] {era5_functions.py:285} INFO - ============================================================
[2026-05-25T13:00:06.449+0000] {era5_functions.py:286} INFO - JOB : ACCUM | 2026-05-18
[2026-05-25T13:00:06.452+0000] {era5_functions.py:287} INFO - VARS: ['tp']
[2026-05-25T13:00:06.454+0000] {era5_functions.py:288} INFO - ============================================================
[2026-05-25T13:00:06.533+0000] {era5_functions.py:63} WARNING - [VALIDATE NC] accum_20260518.nc → NOT READY (2/24)
[2026-05-25T13:00:06.536+0000] {era5_functions.py:123} WARNING - [NC] ERA5 not ready → accum_20260518.nc
[2026-05-25T13:00:06.537+0000] {era5_functions.py:295} WARNING - [PIPELINE] skip tif → nc not ready
[2026-05-25T13:00:06.538+0000] {era5_functions.py:341} INFO - ERA5 [ACCUM] COMPLETE ✓
[2026-05-25T13:00:06.539+0000] {python.py:237} INFO - Done. Returned value was: None
[2026-05-25T13:00:06.539+0000] {taskinstance.py:441} INFO - ::group::Post task execution logs
[2026-05-25T13:00:06.561+0000] {taskinstance.py:1206} INFO - Marking task as SUCCESS. dag_id=era5_ecmwf_pipeline, task_id=era5_accum, run_id=scheduled__2026-05-25T12:00:00+00:00, execution_date=20260525T120000, start_date=20260525T130002, end_date=20260525T130006
[2026-05-25T13:00:06.642+0000] {local_task_job_runner.py:240} INFO - Task exited with return code 0
[2026-05-25T13:00:06.655+0000] {local_task_job_runner.py:222} INFO - ::endgroup::
