[2026-06-07T03:00:02.369+0000] {local_task_job_runner.py:120} INFO - ::group::Pre task execution logs
[2026-06-07T03:00:02.394+0000] {taskinstance.py:2076} INFO - Dependencies all met for dep_context=non-requeueable deps ti=<TaskInstance: era5_download_pipeline.era5_rh scheduled__2026-06-07T02:00:00+00:00 [queued]>
[2026-06-07T03:00:02.409+0000] {taskinstance.py:2076} INFO - Dependencies all met for dep_context=requeueable deps ti=<TaskInstance: era5_download_pipeline.era5_rh scheduled__2026-06-07T02:00:00+00:00 [queued]>
[2026-06-07T03:00:02.410+0000] {taskinstance.py:2306} INFO - Starting attempt 1 of 1
[2026-06-07T03:00:02.428+0000] {taskinstance.py:2330} INFO - Executing <Task(PythonOperator): era5_rh> on 2026-06-07 02:00:00+00:00
[2026-06-07T03:00:02.443+0000] {warnings.py:110} WARNING - /home/***/.local/lib/python3.12/site-packages/***/task/task_runner/standard_task_runner.py:61: DeprecationWarning: This process (pid=89847) is multi-threaded, use of fork() may lead to deadlocks in the child.
  pid = os.fork()

[2026-06-07T03:00:02.447+0000] {standard_task_runner.py:63} INFO - Started process 89851 to run task
[2026-06-07T03:00:02.446+0000] {standard_task_runner.py:90} INFO - Running: ['***', 'tasks', 'run', 'era5_download_pipeline', 'era5_rh', 'scheduled__2026-06-07T02:00:00+00:00', '--job-id', '1101', '--raw', '--subdir', 'DAGS_FOLDER/era5_dag.py', '--cfg-path', '/tmp/tmpfzsm4v83']
[2026-06-07T03:00:02.451+0000] {standard_task_runner.py:91} INFO - Job 1101: Subtask era5_rh
[2026-06-07T03:00:02.538+0000] {task_command.py:426} INFO - Running <TaskInstance: era5_download_pipeline.era5_rh scheduled__2026-06-07T02:00:00+00:00 [running]> on host 01cd476fb21a
[2026-06-07T03:00:02.660+0000] {taskinstance.py:2648} INFO - Exporting env vars: AIRFLOW_CTX_DAG_OWNER='era5' AIRFLOW_CTX_DAG_ID='era5_download_pipeline' AIRFLOW_CTX_TASK_ID='era5_rh' AIRFLOW_CTX_EXECUTION_DATE='2026-06-07T02:00:00+00:00' AIRFLOW_CTX_TRY_NUMBER='1' AIRFLOW_CTX_DAG_RUN_ID='scheduled__2026-06-07T02:00:00+00:00'
[2026-06-07T03:00:02.663+0000] {taskinstance.py:430} INFO - ::endgroup::
[2026-06-07T03:00:02.702+0000] {logging_mixin.py:188} WARNING - 2026-06-07 03:00:02 [WARNING] missing instant nc: /opt/***/era5/ecmwf/data/nc/_raw/2026/06/07/instant_20260607.nc
[2026-06-07T03:00:02.702+0000] {era5_rh.py:208} WARNING - missing instant nc: /opt/***/era5/ecmwf/data/nc/_raw/2026/06/07/instant_20260607.nc
[2026-06-07T03:00:02.709+0000] {logging_mixin.py:188} WARNING - 2026-06-07 03:00:02 [WARNING] missing instant nc: /opt/***/era5/ecmwf/data/nc/_raw/2026/06/06/instant_20260606.nc
[2026-06-07T03:00:02.708+0000] {era5_rh.py:208} WARNING - missing instant nc: /opt/***/era5/ecmwf/data/nc/_raw/2026/06/06/instant_20260606.nc
[2026-06-07T03:00:02.714+0000] {logging_mixin.py:188} WARNING - 2026-06-07 03:00:02 [WARNING] missing instant nc: /opt/***/era5/ecmwf/data/nc/_raw/2026/06/05/instant_20260605.nc
[2026-06-07T03:00:02.714+0000] {era5_rh.py:208} WARNING - missing instant nc: /opt/***/era5/ecmwf/data/nc/_raw/2026/06/05/instant_20260605.nc
[2026-06-07T03:00:02.720+0000] {logging_mixin.py:188} WARNING - 2026-06-07 03:00:02 [WARNING] missing instant nc: /opt/***/era5/ecmwf/data/nc/_raw/2026/06/04/instant_20260604.nc
[2026-06-07T03:00:02.720+0000] {era5_rh.py:208} WARNING - missing instant nc: /opt/***/era5/ecmwf/data/nc/_raw/2026/06/04/instant_20260604.nc
[2026-06-07T03:00:02.726+0000] {logging_mixin.py:188} WARNING - 2026-06-07 03:00:02 [WARNING] missing instant nc: /opt/***/era5/ecmwf/data/nc/_raw/2026/06/03/instant_20260603.nc
[2026-06-07T03:00:02.725+0000] {era5_rh.py:208} WARNING - missing instant nc: /opt/***/era5/ecmwf/data/nc/_raw/2026/06/03/instant_20260603.nc
[2026-06-07T03:00:02.736+0000] {logging_mixin.py:188} WARNING - 2026-06-07 03:00:02 [INFO] RH nc exists: /opt/***/era5/ecmwf/data/nc/rh/2026/06/02/rh_20260602.nc
[2026-06-07T03:00:02.735+0000] {era5_rh.py:69} INFO - RH nc exists: /opt/***/era5/ecmwf/data/nc/rh/2026/06/02/rh_20260602.nc
[2026-06-07T03:00:03.126+0000] {logging_mixin.py:188} WARNING - 2026-06-07 03:00:03 [INFO] RH tif created: /opt/***/era5/ecmwf/data/tif/2026/06/02/rh_20260602.tif
[2026-06-07T03:00:03.126+0000] {era5_rh.py:183} INFO - RH tif created: /opt/***/era5/ecmwf/data/tif/2026/06/02/rh_20260602.tif
[2026-06-07T03:00:03.131+0000] {python.py:237} INFO - Done. Returned value was: None
[2026-06-07T03:00:03.132+0000] {taskinstance.py:441} INFO - ::group::Post task execution logs
[2026-06-07T03:00:03.149+0000] {taskinstance.py:1206} INFO - Marking task as SUCCESS. dag_id=era5_download_pipeline, task_id=era5_rh, run_id=scheduled__2026-06-07T02:00:00+00:00, execution_date=20260607T020000, start_date=20260607T030002, end_date=20260607T030003
[2026-06-07T03:00:03.227+0000] {local_task_job_runner.py:240} INFO - Task exited with return code 0
[2026-06-07T03:00:03.261+0000] {taskinstance.py:3498} INFO - 0 downstream tasks scheduled from follow-on schedule check
[2026-06-07T03:00:03.264+0000] {local_task_job_runner.py:222} INFO - ::endgroup::
