[2026-06-03T18:07:23.552+0000] {local_task_job_runner.py:120} INFO - ::group::Pre task execution logs
[2026-06-03T18:07:23.569+0000] {taskinstance.py:2076} INFO - Dependencies all met for dep_context=non-requeueable deps ti=<TaskInstance: era5_download_pipeline.era5_accum scheduled__2026-06-03T17:00:00+00:00 [queued]>
[2026-06-03T18:07:23.575+0000] {taskinstance.py:2076} INFO - Dependencies all met for dep_context=requeueable deps ti=<TaskInstance: era5_download_pipeline.era5_accum scheduled__2026-06-03T17:00:00+00:00 [queued]>
[2026-06-03T18:07:23.576+0000] {taskinstance.py:2306} INFO - Starting attempt 1 of 1
[2026-06-03T18:07:23.589+0000] {taskinstance.py:2330} INFO - Executing <Task(PythonOperator): era5_accum> on 2026-06-03 17:00:00+00:00
[2026-06-03T18:07:23.598+0000] {warnings.py:110} WARNING - /home/***/.local/lib/python3.12/site-packages/***/task/task_runner/standard_task_runner.py:61: DeprecationWarning: This process (pid=27465) is multi-threaded, use of fork() may lead to deadlocks in the child.
  pid = os.fork()

[2026-06-03T18:07:23.601+0000] {standard_task_runner.py:63} INFO - Started process 27467 to run task
[2026-06-03T18:07:23.604+0000] {standard_task_runner.py:90} INFO - Running: ['***', 'tasks', 'run', 'era5_download_pipeline', 'era5_accum', 'scheduled__2026-06-03T17:00:00+00:00', '--job-id', '856', '--raw', '--subdir', 'DAGS_FOLDER/era5_dag.py', '--cfg-path', '/tmp/tmpkrr67kv6']
[2026-06-03T18:07:23.606+0000] {standard_task_runner.py:91} INFO - Job 856: Subtask era5_accum
[2026-06-03T18:07:23.661+0000] {task_command.py:426} INFO - Running <TaskInstance: era5_download_pipeline.era5_accum scheduled__2026-06-03T17:00:00+00:00 [running]> on host 01cd476fb21a
[2026-06-03T18:07:23.743+0000] {taskinstance.py:2648} INFO - Exporting env vars: AIRFLOW_CTX_DAG_OWNER='era5' AIRFLOW_CTX_DAG_ID='era5_download_pipeline' AIRFLOW_CTX_TASK_ID='era5_accum' AIRFLOW_CTX_EXECUTION_DATE='2026-06-03T17:00:00+00:00' AIRFLOW_CTX_TRY_NUMBER='1' AIRFLOW_CTX_DAG_RUN_ID='scheduled__2026-06-03T17:00:00+00:00'
[2026-06-03T18:07:23.745+0000] {taskinstance.py:430} INFO - ::endgroup::
[2026-06-03T18:07:24.767+0000] {logging_mixin.py:188} WARNING - 2026-06-03 18:07:24 [INFO] === START job=accum date=2026-06-03 ===
[2026-06-03T18:07:24.766+0000] {era5_functions.py:368} INFO - === START job=accum date=2026-06-03 ===
[2026-06-03T18:07:24.768+0000] {logging_mixin.py:188} WARNING - 2026-06-03 18:07:24 [INFO] --- job=accum date=20260603 ---
[2026-06-03T18:07:24.768+0000] {era5_functions.py:330} INFO - --- job=accum date=20260603 ---
[2026-06-03T18:07:25.342+0000] {logging_mixin.py:188} WARNING - 2026-06-03 18:07:25 [WARNING] get_cds_count failed: 400 Client Error: Bad Request for url: https://cds.climate.copernicus.eu/api/retrieve/v1/processes/reanalysis-era5-single-levels/execution
invalid request
None of the data you have requested is available yet, please revise the period requested. The latest date available for this dataset is: 2026-05-29 18:00
[2026-06-03T18:07:25.342+0000] {era5_functions.py:131} WARNING - get_cds_count failed: 400 Client Error: Bad Request for url: https://cds.climate.copernicus.eu/api/retrieve/v1/processes/reanalysis-era5-single-levels/execution
invalid request
None of the data you have requested is available yet, please revise the period requested. The latest date available for this dataset is: 2026-05-29 18:00
[2026-06-03T18:07:25.344+0000] {logging_mixin.py:188} WARNING - 2026-06-03 18:07:25 [WARNING] CDS ยังไม่มีข้อมูล job=accum date=20260603, skip
[2026-06-03T18:07:25.344+0000] {era5_functions.py:335} WARNING - CDS ยังไม่มีข้อมูล job=accum date=20260603, skip
[2026-06-03T18:07:25.347+0000] {logging_mixin.py:188} WARNING - 2026-06-03 18:07:25 [INFO] --- job=accum date=20260602 ---
[2026-06-03T18:07:25.346+0000] {era5_functions.py:330} INFO - --- job=accum date=20260602 ---
[2026-06-03T18:07:25.921+0000] {logging_mixin.py:188} WARNING - 2026-06-03 18:07:25 [WARNING] get_cds_count failed: 400 Client Error: Bad Request for url: https://cds.climate.copernicus.eu/api/retrieve/v1/processes/reanalysis-era5-single-levels/execution
invalid request
None of the data you have requested is available yet, please revise the period requested. The latest date available for this dataset is: 2026-05-29 18:00
[2026-06-03T18:07:25.921+0000] {era5_functions.py:131} WARNING - get_cds_count failed: 400 Client Error: Bad Request for url: https://cds.climate.copernicus.eu/api/retrieve/v1/processes/reanalysis-era5-single-levels/execution
invalid request
None of the data you have requested is available yet, please revise the period requested. The latest date available for this dataset is: 2026-05-29 18:00
[2026-06-03T18:07:25.925+0000] {logging_mixin.py:188} WARNING - 2026-06-03 18:07:25 [WARNING] CDS ยังไม่มีข้อมูล job=accum date=20260602, skip
[2026-06-03T18:07:25.925+0000] {era5_functions.py:335} WARNING - CDS ยังไม่มีข้อมูล job=accum date=20260602, skip
[2026-06-03T18:07:25.927+0000] {logging_mixin.py:188} WARNING - 2026-06-03 18:07:25 [INFO] --- job=accum date=20260601 ---
[2026-06-03T18:07:25.927+0000] {era5_functions.py:330} INFO - --- job=accum date=20260601 ---
[2026-06-03T18:07:26.504+0000] {logging_mixin.py:188} WARNING - 2026-06-03 18:07:26 [WARNING] get_cds_count failed: 400 Client Error: Bad Request for url: https://cds.climate.copernicus.eu/api/retrieve/v1/processes/reanalysis-era5-single-levels/execution
invalid request
None of the data you have requested is available yet, please revise the period requested. The latest date available for this dataset is: 2026-05-29 18:00
[2026-06-03T18:07:26.504+0000] {era5_functions.py:131} WARNING - get_cds_count failed: 400 Client Error: Bad Request for url: https://cds.climate.copernicus.eu/api/retrieve/v1/processes/reanalysis-era5-single-levels/execution
invalid request
None of the data you have requested is available yet, please revise the period requested. The latest date available for this dataset is: 2026-05-29 18:00
[2026-06-03T18:07:26.506+0000] {logging_mixin.py:188} WARNING - 2026-06-03 18:07:26 [WARNING] CDS ยังไม่มีข้อมูล job=accum date=20260601, skip
[2026-06-03T18:07:26.506+0000] {era5_functions.py:335} WARNING - CDS ยังไม่มีข้อมูล job=accum date=20260601, skip
[2026-06-03T18:07:26.508+0000] {logging_mixin.py:188} WARNING - 2026-06-03 18:07:26 [INFO] --- job=accum date=20260531 ---
[2026-06-03T18:07:26.508+0000] {era5_functions.py:330} INFO - --- job=accum date=20260531 ---
[2026-06-03T18:07:27.576+0000] {logging_mixin.py:188} WARNING - 2026-06-03 18:07:27 [WARNING] get_cds_count failed: 400 Client Error: Bad Request for url: https://cds.climate.copernicus.eu/api/retrieve/v1/processes/reanalysis-era5-single-levels/execution
invalid request
None of the data you have requested is available yet, please revise the period requested. The latest date available for this dataset is: 2026-05-29 18:00
[2026-06-03T18:07:27.575+0000] {era5_functions.py:131} WARNING - get_cds_count failed: 400 Client Error: Bad Request for url: https://cds.climate.copernicus.eu/api/retrieve/v1/processes/reanalysis-era5-single-levels/execution
invalid request
None of the data you have requested is available yet, please revise the period requested. The latest date available for this dataset is: 2026-05-29 18:00
[2026-06-03T18:07:27.577+0000] {logging_mixin.py:188} WARNING - 2026-06-03 18:07:27 [WARNING] CDS ยังไม่มีข้อมูล job=accum date=20260531, skip
[2026-06-03T18:07:27.577+0000] {era5_functions.py:335} WARNING - CDS ยังไม่มีข้อมูล job=accum date=20260531, skip
[2026-06-03T18:07:27.579+0000] {logging_mixin.py:188} WARNING - 2026-06-03 18:07:27 [INFO] --- job=accum date=20260530 ---
[2026-06-03T18:07:27.578+0000] {era5_functions.py:330} INFO - --- job=accum date=20260530 ---
[2026-06-03T18:07:28.025+0000] {logging_mixin.py:188} WARNING - 2026-06-03 18:07:28 [WARNING] get_cds_count failed: 400 Client Error: Bad Request for url: https://cds.climate.copernicus.eu/api/retrieve/v1/processes/reanalysis-era5-single-levels/execution
invalid request
None of the data you have requested is available yet, please revise the period requested. The latest date available for this dataset is: 2026-05-29 18:00
[2026-06-03T18:07:28.025+0000] {era5_functions.py:131} WARNING - get_cds_count failed: 400 Client Error: Bad Request for url: https://cds.climate.copernicus.eu/api/retrieve/v1/processes/reanalysis-era5-single-levels/execution
invalid request
None of the data you have requested is available yet, please revise the period requested. The latest date available for this dataset is: 2026-05-29 18:00
[2026-06-03T18:07:28.029+0000] {logging_mixin.py:188} WARNING - 2026-06-03 18:07:28 [WARNING] CDS ยังไม่มีข้อมูล job=accum date=20260530, skip
[2026-06-03T18:07:28.028+0000] {era5_functions.py:335} WARNING - CDS ยังไม่มีข้อมูล job=accum date=20260530, skip
[2026-06-03T18:07:28.030+0000] {logging_mixin.py:188} WARNING - 2026-06-03 18:07:28 [INFO] --- job=accum date=20260529 ---
[2026-06-03T18:07:28.030+0000] {era5_functions.py:330} INFO - --- job=accum date=20260529 ---
[2026-06-03T18:07:29.211+0000] {logging_mixin.py:188} WARNING - 2026-06-03 18:07:29,210 INFO [2025-12-11T00:00:00] Please note that a dedicated catalogue entry for this dataset, post-processed and stored in Analysis Ready Cloud Optimized (ARCO) format (Zarr), is available for optimised time-series retrievals (i.e. for retrieving data from selected variables for a single point over an extended period of time in an efficient way). You can discover it [here](https://cds.climate.copernicus.eu/datasets/reanalysis-era5-single-levels-timeseries?tab=overview)
[2026-06-03T18:07:29.210+0000] {legacy_client.py:192} INFO - [2025-12-11T00:00:00] Please note that a dedicated catalogue entry for this dataset, post-processed and stored in Analysis Ready Cloud Optimized (ARCO) format (Zarr), is available for optimised time-series retrievals (i.e. for retrieving data from selected variables for a single point over an extended period of time in an efficient way). You can discover it [here](https://cds.climate.copernicus.eu/datasets/reanalysis-era5-single-levels-timeseries?tab=overview)
[2026-06-03T18:07:29.214+0000] {logging_mixin.py:188} WARNING - 2026-06-03 18:07:29,214 INFO Request ID is 2c424a90-4fba-407c-809c-0e042bd7bbb8
[2026-06-03T18:07:29.214+0000] {legacy_client.py:192} INFO - Request ID is 2c424a90-4fba-407c-809c-0e042bd7bbb8
[2026-06-03T18:07:29.435+0000] {logging_mixin.py:188} WARNING - 2026-06-03 18:07:29,435 INFO status has been updated to accepted
[2026-06-03T18:07:29.435+0000] {legacy_client.py:192} INFO - status has been updated to accepted
[2026-06-03T18:08:04.133+0000] {logging_mixin.py:188} WARNING - 2026-06-03 18:08:04,133 INFO status has been updated to successful
[2026-06-03T18:08:04.133+0000] {legacy_client.py:192} INFO - status has been updated to successful
[2026-06-03T18:08:04.541+0000] {base.py:119} INFO - Downloading https://object-store.os-api.cci2.ecmwf.int:443/cci2-prod-cache-2/2026-06-03/8bc7a241925abd40374a97644a24ef19.nc
[2026-06-03T18:08:05.714+0000] {logging_mixin.py:188} WARNING - 8bc7a241925abd40374a97644a24ef19.nc:   0%|          | 0.00/281k [00:00<?, ?B/s]
[2026-06-03T18:08:07.445+0000] {logging_mixin.py:188} WARNING - 8bc7a241925abd40374a97644a24ef19.nc: 100%|##########| 281k/281k [00:01<00:00, 166kB/s]
[2026-06-03T18:08:07.450+0000] {logging_mixin.py:188} WARNING -                                                                                       
[2026-06-03T18:08:07.712+0000] {logging_mixin.py:188} WARNING - 2026-06-03 18:08:07 [INFO] CDS timestep available: 19
[2026-06-03T18:08:07.711+0000] {era5_functions.py:128} INFO - CDS timestep available: 19
[2026-06-03T18:08:07.780+0000] {logging_mixin.py:188} WARNING - 2026-06-03 18:08:07 [INFO] local timestep: 18 — /opt/***/era5/ecmwf/data/nc/_raw/2026/05/29/accum_20260529.nc
[2026-06-03T18:08:07.780+0000] {era5_functions.py:152} INFO - local timestep: 18 — /opt/***/era5/ecmwf/data/nc/_raw/2026/05/29/accum_20260529.nc
[2026-06-03T18:08:07.790+0000] {logging_mixin.py:188} WARNING - 2026-06-03 18:08:07 [INFO] nc outdated (local=18 < cds=19), removing: /opt/***/era5/ecmwf/data/nc/_raw/2026/05/29/accum_20260529.nc
[2026-06-03T18:08:07.790+0000] {era5_functions.py:193} INFO - nc outdated (local=18 < cds=19), removing: /opt/***/era5/ecmwf/data/nc/_raw/2026/05/29/accum_20260529.nc
[2026-06-03T18:08:07.820+0000] {logging_mixin.py:188} WARNING - 2026-06-03 18:08:07 [INFO] download attempt 1/3: /opt/***/era5/ecmwf/data/nc/_raw/2026/05/29/accum_20260529.nc
[2026-06-03T18:08:07.820+0000] {era5_functions.py:200} INFO - download attempt 1/3: /opt/***/era5/ecmwf/data/nc/_raw/2026/05/29/accum_20260529.nc
[2026-06-03T18:08:09.003+0000] {logging_mixin.py:188} WARNING - 2026-06-03 18:08:09,003 INFO [2025-12-11T00:00:00] Please note that a dedicated catalogue entry for this dataset, post-processed and stored in Analysis Ready Cloud Optimized (ARCO) format (Zarr), is available for optimised time-series retrievals (i.e. for retrieving data from selected variables for a single point over an extended period of time in an efficient way). You can discover it [here](https://cds.climate.copernicus.eu/datasets/reanalysis-era5-single-levels-timeseries?tab=overview)
[2026-06-03T18:08:09.003+0000] {legacy_client.py:192} INFO - [2025-12-11T00:00:00] Please note that a dedicated catalogue entry for this dataset, post-processed and stored in Analysis Ready Cloud Optimized (ARCO) format (Zarr), is available for optimised time-series retrievals (i.e. for retrieving data from selected variables for a single point over an extended period of time in an efficient way). You can discover it [here](https://cds.climate.copernicus.eu/datasets/reanalysis-era5-single-levels-timeseries?tab=overview)
[2026-06-03T18:08:09.005+0000] {logging_mixin.py:188} WARNING - 2026-06-03 18:08:09,005 INFO Request ID is 0fc9e218-18d2-476e-97f9-8e42d5867982
[2026-06-03T18:08:09.005+0000] {legacy_client.py:192} INFO - Request ID is 0fc9e218-18d2-476e-97f9-8e42d5867982
[2026-06-03T18:08:09.209+0000] {logging_mixin.py:188} WARNING - 2026-06-03 18:08:09,209 INFO status has been updated to accepted
[2026-06-03T18:08:09.209+0000] {legacy_client.py:192} INFO - status has been updated to accepted
[2026-06-03T18:08:31.644+0000] {logging_mixin.py:188} WARNING - 2026-06-03 18:08:31,644 INFO status has been updated to successful
[2026-06-03T18:08:31.644+0000] {legacy_client.py:192} INFO - status has been updated to successful
[2026-06-03T18:08:32.074+0000] {base.py:119} INFO - Downloading https://object-store.os-api.cci2.ecmwf.int:443/cci2-prod-cache-2/2026-06-03/8c141a0159a7148493c8f2fd101d1ae7.nc
[2026-06-03T18:08:33.082+0000] {logging_mixin.py:188} WARNING - 8c141a0159a7148493c8f2fd101d1ae7.nc:   0%|          | 0.00/281k [00:00<?, ?B/s]
[2026-06-03T18:08:34.810+0000] {logging_mixin.py:188} WARNING - 8c141a0159a7148493c8f2fd101d1ae7.nc: 100%|##########| 281k/281k [00:01<00:00, 167kB/s]
[2026-06-03T18:08:34.828+0000] {logging_mixin.py:188} WARNING -                                                                                       
[2026-06-03T18:08:34.904+0000] {logging_mixin.py:188} WARNING - 2026-06-03 18:08:34 [INFO] nc downloaded ok: /opt/***/era5/ecmwf/data/nc/_raw/2026/05/29/accum_20260529.nc
[2026-06-03T18:08:34.903+0000] {era5_functions.py:204} INFO - nc downloaded ok: /opt/***/era5/ecmwf/data/nc/_raw/2026/05/29/accum_20260529.nc
[2026-06-03T18:08:34.959+0000] {logging_mixin.py:188} WARNING - 2026-06-03 18:08:34 [INFO] local timestep: 19 — /opt/***/era5/ecmwf/data/nc/_raw/2026/05/29/accum_20260529.nc
[2026-06-03T18:08:34.959+0000] {era5_functions.py:152} INFO - local timestep: 19 — /opt/***/era5/ecmwf/data/nc/_raw/2026/05/29/accum_20260529.nc
[2026-06-03T18:08:35.036+0000] {logging_mixin.py:188} WARNING - 2026-06-03 18:08:35 [INFO] tif outdated (tif=18 < nc=19), removing: /opt/***/era5/ecmwf/data/tif/2026/05/29/tp_20260529.tif
[2026-06-03T18:08:35.035+0000] {era5_functions.py:261} INFO - tif outdated (tif=18 < nc=19), removing: /opt/***/era5/ecmwf/data/tif/2026/05/29/tp_20260529.tif
[2026-06-03T18:08:35.135+0000] {logging_mixin.py:188} WARNING - 2026-06-03 18:08:35 [INFO] tif ok (bands=19): /opt/***/era5/ecmwf/data/tif/2026/05/29/tp_20260529.tif
[2026-06-03T18:08:35.135+0000] {era5_functions.py:304} INFO - tif ok (bands=19): /opt/***/era5/ecmwf/data/tif/2026/05/29/tp_20260529.tif
[2026-06-03T18:08:35.141+0000] {logging_mixin.py:188} WARNING - 2026-06-03 18:08:35 [INFO] === END job=accum date=2026-06-03 ===
[2026-06-03T18:08:35.141+0000] {era5_functions.py:379} INFO - === END job=accum date=2026-06-03 ===
[2026-06-03T18:08:35.145+0000] {python.py:237} INFO - Done. Returned value was: None
[2026-06-03T18:08:35.147+0000] {taskinstance.py:441} INFO - ::group::Post task execution logs
[2026-06-03T18:08:35.166+0000] {taskinstance.py:1206} INFO - Marking task as SUCCESS. dag_id=era5_download_pipeline, task_id=era5_accum, run_id=scheduled__2026-06-03T17:00:00+00:00, execution_date=20260603T170000, start_date=20260603T180723, end_date=20260603T180835
[2026-06-03T18:08:35.265+0000] {local_task_job_runner.py:240} INFO - Task exited with return code 0
[2026-06-03T18:08:35.294+0000] {taskinstance.py:3498} INFO - 0 downstream tasks scheduled from follow-on schedule check
[2026-06-03T18:08:35.298+0000] {local_task_job_runner.py:222} INFO - ::endgroup::
