[2026-05-23T08:00:01.917+0000] {local_task_job_runner.py:120} INFO - ::group::Pre task execution logs
[2026-05-23T08:00:01.942+0000] {taskinstance.py:2076} INFO - Dependencies all met for dep_context=non-requeueable deps ti=<TaskInstance: era5_ecmwf_pipeline.era5_instant scheduled__2026-05-23T07:00:00+00:00 [queued]>
[2026-05-23T08:00:01.953+0000] {taskinstance.py:2076} INFO - Dependencies all met for dep_context=requeueable deps ti=<TaskInstance: era5_ecmwf_pipeline.era5_instant scheduled__2026-05-23T07:00:00+00:00 [queued]>
[2026-05-23T08:00:01.955+0000] {taskinstance.py:2306} INFO - Starting attempt 1 of 1
[2026-05-23T08:00:01.975+0000] {taskinstance.py:2330} INFO - Executing <Task(PythonOperator): era5_instant> on 2026-05-23 07:00:00+00:00
[2026-05-23T08:00:01.985+0000] {warnings.py:110} WARNING - /home/***/.local/lib/python3.12/site-packages/***/task/task_runner/standard_task_runner.py:61: DeprecationWarning: This process (pid=22062) is multi-threaded, use of fork() may lead to deadlocks in the child.
  pid = os.fork()

[2026-05-23T08:00:01.988+0000] {standard_task_runner.py:63} INFO - Started process 22066 to run task
[2026-05-23T08:00:01.988+0000] {standard_task_runner.py:90} INFO - Running: ['***', 'tasks', 'run', 'era5_ecmwf_pipeline', 'era5_instant', 'scheduled__2026-05-23T07:00:00+00:00', '--job-id', '364', '--raw', '--subdir', 'DAGS_FOLDER/era5_dag.py', '--cfg-path', '/tmp/tmp458s03ha']
[2026-05-23T08:00:01.992+0000] {standard_task_runner.py:91} INFO - Job 364: Subtask era5_instant
[2026-05-23T08:00:02.062+0000] {task_command.py:426} INFO - Running <TaskInstance: era5_ecmwf_pipeline.era5_instant scheduled__2026-05-23T07:00:00+00:00 [running]> on host fc8478f399e7
[2026-05-23T08:00:02.199+0000] {taskinstance.py:2648} INFO - Exporting env vars: AIRFLOW_CTX_DAG_OWNER='***' AIRFLOW_CTX_DAG_ID='era5_ecmwf_pipeline' AIRFLOW_CTX_TASK_ID='era5_instant' AIRFLOW_CTX_EXECUTION_DATE='2026-05-23T07:00:00+00:00' AIRFLOW_CTX_TRY_NUMBER='1' AIRFLOW_CTX_DAG_RUN_ID='scheduled__2026-05-23T07:00:00+00:00'
[2026-05-23T08:00:02.201+0000] {taskinstance.py:430} INFO - ::endgroup::
[2026-05-23T08:00:02.218+0000] {logging_mixin.py:188} INFO - RUN → instant | 2026-05-18
[2026-05-23T08:00:02.229+0000] {era5_logger.py:51} INFO - Log file: logs/era5/2026/05/18/era5_20260518.log
[2026-05-23T08:00:02.231+0000] {era5_functions.py:329} INFO - ERA5 [INSTANT] START: 2026-05-18
[2026-05-23T08:00:03.272+0000] {era5_functions.py:285} INFO - ============================================================
[2026-05-23T08:00:03.273+0000] {era5_functions.py:286} INFO - JOB : INSTANT | 2026-05-18
[2026-05-23T08:00:03.275+0000] {era5_functions.py:287} INFO - VARS: ['t2m', 'd2m', 'sp', 'blh', 'u10', 'v10']
[2026-05-23T08:00:03.276+0000] {era5_functions.py:288} INFO - ============================================================
[2026-05-23T08:00:03.597+0000] {era5_functions.py:63} WARNING - [VALIDATE NC] instant_20260518.nc → NOT READY (2/24)
[2026-05-23T08:00:03.601+0000] {era5_functions.py:123} WARNING - [NC] ERA5 not ready → instant_20260518.nc
[2026-05-23T08:00:03.603+0000] {era5_functions.py:295} WARNING - [PIPELINE] skip tif → nc not ready
[2026-05-23T08:00:03.604+0000] {era5_functions.py:341} INFO - ERA5 [INSTANT] COMPLETE ✓
[2026-05-23T08:00:03.606+0000] {logging_mixin.py:188} INFO - RUN → instant | 2026-05-17
[2026-05-23T08:00:03.616+0000] {era5_logger.py:51} INFO - Log file: logs/era5/2026/05/17/era5_20260517.log
[2026-05-23T08:00:03.617+0000] {era5_functions.py:329} INFO - ERA5 [INSTANT] START: 2026-05-17
[2026-05-23T08:00:04.591+0000] {era5_functions.py:285} INFO - ============================================================
[2026-05-23T08:00:04.593+0000] {era5_functions.py:286} INFO - JOB : INSTANT | 2026-05-17
[2026-05-23T08:00:04.595+0000] {era5_functions.py:287} INFO - VARS: ['t2m', 'd2m', 'sp', 'blh', 'u10', 'v10']
[2026-05-23T08:00:04.596+0000] {era5_functions.py:288} INFO - ============================================================
[2026-05-23T08:00:04.673+0000] {era5_functions.py:63} WARNING - [VALIDATE NC] instant_20260517.nc → NOT READY (4/24)
[2026-05-23T08:00:04.677+0000] {era5_functions.py:123} WARNING - [NC] ERA5 not ready → instant_20260517.nc
[2026-05-23T08:00:04.679+0000] {era5_functions.py:295} WARNING - [PIPELINE] skip tif → nc not ready
[2026-05-23T08:00:04.680+0000] {era5_functions.py:341} INFO - ERA5 [INSTANT] COMPLETE ✓
[2026-05-23T08:00:04.681+0000] {logging_mixin.py:188} INFO - RUN → instant | 2026-05-16
[2026-05-23T08:00:04.684+0000] {era5_logger.py:51} INFO - Log file: logs/era5/2026/05/16/era5_20260516.log
[2026-05-23T08:00:04.685+0000] {era5_functions.py:329} INFO - ERA5 [INSTANT] START: 2026-05-16
[2026-05-23T08:00:05.350+0000] {era5_functions.py:285} INFO - ============================================================
[2026-05-23T08:00:05.353+0000] {era5_functions.py:286} INFO - JOB : INSTANT | 2026-05-16
[2026-05-23T08:00:05.354+0000] {era5_functions.py:287} INFO - VARS: ['t2m', 'd2m', 'sp', 'blh', 'u10', 'v10']
[2026-05-23T08:00:05.355+0000] {era5_functions.py:288} INFO - ============================================================
[2026-05-23T08:00:05.449+0000] {era5_functions.py:63} WARNING - [VALIDATE NC] instant_20260516.nc → NOT READY (2/24)
[2026-05-23T08:00:05.456+0000] {era5_functions.py:123} WARNING - [NC] ERA5 not ready → instant_20260516.nc
[2026-05-23T08:00:05.458+0000] {era5_functions.py:295} WARNING - [PIPELINE] skip tif → nc not ready
[2026-05-23T08:00:05.459+0000] {era5_functions.py:341} INFO - ERA5 [INSTANT] COMPLETE ✓
[2026-05-23T08:00:05.460+0000] {python.py:237} INFO - Done. Returned value was: None
[2026-05-23T08:00:05.461+0000] {taskinstance.py:441} INFO - ::group::Post task execution logs
[2026-05-23T08:00:05.476+0000] {taskinstance.py:1206} INFO - Marking task as SUCCESS. dag_id=era5_ecmwf_pipeline, task_id=era5_instant, run_id=scheduled__2026-05-23T07:00:00+00:00, execution_date=20260523T070000, start_date=20260523T080001, end_date=20260523T080005
[2026-05-23T08:00:05.542+0000] {local_task_job_runner.py:240} INFO - Task exited with return code 0
[2026-05-23T08:00:05.563+0000] {taskinstance.py:3498} INFO - 0 downstream tasks scheduled from follow-on schedule check
[2026-05-23T08:00:05.567+0000] {local_task_job_runner.py:222} INFO - ::endgroup::
