[2026-05-25T03:00:02.381+0000] {local_task_job_runner.py:120} INFO - ::group::Pre task execution logs
[2026-05-25T03:00:02.421+0000] {taskinstance.py:2076} INFO - Dependencies all met for dep_context=non-requeueable deps ti=<TaskInstance: era5_ecmwf_pipeline.era5_accum scheduled__2026-05-25T02:00:00+00:00 [queued]>
[2026-05-25T03:00:02.434+0000] {taskinstance.py:2076} INFO - Dependencies all met for dep_context=requeueable deps ti=<TaskInstance: era5_ecmwf_pipeline.era5_accum scheduled__2026-05-25T02:00:00+00:00 [queued]>
[2026-05-25T03:00:02.435+0000] {taskinstance.py:2306} INFO - Starting attempt 1 of 1
[2026-05-25T03:00:02.453+0000] {taskinstance.py:2330} INFO - Executing <Task(PythonOperator): era5_accum> on 2026-05-25 02:00:00+00:00
[2026-05-25T03:00:02.466+0000] {warnings.py:110} WARNING - /home/***/.local/lib/python3.12/site-packages/***/task/task_runner/standard_task_runner.py:61: DeprecationWarning: This process (pid=55065) is multi-threaded, use of fork() may lead to deadlocks in the child.
  pid = os.fork()

[2026-05-25T03:00:02.471+0000] {standard_task_runner.py:63} INFO - Started process 55070 to run task
[2026-05-25T03:00:02.470+0000] {standard_task_runner.py:90} INFO - Running: ['***', 'tasks', 'run', 'era5_ecmwf_pipeline', 'era5_accum', 'scheduled__2026-05-25T02:00:00+00:00', '--job-id', '452', '--raw', '--subdir', 'DAGS_FOLDER/era5_dag.py', '--cfg-path', '/tmp/tmpuat37axz']
[2026-05-25T03:00:02.476+0000] {standard_task_runner.py:91} INFO - Job 452: Subtask era5_accum
[2026-05-25T03:00:02.558+0000] {task_command.py:426} INFO - Running <TaskInstance: era5_ecmwf_pipeline.era5_accum scheduled__2026-05-25T02:00:00+00:00 [running]> on host fc8478f399e7
[2026-05-25T03:00:02.693+0000] {taskinstance.py:2648} INFO - Exporting env vars: AIRFLOW_CTX_DAG_OWNER='***' AIRFLOW_CTX_DAG_ID='era5_ecmwf_pipeline' AIRFLOW_CTX_TASK_ID='era5_accum' AIRFLOW_CTX_EXECUTION_DATE='2026-05-25T02:00:00+00:00' AIRFLOW_CTX_TRY_NUMBER='1' AIRFLOW_CTX_DAG_RUN_ID='scheduled__2026-05-25T02:00:00+00:00'
[2026-05-25T03:00:02.695+0000] {taskinstance.py:430} INFO - ::endgroup::
[2026-05-25T03:00:02.712+0000] {logging_mixin.py:188} INFO - RUN → accum | 2026-05-20
[2026-05-25T03:00:02.725+0000] {era5_logger.py:51} INFO - Log file: logs/era5/2026/05/20/era5_20260520.log
[2026-05-25T03:00:02.726+0000] {era5_functions.py:329} INFO - ERA5 [ACCUM] START: 2026-05-20
[2026-05-25T03:00:03.788+0000] {era5_functions.py:285} INFO - ============================================================
[2026-05-25T03:00:03.790+0000] {era5_functions.py:286} INFO - JOB : ACCUM | 2026-05-20
[2026-05-25T03:00:03.793+0000] {era5_functions.py:287} INFO - VARS: ['tp']
[2026-05-25T03:00:03.794+0000] {era5_functions.py:288} INFO - ============================================================
[2026-05-25T03:00:04.114+0000] {era5_functions.py:63} WARNING - [VALIDATE NC] accum_20260520.nc → NOT READY (2/24)
[2026-05-25T03:00:04.116+0000] {era5_functions.py:123} WARNING - [NC] ERA5 not ready → accum_20260520.nc
[2026-05-25T03:00:04.118+0000] {era5_functions.py:295} WARNING - [PIPELINE] skip tif → nc not ready
[2026-05-25T03:00:04.119+0000] {era5_functions.py:341} INFO - ERA5 [ACCUM] COMPLETE ✓
[2026-05-25T03:00:04.120+0000] {logging_mixin.py:188} INFO - RUN → accum | 2026-05-19
[2026-05-25T03:00:04.126+0000] {era5_logger.py:51} INFO - Log file: logs/era5/2026/05/19/era5_20260519.log
[2026-05-25T03:00:04.127+0000] {era5_functions.py:329} INFO - ERA5 [ACCUM] START: 2026-05-19
[2026-05-25T03:00:05.146+0000] {era5_functions.py:285} INFO - ============================================================
[2026-05-25T03:00:05.149+0000] {era5_functions.py:286} INFO - JOB : ACCUM | 2026-05-19
[2026-05-25T03:00:05.152+0000] {era5_functions.py:287} INFO - VARS: ['tp']
[2026-05-25T03:00:05.154+0000] {era5_functions.py:288} INFO - ============================================================
[2026-05-25T03:00:05.214+0000] {era5_functions.py:63} WARNING - [VALIDATE NC] accum_20260519.nc → NOT READY (2/24)
[2026-05-25T03:00:05.219+0000] {era5_functions.py:123} WARNING - [NC] ERA5 not ready → accum_20260519.nc
[2026-05-25T03:00:05.220+0000] {era5_functions.py:295} WARNING - [PIPELINE] skip tif → nc not ready
[2026-05-25T03:00:05.222+0000] {era5_functions.py:341} INFO - ERA5 [ACCUM] COMPLETE ✓
[2026-05-25T03:00:05.224+0000] {logging_mixin.py:188} INFO - RUN → accum | 2026-05-18
[2026-05-25T03:00:05.233+0000] {era5_logger.py:51} INFO - Log file: logs/era5/2026/05/18/era5_20260518.log
[2026-05-25T03:00:05.234+0000] {era5_functions.py:329} INFO - ERA5 [ACCUM] START: 2026-05-18
[2026-05-25T03:00:06.216+0000] {era5_functions.py:285} INFO - ============================================================
[2026-05-25T03:00:06.218+0000] {era5_functions.py:286} INFO - JOB : ACCUM | 2026-05-18
[2026-05-25T03:00:06.219+0000] {era5_functions.py:287} INFO - VARS: ['tp']
[2026-05-25T03:00:06.220+0000] {era5_functions.py:288} INFO - ============================================================
[2026-05-25T03:00:06.273+0000] {era5_functions.py:63} WARNING - [VALIDATE NC] accum_20260518.nc → NOT READY (2/24)
[2026-05-25T03:00:06.277+0000] {era5_functions.py:123} WARNING - [NC] ERA5 not ready → accum_20260518.nc
[2026-05-25T03:00:06.278+0000] {era5_functions.py:295} WARNING - [PIPELINE] skip tif → nc not ready
[2026-05-25T03:00:06.279+0000] {era5_functions.py:341} INFO - ERA5 [ACCUM] COMPLETE ✓
[2026-05-25T03:00:06.280+0000] {python.py:237} INFO - Done. Returned value was: None
[2026-05-25T03:00:06.280+0000] {taskinstance.py:441} INFO - ::group::Post task execution logs
[2026-05-25T03:00:06.297+0000] {taskinstance.py:1206} INFO - Marking task as SUCCESS. dag_id=era5_ecmwf_pipeline, task_id=era5_accum, run_id=scheduled__2026-05-25T02:00:00+00:00, execution_date=20260525T020000, start_date=20260525T030002, end_date=20260525T030006
[2026-05-25T03:00:06.346+0000] {local_task_job_runner.py:240} INFO - Task exited with return code 0
[2026-05-25T03:00:06.367+0000] {taskinstance.py:3498} INFO - 0 downstream tasks scheduled from follow-on schedule check
[2026-05-25T03:00:06.371+0000] {local_task_job_runner.py:222} INFO - ::endgroup::
