[2026-05-27T16:00:02.117+0000] {local_task_job_runner.py:120} INFO - ::group::Pre task execution logs
[2026-05-27T16:00:02.142+0000] {taskinstance.py:2076} INFO - Dependencies all met for dep_context=non-requeueable deps ti=<TaskInstance: era5_download_pipeline.era5_instant scheduled__2026-05-27T15:00:00+00:00 [queued]>
[2026-05-27T16:00:02.152+0000] {taskinstance.py:2076} INFO - Dependencies all met for dep_context=requeueable deps ti=<TaskInstance: era5_download_pipeline.era5_instant scheduled__2026-05-27T15:00:00+00:00 [queued]>
[2026-05-27T16:00:02.154+0000] {taskinstance.py:2306} INFO - Starting attempt 1 of 1
[2026-05-27T16:00:02.172+0000] {taskinstance.py:2330} INFO - Executing <Task(PythonOperator): era5_instant> on 2026-05-27 15:00:00+00:00
[2026-05-27T16:00:02.187+0000] {warnings.py:110} WARNING - /home/***/.local/lib/python3.12/site-packages/***/task/task_runner/standard_task_runner.py:61: DeprecationWarning: This process (pid=11153) is multi-threaded, use of fork() may lead to deadlocks in the child.
  pid = os.fork()

[2026-05-27T16:00:02.191+0000] {standard_task_runner.py:63} INFO - Started process 11155 to run task
[2026-05-27T16:00:02.190+0000] {standard_task_runner.py:90} INFO - Running: ['***', 'tasks', 'run', 'era5_download_pipeline', 'era5_instant', 'scheduled__2026-05-27T15:00:00+00:00', '--job-id', '557', '--raw', '--subdir', 'DAGS_FOLDER/era5_dag.py', '--cfg-path', '/tmp/tmpefgtqobr']
[2026-05-27T16:00:02.195+0000] {standard_task_runner.py:91} INFO - Job 557: Subtask era5_instant
[2026-05-27T16:00:02.290+0000] {task_command.py:426} INFO - Running <TaskInstance: era5_download_pipeline.era5_instant scheduled__2026-05-27T15:00:00+00:00 [running]> on host 72692237d8f2
[2026-05-27T16:00:02.420+0000] {taskinstance.py:2648} INFO - Exporting env vars: AIRFLOW_CTX_DAG_OWNER='era5' AIRFLOW_CTX_DAG_ID='era5_download_pipeline' AIRFLOW_CTX_TASK_ID='era5_instant' AIRFLOW_CTX_EXECUTION_DATE='2026-05-27T15:00:00+00:00' AIRFLOW_CTX_TRY_NUMBER='1' AIRFLOW_CTX_DAG_RUN_ID='scheduled__2026-05-27T15:00:00+00:00'
[2026-05-27T16:00:02.423+0000] {taskinstance.py:430} INFO - ::endgroup::
[2026-05-27T16:00:03.496+0000] {logging_mixin.py:188} WARNING - 2026-05-27 16:00:03 [INFO] === START job=instant date=2026-05-27 ===
[2026-05-27T16:00:03.495+0000] {era5_functions.py:322} INFO - === START job=instant date=2026-05-27 ===
[2026-05-27T16:00:03.498+0000] {logging_mixin.py:188} WARNING - 2026-05-27 16:00:03 [INFO] --- job=instant date=20260527 ---
[2026-05-27T16:00:03.498+0000] {era5_functions.py:290} INFO - --- job=instant date=20260527 ---
[2026-05-27T16:00:04.272+0000] {logging_mixin.py:188} WARNING - 2026-05-27 16:00:04 [WARNING] get_cds_count failed: 400 Client Error: Bad Request for url: https://cds.climate.copernicus.eu/api/retrieve/v1/processes/reanalysis-era5-single-levels/execution
invalid request
None of the data you have requested is available yet, please revise the period requested. The latest date available for this dataset is: 2026-05-22 16:00
[2026-05-27T16:00:04.272+0000] {era5_functions.py:120} WARNING - get_cds_count failed: 400 Client Error: Bad Request for url: https://cds.climate.copernicus.eu/api/retrieve/v1/processes/reanalysis-era5-single-levels/execution
invalid request
None of the data you have requested is available yet, please revise the period requested. The latest date available for this dataset is: 2026-05-22 16:00
[2026-05-27T16:00:04.275+0000] {logging_mixin.py:188} WARNING - 2026-05-27 16:00:04 [WARNING] CDS ยังไม่มีข้อมูล job=instant date=20260527, skip
[2026-05-27T16:00:04.275+0000] {era5_functions.py:295} WARNING - CDS ยังไม่มีข้อมูล job=instant date=20260527, skip
[2026-05-27T16:00:04.278+0000] {logging_mixin.py:188} WARNING - 2026-05-27 16:00:04 [INFO] --- job=instant date=20260526 ---
[2026-05-27T16:00:04.278+0000] {era5_functions.py:290} INFO - --- job=instant date=20260526 ---
[2026-05-27T16:00:04.816+0000] {logging_mixin.py:188} WARNING - 2026-05-27 16:00:04 [WARNING] get_cds_count failed: 400 Client Error: Bad Request for url: https://cds.climate.copernicus.eu/api/retrieve/v1/processes/reanalysis-era5-single-levels/execution
invalid request
None of the data you have requested is available yet, please revise the period requested. The latest date available for this dataset is: 2026-05-22 16:00
[2026-05-27T16:00:04.816+0000] {era5_functions.py:120} WARNING - get_cds_count failed: 400 Client Error: Bad Request for url: https://cds.climate.copernicus.eu/api/retrieve/v1/processes/reanalysis-era5-single-levels/execution
invalid request
None of the data you have requested is available yet, please revise the period requested. The latest date available for this dataset is: 2026-05-22 16:00
[2026-05-27T16:00:04.822+0000] {logging_mixin.py:188} WARNING - 2026-05-27 16:00:04 [WARNING] CDS ยังไม่มีข้อมูล job=instant date=20260526, skip
[2026-05-27T16:00:04.822+0000] {era5_functions.py:295} WARNING - CDS ยังไม่มีข้อมูล job=instant date=20260526, skip
[2026-05-27T16:00:04.825+0000] {logging_mixin.py:188} WARNING - 2026-05-27 16:00:04 [INFO] --- job=instant date=20260525 ---
[2026-05-27T16:00:04.825+0000] {era5_functions.py:290} INFO - --- job=instant date=20260525 ---
[2026-05-27T16:00:08.347+0000] {logging_mixin.py:188} WARNING - 2026-05-27 16:00:08 [WARNING] get_cds_count failed: 400 Client Error: Bad Request for url: https://cds.climate.copernicus.eu/api/retrieve/v1/processes/reanalysis-era5-single-levels/execution
invalid request
None of the data you have requested is available yet, please revise the period requested. The latest date available for this dataset is: 2026-05-22 16:00
[2026-05-27T16:00:08.347+0000] {era5_functions.py:120} WARNING - get_cds_count failed: 400 Client Error: Bad Request for url: https://cds.climate.copernicus.eu/api/retrieve/v1/processes/reanalysis-era5-single-levels/execution
invalid request
None of the data you have requested is available yet, please revise the period requested. The latest date available for this dataset is: 2026-05-22 16:00
[2026-05-27T16:00:08.349+0000] {logging_mixin.py:188} WARNING - 2026-05-27 16:00:08 [WARNING] CDS ยังไม่มีข้อมูล job=instant date=20260525, skip
[2026-05-27T16:00:08.349+0000] {era5_functions.py:295} WARNING - CDS ยังไม่มีข้อมูล job=instant date=20260525, skip
[2026-05-27T16:00:08.352+0000] {logging_mixin.py:188} WARNING - 2026-05-27 16:00:08 [INFO] --- job=instant date=20260524 ---
[2026-05-27T16:00:08.352+0000] {era5_functions.py:290} INFO - --- job=instant date=20260524 ---
[2026-05-27T16:00:08.755+0000] {logging_mixin.py:188} WARNING - 2026-05-27 16:00:08 [WARNING] get_cds_count failed: 400 Client Error: Bad Request for url: https://cds.climate.copernicus.eu/api/retrieve/v1/processes/reanalysis-era5-single-levels/execution
invalid request
None of the data you have requested is available yet, please revise the period requested. The latest date available for this dataset is: 2026-05-22 16:00
[2026-05-27T16:00:08.754+0000] {era5_functions.py:120} WARNING - get_cds_count failed: 400 Client Error: Bad Request for url: https://cds.climate.copernicus.eu/api/retrieve/v1/processes/reanalysis-era5-single-levels/execution
invalid request
None of the data you have requested is available yet, please revise the period requested. The latest date available for this dataset is: 2026-05-22 16:00
[2026-05-27T16:00:08.758+0000] {logging_mixin.py:188} WARNING - 2026-05-27 16:00:08 [WARNING] CDS ยังไม่มีข้อมูล job=instant date=20260524, skip
[2026-05-27T16:00:08.758+0000] {era5_functions.py:295} WARNING - CDS ยังไม่มีข้อมูล job=instant date=20260524, skip
[2026-05-27T16:00:08.760+0000] {logging_mixin.py:188} WARNING - 2026-05-27 16:00:08 [INFO] --- job=instant date=20260523 ---
[2026-05-27T16:00:08.760+0000] {era5_functions.py:290} INFO - --- job=instant date=20260523 ---
[2026-05-27T16:00:11.121+0000] {logging_mixin.py:188} WARNING - 2026-05-27 16:00:11 [WARNING] get_cds_count failed: 400 Client Error: Bad Request for url: https://cds.climate.copernicus.eu/api/retrieve/v1/processes/reanalysis-era5-single-levels/execution
invalid request
None of the data you have requested is available yet, please revise the period requested. The latest date available for this dataset is: 2026-05-22 16:00
[2026-05-27T16:00:11.120+0000] {era5_functions.py:120} WARNING - get_cds_count failed: 400 Client Error: Bad Request for url: https://cds.climate.copernicus.eu/api/retrieve/v1/processes/reanalysis-era5-single-levels/execution
invalid request
None of the data you have requested is available yet, please revise the period requested. The latest date available for this dataset is: 2026-05-22 16:00
[2026-05-27T16:00:11.124+0000] {logging_mixin.py:188} WARNING - 2026-05-27 16:00:11 [WARNING] CDS ยังไม่มีข้อมูล job=instant date=20260523, skip
[2026-05-27T16:00:11.124+0000] {era5_functions.py:295} WARNING - CDS ยังไม่มีข้อมูล job=instant date=20260523, skip
[2026-05-27T16:00:11.127+0000] {logging_mixin.py:188} WARNING - 2026-05-27 16:00:11 [INFO] --- job=instant date=20260522 ---
[2026-05-27T16:00:11.127+0000] {era5_functions.py:290} INFO - --- job=instant date=20260522 ---
[2026-05-27T16:00:11.930+0000] {logging_mixin.py:188} WARNING - 2026-05-27 16:00:11,930 INFO [2025-12-11T00:00:00] Please note that a dedicated catalogue entry for this dataset, post-processed and stored in Analysis Ready Cloud Optimized (ARCO) format (Zarr), is available for optimised time-series retrievals (i.e. for retrieving data from selected variables for a single point over an extended period of time in an efficient way). You can discover it [here](https://cds.climate.copernicus.eu/datasets/reanalysis-era5-single-levels-timeseries?tab=overview)
[2026-05-27T16:00:11.930+0000] {legacy_client.py:192} INFO - [2025-12-11T00:00:00] Please note that a dedicated catalogue entry for this dataset, post-processed and stored in Analysis Ready Cloud Optimized (ARCO) format (Zarr), is available for optimised time-series retrievals (i.e. for retrieving data from selected variables for a single point over an extended period of time in an efficient way). You can discover it [here](https://cds.climate.copernicus.eu/datasets/reanalysis-era5-single-levels-timeseries?tab=overview)
[2026-05-27T16:00:11.933+0000] {logging_mixin.py:188} WARNING - 2026-05-27 16:00:11,933 INFO Request ID is f437caa3-6959-43ac-95cc-8857a68a0cb8
[2026-05-27T16:00:11.933+0000] {legacy_client.py:192} INFO - Request ID is f437caa3-6959-43ac-95cc-8857a68a0cb8
[2026-05-27T16:00:12.152+0000] {logging_mixin.py:188} WARNING - 2026-05-27 16:00:12,152 INFO status has been updated to accepted
[2026-05-27T16:00:12.152+0000] {legacy_client.py:192} INFO - status has been updated to accepted
[2026-05-27T16:00:26.447+0000] {logging_mixin.py:188} WARNING - 2026-05-27 16:00:26,447 INFO status has been updated to running
[2026-05-27T16:00:26.447+0000] {legacy_client.py:192} INFO - status has been updated to running
[2026-05-27T16:00:45.830+0000] {logging_mixin.py:188} WARNING - 2026-05-27 16:00:45,830 INFO status has been updated to successful
[2026-05-27T16:00:45.830+0000] {legacy_client.py:192} INFO - status has been updated to successful
[2026-05-27T16:00:46.256+0000] {base.py:119} INFO - Downloading https://object-store.os-api.cci2.ecmwf.int:443/cci2-prod-cache-3/2026-05-27/8b6eaf1509bc164e42ab285668cf4f90.nc
[2026-05-27T16:00:47.217+0000] {logging_mixin.py:188} WARNING - 8b6eaf1509bc164e42ab285668cf4f90.nc:   0%|          | 0.00/1.85M [00:00<?, ?B/s]
[2026-05-27T16:00:48.959+0000] {logging_mixin.py:188} WARNING - 8b6eaf1509bc164e42ab285668cf4f90.nc:  54%|#####3    | 1.00M/1.85M [00:01<00:01, 602kB/s]
[2026-05-27T16:00:49.134+0000] {logging_mixin.py:188} WARNING - 8b6eaf1509bc164e42ab285668cf4f90.nc: 100%|##########| 1.85M/1.85M [00:01<00:00, 1.17MB/s]
[2026-05-27T16:00:49.136+0000] {logging_mixin.py:188} WARNING -                                                                                          
[2026-05-27T16:00:49.355+0000] {logging_mixin.py:188} WARNING - 2026-05-27 16:00:49 [INFO] CDS timestep available: 17
[2026-05-27T16:00:49.355+0000] {era5_functions.py:117} INFO - CDS timestep available: 17
[2026-05-27T16:00:49.430+0000] {logging_mixin.py:188} WARNING - 2026-05-27 16:00:49 [INFO] local timestep: 16 — /opt/***/era5/ecmwf/data/nc/_raw/2026/05/22/instant_20260522.nc
[2026-05-27T16:00:49.430+0000] {era5_functions.py:141} INFO - local timestep: 16 — /opt/***/era5/ecmwf/data/nc/_raw/2026/05/22/instant_20260522.nc
[2026-05-27T16:00:49.436+0000] {logging_mixin.py:188} WARNING - 2026-05-27 16:00:49 [INFO] nc outdated (local=16 < cds=17), removing: /opt/***/era5/ecmwf/data/nc/_raw/2026/05/22/instant_20260522.nc
[2026-05-27T16:00:49.436+0000] {era5_functions.py:167} INFO - nc outdated (local=16 < cds=17), removing: /opt/***/era5/ecmwf/data/nc/_raw/2026/05/22/instant_20260522.nc
[2026-05-27T16:00:49.454+0000] {logging_mixin.py:188} WARNING - 2026-05-27 16:00:49 [INFO] download attempt 1/3: /opt/***/era5/ecmwf/data/nc/_raw/2026/05/22/instant_20260522.nc
[2026-05-27T16:00:49.454+0000] {era5_functions.py:174} INFO - download attempt 1/3: /opt/***/era5/ecmwf/data/nc/_raw/2026/05/22/instant_20260522.nc
[2026-05-27T16:00:50.155+0000] {logging_mixin.py:188} WARNING - 2026-05-27 16:00:50,155 INFO [2025-12-11T00:00:00] Please note that a dedicated catalogue entry for this dataset, post-processed and stored in Analysis Ready Cloud Optimized (ARCO) format (Zarr), is available for optimised time-series retrievals (i.e. for retrieving data from selected variables for a single point over an extended period of time in an efficient way). You can discover it [here](https://cds.climate.copernicus.eu/datasets/reanalysis-era5-single-levels-timeseries?tab=overview)
[2026-05-27T16:00:50.155+0000] {legacy_client.py:192} INFO - [2025-12-11T00:00:00] Please note that a dedicated catalogue entry for this dataset, post-processed and stored in Analysis Ready Cloud Optimized (ARCO) format (Zarr), is available for optimised time-series retrievals (i.e. for retrieving data from selected variables for a single point over an extended period of time in an efficient way). You can discover it [here](https://cds.climate.copernicus.eu/datasets/reanalysis-era5-single-levels-timeseries?tab=overview)
[2026-05-27T16:00:50.157+0000] {logging_mixin.py:188} WARNING - 2026-05-27 16:00:50,157 INFO Request ID is 882943fd-aade-4315-b169-18147529968c
[2026-05-27T16:00:50.157+0000] {legacy_client.py:192} INFO - Request ID is 882943fd-aade-4315-b169-18147529968c
[2026-05-27T16:00:51.514+0000] {logging_mixin.py:188} WARNING - 2026-05-27 16:00:51,514 INFO status has been updated to accepted
[2026-05-27T16:00:51.514+0000] {legacy_client.py:192} INFO - status has been updated to accepted
[2026-05-27T16:01:25.816+0000] {logging_mixin.py:188} WARNING - 2026-05-27 16:01:25,816 INFO status has been updated to successful
[2026-05-27T16:01:25.816+0000] {legacy_client.py:192} INFO - status has been updated to successful
[2026-05-27T16:01:26.407+0000] {base.py:119} INFO - Downloading https://object-store.os-api.cci2.ecmwf.int:443/cci2-prod-cache-2/2026-05-27/1f89cfcaba48451c1c954c8785b6e776.nc
[2026-05-27T16:01:27.432+0000] {logging_mixin.py:188} WARNING - 1f89cfcaba48451c1c954c8785b6e776.nc:   0%|          | 0.00/1.85M [00:00<?, ?B/s]
[2026-05-27T16:01:29.230+0000] {logging_mixin.py:188} WARNING - 1f89cfcaba48451c1c954c8785b6e776.nc:  54%|#####3    | 1.00M/1.85M [00:01<00:01, 584kB/s]
[2026-05-27T16:01:31.648+0000] {logging_mixin.py:188} WARNING - 1f89cfcaba48451c1c954c8785b6e776.nc: 100%|##########| 1.85M/1.85M [00:04<00:00, 443kB/s]
[2026-05-27T16:01:31.663+0000] {logging_mixin.py:188} WARNING -                                                                                         
[2026-05-27T16:01:31.861+0000] {logging_mixin.py:188} WARNING - 2026-05-27 16:01:31 [INFO] nc downloaded ok: /opt/***/era5/ecmwf/data/nc/_raw/2026/05/22/instant_20260522.nc
[2026-05-27T16:01:31.861+0000] {era5_functions.py:178} INFO - nc downloaded ok: /opt/***/era5/ecmwf/data/nc/_raw/2026/05/22/instant_20260522.nc
[2026-05-27T16:01:31.959+0000] {era5_functions.py:94} DEBUG - tif band 16 < cds 17: /opt/***/era5/ecmwf/data/tif/2026/05/22/t2m_20260522.tif
[2026-05-27T16:01:32.050+0000] {logging_mixin.py:188} WARNING - 2026-05-27 16:01:32 [INFO] tif ok: /opt/***/era5/ecmwf/data/tif/2026/05/22/t2m_20260522.tif
[2026-05-27T16:01:32.050+0000] {era5_functions.py:264} INFO - tif ok: /opt/***/era5/ecmwf/data/tif/2026/05/22/t2m_20260522.tif
[2026-05-27T16:01:32.063+0000] {era5_functions.py:94} DEBUG - tif band 16 < cds 17: /opt/***/era5/ecmwf/data/tif/2026/05/22/d2m_20260522.tif
[2026-05-27T16:01:32.165+0000] {logging_mixin.py:188} WARNING - 2026-05-27 16:01:32 [INFO] tif ok: /opt/***/era5/ecmwf/data/tif/2026/05/22/d2m_20260522.tif
[2026-05-27T16:01:32.165+0000] {era5_functions.py:264} INFO - tif ok: /opt/***/era5/ecmwf/data/tif/2026/05/22/d2m_20260522.tif
[2026-05-27T16:01:32.183+0000] {era5_functions.py:94} DEBUG - tif band 16 < cds 17: /opt/***/era5/ecmwf/data/tif/2026/05/22/sp_20260522.tif
[2026-05-27T16:01:32.276+0000] {logging_mixin.py:188} WARNING - 2026-05-27 16:01:32 [INFO] tif ok: /opt/***/era5/ecmwf/data/tif/2026/05/22/sp_20260522.tif
[2026-05-27T16:01:32.276+0000] {era5_functions.py:264} INFO - tif ok: /opt/***/era5/ecmwf/data/tif/2026/05/22/sp_20260522.tif
[2026-05-27T16:01:32.291+0000] {era5_functions.py:94} DEBUG - tif band 4 < cds 17: /opt/***/era5/ecmwf/data/tif/2026/05/22/blh_20260522.tif
[2026-05-27T16:01:32.379+0000] {logging_mixin.py:188} WARNING - 2026-05-27 16:01:32 [ERROR] convert_tif error: [Errno 13] Permission denied: '/opt/***/era5/ecmwf/data/tif/2026/05/22/blh_20260522.tif.tmp' -> '/opt/***/era5/ecmwf/data/tif/2026/05/22/blh_20260522.tif'
[2026-05-27T16:01:32.378+0000] {era5_functions.py:269} ERROR - convert_tif error: [Errno 13] Permission denied: '/opt/***/era5/ecmwf/data/tif/2026/05/22/blh_20260522.tif.tmp' -> '/opt/***/era5/ecmwf/data/tif/2026/05/22/blh_20260522.tif'
[2026-05-27T16:01:32.381+0000] {logging_mixin.py:188} WARNING - 2026-05-27 16:01:32 [INFO] === END job=instant date=2026-05-27 ===
[2026-05-27T16:01:32.380+0000] {era5_functions.py:333} INFO - === END job=instant date=2026-05-27 ===
[2026-05-27T16:01:32.382+0000] {python.py:237} INFO - Done. Returned value was: None
[2026-05-27T16:01:32.383+0000] {taskinstance.py:441} INFO - ::group::Post task execution logs
[2026-05-27T16:01:32.396+0000] {taskinstance.py:1206} INFO - Marking task as SUCCESS. dag_id=era5_download_pipeline, task_id=era5_instant, run_id=scheduled__2026-05-27T15:00:00+00:00, execution_date=20260527T150000, start_date=20260527T160002, end_date=20260527T160132
[2026-05-27T16:01:32.487+0000] {local_task_job_runner.py:240} INFO - Task exited with return code 0
[2026-05-27T16:01:32.524+0000] {taskinstance.py:3498} INFO - 1 downstream tasks scheduled from follow-on schedule check
[2026-05-27T16:01:32.528+0000] {local_task_job_runner.py:222} INFO - ::endgroup::
