[2026-05-20T01:00:02.423+0000] {local_task_job_runner.py:120} INFO - ::group::Pre task execution logs
[2026-05-20T01:00:02.447+0000] {taskinstance.py:2076} INFO - Dependencies all met for dep_context=non-requeueable deps ti=<TaskInstance: era5_ecmwf_pipeline.era5_instant scheduled__2026-05-20T00:00:00+00:00 [queued]>
[2026-05-20T01:00:02.456+0000] {taskinstance.py:2076} INFO - Dependencies all met for dep_context=requeueable deps ti=<TaskInstance: era5_ecmwf_pipeline.era5_instant scheduled__2026-05-20T00:00:00+00:00 [queued]>
[2026-05-20T01:00:02.457+0000] {taskinstance.py:2306} INFO - Starting attempt 1 of 3
[2026-05-20T01:00:02.474+0000] {taskinstance.py:2330} INFO - Executing <Task(PythonOperator): era5_instant> on 2026-05-20 00:00:00+00:00
[2026-05-20T01:00:02.484+0000] {warnings.py:110} WARNING - /home/***/.local/lib/python3.12/site-packages/***/task/task_runner/standard_task_runner.py:61: DeprecationWarning: This process (pid=12312) is multi-threaded, use of fork() may lead to deadlocks in the child.
  pid = os.fork()

[2026-05-20T01:00:02.487+0000] {standard_task_runner.py:63} INFO - Started process 12316 to run task
[2026-05-20T01:00:02.492+0000] {standard_task_runner.py:90} INFO - Running: ['***', 'tasks', 'run', 'era5_ecmwf_pipeline', 'era5_instant', 'scheduled__2026-05-20T00:00:00+00:00', '--job-id', '177', '--raw', '--subdir', 'DAGS_FOLDER/era5_dag.py', '--cfg-path', '/tmp/tmpd4ybj86a']
[2026-05-20T01:00:02.497+0000] {standard_task_runner.py:91} INFO - Job 177: Subtask era5_instant
[2026-05-20T01:00:02.589+0000] {task_command.py:426} INFO - Running <TaskInstance: era5_ecmwf_pipeline.era5_instant scheduled__2026-05-20T00:00:00+00:00 [running]> on host 15b13df49b90
[2026-05-20T01:00:02.722+0000] {taskinstance.py:2648} INFO - Exporting env vars: AIRFLOW_CTX_DAG_OWNER='***' AIRFLOW_CTX_DAG_ID='era5_ecmwf_pipeline' AIRFLOW_CTX_TASK_ID='era5_instant' AIRFLOW_CTX_EXECUTION_DATE='2026-05-20T00:00:00+00:00' AIRFLOW_CTX_TRY_NUMBER='1' AIRFLOW_CTX_DAG_RUN_ID='scheduled__2026-05-20T00:00:00+00:00'
[2026-05-20T01:00:02.725+0000] {taskinstance.py:430} INFO - ::endgroup::
[2026-05-20T01:00:02.759+0000] {logging_mixin.py:188} WARNING - 2026-05-20 01:00:02 | INFO     | Log file: logs/era5/2026/05/15/era5_20260515.log
[2026-05-20T01:00:02.759+0000] {era5_logger.py:40} INFO - Log file: logs/era5/2026/05/15/era5_20260515.log
[2026-05-20T01:00:03.785+0000] {logging_mixin.py:188} WARNING - 2026-05-20 01:00:03 | INFO     | === ERA5 PIPELINE START ===
[2026-05-20T01:00:03.785+0000] {era5_functions.py:264} INFO - === ERA5 PIPELINE START ===
[2026-05-20T01:00:03.790+0000] {logging_mixin.py:188} WARNING - 2026-05-20 01:00:03 | INFO     | ===================================
[2026-05-20T01:00:03.789+0000] {era5_functions.py:213} INFO - ===================================
[2026-05-20T01:00:03.793+0000] {logging_mixin.py:188} WARNING - 2026-05-20 01:00:03 | INFO     | JOB: instant | 20260515
[2026-05-20T01:00:03.793+0000] {era5_functions.py:214} INFO - JOB: instant | 20260515
[2026-05-20T01:00:03.795+0000] {logging_mixin.py:188} WARNING - 2026-05-20 01:00:03 | INFO     | ===================================
[2026-05-20T01:00:03.795+0000] {era5_functions.py:215} INFO - ===================================
[2026-05-20T01:00:03.807+0000] {logging_mixin.py:188} WARNING - 2026-05-20 01:00:03 | INFO     | [DOWNLOAD] attempt 1/5 → instant_20260515.nc
[2026-05-20T01:00:03.807+0000] {era5_functions.py:97} INFO - [DOWNLOAD] attempt 1/5 → instant_20260515.nc
[2026-05-20T01:00:03.818+0000] {logging_mixin.py:188} WARNING - 2026-05-20 01:00:03 | INFO     | [DOWNLOAD] START → instant_20260515.nc
[2026-05-20T01:00:03.818+0000] {era5_functions.py:78} INFO - [DOWNLOAD] START → instant_20260515.nc
[2026-05-20T01:00:06.729+0000] {logging_mixin.py:188} WARNING - 2026-05-20 01:00:06,728 INFO [2025-12-11T00:00:00] Please note that a dedicated catalogue entry for this dataset, post-processed and stored in Analysis Ready Cloud Optimized (ARCO) format (Zarr), is available for optimised time-series retrievals (i.e. for retrieving data from selected variables for a single point over an extended period of time in an efficient way). You can discover it [here](https://cds.climate.copernicus.eu/datasets/reanalysis-era5-single-levels-timeseries?tab=overview)
[2026-05-20T01:00:06.728+0000] {legacy_client.py:192} INFO - [2025-12-11T00:00:00] Please note that a dedicated catalogue entry for this dataset, post-processed and stored in Analysis Ready Cloud Optimized (ARCO) format (Zarr), is available for optimised time-series retrievals (i.e. for retrieving data from selected variables for a single point over an extended period of time in an efficient way). You can discover it [here](https://cds.climate.copernicus.eu/datasets/reanalysis-era5-single-levels-timeseries?tab=overview)
[2026-05-20T01:00:06.735+0000] {logging_mixin.py:188} WARNING - 2026-05-20 01:00:06,734 INFO Request ID is 0d2823d0-e4b9-4fba-a9a9-b968dd6dffcf
[2026-05-20T01:00:06.734+0000] {legacy_client.py:192} INFO - Request ID is 0d2823d0-e4b9-4fba-a9a9-b968dd6dffcf
[2026-05-20T01:00:06.963+0000] {logging_mixin.py:188} WARNING - 2026-05-20 01:00:06,963 INFO status has been updated to accepted
[2026-05-20T01:00:06.963+0000] {legacy_client.py:192} INFO - status has been updated to accepted
[2026-05-20T01:00:31.156+0000] {logging_mixin.py:188} WARNING - 2026-05-20 01:00:31,156 INFO status has been updated to running
[2026-05-20T01:00:31.156+0000] {legacy_client.py:192} INFO - status has been updated to running
[2026-05-20T01:00:42.746+0000] {logging_mixin.py:188} WARNING - 2026-05-20 01:00:42,746 INFO status has been updated to successful
[2026-05-20T01:00:42.746+0000] {legacy_client.py:192} INFO - status has been updated to successful
[2026-05-20T01:00:47.118+0000] {base.py:119} INFO - Downloading https://object-store.os-api.cci2.ecmwf.int:443/cci2-prod-cache-3/2026-05-20/502e5f7fda6f31e6c5eec17b3e072abf.nc
[2026-05-20T01:00:48.158+0000] {logging_mixin.py:188} WARNING - 502e5f7fda6f31e6c5eec17b3e072abf.nc:   0%|          | 0.00/299k [00:00<?, ?B/s]
[2026-05-20T01:00:50.757+0000] {logging_mixin.py:188} WARNING - 502e5f7fda6f31e6c5eec17b3e072abf.nc: 100%|##########| 299k/299k [00:02<00:00, 118kB/s]
[2026-05-20T01:00:50.788+0000] {logging_mixin.py:188} WARNING -                                                                                       
[2026-05-20T01:00:50.820+0000] {logging_mixin.py:188} WARNING - 2026-05-20 01:00:50 | INFO     | [DOWNLOAD] DONE → instant_20260515.nc (0.3 MB)
[2026-05-20T01:00:50.820+0000] {era5_functions.py:84} INFO - [DOWNLOAD] DONE → instant_20260515.nc (0.3 MB)
[2026-05-20T01:00:51.168+0000] {logging_mixin.py:188} WARNING - 2026-05-20 01:00:51 | WARNING  | [VALIDATE] instant_20260515.nc → not ready 2/24
[2026-05-20T01:00:51.168+0000] {era5_functions.py:59} WARNING - [VALIDATE] instant_20260515.nc → not ready 2/24
[2026-05-20T01:00:51.173+0000] {logging_mixin.py:188} WARNING - 2026-05-20 01:00:51 | WARNING  | [DOWNLOAD] not ready yet → skip this run
[2026-05-20T01:00:51.173+0000] {era5_functions.py:108} WARNING - [DOWNLOAD] not ready yet → skip this run
[2026-05-20T01:00:51.175+0000] {logging_mixin.py:188} WARNING - 2026-05-20 01:00:51 | WARNING  | [PIPELINE] skip → data incomplete
[2026-05-20T01:00:51.175+0000] {era5_functions.py:224} WARNING - [PIPELINE] skip → data incomplete
[2026-05-20T01:00:51.177+0000] {logging_mixin.py:188} WARNING - 2026-05-20 01:00:51 | INFO     | === DONE ===
[2026-05-20T01:00:51.177+0000] {era5_functions.py:268} INFO - === DONE ===
[2026-05-20T01:00:51.178+0000] {python.py:237} INFO - Done. Returned value was: None
[2026-05-20T01:00:51.179+0000] {taskinstance.py:441} INFO - ::group::Post task execution logs
[2026-05-20T01:00:51.193+0000] {taskinstance.py:1206} INFO - Marking task as SUCCESS. dag_id=era5_ecmwf_pipeline, task_id=era5_instant, run_id=scheduled__2026-05-20T00:00:00+00:00, execution_date=20260520T000000, start_date=20260520T010002, end_date=20260520T010051
[2026-05-20T01:00:51.275+0000] {local_task_job_runner.py:240} INFO - Task exited with return code 0
[2026-05-20T01:00:51.305+0000] {taskinstance.py:3498} INFO - 0 downstream tasks scheduled from follow-on schedule check
[2026-05-20T01:00:51.309+0000] {local_task_job_runner.py:222} INFO - ::endgroup::
