[2026-06-16T10:04:07.589+0000] {local_task_job_runner.py:120} INFO - ::group::Pre task execution logs
[2026-06-16T10:04:07.621+0000] {taskinstance.py:2076} INFO - Dependencies all met for dep_context=non-requeueable deps ti=<TaskInstance: era5_download_pipeline.era5_accum scheduled__2026-06-16T09:00:00+00:00 [queued]>
[2026-06-16T10:04:07.630+0000] {taskinstance.py:2076} INFO - Dependencies all met for dep_context=requeueable deps ti=<TaskInstance: era5_download_pipeline.era5_accum scheduled__2026-06-16T09:00:00+00:00 [queued]>
[2026-06-16T10:04:07.631+0000] {taskinstance.py:2306} INFO - Starting attempt 1 of 1
[2026-06-16T10:04:07.647+0000] {taskinstance.py:2330} INFO - Executing <Task(PythonOperator): era5_accum> on 2026-06-16 09:00:00+00:00
[2026-06-16T10:04:07.661+0000] {warnings.py:110} WARNING - /home/***/.local/lib/python3.12/site-packages/***/task/task_runner/standard_task_runner.py:61: DeprecationWarning: This process (pid=94675) is multi-threaded, use of fork() may lead to deadlocks in the child.
  pid = os.fork()

[2026-06-16T10:04:07.663+0000] {standard_task_runner.py:63} INFO - Started process 94677 to run task
[2026-06-16T10:04:07.663+0000] {standard_task_runner.py:90} INFO - Running: ['***', 'tasks', 'run', 'era5_download_pipeline', 'era5_accum', 'scheduled__2026-06-16T09:00:00+00:00', '--job-id', '1692', '--raw', '--subdir', 'DAGS_FOLDER/era5_dag.py', '--cfg-path', '/tmp/tmpwbkty7mf']
[2026-06-16T10:04:07.671+0000] {standard_task_runner.py:91} INFO - Job 1692: Subtask era5_accum
[2026-06-16T10:04:07.747+0000] {task_command.py:426} INFO - Running <TaskInstance: era5_download_pipeline.era5_accum scheduled__2026-06-16T09:00:00+00:00 [running]> on host 01cd476fb21a
[2026-06-16T10:04:07.864+0000] {taskinstance.py:2648} INFO - Exporting env vars: AIRFLOW_CTX_DAG_OWNER='era5' AIRFLOW_CTX_DAG_ID='era5_download_pipeline' AIRFLOW_CTX_TASK_ID='era5_accum' AIRFLOW_CTX_EXECUTION_DATE='2026-06-16T09:00:00+00:00' AIRFLOW_CTX_TRY_NUMBER='1' AIRFLOW_CTX_DAG_RUN_ID='scheduled__2026-06-16T09:00:00+00:00'
[2026-06-16T10:04:07.866+0000] {taskinstance.py:430} INFO - ::endgroup::
[2026-06-16T10:04:08.916+0000] {logging_mixin.py:188} WARNING - 2026-06-16 10:04:08 [INFO] === START job=accum date=2026-06-16 ===
[2026-06-16T10:04:08.915+0000] {era5_functions.py:368} INFO - === START job=accum date=2026-06-16 ===
[2026-06-16T10:04:08.919+0000] {logging_mixin.py:188} WARNING - 2026-06-16 10:04:08 [INFO] --- job=accum date=20260616 ---
[2026-06-16T10:04:08.918+0000] {era5_functions.py:330} INFO - --- job=accum date=20260616 ---
[2026-06-16T10:04:10.034+0000] {logging_mixin.py:188} WARNING - 2026-06-16 10:04:10 [WARNING] get_cds_count failed: 400 Client Error: Bad Request for url: https://cds.climate.copernicus.eu/api/retrieve/v1/processes/reanalysis-era5-single-levels/execution
invalid request
None of the data you have requested is available yet, please revise the period requested. The latest date available for this dataset is: 2026-06-11 10:00
[2026-06-16T10:04:10.034+0000] {era5_functions.py:131} WARNING - get_cds_count failed: 400 Client Error: Bad Request for url: https://cds.climate.copernicus.eu/api/retrieve/v1/processes/reanalysis-era5-single-levels/execution
invalid request
None of the data you have requested is available yet, please revise the period requested. The latest date available for this dataset is: 2026-06-11 10:00
[2026-06-16T10:04:10.037+0000] {logging_mixin.py:188} WARNING - 2026-06-16 10:04:10 [WARNING] CDS ยังไม่มีข้อมูล job=accum date=20260616, skip
[2026-06-16T10:04:10.037+0000] {era5_functions.py:335} WARNING - CDS ยังไม่มีข้อมูล job=accum date=20260616, skip
[2026-06-16T10:04:10.040+0000] {logging_mixin.py:188} WARNING - 2026-06-16 10:04:10 [INFO] --- job=accum date=20260615 ---
[2026-06-16T10:04:10.040+0000] {era5_functions.py:330} INFO - --- job=accum date=20260615 ---
[2026-06-16T10:04:11.078+0000] {logging_mixin.py:188} WARNING - 2026-06-16 10:04:11 [WARNING] get_cds_count failed: 400 Client Error: Bad Request for url: https://cds.climate.copernicus.eu/api/retrieve/v1/processes/reanalysis-era5-single-levels/execution
invalid request
None of the data you have requested is available yet, please revise the period requested. The latest date available for this dataset is: 2026-06-11 10:00
[2026-06-16T10:04:11.078+0000] {era5_functions.py:131} WARNING - get_cds_count failed: 400 Client Error: Bad Request for url: https://cds.climate.copernicus.eu/api/retrieve/v1/processes/reanalysis-era5-single-levels/execution
invalid request
None of the data you have requested is available yet, please revise the period requested. The latest date available for this dataset is: 2026-06-11 10:00
[2026-06-16T10:04:11.082+0000] {logging_mixin.py:188} WARNING - 2026-06-16 10:04:11 [WARNING] CDS ยังไม่มีข้อมูล job=accum date=20260615, skip
[2026-06-16T10:04:11.081+0000] {era5_functions.py:335} WARNING - CDS ยังไม่มีข้อมูล job=accum date=20260615, skip
[2026-06-16T10:04:11.084+0000] {logging_mixin.py:188} WARNING - 2026-06-16 10:04:11 [INFO] --- job=accum date=20260614 ---
[2026-06-16T10:04:11.084+0000] {era5_functions.py:330} INFO - --- job=accum date=20260614 ---
[2026-06-16T10:04:12.250+0000] {logging_mixin.py:188} WARNING - 2026-06-16 10:04:12 [WARNING] get_cds_count failed: 400 Client Error: Bad Request for url: https://cds.climate.copernicus.eu/api/retrieve/v1/processes/reanalysis-era5-single-levels/execution
invalid request
None of the data you have requested is available yet, please revise the period requested. The latest date available for this dataset is: 2026-06-11 10:00
[2026-06-16T10:04:12.250+0000] {era5_functions.py:131} WARNING - get_cds_count failed: 400 Client Error: Bad Request for url: https://cds.climate.copernicus.eu/api/retrieve/v1/processes/reanalysis-era5-single-levels/execution
invalid request
None of the data you have requested is available yet, please revise the period requested. The latest date available for this dataset is: 2026-06-11 10:00
[2026-06-16T10:04:12.256+0000] {logging_mixin.py:188} WARNING - 2026-06-16 10:04:12 [WARNING] CDS ยังไม่มีข้อมูล job=accum date=20260614, skip
[2026-06-16T10:04:12.255+0000] {era5_functions.py:335} WARNING - CDS ยังไม่มีข้อมูล job=accum date=20260614, skip
[2026-06-16T10:04:12.259+0000] {logging_mixin.py:188} WARNING - 2026-06-16 10:04:12 [INFO] --- job=accum date=20260613 ---
[2026-06-16T10:04:12.259+0000] {era5_functions.py:330} INFO - --- job=accum date=20260613 ---
[2026-06-16T10:04:13.161+0000] {logging_mixin.py:188} WARNING - 2026-06-16 10:04:13 [WARNING] get_cds_count failed: 400 Client Error: Bad Request for url: https://cds.climate.copernicus.eu/api/retrieve/v1/processes/reanalysis-era5-single-levels/execution
invalid request
None of the data you have requested is available yet, please revise the period requested. The latest date available for this dataset is: 2026-06-11 10:00
[2026-06-16T10:04:13.161+0000] {era5_functions.py:131} WARNING - get_cds_count failed: 400 Client Error: Bad Request for url: https://cds.climate.copernicus.eu/api/retrieve/v1/processes/reanalysis-era5-single-levels/execution
invalid request
None of the data you have requested is available yet, please revise the period requested. The latest date available for this dataset is: 2026-06-11 10:00
[2026-06-16T10:04:13.168+0000] {logging_mixin.py:188} WARNING - 2026-06-16 10:04:13 [WARNING] CDS ยังไม่มีข้อมูล job=accum date=20260613, skip
[2026-06-16T10:04:13.168+0000] {era5_functions.py:335} WARNING - CDS ยังไม่มีข้อมูล job=accum date=20260613, skip
[2026-06-16T10:04:13.173+0000] {logging_mixin.py:188} WARNING - 2026-06-16 10:04:13 [INFO] --- job=accum date=20260612 ---
[2026-06-16T10:04:13.173+0000] {era5_functions.py:330} INFO - --- job=accum date=20260612 ---
[2026-06-16T10:04:14.206+0000] {logging_mixin.py:188} WARNING - 2026-06-16 10:04:14 [WARNING] get_cds_count failed: 400 Client Error: Bad Request for url: https://cds.climate.copernicus.eu/api/retrieve/v1/processes/reanalysis-era5-single-levels/execution
invalid request
None of the data you have requested is available yet, please revise the period requested. The latest date available for this dataset is: 2026-06-11 10:00
[2026-06-16T10:04:14.206+0000] {era5_functions.py:131} WARNING - get_cds_count failed: 400 Client Error: Bad Request for url: https://cds.climate.copernicus.eu/api/retrieve/v1/processes/reanalysis-era5-single-levels/execution
invalid request
None of the data you have requested is available yet, please revise the period requested. The latest date available for this dataset is: 2026-06-11 10:00
[2026-06-16T10:04:14.212+0000] {logging_mixin.py:188} WARNING - 2026-06-16 10:04:14 [WARNING] CDS ยังไม่มีข้อมูล job=accum date=20260612, skip
[2026-06-16T10:04:14.211+0000] {era5_functions.py:335} WARNING - CDS ยังไม่มีข้อมูล job=accum date=20260612, skip
[2026-06-16T10:04:14.216+0000] {logging_mixin.py:188} WARNING - 2026-06-16 10:04:14 [INFO] --- job=accum date=20260611 ---
[2026-06-16T10:04:14.216+0000] {era5_functions.py:330} INFO - --- job=accum date=20260611 ---
[2026-06-16T10:04:15.049+0000] {logging_mixin.py:188} WARNING - 2026-06-16 10:04:15,049 INFO [2025-12-11T00:00:00] Please note that a dedicated catalogue entry for this dataset, post-processed and stored in Analysis Ready Cloud Optimized (ARCO) format (Zarr), is available for optimised time-series retrievals (i.e. for retrieving data from selected variables for a single point over an extended period of time in an efficient way). You can discover it [here](https://cds.climate.copernicus.eu/datasets/reanalysis-era5-single-levels-timeseries?tab=overview)
[2026-06-16T10:04:15.049+0000] {legacy_client.py:192} INFO - [2025-12-11T00:00:00] Please note that a dedicated catalogue entry for this dataset, post-processed and stored in Analysis Ready Cloud Optimized (ARCO) format (Zarr), is available for optimised time-series retrievals (i.e. for retrieving data from selected variables for a single point over an extended period of time in an efficient way). You can discover it [here](https://cds.climate.copernicus.eu/datasets/reanalysis-era5-single-levels-timeseries?tab=overview)
[2026-06-16T10:04:15.055+0000] {logging_mixin.py:188} WARNING - 2026-06-16 10:04:15,054 INFO Request ID is 5e3d77d5-fc25-4f39-8071-f2b22f125ca4
[2026-06-16T10:04:15.054+0000] {legacy_client.py:192} INFO - Request ID is 5e3d77d5-fc25-4f39-8071-f2b22f125ca4
[2026-06-16T10:04:15.269+0000] {logging_mixin.py:188} WARNING - 2026-06-16 10:04:15,268 INFO status has been updated to accepted
[2026-06-16T10:04:15.268+0000] {legacy_client.py:192} INFO - status has been updated to accepted
[2026-06-16T10:04:49.611+0000] {logging_mixin.py:188} WARNING - 2026-06-16 10:04:49,611 INFO status has been updated to successful
[2026-06-16T10:04:49.611+0000] {legacy_client.py:192} INFO - status has been updated to successful
[2026-06-16T10:04:50.343+0000] {base.py:119} INFO - Downloading https://object-store.os-api.cci2.ecmwf.int:443/cci2-prod-cache-3/2026-06-16/ef763d1461a28512a255398a6809a98c.nc
[2026-06-16T10:04:51.124+0000] {logging_mixin.py:188} WARNING - ef763d1461a28512a255398a6809a98c.nc:   0%|          | 0.00/188k [00:00<?, ?B/s]
[2026-06-16T10:04:52.749+0000] {logging_mixin.py:188} WARNING - ef763d1461a28512a255398a6809a98c.nc: 100%|##########| 188k/188k [00:01<00:00, 119kB/s]
[2026-06-16T10:04:52.755+0000] {logging_mixin.py:188} WARNING -                                                                                       
[2026-06-16T10:04:53.054+0000] {logging_mixin.py:188} WARNING - 2026-06-16 10:04:53 [INFO] CDS timestep available: 11
[2026-06-16T10:04:53.053+0000] {era5_functions.py:128} INFO - CDS timestep available: 11
[2026-06-16T10:04:53.128+0000] {logging_mixin.py:188} WARNING - 2026-06-16 10:04:53 [INFO] local timestep: 10 — /opt/***/era5/ecmwf/data/nc/_raw/2026/06/11/accum_20260611.nc
[2026-06-16T10:04:53.128+0000] {era5_functions.py:152} INFO - local timestep: 10 — /opt/***/era5/ecmwf/data/nc/_raw/2026/06/11/accum_20260611.nc
[2026-06-16T10:04:53.137+0000] {logging_mixin.py:188} WARNING - 2026-06-16 10:04:53 [INFO] nc outdated (local=10 < cds=11), removing: /opt/***/era5/ecmwf/data/nc/_raw/2026/06/11/accum_20260611.nc
[2026-06-16T10:04:53.136+0000] {era5_functions.py:193} INFO - nc outdated (local=10 < cds=11), removing: /opt/***/era5/ecmwf/data/nc/_raw/2026/06/11/accum_20260611.nc
[2026-06-16T10:04:53.158+0000] {logging_mixin.py:188} WARNING - 2026-06-16 10:04:53 [INFO] download attempt 1/3: /opt/***/era5/ecmwf/data/nc/_raw/2026/06/11/accum_20260611.nc
[2026-06-16T10:04:53.157+0000] {era5_functions.py:200} INFO - download attempt 1/3: /opt/***/era5/ecmwf/data/nc/_raw/2026/06/11/accum_20260611.nc
[2026-06-16T10:04:54.183+0000] {logging_mixin.py:188} WARNING - 2026-06-16 10:04:54,183 INFO [2025-12-11T00:00:00] Please note that a dedicated catalogue entry for this dataset, post-processed and stored in Analysis Ready Cloud Optimized (ARCO) format (Zarr), is available for optimised time-series retrievals (i.e. for retrieving data from selected variables for a single point over an extended period of time in an efficient way). You can discover it [here](https://cds.climate.copernicus.eu/datasets/reanalysis-era5-single-levels-timeseries?tab=overview)
[2026-06-16T10:04:54.183+0000] {legacy_client.py:192} INFO - [2025-12-11T00:00:00] Please note that a dedicated catalogue entry for this dataset, post-processed and stored in Analysis Ready Cloud Optimized (ARCO) format (Zarr), is available for optimised time-series retrievals (i.e. for retrieving data from selected variables for a single point over an extended period of time in an efficient way). You can discover it [here](https://cds.climate.copernicus.eu/datasets/reanalysis-era5-single-levels-timeseries?tab=overview)
[2026-06-16T10:04:54.187+0000] {logging_mixin.py:188} WARNING - 2026-06-16 10:04:54,187 INFO Request ID is 25943566-ad06-4cd4-a8fa-5e6cc0aed7f1
[2026-06-16T10:04:54.187+0000] {legacy_client.py:192} INFO - Request ID is 25943566-ad06-4cd4-a8fa-5e6cc0aed7f1
[2026-06-16T10:04:54.483+0000] {logging_mixin.py:188} WARNING - 2026-06-16 10:04:54,482 INFO status has been updated to accepted
[2026-06-16T10:04:54.482+0000] {legacy_client.py:192} INFO - status has been updated to accepted
[2026-06-16T10:05:09.377+0000] {logging_mixin.py:188} WARNING - 2026-06-16 10:05:09,377 INFO status has been updated to running
[2026-06-16T10:05:09.377+0000] {legacy_client.py:192} INFO - status has been updated to running
[2026-06-16T10:05:17.185+0000] {logging_mixin.py:188} WARNING - 2026-06-16 10:05:17,185 INFO status has been updated to successful
[2026-06-16T10:05:17.185+0000] {legacy_client.py:192} INFO - status has been updated to successful
[2026-06-16T10:05:17.666+0000] {base.py:119} INFO - Downloading https://object-store.os-api.cci2.ecmwf.int:443/cci2-prod-cache-1/2026-06-16/1716153f911078d4c224b61780901ccf.nc
[2026-06-16T10:05:18.361+0000] {logging_mixin.py:188} WARNING - 1716153f911078d4c224b61780901ccf.nc:   0%|          | 0.00/188k [00:00<?, ?B/s]
[2026-06-16T10:05:19.619+0000] {logging_mixin.py:188} WARNING - 1716153f911078d4c224b61780901ccf.nc: 100%|##########| 188k/188k [00:01<00:00, 153kB/s]
[2026-06-16T10:05:19.640+0000] {logging_mixin.py:188} WARNING -                                                                                       
[2026-06-16T10:05:19.735+0000] {logging_mixin.py:188} WARNING - 2026-06-16 10:05:19 [INFO] nc downloaded ok: /opt/***/era5/ecmwf/data/nc/_raw/2026/06/11/accum_20260611.nc
[2026-06-16T10:05:19.735+0000] {era5_functions.py:204} INFO - nc downloaded ok: /opt/***/era5/ecmwf/data/nc/_raw/2026/06/11/accum_20260611.nc
[2026-06-16T10:05:19.797+0000] {logging_mixin.py:188} WARNING - 2026-06-16 10:05:19 [INFO] local timestep: 11 — /opt/***/era5/ecmwf/data/nc/_raw/2026/06/11/accum_20260611.nc
[2026-06-16T10:05:19.797+0000] {era5_functions.py:152} INFO - local timestep: 11 — /opt/***/era5/ecmwf/data/nc/_raw/2026/06/11/accum_20260611.nc
[2026-06-16T10:05:19.887+0000] {logging_mixin.py:188} WARNING - 2026-06-16 10:05:19 [INFO] tif outdated (tif=10 < nc=11), removing: /opt/***/era5/ecmwf/data/tif/2026/06/11/tp_20260611.tif
[2026-06-16T10:05:19.887+0000] {era5_functions.py:261} INFO - tif outdated (tif=10 < nc=11), removing: /opt/***/era5/ecmwf/data/tif/2026/06/11/tp_20260611.tif
[2026-06-16T10:05:19.975+0000] {logging_mixin.py:188} WARNING - 2026-06-16 10:05:19 [INFO] tif ok (bands=11): /opt/***/era5/ecmwf/data/tif/2026/06/11/tp_20260611.tif
[2026-06-16T10:05:19.975+0000] {era5_functions.py:304} INFO - tif ok (bands=11): /opt/***/era5/ecmwf/data/tif/2026/06/11/tp_20260611.tif
[2026-06-16T10:05:19.981+0000] {logging_mixin.py:188} WARNING - 2026-06-16 10:05:19 [INFO] === END job=accum date=2026-06-16 ===
[2026-06-16T10:05:19.981+0000] {era5_functions.py:379} INFO - === END job=accum date=2026-06-16 ===
[2026-06-16T10:05:19.984+0000] {python.py:237} INFO - Done. Returned value was: None
[2026-06-16T10:05:19.984+0000] {taskinstance.py:441} INFO - ::group::Post task execution logs
[2026-06-16T10:05:19.999+0000] {taskinstance.py:1206} INFO - Marking task as SUCCESS. dag_id=era5_download_pipeline, task_id=era5_accum, run_id=scheduled__2026-06-16T09:00:00+00:00, execution_date=20260616T090000, start_date=20260616T100407, end_date=20260616T100519
[2026-06-16T10:05:20.060+0000] {local_task_job_runner.py:240} INFO - Task exited with return code 0
[2026-06-16T10:05:20.090+0000] {taskinstance.py:3498} INFO - 0 downstream tasks scheduled from follow-on schedule check
[2026-06-16T10:05:20.095+0000] {local_task_job_runner.py:222} INFO - ::endgroup::
