[2026-06-20T18:00:01.617+0000] {local_task_job_runner.py:120} INFO - ::group::Pre task execution logs
[2026-06-20T18:00:01.643+0000] {taskinstance.py:2076} INFO - Dependencies all met for dep_context=non-requeueable deps ti=<TaskInstance: era5_download_pipeline.era5_instant scheduled__2026-06-20T17:00:00+00:00 [queued]>
[2026-06-20T18:00:01.653+0000] {taskinstance.py:2076} INFO - Dependencies all met for dep_context=requeueable deps ti=<TaskInstance: era5_download_pipeline.era5_instant scheduled__2026-06-20T17:00:00+00:00 [queued]>
[2026-06-20T18:00:01.656+0000] {taskinstance.py:2306} INFO - Starting attempt 1 of 1
[2026-06-20T18:00:01.672+0000] {taskinstance.py:2330} INFO - Executing <Task(PythonOperator): era5_instant> on 2026-06-20 17:00:00+00:00
[2026-06-20T18:00:01.688+0000] {warnings.py:110} WARNING - /home/***/.local/lib/python3.12/site-packages/***/task/task_runner/standard_task_runner.py:61: DeprecationWarning: This process (pid=174790) is multi-threaded, use of fork() may lead to deadlocks in the child.
  pid = os.fork()

[2026-06-20T18:00:01.695+0000] {standard_task_runner.py:63} INFO - Started process 174800 to run task
[2026-06-20T18:00:01.691+0000] {standard_task_runner.py:90} INFO - Running: ['***', 'tasks', 'run', 'era5_download_pipeline', 'era5_instant', 'scheduled__2026-06-20T17:00:00+00:00', '--job-id', '2007', '--raw', '--subdir', 'DAGS_FOLDER/era5_dag.py', '--cfg-path', '/tmp/tmp384kz5r1']
[2026-06-20T18:00:01.696+0000] {standard_task_runner.py:91} INFO - Job 2007: Subtask era5_instant
[2026-06-20T18:00:01.784+0000] {task_command.py:426} INFO - Running <TaskInstance: era5_download_pipeline.era5_instant scheduled__2026-06-20T17:00:00+00:00 [running]> on host 01cd476fb21a
[2026-06-20T18:00:01.917+0000] {taskinstance.py:2648} INFO - Exporting env vars: AIRFLOW_CTX_DAG_OWNER='era5' AIRFLOW_CTX_DAG_ID='era5_download_pipeline' AIRFLOW_CTX_TASK_ID='era5_instant' AIRFLOW_CTX_EXECUTION_DATE='2026-06-20T17:00:00+00:00' AIRFLOW_CTX_TRY_NUMBER='1' AIRFLOW_CTX_DAG_RUN_ID='scheduled__2026-06-20T17:00:00+00:00'
[2026-06-20T18:00:01.919+0000] {taskinstance.py:430} INFO - ::endgroup::
[2026-06-20T18:00:02.974+0000] {logging_mixin.py:188} WARNING - 2026-06-20 18:00:02 [INFO] === START job=instant date=2026-06-20 ===
[2026-06-20T18:00:02.974+0000] {era5_functions.py:368} INFO - === START job=instant date=2026-06-20 ===
[2026-06-20T18:00:02.978+0000] {logging_mixin.py:188} WARNING - 2026-06-20 18:00:02 [INFO] --- job=instant date=20260620 ---
[2026-06-20T18:00:02.977+0000] {era5_functions.py:330} INFO - --- job=instant date=20260620 ---
[2026-06-20T18:00:03.587+0000] {logging_mixin.py:188} WARNING - 2026-06-20 18:00:03 [WARNING] get_cds_count failed: 400 Client Error: Bad Request for url: https://cds.climate.copernicus.eu/api/retrieve/v1/processes/reanalysis-era5-single-levels/execution
invalid request
None of the data you have requested is available yet, please revise the period requested. The latest date available for this dataset is: 2026-06-15 18:00
[2026-06-20T18:00:03.587+0000] {era5_functions.py:131} WARNING - get_cds_count failed: 400 Client Error: Bad Request for url: https://cds.climate.copernicus.eu/api/retrieve/v1/processes/reanalysis-era5-single-levels/execution
invalid request
None of the data you have requested is available yet, please revise the period requested. The latest date available for this dataset is: 2026-06-15 18:00
[2026-06-20T18:00:03.590+0000] {logging_mixin.py:188} WARNING - 2026-06-20 18:00:03 [WARNING] CDS ยังไม่มีข้อมูล job=instant date=20260620, skip
[2026-06-20T18:00:03.590+0000] {era5_functions.py:335} WARNING - CDS ยังไม่มีข้อมูล job=instant date=20260620, skip
[2026-06-20T18:00:03.593+0000] {logging_mixin.py:188} WARNING - 2026-06-20 18:00:03 [INFO] --- job=instant date=20260619 ---
[2026-06-20T18:00:03.592+0000] {era5_functions.py:330} INFO - --- job=instant date=20260619 ---
[2026-06-20T18:00:04.332+0000] {logging_mixin.py:188} WARNING - 2026-06-20 18:00:04 [WARNING] get_cds_count failed: 400 Client Error: Bad Request for url: https://cds.climate.copernicus.eu/api/retrieve/v1/processes/reanalysis-era5-single-levels/execution
invalid request
None of the data you have requested is available yet, please revise the period requested. The latest date available for this dataset is: 2026-06-15 18:00
[2026-06-20T18:00:04.331+0000] {era5_functions.py:131} WARNING - get_cds_count failed: 400 Client Error: Bad Request for url: https://cds.climate.copernicus.eu/api/retrieve/v1/processes/reanalysis-era5-single-levels/execution
invalid request
None of the data you have requested is available yet, please revise the period requested. The latest date available for this dataset is: 2026-06-15 18:00
[2026-06-20T18:00:04.338+0000] {logging_mixin.py:188} WARNING - 2026-06-20 18:00:04 [WARNING] CDS ยังไม่มีข้อมูล job=instant date=20260619, skip
[2026-06-20T18:00:04.337+0000] {era5_functions.py:335} WARNING - CDS ยังไม่มีข้อมูล job=instant date=20260619, skip
[2026-06-20T18:00:04.343+0000] {logging_mixin.py:188} WARNING - 2026-06-20 18:00:04 [INFO] --- job=instant date=20260618 ---
[2026-06-20T18:00:04.343+0000] {era5_functions.py:330} INFO - --- job=instant date=20260618 ---
[2026-06-20T18:00:05.482+0000] {logging_mixin.py:188} WARNING - 2026-06-20 18:00:05 [WARNING] get_cds_count failed: 400 Client Error: Bad Request for url: https://cds.climate.copernicus.eu/api/retrieve/v1/processes/reanalysis-era5-single-levels/execution
invalid request
None of the data you have requested is available yet, please revise the period requested. The latest date available for this dataset is: 2026-06-15 18:00
[2026-06-20T18:00:05.482+0000] {era5_functions.py:131} WARNING - get_cds_count failed: 400 Client Error: Bad Request for url: https://cds.climate.copernicus.eu/api/retrieve/v1/processes/reanalysis-era5-single-levels/execution
invalid request
None of the data you have requested is available yet, please revise the period requested. The latest date available for this dataset is: 2026-06-15 18:00
[2026-06-20T18:00:05.486+0000] {logging_mixin.py:188} WARNING - 2026-06-20 18:00:05 [WARNING] CDS ยังไม่มีข้อมูล job=instant date=20260618, skip
[2026-06-20T18:00:05.486+0000] {era5_functions.py:335} WARNING - CDS ยังไม่มีข้อมูล job=instant date=20260618, skip
[2026-06-20T18:00:05.489+0000] {logging_mixin.py:188} WARNING - 2026-06-20 18:00:05 [INFO] --- job=instant date=20260617 ---
[2026-06-20T18:00:05.489+0000] {era5_functions.py:330} INFO - --- job=instant date=20260617 ---
[2026-06-20T18:00:07.600+0000] {logging_mixin.py:188} WARNING - 2026-06-20 18:00:07 [WARNING] get_cds_count failed: 400 Client Error: Bad Request for url: https://cds.climate.copernicus.eu/api/retrieve/v1/processes/reanalysis-era5-single-levels/execution
invalid request
None of the data you have requested is available yet, please revise the period requested. The latest date available for this dataset is: 2026-06-15 18:00
[2026-06-20T18:00:07.600+0000] {era5_functions.py:131} WARNING - get_cds_count failed: 400 Client Error: Bad Request for url: https://cds.climate.copernicus.eu/api/retrieve/v1/processes/reanalysis-era5-single-levels/execution
invalid request
None of the data you have requested is available yet, please revise the period requested. The latest date available for this dataset is: 2026-06-15 18:00
[2026-06-20T18:00:07.604+0000] {logging_mixin.py:188} WARNING - 2026-06-20 18:00:07 [WARNING] CDS ยังไม่มีข้อมูล job=instant date=20260617, skip
[2026-06-20T18:00:07.604+0000] {era5_functions.py:335} WARNING - CDS ยังไม่มีข้อมูล job=instant date=20260617, skip
[2026-06-20T18:00:07.607+0000] {logging_mixin.py:188} WARNING - 2026-06-20 18:00:07 [INFO] --- job=instant date=20260616 ---
[2026-06-20T18:00:07.607+0000] {era5_functions.py:330} INFO - --- job=instant date=20260616 ---
[2026-06-20T18:00:09.904+0000] {logging_mixin.py:188} WARNING - 2026-06-20 18:00:09 [WARNING] get_cds_count failed: 400 Client Error: Bad Request for url: https://cds.climate.copernicus.eu/api/retrieve/v1/processes/reanalysis-era5-single-levels/execution
invalid request
None of the data you have requested is available yet, please revise the period requested. The latest date available for this dataset is: 2026-06-15 18:00
[2026-06-20T18:00:09.904+0000] {era5_functions.py:131} WARNING - get_cds_count failed: 400 Client Error: Bad Request for url: https://cds.climate.copernicus.eu/api/retrieve/v1/processes/reanalysis-era5-single-levels/execution
invalid request
None of the data you have requested is available yet, please revise the period requested. The latest date available for this dataset is: 2026-06-15 18:00
[2026-06-20T18:00:09.909+0000] {logging_mixin.py:188} WARNING - 2026-06-20 18:00:09 [WARNING] CDS ยังไม่มีข้อมูล job=instant date=20260616, skip
[2026-06-20T18:00:09.909+0000] {era5_functions.py:335} WARNING - CDS ยังไม่มีข้อมูล job=instant date=20260616, skip
[2026-06-20T18:00:09.913+0000] {logging_mixin.py:188} WARNING - 2026-06-20 18:00:09 [INFO] --- job=instant date=20260615 ---
[2026-06-20T18:00:09.913+0000] {era5_functions.py:330} INFO - --- job=instant date=20260615 ---
[2026-06-20T18:00:11.435+0000] {http.py:514} WARNING - Recovering from HTTP error [502 Bad Gateway], attempt 1 of 500
[2026-06-20T18:00:11.437+0000] {http.py:537} WARNING - Retrying in 120 seconds
[2026-06-20T18:02:11.428+0000] {http.py:544} INFO - Retrying now...
[2026-06-20T18:02:12.595+0000] {logging_mixin.py:188} WARNING - 2026-06-20 18:02:12,595 INFO [2025-12-11T00:00:00] Please note that a dedicated catalogue entry for this dataset, post-processed and stored in Analysis Ready Cloud Optimized (ARCO) format (Zarr), is available for optimised time-series retrievals (i.e. for retrieving data from selected variables for a single point over an extended period of time in an efficient way). You can discover it [here](https://cds.climate.copernicus.eu/datasets/reanalysis-era5-single-levels-timeseries?tab=overview)
[2026-06-20T18:02:12.595+0000] {legacy_client.py:192} INFO - [2025-12-11T00:00:00] Please note that a dedicated catalogue entry for this dataset, post-processed and stored in Analysis Ready Cloud Optimized (ARCO) format (Zarr), is available for optimised time-series retrievals (i.e. for retrieving data from selected variables for a single point over an extended period of time in an efficient way). You can discover it [here](https://cds.climate.copernicus.eu/datasets/reanalysis-era5-single-levels-timeseries?tab=overview)
[2026-06-20T18:02:12.600+0000] {logging_mixin.py:188} WARNING - 2026-06-20 18:02:12,600 INFO Request ID is 87843457-34ee-45bc-9b3f-a2daac3dba8c
[2026-06-20T18:02:12.600+0000] {legacy_client.py:192} INFO - Request ID is 87843457-34ee-45bc-9b3f-a2daac3dba8c
[2026-06-20T18:02:12.828+0000] {logging_mixin.py:188} WARNING - 2026-06-20 18:02:12,827 INFO status has been updated to accepted
[2026-06-20T18:02:12.827+0000] {legacy_client.py:192} INFO - status has been updated to accepted
[2026-06-20T18:02:27.075+0000] {logging_mixin.py:188} WARNING - 2026-06-20 18:02:27,075 INFO status has been updated to running
[2026-06-20T18:02:27.075+0000] {legacy_client.py:192} INFO - status has been updated to running
[2026-06-20T18:02:34.890+0000] {logging_mixin.py:188} WARNING - 2026-06-20 18:02:34,890 INFO status has been updated to successful
[2026-06-20T18:02:34.890+0000] {legacy_client.py:192} INFO - status has been updated to successful
[2026-06-20T18:02:35.318+0000] {base.py:119} INFO - Downloading https://object-store.os-api.cci2.ecmwf.int:443/cci2-prod-cache-1/2026-06-20/436f07e892e70e5485b5347750ba7da4.nc
[2026-06-20T18:02:40.024+0000] {logging_mixin.py:188} WARNING - 436f07e892e70e5485b5347750ba7da4.nc:   0%|          | 0.00/2.03M [00:00<?, ?B/s]
[2026-06-20T18:02:43.237+0000] {logging_mixin.py:188} WARNING - 436f07e892e70e5485b5347750ba7da4.nc:  49%|####9     | 1.00M/2.03M [00:03<00:03, 327kB/s]
[2026-06-20T18:02:44.600+0000] {logging_mixin.py:188} WARNING - 436f07e892e70e5485b5347750ba7da4.nc:  98%|#########8| 2.00M/2.03M [00:04<00:00, 494kB/s]
[2026-06-20T18:02:44.753+0000] {logging_mixin.py:188} WARNING -                                                                                         
[2026-06-20T18:02:45.087+0000] {logging_mixin.py:188} WARNING - 2026-06-20 18:02:45 [INFO] CDS timestep available: 19
[2026-06-20T18:02:45.086+0000] {era5_functions.py:128} INFO - CDS timestep available: 19
[2026-06-20T18:02:45.193+0000] {logging_mixin.py:188} WARNING - 2026-06-20 18:02:45 [INFO] local timestep: 18 — /opt/***/era5/ecmwf/data/nc/_raw/2026/06/15/instant_20260615.nc
[2026-06-20T18:02:45.193+0000] {era5_functions.py:152} INFO - local timestep: 18 — /opt/***/era5/ecmwf/data/nc/_raw/2026/06/15/instant_20260615.nc
[2026-06-20T18:02:45.200+0000] {logging_mixin.py:188} WARNING - 2026-06-20 18:02:45 [INFO] nc outdated (local=18 < cds=19), removing: /opt/***/era5/ecmwf/data/nc/_raw/2026/06/15/instant_20260615.nc
[2026-06-20T18:02:45.200+0000] {era5_functions.py:193} INFO - nc outdated (local=18 < cds=19), removing: /opt/***/era5/ecmwf/data/nc/_raw/2026/06/15/instant_20260615.nc
[2026-06-20T18:02:45.220+0000] {logging_mixin.py:188} WARNING - 2026-06-20 18:02:45 [INFO] download attempt 1/3: /opt/***/era5/ecmwf/data/nc/_raw/2026/06/15/instant_20260615.nc
[2026-06-20T18:02:45.220+0000] {era5_functions.py:200} INFO - download attempt 1/3: /opt/***/era5/ecmwf/data/nc/_raw/2026/06/15/instant_20260615.nc
[2026-06-20T18:02:45.970+0000] {logging_mixin.py:188} WARNING - 2026-06-20 18:02:45,969 INFO [2025-12-11T00:00:00] Please note that a dedicated catalogue entry for this dataset, post-processed and stored in Analysis Ready Cloud Optimized (ARCO) format (Zarr), is available for optimised time-series retrievals (i.e. for retrieving data from selected variables for a single point over an extended period of time in an efficient way). You can discover it [here](https://cds.climate.copernicus.eu/datasets/reanalysis-era5-single-levels-timeseries?tab=overview)
[2026-06-20T18:02:45.969+0000] {legacy_client.py:192} INFO - [2025-12-11T00:00:00] Please note that a dedicated catalogue entry for this dataset, post-processed and stored in Analysis Ready Cloud Optimized (ARCO) format (Zarr), is available for optimised time-series retrievals (i.e. for retrieving data from selected variables for a single point over an extended period of time in an efficient way). You can discover it [here](https://cds.climate.copernicus.eu/datasets/reanalysis-era5-single-levels-timeseries?tab=overview)
[2026-06-20T18:02:45.973+0000] {logging_mixin.py:188} WARNING - 2026-06-20 18:02:45,973 INFO Request ID is 0e52ddce-ee89-4a96-bccc-5f0e35ca44f8
[2026-06-20T18:02:45.973+0000] {legacy_client.py:192} INFO - Request ID is 0e52ddce-ee89-4a96-bccc-5f0e35ca44f8
[2026-06-20T18:02:46.197+0000] {logging_mixin.py:188} WARNING - 2026-06-20 18:02:46,196 INFO status has been updated to accepted
[2026-06-20T18:02:46.196+0000] {legacy_client.py:192} INFO - status has been updated to accepted
[2026-06-20T18:03:00.463+0000] {logging_mixin.py:188} WARNING - 2026-06-20 18:03:00,463 INFO status has been updated to running
[2026-06-20T18:03:00.463+0000] {legacy_client.py:192} INFO - status has been updated to running
[2026-06-20T18:03:08.270+0000] {logging_mixin.py:188} WARNING - 2026-06-20 18:03:08,269 INFO status has been updated to successful
[2026-06-20T18:03:08.269+0000] {legacy_client.py:192} INFO - status has been updated to successful
[2026-06-20T18:03:08.691+0000] {base.py:119} INFO - Downloading https://object-store.os-api.cci2.ecmwf.int:443/cci2-prod-cache-2/2026-06-20/59914da5ab3f8ff0723a141118b18d15.nc
[2026-06-20T18:03:09.389+0000] {logging_mixin.py:188} WARNING - 59914da5ab3f8ff0723a141118b18d15.nc:   0%|          | 0.00/2.03M [00:00<?, ?B/s]
[2026-06-20T18:03:11.772+0000] {logging_mixin.py:188} WARNING - 59914da5ab3f8ff0723a141118b18d15.nc:  49%|####9     | 1.00M/2.03M [00:02<00:02, 441kB/s]
[2026-06-20T18:03:13.142+0000] {logging_mixin.py:188} WARNING - 59914da5ab3f8ff0723a141118b18d15.nc:  98%|#########8| 2.00M/2.03M [00:03<00:00, 587kB/s]
[2026-06-20T18:03:13.232+0000] {logging_mixin.py:188} WARNING -                                                                                         
[2026-06-20T18:03:13.409+0000] {logging_mixin.py:188} WARNING - 2026-06-20 18:03:13 [INFO] nc downloaded ok: /opt/***/era5/ecmwf/data/nc/_raw/2026/06/15/instant_20260615.nc
[2026-06-20T18:03:13.409+0000] {era5_functions.py:204} INFO - nc downloaded ok: /opt/***/era5/ecmwf/data/nc/_raw/2026/06/15/instant_20260615.nc
[2026-06-20T18:03:13.508+0000] {logging_mixin.py:188} WARNING - 2026-06-20 18:03:13 [INFO] local timestep: 19 — /opt/***/era5/ecmwf/data/nc/_raw/2026/06/15/instant_20260615.nc
[2026-06-20T18:03:13.508+0000] {era5_functions.py:152} INFO - local timestep: 19 — /opt/***/era5/ecmwf/data/nc/_raw/2026/06/15/instant_20260615.nc
[2026-06-20T18:03:13.633+0000] {logging_mixin.py:188} WARNING - 2026-06-20 18:03:13 [INFO] tif outdated (tif=18 < nc=19), removing: /opt/***/era5/ecmwf/data/tif/2026/06/15/t2m_20260615.tif
[2026-06-20T18:03:13.633+0000] {era5_functions.py:261} INFO - tif outdated (tif=18 < nc=19), removing: /opt/***/era5/ecmwf/data/tif/2026/06/15/t2m_20260615.tif
[2026-06-20T18:03:13.743+0000] {logging_mixin.py:188} WARNING - 2026-06-20 18:03:13 [INFO] tif ok (bands=19): /opt/***/era5/ecmwf/data/tif/2026/06/15/t2m_20260615.tif
[2026-06-20T18:03:13.743+0000] {era5_functions.py:304} INFO - tif ok (bands=19): /opt/***/era5/ecmwf/data/tif/2026/06/15/t2m_20260615.tif
[2026-06-20T18:03:13.762+0000] {logging_mixin.py:188} WARNING - 2026-06-20 18:03:13 [INFO] tif outdated (tif=18 < nc=19), removing: /opt/***/era5/ecmwf/data/tif/2026/06/15/d2m_20260615.tif
[2026-06-20T18:03:13.762+0000] {era5_functions.py:261} INFO - tif outdated (tif=18 < nc=19), removing: /opt/***/era5/ecmwf/data/tif/2026/06/15/d2m_20260615.tif
[2026-06-20T18:03:13.864+0000] {logging_mixin.py:188} WARNING - 2026-06-20 18:03:13 [INFO] tif ok (bands=19): /opt/***/era5/ecmwf/data/tif/2026/06/15/d2m_20260615.tif
[2026-06-20T18:03:13.864+0000] {era5_functions.py:304} INFO - tif ok (bands=19): /opt/***/era5/ecmwf/data/tif/2026/06/15/d2m_20260615.tif
[2026-06-20T18:03:13.885+0000] {logging_mixin.py:188} WARNING - 2026-06-20 18:03:13 [INFO] tif outdated (tif=18 < nc=19), removing: /opt/***/era5/ecmwf/data/tif/2026/06/15/sp_20260615.tif
[2026-06-20T18:03:13.885+0000] {era5_functions.py:261} INFO - tif outdated (tif=18 < nc=19), removing: /opt/***/era5/ecmwf/data/tif/2026/06/15/sp_20260615.tif
[2026-06-20T18:03:13.988+0000] {logging_mixin.py:188} WARNING - 2026-06-20 18:03:13 [INFO] tif ok (bands=19): /opt/***/era5/ecmwf/data/tif/2026/06/15/sp_20260615.tif
[2026-06-20T18:03:13.988+0000] {era5_functions.py:304} INFO - tif ok (bands=19): /opt/***/era5/ecmwf/data/tif/2026/06/15/sp_20260615.tif
[2026-06-20T18:03:14.007+0000] {logging_mixin.py:188} WARNING - 2026-06-20 18:03:14 [INFO] tif outdated (tif=18 < nc=19), removing: /opt/***/era5/ecmwf/data/tif/2026/06/15/blh_20260615.tif
[2026-06-20T18:03:14.007+0000] {era5_functions.py:261} INFO - tif outdated (tif=18 < nc=19), removing: /opt/***/era5/ecmwf/data/tif/2026/06/15/blh_20260615.tif
[2026-06-20T18:03:14.139+0000] {logging_mixin.py:188} WARNING - 2026-06-20 18:03:14 [INFO] tif ok (bands=19): /opt/***/era5/ecmwf/data/tif/2026/06/15/blh_20260615.tif
[2026-06-20T18:03:14.139+0000] {era5_functions.py:304} INFO - tif ok (bands=19): /opt/***/era5/ecmwf/data/tif/2026/06/15/blh_20260615.tif
[2026-06-20T18:03:14.158+0000] {logging_mixin.py:188} WARNING - 2026-06-20 18:03:14 [INFO] tif outdated (tif=18 < nc=19), removing: /opt/***/era5/ecmwf/data/tif/2026/06/15/u10_20260615.tif
[2026-06-20T18:03:14.157+0000] {era5_functions.py:261} INFO - tif outdated (tif=18 < nc=19), removing: /opt/***/era5/ecmwf/data/tif/2026/06/15/u10_20260615.tif
[2026-06-20T18:03:14.267+0000] {logging_mixin.py:188} WARNING - 2026-06-20 18:03:14 [INFO] tif ok (bands=19): /opt/***/era5/ecmwf/data/tif/2026/06/15/u10_20260615.tif
[2026-06-20T18:03:14.267+0000] {era5_functions.py:304} INFO - tif ok (bands=19): /opt/***/era5/ecmwf/data/tif/2026/06/15/u10_20260615.tif
[2026-06-20T18:03:14.291+0000] {logging_mixin.py:188} WARNING - 2026-06-20 18:03:14 [INFO] tif outdated (tif=18 < nc=19), removing: /opt/***/era5/ecmwf/data/tif/2026/06/15/v10_20260615.tif
[2026-06-20T18:03:14.291+0000] {era5_functions.py:261} INFO - tif outdated (tif=18 < nc=19), removing: /opt/***/era5/ecmwf/data/tif/2026/06/15/v10_20260615.tif
[2026-06-20T18:03:14.429+0000] {logging_mixin.py:188} WARNING - 2026-06-20 18:03:14 [INFO] tif ok (bands=19): /opt/***/era5/ecmwf/data/tif/2026/06/15/v10_20260615.tif
[2026-06-20T18:03:14.429+0000] {era5_functions.py:304} INFO - tif ok (bands=19): /opt/***/era5/ecmwf/data/tif/2026/06/15/v10_20260615.tif
[2026-06-20T18:03:14.437+0000] {logging_mixin.py:188} WARNING - 2026-06-20 18:03:14 [INFO] === END job=instant date=2026-06-20 ===
[2026-06-20T18:03:14.437+0000] {era5_functions.py:379} INFO - === END job=instant date=2026-06-20 ===
[2026-06-20T18:03:14.439+0000] {python.py:237} INFO - Done. Returned value was: None
[2026-06-20T18:03:14.440+0000] {taskinstance.py:441} INFO - ::group::Post task execution logs
[2026-06-20T18:03:14.457+0000] {taskinstance.py:1206} INFO - Marking task as SUCCESS. dag_id=era5_download_pipeline, task_id=era5_instant, run_id=scheduled__2026-06-20T17:00:00+00:00, execution_date=20260620T170000, start_date=20260620T180001, end_date=20260620T180314
[2026-06-20T18:03:14.548+0000] {local_task_job_runner.py:240} INFO - Task exited with return code 0
[2026-06-20T18:03:14.577+0000] {taskinstance.py:3498} INFO - 1 downstream tasks scheduled from follow-on schedule check
[2026-06-20T18:03:14.581+0000] {local_task_job_runner.py:222} INFO - ::endgroup::
