[2026-06-18T15:02:12.205+0000] {local_task_job_runner.py:120} INFO - ::group::Pre task execution logs
[2026-06-18T15:02:12.233+0000] {taskinstance.py:2076} INFO - Dependencies all met for dep_context=non-requeueable deps ti=<TaskInstance: era5_download_pipeline.era5_accum scheduled__2026-06-18T14:00:00+00:00 [queued]>
[2026-06-18T15:02:12.253+0000] {taskinstance.py:2076} INFO - Dependencies all met for dep_context=requeueable deps ti=<TaskInstance: era5_download_pipeline.era5_accum scheduled__2026-06-18T14:00:00+00:00 [queued]>
[2026-06-18T15:02:12.255+0000] {taskinstance.py:2306} INFO - Starting attempt 1 of 1
[2026-06-18T15:02:12.271+0000] {taskinstance.py:2330} INFO - Executing <Task(PythonOperator): era5_accum> on 2026-06-18 14:00:00+00:00
[2026-06-18T15:02:12.282+0000] {warnings.py:110} WARNING - /home/***/.local/lib/python3.12/site-packages/***/task/task_runner/standard_task_runner.py:61: DeprecationWarning: This process (pid=135536) is multi-threaded, use of fork() may lead to deadlocks in the child.
  pid = os.fork()

[2026-06-18T15:02:12.285+0000] {standard_task_runner.py:63} INFO - Started process 135538 to run task
[2026-06-18T15:02:12.285+0000] {standard_task_runner.py:90} INFO - Running: ['***', 'tasks', 'run', 'era5_download_pipeline', 'era5_accum', 'scheduled__2026-06-18T14:00:00+00:00', '--job-id', '1853', '--raw', '--subdir', 'DAGS_FOLDER/era5_dag.py', '--cfg-path', '/tmp/tmp1tgnrhoq']
[2026-06-18T15:02:12.288+0000] {standard_task_runner.py:91} INFO - Job 1853: Subtask era5_accum
[2026-06-18T15:02:12.368+0000] {task_command.py:426} INFO - Running <TaskInstance: era5_download_pipeline.era5_accum scheduled__2026-06-18T14:00:00+00:00 [running]> on host 01cd476fb21a
[2026-06-18T15:02:12.494+0000] {taskinstance.py:2648} INFO - Exporting env vars: AIRFLOW_CTX_DAG_OWNER='era5' AIRFLOW_CTX_DAG_ID='era5_download_pipeline' AIRFLOW_CTX_TASK_ID='era5_accum' AIRFLOW_CTX_EXECUTION_DATE='2026-06-18T14:00:00+00:00' AIRFLOW_CTX_TRY_NUMBER='1' AIRFLOW_CTX_DAG_RUN_ID='scheduled__2026-06-18T14:00:00+00:00'
[2026-06-18T15:02:12.497+0000] {taskinstance.py:430} INFO - ::endgroup::
[2026-06-18T15:02:13.558+0000] {logging_mixin.py:188} WARNING - 2026-06-18 15:02:13 [INFO] === START job=accum date=2026-06-18 ===
[2026-06-18T15:02:13.557+0000] {era5_functions.py:368} INFO - === START job=accum date=2026-06-18 ===
[2026-06-18T15:02:13.561+0000] {logging_mixin.py:188} WARNING - 2026-06-18 15:02:13 [INFO] --- job=accum date=20260618 ---
[2026-06-18T15:02:13.561+0000] {era5_functions.py:330} INFO - --- job=accum date=20260618 ---
[2026-06-18T15:02:14.141+0000] {logging_mixin.py:188} WARNING - 2026-06-18 15:02:14 [WARNING] get_cds_count failed: 400 Client Error: Bad Request for url: https://cds.climate.copernicus.eu/api/retrieve/v1/processes/reanalysis-era5-single-levels/execution
invalid request
None of the data you have requested is available yet, please revise the period requested. The latest date available for this dataset is: 2026-06-13 15:00
[2026-06-18T15:02:14.141+0000] {era5_functions.py:131} WARNING - get_cds_count failed: 400 Client Error: Bad Request for url: https://cds.climate.copernicus.eu/api/retrieve/v1/processes/reanalysis-era5-single-levels/execution
invalid request
None of the data you have requested is available yet, please revise the period requested. The latest date available for this dataset is: 2026-06-13 15:00
[2026-06-18T15:02:14.143+0000] {logging_mixin.py:188} WARNING - 2026-06-18 15:02:14 [WARNING] CDS ยังไม่มีข้อมูล job=accum date=20260618, skip
[2026-06-18T15:02:14.143+0000] {era5_functions.py:335} WARNING - CDS ยังไม่มีข้อมูล job=accum date=20260618, skip
[2026-06-18T15:02:14.146+0000] {logging_mixin.py:188} WARNING - 2026-06-18 15:02:14 [INFO] --- job=accum date=20260617 ---
[2026-06-18T15:02:14.146+0000] {era5_functions.py:330} INFO - --- job=accum date=20260617 ---
[2026-06-18T15:02:14.900+0000] {logging_mixin.py:188} WARNING - 2026-06-18 15:02:14 [WARNING] get_cds_count failed: 400 Client Error: Bad Request for url: https://cds.climate.copernicus.eu/api/retrieve/v1/processes/reanalysis-era5-single-levels/execution
invalid request
None of the data you have requested is available yet, please revise the period requested. The latest date available for this dataset is: 2026-06-13 15:00
[2026-06-18T15:02:14.900+0000] {era5_functions.py:131} WARNING - get_cds_count failed: 400 Client Error: Bad Request for url: https://cds.climate.copernicus.eu/api/retrieve/v1/processes/reanalysis-era5-single-levels/execution
invalid request
None of the data you have requested is available yet, please revise the period requested. The latest date available for this dataset is: 2026-06-13 15:00
[2026-06-18T15:02:14.905+0000] {logging_mixin.py:188} WARNING - 2026-06-18 15:02:14 [WARNING] CDS ยังไม่มีข้อมูล job=accum date=20260617, skip
[2026-06-18T15:02:14.904+0000] {era5_functions.py:335} WARNING - CDS ยังไม่มีข้อมูล job=accum date=20260617, skip
[2026-06-18T15:02:14.908+0000] {logging_mixin.py:188} WARNING - 2026-06-18 15:02:14 [INFO] --- job=accum date=20260616 ---
[2026-06-18T15:02:14.907+0000] {era5_functions.py:330} INFO - --- job=accum date=20260616 ---
[2026-06-18T15:02:15.490+0000] {logging_mixin.py:188} WARNING - 2026-06-18 15:02:15 [WARNING] get_cds_count failed: 400 Client Error: Bad Request for url: https://cds.climate.copernicus.eu/api/retrieve/v1/processes/reanalysis-era5-single-levels/execution
invalid request
None of the data you have requested is available yet, please revise the period requested. The latest date available for this dataset is: 2026-06-13 15:00
[2026-06-18T15:02:15.490+0000] {era5_functions.py:131} WARNING - get_cds_count failed: 400 Client Error: Bad Request for url: https://cds.climate.copernicus.eu/api/retrieve/v1/processes/reanalysis-era5-single-levels/execution
invalid request
None of the data you have requested is available yet, please revise the period requested. The latest date available for this dataset is: 2026-06-13 15:00
[2026-06-18T15:02:15.494+0000] {logging_mixin.py:188} WARNING - 2026-06-18 15:02:15 [WARNING] CDS ยังไม่มีข้อมูล job=accum date=20260616, skip
[2026-06-18T15:02:15.494+0000] {era5_functions.py:335} WARNING - CDS ยังไม่มีข้อมูล job=accum date=20260616, skip
[2026-06-18T15:02:15.496+0000] {logging_mixin.py:188} WARNING - 2026-06-18 15:02:15 [INFO] --- job=accum date=20260615 ---
[2026-06-18T15:02:15.496+0000] {era5_functions.py:330} INFO - --- job=accum date=20260615 ---
[2026-06-18T15:02:16.089+0000] {logging_mixin.py:188} WARNING - 2026-06-18 15:02:16 [WARNING] get_cds_count failed: 400 Client Error: Bad Request for url: https://cds.climate.copernicus.eu/api/retrieve/v1/processes/reanalysis-era5-single-levels/execution
invalid request
None of the data you have requested is available yet, please revise the period requested. The latest date available for this dataset is: 2026-06-13 15:00
[2026-06-18T15:02:16.089+0000] {era5_functions.py:131} WARNING - get_cds_count failed: 400 Client Error: Bad Request for url: https://cds.climate.copernicus.eu/api/retrieve/v1/processes/reanalysis-era5-single-levels/execution
invalid request
None of the data you have requested is available yet, please revise the period requested. The latest date available for this dataset is: 2026-06-13 15:00
[2026-06-18T15:02:16.095+0000] {logging_mixin.py:188} WARNING - 2026-06-18 15:02:16 [WARNING] CDS ยังไม่มีข้อมูล job=accum date=20260615, skip
[2026-06-18T15:02:16.095+0000] {era5_functions.py:335} WARNING - CDS ยังไม่มีข้อมูล job=accum date=20260615, skip
[2026-06-18T15:02:16.100+0000] {logging_mixin.py:188} WARNING - 2026-06-18 15:02:16 [INFO] --- job=accum date=20260614 ---
[2026-06-18T15:02:16.100+0000] {era5_functions.py:330} INFO - --- job=accum date=20260614 ---
[2026-06-18T15:02:17.001+0000] {logging_mixin.py:188} WARNING - 2026-06-18 15:02:17 [WARNING] get_cds_count failed: 400 Client Error: Bad Request for url: https://cds.climate.copernicus.eu/api/retrieve/v1/processes/reanalysis-era5-single-levels/execution
invalid request
None of the data you have requested is available yet, please revise the period requested. The latest date available for this dataset is: 2026-06-13 15:00
[2026-06-18T15:02:17.001+0000] {era5_functions.py:131} WARNING - get_cds_count failed: 400 Client Error: Bad Request for url: https://cds.climate.copernicus.eu/api/retrieve/v1/processes/reanalysis-era5-single-levels/execution
invalid request
None of the data you have requested is available yet, please revise the period requested. The latest date available for this dataset is: 2026-06-13 15:00
[2026-06-18T15:02:17.006+0000] {logging_mixin.py:188} WARNING - 2026-06-18 15:02:17 [WARNING] CDS ยังไม่มีข้อมูล job=accum date=20260614, skip
[2026-06-18T15:02:17.006+0000] {era5_functions.py:335} WARNING - CDS ยังไม่มีข้อมูล job=accum date=20260614, skip
[2026-06-18T15:02:17.010+0000] {logging_mixin.py:188} WARNING - 2026-06-18 15:02:17 [INFO] --- job=accum date=20260613 ---
[2026-06-18T15:02:17.009+0000] {era5_functions.py:330} INFO - --- job=accum date=20260613 ---
[2026-06-18T15:02:17.727+0000] {logging_mixin.py:188} WARNING - 2026-06-18 15:02:17,727 INFO [2025-12-11T00:00:00] Please note that a dedicated catalogue entry for this dataset, post-processed and stored in Analysis Ready Cloud Optimized (ARCO) format (Zarr), is available for optimised time-series retrievals (i.e. for retrieving data from selected variables for a single point over an extended period of time in an efficient way). You can discover it [here](https://cds.climate.copernicus.eu/datasets/reanalysis-era5-single-levels-timeseries?tab=overview)
[2026-06-18T15:02:17.727+0000] {legacy_client.py:192} INFO - [2025-12-11T00:00:00] Please note that a dedicated catalogue entry for this dataset, post-processed and stored in Analysis Ready Cloud Optimized (ARCO) format (Zarr), is available for optimised time-series retrievals (i.e. for retrieving data from selected variables for a single point over an extended period of time in an efficient way). You can discover it [here](https://cds.climate.copernicus.eu/datasets/reanalysis-era5-single-levels-timeseries?tab=overview)
[2026-06-18T15:02:17.733+0000] {logging_mixin.py:188} WARNING - 2026-06-18 15:02:17,732 INFO Request ID is e7fc0963-e231-4ba1-ae4c-559d073f3f5c
[2026-06-18T15:02:17.732+0000] {legacy_client.py:192} INFO - Request ID is e7fc0963-e231-4ba1-ae4c-559d073f3f5c
[2026-06-18T15:02:17.943+0000] {logging_mixin.py:188} WARNING - 2026-06-18 15:02:17,942 INFO status has been updated to accepted
[2026-06-18T15:02:17.942+0000] {legacy_client.py:192} INFO - status has been updated to accepted
[2026-06-18T15:04:14.755+0000] {logging_mixin.py:188} WARNING - 2026-06-18 15:04:14,754 INFO status has been updated to successful
[2026-06-18T15:04:14.754+0000] {legacy_client.py:192} INFO - status has been updated to successful
[2026-06-18T15:04:16.206+0000] {base.py:119} INFO - Downloading https://object-store.os-api.cci2.ecmwf.int:443/cci2-prod-cache-1/2026-06-18/940c9adfa3dcb9619cfd89c83339ae83.nc
[2026-06-18T15:04:17.214+0000] {logging_mixin.py:188} WARNING - 940c9adfa3dcb9619cfd89c83339ae83.nc:   0%|          | 0.00/223k [00:00<?, ?B/s]
[2026-06-18T15:04:18.918+0000] {logging_mixin.py:188} WARNING - 940c9adfa3dcb9619cfd89c83339ae83.nc: 100%|##########| 223k/223k [00:01<00:00, 134kB/s]
[2026-06-18T15:04:18.925+0000] {logging_mixin.py:188} WARNING -                                                                                       
[2026-06-18T15:04:19.216+0000] {logging_mixin.py:188} WARNING - 2026-06-18 15:04:19 [INFO] CDS timestep available: 16
[2026-06-18T15:04:19.216+0000] {era5_functions.py:128} INFO - CDS timestep available: 16
[2026-06-18T15:04:19.276+0000] {logging_mixin.py:188} WARNING - 2026-06-18 15:04:19 [INFO] local timestep: 15 — /opt/***/era5/ecmwf/data/nc/_raw/2026/06/13/accum_20260613.nc
[2026-06-18T15:04:19.276+0000] {era5_functions.py:152} INFO - local timestep: 15 — /opt/***/era5/ecmwf/data/nc/_raw/2026/06/13/accum_20260613.nc
[2026-06-18T15:04:19.284+0000] {logging_mixin.py:188} WARNING - 2026-06-18 15:04:19 [INFO] nc outdated (local=15 < cds=16), removing: /opt/***/era5/ecmwf/data/nc/_raw/2026/06/13/accum_20260613.nc
[2026-06-18T15:04:19.284+0000] {era5_functions.py:193} INFO - nc outdated (local=15 < cds=16), removing: /opt/***/era5/ecmwf/data/nc/_raw/2026/06/13/accum_20260613.nc
[2026-06-18T15:04:19.304+0000] {logging_mixin.py:188} WARNING - 2026-06-18 15:04:19 [INFO] download attempt 1/3: /opt/***/era5/ecmwf/data/nc/_raw/2026/06/13/accum_20260613.nc
[2026-06-18T15:04:19.304+0000] {era5_functions.py:200} INFO - download attempt 1/3: /opt/***/era5/ecmwf/data/nc/_raw/2026/06/13/accum_20260613.nc
[2026-06-18T15:04:20.045+0000] {logging_mixin.py:188} WARNING - 2026-06-18 15:04:20,044 INFO [2025-12-11T00:00:00] Please note that a dedicated catalogue entry for this dataset, post-processed and stored in Analysis Ready Cloud Optimized (ARCO) format (Zarr), is available for optimised time-series retrievals (i.e. for retrieving data from selected variables for a single point over an extended period of time in an efficient way). You can discover it [here](https://cds.climate.copernicus.eu/datasets/reanalysis-era5-single-levels-timeseries?tab=overview)
[2026-06-18T15:04:20.044+0000] {legacy_client.py:192} INFO - [2025-12-11T00:00:00] Please note that a dedicated catalogue entry for this dataset, post-processed and stored in Analysis Ready Cloud Optimized (ARCO) format (Zarr), is available for optimised time-series retrievals (i.e. for retrieving data from selected variables for a single point over an extended period of time in an efficient way). You can discover it [here](https://cds.climate.copernicus.eu/datasets/reanalysis-era5-single-levels-timeseries?tab=overview)
[2026-06-18T15:04:20.048+0000] {logging_mixin.py:188} WARNING - 2026-06-18 15:04:20,048 INFO Request ID is 400c270c-f96c-4e1a-98d8-6dd9d1d041ac
[2026-06-18T15:04:20.048+0000] {legacy_client.py:192} INFO - Request ID is 400c270c-f96c-4e1a-98d8-6dd9d1d041ac
[2026-06-18T15:04:20.964+0000] {logging_mixin.py:188} WARNING - 2026-06-18 15:04:20,963 INFO status has been updated to accepted
[2026-06-18T15:04:20.963+0000] {legacy_client.py:192} INFO - status has been updated to accepted
[2026-06-18T15:04:54.624+0000] {logging_mixin.py:188} WARNING - 2026-06-18 15:04:54,623 INFO status has been updated to successful
[2026-06-18T15:04:54.623+0000] {legacy_client.py:192} INFO - status has been updated to successful
[2026-06-18T15:04:55.098+0000] {base.py:119} INFO - Downloading https://object-store.os-api.cci2.ecmwf.int:443/cci2-prod-cache-3/2026-06-18/973dc2f7f40aa1c989f487316bbf6937.nc
[2026-06-18T15:04:56.071+0000] {logging_mixin.py:188} WARNING - 973dc2f7f40aa1c989f487316bbf6937.nc:   0%|          | 0.00/223k [00:00<?, ?B/s]
[2026-06-18T15:04:57.857+0000] {logging_mixin.py:188} WARNING - 973dc2f7f40aa1c989f487316bbf6937.nc: 100%|##########| 223k/223k [00:01<00:00, 128kB/s]
[2026-06-18T15:04:57.881+0000] {logging_mixin.py:188} WARNING -                                                                                       
[2026-06-18T15:04:57.994+0000] {logging_mixin.py:188} WARNING - 2026-06-18 15:04:57 [INFO] nc downloaded ok: /opt/***/era5/ecmwf/data/nc/_raw/2026/06/13/accum_20260613.nc
[2026-06-18T15:04:57.993+0000] {era5_functions.py:204} INFO - nc downloaded ok: /opt/***/era5/ecmwf/data/nc/_raw/2026/06/13/accum_20260613.nc
[2026-06-18T15:04:58.049+0000] {logging_mixin.py:188} WARNING - 2026-06-18 15:04:58 [INFO] local timestep: 16 — /opt/***/era5/ecmwf/data/nc/_raw/2026/06/13/accum_20260613.nc
[2026-06-18T15:04:58.049+0000] {era5_functions.py:152} INFO - local timestep: 16 — /opt/***/era5/ecmwf/data/nc/_raw/2026/06/13/accum_20260613.nc
[2026-06-18T15:04:58.124+0000] {logging_mixin.py:188} WARNING - 2026-06-18 15:04:58 [INFO] tif outdated (tif=15 < nc=16), removing: /opt/***/era5/ecmwf/data/tif/2026/06/13/tp_20260613.tif
[2026-06-18T15:04:58.124+0000] {era5_functions.py:261} INFO - tif outdated (tif=15 < nc=16), removing: /opt/***/era5/ecmwf/data/tif/2026/06/13/tp_20260613.tif
[2026-06-18T15:04:58.227+0000] {logging_mixin.py:188} WARNING - 2026-06-18 15:04:58 [INFO] tif ok (bands=16): /opt/***/era5/ecmwf/data/tif/2026/06/13/tp_20260613.tif
[2026-06-18T15:04:58.227+0000] {era5_functions.py:304} INFO - tif ok (bands=16): /opt/***/era5/ecmwf/data/tif/2026/06/13/tp_20260613.tif
[2026-06-18T15:04:58.233+0000] {logging_mixin.py:188} WARNING - 2026-06-18 15:04:58 [INFO] === END job=accum date=2026-06-18 ===
[2026-06-18T15:04:58.233+0000] {era5_functions.py:379} INFO - === END job=accum date=2026-06-18 ===
[2026-06-18T15:04:58.235+0000] {python.py:237} INFO - Done. Returned value was: None
[2026-06-18T15:04:58.236+0000] {taskinstance.py:441} INFO - ::group::Post task execution logs
[2026-06-18T15:04:58.251+0000] {taskinstance.py:1206} INFO - Marking task as SUCCESS. dag_id=era5_download_pipeline, task_id=era5_accum, run_id=scheduled__2026-06-18T14:00:00+00:00, execution_date=20260618T140000, start_date=20260618T150212, end_date=20260618T150458
[2026-06-18T15:04:58.342+0000] {local_task_job_runner.py:240} INFO - Task exited with return code 0
[2026-06-18T15:04:58.361+0000] {taskinstance.py:3498} INFO - 0 downstream tasks scheduled from follow-on schedule check
[2026-06-18T15:04:58.364+0000] {local_task_job_runner.py:222} INFO - ::endgroup::
