[2026-07-23T00:00:01.874+0000] {local_task_job_runner.py:120} INFO - ::group::Pre task execution logs
[2026-07-23T00:00:01.904+0000] {taskinstance.py:2076} INFO - Dependencies all met for dep_context=non-requeueable deps ti=<TaskInstance: era5_download_pipeline.era5_instant scheduled__2026-07-22T23:00:00+00:00 [queued]>
[2026-07-23T00:00:01.918+0000] {taskinstance.py:2076} INFO - Dependencies all met for dep_context=requeueable deps ti=<TaskInstance: era5_download_pipeline.era5_instant scheduled__2026-07-22T23:00:00+00:00 [queued]>
[2026-07-23T00:00:01.919+0000] {taskinstance.py:2306} INFO - Starting attempt 1 of 1
[2026-07-23T00:00:01.937+0000] {taskinstance.py:2330} INFO - Executing <Task(PythonOperator): era5_instant> on 2026-07-22 23:00:00+00:00
[2026-07-23T00:00:01.949+0000] {warnings.py:110} WARNING - /home/***/.local/lib/python3.12/site-packages/***/task/task_runner/standard_task_runner.py:61: DeprecationWarning: This process (pid=48610) is multi-threaded, use of fork() may lead to deadlocks in the child.
  pid = os.fork()

[2026-07-23T00:00:01.952+0000] {standard_task_runner.py:63} INFO - Started process 48619 to run task
[2026-07-23T00:00:01.951+0000] {standard_task_runner.py:90} INFO - Running: ['***', 'tasks', 'run', 'era5_download_pipeline', 'era5_instant', 'scheduled__2026-07-22T23:00:00+00:00', '--job-id', '2569', '--raw', '--subdir', 'DAGS_FOLDER/era5_dag.py', '--cfg-path', '/tmp/tmp3qwcthw9']
[2026-07-23T00:00:01.955+0000] {standard_task_runner.py:91} INFO - Job 2569: Subtask era5_instant
[2026-07-23T00:00:02.026+0000] {task_command.py:426} INFO - Running <TaskInstance: era5_download_pipeline.era5_instant scheduled__2026-07-22T23:00:00+00:00 [running]> on host e2e0d31e4327
[2026-07-23T00:00:02.166+0000] {taskinstance.py:2648} INFO - Exporting env vars: AIRFLOW_CTX_DAG_OWNER='era5' AIRFLOW_CTX_DAG_ID='era5_download_pipeline' AIRFLOW_CTX_TASK_ID='era5_instant' AIRFLOW_CTX_EXECUTION_DATE='2026-07-22T23:00:00+00:00' AIRFLOW_CTX_TRY_NUMBER='1' AIRFLOW_CTX_DAG_RUN_ID='scheduled__2026-07-22T23:00:00+00:00'
[2026-07-23T00:00:02.169+0000] {taskinstance.py:430} INFO - ::endgroup::
[2026-07-23T00:00:03.333+0000] {logging_mixin.py:188} WARNING - 2026-07-23 00:00:03 [INFO] === START ERA5 SYNC job=instant ===
[2026-07-23T00:00:03.332+0000] {era5_functions.py:307} INFO - === START ERA5 SYNC job=instant ===
[2026-07-23T00:00:03.336+0000] {logging_mixin.py:188} WARNING - 2026-07-23 00:00:03 [INFO] --- SYNC instant 20260723 ---
[2026-07-23T00:00:03.335+0000] {era5_functions.py:124} INFO - --- SYNC instant 20260723 ---
[2026-07-23T00:00:03.338+0000] {logging_mixin.py:188} WARNING - 2026-07-23 00:00:03 [INFO] CDS download 2026-07-23 attempt 1/3
[2026-07-23T00:00:03.338+0000] {era5_functions.py:78} INFO - CDS download 2026-07-23 attempt 1/3
[2026-07-23T00:00:05.422+0000] {logging_mixin.py:188} WARNING - 2026-07-23 00:00:05 [INFO] CDS data not available yet: 2026-07-23
[2026-07-23T00:00:05.421+0000] {era5_functions.py:98} INFO - CDS data not available yet: 2026-07-23
[2026-07-23T00:00:05.427+0000] {logging_mixin.py:188} WARNING - 2026-07-23 00:00:05 [INFO] --- SYNC instant 20260722 ---
[2026-07-23T00:00:05.427+0000] {era5_functions.py:124} INFO - --- SYNC instant 20260722 ---
[2026-07-23T00:00:05.431+0000] {logging_mixin.py:188} WARNING - 2026-07-23 00:00:05 [INFO] CDS download 2026-07-22 attempt 1/3
[2026-07-23T00:00:05.431+0000] {era5_functions.py:78} INFO - CDS download 2026-07-22 attempt 1/3
[2026-07-23T00:00:06.238+0000] {logging_mixin.py:188} WARNING - 2026-07-23 00:00:06 [INFO] CDS data not available yet: 2026-07-22
[2026-07-23T00:00:06.237+0000] {era5_functions.py:98} INFO - CDS data not available yet: 2026-07-22
[2026-07-23T00:00:06.243+0000] {logging_mixin.py:188} WARNING - 2026-07-23 00:00:06 [INFO] --- SYNC instant 20260721 ---
[2026-07-23T00:00:06.243+0000] {era5_functions.py:124} INFO - --- SYNC instant 20260721 ---
[2026-07-23T00:00:06.247+0000] {logging_mixin.py:188} WARNING - 2026-07-23 00:00:06 [INFO] CDS download 2026-07-21 attempt 1/3
[2026-07-23T00:00:06.247+0000] {era5_functions.py:78} INFO - CDS download 2026-07-21 attempt 1/3
[2026-07-23T00:00:08.357+0000] {logging_mixin.py:188} WARNING - 2026-07-23 00:00:08 [INFO] CDS data not available yet: 2026-07-21
[2026-07-23T00:00:08.357+0000] {era5_functions.py:98} INFO - CDS data not available yet: 2026-07-21
[2026-07-23T00:00:08.360+0000] {logging_mixin.py:188} WARNING - 2026-07-23 00:00:08 [INFO] --- SYNC instant 20260720 ---
[2026-07-23T00:00:08.360+0000] {era5_functions.py:124} INFO - --- SYNC instant 20260720 ---
[2026-07-23T00:00:08.363+0000] {logging_mixin.py:188} WARNING - 2026-07-23 00:00:08 [INFO] CDS download 2026-07-20 attempt 1/3
[2026-07-23T00:00:08.363+0000] {era5_functions.py:78} INFO - CDS download 2026-07-20 attempt 1/3
[2026-07-23T00:00:09.363+0000] {logging_mixin.py:188} WARNING - 2026-07-23 00:00:09 [INFO] CDS data not available yet: 2026-07-20
[2026-07-23T00:00:09.362+0000] {era5_functions.py:98} INFO - CDS data not available yet: 2026-07-20
[2026-07-23T00:00:09.366+0000] {logging_mixin.py:188} WARNING - 2026-07-23 00:00:09 [INFO] --- SYNC instant 20260719 ---
[2026-07-23T00:00:09.366+0000] {era5_functions.py:124} INFO - --- SYNC instant 20260719 ---
[2026-07-23T00:00:09.370+0000] {logging_mixin.py:188} WARNING - 2026-07-23 00:00:09 [INFO] CDS download 2026-07-19 attempt 1/3
[2026-07-23T00:00:09.369+0000] {era5_functions.py:78} INFO - CDS download 2026-07-19 attempt 1/3
[2026-07-23T00:00:14.633+0000] {logging_mixin.py:188} WARNING - 2026-07-23 00:00:14 [INFO] CDS data not available yet: 2026-07-19
[2026-07-23T00:00:14.633+0000] {era5_functions.py:98} INFO - CDS data not available yet: 2026-07-19
[2026-07-23T00:00:14.638+0000] {logging_mixin.py:188} WARNING - 2026-07-23 00:00:14 [INFO] --- SYNC instant 20260718 ---
[2026-07-23T00:00:14.638+0000] {era5_functions.py:124} INFO - --- SYNC instant 20260718 ---
[2026-07-23T00:00:14.642+0000] {logging_mixin.py:188} WARNING - 2026-07-23 00:00:14 [INFO] CDS download 2026-07-18 attempt 1/3
[2026-07-23T00:00:14.641+0000] {era5_functions.py:78} INFO - CDS download 2026-07-18 attempt 1/3
[2026-07-23T00:00:15.649+0000] {logging_mixin.py:188} WARNING - 2026-07-23 00:00:15,648 INFO Request ID is f53c0c47-abe5-451d-93b0-28948613a96c
[2026-07-23T00:00:15.648+0000] {legacy_client.py:192} INFO - Request ID is f53c0c47-abe5-451d-93b0-28948613a96c
[2026-07-23T00:00:16.092+0000] {logging_mixin.py:188} WARNING - 2026-07-23 00:00:16,092 INFO status has been updated to accepted
[2026-07-23T00:00:16.092+0000] {legacy_client.py:192} INFO - status has been updated to accepted
[2026-07-23T00:01:08.475+0000] {logging_mixin.py:188} WARNING - 2026-07-23 00:01:08,474 INFO status has been updated to running
[2026-07-23T00:01:08.474+0000] {legacy_client.py:192} INFO - status has been updated to running
[2026-07-23T00:01:34.351+0000] {logging_mixin.py:188} WARNING - 2026-07-23 00:01:34,351 INFO status has been updated to successful
[2026-07-23T00:01:34.351+0000] {legacy_client.py:192} INFO - status has been updated to successful
[2026-07-23T00:01:36.268+0000] {base.py:119} INFO - Downloading https://object-store.os-api.cci2.ecmwf.int:443/cci2-prod-cache-3/2026-07-23/f0b5926df0757e5efdd359e86bff3d9c.nc
[2026-07-23T00:01:37.428+0000] {logging_mixin.py:188} WARNING - f0b5926df0757e5efdd359e86bff3d9c.nc:   0%|          | 0.00/185k [00:00<?, ?B/s]
[2026-07-23T00:01:39.210+0000] {logging_mixin.py:188} WARNING - f0b5926df0757e5efdd359e86bff3d9c.nc: 100%|##########| 185k/185k [00:01<00:00, 107kB/s]
[2026-07-23T00:01:39.213+0000] {logging_mixin.py:188} WARNING -                                                                                       
[2026-07-23T00:01:39.519+0000] {logging_mixin.py:188} WARNING - 2026-07-23 00:01:39 [INFO] CDS available: 2026-07-18 | 1 timestep(s)
[2026-07-23T00:01:39.519+0000] {era5_functions.py:87} INFO - CDS available: 2026-07-18 | 1 timestep(s)
[2026-07-23T00:01:39.527+0000] {logging_mixin.py:188} WARNING - 2026-07-23 00:01:39 [INFO] New timestep: 1
[2026-07-23T00:01:39.526+0000] {era5_functions.py:161} INFO - New timestep: 1
[2026-07-23T00:01:39.768+0000] {logging_mixin.py:188} WARNING - 2026-07-23 00:01:39 [INFO] NC updated: /opt/***/era5/ecmwf/data/nc/_raw/2026/07/18/instant_20260718.nc | 1 timestep(s)
[2026-07-23T00:01:39.768+0000] {era5_functions.py:188} INFO - NC updated: /opt/***/era5/ecmwf/data/nc/_raw/2026/07/18/instant_20260718.nc | 1 timestep(s)
[2026-07-23T00:01:39.887+0000] {logging_mixin.py:188} WARNING - 2026-07-23 00:01:39 [INFO] TIF updated: t2m | bands=1
[2026-07-23T00:01:39.886+0000] {era5_functions.py:271} INFO - TIF updated: t2m | bands=1
[2026-07-23T00:01:39.940+0000] {logging_mixin.py:188} WARNING - 2026-07-23 00:01:39 [INFO] TIF updated: d2m | bands=1
[2026-07-23T00:01:39.940+0000] {era5_functions.py:271} INFO - TIF updated: d2m | bands=1
[2026-07-23T00:01:39.992+0000] {logging_mixin.py:188} WARNING - 2026-07-23 00:01:39 [INFO] TIF updated: sp | bands=1
[2026-07-23T00:01:39.992+0000] {era5_functions.py:271} INFO - TIF updated: sp | bands=1
[2026-07-23T00:01:40.048+0000] {logging_mixin.py:188} WARNING - 2026-07-23 00:01:40 [INFO] TIF updated: blh | bands=1
[2026-07-23T00:01:40.048+0000] {era5_functions.py:271} INFO - TIF updated: blh | bands=1
[2026-07-23T00:01:40.104+0000] {logging_mixin.py:188} WARNING - 2026-07-23 00:01:40 [INFO] TIF updated: u10 | bands=1
[2026-07-23T00:01:40.104+0000] {era5_functions.py:271} INFO - TIF updated: u10 | bands=1
[2026-07-23T00:01:40.157+0000] {logging_mixin.py:188} WARNING - 2026-07-23 00:01:40 [INFO] TIF updated: v10 | bands=1
[2026-07-23T00:01:40.157+0000] {era5_functions.py:271} INFO - TIF updated: v10 | bands=1
[2026-07-23T00:01:40.162+0000] {logging_mixin.py:188} WARNING - 2026-07-23 00:01:40 [INFO] === END ERA5 SYNC job=instant ===
[2026-07-23T00:01:40.162+0000] {era5_functions.py:313} INFO - === END ERA5 SYNC job=instant ===
[2026-07-23T00:01:40.164+0000] {python.py:237} INFO - Done. Returned value was: None
[2026-07-23T00:01:40.165+0000] {taskinstance.py:441} INFO - ::group::Post task execution logs
[2026-07-23T00:01:40.181+0000] {taskinstance.py:1206} INFO - Marking task as SUCCESS. dag_id=era5_download_pipeline, task_id=era5_instant, run_id=scheduled__2026-07-22T23:00:00+00:00, execution_date=20260722T230000, start_date=20260723T000001, end_date=20260723T000140
[2026-07-23T00:01:40.247+0000] {local_task_job_runner.py:240} INFO - Task exited with return code 0
[2026-07-23T00:01:40.273+0000] {taskinstance.py:3498} INFO - 1 downstream tasks scheduled from follow-on schedule check
[2026-07-23T00:01:40.277+0000] {local_task_job_runner.py:222} INFO - ::endgroup::
