[2026-06-03T21:00:01.524+0000] {local_task_job_runner.py:120} INFO - ::group::Pre task execution logs
[2026-06-03T21:00:01.550+0000] {taskinstance.py:2076} INFO - Dependencies all met for dep_context=non-requeueable deps ti=<TaskInstance: era5_download_pipeline.era5_instant scheduled__2026-06-03T20:00:00+00:00 [queued]>
[2026-06-03T21:00:01.559+0000] {taskinstance.py:2076} INFO - Dependencies all met for dep_context=requeueable deps ti=<TaskInstance: era5_download_pipeline.era5_instant scheduled__2026-06-03T20:00:00+00:00 [queued]>
[2026-06-03T21:00:01.560+0000] {taskinstance.py:2306} INFO - Starting attempt 1 of 1
[2026-06-03T21:00:01.576+0000] {taskinstance.py:2330} INFO - Executing <Task(PythonOperator): era5_instant> on 2026-06-03 20:00:00+00:00
[2026-06-03T21:00:01.587+0000] {warnings.py:110} WARNING - /home/***/.local/lib/python3.12/site-packages/***/task/task_runner/standard_task_runner.py:61: DeprecationWarning: This process (pid=29672) is multi-threaded, use of fork() may lead to deadlocks in the child.
  pid = os.fork()

[2026-06-03T21:00:01.591+0000] {standard_task_runner.py:63} INFO - Started process 29676 to run task
[2026-06-03T21:00:01.590+0000] {standard_task_runner.py:90} INFO - Running: ['***', 'tasks', 'run', 'era5_download_pipeline', 'era5_instant', 'scheduled__2026-06-03T20:00:00+00:00', '--job-id', '863', '--raw', '--subdir', 'DAGS_FOLDER/era5_dag.py', '--cfg-path', '/tmp/tmpcp873jor']
[2026-06-03T21:00:01.594+0000] {standard_task_runner.py:91} INFO - Job 863: Subtask era5_instant
[2026-06-03T21:00:01.681+0000] {task_command.py:426} INFO - Running <TaskInstance: era5_download_pipeline.era5_instant scheduled__2026-06-03T20:00:00+00:00 [running]> on host 01cd476fb21a
[2026-06-03T21:00:01.814+0000] {taskinstance.py:2648} INFO - Exporting env vars: AIRFLOW_CTX_DAG_OWNER='era5' AIRFLOW_CTX_DAG_ID='era5_download_pipeline' AIRFLOW_CTX_TASK_ID='era5_instant' AIRFLOW_CTX_EXECUTION_DATE='2026-06-03T20:00:00+00:00' AIRFLOW_CTX_TRY_NUMBER='1' AIRFLOW_CTX_DAG_RUN_ID='scheduled__2026-06-03T20:00:00+00:00'
[2026-06-03T21:00:01.817+0000] {taskinstance.py:430} INFO - ::endgroup::
[2026-06-03T21:00:02.901+0000] {logging_mixin.py:188} WARNING - 2026-06-03 21:00:02 [INFO] === START job=instant date=2026-06-03 ===
[2026-06-03T21:00:02.901+0000] {era5_functions.py:368} INFO - === START job=instant date=2026-06-03 ===
[2026-06-03T21:00:02.905+0000] {logging_mixin.py:188} WARNING - 2026-06-03 21:00:02 [INFO] --- job=instant date=20260603 ---
[2026-06-03T21:00:02.905+0000] {era5_functions.py:330} INFO - --- job=instant date=20260603 ---
[2026-06-03T21:00:03.597+0000] {logging_mixin.py:188} WARNING - 2026-06-03 21:00:03 [WARNING] get_cds_count failed: 400 Client Error: Bad Request for url: https://cds.climate.copernicus.eu/api/retrieve/v1/processes/reanalysis-era5-single-levels/execution
invalid request
None of the data you have requested is available yet, please revise the period requested. The latest date available for this dataset is: 2026-05-29 21:00
[2026-06-03T21:00:03.597+0000] {era5_functions.py:131} WARNING - get_cds_count failed: 400 Client Error: Bad Request for url: https://cds.climate.copernicus.eu/api/retrieve/v1/processes/reanalysis-era5-single-levels/execution
invalid request
None of the data you have requested is available yet, please revise the period requested. The latest date available for this dataset is: 2026-05-29 21:00
[2026-06-03T21:00:03.602+0000] {logging_mixin.py:188} WARNING - 2026-06-03 21:00:03 [WARNING] CDS ยังไม่มีข้อมูล job=instant date=20260603, skip
[2026-06-03T21:00:03.601+0000] {era5_functions.py:335} WARNING - CDS ยังไม่มีข้อมูล job=instant date=20260603, skip
[2026-06-03T21:00:03.606+0000] {logging_mixin.py:188} WARNING - 2026-06-03 21:00:03 [INFO] --- job=instant date=20260602 ---
[2026-06-03T21:00:03.606+0000] {era5_functions.py:330} INFO - --- job=instant date=20260602 ---
[2026-06-03T21:00:04.621+0000] {logging_mixin.py:188} WARNING - 2026-06-03 21:00:04 [WARNING] get_cds_count failed: 400 Client Error: Bad Request for url: https://cds.climate.copernicus.eu/api/retrieve/v1/processes/reanalysis-era5-single-levels/execution
invalid request
None of the data you have requested is available yet, please revise the period requested. The latest date available for this dataset is: 2026-05-29 21:00
[2026-06-03T21:00:04.620+0000] {era5_functions.py:131} WARNING - get_cds_count failed: 400 Client Error: Bad Request for url: https://cds.climate.copernicus.eu/api/retrieve/v1/processes/reanalysis-era5-single-levels/execution
invalid request
None of the data you have requested is available yet, please revise the period requested. The latest date available for this dataset is: 2026-05-29 21:00
[2026-06-03T21:00:04.627+0000] {logging_mixin.py:188} WARNING - 2026-06-03 21:00:04 [WARNING] CDS ยังไม่มีข้อมูล job=instant date=20260602, skip
[2026-06-03T21:00:04.626+0000] {era5_functions.py:335} WARNING - CDS ยังไม่มีข้อมูล job=instant date=20260602, skip
[2026-06-03T21:00:04.631+0000] {logging_mixin.py:188} WARNING - 2026-06-03 21:00:04 [INFO] --- job=instant date=20260601 ---
[2026-06-03T21:00:04.631+0000] {era5_functions.py:330} INFO - --- job=instant date=20260601 ---
[2026-06-03T21:00:05.615+0000] {logging_mixin.py:188} WARNING - 2026-06-03 21:00:05 [WARNING] get_cds_count failed: 400 Client Error: Bad Request for url: https://cds.climate.copernicus.eu/api/retrieve/v1/processes/reanalysis-era5-single-levels/execution
invalid request
None of the data you have requested is available yet, please revise the period requested. The latest date available for this dataset is: 2026-05-29 21:00
[2026-06-03T21:00:05.615+0000] {era5_functions.py:131} WARNING - get_cds_count failed: 400 Client Error: Bad Request for url: https://cds.climate.copernicus.eu/api/retrieve/v1/processes/reanalysis-era5-single-levels/execution
invalid request
None of the data you have requested is available yet, please revise the period requested. The latest date available for this dataset is: 2026-05-29 21:00
[2026-06-03T21:00:05.619+0000] {logging_mixin.py:188} WARNING - 2026-06-03 21:00:05 [WARNING] CDS ยังไม่มีข้อมูล job=instant date=20260601, skip
[2026-06-03T21:00:05.619+0000] {era5_functions.py:335} WARNING - CDS ยังไม่มีข้อมูล job=instant date=20260601, skip
[2026-06-03T21:00:05.621+0000] {logging_mixin.py:188} WARNING - 2026-06-03 21:00:05 [INFO] --- job=instant date=20260531 ---
[2026-06-03T21:00:05.621+0000] {era5_functions.py:330} INFO - --- job=instant date=20260531 ---
[2026-06-03T21:00:08.113+0000] {logging_mixin.py:188} WARNING - 2026-06-03 21:00:08 [WARNING] get_cds_count failed: 400 Client Error: Bad Request for url: https://cds.climate.copernicus.eu/api/retrieve/v1/processes/reanalysis-era5-single-levels/execution
invalid request
None of the data you have requested is available yet, please revise the period requested. The latest date available for this dataset is: 2026-05-29 21:00
[2026-06-03T21:00:08.113+0000] {era5_functions.py:131} WARNING - get_cds_count failed: 400 Client Error: Bad Request for url: https://cds.climate.copernicus.eu/api/retrieve/v1/processes/reanalysis-era5-single-levels/execution
invalid request
None of the data you have requested is available yet, please revise the period requested. The latest date available for this dataset is: 2026-05-29 21:00
[2026-06-03T21:00:08.116+0000] {logging_mixin.py:188} WARNING - 2026-06-03 21:00:08 [WARNING] CDS ยังไม่มีข้อมูล job=instant date=20260531, skip
[2026-06-03T21:00:08.116+0000] {era5_functions.py:335} WARNING - CDS ยังไม่มีข้อมูล job=instant date=20260531, skip
[2026-06-03T21:00:08.118+0000] {logging_mixin.py:188} WARNING - 2026-06-03 21:00:08 [INFO] --- job=instant date=20260530 ---
[2026-06-03T21:00:08.118+0000] {era5_functions.py:330} INFO - --- job=instant date=20260530 ---
[2026-06-03T21:00:11.704+0000] {logging_mixin.py:188} WARNING - 2026-06-03 21:00:11 [WARNING] get_cds_count failed: 400 Client Error: Bad Request for url: https://cds.climate.copernicus.eu/api/retrieve/v1/processes/reanalysis-era5-single-levels/execution
invalid request
None of the data you have requested is available yet, please revise the period requested. The latest date available for this dataset is: 2026-05-29 21:00
[2026-06-03T21:00:11.704+0000] {era5_functions.py:131} WARNING - get_cds_count failed: 400 Client Error: Bad Request for url: https://cds.climate.copernicus.eu/api/retrieve/v1/processes/reanalysis-era5-single-levels/execution
invalid request
None of the data you have requested is available yet, please revise the period requested. The latest date available for this dataset is: 2026-05-29 21:00
[2026-06-03T21:00:11.708+0000] {logging_mixin.py:188} WARNING - 2026-06-03 21:00:11 [WARNING] CDS ยังไม่มีข้อมูล job=instant date=20260530, skip
[2026-06-03T21:00:11.708+0000] {era5_functions.py:335} WARNING - CDS ยังไม่มีข้อมูล job=instant date=20260530, skip
[2026-06-03T21:00:11.711+0000] {logging_mixin.py:188} WARNING - 2026-06-03 21:00:11 [INFO] --- job=instant date=20260529 ---
[2026-06-03T21:00:11.711+0000] {era5_functions.py:330} INFO - --- job=instant date=20260529 ---
[2026-06-03T21:00:16.524+0000] {logging_mixin.py:188} WARNING - 2026-06-03 21:00:16,523 INFO [2025-12-11T00:00:00] Please note that a dedicated catalogue entry for this dataset, post-processed and stored in Analysis Ready Cloud Optimized (ARCO) format (Zarr), is available for optimised time-series retrievals (i.e. for retrieving data from selected variables for a single point over an extended period of time in an efficient way). You can discover it [here](https://cds.climate.copernicus.eu/datasets/reanalysis-era5-single-levels-timeseries?tab=overview)
[2026-06-03T21:00:16.523+0000] {legacy_client.py:192} INFO - [2025-12-11T00:00:00] Please note that a dedicated catalogue entry for this dataset, post-processed and stored in Analysis Ready Cloud Optimized (ARCO) format (Zarr), is available for optimised time-series retrievals (i.e. for retrieving data from selected variables for a single point over an extended period of time in an efficient way). You can discover it [here](https://cds.climate.copernicus.eu/datasets/reanalysis-era5-single-levels-timeseries?tab=overview)
[2026-06-03T21:00:16.530+0000] {logging_mixin.py:188} WARNING - 2026-06-03 21:00:16,530 INFO Request ID is a94cbe71-48c9-4c55-8ac3-93f9bd36ab7f
[2026-06-03T21:00:16.530+0000] {legacy_client.py:192} INFO - Request ID is a94cbe71-48c9-4c55-8ac3-93f9bd36ab7f
[2026-06-03T21:00:16.742+0000] {logging_mixin.py:188} WARNING - 2026-06-03 21:00:16,742 INFO status has been updated to accepted
[2026-06-03T21:00:16.742+0000] {legacy_client.py:192} INFO - status has been updated to accepted
[2026-06-03T21:00:39.367+0000] {logging_mixin.py:188} WARNING - 2026-06-03 21:00:39,367 INFO status has been updated to running
[2026-06-03T21:00:39.367+0000] {legacy_client.py:192} INFO - status has been updated to running
[2026-06-03T21:00:50.979+0000] {logging_mixin.py:188} WARNING - 2026-06-03 21:00:50,979 INFO status has been updated to successful
[2026-06-03T21:00:50.979+0000] {legacy_client.py:192} INFO - status has been updated to successful
[2026-06-03T21:00:51.431+0000] {base.py:119} INFO - Downloading https://object-store.os-api.cci2.ecmwf.int:443/cci2-prod-cache-2/2026-06-03/62dedbc74d6bc915eec122b797f871db.nc
[2026-06-03T21:00:52.162+0000] {logging_mixin.py:188} WARNING - 62dedbc74d6bc915eec122b797f871db.nc:   0%|          | 0.00/2.38M [00:00<?, ?B/s]
[2026-06-03T21:00:54.130+0000] {logging_mixin.py:188} WARNING - 62dedbc74d6bc915eec122b797f871db.nc:  42%|####2     | 1.00M/2.38M [00:01<00:02, 533kB/s]
[2026-06-03T21:00:54.313+0000] {logging_mixin.py:188} WARNING - 62dedbc74d6bc915eec122b797f871db.nc:  84%|########4 | 2.00M/2.38M [00:02<00:00, 1.14MB/s]
[2026-06-03T21:00:54.335+0000] {logging_mixin.py:188} WARNING -                                                                                          
[2026-06-03T21:00:54.624+0000] {logging_mixin.py:188} WARNING - 2026-06-03 21:00:54 [INFO] CDS timestep available: 22
[2026-06-03T21:00:54.624+0000] {era5_functions.py:128} INFO - CDS timestep available: 22
[2026-06-03T21:00:54.715+0000] {logging_mixin.py:188} WARNING - 2026-06-03 21:00:54 [INFO] local timestep: 21 — /opt/***/era5/ecmwf/data/nc/_raw/2026/05/29/instant_20260529.nc
[2026-06-03T21:00:54.714+0000] {era5_functions.py:152} INFO - local timestep: 21 — /opt/***/era5/ecmwf/data/nc/_raw/2026/05/29/instant_20260529.nc
[2026-06-03T21:00:54.723+0000] {logging_mixin.py:188} WARNING - 2026-06-03 21:00:54 [INFO] nc outdated (local=21 < cds=22), removing: /opt/***/era5/ecmwf/data/nc/_raw/2026/05/29/instant_20260529.nc
[2026-06-03T21:00:54.722+0000] {era5_functions.py:193} INFO - nc outdated (local=21 < cds=22), removing: /opt/***/era5/ecmwf/data/nc/_raw/2026/05/29/instant_20260529.nc
[2026-06-03T21:00:54.742+0000] {logging_mixin.py:188} WARNING - 2026-06-03 21:00:54 [INFO] download attempt 1/3: /opt/***/era5/ecmwf/data/nc/_raw/2026/05/29/instant_20260529.nc
[2026-06-03T21:00:54.742+0000] {era5_functions.py:200} INFO - download attempt 1/3: /opt/***/era5/ecmwf/data/nc/_raw/2026/05/29/instant_20260529.nc
[2026-06-03T21:00:55.456+0000] {logging_mixin.py:188} WARNING - 2026-06-03 21:00:55,455 INFO [2025-12-11T00:00:00] Please note that a dedicated catalogue entry for this dataset, post-processed and stored in Analysis Ready Cloud Optimized (ARCO) format (Zarr), is available for optimised time-series retrievals (i.e. for retrieving data from selected variables for a single point over an extended period of time in an efficient way). You can discover it [here](https://cds.climate.copernicus.eu/datasets/reanalysis-era5-single-levels-timeseries?tab=overview)
[2026-06-03T21:00:55.455+0000] {legacy_client.py:192} INFO - [2025-12-11T00:00:00] Please note that a dedicated catalogue entry for this dataset, post-processed and stored in Analysis Ready Cloud Optimized (ARCO) format (Zarr), is available for optimised time-series retrievals (i.e. for retrieving data from selected variables for a single point over an extended period of time in an efficient way). You can discover it [here](https://cds.climate.copernicus.eu/datasets/reanalysis-era5-single-levels-timeseries?tab=overview)
[2026-06-03T21:00:55.462+0000] {logging_mixin.py:188} WARNING - 2026-06-03 21:00:55,461 INFO Request ID is 2d995872-7ca0-4459-9d61-e7b11a4bf524
[2026-06-03T21:00:55.461+0000] {legacy_client.py:192} INFO - Request ID is 2d995872-7ca0-4459-9d61-e7b11a4bf524
[2026-06-03T21:00:55.825+0000] {logging_mixin.py:188} WARNING - 2026-06-03 21:00:55,824 INFO status has been updated to accepted
[2026-06-03T21:00:55.824+0000] {legacy_client.py:192} INFO - status has been updated to accepted
[2026-06-03T21:01:10.175+0000] {logging_mixin.py:188} WARNING - 2026-06-03 21:01:10,175 INFO status has been updated to successful
[2026-06-03T21:01:10.175+0000] {legacy_client.py:192} INFO - status has been updated to successful
[2026-06-03T21:01:12.838+0000] {base.py:119} INFO - Downloading https://object-store.os-api.cci2.ecmwf.int:443/cci2-prod-cache-1/2026-06-03/3fc181ede2ba9619cf1a7c1eca8b9be1.nc
[2026-06-03T21:01:13.874+0000] {logging_mixin.py:188} WARNING - 3fc181ede2ba9619cf1a7c1eca8b9be1.nc:   0%|          | 0.00/2.38M [00:00<?, ?B/s]
[2026-06-03T21:01:16.032+0000] {logging_mixin.py:188} WARNING - 3fc181ede2ba9619cf1a7c1eca8b9be1.nc:  42%|####2     | 1.00M/2.38M [00:02<00:02, 486kB/s]
[2026-06-03T21:01:16.408+0000] {logging_mixin.py:188} WARNING - 3fc181ede2ba9619cf1a7c1eca8b9be1.nc:  84%|########4 | 2.00M/2.38M [00:02<00:00, 945kB/s]
[2026-06-03T21:01:16.435+0000] {logging_mixin.py:188} WARNING -                                                                                         
[2026-06-03T21:01:16.595+0000] {logging_mixin.py:188} WARNING - 2026-06-03 21:01:16 [INFO] nc downloaded ok: /opt/***/era5/ecmwf/data/nc/_raw/2026/05/29/instant_20260529.nc
[2026-06-03T21:01:16.594+0000] {era5_functions.py:204} INFO - nc downloaded ok: /opt/***/era5/ecmwf/data/nc/_raw/2026/05/29/instant_20260529.nc
[2026-06-03T21:01:16.676+0000] {logging_mixin.py:188} WARNING - 2026-06-03 21:01:16 [INFO] local timestep: 22 — /opt/***/era5/ecmwf/data/nc/_raw/2026/05/29/instant_20260529.nc
[2026-06-03T21:01:16.676+0000] {era5_functions.py:152} INFO - local timestep: 22 — /opt/***/era5/ecmwf/data/nc/_raw/2026/05/29/instant_20260529.nc
[2026-06-03T21:01:16.788+0000] {logging_mixin.py:188} WARNING - 2026-06-03 21:01:16 [INFO] tif outdated (tif=21 < nc=22), removing: /opt/***/era5/ecmwf/data/tif/2026/05/29/t2m_20260529.tif
[2026-06-03T21:01:16.788+0000] {era5_functions.py:261} INFO - tif outdated (tif=21 < nc=22), removing: /opt/***/era5/ecmwf/data/tif/2026/05/29/t2m_20260529.tif
[2026-06-03T21:01:16.900+0000] {logging_mixin.py:188} WARNING - 2026-06-03 21:01:16 [INFO] tif ok (bands=22): /opt/***/era5/ecmwf/data/tif/2026/05/29/t2m_20260529.tif
[2026-06-03T21:01:16.900+0000] {era5_functions.py:304} INFO - tif ok (bands=22): /opt/***/era5/ecmwf/data/tif/2026/05/29/t2m_20260529.tif
[2026-06-03T21:01:16.919+0000] {logging_mixin.py:188} WARNING - 2026-06-03 21:01:16 [INFO] tif outdated (tif=21 < nc=22), removing: /opt/***/era5/ecmwf/data/tif/2026/05/29/d2m_20260529.tif
[2026-06-03T21:01:16.919+0000] {era5_functions.py:261} INFO - tif outdated (tif=21 < nc=22), removing: /opt/***/era5/ecmwf/data/tif/2026/05/29/d2m_20260529.tif
[2026-06-03T21:01:17.030+0000] {logging_mixin.py:188} WARNING - 2026-06-03 21:01:17 [INFO] tif ok (bands=22): /opt/***/era5/ecmwf/data/tif/2026/05/29/d2m_20260529.tif
[2026-06-03T21:01:17.030+0000] {era5_functions.py:304} INFO - tif ok (bands=22): /opt/***/era5/ecmwf/data/tif/2026/05/29/d2m_20260529.tif
[2026-06-03T21:01:17.046+0000] {logging_mixin.py:188} WARNING - 2026-06-03 21:01:17 [INFO] tif outdated (tif=21 < nc=22), removing: /opt/***/era5/ecmwf/data/tif/2026/05/29/sp_20260529.tif
[2026-06-03T21:01:17.046+0000] {era5_functions.py:261} INFO - tif outdated (tif=21 < nc=22), removing: /opt/***/era5/ecmwf/data/tif/2026/05/29/sp_20260529.tif
[2026-06-03T21:01:17.145+0000] {logging_mixin.py:188} WARNING - 2026-06-03 21:01:17 [INFO] tif ok (bands=22): /opt/***/era5/ecmwf/data/tif/2026/05/29/sp_20260529.tif
[2026-06-03T21:01:17.145+0000] {era5_functions.py:304} INFO - tif ok (bands=22): /opt/***/era5/ecmwf/data/tif/2026/05/29/sp_20260529.tif
[2026-06-03T21:01:17.162+0000] {logging_mixin.py:188} WARNING - 2026-06-03 21:01:17 [INFO] tif outdated (tif=21 < nc=22), removing: /opt/***/era5/ecmwf/data/tif/2026/05/29/blh_20260529.tif
[2026-06-03T21:01:17.161+0000] {era5_functions.py:261} INFO - tif outdated (tif=21 < nc=22), removing: /opt/***/era5/ecmwf/data/tif/2026/05/29/blh_20260529.tif
[2026-06-03T21:01:17.299+0000] {logging_mixin.py:188} WARNING - 2026-06-03 21:01:17 [INFO] tif ok (bands=22): /opt/***/era5/ecmwf/data/tif/2026/05/29/blh_20260529.tif
[2026-06-03T21:01:17.299+0000] {era5_functions.py:304} INFO - tif ok (bands=22): /opt/***/era5/ecmwf/data/tif/2026/05/29/blh_20260529.tif
[2026-06-03T21:01:17.318+0000] {logging_mixin.py:188} WARNING - 2026-06-03 21:01:17 [INFO] tif outdated (tif=21 < nc=22), removing: /opt/***/era5/ecmwf/data/tif/2026/05/29/u10_20260529.tif
[2026-06-03T21:01:17.318+0000] {era5_functions.py:261} INFO - tif outdated (tif=21 < nc=22), removing: /opt/***/era5/ecmwf/data/tif/2026/05/29/u10_20260529.tif
[2026-06-03T21:01:17.428+0000] {logging_mixin.py:188} WARNING - 2026-06-03 21:01:17 [INFO] tif ok (bands=22): /opt/***/era5/ecmwf/data/tif/2026/05/29/u10_20260529.tif
[2026-06-03T21:01:17.428+0000] {era5_functions.py:304} INFO - tif ok (bands=22): /opt/***/era5/ecmwf/data/tif/2026/05/29/u10_20260529.tif
[2026-06-03T21:01:17.445+0000] {logging_mixin.py:188} WARNING - 2026-06-03 21:01:17 [INFO] tif outdated (tif=21 < nc=22), removing: /opt/***/era5/ecmwf/data/tif/2026/05/29/v10_20260529.tif
[2026-06-03T21:01:17.445+0000] {era5_functions.py:261} INFO - tif outdated (tif=21 < nc=22), removing: /opt/***/era5/ecmwf/data/tif/2026/05/29/v10_20260529.tif
[2026-06-03T21:01:17.556+0000] {logging_mixin.py:188} WARNING - 2026-06-03 21:01:17 [INFO] tif ok (bands=22): /opt/***/era5/ecmwf/data/tif/2026/05/29/v10_20260529.tif
[2026-06-03T21:01:17.556+0000] {era5_functions.py:304} INFO - tif ok (bands=22): /opt/***/era5/ecmwf/data/tif/2026/05/29/v10_20260529.tif
[2026-06-03T21:01:17.562+0000] {logging_mixin.py:188} WARNING - 2026-06-03 21:01:17 [INFO] === END job=instant date=2026-06-03 ===
[2026-06-03T21:01:17.562+0000] {era5_functions.py:379} INFO - === END job=instant date=2026-06-03 ===
[2026-06-03T21:01:17.564+0000] {python.py:237} INFO - Done. Returned value was: None
[2026-06-03T21:01:17.565+0000] {taskinstance.py:441} INFO - ::group::Post task execution logs
[2026-06-03T21:01:17.586+0000] {taskinstance.py:1206} INFO - Marking task as SUCCESS. dag_id=era5_download_pipeline, task_id=era5_instant, run_id=scheduled__2026-06-03T20:00:00+00:00, execution_date=20260603T200000, start_date=20260603T210001, end_date=20260603T210117
[2026-06-03T21:01:17.653+0000] {local_task_job_runner.py:240} INFO - Task exited with return code 0
[2026-06-03T21:01:17.678+0000] {taskinstance.py:3498} INFO - 1 downstream tasks scheduled from follow-on schedule check
[2026-06-03T21:01:17.682+0000] {local_task_job_runner.py:222} INFO - ::endgroup::
