[2026-06-04T04:03:03.478+0000] {local_task_job_runner.py:120} INFO - ::group::Pre task execution logs
[2026-06-04T04:03:03.531+0000] {taskinstance.py:2076} INFO - Dependencies all met for dep_context=non-requeueable deps ti=<TaskInstance: era5_download_pipeline.era5_accum scheduled__2026-06-04T03:00:00+00:00 [queued]>
[2026-06-04T04:03:03.548+0000] {taskinstance.py:2076} INFO - Dependencies all met for dep_context=requeueable deps ti=<TaskInstance: era5_download_pipeline.era5_accum scheduled__2026-06-04T03:00:00+00:00 [queued]>
[2026-06-04T04:03:03.549+0000] {taskinstance.py:2306} INFO - Starting attempt 1 of 1
[2026-06-04T04:03:03.579+0000] {taskinstance.py:2330} INFO - Executing <Task(PythonOperator): era5_accum> on 2026-06-04 03:00:00+00:00
[2026-06-04T04:03:03.600+0000] {warnings.py:110} WARNING - /home/***/.local/lib/python3.12/site-packages/***/task/task_runner/standard_task_runner.py:61: DeprecationWarning: This process (pid=35150) is multi-threaded, use of fork() may lead to deadlocks in the child.
  pid = os.fork()

[2026-06-04T04:03:03.600+0000] {standard_task_runner.py:90} INFO - Running: ['***', 'tasks', 'run', 'era5_download_pipeline', 'era5_accum', 'scheduled__2026-06-04T03:00:00+00:00', '--job-id', '887', '--raw', '--subdir', 'DAGS_FOLDER/era5_dag.py', '--cfg-path', '/tmp/tmpfjr7d3y3']
[2026-06-04T04:03:03.605+0000] {standard_task_runner.py:63} INFO - Started process 35152 to run task
[2026-06-04T04:03:03.606+0000] {standard_task_runner.py:91} INFO - Job 887: Subtask era5_accum
[2026-06-04T04:03:03.712+0000] {task_command.py:426} INFO - Running <TaskInstance: era5_download_pipeline.era5_accum scheduled__2026-06-04T03:00:00+00:00 [running]> on host 01cd476fb21a
[2026-06-04T04:03:03.833+0000] {taskinstance.py:2648} INFO - Exporting env vars: AIRFLOW_CTX_DAG_OWNER='era5' AIRFLOW_CTX_DAG_ID='era5_download_pipeline' AIRFLOW_CTX_TASK_ID='era5_accum' AIRFLOW_CTX_EXECUTION_DATE='2026-06-04T03:00:00+00:00' AIRFLOW_CTX_TRY_NUMBER='1' AIRFLOW_CTX_DAG_RUN_ID='scheduled__2026-06-04T03:00:00+00:00'
[2026-06-04T04:03:03.835+0000] {taskinstance.py:430} INFO - ::endgroup::
[2026-06-04T04:03:04.923+0000] {logging_mixin.py:188} WARNING - 2026-06-04 04:03:04 [INFO] === START job=accum date=2026-06-04 ===
[2026-06-04T04:03:04.922+0000] {era5_functions.py:368} INFO - === START job=accum date=2026-06-04 ===
[2026-06-04T04:03:04.927+0000] {logging_mixin.py:188} WARNING - 2026-06-04 04:03:04 [INFO] --- job=accum date=20260604 ---
[2026-06-04T04:03:04.927+0000] {era5_functions.py:330} INFO - --- job=accum date=20260604 ---
[2026-06-04T04:03:05.532+0000] {logging_mixin.py:188} WARNING - 2026-06-04 04:03:05 [WARNING] get_cds_count failed: 400 Client Error: Bad Request for url: https://cds.climate.copernicus.eu/api/retrieve/v1/processes/reanalysis-era5-single-levels/execution
invalid request
None of the data you have requested is available yet, please revise the period requested. The latest date available for this dataset is: 2026-05-30 04:00
[2026-06-04T04:03:05.531+0000] {era5_functions.py:131} WARNING - get_cds_count failed: 400 Client Error: Bad Request for url: https://cds.climate.copernicus.eu/api/retrieve/v1/processes/reanalysis-era5-single-levels/execution
invalid request
None of the data you have requested is available yet, please revise the period requested. The latest date available for this dataset is: 2026-05-30 04:00
[2026-06-04T04:03:05.537+0000] {logging_mixin.py:188} WARNING - 2026-06-04 04:03:05 [WARNING] CDS ยังไม่มีข้อมูล job=accum date=20260604, skip
[2026-06-04T04:03:05.537+0000] {era5_functions.py:335} WARNING - CDS ยังไม่มีข้อมูล job=accum date=20260604, skip
[2026-06-04T04:03:05.542+0000] {logging_mixin.py:188} WARNING - 2026-06-04 04:03:05 [INFO] --- job=accum date=20260603 ---
[2026-06-04T04:03:05.542+0000] {era5_functions.py:330} INFO - --- job=accum date=20260603 ---
[2026-06-04T04:03:07.280+0000] {logging_mixin.py:188} WARNING - 2026-06-04 04:03:07 [WARNING] get_cds_count failed: 400 Client Error: Bad Request for url: https://cds.climate.copernicus.eu/api/retrieve/v1/processes/reanalysis-era5-single-levels/execution
invalid request
None of the data you have requested is available yet, please revise the period requested. The latest date available for this dataset is: 2026-05-30 04:00
[2026-06-04T04:03:07.279+0000] {era5_functions.py:131} WARNING - get_cds_count failed: 400 Client Error: Bad Request for url: https://cds.climate.copernicus.eu/api/retrieve/v1/processes/reanalysis-era5-single-levels/execution
invalid request
None of the data you have requested is available yet, please revise the period requested. The latest date available for this dataset is: 2026-05-30 04:00
[2026-06-04T04:03:07.285+0000] {logging_mixin.py:188} WARNING - 2026-06-04 04:03:07 [WARNING] CDS ยังไม่มีข้อมูล job=accum date=20260603, skip
[2026-06-04T04:03:07.284+0000] {era5_functions.py:335} WARNING - CDS ยังไม่มีข้อมูล job=accum date=20260603, skip
[2026-06-04T04:03:07.287+0000] {logging_mixin.py:188} WARNING - 2026-06-04 04:03:07 [INFO] --- job=accum date=20260602 ---
[2026-06-04T04:03:07.287+0000] {era5_functions.py:330} INFO - --- job=accum date=20260602 ---
[2026-06-04T04:03:07.949+0000] {logging_mixin.py:188} WARNING - 2026-06-04 04:03:07 [WARNING] get_cds_count failed: 400 Client Error: Bad Request for url: https://cds.climate.copernicus.eu/api/retrieve/v1/processes/reanalysis-era5-single-levels/execution
invalid request
None of the data you have requested is available yet, please revise the period requested. The latest date available for this dataset is: 2026-05-30 04:00
[2026-06-04T04:03:07.948+0000] {era5_functions.py:131} WARNING - get_cds_count failed: 400 Client Error: Bad Request for url: https://cds.climate.copernicus.eu/api/retrieve/v1/processes/reanalysis-era5-single-levels/execution
invalid request
None of the data you have requested is available yet, please revise the period requested. The latest date available for this dataset is: 2026-05-30 04:00
[2026-06-04T04:03:07.952+0000] {logging_mixin.py:188} WARNING - 2026-06-04 04:03:07 [WARNING] CDS ยังไม่มีข้อมูล job=accum date=20260602, skip
[2026-06-04T04:03:07.952+0000] {era5_functions.py:335} WARNING - CDS ยังไม่มีข้อมูล job=accum date=20260602, skip
[2026-06-04T04:03:07.954+0000] {logging_mixin.py:188} WARNING - 2026-06-04 04:03:07 [INFO] --- job=accum date=20260601 ---
[2026-06-04T04:03:07.954+0000] {era5_functions.py:330} INFO - --- job=accum date=20260601 ---
[2026-06-04T04:03:08.535+0000] {logging_mixin.py:188} WARNING - 2026-06-04 04:03:08 [WARNING] get_cds_count failed: 400 Client Error: Bad Request for url: https://cds.climate.copernicus.eu/api/retrieve/v1/processes/reanalysis-era5-single-levels/execution
invalid request
None of the data you have requested is available yet, please revise the period requested. The latest date available for this dataset is: 2026-05-30 04:00
[2026-06-04T04:03:08.535+0000] {era5_functions.py:131} WARNING - get_cds_count failed: 400 Client Error: Bad Request for url: https://cds.climate.copernicus.eu/api/retrieve/v1/processes/reanalysis-era5-single-levels/execution
invalid request
None of the data you have requested is available yet, please revise the period requested. The latest date available for this dataset is: 2026-05-30 04:00
[2026-06-04T04:03:08.539+0000] {logging_mixin.py:188} WARNING - 2026-06-04 04:03:08 [WARNING] CDS ยังไม่มีข้อมูล job=accum date=20260601, skip
[2026-06-04T04:03:08.539+0000] {era5_functions.py:335} WARNING - CDS ยังไม่มีข้อมูล job=accum date=20260601, skip
[2026-06-04T04:03:08.540+0000] {logging_mixin.py:188} WARNING - 2026-06-04 04:03:08 [INFO] --- job=accum date=20260531 ---
[2026-06-04T04:03:08.540+0000] {era5_functions.py:330} INFO - --- job=accum date=20260531 ---
[2026-06-04T04:03:08.942+0000] {logging_mixin.py:188} WARNING - 2026-06-04 04:03:08 [WARNING] get_cds_count failed: 400 Client Error: Bad Request for url: https://cds.climate.copernicus.eu/api/retrieve/v1/processes/reanalysis-era5-single-levels/execution
invalid request
None of the data you have requested is available yet, please revise the period requested. The latest date available for this dataset is: 2026-05-30 04:00
[2026-06-04T04:03:08.941+0000] {era5_functions.py:131} WARNING - get_cds_count failed: 400 Client Error: Bad Request for url: https://cds.climate.copernicus.eu/api/retrieve/v1/processes/reanalysis-era5-single-levels/execution
invalid request
None of the data you have requested is available yet, please revise the period requested. The latest date available for this dataset is: 2026-05-30 04:00
[2026-06-04T04:03:08.946+0000] {logging_mixin.py:188} WARNING - 2026-06-04 04:03:08 [WARNING] CDS ยังไม่มีข้อมูล job=accum date=20260531, skip
[2026-06-04T04:03:08.946+0000] {era5_functions.py:335} WARNING - CDS ยังไม่มีข้อมูล job=accum date=20260531, skip
[2026-06-04T04:03:08.948+0000] {logging_mixin.py:188} WARNING - 2026-06-04 04:03:08 [INFO] --- job=accum date=20260530 ---
[2026-06-04T04:03:08.948+0000] {era5_functions.py:330} INFO - --- job=accum date=20260530 ---
[2026-06-04T04:03:09.508+0000] {logging_mixin.py:188} WARNING - 2026-06-04 04:03:09,508 INFO [2025-12-11T00:00:00] Please note that a dedicated catalogue entry for this dataset, post-processed and stored in Analysis Ready Cloud Optimized (ARCO) format (Zarr), is available for optimised time-series retrievals (i.e. for retrieving data from selected variables for a single point over an extended period of time in an efficient way). You can discover it [here](https://cds.climate.copernicus.eu/datasets/reanalysis-era5-single-levels-timeseries?tab=overview)
[2026-06-04T04:03:09.508+0000] {legacy_client.py:192} INFO - [2025-12-11T00:00:00] Please note that a dedicated catalogue entry for this dataset, post-processed and stored in Analysis Ready Cloud Optimized (ARCO) format (Zarr), is available for optimised time-series retrievals (i.e. for retrieving data from selected variables for a single point over an extended period of time in an efficient way). You can discover it [here](https://cds.climate.copernicus.eu/datasets/reanalysis-era5-single-levels-timeseries?tab=overview)
[2026-06-04T04:03:09.513+0000] {logging_mixin.py:188} WARNING - 2026-06-04 04:03:09,513 INFO Request ID is aad11117-de06-47b7-b6f7-cc42761a2e3a
[2026-06-04T04:03:09.513+0000] {legacy_client.py:192} INFO - Request ID is aad11117-de06-47b7-b6f7-cc42761a2e3a
[2026-06-04T04:03:09.743+0000] {logging_mixin.py:188} WARNING - 2026-06-04 04:03:09,743 INFO status has been updated to accepted
[2026-06-04T04:03:09.743+0000] {legacy_client.py:192} INFO - status has been updated to accepted
[2026-06-04T04:03:32.696+0000] {logging_mixin.py:188} WARNING - 2026-06-04 04:03:32,696 INFO status has been updated to running
[2026-06-04T04:03:32.696+0000] {legacy_client.py:192} INFO - status has been updated to running
[2026-06-04T04:03:44.305+0000] {logging_mixin.py:188} WARNING - 2026-06-04 04:03:44,304 INFO status has been updated to successful
[2026-06-04T04:03:44.304+0000] {legacy_client.py:192} INFO - status has been updated to successful
[2026-06-04T04:03:45.420+0000] {base.py:119} INFO - Downloading https://object-store.os-api.cci2.ecmwf.int:443/cci2-prod-cache-2/2026-06-04/361533bda2b141fa2d2b861689aaa9d0.nc
[2026-06-04T04:03:46.461+0000] {logging_mixin.py:188} WARNING - 361533bda2b141fa2d2b861689aaa9d0.nc:   0%|          | 0.00/95.3k [00:00<?, ?B/s]
[2026-06-04T04:03:47.800+0000] {logging_mixin.py:188} WARNING - 361533bda2b141fa2d2b861689aaa9d0.nc: 100%|##########| 95.3k/95.3k [00:01<00:00, 72.9kB/s]
[2026-06-04T04:03:47.804+0000] {logging_mixin.py:188} WARNING -                                                                                          
[2026-06-04T04:03:48.097+0000] {logging_mixin.py:188} WARNING - 2026-06-04 04:03:48 [INFO] CDS timestep available: 5
[2026-06-04T04:03:48.096+0000] {era5_functions.py:128} INFO - CDS timestep available: 5
[2026-06-04T04:03:48.160+0000] {logging_mixin.py:188} WARNING - 2026-06-04 04:03:48 [INFO] local timestep: 4 — /opt/***/era5/ecmwf/data/nc/_raw/2026/05/30/accum_20260530.nc
[2026-06-04T04:03:48.160+0000] {era5_functions.py:152} INFO - local timestep: 4 — /opt/***/era5/ecmwf/data/nc/_raw/2026/05/30/accum_20260530.nc
[2026-06-04T04:03:48.167+0000] {logging_mixin.py:188} WARNING - 2026-06-04 04:03:48 [INFO] nc outdated (local=4 < cds=5), removing: /opt/***/era5/ecmwf/data/nc/_raw/2026/05/30/accum_20260530.nc
[2026-06-04T04:03:48.167+0000] {era5_functions.py:193} INFO - nc outdated (local=4 < cds=5), removing: /opt/***/era5/ecmwf/data/nc/_raw/2026/05/30/accum_20260530.nc
[2026-06-04T04:03:48.189+0000] {logging_mixin.py:188} WARNING - 2026-06-04 04:03:48 [INFO] download attempt 1/3: /opt/***/era5/ecmwf/data/nc/_raw/2026/05/30/accum_20260530.nc
[2026-06-04T04:03:48.189+0000] {era5_functions.py:200} INFO - download attempt 1/3: /opt/***/era5/ecmwf/data/nc/_raw/2026/05/30/accum_20260530.nc
[2026-06-04T04:03:48.914+0000] {logging_mixin.py:188} WARNING - 2026-06-04 04:03:48,913 INFO [2025-12-11T00:00:00] Please note that a dedicated catalogue entry for this dataset, post-processed and stored in Analysis Ready Cloud Optimized (ARCO) format (Zarr), is available for optimised time-series retrievals (i.e. for retrieving data from selected variables for a single point over an extended period of time in an efficient way). You can discover it [here](https://cds.climate.copernicus.eu/datasets/reanalysis-era5-single-levels-timeseries?tab=overview)
[2026-06-04T04:03:48.913+0000] {legacy_client.py:192} INFO - [2025-12-11T00:00:00] Please note that a dedicated catalogue entry for this dataset, post-processed and stored in Analysis Ready Cloud Optimized (ARCO) format (Zarr), is available for optimised time-series retrievals (i.e. for retrieving data from selected variables for a single point over an extended period of time in an efficient way). You can discover it [here](https://cds.climate.copernicus.eu/datasets/reanalysis-era5-single-levels-timeseries?tab=overview)
[2026-06-04T04:03:48.920+0000] {logging_mixin.py:188} WARNING - 2026-06-04 04:03:48,920 INFO Request ID is 826a17f3-5988-4793-95f8-71e3871bda42
[2026-06-04T04:03:48.920+0000] {legacy_client.py:192} INFO - Request ID is 826a17f3-5988-4793-95f8-71e3871bda42
[2026-06-04T04:03:50.276+0000] {logging_mixin.py:188} WARNING - 2026-06-04 04:03:50,276 INFO status has been updated to accepted
[2026-06-04T04:03:50.276+0000] {legacy_client.py:192} INFO - status has been updated to accepted
[2026-06-04T04:04:04.488+0000] {logging_mixin.py:188} WARNING - 2026-06-04 04:04:04,488 INFO status has been updated to running
[2026-06-04T04:04:04.488+0000] {legacy_client.py:192} INFO - status has been updated to running
[2026-06-04T04:04:12.303+0000] {logging_mixin.py:188} WARNING - 2026-06-04 04:04:12,302 INFO status has been updated to successful
[2026-06-04T04:04:12.302+0000] {legacy_client.py:192} INFO - status has been updated to successful
[2026-06-04T04:04:14.540+0000] {base.py:119} INFO - Downloading https://object-store.os-api.cci2.ecmwf.int:443/cci2-prod-cache-2/2026-06-04/7dca1b8f598c403e4226fd51df0fb2d4.nc
[2026-06-04T04:04:15.586+0000] {logging_mixin.py:188} WARNING - 7dca1b8f598c403e4226fd51df0fb2d4.nc:   0%|          | 0.00/95.3k [00:00<?, ?B/s]
[2026-06-04T04:04:16.614+0000] {logging_mixin.py:188} WARNING - 7dca1b8f598c403e4226fd51df0fb2d4.nc: 100%|##########| 95.3k/95.3k [00:01<00:00, 94.9kB/s]
[2026-06-04T04:04:16.633+0000] {logging_mixin.py:188} WARNING -                                                                                          
[2026-06-04T04:04:16.719+0000] {logging_mixin.py:188} WARNING - 2026-06-04 04:04:16 [INFO] nc downloaded ok: /opt/***/era5/ecmwf/data/nc/_raw/2026/05/30/accum_20260530.nc
[2026-06-04T04:04:16.719+0000] {era5_functions.py:204} INFO - nc downloaded ok: /opt/***/era5/ecmwf/data/nc/_raw/2026/05/30/accum_20260530.nc
[2026-06-04T04:04:16.771+0000] {logging_mixin.py:188} WARNING - 2026-06-04 04:04:16 [INFO] local timestep: 5 — /opt/***/era5/ecmwf/data/nc/_raw/2026/05/30/accum_20260530.nc
[2026-06-04T04:04:16.771+0000] {era5_functions.py:152} INFO - local timestep: 5 — /opt/***/era5/ecmwf/data/nc/_raw/2026/05/30/accum_20260530.nc
[2026-06-04T04:04:16.877+0000] {logging_mixin.py:188} WARNING - 2026-06-04 04:04:16 [INFO] tif outdated (tif=4 < nc=5), removing: /opt/***/era5/ecmwf/data/tif/2026/05/30/tp_20260530.tif
[2026-06-04T04:04:16.877+0000] {era5_functions.py:261} INFO - tif outdated (tif=4 < nc=5), removing: /opt/***/era5/ecmwf/data/tif/2026/05/30/tp_20260530.tif
[2026-06-04T04:04:16.974+0000] {logging_mixin.py:188} WARNING - 2026-06-04 04:04:16 [INFO] tif ok (bands=5): /opt/***/era5/ecmwf/data/tif/2026/05/30/tp_20260530.tif
[2026-06-04T04:04:16.974+0000] {era5_functions.py:304} INFO - tif ok (bands=5): /opt/***/era5/ecmwf/data/tif/2026/05/30/tp_20260530.tif
[2026-06-04T04:04:16.979+0000] {logging_mixin.py:188} WARNING - 2026-06-04 04:04:16 [INFO] === END job=accum date=2026-06-04 ===
[2026-06-04T04:04:16.979+0000] {era5_functions.py:379} INFO - === END job=accum date=2026-06-04 ===
[2026-06-04T04:04:16.981+0000] {python.py:237} INFO - Done. Returned value was: None
[2026-06-04T04:04:16.981+0000] {taskinstance.py:441} INFO - ::group::Post task execution logs
[2026-06-04T04:04:16.997+0000] {taskinstance.py:1206} INFO - Marking task as SUCCESS. dag_id=era5_download_pipeline, task_id=era5_accum, run_id=scheduled__2026-06-04T03:00:00+00:00, execution_date=20260604T030000, start_date=20260604T040303, end_date=20260604T040416
[2026-06-04T04:04:17.077+0000] {local_task_job_runner.py:240} INFO - Task exited with return code 0
[2026-06-04T04:04:17.098+0000] {taskinstance.py:3498} INFO - 0 downstream tasks scheduled from follow-on schedule check
[2026-06-04T04:04:17.102+0000] {local_task_job_runner.py:222} INFO - ::endgroup::
