[2026-06-06T08:00:02.523+0000] {local_task_job_runner.py:120} INFO - ::group::Pre task execution logs
[2026-06-06T08:00:02.551+0000] {taskinstance.py:2076} INFO - Dependencies all met for dep_context=non-requeueable deps ti=<TaskInstance: era5_download_pipeline.era5_rh scheduled__2026-06-06T07:00:00+00:00 [queued]>
[2026-06-06T08:00:02.561+0000] {taskinstance.py:2076} INFO - Dependencies all met for dep_context=requeueable deps ti=<TaskInstance: era5_download_pipeline.era5_rh scheduled__2026-06-06T07:00:00+00:00 [queued]>
[2026-06-06T08:00:02.562+0000] {taskinstance.py:2306} INFO - Starting attempt 1 of 1
[2026-06-06T08:00:02.578+0000] {taskinstance.py:2330} INFO - Executing <Task(PythonOperator): era5_rh> on 2026-06-06 07:00:00+00:00
[2026-06-06T08:00:02.594+0000] {warnings.py:110} WARNING - /home/***/.local/lib/python3.12/site-packages/***/task/task_runner/standard_task_runner.py:61: DeprecationWarning: This process (pid=75177) is multi-threaded, use of fork() may lead to deadlocks in the child.
  pid = os.fork()

[2026-06-06T08:00:02.598+0000] {standard_task_runner.py:63} INFO - Started process 75180 to run task
[2026-06-06T08:00:02.596+0000] {standard_task_runner.py:90} INFO - Running: ['***', 'tasks', 'run', 'era5_download_pipeline', 'era5_rh', 'scheduled__2026-06-06T07:00:00+00:00', '--job-id', '1043', '--raw', '--subdir', 'DAGS_FOLDER/era5_dag.py', '--cfg-path', '/tmp/tmppyxn50wo']
[2026-06-06T08:00:02.601+0000] {standard_task_runner.py:91} INFO - Job 1043: Subtask era5_rh
[2026-06-06T08:00:02.689+0000] {task_command.py:426} INFO - Running <TaskInstance: era5_download_pipeline.era5_rh scheduled__2026-06-06T07:00:00+00:00 [running]> on host 01cd476fb21a
[2026-06-06T08:00:02.826+0000] {taskinstance.py:2648} INFO - Exporting env vars: AIRFLOW_CTX_DAG_OWNER='era5' AIRFLOW_CTX_DAG_ID='era5_download_pipeline' AIRFLOW_CTX_TASK_ID='era5_rh' AIRFLOW_CTX_EXECUTION_DATE='2026-06-06T07:00:00+00:00' AIRFLOW_CTX_TRY_NUMBER='1' AIRFLOW_CTX_DAG_RUN_ID='scheduled__2026-06-06T07:00:00+00:00'
[2026-06-06T08:00:02.828+0000] {taskinstance.py:430} INFO - ::endgroup::
[2026-06-06T08:00:02.860+0000] {logging_mixin.py:188} WARNING - 2026-06-06 08:00:02 [WARNING] missing instant nc: /opt/***/era5/ecmwf/data/nc/_raw/2026/06/06/instant_20260606.nc
[2026-06-06T08:00:02.860+0000] {era5_rh.py:208} WARNING - missing instant nc: /opt/***/era5/ecmwf/data/nc/_raw/2026/06/06/instant_20260606.nc
[2026-06-06T08:00:02.869+0000] {logging_mixin.py:188} WARNING - 2026-06-06 08:00:02 [WARNING] missing instant nc: /opt/***/era5/ecmwf/data/nc/_raw/2026/06/05/instant_20260605.nc
[2026-06-06T08:00:02.868+0000] {era5_rh.py:208} WARNING - missing instant nc: /opt/***/era5/ecmwf/data/nc/_raw/2026/06/05/instant_20260605.nc
[2026-06-06T08:00:02.875+0000] {logging_mixin.py:188} WARNING - 2026-06-06 08:00:02 [WARNING] missing instant nc: /opt/***/era5/ecmwf/data/nc/_raw/2026/06/04/instant_20260604.nc
[2026-06-06T08:00:02.874+0000] {era5_rh.py:208} WARNING - missing instant nc: /opt/***/era5/ecmwf/data/nc/_raw/2026/06/04/instant_20260604.nc
[2026-06-06T08:00:02.882+0000] {logging_mixin.py:188} WARNING - 2026-06-06 08:00:02 [WARNING] missing instant nc: /opt/***/era5/ecmwf/data/nc/_raw/2026/06/03/instant_20260603.nc
[2026-06-06T08:00:02.882+0000] {era5_rh.py:208} WARNING - missing instant nc: /opt/***/era5/ecmwf/data/nc/_raw/2026/06/03/instant_20260603.nc
[2026-06-06T08:00:02.891+0000] {logging_mixin.py:188} WARNING - 2026-06-06 08:00:02 [WARNING] missing instant nc: /opt/***/era5/ecmwf/data/nc/_raw/2026/06/02/instant_20260602.nc
[2026-06-06T08:00:02.890+0000] {era5_rh.py:208} WARNING - missing instant nc: /opt/***/era5/ecmwf/data/nc/_raw/2026/06/02/instant_20260602.nc
[2026-06-06T08:00:02.905+0000] {logging_mixin.py:188} WARNING - 2026-06-06 08:00:02 [INFO] RH nc exists: /opt/***/era5/ecmwf/data/nc/rh/2026/06/01/rh_20260601.nc
[2026-06-06T08:00:02.905+0000] {era5_rh.py:69} INFO - RH nc exists: /opt/***/era5/ecmwf/data/nc/rh/2026/06/01/rh_20260601.nc
[2026-06-06T08:00:03.328+0000] {logging_mixin.py:188} WARNING - 2026-06-06 08:00:03 [INFO] RH tif created: /opt/***/era5/ecmwf/data/tif/2026/06/01/rh_20260601.tif
[2026-06-06T08:00:03.328+0000] {era5_rh.py:183} INFO - RH tif created: /opt/***/era5/ecmwf/data/tif/2026/06/01/rh_20260601.tif
[2026-06-06T08:00:03.333+0000] {python.py:237} INFO - Done. Returned value was: None
[2026-06-06T08:00:03.334+0000] {taskinstance.py:441} INFO - ::group::Post task execution logs
[2026-06-06T08:00:03.352+0000] {taskinstance.py:1206} INFO - Marking task as SUCCESS. dag_id=era5_download_pipeline, task_id=era5_rh, run_id=scheduled__2026-06-06T07:00:00+00:00, execution_date=20260606T070000, start_date=20260606T080002, end_date=20260606T080003
[2026-06-06T08:00:03.418+0000] {local_task_job_runner.py:240} INFO - Task exited with return code 0
[2026-06-06T08:00:03.449+0000] {taskinstance.py:3498} INFO - 0 downstream tasks scheduled from follow-on schedule check
[2026-06-06T08:00:03.453+0000] {local_task_job_runner.py:222} INFO - ::endgroup::
