[2026-06-13T09:01:52.102+0000] {local_task_job_runner.py:120} INFO - ::group::Pre task execution logs
[2026-06-13T09:01:52.126+0000] {taskinstance.py:2076} INFO - Dependencies all met for dep_context=non-requeueable deps ti=<TaskInstance: era5_download_pipeline.era5_accum scheduled__2026-06-13T08:00:00+00:00 [queued]>
[2026-06-13T09:01:52.137+0000] {taskinstance.py:2076} INFO - Dependencies all met for dep_context=requeueable deps ti=<TaskInstance: era5_download_pipeline.era5_accum scheduled__2026-06-13T08:00:00+00:00 [queued]>
[2026-06-13T09:01:52.139+0000] {taskinstance.py:2306} INFO - Starting attempt 1 of 1
[2026-06-13T09:01:52.154+0000] {taskinstance.py:2330} INFO - Executing <Task(PythonOperator): era5_accum> on 2026-06-13 08:00:00+00:00
[2026-06-13T09:01:52.164+0000] {warnings.py:110} WARNING - /home/***/.local/lib/python3.12/site-packages/***/task/task_runner/standard_task_runner.py:61: DeprecationWarning: This process (pid=38327) is multi-threaded, use of fork() may lead to deadlocks in the child.
  pid = os.fork()

[2026-06-13T09:01:52.168+0000] {standard_task_runner.py:63} INFO - Started process 38329 to run task
[2026-06-13T09:01:52.167+0000] {standard_task_runner.py:90} INFO - Running: ['***', 'tasks', 'run', 'era5_download_pipeline', 'era5_accum', 'scheduled__2026-06-13T08:00:00+00:00', '--job-id', '1473', '--raw', '--subdir', 'DAGS_FOLDER/era5_dag.py', '--cfg-path', '/tmp/tmphpe0pfxe']
[2026-06-13T09:01:52.171+0000] {standard_task_runner.py:91} INFO - Job 1473: Subtask era5_accum
[2026-06-13T09:01:52.255+0000] {task_command.py:426} INFO - Running <TaskInstance: era5_download_pipeline.era5_accum scheduled__2026-06-13T08:00:00+00:00 [running]> on host 01cd476fb21a
[2026-06-13T09:01:52.373+0000] {taskinstance.py:2648} INFO - Exporting env vars: AIRFLOW_CTX_DAG_OWNER='era5' AIRFLOW_CTX_DAG_ID='era5_download_pipeline' AIRFLOW_CTX_TASK_ID='era5_accum' AIRFLOW_CTX_EXECUTION_DATE='2026-06-13T08:00:00+00:00' AIRFLOW_CTX_TRY_NUMBER='1' AIRFLOW_CTX_DAG_RUN_ID='scheduled__2026-06-13T08:00:00+00:00'
[2026-06-13T09:01:52.381+0000] {taskinstance.py:430} INFO - ::endgroup::
[2026-06-13T09:01:53.443+0000] {logging_mixin.py:188} WARNING - 2026-06-13 09:01:53,443 INFO [2026-06-11T00:00:00Z] Upcoming essential maintenance sessions on Data Stores underlying infrastructure on 15 June. Service disruption expected. For further details, please [visit our forum announcement](https://forum.ecmwf.int/t/upcoming-essential-maintenance-sessions-on-data-stores-underlying-infrastructure-part-2/150414).
[2026-06-13T09:01:53.443+0000] {legacy_client.py:192} INFO - [2026-06-11T00:00:00Z] Upcoming essential maintenance sessions on Data Stores underlying infrastructure on 15 June. Service disruption expected. For further details, please [visit our forum announcement](https://forum.ecmwf.int/t/upcoming-essential-maintenance-sessions-on-data-stores-underlying-infrastructure-part-2/150414).
[2026-06-13T09:01:53.450+0000] {logging_mixin.py:188} WARNING - 2026-06-13 09:01:53 [INFO] === START job=accum date=2026-06-13 ===
[2026-06-13T09:01:53.449+0000] {era5_functions.py:368} INFO - === START job=accum date=2026-06-13 ===
[2026-06-13T09:01:53.452+0000] {logging_mixin.py:188} WARNING - 2026-06-13 09:01:53 [INFO] --- job=accum date=20260613 ---
[2026-06-13T09:01:53.452+0000] {era5_functions.py:330} INFO - --- job=accum date=20260613 ---
[2026-06-13T09:01:54.062+0000] {logging_mixin.py:188} WARNING - 2026-06-13 09:01:54 [WARNING] get_cds_count failed: 400 Client Error: Bad Request for url: https://cds.climate.copernicus.eu/api/retrieve/v1/processes/reanalysis-era5-single-levels/execution
invalid request
None of the data you have requested is available yet, please revise the period requested. The latest date available for this dataset is: 2026-06-08 09:00
[2026-06-13T09:01:54.062+0000] {era5_functions.py:131} WARNING - get_cds_count failed: 400 Client Error: Bad Request for url: https://cds.climate.copernicus.eu/api/retrieve/v1/processes/reanalysis-era5-single-levels/execution
invalid request
None of the data you have requested is available yet, please revise the period requested. The latest date available for this dataset is: 2026-06-08 09:00
[2026-06-13T09:01:54.064+0000] {logging_mixin.py:188} WARNING - 2026-06-13 09:01:54 [WARNING] CDS ยังไม่มีข้อมูล job=accum date=20260613, skip
[2026-06-13T09:01:54.064+0000] {era5_functions.py:335} WARNING - CDS ยังไม่มีข้อมูล job=accum date=20260613, skip
[2026-06-13T09:01:54.066+0000] {logging_mixin.py:188} WARNING - 2026-06-13 09:01:54 [INFO] --- job=accum date=20260612 ---
[2026-06-13T09:01:54.066+0000] {era5_functions.py:330} INFO - --- job=accum date=20260612 ---
[2026-06-13T09:01:54.478+0000] {logging_mixin.py:188} WARNING - 2026-06-13 09:01:54 [WARNING] get_cds_count failed: 400 Client Error: Bad Request for url: https://cds.climate.copernicus.eu/api/retrieve/v1/processes/reanalysis-era5-single-levels/execution
invalid request
None of the data you have requested is available yet, please revise the period requested. The latest date available for this dataset is: 2026-06-08 09:00
[2026-06-13T09:01:54.477+0000] {era5_functions.py:131} WARNING - get_cds_count failed: 400 Client Error: Bad Request for url: https://cds.climate.copernicus.eu/api/retrieve/v1/processes/reanalysis-era5-single-levels/execution
invalid request
None of the data you have requested is available yet, please revise the period requested. The latest date available for this dataset is: 2026-06-08 09:00
[2026-06-13T09:01:54.481+0000] {logging_mixin.py:188} WARNING - 2026-06-13 09:01:54 [WARNING] CDS ยังไม่มีข้อมูล job=accum date=20260612, skip
[2026-06-13T09:01:54.481+0000] {era5_functions.py:335} WARNING - CDS ยังไม่มีข้อมูล job=accum date=20260612, skip
[2026-06-13T09:01:54.483+0000] {logging_mixin.py:188} WARNING - 2026-06-13 09:01:54 [INFO] --- job=accum date=20260611 ---
[2026-06-13T09:01:54.483+0000] {era5_functions.py:330} INFO - --- job=accum date=20260611 ---
[2026-06-13T09:01:55.554+0000] {logging_mixin.py:188} WARNING - 2026-06-13 09:01:55 [WARNING] get_cds_count failed: 400 Client Error: Bad Request for url: https://cds.climate.copernicus.eu/api/retrieve/v1/processes/reanalysis-era5-single-levels/execution
invalid request
None of the data you have requested is available yet, please revise the period requested. The latest date available for this dataset is: 2026-06-08 09:00
[2026-06-13T09:01:55.553+0000] {era5_functions.py:131} WARNING - get_cds_count failed: 400 Client Error: Bad Request for url: https://cds.climate.copernicus.eu/api/retrieve/v1/processes/reanalysis-era5-single-levels/execution
invalid request
None of the data you have requested is available yet, please revise the period requested. The latest date available for this dataset is: 2026-06-08 09:00
[2026-06-13T09:01:55.557+0000] {logging_mixin.py:188} WARNING - 2026-06-13 09:01:55 [WARNING] CDS ยังไม่มีข้อมูล job=accum date=20260611, skip
[2026-06-13T09:01:55.557+0000] {era5_functions.py:335} WARNING - CDS ยังไม่มีข้อมูล job=accum date=20260611, skip
[2026-06-13T09:01:55.559+0000] {logging_mixin.py:188} WARNING - 2026-06-13 09:01:55 [INFO] --- job=accum date=20260610 ---
[2026-06-13T09:01:55.559+0000] {era5_functions.py:330} INFO - --- job=accum date=20260610 ---
[2026-06-13T09:01:59.433+0000] {logging_mixin.py:188} WARNING - 2026-06-13 09:01:59 [WARNING] get_cds_count failed: 400 Client Error: Bad Request for url: https://cds.climate.copernicus.eu/api/retrieve/v1/processes/reanalysis-era5-single-levels/execution
invalid request
None of the data you have requested is available yet, please revise the period requested. The latest date available for this dataset is: 2026-06-08 09:00
[2026-06-13T09:01:59.433+0000] {era5_functions.py:131} WARNING - get_cds_count failed: 400 Client Error: Bad Request for url: https://cds.climate.copernicus.eu/api/retrieve/v1/processes/reanalysis-era5-single-levels/execution
invalid request
None of the data you have requested is available yet, please revise the period requested. The latest date available for this dataset is: 2026-06-08 09:00
[2026-06-13T09:01:59.438+0000] {logging_mixin.py:188} WARNING - 2026-06-13 09:01:59 [WARNING] CDS ยังไม่มีข้อมูล job=accum date=20260610, skip
[2026-06-13T09:01:59.438+0000] {era5_functions.py:335} WARNING - CDS ยังไม่มีข้อมูล job=accum date=20260610, skip
[2026-06-13T09:01:59.444+0000] {logging_mixin.py:188} WARNING - 2026-06-13 09:01:59 [INFO] --- job=accum date=20260609 ---
[2026-06-13T09:01:59.443+0000] {era5_functions.py:330} INFO - --- job=accum date=20260609 ---
[2026-06-13T09:02:00.025+0000] {logging_mixin.py:188} WARNING - 2026-06-13 09:02:00 [WARNING] get_cds_count failed: 400 Client Error: Bad Request for url: https://cds.climate.copernicus.eu/api/retrieve/v1/processes/reanalysis-era5-single-levels/execution
invalid request
None of the data you have requested is available yet, please revise the period requested. The latest date available for this dataset is: 2026-06-08 09:00
[2026-06-13T09:02:00.024+0000] {era5_functions.py:131} WARNING - get_cds_count failed: 400 Client Error: Bad Request for url: https://cds.climate.copernicus.eu/api/retrieve/v1/processes/reanalysis-era5-single-levels/execution
invalid request
None of the data you have requested is available yet, please revise the period requested. The latest date available for this dataset is: 2026-06-08 09:00
[2026-06-13T09:02:00.028+0000] {logging_mixin.py:188} WARNING - 2026-06-13 09:02:00 [WARNING] CDS ยังไม่มีข้อมูล job=accum date=20260609, skip
[2026-06-13T09:02:00.028+0000] {era5_functions.py:335} WARNING - CDS ยังไม่มีข้อมูล job=accum date=20260609, skip
[2026-06-13T09:02:00.030+0000] {logging_mixin.py:188} WARNING - 2026-06-13 09:02:00 [INFO] --- job=accum date=20260608 ---
[2026-06-13T09:02:00.030+0000] {era5_functions.py:330} INFO - --- job=accum date=20260608 ---
[2026-06-13T09:02:02.365+0000] {logging_mixin.py:188} WARNING - 2026-06-13 09:02:02,365 INFO [2025-12-11T00:00:00] Please note that a dedicated catalogue entry for this dataset, post-processed and stored in Analysis Ready Cloud Optimized (ARCO) format (Zarr), is available for optimised time-series retrievals (i.e. for retrieving data from selected variables for a single point over an extended period of time in an efficient way). You can discover it [here](https://cds.climate.copernicus.eu/datasets/reanalysis-era5-single-levels-timeseries?tab=overview)
[2026-06-13T09:02:02.365+0000] {legacy_client.py:192} INFO - [2025-12-11T00:00:00] Please note that a dedicated catalogue entry for this dataset, post-processed and stored in Analysis Ready Cloud Optimized (ARCO) format (Zarr), is available for optimised time-series retrievals (i.e. for retrieving data from selected variables for a single point over an extended period of time in an efficient way). You can discover it [here](https://cds.climate.copernicus.eu/datasets/reanalysis-era5-single-levels-timeseries?tab=overview)
[2026-06-13T09:02:02.370+0000] {logging_mixin.py:188} WARNING - 2026-06-13 09:02:02,370 INFO Request ID is 84b7cade-7bdd-4641-b73f-7a0ff08df3c5
[2026-06-13T09:02:02.370+0000] {legacy_client.py:192} INFO - Request ID is 84b7cade-7bdd-4641-b73f-7a0ff08df3c5
[2026-06-13T09:02:02.591+0000] {logging_mixin.py:188} WARNING - 2026-06-13 09:02:02,590 INFO status has been updated to accepted
[2026-06-13T09:02:02.590+0000] {legacy_client.py:192} INFO - status has been updated to accepted
[2026-06-13T09:02:24.635+0000] {logging_mixin.py:188} WARNING - 2026-06-13 09:02:24,634 INFO status has been updated to successful
[2026-06-13T09:02:24.634+0000] {legacy_client.py:192} INFO - status has been updated to successful
[2026-06-13T09:02:25.235+0000] {base.py:119} INFO - Downloading https://object-store.os-api.cci2.ecmwf.int:443/cci2-prod-cache-1/2026-06-13/edbdb74e84dc4d25c1e019a67c7a6b57.nc
[2026-06-13T09:02:25.899+0000] {logging_mixin.py:188} WARNING - edbdb74e84dc4d25c1e019a67c7a6b57.nc:   0%|          | 0.00/169k [00:00<?, ?B/s]
[2026-06-13T09:02:27.105+0000] {logging_mixin.py:188} WARNING - edbdb74e84dc4d25c1e019a67c7a6b57.nc: 100%|##########| 169k/169k [00:01<00:00, 144kB/s]
[2026-06-13T09:02:27.110+0000] {logging_mixin.py:188} WARNING -                                                                                       
[2026-06-13T09:02:27.403+0000] {logging_mixin.py:188} WARNING - 2026-06-13 09:02:27 [INFO] CDS timestep available: 10
[2026-06-13T09:02:27.403+0000] {era5_functions.py:128} INFO - CDS timestep available: 10
[2026-06-13T09:02:27.489+0000] {logging_mixin.py:188} WARNING - 2026-06-13 09:02:27 [INFO] local timestep: 9 — /opt/***/era5/ecmwf/data/nc/_raw/2026/06/08/accum_20260608.nc
[2026-06-13T09:02:27.488+0000] {era5_functions.py:152} INFO - local timestep: 9 — /opt/***/era5/ecmwf/data/nc/_raw/2026/06/08/accum_20260608.nc
[2026-06-13T09:02:27.498+0000] {logging_mixin.py:188} WARNING - 2026-06-13 09:02:27 [INFO] nc outdated (local=9 < cds=10), removing: /opt/***/era5/ecmwf/data/nc/_raw/2026/06/08/accum_20260608.nc
[2026-06-13T09:02:27.497+0000] {era5_functions.py:193} INFO - nc outdated (local=9 < cds=10), removing: /opt/***/era5/ecmwf/data/nc/_raw/2026/06/08/accum_20260608.nc
[2026-06-13T09:02:27.521+0000] {logging_mixin.py:188} WARNING - 2026-06-13 09:02:27 [INFO] download attempt 1/3: /opt/***/era5/ecmwf/data/nc/_raw/2026/06/08/accum_20260608.nc
[2026-06-13T09:02:27.521+0000] {era5_functions.py:200} INFO - download attempt 1/3: /opt/***/era5/ecmwf/data/nc/_raw/2026/06/08/accum_20260608.nc
[2026-06-13T09:02:28.346+0000] {logging_mixin.py:188} WARNING - 2026-06-13 09:02:28,345 INFO [2025-12-11T00:00:00] Please note that a dedicated catalogue entry for this dataset, post-processed and stored in Analysis Ready Cloud Optimized (ARCO) format (Zarr), is available for optimised time-series retrievals (i.e. for retrieving data from selected variables for a single point over an extended period of time in an efficient way). You can discover it [here](https://cds.climate.copernicus.eu/datasets/reanalysis-era5-single-levels-timeseries?tab=overview)
[2026-06-13T09:02:28.345+0000] {legacy_client.py:192} INFO - [2025-12-11T00:00:00] Please note that a dedicated catalogue entry for this dataset, post-processed and stored in Analysis Ready Cloud Optimized (ARCO) format (Zarr), is available for optimised time-series retrievals (i.e. for retrieving data from selected variables for a single point over an extended period of time in an efficient way). You can discover it [here](https://cds.climate.copernicus.eu/datasets/reanalysis-era5-single-levels-timeseries?tab=overview)
[2026-06-13T09:02:28.349+0000] {logging_mixin.py:188} WARNING - 2026-06-13 09:02:28,349 INFO Request ID is 78fc57c1-d84f-4b29-9197-690dde2f198f
[2026-06-13T09:02:28.349+0000] {legacy_client.py:192} INFO - Request ID is 78fc57c1-d84f-4b29-9197-690dde2f198f
[2026-06-13T09:02:28.557+0000] {logging_mixin.py:188} WARNING - 2026-06-13 09:02:28,557 INFO status has been updated to accepted
[2026-06-13T09:02:28.557+0000] {legacy_client.py:192} INFO - status has been updated to accepted
[2026-06-13T09:02:50.993+0000] {logging_mixin.py:188} WARNING - 2026-06-13 09:02:50,993 INFO status has been updated to running
[2026-06-13T09:02:50.993+0000] {legacy_client.py:192} INFO - status has been updated to running
[2026-06-13T09:03:02.589+0000] {logging_mixin.py:188} WARNING - 2026-06-13 09:03:02,589 INFO status has been updated to successful
[2026-06-13T09:03:02.589+0000] {legacy_client.py:192} INFO - status has been updated to successful
[2026-06-13T09:03:03.018+0000] {base.py:119} INFO - Downloading https://object-store.os-api.cci2.ecmwf.int:443/cci2-prod-cache-2/2026-06-13/a717db3bac4888173afcebd515906cf8.nc
[2026-06-13T09:03:03.997+0000] {logging_mixin.py:188} WARNING - a717db3bac4888173afcebd515906cf8.nc:   0%|          | 0.00/169k [00:00<?, ?B/s]
[2026-06-13T09:03:05.592+0000] {logging_mixin.py:188} WARNING - a717db3bac4888173afcebd515906cf8.nc: 100%|##########| 169k/169k [00:01<00:00, 109kB/s]
[2026-06-13T09:03:05.606+0000] {logging_mixin.py:188} WARNING -                                                                                       
[2026-06-13T09:03:05.696+0000] {logging_mixin.py:188} WARNING - 2026-06-13 09:03:05 [INFO] nc downloaded ok: /opt/***/era5/ecmwf/data/nc/_raw/2026/06/08/accum_20260608.nc
[2026-06-13T09:03:05.696+0000] {era5_functions.py:204} INFO - nc downloaded ok: /opt/***/era5/ecmwf/data/nc/_raw/2026/06/08/accum_20260608.nc
[2026-06-13T09:03:05.753+0000] {logging_mixin.py:188} WARNING - 2026-06-13 09:03:05 [INFO] local timestep: 10 — /opt/***/era5/ecmwf/data/nc/_raw/2026/06/08/accum_20260608.nc
[2026-06-13T09:03:05.752+0000] {era5_functions.py:152} INFO - local timestep: 10 — /opt/***/era5/ecmwf/data/nc/_raw/2026/06/08/accum_20260608.nc
[2026-06-13T09:03:05.836+0000] {logging_mixin.py:188} WARNING - 2026-06-13 09:03:05 [INFO] tif outdated (tif=9 < nc=10), removing: /opt/***/era5/ecmwf/data/tif/2026/06/08/tp_20260608.tif
[2026-06-13T09:03:05.836+0000] {era5_functions.py:261} INFO - tif outdated (tif=9 < nc=10), removing: /opt/***/era5/ecmwf/data/tif/2026/06/08/tp_20260608.tif
[2026-06-13T09:03:05.927+0000] {logging_mixin.py:188} WARNING - 2026-06-13 09:03:05 [INFO] tif ok (bands=10): /opt/***/era5/ecmwf/data/tif/2026/06/08/tp_20260608.tif
[2026-06-13T09:03:05.927+0000] {era5_functions.py:304} INFO - tif ok (bands=10): /opt/***/era5/ecmwf/data/tif/2026/06/08/tp_20260608.tif
[2026-06-13T09:03:05.932+0000] {logging_mixin.py:188} WARNING - 2026-06-13 09:03:05 [INFO] === END job=accum date=2026-06-13 ===
[2026-06-13T09:03:05.932+0000] {era5_functions.py:379} INFO - === END job=accum date=2026-06-13 ===
[2026-06-13T09:03:05.934+0000] {python.py:237} INFO - Done. Returned value was: None
[2026-06-13T09:03:05.935+0000] {taskinstance.py:441} INFO - ::group::Post task execution logs
[2026-06-13T09:03:05.948+0000] {taskinstance.py:1206} INFO - Marking task as SUCCESS. dag_id=era5_download_pipeline, task_id=era5_accum, run_id=scheduled__2026-06-13T08:00:00+00:00, execution_date=20260613T080000, start_date=20260613T090152, end_date=20260613T090305
[2026-06-13T09:03:06.031+0000] {local_task_job_runner.py:240} INFO - Task exited with return code 0
[2026-06-13T09:03:06.056+0000] {taskinstance.py:3498} INFO - 0 downstream tasks scheduled from follow-on schedule check
[2026-06-13T09:03:06.059+0000] {local_task_job_runner.py:222} INFO - ::endgroup::
