[2026-06-20T17:00:02.479+0000] {local_task_job_runner.py:120} INFO - ::group::Pre task execution logs
[2026-06-20T17:00:02.507+0000] {taskinstance.py:2076} INFO - Dependencies all met for dep_context=non-requeueable deps ti=<TaskInstance: era5_download_pipeline.era5_instant scheduled__2026-06-20T16:00:00+00:00 [queued]>
[2026-06-20T17:00:02.517+0000] {taskinstance.py:2076} INFO - Dependencies all met for dep_context=requeueable deps ti=<TaskInstance: era5_download_pipeline.era5_instant scheduled__2026-06-20T16:00:00+00:00 [queued]>
[2026-06-20T17:00:02.518+0000] {taskinstance.py:2306} INFO - Starting attempt 1 of 1
[2026-06-20T17:00:02.534+0000] {taskinstance.py:2330} INFO - Executing <Task(PythonOperator): era5_instant> on 2026-06-20 16:00:00+00:00
[2026-06-20T17:00:02.546+0000] {warnings.py:110} WARNING - /home/***/.local/lib/python3.12/site-packages/***/task/task_runner/standard_task_runner.py:61: DeprecationWarning: This process (pid=174022) is multi-threaded, use of fork() may lead to deadlocks in the child.
  pid = os.fork()

[2026-06-20T17:00:02.548+0000] {standard_task_runner.py:63} INFO - Started process 174026 to run task
[2026-06-20T17:00:02.550+0000] {standard_task_runner.py:90} INFO - Running: ['***', 'tasks', 'run', 'era5_download_pipeline', 'era5_instant', 'scheduled__2026-06-20T16:00:00+00:00', '--job-id', '2004', '--raw', '--subdir', 'DAGS_FOLDER/era5_dag.py', '--cfg-path', '/tmp/tmpp7gu6cni']
[2026-06-20T17:00:02.555+0000] {standard_task_runner.py:91} INFO - Job 2004: Subtask era5_instant
[2026-06-20T17:00:02.647+0000] {task_command.py:426} INFO - Running <TaskInstance: era5_download_pipeline.era5_instant scheduled__2026-06-20T16:00:00+00:00 [running]> on host 01cd476fb21a
[2026-06-20T17:00:02.767+0000] {taskinstance.py:2648} INFO - Exporting env vars: AIRFLOW_CTX_DAG_OWNER='era5' AIRFLOW_CTX_DAG_ID='era5_download_pipeline' AIRFLOW_CTX_TASK_ID='era5_instant' AIRFLOW_CTX_EXECUTION_DATE='2026-06-20T16:00:00+00:00' AIRFLOW_CTX_TRY_NUMBER='1' AIRFLOW_CTX_DAG_RUN_ID='scheduled__2026-06-20T16:00:00+00:00'
[2026-06-20T17:00:02.770+0000] {taskinstance.py:430} INFO - ::endgroup::
[2026-06-20T17:00:03.842+0000] {logging_mixin.py:188} WARNING - 2026-06-20 17:00:03 [INFO] === START job=instant date=2026-06-20 ===
[2026-06-20T17:00:03.841+0000] {era5_functions.py:368} INFO - === START job=instant date=2026-06-20 ===
[2026-06-20T17:00:03.844+0000] {logging_mixin.py:188} WARNING - 2026-06-20 17:00:03 [INFO] --- job=instant date=20260620 ---
[2026-06-20T17:00:03.844+0000] {era5_functions.py:330} INFO - --- job=instant date=20260620 ---
[2026-06-20T17:00:04.631+0000] {logging_mixin.py:188} WARNING - 2026-06-20 17:00:04 [WARNING] get_cds_count failed: 400 Client Error: Bad Request for url: https://cds.climate.copernicus.eu/api/retrieve/v1/processes/reanalysis-era5-single-levels/execution
invalid request
None of the data you have requested is available yet, please revise the period requested. The latest date available for this dataset is: 2026-06-15 17:00
[2026-06-20T17:00:04.630+0000] {era5_functions.py:131} WARNING - get_cds_count failed: 400 Client Error: Bad Request for url: https://cds.climate.copernicus.eu/api/retrieve/v1/processes/reanalysis-era5-single-levels/execution
invalid request
None of the data you have requested is available yet, please revise the period requested. The latest date available for this dataset is: 2026-06-15 17:00
[2026-06-20T17:00:04.635+0000] {logging_mixin.py:188} WARNING - 2026-06-20 17:00:04 [WARNING] CDS ยังไม่มีข้อมูล job=instant date=20260620, skip
[2026-06-20T17:00:04.635+0000] {era5_functions.py:335} WARNING - CDS ยังไม่มีข้อมูล job=instant date=20260620, skip
[2026-06-20T17:00:04.640+0000] {logging_mixin.py:188} WARNING - 2026-06-20 17:00:04 [INFO] --- job=instant date=20260619 ---
[2026-06-20T17:00:04.640+0000] {era5_functions.py:330} INFO - --- job=instant date=20260619 ---
[2026-06-20T17:00:05.225+0000] {logging_mixin.py:188} WARNING - 2026-06-20 17:00:05 [WARNING] get_cds_count failed: 400 Client Error: Bad Request for url: https://cds.climate.copernicus.eu/api/retrieve/v1/processes/reanalysis-era5-single-levels/execution
invalid request
None of the data you have requested is available yet, please revise the period requested. The latest date available for this dataset is: 2026-06-15 17:00
[2026-06-20T17:00:05.225+0000] {era5_functions.py:131} WARNING - get_cds_count failed: 400 Client Error: Bad Request for url: https://cds.climate.copernicus.eu/api/retrieve/v1/processes/reanalysis-era5-single-levels/execution
invalid request
None of the data you have requested is available yet, please revise the period requested. The latest date available for this dataset is: 2026-06-15 17:00
[2026-06-20T17:00:05.231+0000] {logging_mixin.py:188} WARNING - 2026-06-20 17:00:05 [WARNING] CDS ยังไม่มีข้อมูล job=instant date=20260619, skip
[2026-06-20T17:00:05.230+0000] {era5_functions.py:335} WARNING - CDS ยังไม่มีข้อมูล job=instant date=20260619, skip
[2026-06-20T17:00:05.235+0000] {logging_mixin.py:188} WARNING - 2026-06-20 17:00:05 [INFO] --- job=instant date=20260618 ---
[2026-06-20T17:00:05.234+0000] {era5_functions.py:330} INFO - --- job=instant date=20260618 ---
[2026-06-20T17:00:05.693+0000] {logging_mixin.py:188} WARNING - 2026-06-20 17:00:05 [WARNING] get_cds_count failed: 400 Client Error: Bad Request for url: https://cds.climate.copernicus.eu/api/retrieve/v1/processes/reanalysis-era5-single-levels/execution
invalid request
None of the data you have requested is available yet, please revise the period requested. The latest date available for this dataset is: 2026-06-15 17:00
[2026-06-20T17:00:05.693+0000] {era5_functions.py:131} WARNING - get_cds_count failed: 400 Client Error: Bad Request for url: https://cds.climate.copernicus.eu/api/retrieve/v1/processes/reanalysis-era5-single-levels/execution
invalid request
None of the data you have requested is available yet, please revise the period requested. The latest date available for this dataset is: 2026-06-15 17:00
[2026-06-20T17:00:05.696+0000] {logging_mixin.py:188} WARNING - 2026-06-20 17:00:05 [WARNING] CDS ยังไม่มีข้อมูล job=instant date=20260618, skip
[2026-06-20T17:00:05.696+0000] {era5_functions.py:335} WARNING - CDS ยังไม่มีข้อมูล job=instant date=20260618, skip
[2026-06-20T17:00:05.698+0000] {logging_mixin.py:188} WARNING - 2026-06-20 17:00:05 [INFO] --- job=instant date=20260617 ---
[2026-06-20T17:00:05.697+0000] {era5_functions.py:330} INFO - --- job=instant date=20260617 ---
[2026-06-20T17:00:06.275+0000] {logging_mixin.py:188} WARNING - 2026-06-20 17:00:06 [WARNING] get_cds_count failed: 400 Client Error: Bad Request for url: https://cds.climate.copernicus.eu/api/retrieve/v1/processes/reanalysis-era5-single-levels/execution
invalid request
None of the data you have requested is available yet, please revise the period requested. The latest date available for this dataset is: 2026-06-15 17:00
[2026-06-20T17:00:06.275+0000] {era5_functions.py:131} WARNING - get_cds_count failed: 400 Client Error: Bad Request for url: https://cds.climate.copernicus.eu/api/retrieve/v1/processes/reanalysis-era5-single-levels/execution
invalid request
None of the data you have requested is available yet, please revise the period requested. The latest date available for this dataset is: 2026-06-15 17:00
[2026-06-20T17:00:06.280+0000] {logging_mixin.py:188} WARNING - 2026-06-20 17:00:06 [WARNING] CDS ยังไม่มีข้อมูล job=instant date=20260617, skip
[2026-06-20T17:00:06.280+0000] {era5_functions.py:335} WARNING - CDS ยังไม่มีข้อมูล job=instant date=20260617, skip
[2026-06-20T17:00:06.285+0000] {logging_mixin.py:188} WARNING - 2026-06-20 17:00:06 [INFO] --- job=instant date=20260616 ---
[2026-06-20T17:00:06.285+0000] {era5_functions.py:330} INFO - --- job=instant date=20260616 ---
[2026-06-20T17:00:06.696+0000] {logging_mixin.py:188} WARNING - 2026-06-20 17:00:06 [WARNING] get_cds_count failed: 400 Client Error: Bad Request for url: https://cds.climate.copernicus.eu/api/retrieve/v1/processes/reanalysis-era5-single-levels/execution
invalid request
None of the data you have requested is available yet, please revise the period requested. The latest date available for this dataset is: 2026-06-15 17:00
[2026-06-20T17:00:06.696+0000] {era5_functions.py:131} WARNING - get_cds_count failed: 400 Client Error: Bad Request for url: https://cds.climate.copernicus.eu/api/retrieve/v1/processes/reanalysis-era5-single-levels/execution
invalid request
None of the data you have requested is available yet, please revise the period requested. The latest date available for this dataset is: 2026-06-15 17:00
[2026-06-20T17:00:06.699+0000] {logging_mixin.py:188} WARNING - 2026-06-20 17:00:06 [WARNING] CDS ยังไม่มีข้อมูล job=instant date=20260616, skip
[2026-06-20T17:00:06.699+0000] {era5_functions.py:335} WARNING - CDS ยังไม่มีข้อมูล job=instant date=20260616, skip
[2026-06-20T17:00:06.702+0000] {logging_mixin.py:188} WARNING - 2026-06-20 17:00:06 [INFO] --- job=instant date=20260615 ---
[2026-06-20T17:00:06.702+0000] {era5_functions.py:330} INFO - --- job=instant date=20260615 ---
[2026-06-20T17:00:07.334+0000] {logging_mixin.py:188} WARNING - 2026-06-20 17:00:07,333 INFO [2025-12-11T00:00:00] Please note that a dedicated catalogue entry for this dataset, post-processed and stored in Analysis Ready Cloud Optimized (ARCO) format (Zarr), is available for optimised time-series retrievals (i.e. for retrieving data from selected variables for a single point over an extended period of time in an efficient way). You can discover it [here](https://cds.climate.copernicus.eu/datasets/reanalysis-era5-single-levels-timeseries?tab=overview)
[2026-06-20T17:00:07.333+0000] {legacy_client.py:192} INFO - [2025-12-11T00:00:00] Please note that a dedicated catalogue entry for this dataset, post-processed and stored in Analysis Ready Cloud Optimized (ARCO) format (Zarr), is available for optimised time-series retrievals (i.e. for retrieving data from selected variables for a single point over an extended period of time in an efficient way). You can discover it [here](https://cds.climate.copernicus.eu/datasets/reanalysis-era5-single-levels-timeseries?tab=overview)
[2026-06-20T17:00:07.339+0000] {logging_mixin.py:188} WARNING - 2026-06-20 17:00:07,338 INFO Request ID is d0173114-ca37-413d-9c36-f50be6210071
[2026-06-20T17:00:07.338+0000] {legacy_client.py:192} INFO - Request ID is d0173114-ca37-413d-9c36-f50be6210071
[2026-06-20T17:00:07.547+0000] {logging_mixin.py:188} WARNING - 2026-06-20 17:00:07,547 INFO status has been updated to accepted
[2026-06-20T17:00:07.547+0000] {legacy_client.py:192} INFO - status has been updated to accepted
[2026-06-20T17:00:29.885+0000] {logging_mixin.py:188} WARNING - 2026-06-20 17:00:29,885 INFO status has been updated to running
[2026-06-20T17:00:29.885+0000] {legacy_client.py:192} INFO - status has been updated to running
[2026-06-20T17:00:41.494+0000] {logging_mixin.py:188} WARNING - 2026-06-20 17:00:41,494 INFO status has been updated to successful
[2026-06-20T17:00:41.494+0000] {legacy_client.py:192} INFO - status has been updated to successful
[2026-06-20T17:00:42.254+0000] {base.py:119} INFO - Downloading https://object-store.os-api.cci2.ecmwf.int:443/cci2-prod-cache-2/2026-06-20/f0bbc68976c4b956dd39649bbd2bbd73.nc
[2026-06-20T17:00:42.955+0000] {logging_mixin.py:188} WARNING - f0bbc68976c4b956dd39649bbd2bbd73.nc:   0%|          | 0.00/1.93M [00:00<?, ?B/s]
[2026-06-20T17:00:45.058+0000] {logging_mixin.py:188} WARNING - f0bbc68976c4b956dd39649bbd2bbd73.nc:  52%|#####1    | 1.00M/1.93M [00:02<00:01, 499kB/s]
[2026-06-20T17:00:45.197+0000] {logging_mixin.py:188} WARNING - f0bbc68976c4b956dd39649bbd2bbd73.nc: 100%|##########| 1.93M/1.93M [00:02<00:00, 1.06MB/s]
[2026-06-20T17:00:45.201+0000] {logging_mixin.py:188} WARNING -                                                                                          
[2026-06-20T17:00:45.567+0000] {logging_mixin.py:188} WARNING - 2026-06-20 17:00:45 [INFO] CDS timestep available: 18
[2026-06-20T17:00:45.567+0000] {era5_functions.py:128} INFO - CDS timestep available: 18
[2026-06-20T17:00:45.650+0000] {logging_mixin.py:188} WARNING - 2026-06-20 17:00:45 [INFO] local timestep: 17 — /opt/***/era5/ecmwf/data/nc/_raw/2026/06/15/instant_20260615.nc
[2026-06-20T17:00:45.649+0000] {era5_functions.py:152} INFO - local timestep: 17 — /opt/***/era5/ecmwf/data/nc/_raw/2026/06/15/instant_20260615.nc
[2026-06-20T17:00:45.657+0000] {logging_mixin.py:188} WARNING - 2026-06-20 17:00:45 [INFO] nc outdated (local=17 < cds=18), removing: /opt/***/era5/ecmwf/data/nc/_raw/2026/06/15/instant_20260615.nc
[2026-06-20T17:00:45.657+0000] {era5_functions.py:193} INFO - nc outdated (local=17 < cds=18), removing: /opt/***/era5/ecmwf/data/nc/_raw/2026/06/15/instant_20260615.nc
[2026-06-20T17:00:45.678+0000] {logging_mixin.py:188} WARNING - 2026-06-20 17:00:45 [INFO] download attempt 1/3: /opt/***/era5/ecmwf/data/nc/_raw/2026/06/15/instant_20260615.nc
[2026-06-20T17:00:45.678+0000] {era5_functions.py:200} INFO - download attempt 1/3: /opt/***/era5/ecmwf/data/nc/_raw/2026/06/15/instant_20260615.nc
[2026-06-20T17:00:48.980+0000] {logging_mixin.py:188} WARNING - 2026-06-20 17:00:48,980 INFO [2025-12-11T00:00:00] Please note that a dedicated catalogue entry for this dataset, post-processed and stored in Analysis Ready Cloud Optimized (ARCO) format (Zarr), is available for optimised time-series retrievals (i.e. for retrieving data from selected variables for a single point over an extended period of time in an efficient way). You can discover it [here](https://cds.climate.copernicus.eu/datasets/reanalysis-era5-single-levels-timeseries?tab=overview)
[2026-06-20T17:00:48.980+0000] {legacy_client.py:192} INFO - [2025-12-11T00:00:00] Please note that a dedicated catalogue entry for this dataset, post-processed and stored in Analysis Ready Cloud Optimized (ARCO) format (Zarr), is available for optimised time-series retrievals (i.e. for retrieving data from selected variables for a single point over an extended period of time in an efficient way). You can discover it [here](https://cds.climate.copernicus.eu/datasets/reanalysis-era5-single-levels-timeseries?tab=overview)
[2026-06-20T17:00:48.982+0000] {logging_mixin.py:188} WARNING - 2026-06-20 17:00:48,982 INFO Request ID is c6646037-e75a-4193-adb1-3349a09b8c0d
[2026-06-20T17:00:48.982+0000] {legacy_client.py:192} INFO - Request ID is c6646037-e75a-4193-adb1-3349a09b8c0d
[2026-06-20T17:00:49.197+0000] {logging_mixin.py:188} WARNING - 2026-06-20 17:00:49,197 INFO status has been updated to accepted
[2026-06-20T17:00:49.197+0000] {legacy_client.py:192} INFO - status has been updated to accepted
[2026-06-20T17:01:11.807+0000] {logging_mixin.py:188} WARNING - 2026-06-20 17:01:11,807 INFO status has been updated to running
[2026-06-20T17:01:11.807+0000] {legacy_client.py:192} INFO - status has been updated to running
[2026-06-20T17:01:23.400+0000] {logging_mixin.py:188} WARNING - 2026-06-20 17:01:23,400 INFO status has been updated to successful
[2026-06-20T17:01:23.400+0000] {legacy_client.py:192} INFO - status has been updated to successful
[2026-06-20T17:01:23.858+0000] {base.py:119} INFO - Downloading https://object-store.os-api.cci2.ecmwf.int:443/cci2-prod-cache-2/2026-06-20/70d57250b7c202bc9d0a7685aa028df1.nc
[2026-06-20T17:01:24.843+0000] {logging_mixin.py:188} WARNING - 70d57250b7c202bc9d0a7685aa028df1.nc:   0%|          | 0.00/1.93M [00:00<?, ?B/s]
[2026-06-20T17:01:26.922+0000] {logging_mixin.py:188} WARNING - 70d57250b7c202bc9d0a7685aa028df1.nc:  52%|#####1    | 1.00M/1.93M [00:02<00:01, 505kB/s]
[2026-06-20T17:01:27.174+0000] {logging_mixin.py:188} WARNING - 70d57250b7c202bc9d0a7685aa028df1.nc: 100%|##########| 1.93M/1.93M [00:02<00:00, 1.00MB/s]
[2026-06-20T17:01:27.189+0000] {logging_mixin.py:188} WARNING -                                                                                          
[2026-06-20T17:01:27.315+0000] {logging_mixin.py:188} WARNING - 2026-06-20 17:01:27 [INFO] nc downloaded ok: /opt/***/era5/ecmwf/data/nc/_raw/2026/06/15/instant_20260615.nc
[2026-06-20T17:01:27.315+0000] {era5_functions.py:204} INFO - nc downloaded ok: /opt/***/era5/ecmwf/data/nc/_raw/2026/06/15/instant_20260615.nc
[2026-06-20T17:01:27.387+0000] {logging_mixin.py:188} WARNING - 2026-06-20 17:01:27 [INFO] local timestep: 18 — /opt/***/era5/ecmwf/data/nc/_raw/2026/06/15/instant_20260615.nc
[2026-06-20T17:01:27.387+0000] {era5_functions.py:152} INFO - local timestep: 18 — /opt/***/era5/ecmwf/data/nc/_raw/2026/06/15/instant_20260615.nc
[2026-06-20T17:01:27.478+0000] {logging_mixin.py:188} WARNING - 2026-06-20 17:01:27 [INFO] tif outdated (tif=17 < nc=18), removing: /opt/***/era5/ecmwf/data/tif/2026/06/15/t2m_20260615.tif
[2026-06-20T17:01:27.478+0000] {era5_functions.py:261} INFO - tif outdated (tif=17 < nc=18), removing: /opt/***/era5/ecmwf/data/tif/2026/06/15/t2m_20260615.tif
[2026-06-20T17:01:27.553+0000] {logging_mixin.py:188} WARNING - 2026-06-20 17:01:27 [INFO] tif ok (bands=18): /opt/***/era5/ecmwf/data/tif/2026/06/15/t2m_20260615.tif
[2026-06-20T17:01:27.553+0000] {era5_functions.py:304} INFO - tif ok (bands=18): /opt/***/era5/ecmwf/data/tif/2026/06/15/t2m_20260615.tif
[2026-06-20T17:01:27.566+0000] {logging_mixin.py:188} WARNING - 2026-06-20 17:01:27 [INFO] tif outdated (tif=17 < nc=18), removing: /opt/***/era5/ecmwf/data/tif/2026/06/15/d2m_20260615.tif
[2026-06-20T17:01:27.566+0000] {era5_functions.py:261} INFO - tif outdated (tif=17 < nc=18), removing: /opt/***/era5/ecmwf/data/tif/2026/06/15/d2m_20260615.tif
[2026-06-20T17:01:27.641+0000] {logging_mixin.py:188} WARNING - 2026-06-20 17:01:27 [INFO] tif ok (bands=18): /opt/***/era5/ecmwf/data/tif/2026/06/15/d2m_20260615.tif
[2026-06-20T17:01:27.641+0000] {era5_functions.py:304} INFO - tif ok (bands=18): /opt/***/era5/ecmwf/data/tif/2026/06/15/d2m_20260615.tif
[2026-06-20T17:01:27.653+0000] {logging_mixin.py:188} WARNING - 2026-06-20 17:01:27 [INFO] tif outdated (tif=17 < nc=18), removing: /opt/***/era5/ecmwf/data/tif/2026/06/15/sp_20260615.tif
[2026-06-20T17:01:27.653+0000] {era5_functions.py:261} INFO - tif outdated (tif=17 < nc=18), removing: /opt/***/era5/ecmwf/data/tif/2026/06/15/sp_20260615.tif
[2026-06-20T17:01:27.725+0000] {logging_mixin.py:188} WARNING - 2026-06-20 17:01:27 [INFO] tif ok (bands=18): /opt/***/era5/ecmwf/data/tif/2026/06/15/sp_20260615.tif
[2026-06-20T17:01:27.725+0000] {era5_functions.py:304} INFO - tif ok (bands=18): /opt/***/era5/ecmwf/data/tif/2026/06/15/sp_20260615.tif
[2026-06-20T17:01:27.738+0000] {logging_mixin.py:188} WARNING - 2026-06-20 17:01:27 [INFO] tif outdated (tif=17 < nc=18), removing: /opt/***/era5/ecmwf/data/tif/2026/06/15/blh_20260615.tif
[2026-06-20T17:01:27.738+0000] {era5_functions.py:261} INFO - tif outdated (tif=17 < nc=18), removing: /opt/***/era5/ecmwf/data/tif/2026/06/15/blh_20260615.tif
[2026-06-20T17:01:27.826+0000] {logging_mixin.py:188} WARNING - 2026-06-20 17:01:27 [INFO] tif ok (bands=18): /opt/***/era5/ecmwf/data/tif/2026/06/15/blh_20260615.tif
[2026-06-20T17:01:27.826+0000] {era5_functions.py:304} INFO - tif ok (bands=18): /opt/***/era5/ecmwf/data/tif/2026/06/15/blh_20260615.tif
[2026-06-20T17:01:27.841+0000] {logging_mixin.py:188} WARNING - 2026-06-20 17:01:27 [INFO] tif outdated (tif=17 < nc=18), removing: /opt/***/era5/ecmwf/data/tif/2026/06/15/u10_20260615.tif
[2026-06-20T17:01:27.841+0000] {era5_functions.py:261} INFO - tif outdated (tif=17 < nc=18), removing: /opt/***/era5/ecmwf/data/tif/2026/06/15/u10_20260615.tif
[2026-06-20T17:01:27.939+0000] {logging_mixin.py:188} WARNING - 2026-06-20 17:01:27 [INFO] tif ok (bands=18): /opt/***/era5/ecmwf/data/tif/2026/06/15/u10_20260615.tif
[2026-06-20T17:01:27.939+0000] {era5_functions.py:304} INFO - tif ok (bands=18): /opt/***/era5/ecmwf/data/tif/2026/06/15/u10_20260615.tif
[2026-06-20T17:01:27.953+0000] {logging_mixin.py:188} WARNING - 2026-06-20 17:01:27 [INFO] tif outdated (tif=17 < nc=18), removing: /opt/***/era5/ecmwf/data/tif/2026/06/15/v10_20260615.tif
[2026-06-20T17:01:27.953+0000] {era5_functions.py:261} INFO - tif outdated (tif=17 < nc=18), removing: /opt/***/era5/ecmwf/data/tif/2026/06/15/v10_20260615.tif
[2026-06-20T17:01:28.035+0000] {logging_mixin.py:188} WARNING - 2026-06-20 17:01:28 [INFO] tif ok (bands=18): /opt/***/era5/ecmwf/data/tif/2026/06/15/v10_20260615.tif
[2026-06-20T17:01:28.034+0000] {era5_functions.py:304} INFO - tif ok (bands=18): /opt/***/era5/ecmwf/data/tif/2026/06/15/v10_20260615.tif
[2026-06-20T17:01:28.039+0000] {logging_mixin.py:188} WARNING - 2026-06-20 17:01:28 [INFO] === END job=instant date=2026-06-20 ===
[2026-06-20T17:01:28.039+0000] {era5_functions.py:379} INFO - === END job=instant date=2026-06-20 ===
[2026-06-20T17:01:28.040+0000] {python.py:237} INFO - Done. Returned value was: None
[2026-06-20T17:01:28.042+0000] {taskinstance.py:441} INFO - ::group::Post task execution logs
[2026-06-20T17:01:28.059+0000] {taskinstance.py:1206} INFO - Marking task as SUCCESS. dag_id=era5_download_pipeline, task_id=era5_instant, run_id=scheduled__2026-06-20T16:00:00+00:00, execution_date=20260620T160000, start_date=20260620T170002, end_date=20260620T170128
[2026-06-20T17:01:28.134+0000] {local_task_job_runner.py:240} INFO - Task exited with return code 0
[2026-06-20T17:01:28.161+0000] {taskinstance.py:3498} INFO - 1 downstream tasks scheduled from follow-on schedule check
[2026-06-20T17:01:28.163+0000] {local_task_job_runner.py:222} INFO - ::endgroup::
