[2026-05-23T13:00:01.773+0000] {local_task_job_runner.py:120} INFO - ::group::Pre task execution logs
[2026-05-23T13:00:01.797+0000] {taskinstance.py:2076} INFO - Dependencies all met for dep_context=non-requeueable deps ti=<TaskInstance: era5_ecmwf_pipeline.era5_instant scheduled__2026-05-23T12:00:00+00:00 [queued]>
[2026-05-23T13:00:01.809+0000] {taskinstance.py:2076} INFO - Dependencies all met for dep_context=requeueable deps ti=<TaskInstance: era5_ecmwf_pipeline.era5_instant scheduled__2026-05-23T12:00:00+00:00 [queued]>
[2026-05-23T13:00:01.810+0000] {taskinstance.py:2306} INFO - Starting attempt 1 of 1
[2026-05-23T13:00:01.828+0000] {taskinstance.py:2330} INFO - Executing <Task(PythonOperator): era5_instant> on 2026-05-23 12:00:00+00:00
[2026-05-23T13:00:01.840+0000] {warnings.py:110} WARNING - /home/***/.local/lib/python3.12/site-packages/***/task/task_runner/standard_task_runner.py:61: DeprecationWarning: This process (pid=25894) is multi-threaded, use of fork() may lead to deadlocks in the child.
  pid = os.fork()

[2026-05-23T13:00:01.844+0000] {standard_task_runner.py:63} INFO - Started process 25897 to run task
[2026-05-23T13:00:01.845+0000] {standard_task_runner.py:90} INFO - Running: ['***', 'tasks', 'run', 'era5_ecmwf_pipeline', 'era5_instant', 'scheduled__2026-05-23T12:00:00+00:00', '--job-id', '375', '--raw', '--subdir', 'DAGS_FOLDER/era5_dag.py', '--cfg-path', '/tmp/tmplmr64th1']
[2026-05-23T13:00:01.852+0000] {standard_task_runner.py:91} INFO - Job 375: Subtask era5_instant
[2026-05-23T13:00:01.947+0000] {task_command.py:426} INFO - Running <TaskInstance: era5_ecmwf_pipeline.era5_instant scheduled__2026-05-23T12:00:00+00:00 [running]> on host fc8478f399e7
[2026-05-23T13:00:02.092+0000] {taskinstance.py:2648} INFO - Exporting env vars: AIRFLOW_CTX_DAG_OWNER='***' AIRFLOW_CTX_DAG_ID='era5_ecmwf_pipeline' AIRFLOW_CTX_TASK_ID='era5_instant' AIRFLOW_CTX_EXECUTION_DATE='2026-05-23T12:00:00+00:00' AIRFLOW_CTX_TRY_NUMBER='1' AIRFLOW_CTX_DAG_RUN_ID='scheduled__2026-05-23T12:00:00+00:00'
[2026-05-23T13:00:02.094+0000] {taskinstance.py:430} INFO - ::endgroup::
[2026-05-23T13:00:02.114+0000] {logging_mixin.py:188} INFO - RUN → instant | 2026-05-18
[2026-05-23T13:00:02.126+0000] {era5_logger.py:51} INFO - Log file: logs/era5/2026/05/18/era5_20260518.log
[2026-05-23T13:00:02.127+0000] {era5_functions.py:329} INFO - ERA5 [INSTANT] START: 2026-05-18
[2026-05-23T13:00:03.155+0000] {era5_functions.py:285} INFO - ============================================================
[2026-05-23T13:00:03.157+0000] {era5_functions.py:286} INFO - JOB : INSTANT | 2026-05-18
[2026-05-23T13:00:03.159+0000] {era5_functions.py:287} INFO - VARS: ['t2m', 'd2m', 'sp', 'blh', 'u10', 'v10']
[2026-05-23T13:00:03.161+0000] {era5_functions.py:288} INFO - ============================================================
[2026-05-23T13:00:03.481+0000] {era5_functions.py:63} WARNING - [VALIDATE NC] instant_20260518.nc → NOT READY (2/24)
[2026-05-23T13:00:03.487+0000] {era5_functions.py:123} WARNING - [NC] ERA5 not ready → instant_20260518.nc
[2026-05-23T13:00:03.488+0000] {era5_functions.py:295} WARNING - [PIPELINE] skip tif → nc not ready
[2026-05-23T13:00:03.490+0000] {era5_functions.py:341} INFO - ERA5 [INSTANT] COMPLETE ✓
[2026-05-23T13:00:03.491+0000] {logging_mixin.py:188} INFO - RUN → instant | 2026-05-17
[2026-05-23T13:00:03.504+0000] {era5_logger.py:51} INFO - Log file: logs/era5/2026/05/17/era5_20260517.log
[2026-05-23T13:00:03.506+0000] {era5_functions.py:329} INFO - ERA5 [INSTANT] START: 2026-05-17
[2026-05-23T13:00:04.499+0000] {era5_functions.py:285} INFO - ============================================================
[2026-05-23T13:00:04.501+0000] {era5_functions.py:286} INFO - JOB : INSTANT | 2026-05-17
[2026-05-23T13:00:04.503+0000] {era5_functions.py:287} INFO - VARS: ['t2m', 'd2m', 'sp', 'blh', 'u10', 'v10']
[2026-05-23T13:00:04.504+0000] {era5_functions.py:288} INFO - ============================================================
[2026-05-23T13:00:04.574+0000] {era5_functions.py:63} WARNING - [VALIDATE NC] instant_20260517.nc → NOT READY (4/24)
[2026-05-23T13:00:04.579+0000] {era5_functions.py:123} WARNING - [NC] ERA5 not ready → instant_20260517.nc
[2026-05-23T13:00:04.581+0000] {era5_functions.py:295} WARNING - [PIPELINE] skip tif → nc not ready
[2026-05-23T13:00:04.582+0000] {era5_functions.py:341} INFO - ERA5 [INSTANT] COMPLETE ✓
[2026-05-23T13:00:04.584+0000] {logging_mixin.py:188} INFO - RUN → instant | 2026-05-16
[2026-05-23T13:00:04.587+0000] {era5_logger.py:51} INFO - Log file: logs/era5/2026/05/16/era5_20260516.log
[2026-05-23T13:00:04.589+0000] {era5_functions.py:329} INFO - ERA5 [INSTANT] START: 2026-05-16
[2026-05-23T13:00:05.567+0000] {era5_functions.py:285} INFO - ============================================================
[2026-05-23T13:00:05.569+0000] {era5_functions.py:286} INFO - JOB : INSTANT | 2026-05-16
[2026-05-23T13:00:05.570+0000] {era5_functions.py:287} INFO - VARS: ['t2m', 'd2m', 'sp', 'blh', 'u10', 'v10']
[2026-05-23T13:00:05.572+0000] {era5_functions.py:288} INFO - ============================================================
[2026-05-23T13:00:05.658+0000] {era5_functions.py:63} WARNING - [VALIDATE NC] instant_20260516.nc → NOT READY (2/24)
[2026-05-23T13:00:05.662+0000] {era5_functions.py:123} WARNING - [NC] ERA5 not ready → instant_20260516.nc
[2026-05-23T13:00:05.664+0000] {era5_functions.py:295} WARNING - [PIPELINE] skip tif → nc not ready
[2026-05-23T13:00:05.665+0000] {era5_functions.py:341} INFO - ERA5 [INSTANT] COMPLETE ✓
[2026-05-23T13:00:05.666+0000] {python.py:237} INFO - Done. Returned value was: None
[2026-05-23T13:00:05.666+0000] {taskinstance.py:441} INFO - ::group::Post task execution logs
[2026-05-23T13:00:05.682+0000] {taskinstance.py:1206} INFO - Marking task as SUCCESS. dag_id=era5_ecmwf_pipeline, task_id=era5_instant, run_id=scheduled__2026-05-23T12:00:00+00:00, execution_date=20260523T120000, start_date=20260523T130001, end_date=20260523T130005
[2026-05-23T13:00:05.762+0000] {local_task_job_runner.py:240} INFO - Task exited with return code 0
[2026-05-23T13:00:05.780+0000] {local_task_job_runner.py:222} INFO - ::endgroup::
