[2026-06-07T14:00:01.803+0000] {local_task_job_runner.py:120} INFO - ::group::Pre task execution logs
[2026-06-07T14:00:01.837+0000] {taskinstance.py:2076} INFO - Dependencies all met for dep_context=non-requeueable deps ti=<TaskInstance: era5_download_pipeline.era5_instant scheduled__2026-06-07T13:00:00+00:00 [queued]>
[2026-06-07T14:00:01.852+0000] {taskinstance.py:2076} INFO - Dependencies all met for dep_context=requeueable deps ti=<TaskInstance: era5_download_pipeline.era5_instant scheduled__2026-06-07T13:00:00+00:00 [queued]>
[2026-06-07T14:00:01.854+0000] {taskinstance.py:2306} INFO - Starting attempt 1 of 1
[2026-06-07T14:00:01.871+0000] {taskinstance.py:2330} INFO - Executing <Task(PythonOperator): era5_instant> on 2026-06-07 13:00:00+00:00
[2026-06-07T14:00:01.884+0000] {warnings.py:110} WARNING - /home/***/.local/lib/python3.12/site-packages/***/task/task_runner/standard_task_runner.py:61: DeprecationWarning: This process (pid=98315) is multi-threaded, use of fork() may lead to deadlocks in the child.
  pid = os.fork()

[2026-06-07T14:00:01.887+0000] {standard_task_runner.py:63} INFO - Started process 98319 to run task
[2026-06-07T14:00:01.887+0000] {standard_task_runner.py:90} INFO - Running: ['***', 'tasks', 'run', 'era5_download_pipeline', 'era5_instant', 'scheduled__2026-06-07T13:00:00+00:00', '--job-id', '1134', '--raw', '--subdir', 'DAGS_FOLDER/era5_dag.py', '--cfg-path', '/tmp/tmp_m5bb1di']
[2026-06-07T14:00:01.892+0000] {standard_task_runner.py:91} INFO - Job 1134: Subtask era5_instant
[2026-06-07T14:00:01.988+0000] {task_command.py:426} INFO - Running <TaskInstance: era5_download_pipeline.era5_instant scheduled__2026-06-07T13:00:00+00:00 [running]> on host 01cd476fb21a
[2026-06-07T14:00:02.132+0000] {taskinstance.py:2648} INFO - Exporting env vars: AIRFLOW_CTX_DAG_OWNER='era5' AIRFLOW_CTX_DAG_ID='era5_download_pipeline' AIRFLOW_CTX_TASK_ID='era5_instant' AIRFLOW_CTX_EXECUTION_DATE='2026-06-07T13:00:00+00:00' AIRFLOW_CTX_TRY_NUMBER='1' AIRFLOW_CTX_DAG_RUN_ID='scheduled__2026-06-07T13:00:00+00:00'
[2026-06-07T14:00:02.134+0000] {taskinstance.py:430} INFO - ::endgroup::
[2026-06-07T14:00:03.177+0000] {logging_mixin.py:188} WARNING - 2026-06-07 14:00:03 [INFO] === START job=instant date=2026-06-07 ===
[2026-06-07T14:00:03.176+0000] {era5_functions.py:368} INFO - === START job=instant date=2026-06-07 ===
[2026-06-07T14:00:03.180+0000] {logging_mixin.py:188} WARNING - 2026-06-07 14:00:03 [INFO] --- job=instant date=20260607 ---
[2026-06-07T14:00:03.180+0000] {era5_functions.py:330} INFO - --- job=instant date=20260607 ---
[2026-06-07T14:00:04.337+0000] {logging_mixin.py:188} WARNING - 2026-06-07 14:00:04 [WARNING] get_cds_count failed: 400 Client Error: Bad Request for url: https://cds.climate.copernicus.eu/api/retrieve/v1/processes/reanalysis-era5-single-levels/execution
invalid request
None of the data you have requested is available yet, please revise the period requested. The latest date available for this dataset is: 2026-06-02 14:00
[2026-06-07T14:00:04.337+0000] {era5_functions.py:131} WARNING - get_cds_count failed: 400 Client Error: Bad Request for url: https://cds.climate.copernicus.eu/api/retrieve/v1/processes/reanalysis-era5-single-levels/execution
invalid request
None of the data you have requested is available yet, please revise the period requested. The latest date available for this dataset is: 2026-06-02 14:00
[2026-06-07T14:00:04.342+0000] {logging_mixin.py:188} WARNING - 2026-06-07 14:00:04 [WARNING] CDS ยังไม่มีข้อมูล job=instant date=20260607, skip
[2026-06-07T14:00:04.342+0000] {era5_functions.py:335} WARNING - CDS ยังไม่มีข้อมูล job=instant date=20260607, skip
[2026-06-07T14:00:04.346+0000] {logging_mixin.py:188} WARNING - 2026-06-07 14:00:04 [INFO] --- job=instant date=20260606 ---
[2026-06-07T14:00:04.346+0000] {era5_functions.py:330} INFO - --- job=instant date=20260606 ---
[2026-06-07T14:00:05.018+0000] {logging_mixin.py:188} WARNING - 2026-06-07 14:00:05 [WARNING] get_cds_count failed: 400 Client Error: Bad Request for url: https://cds.climate.copernicus.eu/api/retrieve/v1/processes/reanalysis-era5-single-levels/execution
invalid request
None of the data you have requested is available yet, please revise the period requested. The latest date available for this dataset is: 2026-06-02 14:00
[2026-06-07T14:00:05.017+0000] {era5_functions.py:131} WARNING - get_cds_count failed: 400 Client Error: Bad Request for url: https://cds.climate.copernicus.eu/api/retrieve/v1/processes/reanalysis-era5-single-levels/execution
invalid request
None of the data you have requested is available yet, please revise the period requested. The latest date available for this dataset is: 2026-06-02 14:00
[2026-06-07T14:00:05.022+0000] {logging_mixin.py:188} WARNING - 2026-06-07 14:00:05 [WARNING] CDS ยังไม่มีข้อมูล job=instant date=20260606, skip
[2026-06-07T14:00:05.022+0000] {era5_functions.py:335} WARNING - CDS ยังไม่มีข้อมูล job=instant date=20260606, skip
[2026-06-07T14:00:05.027+0000] {logging_mixin.py:188} WARNING - 2026-06-07 14:00:05 [INFO] --- job=instant date=20260605 ---
[2026-06-07T14:00:05.026+0000] {era5_functions.py:330} INFO - --- job=instant date=20260605 ---
[2026-06-07T14:00:08.789+0000] {logging_mixin.py:188} WARNING - 2026-06-07 14:00:08 [WARNING] get_cds_count failed: 400 Client Error: Bad Request for url: https://cds.climate.copernicus.eu/api/retrieve/v1/processes/reanalysis-era5-single-levels/execution
invalid request
None of the data you have requested is available yet, please revise the period requested. The latest date available for this dataset is: 2026-06-02 14:00
[2026-06-07T14:00:08.789+0000] {era5_functions.py:131} WARNING - get_cds_count failed: 400 Client Error: Bad Request for url: https://cds.climate.copernicus.eu/api/retrieve/v1/processes/reanalysis-era5-single-levels/execution
invalid request
None of the data you have requested is available yet, please revise the period requested. The latest date available for this dataset is: 2026-06-02 14:00
[2026-06-07T14:00:08.794+0000] {logging_mixin.py:188} WARNING - 2026-06-07 14:00:08 [WARNING] CDS ยังไม่มีข้อมูล job=instant date=20260605, skip
[2026-06-07T14:00:08.794+0000] {era5_functions.py:335} WARNING - CDS ยังไม่มีข้อมูล job=instant date=20260605, skip
[2026-06-07T14:00:08.798+0000] {logging_mixin.py:188} WARNING - 2026-06-07 14:00:08 [INFO] --- job=instant date=20260604 ---
[2026-06-07T14:00:08.797+0000] {era5_functions.py:330} INFO - --- job=instant date=20260604 ---
[2026-06-07T14:00:11.198+0000] {logging_mixin.py:188} WARNING - 2026-06-07 14:00:11 [WARNING] get_cds_count failed: 400 Client Error: Bad Request for url: https://cds.climate.copernicus.eu/api/retrieve/v1/processes/reanalysis-era5-single-levels/execution
invalid request
None of the data you have requested is available yet, please revise the period requested. The latest date available for this dataset is: 2026-06-02 14:00
[2026-06-07T14:00:11.198+0000] {era5_functions.py:131} WARNING - get_cds_count failed: 400 Client Error: Bad Request for url: https://cds.climate.copernicus.eu/api/retrieve/v1/processes/reanalysis-era5-single-levels/execution
invalid request
None of the data you have requested is available yet, please revise the period requested. The latest date available for this dataset is: 2026-06-02 14:00
[2026-06-07T14:00:11.202+0000] {logging_mixin.py:188} WARNING - 2026-06-07 14:00:11 [WARNING] CDS ยังไม่มีข้อมูล job=instant date=20260604, skip
[2026-06-07T14:00:11.201+0000] {era5_functions.py:335} WARNING - CDS ยังไม่มีข้อมูล job=instant date=20260604, skip
[2026-06-07T14:00:11.205+0000] {logging_mixin.py:188} WARNING - 2026-06-07 14:00:11 [INFO] --- job=instant date=20260603 ---
[2026-06-07T14:00:11.205+0000] {era5_functions.py:330} INFO - --- job=instant date=20260603 ---
[2026-06-07T14:00:11.777+0000] {logging_mixin.py:188} WARNING - 2026-06-07 14:00:11 [WARNING] get_cds_count failed: 400 Client Error: Bad Request for url: https://cds.climate.copernicus.eu/api/retrieve/v1/processes/reanalysis-era5-single-levels/execution
invalid request
None of the data you have requested is available yet, please revise the period requested. The latest date available for this dataset is: 2026-06-02 14:00
[2026-06-07T14:00:11.777+0000] {era5_functions.py:131} WARNING - get_cds_count failed: 400 Client Error: Bad Request for url: https://cds.climate.copernicus.eu/api/retrieve/v1/processes/reanalysis-era5-single-levels/execution
invalid request
None of the data you have requested is available yet, please revise the period requested. The latest date available for this dataset is: 2026-06-02 14:00
[2026-06-07T14:00:11.781+0000] {logging_mixin.py:188} WARNING - 2026-06-07 14:00:11 [WARNING] CDS ยังไม่มีข้อมูล job=instant date=20260603, skip
[2026-06-07T14:00:11.781+0000] {era5_functions.py:335} WARNING - CDS ยังไม่มีข้อมูล job=instant date=20260603, skip
[2026-06-07T14:00:11.784+0000] {logging_mixin.py:188} WARNING - 2026-06-07 14:00:11 [INFO] --- job=instant date=20260602 ---
[2026-06-07T14:00:11.784+0000] {era5_functions.py:330} INFO - --- job=instant date=20260602 ---
[2026-06-07T14:00:13.361+0000] {logging_mixin.py:188} WARNING - 2026-06-07 14:00:13,361 INFO [2025-12-11T00:00:00] Please note that a dedicated catalogue entry for this dataset, post-processed and stored in Analysis Ready Cloud Optimized (ARCO) format (Zarr), is available for optimised time-series retrievals (i.e. for retrieving data from selected variables for a single point over an extended period of time in an efficient way). You can discover it [here](https://cds.climate.copernicus.eu/datasets/reanalysis-era5-single-levels-timeseries?tab=overview)
[2026-06-07T14:00:13.361+0000] {legacy_client.py:192} INFO - [2025-12-11T00:00:00] Please note that a dedicated catalogue entry for this dataset, post-processed and stored in Analysis Ready Cloud Optimized (ARCO) format (Zarr), is available for optimised time-series retrievals (i.e. for retrieving data from selected variables for a single point over an extended period of time in an efficient way). You can discover it [here](https://cds.climate.copernicus.eu/datasets/reanalysis-era5-single-levels-timeseries?tab=overview)
[2026-06-07T14:00:13.364+0000] {logging_mixin.py:188} WARNING - 2026-06-07 14:00:13,364 INFO Request ID is 8a66176e-4d46-4903-a918-13035b5419e5
[2026-06-07T14:00:13.364+0000] {legacy_client.py:192} INFO - Request ID is 8a66176e-4d46-4903-a918-13035b5419e5
[2026-06-07T14:00:13.564+0000] {logging_mixin.py:188} WARNING - 2026-06-07 14:00:13,563 INFO status has been updated to accepted
[2026-06-07T14:00:13.563+0000] {legacy_client.py:192} INFO - status has been updated to accepted
[2026-06-07T14:00:29.132+0000] {logging_mixin.py:188} WARNING - 2026-06-07 14:00:29,131 INFO status has been updated to running
[2026-06-07T14:00:29.131+0000] {legacy_client.py:192} INFO - status has been updated to running
[2026-06-07T14:00:36.935+0000] {logging_mixin.py:188} WARNING - 2026-06-07 14:00:36,935 INFO status has been updated to successful
[2026-06-07T14:00:36.935+0000] {legacy_client.py:192} INFO - status has been updated to successful
[2026-06-07T14:00:37.359+0000] {base.py:119} INFO - Downloading https://object-store.os-api.cci2.ecmwf.int:443/cci2-prod-cache-3/2026-06-07/530a5fcb7e551409d6de43eaf52a4644.nc
[2026-06-07T14:00:38.424+0000] {logging_mixin.py:188} WARNING - 530a5fcb7e551409d6de43eaf52a4644.nc:   0%|          | 0.00/1.63M [00:00<?, ?B/s]
[2026-06-07T14:00:40.540+0000] {logging_mixin.py:188} WARNING - 530a5fcb7e551409d6de43eaf52a4644.nc:  61%|######1   | 1.00M/1.63M [00:02<00:01, 496kB/s]
[2026-06-07T14:00:41.870+0000] {logging_mixin.py:188} WARNING - 530a5fcb7e551409d6de43eaf52a4644.nc: 100%|##########| 1.63M/1.63M [00:03<00:00, 496kB/s]
[2026-06-07T14:00:41.875+0000] {logging_mixin.py:188} WARNING -                                                                                         
[2026-06-07T14:00:42.177+0000] {logging_mixin.py:188} WARNING - 2026-06-07 14:00:42 [INFO] CDS timestep available: 15
[2026-06-07T14:00:42.177+0000] {era5_functions.py:128} INFO - CDS timestep available: 15
[2026-06-07T14:00:42.254+0000] {logging_mixin.py:188} WARNING - 2026-06-07 14:00:42 [INFO] local timestep: 14 — /opt/***/era5/ecmwf/data/nc/_raw/2026/06/02/instant_20260602.nc
[2026-06-07T14:00:42.254+0000] {era5_functions.py:152} INFO - local timestep: 14 — /opt/***/era5/ecmwf/data/nc/_raw/2026/06/02/instant_20260602.nc
[2026-06-07T14:00:42.261+0000] {logging_mixin.py:188} WARNING - 2026-06-07 14:00:42 [INFO] nc outdated (local=14 < cds=15), removing: /opt/***/era5/ecmwf/data/nc/_raw/2026/06/02/instant_20260602.nc
[2026-06-07T14:00:42.261+0000] {era5_functions.py:193} INFO - nc outdated (local=14 < cds=15), removing: /opt/***/era5/ecmwf/data/nc/_raw/2026/06/02/instant_20260602.nc
[2026-06-07T14:00:42.282+0000] {logging_mixin.py:188} WARNING - 2026-06-07 14:00:42 [INFO] download attempt 1/3: /opt/***/era5/ecmwf/data/nc/_raw/2026/06/02/instant_20260602.nc
[2026-06-07T14:00:42.282+0000] {era5_functions.py:200} INFO - download attempt 1/3: /opt/***/era5/ecmwf/data/nc/_raw/2026/06/02/instant_20260602.nc
[2026-06-07T14:00:43.095+0000] {logging_mixin.py:188} WARNING - 2026-06-07 14:00:43,095 INFO [2025-12-11T00:00:00] Please note that a dedicated catalogue entry for this dataset, post-processed and stored in Analysis Ready Cloud Optimized (ARCO) format (Zarr), is available for optimised time-series retrievals (i.e. for retrieving data from selected variables for a single point over an extended period of time in an efficient way). You can discover it [here](https://cds.climate.copernicus.eu/datasets/reanalysis-era5-single-levels-timeseries?tab=overview)
[2026-06-07T14:00:43.095+0000] {legacy_client.py:192} INFO - [2025-12-11T00:00:00] Please note that a dedicated catalogue entry for this dataset, post-processed and stored in Analysis Ready Cloud Optimized (ARCO) format (Zarr), is available for optimised time-series retrievals (i.e. for retrieving data from selected variables for a single point over an extended period of time in an efficient way). You can discover it [here](https://cds.climate.copernicus.eu/datasets/reanalysis-era5-single-levels-timeseries?tab=overview)
[2026-06-07T14:00:43.099+0000] {logging_mixin.py:188} WARNING - 2026-06-07 14:00:43,098 INFO Request ID is bf4ee18f-2a0a-4782-afd2-048ac730e89c
[2026-06-07T14:00:43.098+0000] {legacy_client.py:192} INFO - Request ID is bf4ee18f-2a0a-4782-afd2-048ac730e89c
[2026-06-07T14:00:43.444+0000] {logging_mixin.py:188} WARNING - 2026-06-07 14:00:43,444 INFO status has been updated to accepted
[2026-06-07T14:00:43.444+0000] {legacy_client.py:192} INFO - status has been updated to accepted
[2026-06-07T14:00:57.699+0000] {logging_mixin.py:188} WARNING - 2026-06-07 14:00:57,699 INFO status has been updated to running
[2026-06-07T14:00:57.699+0000] {legacy_client.py:192} INFO - status has been updated to running
[2026-06-07T14:01:07.265+0000] {logging_mixin.py:188} WARNING - 2026-06-07 14:01:07,264 INFO status has been updated to successful
[2026-06-07T14:01:07.264+0000] {legacy_client.py:192} INFO - status has been updated to successful
[2026-06-07T14:01:07.688+0000] {base.py:119} INFO - Downloading https://object-store.os-api.cci2.ecmwf.int:443/cci2-prod-cache-2/2026-06-07/fe6da50ad5845cde16039ac8450f8089.nc
[2026-06-07T14:01:08.362+0000] {logging_mixin.py:188} WARNING - fe6da50ad5845cde16039ac8450f8089.nc:   0%|          | 0.00/1.63M [00:00<?, ?B/s]
[2026-06-07T14:01:10.504+0000] {logging_mixin.py:188} WARNING - fe6da50ad5845cde16039ac8450f8089.nc:  61%|######1   | 1.00M/1.63M [00:02<00:01, 490kB/s]
[2026-06-07T14:01:12.007+0000] {logging_mixin.py:188} WARNING - fe6da50ad5845cde16039ac8450f8089.nc: 100%|##########| 1.63M/1.63M [00:03<00:00, 464kB/s]
[2026-06-07T14:01:12.036+0000] {logging_mixin.py:188} WARNING -                                                                                         
[2026-06-07T14:01:12.199+0000] {logging_mixin.py:188} WARNING - 2026-06-07 14:01:12 [INFO] nc downloaded ok: /opt/***/era5/ecmwf/data/nc/_raw/2026/06/02/instant_20260602.nc
[2026-06-07T14:01:12.199+0000] {era5_functions.py:204} INFO - nc downloaded ok: /opt/***/era5/ecmwf/data/nc/_raw/2026/06/02/instant_20260602.nc
[2026-06-07T14:01:12.304+0000] {logging_mixin.py:188} WARNING - 2026-06-07 14:01:12 [INFO] local timestep: 15 — /opt/***/era5/ecmwf/data/nc/_raw/2026/06/02/instant_20260602.nc
[2026-06-07T14:01:12.304+0000] {era5_functions.py:152} INFO - local timestep: 15 — /opt/***/era5/ecmwf/data/nc/_raw/2026/06/02/instant_20260602.nc
[2026-06-07T14:01:12.433+0000] {logging_mixin.py:188} WARNING - 2026-06-07 14:01:12 [INFO] tif outdated (tif=14 < nc=15), removing: /opt/***/era5/ecmwf/data/tif/2026/06/02/t2m_20260602.tif
[2026-06-07T14:01:12.433+0000] {era5_functions.py:261} INFO - tif outdated (tif=14 < nc=15), removing: /opt/***/era5/ecmwf/data/tif/2026/06/02/t2m_20260602.tif
[2026-06-07T14:01:12.533+0000] {logging_mixin.py:188} WARNING - 2026-06-07 14:01:12 [INFO] tif ok (bands=15): /opt/***/era5/ecmwf/data/tif/2026/06/02/t2m_20260602.tif
[2026-06-07T14:01:12.533+0000] {era5_functions.py:304} INFO - tif ok (bands=15): /opt/***/era5/ecmwf/data/tif/2026/06/02/t2m_20260602.tif
[2026-06-07T14:01:12.552+0000] {logging_mixin.py:188} WARNING - 2026-06-07 14:01:12 [INFO] tif outdated (tif=14 < nc=15), removing: /opt/***/era5/ecmwf/data/tif/2026/06/02/d2m_20260602.tif
[2026-06-07T14:01:12.552+0000] {era5_functions.py:261} INFO - tif outdated (tif=14 < nc=15), removing: /opt/***/era5/ecmwf/data/tif/2026/06/02/d2m_20260602.tif
[2026-06-07T14:01:12.662+0000] {logging_mixin.py:188} WARNING - 2026-06-07 14:01:12 [INFO] tif ok (bands=15): /opt/***/era5/ecmwf/data/tif/2026/06/02/d2m_20260602.tif
[2026-06-07T14:01:12.661+0000] {era5_functions.py:304} INFO - tif ok (bands=15): /opt/***/era5/ecmwf/data/tif/2026/06/02/d2m_20260602.tif
[2026-06-07T14:01:12.684+0000] {logging_mixin.py:188} WARNING - 2026-06-07 14:01:12 [INFO] tif outdated (tif=14 < nc=15), removing: /opt/***/era5/ecmwf/data/tif/2026/06/02/sp_20260602.tif
[2026-06-07T14:01:12.684+0000] {era5_functions.py:261} INFO - tif outdated (tif=14 < nc=15), removing: /opt/***/era5/ecmwf/data/tif/2026/06/02/sp_20260602.tif
[2026-06-07T14:01:12.791+0000] {logging_mixin.py:188} WARNING - 2026-06-07 14:01:12 [INFO] tif ok (bands=15): /opt/***/era5/ecmwf/data/tif/2026/06/02/sp_20260602.tif
[2026-06-07T14:01:12.791+0000] {era5_functions.py:304} INFO - tif ok (bands=15): /opt/***/era5/ecmwf/data/tif/2026/06/02/sp_20260602.tif
[2026-06-07T14:01:12.809+0000] {logging_mixin.py:188} WARNING - 2026-06-07 14:01:12 [INFO] tif outdated (tif=14 < nc=15), removing: /opt/***/era5/ecmwf/data/tif/2026/06/02/blh_20260602.tif
[2026-06-07T14:01:12.809+0000] {era5_functions.py:261} INFO - tif outdated (tif=14 < nc=15), removing: /opt/***/era5/ecmwf/data/tif/2026/06/02/blh_20260602.tif
[2026-06-07T14:01:12.923+0000] {logging_mixin.py:188} WARNING - 2026-06-07 14:01:12 [INFO] tif ok (bands=15): /opt/***/era5/ecmwf/data/tif/2026/06/02/blh_20260602.tif
[2026-06-07T14:01:12.922+0000] {era5_functions.py:304} INFO - tif ok (bands=15): /opt/***/era5/ecmwf/data/tif/2026/06/02/blh_20260602.tif
[2026-06-07T14:01:12.944+0000] {logging_mixin.py:188} WARNING - 2026-06-07 14:01:12 [INFO] tif outdated (tif=14 < nc=15), removing: /opt/***/era5/ecmwf/data/tif/2026/06/02/u10_20260602.tif
[2026-06-07T14:01:12.944+0000] {era5_functions.py:261} INFO - tif outdated (tif=14 < nc=15), removing: /opt/***/era5/ecmwf/data/tif/2026/06/02/u10_20260602.tif
[2026-06-07T14:01:13.072+0000] {logging_mixin.py:188} WARNING - 2026-06-07 14:01:13 [INFO] tif ok (bands=15): /opt/***/era5/ecmwf/data/tif/2026/06/02/u10_20260602.tif
[2026-06-07T14:01:13.072+0000] {era5_functions.py:304} INFO - tif ok (bands=15): /opt/***/era5/ecmwf/data/tif/2026/06/02/u10_20260602.tif
[2026-06-07T14:01:13.097+0000] {logging_mixin.py:188} WARNING - 2026-06-07 14:01:13 [INFO] tif outdated (tif=14 < nc=15), removing: /opt/***/era5/ecmwf/data/tif/2026/06/02/v10_20260602.tif
[2026-06-07T14:01:13.097+0000] {era5_functions.py:261} INFO - tif outdated (tif=14 < nc=15), removing: /opt/***/era5/ecmwf/data/tif/2026/06/02/v10_20260602.tif
[2026-06-07T14:01:13.243+0000] {logging_mixin.py:188} WARNING - 2026-06-07 14:01:13 [INFO] tif ok (bands=15): /opt/***/era5/ecmwf/data/tif/2026/06/02/v10_20260602.tif
[2026-06-07T14:01:13.243+0000] {era5_functions.py:304} INFO - tif ok (bands=15): /opt/***/era5/ecmwf/data/tif/2026/06/02/v10_20260602.tif
[2026-06-07T14:01:13.249+0000] {logging_mixin.py:188} WARNING - 2026-06-07 14:01:13 [INFO] === END job=instant date=2026-06-07 ===
[2026-06-07T14:01:13.249+0000] {era5_functions.py:379} INFO - === END job=instant date=2026-06-07 ===
[2026-06-07T14:01:13.252+0000] {python.py:237} INFO - Done. Returned value was: None
[2026-06-07T14:01:13.252+0000] {taskinstance.py:441} INFO - ::group::Post task execution logs
[2026-06-07T14:01:13.272+0000] {taskinstance.py:1206} INFO - Marking task as SUCCESS. dag_id=era5_download_pipeline, task_id=era5_instant, run_id=scheduled__2026-06-07T13:00:00+00:00, execution_date=20260607T130000, start_date=20260607T140001, end_date=20260607T140113
[2026-06-07T14:01:13.349+0000] {local_task_job_runner.py:240} INFO - Task exited with return code 0
[2026-06-07T14:01:13.388+0000] {taskinstance.py:3498} INFO - 1 downstream tasks scheduled from follow-on schedule check
[2026-06-07T14:01:13.393+0000] {local_task_job_runner.py:222} INFO - ::endgroup::
