[2026-07-22T19:00:57.434+0000] {local_task_job_runner.py:120} INFO - ::group::Pre task execution logs
[2026-07-22T19:00:57.463+0000] {taskinstance.py:2076} INFO - Dependencies all met for dep_context=non-requeueable deps ti=<TaskInstance: era5_download_pipeline.era5_accum scheduled__2026-07-22T18:00:00+00:00 [queued]>
[2026-07-22T19:00:57.473+0000] {taskinstance.py:2076} INFO - Dependencies all met for dep_context=requeueable deps ti=<TaskInstance: era5_download_pipeline.era5_accum scheduled__2026-07-22T18:00:00+00:00 [queued]>
[2026-07-22T19:00:57.474+0000] {taskinstance.py:2306} INFO - Starting attempt 1 of 1
[2026-07-22T19:00:57.490+0000] {taskinstance.py:2330} INFO - Executing <Task(PythonOperator): era5_accum> on 2026-07-22 18:00:00+00:00
[2026-07-22T19:00:57.500+0000] {warnings.py:110} WARNING - /home/***/.local/lib/python3.12/site-packages/***/task/task_runner/standard_task_runner.py:61: DeprecationWarning: This process (pid=44794) is multi-threaded, use of fork() may lead to deadlocks in the child.
  pid = os.fork()

[2026-07-22T19:00:57.503+0000] {standard_task_runner.py:63} INFO - Started process 44796 to run task
[2026-07-22T19:00:57.503+0000] {standard_task_runner.py:90} INFO - Running: ['***', 'tasks', 'run', 'era5_download_pipeline', 'era5_accum', 'scheduled__2026-07-22T18:00:00+00:00', '--job-id', '2560', '--raw', '--subdir', 'DAGS_FOLDER/era5_dag.py', '--cfg-path', '/tmp/tmpt_wy1dol']
[2026-07-22T19:00:57.507+0000] {standard_task_runner.py:91} INFO - Job 2560: Subtask era5_accum
[2026-07-22T19:00:57.587+0000] {task_command.py:426} INFO - Running <TaskInstance: era5_download_pipeline.era5_accum scheduled__2026-07-22T18:00:00+00:00 [running]> on host e2e0d31e4327
[2026-07-22T19:00:57.727+0000] {taskinstance.py:2648} INFO - Exporting env vars: AIRFLOW_CTX_DAG_OWNER='era5' AIRFLOW_CTX_DAG_ID='era5_download_pipeline' AIRFLOW_CTX_TASK_ID='era5_accum' AIRFLOW_CTX_EXECUTION_DATE='2026-07-22T18:00:00+00:00' AIRFLOW_CTX_TRY_NUMBER='1' AIRFLOW_CTX_DAG_RUN_ID='scheduled__2026-07-22T18:00:00+00:00'
[2026-07-22T19:00:57.730+0000] {taskinstance.py:430} INFO - ::endgroup::
[2026-07-22T19:00:58.825+0000] {logging_mixin.py:188} WARNING - 2026-07-22 19:00:58 [INFO] === START ERA5 SYNC job=accum ===
[2026-07-22T19:00:58.825+0000] {era5_functions.py:307} INFO - === START ERA5 SYNC job=accum ===
[2026-07-22T19:00:58.828+0000] {logging_mixin.py:188} WARNING - 2026-07-22 19:00:58 [INFO] --- SYNC accum 20260722 ---
[2026-07-22T19:00:58.828+0000] {era5_functions.py:124} INFO - --- SYNC accum 20260722 ---
[2026-07-22T19:00:58.831+0000] {logging_mixin.py:188} WARNING - 2026-07-22 19:00:58 [INFO] CDS download 2026-07-22 attempt 1/3
[2026-07-22T19:00:58.831+0000] {era5_functions.py:78} INFO - CDS download 2026-07-22 attempt 1/3
[2026-07-22T19:00:59.412+0000] {logging_mixin.py:188} WARNING - 2026-07-22 19:00:59 [INFO] CDS data not available yet: 2026-07-22
[2026-07-22T19:00:59.412+0000] {era5_functions.py:98} INFO - CDS data not available yet: 2026-07-22
[2026-07-22T19:00:59.416+0000] {logging_mixin.py:188} WARNING - 2026-07-22 19:00:59 [INFO] --- SYNC accum 20260721 ---
[2026-07-22T19:00:59.416+0000] {era5_functions.py:124} INFO - --- SYNC accum 20260721 ---
[2026-07-22T19:00:59.419+0000] {logging_mixin.py:188} WARNING - 2026-07-22 19:00:59 [INFO] CDS download 2026-07-21 attempt 1/3
[2026-07-22T19:00:59.418+0000] {era5_functions.py:78} INFO - CDS download 2026-07-21 attempt 1/3
[2026-07-22T19:01:00.034+0000] {logging_mixin.py:188} WARNING - 2026-07-22 19:01:00 [INFO] CDS data not available yet: 2026-07-21
[2026-07-22T19:01:00.034+0000] {era5_functions.py:98} INFO - CDS data not available yet: 2026-07-21
[2026-07-22T19:01:00.040+0000] {logging_mixin.py:188} WARNING - 2026-07-22 19:01:00 [INFO] --- SYNC accum 20260720 ---
[2026-07-22T19:01:00.040+0000] {era5_functions.py:124} INFO - --- SYNC accum 20260720 ---
[2026-07-22T19:01:00.044+0000] {logging_mixin.py:188} WARNING - 2026-07-22 19:01:00 [INFO] CDS download 2026-07-20 attempt 1/3
[2026-07-22T19:01:00.044+0000] {era5_functions.py:78} INFO - CDS download 2026-07-20 attempt 1/3
[2026-07-22T19:01:00.787+0000] {logging_mixin.py:188} WARNING - 2026-07-22 19:01:00 [INFO] CDS data not available yet: 2026-07-20
[2026-07-22T19:01:00.787+0000] {era5_functions.py:98} INFO - CDS data not available yet: 2026-07-20
[2026-07-22T19:01:00.793+0000] {logging_mixin.py:188} WARNING - 2026-07-22 19:01:00 [INFO] --- SYNC accum 20260719 ---
[2026-07-22T19:01:00.792+0000] {era5_functions.py:124} INFO - --- SYNC accum 20260719 ---
[2026-07-22T19:01:00.796+0000] {logging_mixin.py:188} WARNING - 2026-07-22 19:01:00 [INFO] CDS download 2026-07-19 attempt 1/3
[2026-07-22T19:01:00.796+0000] {era5_functions.py:78} INFO - CDS download 2026-07-19 attempt 1/3
[2026-07-22T19:01:01.368+0000] {logging_mixin.py:188} WARNING - 2026-07-22 19:01:01 [INFO] CDS data not available yet: 2026-07-19
[2026-07-22T19:01:01.367+0000] {era5_functions.py:98} INFO - CDS data not available yet: 2026-07-19
[2026-07-22T19:01:01.370+0000] {logging_mixin.py:188} WARNING - 2026-07-22 19:01:01 [INFO] --- SYNC accum 20260718 ---
[2026-07-22T19:01:01.370+0000] {era5_functions.py:124} INFO - --- SYNC accum 20260718 ---
[2026-07-22T19:01:01.372+0000] {logging_mixin.py:188} WARNING - 2026-07-22 19:01:01 [INFO] CDS download 2026-07-18 attempt 1/3
[2026-07-22T19:01:01.372+0000] {era5_functions.py:78} INFO - CDS download 2026-07-18 attempt 1/3
[2026-07-22T19:01:02.562+0000] {logging_mixin.py:188} WARNING - 2026-07-22 19:01:02 [INFO] CDS data not available yet: 2026-07-18
[2026-07-22T19:01:02.561+0000] {era5_functions.py:98} INFO - CDS data not available yet: 2026-07-18
[2026-07-22T19:01:02.565+0000] {logging_mixin.py:188} WARNING - 2026-07-22 19:01:02 [INFO] --- SYNC accum 20260717 ---
[2026-07-22T19:01:02.565+0000] {era5_functions.py:124} INFO - --- SYNC accum 20260717 ---
[2026-07-22T19:01:02.568+0000] {logging_mixin.py:188} WARNING - 2026-07-22 19:01:02 [INFO] CDS download 2026-07-17 attempt 1/3
[2026-07-22T19:01:02.568+0000] {era5_functions.py:78} INFO - CDS download 2026-07-17 attempt 1/3
[2026-07-22T19:01:03.697+0000] {logging_mixin.py:188} WARNING - 2026-07-22 19:01:03,696 INFO Request ID is 1299019d-bb6c-4bee-a046-215f5f254b21
[2026-07-22T19:01:03.696+0000] {legacy_client.py:192} INFO - Request ID is 1299019d-bb6c-4bee-a046-215f5f254b21
[2026-07-22T19:01:03.918+0000] {logging_mixin.py:188} WARNING - 2026-07-22 19:01:03,918 INFO status has been updated to accepted
[2026-07-22T19:01:03.918+0000] {legacy_client.py:192} INFO - status has been updated to accepted
[2026-07-22T19:01:40.771+0000] {logging_mixin.py:188} WARNING - 2026-07-22 19:01:40,770 INFO status has been updated to successful
[2026-07-22T19:01:40.770+0000] {legacy_client.py:192} INFO - status has been updated to successful
[2026-07-22T19:01:41.475+0000] {base.py:119} INFO - Downloading https://object-store.os-api.cci2.ecmwf.int:443/cci2-prod-cache-3/2026-07-22/cca3ef2977124d73e66437684878fb76.nc
[2026-07-22T19:01:42.552+0000] {logging_mixin.py:188} WARNING - cca3ef2977124d73e66437684878fb76.nc:   0%|          | 0.00/276k [00:00<?, ?B/s]
[2026-07-22T19:01:43.949+0000] {logging_mixin.py:188} WARNING - cca3ef2977124d73e66437684878fb76.nc: 100%|##########| 276k/276k [00:01<00:00, 203kB/s]
[2026-07-22T19:01:43.952+0000] {logging_mixin.py:188} WARNING -                                                                                       
[2026-07-22T19:01:44.233+0000] {logging_mixin.py:188} WARNING - 2026-07-22 19:01:44 [INFO] CDS available: 2026-07-17 | 20 timestep(s)
[2026-07-22T19:01:44.233+0000] {era5_functions.py:87} INFO - CDS available: 2026-07-17 | 20 timestep(s)
[2026-07-22T19:01:44.295+0000] {logging_mixin.py:188} WARNING - 2026-07-22 19:01:44 [INFO] New timestep: 1
[2026-07-22T19:01:44.295+0000] {era5_functions.py:161} INFO - New timestep: 1
[2026-07-22T19:01:44.544+0000] {logging_mixin.py:188} WARNING - 2026-07-22 19:01:44 [INFO] NC updated: /opt/***/era5/ecmwf/data/nc/_raw/2026/07/17/accum_20260717.nc | 20 timestep(s)
[2026-07-22T19:01:44.544+0000] {era5_functions.py:188} INFO - NC updated: /opt/***/era5/ecmwf/data/nc/_raw/2026/07/17/accum_20260717.nc | 20 timestep(s)
[2026-07-22T19:01:44.677+0000] {logging_mixin.py:188} WARNING - 2026-07-22 19:01:44 [INFO] TIF updated: tp | bands=20
[2026-07-22T19:01:44.676+0000] {era5_functions.py:271} INFO - TIF updated: tp | bands=20
[2026-07-22T19:01:44.682+0000] {logging_mixin.py:188} WARNING - 2026-07-22 19:01:44 [INFO] === END ERA5 SYNC job=accum ===
[2026-07-22T19:01:44.682+0000] {era5_functions.py:313} INFO - === END ERA5 SYNC job=accum ===
[2026-07-22T19:01:44.683+0000] {python.py:237} INFO - Done. Returned value was: None
[2026-07-22T19:01:44.684+0000] {taskinstance.py:441} INFO - ::group::Post task execution logs
[2026-07-22T19:01:44.699+0000] {taskinstance.py:1206} INFO - Marking task as SUCCESS. dag_id=era5_download_pipeline, task_id=era5_accum, run_id=scheduled__2026-07-22T18:00:00+00:00, execution_date=20260722T180000, start_date=20260722T190057, end_date=20260722T190144
[2026-07-22T19:01:44.787+0000] {local_task_job_runner.py:240} INFO - Task exited with return code 0
[2026-07-22T19:01:44.812+0000] {taskinstance.py:3498} INFO - 0 downstream tasks scheduled from follow-on schedule check
[2026-07-22T19:01:44.815+0000] {local_task_job_runner.py:222} INFO - ::endgroup::
