[2026-06-14T21:00:02.329+0000] {local_task_job_runner.py:120} INFO - ::group::Pre task execution logs
[2026-06-14T21:00:02.358+0000] {taskinstance.py:2076} INFO - Dependencies all met for dep_context=non-requeueable deps ti=<TaskInstance: era5_download_pipeline.era5_instant scheduled__2026-06-14T20:00:00+00:00 [queued]>
[2026-06-14T21:00:02.369+0000] {taskinstance.py:2076} INFO - Dependencies all met for dep_context=requeueable deps ti=<TaskInstance: era5_download_pipeline.era5_instant scheduled__2026-06-14T20:00:00+00:00 [queued]>
[2026-06-14T21:00:02.370+0000] {taskinstance.py:2306} INFO - Starting attempt 1 of 1
[2026-06-14T21:00:02.388+0000] {taskinstance.py:2330} INFO - Executing <Task(PythonOperator): era5_instant> on 2026-06-14 20:00:00+00:00
[2026-06-14T21:00:02.401+0000] {warnings.py:110} WARNING - /home/***/.local/lib/python3.12/site-packages/***/task/task_runner/standard_task_runner.py:61: DeprecationWarning: This process (pid=66088) is multi-threaded, use of fork() may lead to deadlocks in the child.
  pid = os.fork()

[2026-06-14T21:00:02.408+0000] {standard_task_runner.py:63} INFO - Started process 66091 to run task
[2026-06-14T21:00:02.408+0000] {standard_task_runner.py:90} INFO - Running: ['***', 'tasks', 'run', 'era5_download_pipeline', 'era5_instant', 'scheduled__2026-06-14T20:00:00+00:00', '--job-id', '1581', '--raw', '--subdir', 'DAGS_FOLDER/era5_dag.py', '--cfg-path', '/tmp/tmphq9im6uv']
[2026-06-14T21:00:02.412+0000] {standard_task_runner.py:91} INFO - Job 1581: Subtask era5_instant
[2026-06-14T21:00:02.501+0000] {task_command.py:426} INFO - Running <TaskInstance: era5_download_pipeline.era5_instant scheduled__2026-06-14T20:00:00+00:00 [running]> on host 01cd476fb21a
[2026-06-14T21:00:02.631+0000] {taskinstance.py:2648} INFO - Exporting env vars: AIRFLOW_CTX_DAG_OWNER='era5' AIRFLOW_CTX_DAG_ID='era5_download_pipeline' AIRFLOW_CTX_TASK_ID='era5_instant' AIRFLOW_CTX_EXECUTION_DATE='2026-06-14T20:00:00+00:00' AIRFLOW_CTX_TRY_NUMBER='1' AIRFLOW_CTX_DAG_RUN_ID='scheduled__2026-06-14T20:00:00+00:00'
[2026-06-14T21:00:02.633+0000] {taskinstance.py:430} INFO - ::endgroup::
[2026-06-14T21:00:03.338+0000] {logging_mixin.py:188} WARNING - 2026-06-14 21:00:03,338 INFO [2026-06-11T00:00:00Z] Upcoming essential maintenance sessions on Data Stores underlying infrastructure on 15 June. Service disruption expected. For further details, please [visit our forum announcement](https://forum.ecmwf.int/t/upcoming-essential-maintenance-sessions-on-data-stores-underlying-infrastructure-part-2/150414).
[2026-06-14T21:00:03.338+0000] {legacy_client.py:192} INFO - [2026-06-11T00:00:00Z] Upcoming essential maintenance sessions on Data Stores underlying infrastructure on 15 June. Service disruption expected. For further details, please [visit our forum announcement](https://forum.ecmwf.int/t/upcoming-essential-maintenance-sessions-on-data-stores-underlying-infrastructure-part-2/150414).
[2026-06-14T21:00:03.346+0000] {logging_mixin.py:188} WARNING - 2026-06-14 21:00:03 [INFO] === START job=instant date=2026-06-14 ===
[2026-06-14T21:00:03.346+0000] {era5_functions.py:368} INFO - === START job=instant date=2026-06-14 ===
[2026-06-14T21:00:03.349+0000] {logging_mixin.py:188} WARNING - 2026-06-14 21:00:03 [INFO] --- job=instant date=20260614 ---
[2026-06-14T21:00:03.349+0000] {era5_functions.py:330} INFO - --- job=instant date=20260614 ---
[2026-06-14T21:00:04.348+0000] {logging_mixin.py:188} WARNING - 2026-06-14 21:00:04 [WARNING] get_cds_count failed: 400 Client Error: Bad Request for url: https://cds.climate.copernicus.eu/api/retrieve/v1/processes/reanalysis-era5-single-levels/execution
invalid request
None of the data you have requested is available yet, please revise the period requested. The latest date available for this dataset is: 2026-06-09 21:00
[2026-06-14T21:00:04.347+0000] {era5_functions.py:131} WARNING - get_cds_count failed: 400 Client Error: Bad Request for url: https://cds.climate.copernicus.eu/api/retrieve/v1/processes/reanalysis-era5-single-levels/execution
invalid request
None of the data you have requested is available yet, please revise the period requested. The latest date available for this dataset is: 2026-06-09 21:00
[2026-06-14T21:00:04.351+0000] {logging_mixin.py:188} WARNING - 2026-06-14 21:00:04 [WARNING] CDS ยังไม่มีข้อมูล job=instant date=20260614, skip
[2026-06-14T21:00:04.351+0000] {era5_functions.py:335} WARNING - CDS ยังไม่มีข้อมูล job=instant date=20260614, skip
[2026-06-14T21:00:04.353+0000] {logging_mixin.py:188} WARNING - 2026-06-14 21:00:04 [INFO] --- job=instant date=20260613 ---
[2026-06-14T21:00:04.353+0000] {era5_functions.py:330} INFO - --- job=instant date=20260613 ---
[2026-06-14T21:00:04.924+0000] {logging_mixin.py:188} WARNING - 2026-06-14 21:00:04 [WARNING] get_cds_count failed: 400 Client Error: Bad Request for url: https://cds.climate.copernicus.eu/api/retrieve/v1/processes/reanalysis-era5-single-levels/execution
invalid request
None of the data you have requested is available yet, please revise the period requested. The latest date available for this dataset is: 2026-06-09 21:00
[2026-06-14T21:00:04.924+0000] {era5_functions.py:131} WARNING - get_cds_count failed: 400 Client Error: Bad Request for url: https://cds.climate.copernicus.eu/api/retrieve/v1/processes/reanalysis-era5-single-levels/execution
invalid request
None of the data you have requested is available yet, please revise the period requested. The latest date available for this dataset is: 2026-06-09 21:00
[2026-06-14T21:00:04.927+0000] {logging_mixin.py:188} WARNING - 2026-06-14 21:00:04 [WARNING] CDS ยังไม่มีข้อมูล job=instant date=20260613, skip
[2026-06-14T21:00:04.927+0000] {era5_functions.py:335} WARNING - CDS ยังไม่มีข้อมูล job=instant date=20260613, skip
[2026-06-14T21:00:04.929+0000] {logging_mixin.py:188} WARNING - 2026-06-14 21:00:04 [INFO] --- job=instant date=20260612 ---
[2026-06-14T21:00:04.929+0000] {era5_functions.py:330} INFO - --- job=instant date=20260612 ---
[2026-06-14T21:00:05.501+0000] {logging_mixin.py:188} WARNING - 2026-06-14 21:00:05 [WARNING] get_cds_count failed: 400 Client Error: Bad Request for url: https://cds.climate.copernicus.eu/api/retrieve/v1/processes/reanalysis-era5-single-levels/execution
invalid request
None of the data you have requested is available yet, please revise the period requested. The latest date available for this dataset is: 2026-06-09 21:00
[2026-06-14T21:00:05.501+0000] {era5_functions.py:131} WARNING - get_cds_count failed: 400 Client Error: Bad Request for url: https://cds.climate.copernicus.eu/api/retrieve/v1/processes/reanalysis-era5-single-levels/execution
invalid request
None of the data you have requested is available yet, please revise the period requested. The latest date available for this dataset is: 2026-06-09 21:00
[2026-06-14T21:00:05.504+0000] {logging_mixin.py:188} WARNING - 2026-06-14 21:00:05 [WARNING] CDS ยังไม่มีข้อมูล job=instant date=20260612, skip
[2026-06-14T21:00:05.504+0000] {era5_functions.py:335} WARNING - CDS ยังไม่มีข้อมูล job=instant date=20260612, skip
[2026-06-14T21:00:05.505+0000] {logging_mixin.py:188} WARNING - 2026-06-14 21:00:05 [INFO] --- job=instant date=20260611 ---
[2026-06-14T21:00:05.505+0000] {era5_functions.py:330} INFO - --- job=instant date=20260611 ---
[2026-06-14T21:00:06.087+0000] {logging_mixin.py:188} WARNING - 2026-06-14 21:00:06 [WARNING] get_cds_count failed: 400 Client Error: Bad Request for url: https://cds.climate.copernicus.eu/api/retrieve/v1/processes/reanalysis-era5-single-levels/execution
invalid request
None of the data you have requested is available yet, please revise the period requested. The latest date available for this dataset is: 2026-06-09 21:00
[2026-06-14T21:00:06.087+0000] {era5_functions.py:131} WARNING - get_cds_count failed: 400 Client Error: Bad Request for url: https://cds.climate.copernicus.eu/api/retrieve/v1/processes/reanalysis-era5-single-levels/execution
invalid request
None of the data you have requested is available yet, please revise the period requested. The latest date available for this dataset is: 2026-06-09 21:00
[2026-06-14T21:00:06.090+0000] {logging_mixin.py:188} WARNING - 2026-06-14 21:00:06 [WARNING] CDS ยังไม่มีข้อมูล job=instant date=20260611, skip
[2026-06-14T21:00:06.090+0000] {era5_functions.py:335} WARNING - CDS ยังไม่มีข้อมูล job=instant date=20260611, skip
[2026-06-14T21:00:06.092+0000] {logging_mixin.py:188} WARNING - 2026-06-14 21:00:06 [INFO] --- job=instant date=20260610 ---
[2026-06-14T21:00:06.092+0000] {era5_functions.py:330} INFO - --- job=instant date=20260610 ---
[2026-06-14T21:00:06.562+0000] {logging_mixin.py:188} WARNING - 2026-06-14 21:00:06 [WARNING] get_cds_count failed: 400 Client Error: Bad Request for url: https://cds.climate.copernicus.eu/api/retrieve/v1/processes/reanalysis-era5-single-levels/execution
invalid request
None of the data you have requested is available yet, please revise the period requested. The latest date available for this dataset is: 2026-06-09 21:00
[2026-06-14T21:00:06.562+0000] {era5_functions.py:131} WARNING - get_cds_count failed: 400 Client Error: Bad Request for url: https://cds.climate.copernicus.eu/api/retrieve/v1/processes/reanalysis-era5-single-levels/execution
invalid request
None of the data you have requested is available yet, please revise the period requested. The latest date available for this dataset is: 2026-06-09 21:00
[2026-06-14T21:00:06.564+0000] {logging_mixin.py:188} WARNING - 2026-06-14 21:00:06 [WARNING] CDS ยังไม่มีข้อมูล job=instant date=20260610, skip
[2026-06-14T21:00:06.564+0000] {era5_functions.py:335} WARNING - CDS ยังไม่มีข้อมูล job=instant date=20260610, skip
[2026-06-14T21:00:06.566+0000] {logging_mixin.py:188} WARNING - 2026-06-14 21:00:06 [INFO] --- job=instant date=20260609 ---
[2026-06-14T21:00:06.566+0000] {era5_functions.py:330} INFO - --- job=instant date=20260609 ---
[2026-06-14T21:00:07.155+0000] {logging_mixin.py:188} WARNING - 2026-06-14 21:00:07,155 INFO [2025-12-11T00:00:00] Please note that a dedicated catalogue entry for this dataset, post-processed and stored in Analysis Ready Cloud Optimized (ARCO) format (Zarr), is available for optimised time-series retrievals (i.e. for retrieving data from selected variables for a single point over an extended period of time in an efficient way). You can discover it [here](https://cds.climate.copernicus.eu/datasets/reanalysis-era5-single-levels-timeseries?tab=overview)
[2026-06-14T21:00:07.155+0000] {legacy_client.py:192} INFO - [2025-12-11T00:00:00] Please note that a dedicated catalogue entry for this dataset, post-processed and stored in Analysis Ready Cloud Optimized (ARCO) format (Zarr), is available for optimised time-series retrievals (i.e. for retrieving data from selected variables for a single point over an extended period of time in an efficient way). You can discover it [here](https://cds.climate.copernicus.eu/datasets/reanalysis-era5-single-levels-timeseries?tab=overview)
[2026-06-14T21:00:07.157+0000] {logging_mixin.py:188} WARNING - 2026-06-14 21:00:07,157 INFO Request ID is a94a7f82-83fa-4591-8407-4f1663037c49
[2026-06-14T21:00:07.157+0000] {legacy_client.py:192} INFO - Request ID is a94a7f82-83fa-4591-8407-4f1663037c49
[2026-06-14T21:00:07.392+0000] {logging_mixin.py:188} WARNING - 2026-06-14 21:00:07,392 INFO status has been updated to accepted
[2026-06-14T21:00:07.392+0000] {legacy_client.py:192} INFO - status has been updated to accepted
[2026-06-14T21:00:30.278+0000] {logging_mixin.py:188} WARNING - 2026-06-14 21:00:30,278 INFO status has been updated to successful
[2026-06-14T21:00:30.278+0000] {legacy_client.py:192} INFO - status has been updated to successful
[2026-06-14T21:00:30.767+0000] {base.py:119} INFO - Downloading https://object-store.os-api.cci2.ecmwf.int:443/cci2-prod-cache-1/2026-06-14/ad5169825a97b080c5989408e1dea5b9.nc
[2026-06-14T21:00:31.771+0000] {logging_mixin.py:188} WARNING - ad5169825a97b080c5989408e1dea5b9.nc:   0%|          | 0.00/2.36M [00:00<?, ?B/s]
[2026-06-14T21:00:33.529+0000] {logging_mixin.py:188} WARNING - ad5169825a97b080c5989408e1dea5b9.nc:  42%|####2     | 1.00M/2.36M [00:01<00:02, 597kB/s]
[2026-06-14T21:00:33.899+0000] {logging_mixin.py:188} WARNING - ad5169825a97b080c5989408e1dea5b9.nc:  85%|########4 | 2.00M/2.36M [00:02<00:00, 1.11MB/s]
[2026-06-14T21:00:33.916+0000] {logging_mixin.py:188} WARNING -                                                                                          
[2026-06-14T21:00:34.189+0000] {logging_mixin.py:188} WARNING - 2026-06-14 21:00:34 [INFO] CDS timestep available: 22
[2026-06-14T21:00:34.189+0000] {era5_functions.py:128} INFO - CDS timestep available: 22
[2026-06-14T21:00:34.295+0000] {logging_mixin.py:188} WARNING - 2026-06-14 21:00:34 [INFO] local timestep: 21 — /opt/***/era5/ecmwf/data/nc/_raw/2026/06/09/instant_20260609.nc
[2026-06-14T21:00:34.295+0000] {era5_functions.py:152} INFO - local timestep: 21 — /opt/***/era5/ecmwf/data/nc/_raw/2026/06/09/instant_20260609.nc
[2026-06-14T21:00:34.305+0000] {logging_mixin.py:188} WARNING - 2026-06-14 21:00:34 [INFO] nc outdated (local=21 < cds=22), removing: /opt/***/era5/ecmwf/data/nc/_raw/2026/06/09/instant_20260609.nc
[2026-06-14T21:00:34.305+0000] {era5_functions.py:193} INFO - nc outdated (local=21 < cds=22), removing: /opt/***/era5/ecmwf/data/nc/_raw/2026/06/09/instant_20260609.nc
[2026-06-14T21:00:34.324+0000] {logging_mixin.py:188} WARNING - 2026-06-14 21:00:34 [INFO] download attempt 1/3: /opt/***/era5/ecmwf/data/nc/_raw/2026/06/09/instant_20260609.nc
[2026-06-14T21:00:34.324+0000] {era5_functions.py:200} INFO - download attempt 1/3: /opt/***/era5/ecmwf/data/nc/_raw/2026/06/09/instant_20260609.nc
[2026-06-14T21:00:36.032+0000] {logging_mixin.py:188} WARNING - 2026-06-14 21:00:36,031 INFO [2025-12-11T00:00:00] Please note that a dedicated catalogue entry for this dataset, post-processed and stored in Analysis Ready Cloud Optimized (ARCO) format (Zarr), is available for optimised time-series retrievals (i.e. for retrieving data from selected variables for a single point over an extended period of time in an efficient way). You can discover it [here](https://cds.climate.copernicus.eu/datasets/reanalysis-era5-single-levels-timeseries?tab=overview)
[2026-06-14T21:00:36.031+0000] {legacy_client.py:192} INFO - [2025-12-11T00:00:00] Please note that a dedicated catalogue entry for this dataset, post-processed and stored in Analysis Ready Cloud Optimized (ARCO) format (Zarr), is available for optimised time-series retrievals (i.e. for retrieving data from selected variables for a single point over an extended period of time in an efficient way). You can discover it [here](https://cds.climate.copernicus.eu/datasets/reanalysis-era5-single-levels-timeseries?tab=overview)
[2026-06-14T21:00:36.037+0000] {logging_mixin.py:188} WARNING - 2026-06-14 21:00:36,037 INFO Request ID is 50e253eb-51d6-445f-a194-31e3151902d5
[2026-06-14T21:00:36.037+0000] {legacy_client.py:192} INFO - Request ID is 50e253eb-51d6-445f-a194-31e3151902d5
[2026-06-14T21:00:37.027+0000] {logging_mixin.py:188} WARNING - 2026-06-14 21:00:37,026 INFO status has been updated to accepted
[2026-06-14T21:00:37.026+0000] {legacy_client.py:192} INFO - status has been updated to accepted
[2026-06-14T21:01:02.404+0000] {logging_mixin.py:188} WARNING - 2026-06-14 21:01:02,403 INFO status has been updated to running
[2026-06-14T21:01:02.403+0000] {legacy_client.py:192} INFO - status has been updated to running
[2026-06-14T21:01:14.057+0000] {logging_mixin.py:188} WARNING - 2026-06-14 21:01:14,056 INFO status has been updated to successful
[2026-06-14T21:01:14.056+0000] {legacy_client.py:192} INFO - status has been updated to successful
[2026-06-14T21:01:14.580+0000] {base.py:119} INFO - Downloading https://object-store.os-api.cci2.ecmwf.int:443/cci2-prod-cache-2/2026-06-14/1a8505c25a2999fc2f6b8aa1adc1c8f1.nc
[2026-06-14T21:01:15.605+0000] {logging_mixin.py:188} WARNING - 1a8505c25a2999fc2f6b8aa1adc1c8f1.nc:   0%|          | 0.00/2.36M [00:00<?, ?B/s]
[2026-06-14T21:01:17.691+0000] {logging_mixin.py:188} WARNING - 1a8505c25a2999fc2f6b8aa1adc1c8f1.nc:  42%|####2     | 1.00M/2.36M [00:02<00:02, 503kB/s]
[2026-06-14T21:01:17.875+0000] {logging_mixin.py:188} WARNING - 1a8505c25a2999fc2f6b8aa1adc1c8f1.nc:  85%|########4 | 2.00M/2.36M [00:02<00:00, 1.08MB/s]
[2026-06-14T21:01:17.900+0000] {logging_mixin.py:188} WARNING -                                                                                          
[2026-06-14T21:01:18.088+0000] {logging_mixin.py:188} WARNING - 2026-06-14 21:01:18 [INFO] nc downloaded ok: /opt/***/era5/ecmwf/data/nc/_raw/2026/06/09/instant_20260609.nc
[2026-06-14T21:01:18.087+0000] {era5_functions.py:204} INFO - nc downloaded ok: /opt/***/era5/ecmwf/data/nc/_raw/2026/06/09/instant_20260609.nc
[2026-06-14T21:01:18.185+0000] {logging_mixin.py:188} WARNING - 2026-06-14 21:01:18 [INFO] local timestep: 22 — /opt/***/era5/ecmwf/data/nc/_raw/2026/06/09/instant_20260609.nc
[2026-06-14T21:01:18.185+0000] {era5_functions.py:152} INFO - local timestep: 22 — /opt/***/era5/ecmwf/data/nc/_raw/2026/06/09/instant_20260609.nc
[2026-06-14T21:01:18.307+0000] {logging_mixin.py:188} WARNING - 2026-06-14 21:01:18 [INFO] tif outdated (tif=21 < nc=22), removing: /opt/***/era5/ecmwf/data/tif/2026/06/09/t2m_20260609.tif
[2026-06-14T21:01:18.307+0000] {era5_functions.py:261} INFO - tif outdated (tif=21 < nc=22), removing: /opt/***/era5/ecmwf/data/tif/2026/06/09/t2m_20260609.tif
[2026-06-14T21:01:18.444+0000] {logging_mixin.py:188} WARNING - 2026-06-14 21:01:18 [INFO] tif ok (bands=22): /opt/***/era5/ecmwf/data/tif/2026/06/09/t2m_20260609.tif
[2026-06-14T21:01:18.444+0000] {era5_functions.py:304} INFO - tif ok (bands=22): /opt/***/era5/ecmwf/data/tif/2026/06/09/t2m_20260609.tif
[2026-06-14T21:01:18.461+0000] {logging_mixin.py:188} WARNING - 2026-06-14 21:01:18 [INFO] tif outdated (tif=21 < nc=22), removing: /opt/***/era5/ecmwf/data/tif/2026/06/09/d2m_20260609.tif
[2026-06-14T21:01:18.461+0000] {era5_functions.py:261} INFO - tif outdated (tif=21 < nc=22), removing: /opt/***/era5/ecmwf/data/tif/2026/06/09/d2m_20260609.tif
[2026-06-14T21:01:18.570+0000] {logging_mixin.py:188} WARNING - 2026-06-14 21:01:18 [INFO] tif ok (bands=22): /opt/***/era5/ecmwf/data/tif/2026/06/09/d2m_20260609.tif
[2026-06-14T21:01:18.570+0000] {era5_functions.py:304} INFO - tif ok (bands=22): /opt/***/era5/ecmwf/data/tif/2026/06/09/d2m_20260609.tif
[2026-06-14T21:01:18.589+0000] {logging_mixin.py:188} WARNING - 2026-06-14 21:01:18 [INFO] tif outdated (tif=21 < nc=22), removing: /opt/***/era5/ecmwf/data/tif/2026/06/09/sp_20260609.tif
[2026-06-14T21:01:18.589+0000] {era5_functions.py:261} INFO - tif outdated (tif=21 < nc=22), removing: /opt/***/era5/ecmwf/data/tif/2026/06/09/sp_20260609.tif
[2026-06-14T21:01:18.693+0000] {logging_mixin.py:188} WARNING - 2026-06-14 21:01:18 [INFO] tif ok (bands=22): /opt/***/era5/ecmwf/data/tif/2026/06/09/sp_20260609.tif
[2026-06-14T21:01:18.693+0000] {era5_functions.py:304} INFO - tif ok (bands=22): /opt/***/era5/ecmwf/data/tif/2026/06/09/sp_20260609.tif
[2026-06-14T21:01:18.710+0000] {logging_mixin.py:188} WARNING - 2026-06-14 21:01:18 [INFO] tif outdated (tif=21 < nc=22), removing: /opt/***/era5/ecmwf/data/tif/2026/06/09/blh_20260609.tif
[2026-06-14T21:01:18.710+0000] {era5_functions.py:261} INFO - tif outdated (tif=21 < nc=22), removing: /opt/***/era5/ecmwf/data/tif/2026/06/09/blh_20260609.tif
[2026-06-14T21:01:18.823+0000] {logging_mixin.py:188} WARNING - 2026-06-14 21:01:18 [INFO] tif ok (bands=22): /opt/***/era5/ecmwf/data/tif/2026/06/09/blh_20260609.tif
[2026-06-14T21:01:18.822+0000] {era5_functions.py:304} INFO - tif ok (bands=22): /opt/***/era5/ecmwf/data/tif/2026/06/09/blh_20260609.tif
[2026-06-14T21:01:18.840+0000] {logging_mixin.py:188} WARNING - 2026-06-14 21:01:18 [INFO] tif outdated (tif=21 < nc=22), removing: /opt/***/era5/ecmwf/data/tif/2026/06/09/u10_20260609.tif
[2026-06-14T21:01:18.840+0000] {era5_functions.py:261} INFO - tif outdated (tif=21 < nc=22), removing: /opt/***/era5/ecmwf/data/tif/2026/06/09/u10_20260609.tif
[2026-06-14T21:01:18.947+0000] {logging_mixin.py:188} WARNING - 2026-06-14 21:01:18 [INFO] tif ok (bands=22): /opt/***/era5/ecmwf/data/tif/2026/06/09/u10_20260609.tif
[2026-06-14T21:01:18.947+0000] {era5_functions.py:304} INFO - tif ok (bands=22): /opt/***/era5/ecmwf/data/tif/2026/06/09/u10_20260609.tif
[2026-06-14T21:01:18.965+0000] {logging_mixin.py:188} WARNING - 2026-06-14 21:01:18 [INFO] tif outdated (tif=21 < nc=22), removing: /opt/***/era5/ecmwf/data/tif/2026/06/09/v10_20260609.tif
[2026-06-14T21:01:18.965+0000] {era5_functions.py:261} INFO - tif outdated (tif=21 < nc=22), removing: /opt/***/era5/ecmwf/data/tif/2026/06/09/v10_20260609.tif
[2026-06-14T21:01:19.108+0000] {logging_mixin.py:188} WARNING - 2026-06-14 21:01:19 [INFO] tif ok (bands=22): /opt/***/era5/ecmwf/data/tif/2026/06/09/v10_20260609.tif
[2026-06-14T21:01:19.107+0000] {era5_functions.py:304} INFO - tif ok (bands=22): /opt/***/era5/ecmwf/data/tif/2026/06/09/v10_20260609.tif
[2026-06-14T21:01:19.115+0000] {logging_mixin.py:188} WARNING - 2026-06-14 21:01:19 [INFO] === END job=instant date=2026-06-14 ===
[2026-06-14T21:01:19.115+0000] {era5_functions.py:379} INFO - === END job=instant date=2026-06-14 ===
[2026-06-14T21:01:19.117+0000] {python.py:237} INFO - Done. Returned value was: None
[2026-06-14T21:01:19.117+0000] {taskinstance.py:441} INFO - ::group::Post task execution logs
[2026-06-14T21:01:19.132+0000] {taskinstance.py:1206} INFO - Marking task as SUCCESS. dag_id=era5_download_pipeline, task_id=era5_instant, run_id=scheduled__2026-06-14T20:00:00+00:00, execution_date=20260614T200000, start_date=20260614T210002, end_date=20260614T210119
[2026-06-14T21:01:19.191+0000] {local_task_job_runner.py:240} INFO - Task exited with return code 0
[2026-06-14T21:01:19.215+0000] {taskinstance.py:3498} INFO - 1 downstream tasks scheduled from follow-on schedule check
[2026-06-14T21:01:19.218+0000] {local_task_job_runner.py:222} INFO - ::endgroup::
