[2026-07-19T05:00:01.573+0000] {local_task_job_runner.py:120} INFO - ::group::Pre task execution logs
[2026-07-19T05:00:01.596+0000] {taskinstance.py:2076} INFO - Dependencies all met for dep_context=non-requeueable deps ti=<TaskInstance: era5_download_pipeline.era5_instant scheduled__2026-07-19T04:00:00+00:00 [queued]>
[2026-07-19T05:00:01.605+0000] {taskinstance.py:2076} INFO - Dependencies all met for dep_context=requeueable deps ti=<TaskInstance: era5_download_pipeline.era5_instant scheduled__2026-07-19T04:00:00+00:00 [queued]>
[2026-07-19T05:00:01.607+0000] {taskinstance.py:2306} INFO - Starting attempt 1 of 1
[2026-07-19T05:00:01.623+0000] {taskinstance.py:2330} INFO - Executing <Task(PythonOperator): era5_instant> on 2026-07-19 04:00:00+00:00
[2026-07-19T05:00:01.644+0000] {warnings.py:110} WARNING - /home/***/.local/lib/python3.12/site-packages/***/task/task_runner/standard_task_runner.py:61: DeprecationWarning: This process (pid=38073) is multi-threaded, use of fork() may lead to deadlocks in the child.
  pid = os.fork()

[2026-07-19T05:00:01.653+0000] {standard_task_runner.py:63} INFO - Started process 38075 to run task
[2026-07-19T05:00:01.651+0000] {standard_task_runner.py:90} INFO - Running: ['***', 'tasks', 'run', 'era5_download_pipeline', 'era5_instant', 'scheduled__2026-07-19T04:00:00+00:00', '--job-id', '2378', '--raw', '--subdir', 'DAGS_FOLDER/era5_dag.py', '--cfg-path', '/tmp/tmpfooqqq45']
[2026-07-19T05:00:01.657+0000] {standard_task_runner.py:91} INFO - Job 2378: Subtask era5_instant
[2026-07-19T05:00:01.735+0000] {task_command.py:426} INFO - Running <TaskInstance: era5_download_pipeline.era5_instant scheduled__2026-07-19T04:00:00+00:00 [running]> on host 01cd476fb21a
[2026-07-19T05:00:01.865+0000] {taskinstance.py:2648} INFO - Exporting env vars: AIRFLOW_CTX_DAG_OWNER='era5' AIRFLOW_CTX_DAG_ID='era5_download_pipeline' AIRFLOW_CTX_TASK_ID='era5_instant' AIRFLOW_CTX_EXECUTION_DATE='2026-07-19T04:00:00+00:00' AIRFLOW_CTX_TRY_NUMBER='1' AIRFLOW_CTX_DAG_RUN_ID='scheduled__2026-07-19T04:00:00+00:00'
[2026-07-19T05:00:01.868+0000] {taskinstance.py:430} INFO - ::endgroup::
[2026-07-19T05:00:02.945+0000] {logging_mixin.py:188} WARNING - 2026-07-19 05:00:02 [INFO] === START job=instant date=2026-07-19 ===
[2026-07-19T05:00:02.945+0000] {era5_functions.py:368} INFO - === START job=instant date=2026-07-19 ===
[2026-07-19T05:00:02.949+0000] {logging_mixin.py:188} WARNING - 2026-07-19 05:00:02 [INFO] --- job=instant date=20260719 ---
[2026-07-19T05:00:02.949+0000] {era5_functions.py:330} INFO - --- job=instant date=20260719 ---
[2026-07-19T05:00:03.724+0000] {logging_mixin.py:188} WARNING - 2026-07-19 05:00:03 [WARNING] get_cds_count failed: 400 Client Error: Bad Request for url: https://cds.climate.copernicus.eu/api/retrieve/v1/processes/reanalysis-era5-single-levels/execution
invalid request
None of the data you have requested is available yet, please revise the period requested. The latest date available for this dataset is: 2026-07-14 05:00
[2026-07-19T05:00:03.724+0000] {era5_functions.py:131} WARNING - get_cds_count failed: 400 Client Error: Bad Request for url: https://cds.climate.copernicus.eu/api/retrieve/v1/processes/reanalysis-era5-single-levels/execution
invalid request
None of the data you have requested is available yet, please revise the period requested. The latest date available for this dataset is: 2026-07-14 05:00
[2026-07-19T05:00:03.727+0000] {logging_mixin.py:188} WARNING - 2026-07-19 05:00:03 [WARNING] CDS ยังไม่มีข้อมูล job=instant date=20260719, skip
[2026-07-19T05:00:03.726+0000] {era5_functions.py:335} WARNING - CDS ยังไม่มีข้อมูล job=instant date=20260719, skip
[2026-07-19T05:00:03.729+0000] {logging_mixin.py:188} WARNING - 2026-07-19 05:00:03 [INFO] --- job=instant date=20260718 ---
[2026-07-19T05:00:03.729+0000] {era5_functions.py:330} INFO - --- job=instant date=20260718 ---
[2026-07-19T05:00:04.328+0000] {logging_mixin.py:188} WARNING - 2026-07-19 05:00:04 [WARNING] get_cds_count failed: 400 Client Error: Bad Request for url: https://cds.climate.copernicus.eu/api/retrieve/v1/processes/reanalysis-era5-single-levels/execution
invalid request
None of the data you have requested is available yet, please revise the period requested. The latest date available for this dataset is: 2026-07-14 05:00
[2026-07-19T05:00:04.328+0000] {era5_functions.py:131} WARNING - get_cds_count failed: 400 Client Error: Bad Request for url: https://cds.climate.copernicus.eu/api/retrieve/v1/processes/reanalysis-era5-single-levels/execution
invalid request
None of the data you have requested is available yet, please revise the period requested. The latest date available for this dataset is: 2026-07-14 05:00
[2026-07-19T05:00:04.331+0000] {logging_mixin.py:188} WARNING - 2026-07-19 05:00:04 [WARNING] CDS ยังไม่มีข้อมูล job=instant date=20260718, skip
[2026-07-19T05:00:04.331+0000] {era5_functions.py:335} WARNING - CDS ยังไม่มีข้อมูล job=instant date=20260718, skip
[2026-07-19T05:00:04.333+0000] {logging_mixin.py:188} WARNING - 2026-07-19 05:00:04 [INFO] --- job=instant date=20260717 ---
[2026-07-19T05:00:04.333+0000] {era5_functions.py:330} INFO - --- job=instant date=20260717 ---
[2026-07-19T05:00:06.236+0000] {logging_mixin.py:188} WARNING - 2026-07-19 05:00:06 [WARNING] get_cds_count failed: 400 Client Error: Bad Request for url: https://cds.climate.copernicus.eu/api/retrieve/v1/processes/reanalysis-era5-single-levels/execution
invalid request
None of the data you have requested is available yet, please revise the period requested. The latest date available for this dataset is: 2026-07-14 05:00
[2026-07-19T05:00:06.236+0000] {era5_functions.py:131} WARNING - get_cds_count failed: 400 Client Error: Bad Request for url: https://cds.climate.copernicus.eu/api/retrieve/v1/processes/reanalysis-era5-single-levels/execution
invalid request
None of the data you have requested is available yet, please revise the period requested. The latest date available for this dataset is: 2026-07-14 05:00
[2026-07-19T05:00:06.240+0000] {logging_mixin.py:188} WARNING - 2026-07-19 05:00:06 [WARNING] CDS ยังไม่มีข้อมูล job=instant date=20260717, skip
[2026-07-19T05:00:06.240+0000] {era5_functions.py:335} WARNING - CDS ยังไม่มีข้อมูล job=instant date=20260717, skip
[2026-07-19T05:00:06.242+0000] {logging_mixin.py:188} WARNING - 2026-07-19 05:00:06 [INFO] --- job=instant date=20260716 ---
[2026-07-19T05:00:06.242+0000] {era5_functions.py:330} INFO - --- job=instant date=20260716 ---
[2026-07-19T05:00:07.002+0000] {logging_mixin.py:188} WARNING - 2026-07-19 05:00:07 [WARNING] get_cds_count failed: 400 Client Error: Bad Request for url: https://cds.climate.copernicus.eu/api/retrieve/v1/processes/reanalysis-era5-single-levels/execution
invalid request
None of the data you have requested is available yet, please revise the period requested. The latest date available for this dataset is: 2026-07-14 05:00
[2026-07-19T05:00:07.001+0000] {era5_functions.py:131} WARNING - get_cds_count failed: 400 Client Error: Bad Request for url: https://cds.climate.copernicus.eu/api/retrieve/v1/processes/reanalysis-era5-single-levels/execution
invalid request
None of the data you have requested is available yet, please revise the period requested. The latest date available for this dataset is: 2026-07-14 05:00
[2026-07-19T05:00:07.007+0000] {logging_mixin.py:188} WARNING - 2026-07-19 05:00:07 [WARNING] CDS ยังไม่มีข้อมูล job=instant date=20260716, skip
[2026-07-19T05:00:07.007+0000] {era5_functions.py:335} WARNING - CDS ยังไม่มีข้อมูล job=instant date=20260716, skip
[2026-07-19T05:00:07.011+0000] {logging_mixin.py:188} WARNING - 2026-07-19 05:00:07 [INFO] --- job=instant date=20260715 ---
[2026-07-19T05:00:07.011+0000] {era5_functions.py:330} INFO - --- job=instant date=20260715 ---
[2026-07-19T05:00:07.536+0000] {logging_mixin.py:188} WARNING - 2026-07-19 05:00:07 [WARNING] get_cds_count failed: 400 Client Error: Bad Request for url: https://cds.climate.copernicus.eu/api/retrieve/v1/processes/reanalysis-era5-single-levels/execution
invalid request
None of the data you have requested is available yet, please revise the period requested. The latest date available for this dataset is: 2026-07-14 05:00
[2026-07-19T05:00:07.535+0000] {era5_functions.py:131} WARNING - get_cds_count failed: 400 Client Error: Bad Request for url: https://cds.climate.copernicus.eu/api/retrieve/v1/processes/reanalysis-era5-single-levels/execution
invalid request
None of the data you have requested is available yet, please revise the period requested. The latest date available for this dataset is: 2026-07-14 05:00
[2026-07-19T05:00:07.542+0000] {logging_mixin.py:188} WARNING - 2026-07-19 05:00:07 [WARNING] CDS ยังไม่มีข้อมูล job=instant date=20260715, skip
[2026-07-19T05:00:07.541+0000] {era5_functions.py:335} WARNING - CDS ยังไม่มีข้อมูล job=instant date=20260715, skip
[2026-07-19T05:00:07.546+0000] {logging_mixin.py:188} WARNING - 2026-07-19 05:00:07 [INFO] --- job=instant date=20260714 ---
[2026-07-19T05:00:07.546+0000] {era5_functions.py:330} INFO - --- job=instant date=20260714 ---
[2026-07-19T05:00:08.204+0000] {logging_mixin.py:188} WARNING - 2026-07-19 05:00:08,203 INFO Request ID is d93bbcbe-ed73-47f2-914c-19cf564cdd98
[2026-07-19T05:00:08.203+0000] {legacy_client.py:192} INFO - Request ID is d93bbcbe-ed73-47f2-914c-19cf564cdd98
[2026-07-19T05:00:08.435+0000] {logging_mixin.py:188} WARNING - 2026-07-19 05:00:08,434 INFO status has been updated to accepted
[2026-07-19T05:00:08.434+0000] {legacy_client.py:192} INFO - status has been updated to accepted
[2026-07-19T05:00:42.081+0000] {logging_mixin.py:188} WARNING - 2026-07-19 05:00:42,081 INFO status has been updated to running
[2026-07-19T05:00:42.081+0000] {legacy_client.py:192} INFO - status has been updated to running
[2026-07-19T05:00:59.376+0000] {logging_mixin.py:188} WARNING - 2026-07-19 05:00:59,376 INFO status has been updated to successful
[2026-07-19T05:00:59.376+0000] {legacy_client.py:192} INFO - status has been updated to successful
[2026-07-19T05:00:59.782+0000] {base.py:119} INFO - Downloading https://object-store.os-api.cci2.ecmwf.int:443/cci2-prod-cache-1/2026-07-19/68e5fd2ad142e9e4326dfb89f624f66.nc
[2026-07-19T05:01:00.488+0000] {logging_mixin.py:188} WARNING - 68e5fd2ad142e9e4326dfb89f624f66.nc:   0%|          | 0.00/719k [00:00<?, ?B/s]
[2026-07-19T05:01:02.046+0000] {logging_mixin.py:188} WARNING - 68e5fd2ad142e9e4326dfb89f624f66.nc: 100%|##########| 719k/719k [00:01<00:00, 473kB/s]
[2026-07-19T05:01:02.050+0000] {logging_mixin.py:188} WARNING -                                                                                      
[2026-07-19T05:01:02.344+0000] {logging_mixin.py:188} WARNING - 2026-07-19 05:01:02 [INFO] CDS timestep available: 6
[2026-07-19T05:01:02.344+0000] {era5_functions.py:128} INFO - CDS timestep available: 6
[2026-07-19T05:01:02.423+0000] {logging_mixin.py:188} WARNING - 2026-07-19 05:01:02 [INFO] local timestep: 5 — /opt/***/era5/ecmwf/data/nc/_raw/2026/07/14/instant_20260714.nc
[2026-07-19T05:01:02.423+0000] {era5_functions.py:152} INFO - local timestep: 5 — /opt/***/era5/ecmwf/data/nc/_raw/2026/07/14/instant_20260714.nc
[2026-07-19T05:01:02.429+0000] {logging_mixin.py:188} WARNING - 2026-07-19 05:01:02 [INFO] nc outdated (local=5 < cds=6), removing: /opt/***/era5/ecmwf/data/nc/_raw/2026/07/14/instant_20260714.nc
[2026-07-19T05:01:02.429+0000] {era5_functions.py:193} INFO - nc outdated (local=5 < cds=6), removing: /opt/***/era5/ecmwf/data/nc/_raw/2026/07/14/instant_20260714.nc
[2026-07-19T05:01:02.447+0000] {logging_mixin.py:188} WARNING - 2026-07-19 05:01:02 [INFO] download attempt 1/3: /opt/***/era5/ecmwf/data/nc/_raw/2026/07/14/instant_20260714.nc
[2026-07-19T05:01:02.447+0000] {era5_functions.py:200} INFO - download attempt 1/3: /opt/***/era5/ecmwf/data/nc/_raw/2026/07/14/instant_20260714.nc
[2026-07-19T05:01:03.403+0000] {logging_mixin.py:188} WARNING - 2026-07-19 05:01:03,402 INFO Request ID is 86fdbb0b-8bef-4d7f-84c6-f6f5c5922c95
[2026-07-19T05:01:03.402+0000] {legacy_client.py:192} INFO - Request ID is 86fdbb0b-8bef-4d7f-84c6-f6f5c5922c95
[2026-07-19T05:01:08.229+0000] {logging_mixin.py:188} WARNING - 2026-07-19 05:01:08,228 INFO status has been updated to accepted
[2026-07-19T05:01:08.228+0000] {legacy_client.py:192} INFO - status has been updated to accepted
[2026-07-19T05:01:24.254+0000] {logging_mixin.py:188} WARNING - 2026-07-19 05:01:24,254 INFO status has been updated to running
[2026-07-19T05:01:24.254+0000] {legacy_client.py:192} INFO - status has been updated to running
[2026-07-19T05:01:32.058+0000] {logging_mixin.py:188} WARNING - 2026-07-19 05:01:32,057 INFO status has been updated to successful
[2026-07-19T05:01:32.057+0000] {legacy_client.py:192} INFO - status has been updated to successful
[2026-07-19T05:01:32.514+0000] {base.py:119} INFO - Downloading https://object-store.os-api.cci2.ecmwf.int:443/cci2-prod-cache-3/2026-07-19/cb0a676f569428ec87cea1496aaa5640.nc
[2026-07-19T05:01:33.235+0000] {logging_mixin.py:188} WARNING - cb0a676f569428ec87cea1496aaa5640.nc:   0%|          | 0.00/719k [00:00<?, ?B/s]
[2026-07-19T05:01:34.791+0000] {logging_mixin.py:188} WARNING - cb0a676f569428ec87cea1496aaa5640.nc: 100%|##########| 719k/719k [00:01<00:00, 474kB/s]
[2026-07-19T05:01:34.809+0000] {logging_mixin.py:188} WARNING -                                                                                       
[2026-07-19T05:01:34.952+0000] {logging_mixin.py:188} WARNING - 2026-07-19 05:01:34 [INFO] nc downloaded ok: /opt/***/era5/ecmwf/data/nc/_raw/2026/07/14/instant_20260714.nc
[2026-07-19T05:01:34.952+0000] {era5_functions.py:204} INFO - nc downloaded ok: /opt/***/era5/ecmwf/data/nc/_raw/2026/07/14/instant_20260714.nc
[2026-07-19T05:01:35.029+0000] {logging_mixin.py:188} WARNING - 2026-07-19 05:01:35 [INFO] local timestep: 6 — /opt/***/era5/ecmwf/data/nc/_raw/2026/07/14/instant_20260714.nc
[2026-07-19T05:01:35.029+0000] {era5_functions.py:152} INFO - local timestep: 6 — /opt/***/era5/ecmwf/data/nc/_raw/2026/07/14/instant_20260714.nc
[2026-07-19T05:01:35.115+0000] {logging_mixin.py:188} WARNING - 2026-07-19 05:01:35 [INFO] tif outdated (tif=5 < nc=6), removing: /opt/***/era5/ecmwf/data/tif/2026/07/14/t2m_20260714.tif
[2026-07-19T05:01:35.115+0000] {era5_functions.py:261} INFO - tif outdated (tif=5 < nc=6), removing: /opt/***/era5/ecmwf/data/tif/2026/07/14/t2m_20260714.tif
[2026-07-19T05:01:35.190+0000] {logging_mixin.py:188} WARNING - 2026-07-19 05:01:35 [INFO] tif ok (bands=6): /opt/***/era5/ecmwf/data/tif/2026/07/14/t2m_20260714.tif
[2026-07-19T05:01:35.190+0000] {era5_functions.py:304} INFO - tif ok (bands=6): /opt/***/era5/ecmwf/data/tif/2026/07/14/t2m_20260714.tif
[2026-07-19T05:01:35.208+0000] {logging_mixin.py:188} WARNING - 2026-07-19 05:01:35 [INFO] tif outdated (tif=5 < nc=6), removing: /opt/***/era5/ecmwf/data/tif/2026/07/14/d2m_20260714.tif
[2026-07-19T05:01:35.208+0000] {era5_functions.py:261} INFO - tif outdated (tif=5 < nc=6), removing: /opt/***/era5/ecmwf/data/tif/2026/07/14/d2m_20260714.tif
[2026-07-19T05:01:35.286+0000] {logging_mixin.py:188} WARNING - 2026-07-19 05:01:35 [INFO] tif ok (bands=6): /opt/***/era5/ecmwf/data/tif/2026/07/14/d2m_20260714.tif
[2026-07-19T05:01:35.286+0000] {era5_functions.py:304} INFO - tif ok (bands=6): /opt/***/era5/ecmwf/data/tif/2026/07/14/d2m_20260714.tif
[2026-07-19T05:01:35.302+0000] {logging_mixin.py:188} WARNING - 2026-07-19 05:01:35 [INFO] tif outdated (tif=5 < nc=6), removing: /opt/***/era5/ecmwf/data/tif/2026/07/14/sp_20260714.tif
[2026-07-19T05:01:35.301+0000] {era5_functions.py:261} INFO - tif outdated (tif=5 < nc=6), removing: /opt/***/era5/ecmwf/data/tif/2026/07/14/sp_20260714.tif
[2026-07-19T05:01:35.374+0000] {logging_mixin.py:188} WARNING - 2026-07-19 05:01:35 [INFO] tif ok (bands=6): /opt/***/era5/ecmwf/data/tif/2026/07/14/sp_20260714.tif
[2026-07-19T05:01:35.374+0000] {era5_functions.py:304} INFO - tif ok (bands=6): /opt/***/era5/ecmwf/data/tif/2026/07/14/sp_20260714.tif
[2026-07-19T05:01:35.390+0000] {logging_mixin.py:188} WARNING - 2026-07-19 05:01:35 [INFO] tif outdated (tif=5 < nc=6), removing: /opt/***/era5/ecmwf/data/tif/2026/07/14/blh_20260714.tif
[2026-07-19T05:01:35.390+0000] {era5_functions.py:261} INFO - tif outdated (tif=5 < nc=6), removing: /opt/***/era5/ecmwf/data/tif/2026/07/14/blh_20260714.tif
[2026-07-19T05:01:35.462+0000] {logging_mixin.py:188} WARNING - 2026-07-19 05:01:35 [INFO] tif ok (bands=6): /opt/***/era5/ecmwf/data/tif/2026/07/14/blh_20260714.tif
[2026-07-19T05:01:35.462+0000] {era5_functions.py:304} INFO - tif ok (bands=6): /opt/***/era5/ecmwf/data/tif/2026/07/14/blh_20260714.tif
[2026-07-19T05:01:35.478+0000] {logging_mixin.py:188} WARNING - 2026-07-19 05:01:35 [INFO] tif outdated (tif=5 < nc=6), removing: /opt/***/era5/ecmwf/data/tif/2026/07/14/u10_20260714.tif
[2026-07-19T05:01:35.478+0000] {era5_functions.py:261} INFO - tif outdated (tif=5 < nc=6), removing: /opt/***/era5/ecmwf/data/tif/2026/07/14/u10_20260714.tif
[2026-07-19T05:01:35.561+0000] {logging_mixin.py:188} WARNING - 2026-07-19 05:01:35 [INFO] tif ok (bands=6): /opt/***/era5/ecmwf/data/tif/2026/07/14/u10_20260714.tif
[2026-07-19T05:01:35.561+0000] {era5_functions.py:304} INFO - tif ok (bands=6): /opt/***/era5/ecmwf/data/tif/2026/07/14/u10_20260714.tif
[2026-07-19T05:01:35.578+0000] {logging_mixin.py:188} WARNING - 2026-07-19 05:01:35 [INFO] tif outdated (tif=5 < nc=6), removing: /opt/***/era5/ecmwf/data/tif/2026/07/14/v10_20260714.tif
[2026-07-19T05:01:35.578+0000] {era5_functions.py:261} INFO - tif outdated (tif=5 < nc=6), removing: /opt/***/era5/ecmwf/data/tif/2026/07/14/v10_20260714.tif
[2026-07-19T05:01:35.663+0000] {logging_mixin.py:188} WARNING - 2026-07-19 05:01:35 [INFO] tif ok (bands=6): /opt/***/era5/ecmwf/data/tif/2026/07/14/v10_20260714.tif
[2026-07-19T05:01:35.662+0000] {era5_functions.py:304} INFO - tif ok (bands=6): /opt/***/era5/ecmwf/data/tif/2026/07/14/v10_20260714.tif
[2026-07-19T05:01:35.668+0000] {logging_mixin.py:188} WARNING - 2026-07-19 05:01:35 [INFO] === END job=instant date=2026-07-19 ===
[2026-07-19T05:01:35.668+0000] {era5_functions.py:379} INFO - === END job=instant date=2026-07-19 ===
[2026-07-19T05:01:35.670+0000] {python.py:237} INFO - Done. Returned value was: None
[2026-07-19T05:01:35.671+0000] {taskinstance.py:441} INFO - ::group::Post task execution logs
[2026-07-19T05:01:35.684+0000] {taskinstance.py:1206} INFO - Marking task as SUCCESS. dag_id=era5_download_pipeline, task_id=era5_instant, run_id=scheduled__2026-07-19T04:00:00+00:00, execution_date=20260719T040000, start_date=20260719T050001, end_date=20260719T050135
[2026-07-19T05:01:35.754+0000] {local_task_job_runner.py:240} INFO - Task exited with return code 0
[2026-07-19T05:01:35.777+0000] {taskinstance.py:3498} INFO - 1 downstream tasks scheduled from follow-on schedule check
[2026-07-19T05:01:35.780+0000] {local_task_job_runner.py:222} INFO - ::endgroup::
