[2026-06-16T14:03:10.911+0000] {local_task_job_runner.py:120} INFO - ::group::Pre task execution logs
[2026-06-16T14:03:10.935+0000] {taskinstance.py:2076} INFO - Dependencies all met for dep_context=non-requeueable deps ti=<TaskInstance: era5_download_pipeline.era5_accum scheduled__2026-06-16T13:00:00+00:00 [queued]>
[2026-06-16T14:03:10.948+0000] {taskinstance.py:2076} INFO - Dependencies all met for dep_context=requeueable deps ti=<TaskInstance: era5_download_pipeline.era5_accum scheduled__2026-06-16T13:00:00+00:00 [queued]>
[2026-06-16T14:03:10.949+0000] {taskinstance.py:2306} INFO - Starting attempt 1 of 1
[2026-06-16T14:03:10.972+0000] {taskinstance.py:2330} INFO - Executing <Task(PythonOperator): era5_accum> on 2026-06-16 13:00:00+00:00
[2026-06-16T14:03:10.984+0000] {warnings.py:110} WARNING - /home/***/.local/lib/python3.12/site-packages/***/task/task_runner/standard_task_runner.py:61: DeprecationWarning: This process (pid=97746) is multi-threaded, use of fork() may lead to deadlocks in the child.
  pid = os.fork()

[2026-06-16T14:03:10.988+0000] {standard_task_runner.py:63} INFO - Started process 97748 to run task
[2026-06-16T14:03:10.987+0000] {standard_task_runner.py:90} INFO - Running: ['***', 'tasks', 'run', 'era5_download_pipeline', 'era5_accum', 'scheduled__2026-06-16T13:00:00+00:00', '--job-id', '1704', '--raw', '--subdir', 'DAGS_FOLDER/era5_dag.py', '--cfg-path', '/tmp/tmp7ca4myvl']
[2026-06-16T14:03:10.991+0000] {standard_task_runner.py:91} INFO - Job 1704: Subtask era5_accum
[2026-06-16T14:03:11.073+0000] {task_command.py:426} INFO - Running <TaskInstance: era5_download_pipeline.era5_accum scheduled__2026-06-16T13:00:00+00:00 [running]> on host 01cd476fb21a
[2026-06-16T14:03:11.201+0000] {taskinstance.py:2648} INFO - Exporting env vars: AIRFLOW_CTX_DAG_OWNER='era5' AIRFLOW_CTX_DAG_ID='era5_download_pipeline' AIRFLOW_CTX_TASK_ID='era5_accum' AIRFLOW_CTX_EXECUTION_DATE='2026-06-16T13:00:00+00:00' AIRFLOW_CTX_TRY_NUMBER='1' AIRFLOW_CTX_DAG_RUN_ID='scheduled__2026-06-16T13:00:00+00:00'
[2026-06-16T14:03:11.204+0000] {taskinstance.py:430} INFO - ::endgroup::
[2026-06-16T14:03:12.402+0000] {logging_mixin.py:188} WARNING - 2026-06-16 14:03:12 [INFO] === START job=accum date=2026-06-16 ===
[2026-06-16T14:03:12.401+0000] {era5_functions.py:368} INFO - === START job=accum date=2026-06-16 ===
[2026-06-16T14:03:12.407+0000] {logging_mixin.py:188} WARNING - 2026-06-16 14:03:12 [INFO] --- job=accum date=20260616 ---
[2026-06-16T14:03:12.406+0000] {era5_functions.py:330} INFO - --- job=accum date=20260616 ---
[2026-06-16T14:03:13.025+0000] {logging_mixin.py:188} WARNING - 2026-06-16 14:03:13 [WARNING] get_cds_count failed: 400 Client Error: Bad Request for url: https://cds.climate.copernicus.eu/api/retrieve/v1/processes/reanalysis-era5-single-levels/execution
invalid request
None of the data you have requested is available yet, please revise the period requested. The latest date available for this dataset is: 2026-06-11 14:00
[2026-06-16T14:03:13.024+0000] {era5_functions.py:131} WARNING - get_cds_count failed: 400 Client Error: Bad Request for url: https://cds.climate.copernicus.eu/api/retrieve/v1/processes/reanalysis-era5-single-levels/execution
invalid request
None of the data you have requested is available yet, please revise the period requested. The latest date available for this dataset is: 2026-06-11 14:00
[2026-06-16T14:03:13.030+0000] {logging_mixin.py:188} WARNING - 2026-06-16 14:03:13 [WARNING] CDS ยังไม่มีข้อมูล job=accum date=20260616, skip
[2026-06-16T14:03:13.029+0000] {era5_functions.py:335} WARNING - CDS ยังไม่มีข้อมูล job=accum date=20260616, skip
[2026-06-16T14:03:13.033+0000] {logging_mixin.py:188} WARNING - 2026-06-16 14:03:13 [INFO] --- job=accum date=20260615 ---
[2026-06-16T14:03:13.032+0000] {era5_functions.py:330} INFO - --- job=accum date=20260615 ---
[2026-06-16T14:03:13.613+0000] {logging_mixin.py:188} WARNING - 2026-06-16 14:03:13 [WARNING] get_cds_count failed: 400 Client Error: Bad Request for url: https://cds.climate.copernicus.eu/api/retrieve/v1/processes/reanalysis-era5-single-levels/execution
invalid request
None of the data you have requested is available yet, please revise the period requested. The latest date available for this dataset is: 2026-06-11 14:00
[2026-06-16T14:03:13.613+0000] {era5_functions.py:131} WARNING - get_cds_count failed: 400 Client Error: Bad Request for url: https://cds.climate.copernicus.eu/api/retrieve/v1/processes/reanalysis-era5-single-levels/execution
invalid request
None of the data you have requested is available yet, please revise the period requested. The latest date available for this dataset is: 2026-06-11 14:00
[2026-06-16T14:03:13.618+0000] {logging_mixin.py:188} WARNING - 2026-06-16 14:03:13 [WARNING] CDS ยังไม่มีข้อมูล job=accum date=20260615, skip
[2026-06-16T14:03:13.617+0000] {era5_functions.py:335} WARNING - CDS ยังไม่มีข้อมูล job=accum date=20260615, skip
[2026-06-16T14:03:13.622+0000] {logging_mixin.py:188} WARNING - 2026-06-16 14:03:13 [INFO] --- job=accum date=20260614 ---
[2026-06-16T14:03:13.622+0000] {era5_functions.py:330} INFO - --- job=accum date=20260614 ---
[2026-06-16T14:03:14.275+0000] {logging_mixin.py:188} WARNING - 2026-06-16 14:03:14 [WARNING] get_cds_count failed: 400 Client Error: Bad Request for url: https://cds.climate.copernicus.eu/api/retrieve/v1/processes/reanalysis-era5-single-levels/execution
invalid request
None of the data you have requested is available yet, please revise the period requested. The latest date available for this dataset is: 2026-06-11 14:00
[2026-06-16T14:03:14.275+0000] {era5_functions.py:131} WARNING - get_cds_count failed: 400 Client Error: Bad Request for url: https://cds.climate.copernicus.eu/api/retrieve/v1/processes/reanalysis-era5-single-levels/execution
invalid request
None of the data you have requested is available yet, please revise the period requested. The latest date available for this dataset is: 2026-06-11 14:00
[2026-06-16T14:03:14.278+0000] {logging_mixin.py:188} WARNING - 2026-06-16 14:03:14 [WARNING] CDS ยังไม่มีข้อมูล job=accum date=20260614, skip
[2026-06-16T14:03:14.278+0000] {era5_functions.py:335} WARNING - CDS ยังไม่มีข้อมูล job=accum date=20260614, skip
[2026-06-16T14:03:14.281+0000] {logging_mixin.py:188} WARNING - 2026-06-16 14:03:14 [INFO] --- job=accum date=20260613 ---
[2026-06-16T14:03:14.281+0000] {era5_functions.py:330} INFO - --- job=accum date=20260613 ---
[2026-06-16T14:03:14.919+0000] {logging_mixin.py:188} WARNING - 2026-06-16 14:03:14 [WARNING] get_cds_count failed: 400 Client Error: Bad Request for url: https://cds.climate.copernicus.eu/api/retrieve/v1/processes/reanalysis-era5-single-levels/execution
invalid request
None of the data you have requested is available yet, please revise the period requested. The latest date available for this dataset is: 2026-06-11 14:00
[2026-06-16T14:03:14.918+0000] {era5_functions.py:131} WARNING - get_cds_count failed: 400 Client Error: Bad Request for url: https://cds.climate.copernicus.eu/api/retrieve/v1/processes/reanalysis-era5-single-levels/execution
invalid request
None of the data you have requested is available yet, please revise the period requested. The latest date available for this dataset is: 2026-06-11 14:00
[2026-06-16T14:03:14.924+0000] {logging_mixin.py:188} WARNING - 2026-06-16 14:03:14 [WARNING] CDS ยังไม่มีข้อมูล job=accum date=20260613, skip
[2026-06-16T14:03:14.924+0000] {era5_functions.py:335} WARNING - CDS ยังไม่มีข้อมูล job=accum date=20260613, skip
[2026-06-16T14:03:14.928+0000] {logging_mixin.py:188} WARNING - 2026-06-16 14:03:14 [INFO] --- job=accum date=20260612 ---
[2026-06-16T14:03:14.927+0000] {era5_functions.py:330} INFO - --- job=accum date=20260612 ---
[2026-06-16T14:03:16.288+0000] {logging_mixin.py:188} WARNING - 2026-06-16 14:03:16 [WARNING] get_cds_count failed: 400 Client Error: Bad Request for url: https://cds.climate.copernicus.eu/api/retrieve/v1/processes/reanalysis-era5-single-levels/execution
invalid request
None of the data you have requested is available yet, please revise the period requested. The latest date available for this dataset is: 2026-06-11 14:00
[2026-06-16T14:03:16.288+0000] {era5_functions.py:131} WARNING - get_cds_count failed: 400 Client Error: Bad Request for url: https://cds.climate.copernicus.eu/api/retrieve/v1/processes/reanalysis-era5-single-levels/execution
invalid request
None of the data you have requested is available yet, please revise the period requested. The latest date available for this dataset is: 2026-06-11 14:00
[2026-06-16T14:03:16.292+0000] {logging_mixin.py:188} WARNING - 2026-06-16 14:03:16 [WARNING] CDS ยังไม่มีข้อมูล job=accum date=20260612, skip
[2026-06-16T14:03:16.292+0000] {era5_functions.py:335} WARNING - CDS ยังไม่มีข้อมูล job=accum date=20260612, skip
[2026-06-16T14:03:16.295+0000] {logging_mixin.py:188} WARNING - 2026-06-16 14:03:16 [INFO] --- job=accum date=20260611 ---
[2026-06-16T14:03:16.294+0000] {era5_functions.py:330} INFO - --- job=accum date=20260611 ---
[2026-06-16T14:03:17.011+0000] {logging_mixin.py:188} WARNING - 2026-06-16 14:03:17,011 INFO [2025-12-11T00:00:00] Please note that a dedicated catalogue entry for this dataset, post-processed and stored in Analysis Ready Cloud Optimized (ARCO) format (Zarr), is available for optimised time-series retrievals (i.e. for retrieving data from selected variables for a single point over an extended period of time in an efficient way). You can discover it [here](https://cds.climate.copernicus.eu/datasets/reanalysis-era5-single-levels-timeseries?tab=overview)
[2026-06-16T14:03:17.011+0000] {legacy_client.py:192} INFO - [2025-12-11T00:00:00] Please note that a dedicated catalogue entry for this dataset, post-processed and stored in Analysis Ready Cloud Optimized (ARCO) format (Zarr), is available for optimised time-series retrievals (i.e. for retrieving data from selected variables for a single point over an extended period of time in an efficient way). You can discover it [here](https://cds.climate.copernicus.eu/datasets/reanalysis-era5-single-levels-timeseries?tab=overview)
[2026-06-16T14:03:17.015+0000] {logging_mixin.py:188} WARNING - 2026-06-16 14:03:17,015 INFO Request ID is 343d3ffa-80cd-4c9f-acf3-10ff5ffa6829
[2026-06-16T14:03:17.015+0000] {legacy_client.py:192} INFO - Request ID is 343d3ffa-80cd-4c9f-acf3-10ff5ffa6829
[2026-06-16T14:03:17.232+0000] {logging_mixin.py:188} WARNING - 2026-06-16 14:03:17,231 INFO status has been updated to accepted
[2026-06-16T14:03:17.231+0000] {legacy_client.py:192} INFO - status has been updated to accepted
[2026-06-16T14:03:31.465+0000] {logging_mixin.py:188} WARNING - 2026-06-16 14:03:31,465 INFO status has been updated to successful
[2026-06-16T14:03:31.465+0000] {legacy_client.py:192} INFO - status has been updated to successful
[2026-06-16T14:03:31.881+0000] {base.py:119} INFO - Downloading https://object-store.os-api.cci2.ecmwf.int:443/cci2-prod-cache-1/2026-06-16/a57cc517ca01825d58a4cc52b591d427.nc
[2026-06-16T14:03:32.908+0000] {logging_mixin.py:188} WARNING - a57cc517ca01825d58a4cc52b591d427.nc:   0%|          | 0.00/242k [00:00<?, ?B/s]
[2026-06-16T14:03:34.334+0000] {logging_mixin.py:188} WARNING - a57cc517ca01825d58a4cc52b591d427.nc: 100%|##########| 242k/242k [00:01<00:00, 174kB/s]
[2026-06-16T14:03:34.339+0000] {logging_mixin.py:188} WARNING -                                                                                       
[2026-06-16T14:03:34.627+0000] {logging_mixin.py:188} WARNING - 2026-06-16 14:03:34 [INFO] CDS timestep available: 15
[2026-06-16T14:03:34.627+0000] {era5_functions.py:128} INFO - CDS timestep available: 15
[2026-06-16T14:03:34.689+0000] {logging_mixin.py:188} WARNING - 2026-06-16 14:03:34 [INFO] local timestep: 14 — /opt/***/era5/ecmwf/data/nc/_raw/2026/06/11/accum_20260611.nc
[2026-06-16T14:03:34.689+0000] {era5_functions.py:152} INFO - local timestep: 14 — /opt/***/era5/ecmwf/data/nc/_raw/2026/06/11/accum_20260611.nc
[2026-06-16T14:03:34.696+0000] {logging_mixin.py:188} WARNING - 2026-06-16 14:03:34 [INFO] nc outdated (local=14 < cds=15), removing: /opt/***/era5/ecmwf/data/nc/_raw/2026/06/11/accum_20260611.nc
[2026-06-16T14:03:34.695+0000] {era5_functions.py:193} INFO - nc outdated (local=14 < cds=15), removing: /opt/***/era5/ecmwf/data/nc/_raw/2026/06/11/accum_20260611.nc
[2026-06-16T14:03:34.716+0000] {logging_mixin.py:188} WARNING - 2026-06-16 14:03:34 [INFO] download attempt 1/3: /opt/***/era5/ecmwf/data/nc/_raw/2026/06/11/accum_20260611.nc
[2026-06-16T14:03:34.716+0000] {era5_functions.py:200} INFO - download attempt 1/3: /opt/***/era5/ecmwf/data/nc/_raw/2026/06/11/accum_20260611.nc
[2026-06-16T14:03:37.164+0000] {logging_mixin.py:188} WARNING - 2026-06-16 14:03:37,164 INFO [2025-12-11T00:00:00] Please note that a dedicated catalogue entry for this dataset, post-processed and stored in Analysis Ready Cloud Optimized (ARCO) format (Zarr), is available for optimised time-series retrievals (i.e. for retrieving data from selected variables for a single point over an extended period of time in an efficient way). You can discover it [here](https://cds.climate.copernicus.eu/datasets/reanalysis-era5-single-levels-timeseries?tab=overview)
[2026-06-16T14:03:37.164+0000] {legacy_client.py:192} INFO - [2025-12-11T00:00:00] Please note that a dedicated catalogue entry for this dataset, post-processed and stored in Analysis Ready Cloud Optimized (ARCO) format (Zarr), is available for optimised time-series retrievals (i.e. for retrieving data from selected variables for a single point over an extended period of time in an efficient way). You can discover it [here](https://cds.climate.copernicus.eu/datasets/reanalysis-era5-single-levels-timeseries?tab=overview)
[2026-06-16T14:03:37.169+0000] {logging_mixin.py:188} WARNING - 2026-06-16 14:03:37,169 INFO Request ID is 8a2cb8e3-95a6-4a59-8394-b9c9e67843cf
[2026-06-16T14:03:37.169+0000] {legacy_client.py:192} INFO - Request ID is 8a2cb8e3-95a6-4a59-8394-b9c9e67843cf
[2026-06-16T14:03:37.382+0000] {logging_mixin.py:188} WARNING - 2026-06-16 14:03:37,381 INFO status has been updated to accepted
[2026-06-16T14:03:37.381+0000] {legacy_client.py:192} INFO - status has been updated to accepted
[2026-06-16T14:03:52.367+0000] {logging_mixin.py:188} WARNING - 2026-06-16 14:03:52,366 INFO status has been updated to successful
[2026-06-16T14:03:52.366+0000] {legacy_client.py:192} INFO - status has been updated to successful
[2026-06-16T14:03:53.035+0000] {base.py:119} INFO - Downloading https://object-store.os-api.cci2.ecmwf.int:443/cci2-prod-cache-1/2026-06-16/e69d8de9370c9196ca31def6ca45188.nc
[2026-06-16T14:03:53.739+0000] {logging_mixin.py:188} WARNING - e69d8de9370c9196ca31def6ca45188.nc:   0%|          | 0.00/242k [00:00<?, ?B/s]
[2026-06-16T14:03:55.200+0000] {logging_mixin.py:188} WARNING - e69d8de9370c9196ca31def6ca45188.nc: 100%|##########| 242k/242k [00:01<00:00, 170kB/s]
[2026-06-16T14:03:55.219+0000] {logging_mixin.py:188} WARNING -                                                                                      
[2026-06-16T14:03:55.301+0000] {logging_mixin.py:188} WARNING - 2026-06-16 14:03:55 [INFO] nc downloaded ok: /opt/***/era5/ecmwf/data/nc/_raw/2026/06/11/accum_20260611.nc
[2026-06-16T14:03:55.301+0000] {era5_functions.py:204} INFO - nc downloaded ok: /opt/***/era5/ecmwf/data/nc/_raw/2026/06/11/accum_20260611.nc
[2026-06-16T14:03:55.361+0000] {logging_mixin.py:188} WARNING - 2026-06-16 14:03:55 [INFO] local timestep: 15 — /opt/***/era5/ecmwf/data/nc/_raw/2026/06/11/accum_20260611.nc
[2026-06-16T14:03:55.360+0000] {era5_functions.py:152} INFO - local timestep: 15 — /opt/***/era5/ecmwf/data/nc/_raw/2026/06/11/accum_20260611.nc
[2026-06-16T14:03:55.469+0000] {logging_mixin.py:188} WARNING - 2026-06-16 14:03:55 [INFO] tif outdated (tif=14 < nc=15), removing: /opt/***/era5/ecmwf/data/tif/2026/06/11/tp_20260611.tif
[2026-06-16T14:03:55.469+0000] {era5_functions.py:261} INFO - tif outdated (tif=14 < nc=15), removing: /opt/***/era5/ecmwf/data/tif/2026/06/11/tp_20260611.tif
[2026-06-16T14:03:55.574+0000] {logging_mixin.py:188} WARNING - 2026-06-16 14:03:55 [INFO] tif ok (bands=15): /opt/***/era5/ecmwf/data/tif/2026/06/11/tp_20260611.tif
[2026-06-16T14:03:55.573+0000] {era5_functions.py:304} INFO - tif ok (bands=15): /opt/***/era5/ecmwf/data/tif/2026/06/11/tp_20260611.tif
[2026-06-16T14:03:55.580+0000] {logging_mixin.py:188} WARNING - 2026-06-16 14:03:55 [INFO] === END job=accum date=2026-06-16 ===
[2026-06-16T14:03:55.580+0000] {era5_functions.py:379} INFO - === END job=accum date=2026-06-16 ===
[2026-06-16T14:03:55.582+0000] {python.py:237} INFO - Done. Returned value was: None
[2026-06-16T14:03:55.583+0000] {taskinstance.py:441} INFO - ::group::Post task execution logs
[2026-06-16T14:03:55.600+0000] {taskinstance.py:1206} INFO - Marking task as SUCCESS. dag_id=era5_download_pipeline, task_id=era5_accum, run_id=scheduled__2026-06-16T13:00:00+00:00, execution_date=20260616T130000, start_date=20260616T140310, end_date=20260616T140355
[2026-06-16T14:03:55.668+0000] {local_task_job_runner.py:240} INFO - Task exited with return code 0
[2026-06-16T14:03:55.689+0000] {taskinstance.py:3498} INFO - 0 downstream tasks scheduled from follow-on schedule check
[2026-06-16T14:03:55.693+0000] {local_task_job_runner.py:222} INFO - ::endgroup::
