[2026-06-07T06:01:07.420+0000] {local_task_job_runner.py:120} INFO - ::group::Pre task execution logs
[2026-06-07T06:01:07.444+0000] {taskinstance.py:2076} INFO - Dependencies all met for dep_context=non-requeueable deps ti=<TaskInstance: era5_download_pipeline.era5_accum scheduled__2026-06-07T05:00:00+00:00 [queued]>
[2026-06-07T06:01:07.457+0000] {taskinstance.py:2076} INFO - Dependencies all met for dep_context=requeueable deps ti=<TaskInstance: era5_download_pipeline.era5_accum scheduled__2026-06-07T05:00:00+00:00 [queued]>
[2026-06-07T06:01:07.458+0000] {taskinstance.py:2306} INFO - Starting attempt 1 of 1
[2026-06-07T06:01:07.474+0000] {taskinstance.py:2330} INFO - Executing <Task(PythonOperator): era5_accum> on 2026-06-07 05:00:00+00:00
[2026-06-07T06:01:07.486+0000] {warnings.py:110} WARNING - /home/***/.local/lib/python3.12/site-packages/***/task/task_runner/standard_task_runner.py:61: DeprecationWarning: This process (pid=92171) is multi-threaded, use of fork() may lead to deadlocks in the child.
  pid = os.fork()

[2026-06-07T06:01:07.489+0000] {standard_task_runner.py:63} INFO - Started process 92173 to run task
[2026-06-07T06:01:07.489+0000] {standard_task_runner.py:90} INFO - Running: ['***', 'tasks', 'run', 'era5_download_pipeline', 'era5_accum', 'scheduled__2026-06-07T05:00:00+00:00', '--job-id', '1112', '--raw', '--subdir', 'DAGS_FOLDER/era5_dag.py', '--cfg-path', '/tmp/tmp9o78d7b4']
[2026-06-07T06:01:07.494+0000] {standard_task_runner.py:91} INFO - Job 1112: Subtask era5_accum
[2026-06-07T06:01:07.573+0000] {task_command.py:426} INFO - Running <TaskInstance: era5_download_pipeline.era5_accum scheduled__2026-06-07T05:00:00+00:00 [running]> on host 01cd476fb21a
[2026-06-07T06:01:07.677+0000] {taskinstance.py:2648} INFO - Exporting env vars: AIRFLOW_CTX_DAG_OWNER='era5' AIRFLOW_CTX_DAG_ID='era5_download_pipeline' AIRFLOW_CTX_TASK_ID='era5_accum' AIRFLOW_CTX_EXECUTION_DATE='2026-06-07T05:00:00+00:00' AIRFLOW_CTX_TRY_NUMBER='1' AIRFLOW_CTX_DAG_RUN_ID='scheduled__2026-06-07T05:00:00+00:00'
[2026-06-07T06:01:07.680+0000] {taskinstance.py:430} INFO - ::endgroup::
[2026-06-07T06:01:08.722+0000] {logging_mixin.py:188} WARNING - 2026-06-07 06:01:08 [INFO] === START job=accum date=2026-06-07 ===
[2026-06-07T06:01:08.721+0000] {era5_functions.py:368} INFO - === START job=accum date=2026-06-07 ===
[2026-06-07T06:01:08.723+0000] {logging_mixin.py:188} WARNING - 2026-06-07 06:01:08 [INFO] --- job=accum date=20260607 ---
[2026-06-07T06:01:08.723+0000] {era5_functions.py:330} INFO - --- job=accum date=20260607 ---
[2026-06-07T06:01:09.485+0000] {logging_mixin.py:188} WARNING - 2026-06-07 06:01:09 [WARNING] get_cds_count failed: 400 Client Error: Bad Request for url: https://cds.climate.copernicus.eu/api/retrieve/v1/processes/reanalysis-era5-single-levels/execution
invalid request
None of the data you have requested is available yet, please revise the period requested. The latest date available for this dataset is: 2026-06-02 06:00
[2026-06-07T06:01:09.484+0000] {era5_functions.py:131} WARNING - get_cds_count failed: 400 Client Error: Bad Request for url: https://cds.climate.copernicus.eu/api/retrieve/v1/processes/reanalysis-era5-single-levels/execution
invalid request
None of the data you have requested is available yet, please revise the period requested. The latest date available for this dataset is: 2026-06-02 06:00
[2026-06-07T06:01:09.490+0000] {logging_mixin.py:188} WARNING - 2026-06-07 06:01:09 [WARNING] CDS ยังไม่มีข้อมูล job=accum date=20260607, skip
[2026-06-07T06:01:09.490+0000] {era5_functions.py:335} WARNING - CDS ยังไม่มีข้อมูล job=accum date=20260607, skip
[2026-06-07T06:01:09.493+0000] {logging_mixin.py:188} WARNING - 2026-06-07 06:01:09 [INFO] --- job=accum date=20260606 ---
[2026-06-07T06:01:09.493+0000] {era5_functions.py:330} INFO - --- job=accum date=20260606 ---
[2026-06-07T06:01:10.309+0000] {logging_mixin.py:188} WARNING - 2026-06-07 06:01:10 [WARNING] get_cds_count failed: 400 Client Error: Bad Request for url: https://cds.climate.copernicus.eu/api/retrieve/v1/processes/reanalysis-era5-single-levels/execution
invalid request
None of the data you have requested is available yet, please revise the period requested. The latest date available for this dataset is: 2026-06-02 06:00
[2026-06-07T06:01:10.309+0000] {era5_functions.py:131} WARNING - get_cds_count failed: 400 Client Error: Bad Request for url: https://cds.climate.copernicus.eu/api/retrieve/v1/processes/reanalysis-era5-single-levels/execution
invalid request
None of the data you have requested is available yet, please revise the period requested. The latest date available for this dataset is: 2026-06-02 06:00
[2026-06-07T06:01:10.314+0000] {logging_mixin.py:188} WARNING - 2026-06-07 06:01:10 [WARNING] CDS ยังไม่มีข้อมูล job=accum date=20260606, skip
[2026-06-07T06:01:10.313+0000] {era5_functions.py:335} WARNING - CDS ยังไม่มีข้อมูล job=accum date=20260606, skip
[2026-06-07T06:01:10.318+0000] {logging_mixin.py:188} WARNING - 2026-06-07 06:01:10 [INFO] --- job=accum date=20260605 ---
[2026-06-07T06:01:10.317+0000] {era5_functions.py:330} INFO - --- job=accum date=20260605 ---
[2026-06-07T06:01:10.919+0000] {logging_mixin.py:188} WARNING - 2026-06-07 06:01:10 [WARNING] get_cds_count failed: 400 Client Error: Bad Request for url: https://cds.climate.copernicus.eu/api/retrieve/v1/processes/reanalysis-era5-single-levels/execution
invalid request
None of the data you have requested is available yet, please revise the period requested. The latest date available for this dataset is: 2026-06-02 06:00
[2026-06-07T06:01:10.918+0000] {era5_functions.py:131} WARNING - get_cds_count failed: 400 Client Error: Bad Request for url: https://cds.climate.copernicus.eu/api/retrieve/v1/processes/reanalysis-era5-single-levels/execution
invalid request
None of the data you have requested is available yet, please revise the period requested. The latest date available for this dataset is: 2026-06-02 06:00
[2026-06-07T06:01:10.924+0000] {logging_mixin.py:188} WARNING - 2026-06-07 06:01:10 [WARNING] CDS ยังไม่มีข้อมูล job=accum date=20260605, skip
[2026-06-07T06:01:10.924+0000] {era5_functions.py:335} WARNING - CDS ยังไม่มีข้อมูล job=accum date=20260605, skip
[2026-06-07T06:01:10.928+0000] {logging_mixin.py:188} WARNING - 2026-06-07 06:01:10 [INFO] --- job=accum date=20260604 ---
[2026-06-07T06:01:10.928+0000] {era5_functions.py:330} INFO - --- job=accum date=20260604 ---
[2026-06-07T06:01:11.514+0000] {logging_mixin.py:188} WARNING - 2026-06-07 06:01:11 [WARNING] get_cds_count failed: 400 Client Error: Bad Request for url: https://cds.climate.copernicus.eu/api/retrieve/v1/processes/reanalysis-era5-single-levels/execution
invalid request
None of the data you have requested is available yet, please revise the period requested. The latest date available for this dataset is: 2026-06-02 06:00
[2026-06-07T06:01:11.514+0000] {era5_functions.py:131} WARNING - get_cds_count failed: 400 Client Error: Bad Request for url: https://cds.climate.copernicus.eu/api/retrieve/v1/processes/reanalysis-era5-single-levels/execution
invalid request
None of the data you have requested is available yet, please revise the period requested. The latest date available for this dataset is: 2026-06-02 06:00
[2026-06-07T06:01:11.520+0000] {logging_mixin.py:188} WARNING - 2026-06-07 06:01:11 [WARNING] CDS ยังไม่มีข้อมูล job=accum date=20260604, skip
[2026-06-07T06:01:11.519+0000] {era5_functions.py:335} WARNING - CDS ยังไม่มีข้อมูล job=accum date=20260604, skip
[2026-06-07T06:01:11.524+0000] {logging_mixin.py:188} WARNING - 2026-06-07 06:01:11 [INFO] --- job=accum date=20260603 ---
[2026-06-07T06:01:11.524+0000] {era5_functions.py:330} INFO - --- job=accum date=20260603 ---
[2026-06-07T06:01:12.208+0000] {logging_mixin.py:188} WARNING - 2026-06-07 06:01:12 [WARNING] get_cds_count failed: 400 Client Error: Bad Request for url: https://cds.climate.copernicus.eu/api/retrieve/v1/processes/reanalysis-era5-single-levels/execution
invalid request
None of the data you have requested is available yet, please revise the period requested. The latest date available for this dataset is: 2026-06-02 06:00
[2026-06-07T06:01:12.208+0000] {era5_functions.py:131} WARNING - get_cds_count failed: 400 Client Error: Bad Request for url: https://cds.climate.copernicus.eu/api/retrieve/v1/processes/reanalysis-era5-single-levels/execution
invalid request
None of the data you have requested is available yet, please revise the period requested. The latest date available for this dataset is: 2026-06-02 06:00
[2026-06-07T06:01:12.211+0000] {logging_mixin.py:188} WARNING - 2026-06-07 06:01:12 [WARNING] CDS ยังไม่มีข้อมูล job=accum date=20260603, skip
[2026-06-07T06:01:12.211+0000] {era5_functions.py:335} WARNING - CDS ยังไม่มีข้อมูล job=accum date=20260603, skip
[2026-06-07T06:01:12.214+0000] {logging_mixin.py:188} WARNING - 2026-06-07 06:01:12 [INFO] --- job=accum date=20260602 ---
[2026-06-07T06:01:12.214+0000] {era5_functions.py:330} INFO - --- job=accum date=20260602 ---
[2026-06-07T06:01:13.195+0000] {logging_mixin.py:188} WARNING - 2026-06-07 06:01:13,194 INFO [2025-12-11T00:00:00] Please note that a dedicated catalogue entry for this dataset, post-processed and stored in Analysis Ready Cloud Optimized (ARCO) format (Zarr), is available for optimised time-series retrievals (i.e. for retrieving data from selected variables for a single point over an extended period of time in an efficient way). You can discover it [here](https://cds.climate.copernicus.eu/datasets/reanalysis-era5-single-levels-timeseries?tab=overview)
[2026-06-07T06:01:13.194+0000] {legacy_client.py:192} INFO - [2025-12-11T00:00:00] Please note that a dedicated catalogue entry for this dataset, post-processed and stored in Analysis Ready Cloud Optimized (ARCO) format (Zarr), is available for optimised time-series retrievals (i.e. for retrieving data from selected variables for a single point over an extended period of time in an efficient way). You can discover it [here](https://cds.climate.copernicus.eu/datasets/reanalysis-era5-single-levels-timeseries?tab=overview)
[2026-06-07T06:01:13.198+0000] {logging_mixin.py:188} WARNING - 2026-06-07 06:01:13,198 INFO Request ID is 10bf3d51-ad0a-4a49-8686-f8d5520c62df
[2026-06-07T06:01:13.198+0000] {legacy_client.py:192} INFO - Request ID is 10bf3d51-ad0a-4a49-8686-f8d5520c62df
[2026-06-07T06:01:13.419+0000] {logging_mixin.py:188} WARNING - 2026-06-07 06:01:13,418 INFO status has been updated to accepted
[2026-06-07T06:01:13.418+0000] {legacy_client.py:192} INFO - status has been updated to accepted
[2026-06-07T06:01:35.453+0000] {logging_mixin.py:188} WARNING - 2026-06-07 06:01:35,452 INFO status has been updated to running
[2026-06-07T06:01:35.452+0000] {legacy_client.py:192} INFO - status has been updated to running
[2026-06-07T06:01:47.183+0000] {logging_mixin.py:188} WARNING - 2026-06-07 06:01:47,182 INFO status has been updated to successful
[2026-06-07T06:01:47.182+0000] {legacy_client.py:192} INFO - status has been updated to successful
[2026-06-07T06:01:47.620+0000] {base.py:119} INFO - Downloading https://object-store.os-api.cci2.ecmwf.int:443/cci2-prod-cache-2/2026-06-07/683995c36525638bc2c35dc3d3f1c184.nc
[2026-06-07T06:01:48.669+0000] {logging_mixin.py:188} WARNING - 683995c36525638bc2c35dc3d3f1c184.nc:   0%|          | 0.00/124k [00:00<?, ?B/s]
[2026-06-07T06:01:49.877+0000] {logging_mixin.py:188} WARNING - 683995c36525638bc2c35dc3d3f1c184.nc: 100%|##########| 124k/124k [00:01<00:00, 105kB/s]
[2026-06-07T06:01:49.881+0000] {logging_mixin.py:188} WARNING -                                                                                       
[2026-06-07T06:01:50.203+0000] {logging_mixin.py:188} WARNING - 2026-06-07 06:01:50 [INFO] CDS timestep available: 7
[2026-06-07T06:01:50.203+0000] {era5_functions.py:128} INFO - CDS timestep available: 7
[2026-06-07T06:01:50.288+0000] {logging_mixin.py:188} WARNING - 2026-06-07 06:01:50 [INFO] local timestep: 6 — /opt/***/era5/ecmwf/data/nc/_raw/2026/06/02/accum_20260602.nc
[2026-06-07T06:01:50.287+0000] {era5_functions.py:152} INFO - local timestep: 6 — /opt/***/era5/ecmwf/data/nc/_raw/2026/06/02/accum_20260602.nc
[2026-06-07T06:01:50.299+0000] {logging_mixin.py:188} WARNING - 2026-06-07 06:01:50 [INFO] nc outdated (local=6 < cds=7), removing: /opt/***/era5/ecmwf/data/nc/_raw/2026/06/02/accum_20260602.nc
[2026-06-07T06:01:50.299+0000] {era5_functions.py:193} INFO - nc outdated (local=6 < cds=7), removing: /opt/***/era5/ecmwf/data/nc/_raw/2026/06/02/accum_20260602.nc
[2026-06-07T06:01:50.323+0000] {logging_mixin.py:188} WARNING - 2026-06-07 06:01:50 [INFO] download attempt 1/3: /opt/***/era5/ecmwf/data/nc/_raw/2026/06/02/accum_20260602.nc
[2026-06-07T06:01:50.323+0000] {era5_functions.py:200} INFO - download attempt 1/3: /opt/***/era5/ecmwf/data/nc/_raw/2026/06/02/accum_20260602.nc
[2026-06-07T06:01:51.058+0000] {logging_mixin.py:188} WARNING - 2026-06-07 06:01:51,057 INFO [2025-12-11T00:00:00] Please note that a dedicated catalogue entry for this dataset, post-processed and stored in Analysis Ready Cloud Optimized (ARCO) format (Zarr), is available for optimised time-series retrievals (i.e. for retrieving data from selected variables for a single point over an extended period of time in an efficient way). You can discover it [here](https://cds.climate.copernicus.eu/datasets/reanalysis-era5-single-levels-timeseries?tab=overview)
[2026-06-07T06:01:51.057+0000] {legacy_client.py:192} INFO - [2025-12-11T00:00:00] Please note that a dedicated catalogue entry for this dataset, post-processed and stored in Analysis Ready Cloud Optimized (ARCO) format (Zarr), is available for optimised time-series retrievals (i.e. for retrieving data from selected variables for a single point over an extended period of time in an efficient way). You can discover it [here](https://cds.climate.copernicus.eu/datasets/reanalysis-era5-single-levels-timeseries?tab=overview)
[2026-06-07T06:01:51.062+0000] {logging_mixin.py:188} WARNING - 2026-06-07 06:01:51,061 INFO Request ID is be92ced1-671e-4e18-9fb3-5199c78397c3
[2026-06-07T06:01:51.061+0000] {legacy_client.py:192} INFO - Request ID is be92ced1-671e-4e18-9fb3-5199c78397c3
[2026-06-07T06:01:51.285+0000] {logging_mixin.py:188} WARNING - 2026-06-07 06:01:51,284 INFO status has been updated to accepted
[2026-06-07T06:01:51.284+0000] {legacy_client.py:192} INFO - status has been updated to accepted
[2026-06-07T06:02:07.862+0000] {logging_mixin.py:188} WARNING - 2026-06-07 06:02:07,862 INFO status has been updated to running
[2026-06-07T06:02:07.862+0000] {legacy_client.py:192} INFO - status has been updated to running
[2026-06-07T06:02:15.694+0000] {logging_mixin.py:188} WARNING - 2026-06-07 06:02:15,694 INFO status has been updated to successful
[2026-06-07T06:02:15.694+0000] {legacy_client.py:192} INFO - status has been updated to successful
[2026-06-07T06:02:16.226+0000] {base.py:119} INFO - Downloading https://object-store.os-api.cci2.ecmwf.int:443/cci2-prod-cache-2/2026-06-07/8db3f6141c5e77d892aff374bfaa1850.nc
[2026-06-07T06:02:17.234+0000] {logging_mixin.py:188} WARNING - 8db3f6141c5e77d892aff374bfaa1850.nc:   0%|          | 0.00/124k [00:00<?, ?B/s]
[2026-06-07T06:02:18.772+0000] {logging_mixin.py:188} WARNING - 8db3f6141c5e77d892aff374bfaa1850.nc: 100%|##########| 124k/124k [00:01<00:00, 82.6kB/s]
[2026-06-07T06:02:18.791+0000] {logging_mixin.py:188} WARNING -                                                                                        
[2026-06-07T06:02:18.890+0000] {logging_mixin.py:188} WARNING - 2026-06-07 06:02:18 [INFO] nc downloaded ok: /opt/***/era5/ecmwf/data/nc/_raw/2026/06/02/accum_20260602.nc
[2026-06-07T06:02:18.890+0000] {era5_functions.py:204} INFO - nc downloaded ok: /opt/***/era5/ecmwf/data/nc/_raw/2026/06/02/accum_20260602.nc
[2026-06-07T06:02:18.944+0000] {logging_mixin.py:188} WARNING - 2026-06-07 06:02:18 [INFO] local timestep: 7 — /opt/***/era5/ecmwf/data/nc/_raw/2026/06/02/accum_20260602.nc
[2026-06-07T06:02:18.944+0000] {era5_functions.py:152} INFO - local timestep: 7 — /opt/***/era5/ecmwf/data/nc/_raw/2026/06/02/accum_20260602.nc
[2026-06-07T06:02:19.017+0000] {logging_mixin.py:188} WARNING - 2026-06-07 06:02:19 [INFO] tif outdated (tif=6 < nc=7), removing: /opt/***/era5/ecmwf/data/tif/2026/06/02/tp_20260602.tif
[2026-06-07T06:02:19.017+0000] {era5_functions.py:261} INFO - tif outdated (tif=6 < nc=7), removing: /opt/***/era5/ecmwf/data/tif/2026/06/02/tp_20260602.tif
[2026-06-07T06:02:19.108+0000] {logging_mixin.py:188} WARNING - 2026-06-07 06:02:19 [INFO] tif ok (bands=7): /opt/***/era5/ecmwf/data/tif/2026/06/02/tp_20260602.tif
[2026-06-07T06:02:19.108+0000] {era5_functions.py:304} INFO - tif ok (bands=7): /opt/***/era5/ecmwf/data/tif/2026/06/02/tp_20260602.tif
[2026-06-07T06:02:19.114+0000] {logging_mixin.py:188} WARNING - 2026-06-07 06:02:19 [INFO] === END job=accum date=2026-06-07 ===
[2026-06-07T06:02:19.113+0000] {era5_functions.py:379} INFO - === END job=accum date=2026-06-07 ===
[2026-06-07T06:02:19.116+0000] {python.py:237} INFO - Done. Returned value was: None
[2026-06-07T06:02:19.116+0000] {taskinstance.py:441} INFO - ::group::Post task execution logs
[2026-06-07T06:02:19.133+0000] {taskinstance.py:1206} INFO - Marking task as SUCCESS. dag_id=era5_download_pipeline, task_id=era5_accum, run_id=scheduled__2026-06-07T05:00:00+00:00, execution_date=20260607T050000, start_date=20260607T060107, end_date=20260607T060219
[2026-06-07T06:02:19.222+0000] {local_task_job_runner.py:240} INFO - Task exited with return code 0
[2026-06-07T06:02:19.245+0000] {taskinstance.py:3498} INFO - 0 downstream tasks scheduled from follow-on schedule check
[2026-06-07T06:02:19.249+0000] {local_task_job_runner.py:222} INFO - ::endgroup::
