[2026-06-15T23:02:22.653+0000] {local_task_job_runner.py:120} INFO - ::group::Pre task execution logs
[2026-06-15T23:02:22.691+0000] {taskinstance.py:2076} INFO - Dependencies all met for dep_context=non-requeueable deps ti=<TaskInstance: era5_download_pipeline.era5_accum scheduled__2026-06-15T22:00:00+00:00 [queued]>
[2026-06-15T23:02:22.706+0000] {taskinstance.py:2076} INFO - Dependencies all met for dep_context=requeueable deps ti=<TaskInstance: era5_download_pipeline.era5_accum scheduled__2026-06-15T22:00:00+00:00 [queued]>
[2026-06-15T23:02:22.709+0000] {taskinstance.py:2306} INFO - Starting attempt 1 of 1
[2026-06-15T23:02:22.729+0000] {taskinstance.py:2330} INFO - Executing <Task(PythonOperator): era5_accum> on 2026-06-15 22:00:00+00:00
[2026-06-15T23:02:22.740+0000] {warnings.py:110} WARNING - /home/***/.local/lib/python3.12/site-packages/***/task/task_runner/standard_task_runner.py:61: DeprecationWarning: This process (pid=86153) is multi-threaded, use of fork() may lead to deadlocks in the child.
  pid = os.fork()

[2026-06-15T23:02:22.742+0000] {standard_task_runner.py:63} INFO - Started process 86155 to run task
[2026-06-15T23:02:22.742+0000] {standard_task_runner.py:90} INFO - Running: ['***', 'tasks', 'run', 'era5_download_pipeline', 'era5_accum', 'scheduled__2026-06-15T22:00:00+00:00', '--job-id', '1658', '--raw', '--subdir', 'DAGS_FOLDER/era5_dag.py', '--cfg-path', '/tmp/tmpdnhzw7ih']
[2026-06-15T23:02:22.746+0000] {standard_task_runner.py:91} INFO - Job 1658: Subtask era5_accum
[2026-06-15T23:02:22.823+0000] {task_command.py:426} INFO - Running <TaskInstance: era5_download_pipeline.era5_accum scheduled__2026-06-15T22:00:00+00:00 [running]> on host 01cd476fb21a
[2026-06-15T23:02:22.951+0000] {taskinstance.py:2648} INFO - Exporting env vars: AIRFLOW_CTX_DAG_OWNER='era5' AIRFLOW_CTX_DAG_ID='era5_download_pipeline' AIRFLOW_CTX_TASK_ID='era5_accum' AIRFLOW_CTX_EXECUTION_DATE='2026-06-15T22:00:00+00:00' AIRFLOW_CTX_TRY_NUMBER='1' AIRFLOW_CTX_DAG_RUN_ID='scheduled__2026-06-15T22:00:00+00:00'
[2026-06-15T23:02:22.953+0000] {taskinstance.py:430} INFO - ::endgroup::
[2026-06-15T23:02:24.019+0000] {logging_mixin.py:188} WARNING - 2026-06-15 23:02:24 [INFO] === START job=accum date=2026-06-15 ===
[2026-06-15T23:02:24.019+0000] {era5_functions.py:368} INFO - === START job=accum date=2026-06-15 ===
[2026-06-15T23:02:24.022+0000] {logging_mixin.py:188} WARNING - 2026-06-15 23:02:24 [INFO] --- job=accum date=20260615 ---
[2026-06-15T23:02:24.022+0000] {era5_functions.py:330} INFO - --- job=accum date=20260615 ---
[2026-06-15T23:02:24.638+0000] {logging_mixin.py:188} WARNING - 2026-06-15 23:02:24 [WARNING] get_cds_count failed: 400 Client Error: Bad Request for url: https://cds.climate.copernicus.eu/api/retrieve/v1/processes/reanalysis-era5-single-levels/execution
invalid request
None of the data you have requested is available yet, please revise the period requested. The latest date available for this dataset is: 2026-06-10 23:00
[2026-06-15T23:02:24.638+0000] {era5_functions.py:131} WARNING - get_cds_count failed: 400 Client Error: Bad Request for url: https://cds.climate.copernicus.eu/api/retrieve/v1/processes/reanalysis-era5-single-levels/execution
invalid request
None of the data you have requested is available yet, please revise the period requested. The latest date available for this dataset is: 2026-06-10 23:00
[2026-06-15T23:02:24.642+0000] {logging_mixin.py:188} WARNING - 2026-06-15 23:02:24 [WARNING] CDS ยังไม่มีข้อมูล job=accum date=20260615, skip
[2026-06-15T23:02:24.642+0000] {era5_functions.py:335} WARNING - CDS ยังไม่มีข้อมูล job=accum date=20260615, skip
[2026-06-15T23:02:24.644+0000] {logging_mixin.py:188} WARNING - 2026-06-15 23:02:24 [INFO] --- job=accum date=20260614 ---
[2026-06-15T23:02:24.644+0000] {era5_functions.py:330} INFO - --- job=accum date=20260614 ---
[2026-06-15T23:02:25.265+0000] {logging_mixin.py:188} WARNING - 2026-06-15 23:02:25 [WARNING] get_cds_count failed: 400 Client Error: Bad Request for url: https://cds.climate.copernicus.eu/api/retrieve/v1/processes/reanalysis-era5-single-levels/execution
invalid request
None of the data you have requested is available yet, please revise the period requested. The latest date available for this dataset is: 2026-06-10 23:00
[2026-06-15T23:02:25.265+0000] {era5_functions.py:131} WARNING - get_cds_count failed: 400 Client Error: Bad Request for url: https://cds.climate.copernicus.eu/api/retrieve/v1/processes/reanalysis-era5-single-levels/execution
invalid request
None of the data you have requested is available yet, please revise the period requested. The latest date available for this dataset is: 2026-06-10 23:00
[2026-06-15T23:02:25.268+0000] {logging_mixin.py:188} WARNING - 2026-06-15 23:02:25 [WARNING] CDS ยังไม่มีข้อมูล job=accum date=20260614, skip
[2026-06-15T23:02:25.268+0000] {era5_functions.py:335} WARNING - CDS ยังไม่มีข้อมูล job=accum date=20260614, skip
[2026-06-15T23:02:25.270+0000] {logging_mixin.py:188} WARNING - 2026-06-15 23:02:25 [INFO] --- job=accum date=20260613 ---
[2026-06-15T23:02:25.270+0000] {era5_functions.py:330} INFO - --- job=accum date=20260613 ---
[2026-06-15T23:02:26.008+0000] {logging_mixin.py:188} WARNING - 2026-06-15 23:02:26 [WARNING] get_cds_count failed: 400 Client Error: Bad Request for url: https://cds.climate.copernicus.eu/api/retrieve/v1/processes/reanalysis-era5-single-levels/execution
invalid request
None of the data you have requested is available yet, please revise the period requested. The latest date available for this dataset is: 2026-06-10 23:00
[2026-06-15T23:02:26.008+0000] {era5_functions.py:131} WARNING - get_cds_count failed: 400 Client Error: Bad Request for url: https://cds.climate.copernicus.eu/api/retrieve/v1/processes/reanalysis-era5-single-levels/execution
invalid request
None of the data you have requested is available yet, please revise the period requested. The latest date available for this dataset is: 2026-06-10 23:00
[2026-06-15T23:02:26.014+0000] {logging_mixin.py:188} WARNING - 2026-06-15 23:02:26 [WARNING] CDS ยังไม่มีข้อมูล job=accum date=20260613, skip
[2026-06-15T23:02:26.013+0000] {era5_functions.py:335} WARNING - CDS ยังไม่มีข้อมูล job=accum date=20260613, skip
[2026-06-15T23:02:26.018+0000] {logging_mixin.py:188} WARNING - 2026-06-15 23:02:26 [INFO] --- job=accum date=20260612 ---
[2026-06-15T23:02:26.017+0000] {era5_functions.py:330} INFO - --- job=accum date=20260612 ---
[2026-06-15T23:02:26.709+0000] {logging_mixin.py:188} WARNING - 2026-06-15 23:02:26 [WARNING] get_cds_count failed: 400 Client Error: Bad Request for url: https://cds.climate.copernicus.eu/api/retrieve/v1/processes/reanalysis-era5-single-levels/execution
invalid request
None of the data you have requested is available yet, please revise the period requested. The latest date available for this dataset is: 2026-06-10 23:00
[2026-06-15T23:02:26.709+0000] {era5_functions.py:131} WARNING - get_cds_count failed: 400 Client Error: Bad Request for url: https://cds.climate.copernicus.eu/api/retrieve/v1/processes/reanalysis-era5-single-levels/execution
invalid request
None of the data you have requested is available yet, please revise the period requested. The latest date available for this dataset is: 2026-06-10 23:00
[2026-06-15T23:02:26.714+0000] {logging_mixin.py:188} WARNING - 2026-06-15 23:02:26 [WARNING] CDS ยังไม่มีข้อมูล job=accum date=20260612, skip
[2026-06-15T23:02:26.714+0000] {era5_functions.py:335} WARNING - CDS ยังไม่มีข้อมูล job=accum date=20260612, skip
[2026-06-15T23:02:26.716+0000] {logging_mixin.py:188} WARNING - 2026-06-15 23:02:26 [INFO] --- job=accum date=20260611 ---
[2026-06-15T23:02:26.716+0000] {era5_functions.py:330} INFO - --- job=accum date=20260611 ---
[2026-06-15T23:02:27.716+0000] {logging_mixin.py:188} WARNING - 2026-06-15 23:02:27 [WARNING] get_cds_count failed: 400 Client Error: Bad Request for url: https://cds.climate.copernicus.eu/api/retrieve/v1/processes/reanalysis-era5-single-levels/execution
invalid request
None of the data you have requested is available yet, please revise the period requested. The latest date available for this dataset is: 2026-06-10 23:00
[2026-06-15T23:02:27.716+0000] {era5_functions.py:131} WARNING - get_cds_count failed: 400 Client Error: Bad Request for url: https://cds.climate.copernicus.eu/api/retrieve/v1/processes/reanalysis-era5-single-levels/execution
invalid request
None of the data you have requested is available yet, please revise the period requested. The latest date available for this dataset is: 2026-06-10 23:00
[2026-06-15T23:02:27.733+0000] {logging_mixin.py:188} WARNING - 2026-06-15 23:02:27 [WARNING] CDS ยังไม่มีข้อมูล job=accum date=20260611, skip
[2026-06-15T23:02:27.733+0000] {era5_functions.py:335} WARNING - CDS ยังไม่มีข้อมูล job=accum date=20260611, skip
[2026-06-15T23:02:27.736+0000] {logging_mixin.py:188} WARNING - 2026-06-15 23:02:27 [INFO] --- job=accum date=20260610 ---
[2026-06-15T23:02:27.736+0000] {era5_functions.py:330} INFO - --- job=accum date=20260610 ---
[2026-06-15T23:02:28.445+0000] {logging_mixin.py:188} WARNING - 2026-06-15 23:02:28,445 INFO [2025-12-11T00:00:00] Please note that a dedicated catalogue entry for this dataset, post-processed and stored in Analysis Ready Cloud Optimized (ARCO) format (Zarr), is available for optimised time-series retrievals (i.e. for retrieving data from selected variables for a single point over an extended period of time in an efficient way). You can discover it [here](https://cds.climate.copernicus.eu/datasets/reanalysis-era5-single-levels-timeseries?tab=overview)
[2026-06-15T23:02:28.445+0000] {legacy_client.py:192} INFO - [2025-12-11T00:00:00] Please note that a dedicated catalogue entry for this dataset, post-processed and stored in Analysis Ready Cloud Optimized (ARCO) format (Zarr), is available for optimised time-series retrievals (i.e. for retrieving data from selected variables for a single point over an extended period of time in an efficient way). You can discover it [here](https://cds.climate.copernicus.eu/datasets/reanalysis-era5-single-levels-timeseries?tab=overview)
[2026-06-15T23:02:28.448+0000] {logging_mixin.py:188} WARNING - 2026-06-15 23:02:28,448 INFO Request ID is 7fd0f2e4-7f23-45e2-90bc-54abb5e5b4cb
[2026-06-15T23:02:28.448+0000] {legacy_client.py:192} INFO - Request ID is 7fd0f2e4-7f23-45e2-90bc-54abb5e5b4cb
[2026-06-15T23:02:28.675+0000] {logging_mixin.py:188} WARNING - 2026-06-15 23:02:28,674 INFO status has been updated to accepted
[2026-06-15T23:02:28.674+0000] {legacy_client.py:192} INFO - status has been updated to accepted
[2026-06-15T23:02:43.028+0000] {logging_mixin.py:188} WARNING - 2026-06-15 23:02:43,027 INFO status has been updated to running
[2026-06-15T23:02:43.027+0000] {legacy_client.py:192} INFO - status has been updated to running
[2026-06-15T23:02:51.242+0000] {logging_mixin.py:188} WARNING - 2026-06-15 23:02:51,242 INFO status has been updated to successful
[2026-06-15T23:02:51.242+0000] {legacy_client.py:192} INFO - status has been updated to successful
[2026-06-15T23:02:51.656+0000] {base.py:119} INFO - Downloading https://object-store.os-api.cci2.ecmwf.int:443/cci2-prod-cache-3/2026-06-15/e960d9b75be48f6756f912229040b389.nc
[2026-06-15T23:02:52.648+0000] {logging_mixin.py:188} WARNING - e960d9b75be48f6756f912229040b389.nc:   0%|          | 0.00/368k [00:00<?, ?B/s]
[2026-06-15T23:02:57.012+0000] {logging_mixin.py:188} WARNING - e960d9b75be48f6756f912229040b389.nc: 100%|##########| 368k/368k [00:04<00:00, 86.4kB/s]
[2026-06-15T23:02:57.018+0000] {logging_mixin.py:188} WARNING -                                                                                        
[2026-06-15T23:02:57.280+0000] {logging_mixin.py:188} WARNING - 2026-06-15 23:02:57 [INFO] CDS timestep available: 24
[2026-06-15T23:02:57.280+0000] {era5_functions.py:128} INFO - CDS timestep available: 24
[2026-06-15T23:02:57.352+0000] {logging_mixin.py:188} WARNING - 2026-06-15 23:02:57 [INFO] local timestep: 23 — /opt/***/era5/ecmwf/data/nc/_raw/2026/06/10/accum_20260610.nc
[2026-06-15T23:02:57.352+0000] {era5_functions.py:152} INFO - local timestep: 23 — /opt/***/era5/ecmwf/data/nc/_raw/2026/06/10/accum_20260610.nc
[2026-06-15T23:02:57.360+0000] {logging_mixin.py:188} WARNING - 2026-06-15 23:02:57 [INFO] nc outdated (local=23 < cds=24), removing: /opt/***/era5/ecmwf/data/nc/_raw/2026/06/10/accum_20260610.nc
[2026-06-15T23:02:57.360+0000] {era5_functions.py:193} INFO - nc outdated (local=23 < cds=24), removing: /opt/***/era5/ecmwf/data/nc/_raw/2026/06/10/accum_20260610.nc
[2026-06-15T23:02:57.380+0000] {logging_mixin.py:188} WARNING - 2026-06-15 23:02:57 [INFO] download attempt 1/3: /opt/***/era5/ecmwf/data/nc/_raw/2026/06/10/accum_20260610.nc
[2026-06-15T23:02:57.380+0000] {era5_functions.py:200} INFO - download attempt 1/3: /opt/***/era5/ecmwf/data/nc/_raw/2026/06/10/accum_20260610.nc
[2026-06-15T23:02:58.128+0000] {logging_mixin.py:188} WARNING - 2026-06-15 23:02:58,128 INFO [2025-12-11T00:00:00] Please note that a dedicated catalogue entry for this dataset, post-processed and stored in Analysis Ready Cloud Optimized (ARCO) format (Zarr), is available for optimised time-series retrievals (i.e. for retrieving data from selected variables for a single point over an extended period of time in an efficient way). You can discover it [here](https://cds.climate.copernicus.eu/datasets/reanalysis-era5-single-levels-timeseries?tab=overview)
[2026-06-15T23:02:58.128+0000] {legacy_client.py:192} INFO - [2025-12-11T00:00:00] Please note that a dedicated catalogue entry for this dataset, post-processed and stored in Analysis Ready Cloud Optimized (ARCO) format (Zarr), is available for optimised time-series retrievals (i.e. for retrieving data from selected variables for a single point over an extended period of time in an efficient way). You can discover it [here](https://cds.climate.copernicus.eu/datasets/reanalysis-era5-single-levels-timeseries?tab=overview)
[2026-06-15T23:02:58.131+0000] {logging_mixin.py:188} WARNING - 2026-06-15 23:02:58,131 INFO Request ID is 3c326802-f8cf-4588-b508-5dd0a245793d
[2026-06-15T23:02:58.131+0000] {legacy_client.py:192} INFO - Request ID is 3c326802-f8cf-4588-b508-5dd0a245793d
[2026-06-15T23:02:58.337+0000] {logging_mixin.py:188} WARNING - 2026-06-15 23:02:58,337 INFO status has been updated to accepted
[2026-06-15T23:02:58.337+0000] {legacy_client.py:192} INFO - status has been updated to accepted
[2026-06-15T23:03:12.751+0000] {logging_mixin.py:188} WARNING - 2026-06-15 23:03:12,751 INFO status has been updated to successful
[2026-06-15T23:03:12.751+0000] {legacy_client.py:192} INFO - status has been updated to successful
[2026-06-15T23:03:13.189+0000] {base.py:119} INFO - Downloading https://object-store.os-api.cci2.ecmwf.int:443/cci2-prod-cache-2/2026-06-15/b2994707f7fb82381aaf2be1c556d618.nc
[2026-06-15T23:03:13.844+0000] {logging_mixin.py:188} WARNING - b2994707f7fb82381aaf2be1c556d618.nc:   0%|          | 0.00/368k [00:00<?, ?B/s]
[2026-06-15T23:03:15.752+0000] {logging_mixin.py:188} WARNING - b2994707f7fb82381aaf2be1c556d618.nc: 100%|##########| 368k/368k [00:01<00:00, 198kB/s]
[2026-06-15T23:03:15.769+0000] {logging_mixin.py:188} WARNING -                                                                                       
[2026-06-15T23:03:15.856+0000] {logging_mixin.py:188} WARNING - 2026-06-15 23:03:15 [INFO] nc downloaded ok: /opt/***/era5/ecmwf/data/nc/_raw/2026/06/10/accum_20260610.nc
[2026-06-15T23:03:15.856+0000] {era5_functions.py:204} INFO - nc downloaded ok: /opt/***/era5/ecmwf/data/nc/_raw/2026/06/10/accum_20260610.nc
[2026-06-15T23:03:15.919+0000] {logging_mixin.py:188} WARNING - 2026-06-15 23:03:15 [INFO] local timestep: 24 — /opt/***/era5/ecmwf/data/nc/_raw/2026/06/10/accum_20260610.nc
[2026-06-15T23:03:15.919+0000] {era5_functions.py:152} INFO - local timestep: 24 — /opt/***/era5/ecmwf/data/nc/_raw/2026/06/10/accum_20260610.nc
[2026-06-15T23:03:16.004+0000] {logging_mixin.py:188} WARNING - 2026-06-15 23:03:16 [INFO] tif outdated (tif=23 < nc=24), removing: /opt/***/era5/ecmwf/data/tif/2026/06/10/tp_20260610.tif
[2026-06-15T23:03:16.004+0000] {era5_functions.py:261} INFO - tif outdated (tif=23 < nc=24), removing: /opt/***/era5/ecmwf/data/tif/2026/06/10/tp_20260610.tif
[2026-06-15T23:03:16.101+0000] {logging_mixin.py:188} WARNING - 2026-06-15 23:03:16 [INFO] tif ok (bands=24): /opt/***/era5/ecmwf/data/tif/2026/06/10/tp_20260610.tif
[2026-06-15T23:03:16.101+0000] {era5_functions.py:304} INFO - tif ok (bands=24): /opt/***/era5/ecmwf/data/tif/2026/06/10/tp_20260610.tif
[2026-06-15T23:03:16.106+0000] {logging_mixin.py:188} WARNING - 2026-06-15 23:03:16 [INFO] === END job=accum date=2026-06-15 ===
[2026-06-15T23:03:16.106+0000] {era5_functions.py:379} INFO - === END job=accum date=2026-06-15 ===
[2026-06-15T23:03:16.107+0000] {python.py:237} INFO - Done. Returned value was: None
[2026-06-15T23:03:16.108+0000] {taskinstance.py:441} INFO - ::group::Post task execution logs
[2026-06-15T23:03:16.120+0000] {taskinstance.py:1206} INFO - Marking task as SUCCESS. dag_id=era5_download_pipeline, task_id=era5_accum, run_id=scheduled__2026-06-15T22:00:00+00:00, execution_date=20260615T220000, start_date=20260615T230222, end_date=20260615T230316
[2026-06-15T23:03:16.202+0000] {local_task_job_runner.py:240} INFO - Task exited with return code 0
[2026-06-15T23:03:16.227+0000] {taskinstance.py:3498} INFO - 0 downstream tasks scheduled from follow-on schedule check
[2026-06-15T23:03:16.231+0000] {local_task_job_runner.py:222} INFO - ::endgroup::
