[2026-05-24T04:00:02.597+0000] {local_task_job_runner.py:120} INFO - ::group::Pre task execution logs
[2026-05-24T04:00:02.621+0000] {taskinstance.py:2076} INFO - Dependencies all met for dep_context=non-requeueable deps ti=<TaskInstance: era5_ecmwf_pipeline.era5_accum scheduled__2026-05-24T03:00:00+00:00 [queued]>
[2026-05-24T04:00:02.629+0000] {taskinstance.py:2076} INFO - Dependencies all met for dep_context=requeueable deps ti=<TaskInstance: era5_ecmwf_pipeline.era5_accum scheduled__2026-05-24T03:00:00+00:00 [queued]>
[2026-05-24T04:00:02.632+0000] {taskinstance.py:2306} INFO - Starting attempt 1 of 1
[2026-05-24T04:00:02.648+0000] {taskinstance.py:2330} INFO - Executing <Task(PythonOperator): era5_accum> on 2026-05-24 03:00:00+00:00
[2026-05-24T04:00:02.661+0000] {warnings.py:110} WARNING - /home/***/.local/lib/python3.12/site-packages/***/task/task_runner/standard_task_runner.py:61: DeprecationWarning: This process (pid=37421) is multi-threaded, use of fork() may lead to deadlocks in the child.
  pid = os.fork()

[2026-05-24T04:00:02.664+0000] {standard_task_runner.py:63} INFO - Started process 37426 to run task
[2026-05-24T04:00:02.664+0000] {standard_task_runner.py:90} INFO - Running: ['***', 'tasks', 'run', 'era5_ecmwf_pipeline', 'era5_accum', 'scheduled__2026-05-24T03:00:00+00:00', '--job-id', '406', '--raw', '--subdir', 'DAGS_FOLDER/era5_dag.py', '--cfg-path', '/tmp/tmps1fwwnaj']
[2026-05-24T04:00:02.669+0000] {standard_task_runner.py:91} INFO - Job 406: Subtask era5_accum
[2026-05-24T04:00:02.746+0000] {task_command.py:426} INFO - Running <TaskInstance: era5_ecmwf_pipeline.era5_accum scheduled__2026-05-24T03:00:00+00:00 [running]> on host fc8478f399e7
[2026-05-24T04:00:02.872+0000] {taskinstance.py:2648} INFO - Exporting env vars: AIRFLOW_CTX_DAG_OWNER='***' AIRFLOW_CTX_DAG_ID='era5_ecmwf_pipeline' AIRFLOW_CTX_TASK_ID='era5_accum' AIRFLOW_CTX_EXECUTION_DATE='2026-05-24T03:00:00+00:00' AIRFLOW_CTX_TRY_NUMBER='1' AIRFLOW_CTX_DAG_RUN_ID='scheduled__2026-05-24T03:00:00+00:00'
[2026-05-24T04:00:02.874+0000] {taskinstance.py:430} INFO - ::endgroup::
[2026-05-24T04:00:02.894+0000] {logging_mixin.py:188} INFO - RUN → accum | 2026-05-19
[2026-05-24T04:00:02.907+0000] {era5_logger.py:51} INFO - Log file: logs/era5/2026/05/19/era5_20260519.log
[2026-05-24T04:00:02.908+0000] {era5_functions.py:329} INFO - ERA5 [ACCUM] START: 2026-05-19
[2026-05-24T04:00:03.944+0000] {era5_functions.py:285} INFO - ============================================================
[2026-05-24T04:00:03.945+0000] {era5_functions.py:286} INFO - JOB : ACCUM | 2026-05-19
[2026-05-24T04:00:03.946+0000] {era5_functions.py:287} INFO - VARS: ['tp']
[2026-05-24T04:00:03.947+0000] {era5_functions.py:288} INFO - ============================================================
[2026-05-24T04:00:04.271+0000] {era5_functions.py:63} WARNING - [VALIDATE NC] accum_20260519.nc → NOT READY (2/24)
[2026-05-24T04:00:04.276+0000] {era5_functions.py:123} WARNING - [NC] ERA5 not ready → accum_20260519.nc
[2026-05-24T04:00:04.277+0000] {era5_functions.py:295} WARNING - [PIPELINE] skip tif → nc not ready
[2026-05-24T04:00:04.278+0000] {era5_functions.py:341} INFO - ERA5 [ACCUM] COMPLETE ✓
[2026-05-24T04:00:04.279+0000] {logging_mixin.py:188} INFO - RUN → accum | 2026-05-18
[2026-05-24T04:00:04.287+0000] {era5_logger.py:51} INFO - Log file: logs/era5/2026/05/18/era5_20260518.log
[2026-05-24T04:00:04.289+0000] {era5_functions.py:329} INFO - ERA5 [ACCUM] START: 2026-05-18
[2026-05-24T04:00:05.268+0000] {era5_functions.py:285} INFO - ============================================================
[2026-05-24T04:00:05.270+0000] {era5_functions.py:286} INFO - JOB : ACCUM | 2026-05-18
[2026-05-24T04:00:05.271+0000] {era5_functions.py:287} INFO - VARS: ['tp']
[2026-05-24T04:00:05.273+0000] {era5_functions.py:288} INFO - ============================================================
[2026-05-24T04:00:05.354+0000] {era5_functions.py:63} WARNING - [VALIDATE NC] accum_20260518.nc → NOT READY (2/24)
[2026-05-24T04:00:05.358+0000] {era5_functions.py:123} WARNING - [NC] ERA5 not ready → accum_20260518.nc
[2026-05-24T04:00:05.359+0000] {era5_functions.py:295} WARNING - [PIPELINE] skip tif → nc not ready
[2026-05-24T04:00:05.360+0000] {era5_functions.py:341} INFO - ERA5 [ACCUM] COMPLETE ✓
[2026-05-24T04:00:05.361+0000] {logging_mixin.py:188} INFO - RUN → accum | 2026-05-17
[2026-05-24T04:00:05.368+0000] {era5_logger.py:51} INFO - Log file: logs/era5/2026/05/17/era5_20260517.log
[2026-05-24T04:00:05.369+0000] {era5_functions.py:329} INFO - ERA5 [ACCUM] START: 2026-05-17
[2026-05-24T04:00:06.048+0000] {era5_functions.py:285} INFO - ============================================================
[2026-05-24T04:00:06.050+0000] {era5_functions.py:286} INFO - JOB : ACCUM | 2026-05-17
[2026-05-24T04:00:06.052+0000] {era5_functions.py:287} INFO - VARS: ['tp']
[2026-05-24T04:00:06.054+0000] {era5_functions.py:288} INFO - ============================================================
[2026-05-24T04:00:06.119+0000] {era5_functions.py:63} WARNING - [VALIDATE NC] accum_20260517.nc → NOT READY (4/24)
[2026-05-24T04:00:06.123+0000] {era5_functions.py:123} WARNING - [NC] ERA5 not ready → accum_20260517.nc
[2026-05-24T04:00:06.124+0000] {era5_functions.py:295} WARNING - [PIPELINE] skip tif → nc not ready
[2026-05-24T04:00:06.125+0000] {era5_functions.py:341} INFO - ERA5 [ACCUM] COMPLETE ✓
[2026-05-24T04:00:06.127+0000] {python.py:237} INFO - Done. Returned value was: None
[2026-05-24T04:00:06.127+0000] {taskinstance.py:441} INFO - ::group::Post task execution logs
[2026-05-24T04:00:06.157+0000] {taskinstance.py:1206} INFO - Marking task as SUCCESS. dag_id=era5_ecmwf_pipeline, task_id=era5_accum, run_id=scheduled__2026-05-24T03:00:00+00:00, execution_date=20260524T030000, start_date=20260524T040002, end_date=20260524T040006
[2026-05-24T04:00:06.220+0000] {local_task_job_runner.py:240} INFO - Task exited with return code 0
[2026-05-24T04:00:06.241+0000] {taskinstance.py:3498} INFO - 0 downstream tasks scheduled from follow-on schedule check
[2026-05-24T04:00:06.245+0000] {local_task_job_runner.py:222} INFO - ::endgroup::
