[2026-05-23T20:00:02.080+0000] {local_task_job_runner.py:120} INFO - ::group::Pre task execution logs
[2026-05-23T20:00:02.110+0000] {taskinstance.py:2076} INFO - Dependencies all met for dep_context=non-requeueable deps ti=<TaskInstance: era5_ecmwf_pipeline.era5_accum scheduled__2026-05-23T19:00:00+00:00 [queued]>
[2026-05-23T20:00:02.122+0000] {taskinstance.py:2076} INFO - Dependencies all met for dep_context=requeueable deps ti=<TaskInstance: era5_ecmwf_pipeline.era5_accum scheduled__2026-05-23T19:00:00+00:00 [queued]>
[2026-05-23T20:00:02.123+0000] {taskinstance.py:2306} INFO - Starting attempt 1 of 1
[2026-05-23T20:00:02.141+0000] {taskinstance.py:2330} INFO - Executing <Task(PythonOperator): era5_accum> on 2026-05-23 19:00:00+00:00
[2026-05-23T20:00:02.153+0000] {warnings.py:110} WARNING - /home/***/.local/lib/python3.12/site-packages/***/task/task_runner/standard_task_runner.py:61: DeprecationWarning: This process (pid=31260) is multi-threaded, use of fork() may lead to deadlocks in the child.
  pid = os.fork()

[2026-05-23T20:00:02.157+0000] {standard_task_runner.py:63} INFO - Started process 31271 to run task
[2026-05-23T20:00:02.157+0000] {standard_task_runner.py:90} INFO - Running: ['***', 'tasks', 'run', 'era5_ecmwf_pipeline', 'era5_accum', 'scheduled__2026-05-23T19:00:00+00:00', '--job-id', '389', '--raw', '--subdir', 'DAGS_FOLDER/era5_dag.py', '--cfg-path', '/tmp/tmpo220uvyo']
[2026-05-23T20:00:02.162+0000] {standard_task_runner.py:91} INFO - Job 389: Subtask era5_accum
[2026-05-23T20:00:02.258+0000] {task_command.py:426} INFO - Running <TaskInstance: era5_ecmwf_pipeline.era5_accum scheduled__2026-05-23T19:00:00+00:00 [running]> on host fc8478f399e7
[2026-05-23T20:00:02.393+0000] {taskinstance.py:2648} INFO - Exporting env vars: AIRFLOW_CTX_DAG_OWNER='***' AIRFLOW_CTX_DAG_ID='era5_ecmwf_pipeline' AIRFLOW_CTX_TASK_ID='era5_accum' AIRFLOW_CTX_EXECUTION_DATE='2026-05-23T19:00:00+00:00' AIRFLOW_CTX_TRY_NUMBER='1' AIRFLOW_CTX_DAG_RUN_ID='scheduled__2026-05-23T19:00:00+00:00'
[2026-05-23T20:00:02.396+0000] {taskinstance.py:430} INFO - ::endgroup::
[2026-05-23T20:00:02.417+0000] {logging_mixin.py:188} INFO - RUN → accum | 2026-05-18
[2026-05-23T20:00:02.428+0000] {era5_logger.py:51} INFO - Log file: logs/era5/2026/05/18/era5_20260518.log
[2026-05-23T20:00:02.429+0000] {era5_functions.py:329} INFO - ERA5 [ACCUM] START: 2026-05-18
[2026-05-23T20:00:03.493+0000] {era5_functions.py:285} INFO - ============================================================
[2026-05-23T20:00:03.494+0000] {era5_functions.py:286} INFO - JOB : ACCUM | 2026-05-18
[2026-05-23T20:00:03.495+0000] {era5_functions.py:287} INFO - VARS: ['tp']
[2026-05-23T20:00:03.496+0000] {era5_functions.py:288} INFO - ============================================================
[2026-05-23T20:00:03.827+0000] {era5_functions.py:63} WARNING - [VALIDATE NC] accum_20260518.nc → NOT READY (2/24)
[2026-05-23T20:00:03.830+0000] {era5_functions.py:123} WARNING - [NC] ERA5 not ready → accum_20260518.nc
[2026-05-23T20:00:03.831+0000] {era5_functions.py:295} WARNING - [PIPELINE] skip tif → nc not ready
[2026-05-23T20:00:03.832+0000] {era5_functions.py:341} INFO - ERA5 [ACCUM] COMPLETE ✓
[2026-05-23T20:00:03.833+0000] {logging_mixin.py:188} INFO - RUN → accum | 2026-05-17
[2026-05-23T20:00:03.838+0000] {era5_logger.py:51} INFO - Log file: logs/era5/2026/05/17/era5_20260517.log
[2026-05-23T20:00:03.839+0000] {era5_functions.py:329} INFO - ERA5 [ACCUM] START: 2026-05-17
[2026-05-23T20:00:04.819+0000] {era5_functions.py:285} INFO - ============================================================
[2026-05-23T20:00:04.821+0000] {era5_functions.py:286} INFO - JOB : ACCUM | 2026-05-17
[2026-05-23T20:00:04.822+0000] {era5_functions.py:287} INFO - VARS: ['tp']
[2026-05-23T20:00:04.823+0000] {era5_functions.py:288} INFO - ============================================================
[2026-05-23T20:00:04.883+0000] {era5_functions.py:63} WARNING - [VALIDATE NC] accum_20260517.nc → NOT READY (4/24)
[2026-05-23T20:00:04.886+0000] {era5_functions.py:123} WARNING - [NC] ERA5 not ready → accum_20260517.nc
[2026-05-23T20:00:04.888+0000] {era5_functions.py:295} WARNING - [PIPELINE] skip tif → nc not ready
[2026-05-23T20:00:04.889+0000] {era5_functions.py:341} INFO - ERA5 [ACCUM] COMPLETE ✓
[2026-05-23T20:00:04.890+0000] {logging_mixin.py:188} INFO - RUN → accum | 2026-05-16
[2026-05-23T20:00:04.896+0000] {era5_logger.py:51} INFO - Log file: logs/era5/2026/05/16/era5_20260516.log
[2026-05-23T20:00:04.897+0000] {era5_functions.py:329} INFO - ERA5 [ACCUM] START: 2026-05-16
[2026-05-23T20:00:05.905+0000] {era5_functions.py:285} INFO - ============================================================
[2026-05-23T20:00:05.906+0000] {era5_functions.py:286} INFO - JOB : ACCUM | 2026-05-16
[2026-05-23T20:00:05.907+0000] {era5_functions.py:287} INFO - VARS: ['tp']
[2026-05-23T20:00:05.909+0000] {era5_functions.py:288} INFO - ============================================================
[2026-05-23T20:00:05.947+0000] {era5_functions.py:63} WARNING - [VALIDATE NC] accum_20260516.nc → NOT READY (2/24)
[2026-05-23T20:00:05.950+0000] {era5_functions.py:123} WARNING - [NC] ERA5 not ready → accum_20260516.nc
[2026-05-23T20:00:05.951+0000] {era5_functions.py:295} WARNING - [PIPELINE] skip tif → nc not ready
[2026-05-23T20:00:05.952+0000] {era5_functions.py:341} INFO - ERA5 [ACCUM] COMPLETE ✓
[2026-05-23T20:00:05.953+0000] {python.py:237} INFO - Done. Returned value was: None
[2026-05-23T20:00:05.954+0000] {taskinstance.py:441} INFO - ::group::Post task execution logs
[2026-05-23T20:00:05.970+0000] {taskinstance.py:1206} INFO - Marking task as SUCCESS. dag_id=era5_ecmwf_pipeline, task_id=era5_accum, run_id=scheduled__2026-05-23T19:00:00+00:00, execution_date=20260523T190000, start_date=20260523T200002, end_date=20260523T200005
[2026-05-23T20:00:06.032+0000] {local_task_job_runner.py:240} INFO - Task exited with return code 0
[2026-05-23T20:00:06.052+0000] {taskinstance.py:3498} INFO - 0 downstream tasks scheduled from follow-on schedule check
[2026-05-23T20:00:06.056+0000] {local_task_job_runner.py:222} INFO - ::endgroup::
