[2026-07-22T13:00:02.411+0000] {local_task_job_runner.py:120} INFO - ::group::Pre task execution logs
[2026-07-22T13:00:02.442+0000] {taskinstance.py:2076} INFO - Dependencies all met for dep_context=non-requeueable deps ti=<TaskInstance: era5_download_pipeline.era5_instant scheduled__2026-07-22T12:00:00+00:00 [queued]>
[2026-07-22T13:00:02.455+0000] {taskinstance.py:2076} INFO - Dependencies all met for dep_context=requeueable deps ti=<TaskInstance: era5_download_pipeline.era5_instant scheduled__2026-07-22T12:00:00+00:00 [queued]>
[2026-07-22T13:00:02.457+0000] {taskinstance.py:2306} INFO - Starting attempt 1 of 1
[2026-07-22T13:00:02.475+0000] {taskinstance.py:2330} INFO - Executing <Task(PythonOperator): era5_instant> on 2026-07-22 12:00:00+00:00
[2026-07-22T13:00:02.487+0000] {warnings.py:110} WARNING - /home/***/.local/lib/python3.12/site-packages/***/task/task_runner/standard_task_runner.py:61: DeprecationWarning: This process (pid=40163) is multi-threaded, use of fork() may lead to deadlocks in the child.
  pid = os.fork()

[2026-07-22T13:00:02.491+0000] {standard_task_runner.py:63} INFO - Started process 40165 to run task
[2026-07-22T13:00:02.489+0000] {standard_task_runner.py:90} INFO - Running: ['***', 'tasks', 'run', 'era5_download_pipeline', 'era5_instant', 'scheduled__2026-07-22T12:00:00+00:00', '--job-id', '2547', '--raw', '--subdir', 'DAGS_FOLDER/era5_dag.py', '--cfg-path', '/tmp/tmpufq84pbt']
[2026-07-22T13:00:02.495+0000] {standard_task_runner.py:91} INFO - Job 2547: Subtask era5_instant
[2026-07-22T13:00:02.599+0000] {task_command.py:426} INFO - Running <TaskInstance: era5_download_pipeline.era5_instant scheduled__2026-07-22T12:00:00+00:00 [running]> on host e2e0d31e4327
[2026-07-22T13:00:02.738+0000] {taskinstance.py:2648} INFO - Exporting env vars: AIRFLOW_CTX_DAG_OWNER='era5' AIRFLOW_CTX_DAG_ID='era5_download_pipeline' AIRFLOW_CTX_TASK_ID='era5_instant' AIRFLOW_CTX_EXECUTION_DATE='2026-07-22T12:00:00+00:00' AIRFLOW_CTX_TRY_NUMBER='1' AIRFLOW_CTX_DAG_RUN_ID='scheduled__2026-07-22T12:00:00+00:00'
[2026-07-22T13:00:02.741+0000] {taskinstance.py:430} INFO - ::endgroup::
[2026-07-22T13:00:03.938+0000] {logging_mixin.py:188} WARNING - 2026-07-22 13:00:03 [INFO] === START ERA5 SYNC job=instant ===
[2026-07-22T13:00:03.938+0000] {era5_functions.py:307} INFO - === START ERA5 SYNC job=instant ===
[2026-07-22T13:00:03.942+0000] {logging_mixin.py:188} WARNING - 2026-07-22 13:00:03 [INFO] --- SYNC instant 20260722 ---
[2026-07-22T13:00:03.942+0000] {era5_functions.py:124} INFO - --- SYNC instant 20260722 ---
[2026-07-22T13:00:03.945+0000] {logging_mixin.py:188} WARNING - 2026-07-22 13:00:03 [INFO] CDS download 2026-07-22 attempt 1/3
[2026-07-22T13:00:03.945+0000] {era5_functions.py:78} INFO - CDS download 2026-07-22 attempt 1/3
[2026-07-22T13:00:05.189+0000] {logging_mixin.py:188} WARNING - 2026-07-22 13:00:05 [INFO] CDS data not available yet: 2026-07-22
[2026-07-22T13:00:05.189+0000] {era5_functions.py:98} INFO - CDS data not available yet: 2026-07-22
[2026-07-22T13:00:05.194+0000] {logging_mixin.py:188} WARNING - 2026-07-22 13:00:05 [INFO] --- SYNC instant 20260721 ---
[2026-07-22T13:00:05.194+0000] {era5_functions.py:124} INFO - --- SYNC instant 20260721 ---
[2026-07-22T13:00:05.199+0000] {logging_mixin.py:188} WARNING - 2026-07-22 13:00:05 [INFO] CDS download 2026-07-21 attempt 1/3
[2026-07-22T13:00:05.198+0000] {era5_functions.py:78} INFO - CDS download 2026-07-21 attempt 1/3
[2026-07-22T13:00:09.034+0000] {logging_mixin.py:188} WARNING - 2026-07-22 13:00:09 [INFO] CDS data not available yet: 2026-07-21
[2026-07-22T13:00:09.034+0000] {era5_functions.py:98} INFO - CDS data not available yet: 2026-07-21
[2026-07-22T13:00:09.039+0000] {logging_mixin.py:188} WARNING - 2026-07-22 13:00:09 [INFO] --- SYNC instant 20260720 ---
[2026-07-22T13:00:09.038+0000] {era5_functions.py:124} INFO - --- SYNC instant 20260720 ---
[2026-07-22T13:00:09.043+0000] {logging_mixin.py:188} WARNING - 2026-07-22 13:00:09 [INFO] CDS download 2026-07-20 attempt 1/3
[2026-07-22T13:00:09.042+0000] {era5_functions.py:78} INFO - CDS download 2026-07-20 attempt 1/3
[2026-07-22T13:00:11.335+0000] {logging_mixin.py:188} WARNING - 2026-07-22 13:00:11 [INFO] CDS data not available yet: 2026-07-20
[2026-07-22T13:00:11.334+0000] {era5_functions.py:98} INFO - CDS data not available yet: 2026-07-20
[2026-07-22T13:00:11.341+0000] {logging_mixin.py:188} WARNING - 2026-07-22 13:00:11 [INFO] --- SYNC instant 20260719 ---
[2026-07-22T13:00:11.340+0000] {era5_functions.py:124} INFO - --- SYNC instant 20260719 ---
[2026-07-22T13:00:11.345+0000] {logging_mixin.py:188} WARNING - 2026-07-22 13:00:11 [INFO] CDS download 2026-07-19 attempt 1/3
[2026-07-22T13:00:11.345+0000] {era5_functions.py:78} INFO - CDS download 2026-07-19 attempt 1/3
[2026-07-22T13:00:11.930+0000] {logging_mixin.py:188} WARNING - 2026-07-22 13:00:11 [INFO] CDS data not available yet: 2026-07-19
[2026-07-22T13:00:11.930+0000] {era5_functions.py:98} INFO - CDS data not available yet: 2026-07-19
[2026-07-22T13:00:11.934+0000] {logging_mixin.py:188} WARNING - 2026-07-22 13:00:11 [INFO] --- SYNC instant 20260718 ---
[2026-07-22T13:00:11.934+0000] {era5_functions.py:124} INFO - --- SYNC instant 20260718 ---
[2026-07-22T13:00:11.937+0000] {logging_mixin.py:188} WARNING - 2026-07-22 13:00:11 [INFO] CDS download 2026-07-18 attempt 1/3
[2026-07-22T13:00:11.937+0000] {era5_functions.py:78} INFO - CDS download 2026-07-18 attempt 1/3
[2026-07-22T13:00:12.335+0000] {logging_mixin.py:188} WARNING - 2026-07-22 13:00:12 [INFO] CDS data not available yet: 2026-07-18
[2026-07-22T13:00:12.335+0000] {era5_functions.py:98} INFO - CDS data not available yet: 2026-07-18
[2026-07-22T13:00:12.341+0000] {logging_mixin.py:188} WARNING - 2026-07-22 13:00:12 [INFO] --- SYNC instant 20260717 ---
[2026-07-22T13:00:12.341+0000] {era5_functions.py:124} INFO - --- SYNC instant 20260717 ---
[2026-07-22T13:00:12.346+0000] {logging_mixin.py:188} WARNING - 2026-07-22 13:00:12 [INFO] CDS download 2026-07-17 attempt 1/3
[2026-07-22T13:00:12.346+0000] {era5_functions.py:78} INFO - CDS download 2026-07-17 attempt 1/3
[2026-07-22T13:00:14.339+0000] {logging_mixin.py:188} WARNING - 2026-07-22 13:00:14,339 INFO Request ID is af02a24d-5b39-488b-9405-679a2e024a2d
[2026-07-22T13:00:14.339+0000] {legacy_client.py:192} INFO - Request ID is af02a24d-5b39-488b-9405-679a2e024a2d
[2026-07-22T13:00:14.779+0000] {logging_mixin.py:188} WARNING - 2026-07-22 13:00:14,779 INFO status has been updated to accepted
[2026-07-22T13:00:14.779+0000] {legacy_client.py:192} INFO - status has been updated to accepted
[2026-07-22T13:00:38.039+0000] {logging_mixin.py:188} WARNING - 2026-07-22 13:00:38,038 INFO status has been updated to running
[2026-07-22T13:00:38.038+0000] {legacy_client.py:192} INFO - status has been updated to running
[2026-07-22T13:00:49.642+0000] {logging_mixin.py:188} WARNING - 2026-07-22 13:00:49,641 INFO status has been updated to successful
[2026-07-22T13:00:49.641+0000] {legacy_client.py:192} INFO - status has been updated to successful
[2026-07-22T13:00:52.924+0000] {base.py:119} INFO - Downloading https://object-store.os-api.cci2.ecmwf.int:443/cci2-prod-cache-2/2026-07-22/e94136de1f6524ca2a8f7ce871563798.nc
[2026-07-22T13:00:53.669+0000] {logging_mixin.py:188} WARNING - e94136de1f6524ca2a8f7ce871563798.nc:   0%|          | 0.00/1.52M [00:00<?, ?B/s]
[2026-07-22T13:00:55.501+0000] {logging_mixin.py:188} WARNING - e94136de1f6524ca2a8f7ce871563798.nc:  66%|######5   | 1.00M/1.52M [00:01<00:00, 573kB/s]
[2026-07-22T13:00:55.527+0000] {logging_mixin.py:188} WARNING -                                                                                         
[2026-07-22T13:00:55.856+0000] {logging_mixin.py:188} WARNING - 2026-07-22 13:00:55 [INFO] CDS available: 2026-07-17 | 14 timestep(s)
[2026-07-22T13:00:55.856+0000] {era5_functions.py:87} INFO - CDS available: 2026-07-17 | 14 timestep(s)
[2026-07-22T13:00:55.946+0000] {logging_mixin.py:188} WARNING - 2026-07-22 13:00:55 [INFO] New timestep: 1
[2026-07-22T13:00:55.946+0000] {era5_functions.py:161} INFO - New timestep: 1
[2026-07-22T13:00:56.431+0000] {logging_mixin.py:188} WARNING - 2026-07-22 13:00:56 [INFO] NC updated: /opt/***/era5/ecmwf/data/nc/_raw/2026/07/17/instant_20260717.nc | 14 timestep(s)
[2026-07-22T13:00:56.430+0000] {era5_functions.py:188} INFO - NC updated: /opt/***/era5/ecmwf/data/nc/_raw/2026/07/17/instant_20260717.nc | 14 timestep(s)
[2026-07-22T13:00:56.632+0000] {logging_mixin.py:188} WARNING - 2026-07-22 13:00:56 [INFO] TIF updated: t2m | bands=14
[2026-07-22T13:00:56.631+0000] {era5_functions.py:271} INFO - TIF updated: t2m | bands=14
[2026-07-22T13:00:56.713+0000] {logging_mixin.py:188} WARNING - 2026-07-22 13:00:56 [INFO] TIF updated: d2m | bands=14
[2026-07-22T13:00:56.713+0000] {era5_functions.py:271} INFO - TIF updated: d2m | bands=14
[2026-07-22T13:00:56.798+0000] {logging_mixin.py:188} WARNING - 2026-07-22 13:00:56 [INFO] TIF updated: sp | bands=14
[2026-07-22T13:00:56.798+0000] {era5_functions.py:271} INFO - TIF updated: sp | bands=14
[2026-07-22T13:00:56.896+0000] {logging_mixin.py:188} WARNING - 2026-07-22 13:00:56 [INFO] TIF updated: blh | bands=14
[2026-07-22T13:00:56.895+0000] {era5_functions.py:271} INFO - TIF updated: blh | bands=14
[2026-07-22T13:00:56.987+0000] {logging_mixin.py:188} WARNING - 2026-07-22 13:00:56 [INFO] TIF updated: u10 | bands=14
[2026-07-22T13:00:56.987+0000] {era5_functions.py:271} INFO - TIF updated: u10 | bands=14
[2026-07-22T13:00:57.074+0000] {logging_mixin.py:188} WARNING - 2026-07-22 13:00:57 [INFO] TIF updated: v10 | bands=14
[2026-07-22T13:00:57.074+0000] {era5_functions.py:271} INFO - TIF updated: v10 | bands=14
[2026-07-22T13:00:57.079+0000] {logging_mixin.py:188} WARNING - 2026-07-22 13:00:57 [INFO] === END ERA5 SYNC job=instant ===
[2026-07-22T13:00:57.079+0000] {era5_functions.py:313} INFO - === END ERA5 SYNC job=instant ===
[2026-07-22T13:00:57.081+0000] {python.py:237} INFO - Done. Returned value was: None
[2026-07-22T13:00:57.082+0000] {taskinstance.py:441} INFO - ::group::Post task execution logs
[2026-07-22T13:00:57.096+0000] {taskinstance.py:1206} INFO - Marking task as SUCCESS. dag_id=era5_download_pipeline, task_id=era5_instant, run_id=scheduled__2026-07-22T12:00:00+00:00, execution_date=20260722T120000, start_date=20260722T130002, end_date=20260722T130057
[2026-07-22T13:00:57.179+0000] {local_task_job_runner.py:240} INFO - Task exited with return code 0
[2026-07-22T13:00:57.207+0000] {taskinstance.py:3498} INFO - 1 downstream tasks scheduled from follow-on schedule check
[2026-07-22T13:00:57.211+0000] {local_task_job_runner.py:222} INFO - ::endgroup::
