[2026-05-25T14:00:02.153+0000] {local_task_job_runner.py:120} INFO - ::group::Pre task execution logs
[2026-05-25T14:00:02.178+0000] {taskinstance.py:2076} INFO - Dependencies all met for dep_context=non-requeueable deps ti=<TaskInstance: era5_ecmwf_pipeline.era5_accum scheduled__2026-05-25T13:00:00+00:00 [queued]>
[2026-05-25T14:00:02.188+0000] {taskinstance.py:2076} INFO - Dependencies all met for dep_context=requeueable deps ti=<TaskInstance: era5_ecmwf_pipeline.era5_accum scheduled__2026-05-25T13:00:00+00:00 [queued]>
[2026-05-25T14:00:02.190+0000] {taskinstance.py:2306} INFO - Starting attempt 1 of 1
[2026-05-25T14:00:02.208+0000] {taskinstance.py:2330} INFO - Executing <Task(PythonOperator): era5_accum> on 2026-05-25 13:00:00+00:00
[2026-05-25T14:00:02.219+0000] {warnings.py:110} WARNING - /home/***/.local/lib/python3.12/site-packages/***/task/task_runner/standard_task_runner.py:61: DeprecationWarning: This process (pid=63491) is multi-threaded, use of fork() may lead to deadlocks in the child.
  pid = os.fork()

[2026-05-25T14:00:02.222+0000] {standard_task_runner.py:63} INFO - Started process 63495 to run task
[2026-05-25T14:00:02.221+0000] {standard_task_runner.py:90} INFO - Running: ['***', 'tasks', 'run', 'era5_ecmwf_pipeline', 'era5_accum', 'scheduled__2026-05-25T13:00:00+00:00', '--job-id', '474', '--raw', '--subdir', 'DAGS_FOLDER/era5_dag.py', '--cfg-path', '/tmp/tmpfv926uoq']
[2026-05-25T14:00:02.225+0000] {standard_task_runner.py:91} INFO - Job 474: Subtask era5_accum
[2026-05-25T14:00:02.303+0000] {task_command.py:426} INFO - Running <TaskInstance: era5_ecmwf_pipeline.era5_accum scheduled__2026-05-25T13:00:00+00:00 [running]> on host fc8478f399e7
[2026-05-25T14:00:02.441+0000] {taskinstance.py:2648} INFO - Exporting env vars: AIRFLOW_CTX_DAG_OWNER='***' AIRFLOW_CTX_DAG_ID='era5_ecmwf_pipeline' AIRFLOW_CTX_TASK_ID='era5_accum' AIRFLOW_CTX_EXECUTION_DATE='2026-05-25T13:00:00+00:00' AIRFLOW_CTX_TRY_NUMBER='1' AIRFLOW_CTX_DAG_RUN_ID='scheduled__2026-05-25T13:00:00+00:00'
[2026-05-25T14:00:02.443+0000] {taskinstance.py:430} INFO - ::endgroup::
[2026-05-25T14:00:02.459+0000] {logging_mixin.py:188} INFO - RUN → accum | 2026-05-20
[2026-05-25T14:00:02.473+0000] {era5_logger.py:51} INFO - Log file: logs/era5/2026/05/20/era5_20260520.log
[2026-05-25T14:00:02.475+0000] {era5_functions.py:329} INFO - ERA5 [ACCUM] START: 2026-05-20
[2026-05-25T14:00:03.505+0000] {era5_functions.py:285} INFO - ============================================================
[2026-05-25T14:00:03.506+0000] {era5_functions.py:286} INFO - JOB : ACCUM | 2026-05-20
[2026-05-25T14:00:03.508+0000] {era5_functions.py:287} INFO - VARS: ['tp']
[2026-05-25T14:00:03.510+0000] {era5_functions.py:288} INFO - ============================================================
[2026-05-25T14:00:03.812+0000] {era5_functions.py:63} WARNING - [VALIDATE NC] accum_20260520.nc → NOT READY (2/24)
[2026-05-25T14:00:03.815+0000] {era5_functions.py:123} WARNING - [NC] ERA5 not ready → accum_20260520.nc
[2026-05-25T14:00:03.816+0000] {era5_functions.py:295} WARNING - [PIPELINE] skip tif → nc not ready
[2026-05-25T14:00:03.817+0000] {era5_functions.py:341} INFO - ERA5 [ACCUM] COMPLETE ✓
[2026-05-25T14:00:03.819+0000] {logging_mixin.py:188} INFO - RUN → accum | 2026-05-19
[2026-05-25T14:00:03.823+0000] {era5_logger.py:51} INFO - Log file: logs/era5/2026/05/19/era5_20260519.log
[2026-05-25T14:00:03.825+0000] {era5_functions.py:329} INFO - ERA5 [ACCUM] START: 2026-05-19
[2026-05-25T14:00:04.837+0000] {era5_functions.py:285} INFO - ============================================================
[2026-05-25T14:00:04.839+0000] {era5_functions.py:286} INFO - JOB : ACCUM | 2026-05-19
[2026-05-25T14:00:04.841+0000] {era5_functions.py:287} INFO - VARS: ['tp']
[2026-05-25T14:00:04.843+0000] {era5_functions.py:288} INFO - ============================================================
[2026-05-25T14:00:04.908+0000] {era5_functions.py:63} WARNING - [VALIDATE NC] accum_20260519.nc → NOT READY (2/24)
[2026-05-25T14:00:04.913+0000] {era5_functions.py:123} WARNING - [NC] ERA5 not ready → accum_20260519.nc
[2026-05-25T14:00:04.914+0000] {era5_functions.py:295} WARNING - [PIPELINE] skip tif → nc not ready
[2026-05-25T14:00:04.915+0000] {era5_functions.py:341} INFO - ERA5 [ACCUM] COMPLETE ✓
[2026-05-25T14:00:04.916+0000] {logging_mixin.py:188} INFO - RUN → accum | 2026-05-18
[2026-05-25T14:00:04.924+0000] {era5_logger.py:51} INFO - Log file: logs/era5/2026/05/18/era5_20260518.log
[2026-05-25T14:00:04.925+0000] {era5_functions.py:329} INFO - ERA5 [ACCUM] START: 2026-05-18
[2026-05-25T14:00:06.024+0000] {era5_functions.py:285} INFO - ============================================================
[2026-05-25T14:00:06.026+0000] {era5_functions.py:286} INFO - JOB : ACCUM | 2026-05-18
[2026-05-25T14:00:06.027+0000] {era5_functions.py:287} INFO - VARS: ['tp']
[2026-05-25T14:00:06.029+0000] {era5_functions.py:288} INFO - ============================================================
[2026-05-25T14:00:06.086+0000] {era5_functions.py:63} WARNING - [VALIDATE NC] accum_20260518.nc → NOT READY (2/24)
[2026-05-25T14:00:06.089+0000] {era5_functions.py:123} WARNING - [NC] ERA5 not ready → accum_20260518.nc
[2026-05-25T14:00:06.091+0000] {era5_functions.py:295} WARNING - [PIPELINE] skip tif → nc not ready
[2026-05-25T14:00:06.092+0000] {era5_functions.py:341} INFO - ERA5 [ACCUM] COMPLETE ✓
[2026-05-25T14:00:06.093+0000] {python.py:237} INFO - Done. Returned value was: None
[2026-05-25T14:00:06.093+0000] {taskinstance.py:441} INFO - ::group::Post task execution logs
[2026-05-25T14:00:06.109+0000] {taskinstance.py:1206} INFO - Marking task as SUCCESS. dag_id=era5_ecmwf_pipeline, task_id=era5_accum, run_id=scheduled__2026-05-25T13:00:00+00:00, execution_date=20260525T130000, start_date=20260525T140002, end_date=20260525T140006
[2026-05-25T14:00:06.177+0000] {local_task_job_runner.py:240} INFO - Task exited with return code 0
[2026-05-25T14:00:06.201+0000] {taskinstance.py:3498} INFO - 0 downstream tasks scheduled from follow-on schedule check
[2026-05-25T14:00:06.204+0000] {local_task_job_runner.py:222} INFO - ::endgroup::
