[2026-05-19T04:30:40.994+0000] {local_task_job_runner.py:120} INFO - ::group::Pre task execution logs
[2026-05-19T04:30:41.015+0000] {taskinstance.py:2076} INFO - Dependencies all met for dep_context=non-requeueable deps ti=<TaskInstance: era5_ecmwf_pipeline.era5_instant manual__2026-05-19T04:21:23.126298+00:00 [queued]>
[2026-05-19T04:30:41.025+0000] {taskinstance.py:2076} INFO - Dependencies all met for dep_context=requeueable deps ti=<TaskInstance: era5_ecmwf_pipeline.era5_instant manual__2026-05-19T04:21:23.126298+00:00 [queued]>
[2026-05-19T04:30:41.026+0000] {taskinstance.py:2306} INFO - Starting attempt 2 of 3
[2026-05-19T04:30:41.044+0000] {taskinstance.py:2330} INFO - Executing <Task(PythonOperator): era5_instant> on 2026-05-19 04:21:23.126298+00:00
[2026-05-19T04:30:41.060+0000] {warnings.py:110} WARNING - /home/***/.local/lib/python3.12/site-packages/***/task/task_runner/standard_task_runner.py:61: DeprecationWarning: This process (pid=337) is multi-threaded, use of fork() may lead to deadlocks in the child.
  pid = os.fork()

[2026-05-19T04:30:41.064+0000] {standard_task_runner.py:63} INFO - Started process 339 to run task
[2026-05-19T04:30:41.069+0000] {standard_task_runner.py:90} INFO - Running: ['***', 'tasks', 'run', 'era5_ecmwf_pipeline', 'era5_instant', 'manual__2026-05-19T04:21:23.126298+00:00', '--job-id', '123', '--raw', '--subdir', 'DAGS_FOLDER/era5_dag.py', '--cfg-path', '/tmp/tmp5lywwere']
[2026-05-19T04:30:41.074+0000] {standard_task_runner.py:91} INFO - Job 123: Subtask era5_instant
[2026-05-19T04:30:41.168+0000] {task_command.py:426} INFO - Running <TaskInstance: era5_ecmwf_pipeline.era5_instant manual__2026-05-19T04:21:23.126298+00:00 [running]> on host 5171a12238bf
[2026-05-19T04:30:41.296+0000] {taskinstance.py:2648} INFO - Exporting env vars: AIRFLOW_CTX_DAG_OWNER='***' AIRFLOW_CTX_DAG_ID='era5_ecmwf_pipeline' AIRFLOW_CTX_TASK_ID='era5_instant' AIRFLOW_CTX_EXECUTION_DATE='2026-05-19T04:21:23.126298+00:00' AIRFLOW_CTX_TRY_NUMBER='2' AIRFLOW_CTX_DAG_RUN_ID='manual__2026-05-19T04:21:23.126298+00:00'
[2026-05-19T04:30:41.298+0000] {taskinstance.py:430} INFO - ::endgroup::
[2026-05-19T04:30:41.321+0000] {logging_mixin.py:188} WARNING - 2026-05-19 04:30:41 | INFO     | Log file: logs/era5/2026/05/19/era5_20260519.log
[2026-05-19T04:30:41.320+0000] {era5_logger.py:40} INFO - Log file: logs/era5/2026/05/19/era5_20260519.log
[2026-05-19T04:30:46.803+0000] {logging_mixin.py:188} WARNING - 2026-05-19 04:30:46,802 INFO [2026-05-14T00:00:00Z] Upcoming essential maintenance sessions on Data Stores underlying infrastructure on 19 May. Service disruption expected. For further details, please [visit our forum announcement](https://forum.ecmwf.int/t/upcoming-essential-maintenance-sessions-on-data-stores-underlying-infrastructure/14954).
[2026-05-19T04:30:46.802+0000] {legacy_client.py:192} INFO - [2026-05-14T00:00:00Z] Upcoming essential maintenance sessions on Data Stores underlying infrastructure on 19 May. Service disruption expected. For further details, please [visit our forum announcement](https://forum.ecmwf.int/t/upcoming-essential-maintenance-sessions-on-data-stores-underlying-infrastructure/14954).
[2026-05-19T04:30:46.808+0000] {logging_mixin.py:188} WARNING - 2026-05-19 04:30:46 | INFO     | === ERA5 PIPELINE START ===
[2026-05-19T04:30:46.808+0000] {era5_functions.py:264} INFO - === ERA5 PIPELINE START ===
[2026-05-19T04:30:46.812+0000] {logging_mixin.py:188} WARNING - 2026-05-19 04:30:46 | INFO     | ===================================
[2026-05-19T04:30:46.812+0000] {era5_functions.py:213} INFO - ===================================
[2026-05-19T04:30:46.815+0000] {logging_mixin.py:188} WARNING - 2026-05-19 04:30:46 | INFO     | JOB: instant | 20260519
[2026-05-19T04:30:46.815+0000] {era5_functions.py:214} INFO - JOB: instant | 20260519
[2026-05-19T04:30:46.817+0000] {logging_mixin.py:188} WARNING - 2026-05-19 04:30:46 | INFO     | ===================================
[2026-05-19T04:30:46.817+0000] {era5_functions.py:215} INFO - ===================================
[2026-05-19T04:30:46.826+0000] {logging_mixin.py:188} WARNING - 2026-05-19 04:30:46 | INFO     | [DOWNLOAD] attempt 1/5 → instant_20260519.nc
[2026-05-19T04:30:46.826+0000] {era5_functions.py:97} INFO - [DOWNLOAD] attempt 1/5 → instant_20260519.nc
[2026-05-19T04:30:46.840+0000] {logging_mixin.py:188} WARNING - 2026-05-19 04:30:46 | INFO     | [DOWNLOAD] START → instant_20260519.nc
[2026-05-19T04:30:46.840+0000] {era5_functions.py:78} INFO - [DOWNLOAD] START → instant_20260519.nc
[2026-05-19T04:30:47.441+0000] {logging_mixin.py:188} WARNING - 2026-05-19 04:30:47 | WARNING  | [DOWNLOAD] failed → 400 Client Error: Bad Request for url: https://cds.climate.copernicus.eu/api/retrieve/v1/processes/reanalysis-era5-single-levels/execution
invalid request
None of the data you have requested is available yet, please revise the period requested. The latest date available for this dataset is: 2026-05-14 04:00
[2026-05-19T04:30:47.441+0000] {era5_functions.py:115} WARNING - [DOWNLOAD] failed → 400 Client Error: Bad Request for url: https://cds.climate.copernicus.eu/api/retrieve/v1/processes/reanalysis-era5-single-levels/execution
invalid request
None of the data you have requested is available yet, please revise the period requested. The latest date available for this dataset is: 2026-05-14 04:00
[2026-05-19T04:31:47.439+0000] {logging_mixin.py:188} WARNING - 2026-05-19 04:31:47 | INFO     | [DOWNLOAD] attempt 2/5 → instant_20260519.nc
[2026-05-19T04:31:47.439+0000] {era5_functions.py:97} INFO - [DOWNLOAD] attempt 2/5 → instant_20260519.nc
[2026-05-19T04:31:47.469+0000] {logging_mixin.py:188} WARNING - 2026-05-19 04:31:47 | INFO     | [DOWNLOAD] START → instant_20260519.nc
[2026-05-19T04:31:47.469+0000] {era5_functions.py:78} INFO - [DOWNLOAD] START → instant_20260519.nc
[2026-05-19T04:31:48.947+0000] {logging_mixin.py:188} WARNING - 2026-05-19 04:31:48 | WARNING  | [DOWNLOAD] failed → 400 Client Error: Bad Request for url: https://cds.climate.copernicus.eu/api/retrieve/v1/processes/reanalysis-era5-single-levels/execution
invalid request
None of the data you have requested is available yet, please revise the period requested. The latest date available for this dataset is: 2026-05-14 04:00
[2026-05-19T04:31:48.947+0000] {era5_functions.py:115} WARNING - [DOWNLOAD] failed → 400 Client Error: Bad Request for url: https://cds.climate.copernicus.eu/api/retrieve/v1/processes/reanalysis-era5-single-levels/execution
invalid request
None of the data you have requested is available yet, please revise the period requested. The latest date available for this dataset is: 2026-05-14 04:00
[2026-05-19T04:32:48.946+0000] {logging_mixin.py:188} WARNING - 2026-05-19 04:32:48 | INFO     | [DOWNLOAD] attempt 3/5 → instant_20260519.nc
[2026-05-19T04:32:48.946+0000] {era5_functions.py:97} INFO - [DOWNLOAD] attempt 3/5 → instant_20260519.nc
[2026-05-19T04:32:48.973+0000] {logging_mixin.py:188} WARNING - 2026-05-19 04:32:48 | INFO     | [DOWNLOAD] START → instant_20260519.nc
[2026-05-19T04:32:48.972+0000] {era5_functions.py:78} INFO - [DOWNLOAD] START → instant_20260519.nc
[2026-05-19T04:32:50.774+0000] {logging_mixin.py:188} WARNING - 2026-05-19 04:32:50 | WARNING  | [DOWNLOAD] failed → 400 Client Error: Bad Request for url: https://cds.climate.copernicus.eu/api/retrieve/v1/processes/reanalysis-era5-single-levels/execution
invalid request
None of the data you have requested is available yet, please revise the period requested. The latest date available for this dataset is: 2026-05-14 04:00
[2026-05-19T04:32:50.774+0000] {era5_functions.py:115} WARNING - [DOWNLOAD] failed → 400 Client Error: Bad Request for url: https://cds.climate.copernicus.eu/api/retrieve/v1/processes/reanalysis-era5-single-levels/execution
invalid request
None of the data you have requested is available yet, please revise the period requested. The latest date available for this dataset is: 2026-05-14 04:00
[2026-05-19T04:33:50.773+0000] {logging_mixin.py:188} WARNING - 2026-05-19 04:33:50 | INFO     | [DOWNLOAD] attempt 4/5 → instant_20260519.nc
[2026-05-19T04:33:50.772+0000] {era5_functions.py:97} INFO - [DOWNLOAD] attempt 4/5 → instant_20260519.nc
[2026-05-19T04:33:50.801+0000] {logging_mixin.py:188} WARNING - 2026-05-19 04:33:50 | INFO     | [DOWNLOAD] START → instant_20260519.nc
[2026-05-19T04:33:50.800+0000] {era5_functions.py:78} INFO - [DOWNLOAD] START → instant_20260519.nc
[2026-05-19T04:33:52.138+0000] {logging_mixin.py:188} WARNING - 2026-05-19 04:33:52 | WARNING  | [DOWNLOAD] failed → 400 Client Error: Bad Request for url: https://cds.climate.copernicus.eu/api/retrieve/v1/processes/reanalysis-era5-single-levels/execution
invalid request
None of the data you have requested is available yet, please revise the period requested. The latest date available for this dataset is: 2026-05-14 04:00
[2026-05-19T04:33:52.138+0000] {era5_functions.py:115} WARNING - [DOWNLOAD] failed → 400 Client Error: Bad Request for url: https://cds.climate.copernicus.eu/api/retrieve/v1/processes/reanalysis-era5-single-levels/execution
invalid request
None of the data you have requested is available yet, please revise the period requested. The latest date available for this dataset is: 2026-05-14 04:00
[2026-05-19T04:34:52.134+0000] {logging_mixin.py:188} WARNING - 2026-05-19 04:34:52 | INFO     | [DOWNLOAD] attempt 5/5 → instant_20260519.nc
[2026-05-19T04:34:52.133+0000] {era5_functions.py:97} INFO - [DOWNLOAD] attempt 5/5 → instant_20260519.nc
[2026-05-19T04:34:52.164+0000] {logging_mixin.py:188} WARNING - 2026-05-19 04:34:52 | INFO     | [DOWNLOAD] START → instant_20260519.nc
[2026-05-19T04:34:52.164+0000] {era5_functions.py:78} INFO - [DOWNLOAD] START → instant_20260519.nc
[2026-05-19T04:34:53.559+0000] {logging_mixin.py:188} WARNING - 2026-05-19 04:34:53 | WARNING  | [DOWNLOAD] failed → 400 Client Error: Bad Request for url: https://cds.climate.copernicus.eu/api/retrieve/v1/processes/reanalysis-era5-single-levels/execution
invalid request
None of the data you have requested is available yet, please revise the period requested. The latest date available for this dataset is: 2026-05-14 04:00
[2026-05-19T04:34:53.559+0000] {era5_functions.py:115} WARNING - [DOWNLOAD] failed → 400 Client Error: Bad Request for url: https://cds.climate.copernicus.eu/api/retrieve/v1/processes/reanalysis-era5-single-levels/execution
invalid request
None of the data you have requested is available yet, please revise the period requested. The latest date available for this dataset is: 2026-05-14 04:00
[2026-05-19T04:34:53.561+0000] {taskinstance.py:441} INFO - ::group::Post task execution logs
[2026-05-19T04:34:53.563+0000] {taskinstance.py:2905} ERROR - Task failed with exception
Traceback (most recent call last):
  File "/home/airflow/.local/lib/python3.12/site-packages/airflow/models/taskinstance.py", line 465, in _execute_task
    result = _execute_callable(context=context, **execute_callable_kwargs)
             ^^^^^^^^^^^^^^^^^^^^^^^^^^^^^^^^^^^^^^^^^^^^^^^^^^^^^^^^^^^^^
  File "/home/airflow/.local/lib/python3.12/site-packages/airflow/models/taskinstance.py", line 432, in _execute_callable
    return execute_callable(context=context, **execute_callable_kwargs)
           ^^^^^^^^^^^^^^^^^^^^^^^^^^^^^^^^^^^^^^^^^^^^^^^^^^^^^^^^^^^^
  File "/home/airflow/.local/lib/python3.12/site-packages/airflow/models/baseoperator.py", line 400, in wrapper
    return func(self, *args, **kwargs)
           ^^^^^^^^^^^^^^^^^^^^^^^^^^^
  File "/home/airflow/.local/lib/python3.12/site-packages/airflow/operators/python.py", line 235, in execute
    return_value = self.execute_callable()
                   ^^^^^^^^^^^^^^^^^^^^^^^
  File "/home/airflow/.local/lib/python3.12/site-packages/airflow/operators/python.py", line 252, in execute_callable
    return self.python_callable(*self.op_args, **self.op_kwargs)
           ^^^^^^^^^^^^^^^^^^^^^^^^^^^^^^^^^^^^^^^^^^^^^^^^^^^^^
  File "/opt/airflow/dags/era5_dag.py", line 52, in task_instant_fn
    run_era5(
  File "/opt/airflow/dags/era5_functions.py", line 266, in run_era5
    process_job(client, job_name, y, m, d, dstr, log)
  File "/opt/airflow/dags/era5_functions.py", line 221, in process_job
    result = download_nc_with_retry(client, raw_nc, params, log)
             ^^^^^^^^^^^^^^^^^^^^^^^^^^^^^^^^^^^^^^^^^^^^^^^^^^^
  File "/opt/airflow/dags/era5_functions.py", line 120, in download_nc_with_retry
    raise RuntimeError(f"download failed: {fname}")
RuntimeError: download failed: instant_20260519.nc
[2026-05-19T04:34:53.595+0000] {taskinstance.py:1206} INFO - Marking task as UP_FOR_RETRY. dag_id=era5_ecmwf_pipeline, task_id=era5_instant, run_id=manual__2026-05-19T04:21:23.126298+00:00, execution_date=20260519T042123, start_date=20260519T043041, end_date=20260519T043453
[2026-05-19T04:34:53.618+0000] {standard_task_runner.py:110} ERROR - Failed to execute job 123 for task era5_instant (download failed: instant_20260519.nc; 339)
[2026-05-19T04:34:53.654+0000] {local_task_job_runner.py:240} INFO - Task exited with return code 1
[2026-05-19T04:34:53.680+0000] {taskinstance.py:3498} INFO - 0 downstream tasks scheduled from follow-on schedule check
[2026-05-19T04:34:53.684+0000] {local_task_job_runner.py:222} INFO - ::endgroup::
