[2026-07-17T20:00:02.360+0000] {local_task_job_runner.py:120} INFO - ::group::Pre task execution logs
[2026-07-17T20:00:02.387+0000] {taskinstance.py:2076} INFO - Dependencies all met for dep_context=non-requeueable deps ti=<TaskInstance: era5_download_pipeline.era5_instant scheduled__2026-07-17T19:00:00+00:00 [queued]>
[2026-07-17T20:00:02.396+0000] {taskinstance.py:2076} INFO - Dependencies all met for dep_context=requeueable deps ti=<TaskInstance: era5_download_pipeline.era5_instant scheduled__2026-07-17T19:00:00+00:00 [queued]>
[2026-07-17T20:00:02.397+0000] {taskinstance.py:2306} INFO - Starting attempt 1 of 1
[2026-07-17T20:00:02.412+0000] {taskinstance.py:2330} INFO - Executing <Task(PythonOperator): era5_instant> on 2026-07-17 19:00:00+00:00
[2026-07-17T20:00:02.424+0000] {warnings.py:110} WARNING - /home/***/.local/lib/python3.12/site-packages/***/task/task_runner/standard_task_runner.py:61: DeprecationWarning: This process (pid=12717) is multi-threaded, use of fork() may lead to deadlocks in the child.
  pid = os.fork()

[2026-07-17T20:00:02.426+0000] {standard_task_runner.py:63} INFO - Started process 12719 to run task
[2026-07-17T20:00:02.426+0000] {standard_task_runner.py:90} INFO - Running: ['***', 'tasks', 'run', 'era5_download_pipeline', 'era5_instant', 'scheduled__2026-07-17T19:00:00+00:00', '--job-id', '2310', '--raw', '--subdir', 'DAGS_FOLDER/era5_dag.py', '--cfg-path', '/tmp/tmph1efcg8p']
[2026-07-17T20:00:02.430+0000] {standard_task_runner.py:91} INFO - Job 2310: Subtask era5_instant
[2026-07-17T20:00:02.498+0000] {task_command.py:426} INFO - Running <TaskInstance: era5_download_pipeline.era5_instant scheduled__2026-07-17T19:00:00+00:00 [running]> on host 01cd476fb21a
[2026-07-17T20:00:02.604+0000] {taskinstance.py:2648} INFO - Exporting env vars: AIRFLOW_CTX_DAG_OWNER='era5' AIRFLOW_CTX_DAG_ID='era5_download_pipeline' AIRFLOW_CTX_TASK_ID='era5_instant' AIRFLOW_CTX_EXECUTION_DATE='2026-07-17T19:00:00+00:00' AIRFLOW_CTX_TRY_NUMBER='1' AIRFLOW_CTX_DAG_RUN_ID='scheduled__2026-07-17T19:00:00+00:00'
[2026-07-17T20:00:02.607+0000] {taskinstance.py:430} INFO - ::endgroup::
[2026-07-17T20:00:03.691+0000] {logging_mixin.py:188} WARNING - 2026-07-17 20:00:03 [INFO] === START job=instant date=2026-07-17 ===
[2026-07-17T20:00:03.691+0000] {era5_functions.py:368} INFO - === START job=instant date=2026-07-17 ===
[2026-07-17T20:00:03.695+0000] {logging_mixin.py:188} WARNING - 2026-07-17 20:00:03 [INFO] --- job=instant date=20260717 ---
[2026-07-17T20:00:03.695+0000] {era5_functions.py:330} INFO - --- job=instant date=20260717 ---
[2026-07-17T20:00:04.337+0000] {http.py:514} WARNING - Recovering from HTTP error [502 Bad Gateway], attempt 1 of 500
[2026-07-17T20:00:04.338+0000] {http.py:537} WARNING - Retrying in 120 seconds
[2026-07-17T20:02:04.327+0000] {http.py:544} INFO - Retrying now...
[2026-07-17T20:02:05.388+0000] {logging_mixin.py:188} WARNING - 2026-07-17 20:02:05 [WARNING] get_cds_count failed: 400 Client Error: Bad Request for url: https://cds.climate.copernicus.eu/api/retrieve/v1/processes/reanalysis-era5-single-levels/execution
invalid request
None of the data you have requested is available yet, please revise the period requested. The latest date available for this dataset is: 2026-07-12 20:00
[2026-07-17T20:02:05.388+0000] {era5_functions.py:131} WARNING - get_cds_count failed: 400 Client Error: Bad Request for url: https://cds.climate.copernicus.eu/api/retrieve/v1/processes/reanalysis-era5-single-levels/execution
invalid request
None of the data you have requested is available yet, please revise the period requested. The latest date available for this dataset is: 2026-07-12 20:00
[2026-07-17T20:02:05.392+0000] {logging_mixin.py:188} WARNING - 2026-07-17 20:02:05 [WARNING] CDS ยังไม่มีข้อมูล job=instant date=20260717, skip
[2026-07-17T20:02:05.392+0000] {era5_functions.py:335} WARNING - CDS ยังไม่มีข้อมูล job=instant date=20260717, skip
[2026-07-17T20:02:05.395+0000] {logging_mixin.py:188} WARNING - 2026-07-17 20:02:05 [INFO] --- job=instant date=20260716 ---
[2026-07-17T20:02:05.395+0000] {era5_functions.py:330} INFO - --- job=instant date=20260716 ---
[2026-07-17T20:02:06.036+0000] {logging_mixin.py:188} WARNING - 2026-07-17 20:02:06 [WARNING] get_cds_count failed: 400 Client Error: Bad Request for url: https://cds.climate.copernicus.eu/api/retrieve/v1/processes/reanalysis-era5-single-levels/execution
invalid request
None of the data you have requested is available yet, please revise the period requested. The latest date available for this dataset is: 2026-07-12 20:00
[2026-07-17T20:02:06.036+0000] {era5_functions.py:131} WARNING - get_cds_count failed: 400 Client Error: Bad Request for url: https://cds.climate.copernicus.eu/api/retrieve/v1/processes/reanalysis-era5-single-levels/execution
invalid request
None of the data you have requested is available yet, please revise the period requested. The latest date available for this dataset is: 2026-07-12 20:00
[2026-07-17T20:02:06.041+0000] {logging_mixin.py:188} WARNING - 2026-07-17 20:02:06 [WARNING] CDS ยังไม่มีข้อมูล job=instant date=20260716, skip
[2026-07-17T20:02:06.041+0000] {era5_functions.py:335} WARNING - CDS ยังไม่มีข้อมูล job=instant date=20260716, skip
[2026-07-17T20:02:06.045+0000] {logging_mixin.py:188} WARNING - 2026-07-17 20:02:06 [INFO] --- job=instant date=20260715 ---
[2026-07-17T20:02:06.045+0000] {era5_functions.py:330} INFO - --- job=instant date=20260715 ---
[2026-07-17T20:02:06.727+0000] {logging_mixin.py:188} WARNING - 2026-07-17 20:02:06 [WARNING] get_cds_count failed: 400 Client Error: Bad Request for url: https://cds.climate.copernicus.eu/api/retrieve/v1/processes/reanalysis-era5-single-levels/execution
invalid request
None of the data you have requested is available yet, please revise the period requested. The latest date available for this dataset is: 2026-07-12 20:00
[2026-07-17T20:02:06.727+0000] {era5_functions.py:131} WARNING - get_cds_count failed: 400 Client Error: Bad Request for url: https://cds.climate.copernicus.eu/api/retrieve/v1/processes/reanalysis-era5-single-levels/execution
invalid request
None of the data you have requested is available yet, please revise the period requested. The latest date available for this dataset is: 2026-07-12 20:00
[2026-07-17T20:02:06.731+0000] {logging_mixin.py:188} WARNING - 2026-07-17 20:02:06 [WARNING] CDS ยังไม่มีข้อมูล job=instant date=20260715, skip
[2026-07-17T20:02:06.731+0000] {era5_functions.py:335} WARNING - CDS ยังไม่มีข้อมูล job=instant date=20260715, skip
[2026-07-17T20:02:06.735+0000] {logging_mixin.py:188} WARNING - 2026-07-17 20:02:06 [INFO] --- job=instant date=20260714 ---
[2026-07-17T20:02:06.735+0000] {era5_functions.py:330} INFO - --- job=instant date=20260714 ---
[2026-07-17T20:02:07.327+0000] {logging_mixin.py:188} WARNING - 2026-07-17 20:02:07 [WARNING] get_cds_count failed: 400 Client Error: Bad Request for url: https://cds.climate.copernicus.eu/api/retrieve/v1/processes/reanalysis-era5-single-levels/execution
invalid request
None of the data you have requested is available yet, please revise the period requested. The latest date available for this dataset is: 2026-07-12 20:00
[2026-07-17T20:02:07.326+0000] {era5_functions.py:131} WARNING - get_cds_count failed: 400 Client Error: Bad Request for url: https://cds.climate.copernicus.eu/api/retrieve/v1/processes/reanalysis-era5-single-levels/execution
invalid request
None of the data you have requested is available yet, please revise the period requested. The latest date available for this dataset is: 2026-07-12 20:00
[2026-07-17T20:02:07.331+0000] {logging_mixin.py:188} WARNING - 2026-07-17 20:02:07 [WARNING] CDS ยังไม่มีข้อมูล job=instant date=20260714, skip
[2026-07-17T20:02:07.331+0000] {era5_functions.py:335} WARNING - CDS ยังไม่มีข้อมูล job=instant date=20260714, skip
[2026-07-17T20:02:07.334+0000] {logging_mixin.py:188} WARNING - 2026-07-17 20:02:07 [INFO] --- job=instant date=20260713 ---
[2026-07-17T20:02:07.334+0000] {era5_functions.py:330} INFO - --- job=instant date=20260713 ---
[2026-07-17T20:02:07.924+0000] {logging_mixin.py:188} WARNING - 2026-07-17 20:02:07 [WARNING] get_cds_count failed: 400 Client Error: Bad Request for url: https://cds.climate.copernicus.eu/api/retrieve/v1/processes/reanalysis-era5-single-levels/execution
invalid request
None of the data you have requested is available yet, please revise the period requested. The latest date available for this dataset is: 2026-07-12 20:00
[2026-07-17T20:02:07.924+0000] {era5_functions.py:131} WARNING - get_cds_count failed: 400 Client Error: Bad Request for url: https://cds.climate.copernicus.eu/api/retrieve/v1/processes/reanalysis-era5-single-levels/execution
invalid request
None of the data you have requested is available yet, please revise the period requested. The latest date available for this dataset is: 2026-07-12 20:00
[2026-07-17T20:02:07.930+0000] {logging_mixin.py:188} WARNING - 2026-07-17 20:02:07 [WARNING] CDS ยังไม่มีข้อมูล job=instant date=20260713, skip
[2026-07-17T20:02:07.929+0000] {era5_functions.py:335} WARNING - CDS ยังไม่มีข้อมูล job=instant date=20260713, skip
[2026-07-17T20:02:07.934+0000] {logging_mixin.py:188} WARNING - 2026-07-17 20:02:07 [INFO] --- job=instant date=20260712 ---
[2026-07-17T20:02:07.934+0000] {era5_functions.py:330} INFO - --- job=instant date=20260712 ---
[2026-07-17T20:02:10.768+0000] {logging_mixin.py:188} WARNING - 2026-07-17 20:02:10,767 INFO Request ID is 7a72139a-05d3-4aec-aa7d-940e7e0773b5
[2026-07-17T20:02:10.767+0000] {legacy_client.py:192} INFO - Request ID is 7a72139a-05d3-4aec-aa7d-940e7e0773b5
[2026-07-17T20:02:10.980+0000] {logging_mixin.py:188} WARNING - 2026-07-17 20:02:10,980 INFO status has been updated to accepted
[2026-07-17T20:02:10.980+0000] {legacy_client.py:192} INFO - status has been updated to accepted
[2026-07-17T20:02:33.030+0000] {logging_mixin.py:188} WARNING - 2026-07-17 20:02:33,029 INFO status has been updated to rejected
[2026-07-17T20:02:33.029+0000] {legacy_client.py:192} INFO - status has been updated to rejected
[2026-07-17T20:02:33.521+0000] {logging_mixin.py:188} WARNING - 2026-07-17 20:02:33 [WARNING] get_cds_count failed: 400 Client Error: Bad Request for url: https://cds.climate.copernicus.eu/api/retrieve/v1/jobs/7a72139a-05d3-4aec-aa7d-940e7e0773b5/results
The job has been rejected
Number queued requests for this dataset is temporarily limited. Please configure your scripts accordingly
[2026-07-17T20:02:33.521+0000] {era5_functions.py:131} WARNING - get_cds_count failed: 400 Client Error: Bad Request for url: https://cds.climate.copernicus.eu/api/retrieve/v1/jobs/7a72139a-05d3-4aec-aa7d-940e7e0773b5/results
The job has been rejected
Number queued requests for this dataset is temporarily limited. Please configure your scripts accordingly 
[2026-07-17T20:02:33.524+0000] {logging_mixin.py:188} WARNING - 2026-07-17 20:02:33 [WARNING] CDS ยังไม่มีข้อมูล job=instant date=20260712, skip
[2026-07-17T20:02:33.524+0000] {era5_functions.py:335} WARNING - CDS ยังไม่มีข้อมูล job=instant date=20260712, skip
[2026-07-17T20:02:33.526+0000] {logging_mixin.py:188} WARNING - 2026-07-17 20:02:33 [INFO] === END job=instant date=2026-07-17 ===
[2026-07-17T20:02:33.526+0000] {era5_functions.py:379} INFO - === END job=instant date=2026-07-17 ===
[2026-07-17T20:02:33.528+0000] {python.py:237} INFO - Done. Returned value was: None
[2026-07-17T20:02:33.529+0000] {taskinstance.py:441} INFO - ::group::Post task execution logs
[2026-07-17T20:02:33.542+0000] {taskinstance.py:1206} INFO - Marking task as SUCCESS. dag_id=era5_download_pipeline, task_id=era5_instant, run_id=scheduled__2026-07-17T19:00:00+00:00, execution_date=20260717T190000, start_date=20260717T200002, end_date=20260717T200233
[2026-07-17T20:02:33.628+0000] {local_task_job_runner.py:240} INFO - Task exited with return code 0
[2026-07-17T20:02:33.664+0000] {taskinstance.py:3498} INFO - 1 downstream tasks scheduled from follow-on schedule check
[2026-07-17T20:02:33.669+0000] {local_task_job_runner.py:222} INFO - ::endgroup::
