[2026-06-12T04:00:01.836+0000] {local_task_job_runner.py:120} INFO - ::group::Pre task execution logs
[2026-06-12T04:00:01.867+0000] {taskinstance.py:2076} INFO - Dependencies all met for dep_context=non-requeueable deps ti=<TaskInstance: era5_download_pipeline.era5_rh scheduled__2026-06-12T03:00:00+00:00 [queued]>
[2026-06-12T04:00:01.878+0000] {taskinstance.py:2076} INFO - Dependencies all met for dep_context=requeueable deps ti=<TaskInstance: era5_download_pipeline.era5_rh scheduled__2026-06-12T03:00:00+00:00 [queued]>
[2026-06-12T04:00:01.880+0000] {taskinstance.py:2306} INFO - Starting attempt 1 of 1
[2026-06-12T04:00:01.901+0000] {taskinstance.py:2330} INFO - Executing <Task(PythonOperator): era5_rh> on 2026-06-12 03:00:00+00:00
[2026-06-12T04:00:01.916+0000] {warnings.py:110} WARNING - /home/***/.local/lib/python3.12/site-packages/***/task/task_runner/standard_task_runner.py:61: DeprecationWarning: This process (pid=15884) is multi-threaded, use of fork() may lead to deadlocks in the child.
  pid = os.fork()

[2026-06-12T04:00:01.920+0000] {standard_task_runner.py:63} INFO - Started process 15889 to run task
[2026-06-12T04:00:01.919+0000] {standard_task_runner.py:90} INFO - Running: ['***', 'tasks', 'run', 'era5_download_pipeline', 'era5_rh', 'scheduled__2026-06-12T03:00:00+00:00', '--job-id', '1383', '--raw', '--subdir', 'DAGS_FOLDER/era5_dag.py', '--cfg-path', '/tmp/tmpbo5zki4_']
[2026-06-12T04:00:01.924+0000] {standard_task_runner.py:91} INFO - Job 1383: Subtask era5_rh
[2026-06-12T04:00:02.020+0000] {task_command.py:426} INFO - Running <TaskInstance: era5_download_pipeline.era5_rh scheduled__2026-06-12T03:00:00+00:00 [running]> on host 01cd476fb21a
[2026-06-12T04:00:02.163+0000] {taskinstance.py:2648} INFO - Exporting env vars: AIRFLOW_CTX_DAG_OWNER='era5' AIRFLOW_CTX_DAG_ID='era5_download_pipeline' AIRFLOW_CTX_TASK_ID='era5_rh' AIRFLOW_CTX_EXECUTION_DATE='2026-06-12T03:00:00+00:00' AIRFLOW_CTX_TRY_NUMBER='1' AIRFLOW_CTX_DAG_RUN_ID='scheduled__2026-06-12T03:00:00+00:00'
[2026-06-12T04:00:02.165+0000] {taskinstance.py:430} INFO - ::endgroup::
[2026-06-12T04:00:02.193+0000] {logging_mixin.py:188} WARNING - 2026-06-12 04:00:02 [WARNING] missing instant nc: /opt/***/era5/ecmwf/data/nc/_raw/2026/06/12/instant_20260612.nc
[2026-06-12T04:00:02.192+0000] {era5_rh.py:208} WARNING - missing instant nc: /opt/***/era5/ecmwf/data/nc/_raw/2026/06/12/instant_20260612.nc
[2026-06-12T04:00:02.199+0000] {logging_mixin.py:188} WARNING - 2026-06-12 04:00:02 [WARNING] missing instant nc: /opt/***/era5/ecmwf/data/nc/_raw/2026/06/11/instant_20260611.nc
[2026-06-12T04:00:02.199+0000] {era5_rh.py:208} WARNING - missing instant nc: /opt/***/era5/ecmwf/data/nc/_raw/2026/06/11/instant_20260611.nc
[2026-06-12T04:00:02.205+0000] {logging_mixin.py:188} WARNING - 2026-06-12 04:00:02 [WARNING] missing instant nc: /opt/***/era5/ecmwf/data/nc/_raw/2026/06/10/instant_20260610.nc
[2026-06-12T04:00:02.205+0000] {era5_rh.py:208} WARNING - missing instant nc: /opt/***/era5/ecmwf/data/nc/_raw/2026/06/10/instant_20260610.nc
[2026-06-12T04:00:02.209+0000] {logging_mixin.py:188} WARNING - 2026-06-12 04:00:02 [WARNING] missing instant nc: /opt/***/era5/ecmwf/data/nc/_raw/2026/06/09/instant_20260609.nc
[2026-06-12T04:00:02.209+0000] {era5_rh.py:208} WARNING - missing instant nc: /opt/***/era5/ecmwf/data/nc/_raw/2026/06/09/instant_20260609.nc
[2026-06-12T04:00:02.216+0000] {logging_mixin.py:188} WARNING - 2026-06-12 04:00:02 [WARNING] missing instant nc: /opt/***/era5/ecmwf/data/nc/_raw/2026/06/08/instant_20260608.nc
[2026-06-12T04:00:02.216+0000] {era5_rh.py:208} WARNING - missing instant nc: /opt/***/era5/ecmwf/data/nc/_raw/2026/06/08/instant_20260608.nc
[2026-06-12T04:00:02.229+0000] {logging_mixin.py:188} WARNING - 2026-06-12 04:00:02 [INFO] RH nc exists: /opt/***/era5/ecmwf/data/nc/rh/2026/06/07/rh_20260607.nc
[2026-06-12T04:00:02.229+0000] {era5_rh.py:69} INFO - RH nc exists: /opt/***/era5/ecmwf/data/nc/rh/2026/06/07/rh_20260607.nc
[2026-06-12T04:00:02.676+0000] {logging_mixin.py:188} WARNING - 2026-06-12 04:00:02 [INFO] RH tif created: /opt/***/era5/ecmwf/data/tif/2026/06/07/rh_20260607.tif
[2026-06-12T04:00:02.675+0000] {era5_rh.py:183} INFO - RH tif created: /opt/***/era5/ecmwf/data/tif/2026/06/07/rh_20260607.tif
[2026-06-12T04:00:02.681+0000] {python.py:237} INFO - Done. Returned value was: None
[2026-06-12T04:00:02.682+0000] {taskinstance.py:441} INFO - ::group::Post task execution logs
[2026-06-12T04:00:02.706+0000] {taskinstance.py:1206} INFO - Marking task as SUCCESS. dag_id=era5_download_pipeline, task_id=era5_rh, run_id=scheduled__2026-06-12T03:00:00+00:00, execution_date=20260612T030000, start_date=20260612T040001, end_date=20260612T040002
[2026-06-12T04:00:02.778+0000] {local_task_job_runner.py:240} INFO - Task exited with return code 0
[2026-06-12T04:00:02.802+0000] {taskinstance.py:3498} INFO - 0 downstream tasks scheduled from follow-on schedule check
[2026-06-12T04:00:02.806+0000] {local_task_job_runner.py:222} INFO - ::endgroup::
