[2026-06-03T04:00:02.049+0000] {local_task_job_runner.py:120} INFO - ::group::Pre task execution logs
[2026-06-03T04:00:02.073+0000] {taskinstance.py:2076} INFO - Dependencies all met for dep_context=non-requeueable deps ti=<TaskInstance: era5_download_pipeline.era5_instant scheduled__2026-06-03T03:00:00+00:00 [queued]>
[2026-06-03T04:00:02.082+0000] {taskinstance.py:2076} INFO - Dependencies all met for dep_context=requeueable deps ti=<TaskInstance: era5_download_pipeline.era5_instant scheduled__2026-06-03T03:00:00+00:00 [queued]>
[2026-06-03T04:00:02.083+0000] {taskinstance.py:2306} INFO - Starting attempt 1 of 1
[2026-06-03T04:00:02.104+0000] {taskinstance.py:2330} INFO - Executing <Task(PythonOperator): era5_instant> on 2026-06-03 03:00:00+00:00
[2026-06-03T04:00:02.117+0000] {warnings.py:110} WARNING - /home/***/.local/lib/python3.12/site-packages/***/task/task_runner/standard_task_runner.py:61: DeprecationWarning: This process (pid=16570) is multi-threaded, use of fork() may lead to deadlocks in the child.
  pid = os.fork()

[2026-06-03T04:00:02.120+0000] {standard_task_runner.py:63} INFO - Started process 16573 to run task
[2026-06-03T04:00:02.119+0000] {standard_task_runner.py:90} INFO - Running: ['***', 'tasks', 'run', 'era5_download_pipeline', 'era5_instant', 'scheduled__2026-06-03T03:00:00+00:00', '--job-id', '812', '--raw', '--subdir', 'DAGS_FOLDER/era5_dag.py', '--cfg-path', '/tmp/tmp1_kd2uaq']
[2026-06-03T04:00:02.124+0000] {standard_task_runner.py:91} INFO - Job 812: Subtask era5_instant
[2026-06-03T04:00:02.209+0000] {task_command.py:426} INFO - Running <TaskInstance: era5_download_pipeline.era5_instant scheduled__2026-06-03T03:00:00+00:00 [running]> on host 01cd476fb21a
[2026-06-03T04:00:02.351+0000] {taskinstance.py:2648} INFO - Exporting env vars: AIRFLOW_CTX_DAG_OWNER='era5' AIRFLOW_CTX_DAG_ID='era5_download_pipeline' AIRFLOW_CTX_TASK_ID='era5_instant' AIRFLOW_CTX_EXECUTION_DATE='2026-06-03T03:00:00+00:00' AIRFLOW_CTX_TRY_NUMBER='1' AIRFLOW_CTX_DAG_RUN_ID='scheduled__2026-06-03T03:00:00+00:00'
[2026-06-03T04:00:02.354+0000] {taskinstance.py:430} INFO - ::endgroup::
[2026-06-03T04:00:03.422+0000] {logging_mixin.py:188} WARNING - 2026-06-03 04:00:03 [INFO] === START job=instant date=2026-06-03 ===
[2026-06-03T04:00:03.422+0000] {era5_functions.py:368} INFO - === START job=instant date=2026-06-03 ===
[2026-06-03T04:00:03.427+0000] {logging_mixin.py:188} WARNING - 2026-06-03 04:00:03 [INFO] --- job=instant date=20260603 ---
[2026-06-03T04:00:03.426+0000] {era5_functions.py:330} INFO - --- job=instant date=20260603 ---
[2026-06-03T04:00:05.240+0000] {logging_mixin.py:188} WARNING - 2026-06-03 04:00:05 [WARNING] get_cds_count failed: 400 Client Error: Bad Request for url: https://cds.climate.copernicus.eu/api/retrieve/v1/processes/reanalysis-era5-single-levels/execution
invalid request
None of the data you have requested is available yet, please revise the period requested. The latest date available for this dataset is: 2026-05-29 04:00
[2026-06-03T04:00:05.240+0000] {era5_functions.py:131} WARNING - get_cds_count failed: 400 Client Error: Bad Request for url: https://cds.climate.copernicus.eu/api/retrieve/v1/processes/reanalysis-era5-single-levels/execution
invalid request
None of the data you have requested is available yet, please revise the period requested. The latest date available for this dataset is: 2026-05-29 04:00
[2026-06-03T04:00:05.246+0000] {logging_mixin.py:188} WARNING - 2026-06-03 04:00:05 [WARNING] CDS ยังไม่มีข้อมูล job=instant date=20260603, skip
[2026-06-03T04:00:05.246+0000] {era5_functions.py:335} WARNING - CDS ยังไม่มีข้อมูล job=instant date=20260603, skip
[2026-06-03T04:00:05.252+0000] {logging_mixin.py:188} WARNING - 2026-06-03 04:00:05 [INFO] --- job=instant date=20260602 ---
[2026-06-03T04:00:05.252+0000] {era5_functions.py:330} INFO - --- job=instant date=20260602 ---
[2026-06-03T04:00:06.697+0000] {logging_mixin.py:188} WARNING - 2026-06-03 04:00:06 [WARNING] get_cds_count failed: 400 Client Error: Bad Request for url: https://cds.climate.copernicus.eu/api/retrieve/v1/processes/reanalysis-era5-single-levels/execution
invalid request
None of the data you have requested is available yet, please revise the period requested. The latest date available for this dataset is: 2026-05-29 04:00
[2026-06-03T04:00:06.697+0000] {era5_functions.py:131} WARNING - get_cds_count failed: 400 Client Error: Bad Request for url: https://cds.climate.copernicus.eu/api/retrieve/v1/processes/reanalysis-era5-single-levels/execution
invalid request
None of the data you have requested is available yet, please revise the period requested. The latest date available for this dataset is: 2026-05-29 04:00
[2026-06-03T04:00:06.703+0000] {logging_mixin.py:188} WARNING - 2026-06-03 04:00:06 [WARNING] CDS ยังไม่มีข้อมูล job=instant date=20260602, skip
[2026-06-03T04:00:06.703+0000] {era5_functions.py:335} WARNING - CDS ยังไม่มีข้อมูล job=instant date=20260602, skip
[2026-06-03T04:00:06.707+0000] {logging_mixin.py:188} WARNING - 2026-06-03 04:00:06 [INFO] --- job=instant date=20260601 ---
[2026-06-03T04:00:06.707+0000] {era5_functions.py:330} INFO - --- job=instant date=20260601 ---
[2026-06-03T04:00:10.212+0000] {logging_mixin.py:188} WARNING - 2026-06-03 04:00:10 [WARNING] get_cds_count failed: 400 Client Error: Bad Request for url: https://cds.climate.copernicus.eu/api/retrieve/v1/processes/reanalysis-era5-single-levels/execution
invalid request
None of the data you have requested is available yet, please revise the period requested. The latest date available for this dataset is: 2026-05-29 04:00
[2026-06-03T04:00:10.212+0000] {era5_functions.py:131} WARNING - get_cds_count failed: 400 Client Error: Bad Request for url: https://cds.climate.copernicus.eu/api/retrieve/v1/processes/reanalysis-era5-single-levels/execution
invalid request
None of the data you have requested is available yet, please revise the period requested. The latest date available for this dataset is: 2026-05-29 04:00
[2026-06-03T04:00:10.215+0000] {logging_mixin.py:188} WARNING - 2026-06-03 04:00:10 [WARNING] CDS ยังไม่มีข้อมูล job=instant date=20260601, skip
[2026-06-03T04:00:10.215+0000] {era5_functions.py:335} WARNING - CDS ยังไม่มีข้อมูล job=instant date=20260601, skip
[2026-06-03T04:00:10.217+0000] {logging_mixin.py:188} WARNING - 2026-06-03 04:00:10 [INFO] --- job=instant date=20260531 ---
[2026-06-03T04:00:10.217+0000] {era5_functions.py:330} INFO - --- job=instant date=20260531 ---
[2026-06-03T04:00:11.020+0000] {logging_mixin.py:188} WARNING - 2026-06-03 04:00:11 [WARNING] get_cds_count failed: 400 Client Error: Bad Request for url: https://cds.climate.copernicus.eu/api/retrieve/v1/processes/reanalysis-era5-single-levels/execution
invalid request
None of the data you have requested is available yet, please revise the period requested. The latest date available for this dataset is: 2026-05-29 04:00
[2026-06-03T04:00:11.020+0000] {era5_functions.py:131} WARNING - get_cds_count failed: 400 Client Error: Bad Request for url: https://cds.climate.copernicus.eu/api/retrieve/v1/processes/reanalysis-era5-single-levels/execution
invalid request
None of the data you have requested is available yet, please revise the period requested. The latest date available for this dataset is: 2026-05-29 04:00
[2026-06-03T04:00:11.023+0000] {logging_mixin.py:188} WARNING - 2026-06-03 04:00:11 [WARNING] CDS ยังไม่มีข้อมูล job=instant date=20260531, skip
[2026-06-03T04:00:11.023+0000] {era5_functions.py:335} WARNING - CDS ยังไม่มีข้อมูล job=instant date=20260531, skip
[2026-06-03T04:00:11.026+0000] {logging_mixin.py:188} WARNING - 2026-06-03 04:00:11 [INFO] --- job=instant date=20260530 ---
[2026-06-03T04:00:11.025+0000] {era5_functions.py:330} INFO - --- job=instant date=20260530 ---
[2026-06-03T04:00:11.604+0000] {logging_mixin.py:188} WARNING - 2026-06-03 04:00:11 [WARNING] get_cds_count failed: 400 Client Error: Bad Request for url: https://cds.climate.copernicus.eu/api/retrieve/v1/processes/reanalysis-era5-single-levels/execution
invalid request
None of the data you have requested is available yet, please revise the period requested. The latest date available for this dataset is: 2026-05-29 04:00
[2026-06-03T04:00:11.604+0000] {era5_functions.py:131} WARNING - get_cds_count failed: 400 Client Error: Bad Request for url: https://cds.climate.copernicus.eu/api/retrieve/v1/processes/reanalysis-era5-single-levels/execution
invalid request
None of the data you have requested is available yet, please revise the period requested. The latest date available for this dataset is: 2026-05-29 04:00
[2026-06-03T04:00:11.607+0000] {logging_mixin.py:188} WARNING - 2026-06-03 04:00:11 [WARNING] CDS ยังไม่มีข้อมูล job=instant date=20260530, skip
[2026-06-03T04:00:11.607+0000] {era5_functions.py:335} WARNING - CDS ยังไม่มีข้อมูล job=instant date=20260530, skip
[2026-06-03T04:00:11.609+0000] {logging_mixin.py:188} WARNING - 2026-06-03 04:00:11 [INFO] --- job=instant date=20260529 ---
[2026-06-03T04:00:11.609+0000] {era5_functions.py:330} INFO - --- job=instant date=20260529 ---
[2026-06-03T04:00:12.948+0000] {logging_mixin.py:188} WARNING - 2026-06-03 04:00:12,948 INFO [2025-12-11T00:00:00] Please note that a dedicated catalogue entry for this dataset, post-processed and stored in Analysis Ready Cloud Optimized (ARCO) format (Zarr), is available for optimised time-series retrievals (i.e. for retrieving data from selected variables for a single point over an extended period of time in an efficient way). You can discover it [here](https://cds.climate.copernicus.eu/datasets/reanalysis-era5-single-levels-timeseries?tab=overview)
[2026-06-03T04:00:12.948+0000] {legacy_client.py:192} INFO - [2025-12-11T00:00:00] Please note that a dedicated catalogue entry for this dataset, post-processed and stored in Analysis Ready Cloud Optimized (ARCO) format (Zarr), is available for optimised time-series retrievals (i.e. for retrieving data from selected variables for a single point over an extended period of time in an efficient way). You can discover it [here](https://cds.climate.copernicus.eu/datasets/reanalysis-era5-single-levels-timeseries?tab=overview)
[2026-06-03T04:00:12.954+0000] {logging_mixin.py:188} WARNING - 2026-06-03 04:00:12,954 INFO Request ID is 677111a7-2390-4d74-97f5-3bf9ec82e346
[2026-06-03T04:00:12.954+0000] {legacy_client.py:192} INFO - Request ID is 677111a7-2390-4d74-97f5-3bf9ec82e346
[2026-06-03T04:00:13.180+0000] {logging_mixin.py:188} WARNING - 2026-06-03 04:00:13,180 INFO status has been updated to accepted
[2026-06-03T04:00:13.180+0000] {legacy_client.py:192} INFO - status has been updated to accepted
[2026-06-03T04:00:35.895+0000] {logging_mixin.py:188} WARNING - 2026-06-03 04:00:35,894 INFO status has been updated to running
[2026-06-03T04:00:35.894+0000] {legacy_client.py:192} INFO - status has been updated to running
[2026-06-03T04:00:47.512+0000] {logging_mixin.py:188} WARNING - 2026-06-03 04:00:47,512 INFO status has been updated to successful
[2026-06-03T04:00:47.512+0000] {legacy_client.py:192} INFO - status has been updated to successful
[2026-06-03T04:00:47.913+0000] {base.py:119} INFO - Downloading https://object-store.os-api.cci2.ecmwf.int:443/cci2-prod-cache-3/2026-06-03/f53c1c4184e9f82362be8287cc6b6358.nc
[2026-06-03T04:00:48.920+0000] {logging_mixin.py:188} WARNING - f53c1c4184e9f82362be8287cc6b6358.nc:   0%|          | 0.00/616k [00:00<?, ?B/s]
[2026-06-03T04:00:50.904+0000] {logging_mixin.py:188} WARNING - f53c1c4184e9f82362be8287cc6b6358.nc: 100%|##########| 616k/616k [00:01<00:00, 318kB/s]
[2026-06-03T04:00:50.910+0000] {logging_mixin.py:188} WARNING -                                                                                       
[2026-06-03T04:00:51.230+0000] {logging_mixin.py:188} WARNING - 2026-06-03 04:00:51 [INFO] CDS timestep available: 5
[2026-06-03T04:00:51.229+0000] {era5_functions.py:128} INFO - CDS timestep available: 5
[2026-06-03T04:00:51.309+0000] {logging_mixin.py:188} WARNING - 2026-06-03 04:00:51 [INFO] local timestep: 4 — /opt/***/era5/ecmwf/data/nc/_raw/2026/05/29/instant_20260529.nc
[2026-06-03T04:00:51.309+0000] {era5_functions.py:152} INFO - local timestep: 4 — /opt/***/era5/ecmwf/data/nc/_raw/2026/05/29/instant_20260529.nc
[2026-06-03T04:00:51.319+0000] {logging_mixin.py:188} WARNING - 2026-06-03 04:00:51 [INFO] nc outdated (local=4 < cds=5), removing: /opt/***/era5/ecmwf/data/nc/_raw/2026/05/29/instant_20260529.nc
[2026-06-03T04:00:51.319+0000] {era5_functions.py:193} INFO - nc outdated (local=4 < cds=5), removing: /opt/***/era5/ecmwf/data/nc/_raw/2026/05/29/instant_20260529.nc
[2026-06-03T04:00:51.344+0000] {logging_mixin.py:188} WARNING - 2026-06-03 04:00:51 [INFO] download attempt 1/3: /opt/***/era5/ecmwf/data/nc/_raw/2026/05/29/instant_20260529.nc
[2026-06-03T04:00:51.344+0000] {era5_functions.py:200} INFO - download attempt 1/3: /opt/***/era5/ecmwf/data/nc/_raw/2026/05/29/instant_20260529.nc
[2026-06-03T04:00:52.040+0000] {logging_mixin.py:188} WARNING - 2026-06-03 04:00:52,040 INFO [2025-12-11T00:00:00] Please note that a dedicated catalogue entry for this dataset, post-processed and stored in Analysis Ready Cloud Optimized (ARCO) format (Zarr), is available for optimised time-series retrievals (i.e. for retrieving data from selected variables for a single point over an extended period of time in an efficient way). You can discover it [here](https://cds.climate.copernicus.eu/datasets/reanalysis-era5-single-levels-timeseries?tab=overview)
[2026-06-03T04:00:52.040+0000] {legacy_client.py:192} INFO - [2025-12-11T00:00:00] Please note that a dedicated catalogue entry for this dataset, post-processed and stored in Analysis Ready Cloud Optimized (ARCO) format (Zarr), is available for optimised time-series retrievals (i.e. for retrieving data from selected variables for a single point over an extended period of time in an efficient way). You can discover it [here](https://cds.climate.copernicus.eu/datasets/reanalysis-era5-single-levels-timeseries?tab=overview)
[2026-06-03T04:00:52.044+0000] {logging_mixin.py:188} WARNING - 2026-06-03 04:00:52,043 INFO Request ID is 96c8f2c9-2282-40b9-8bc6-b03cf89de147
[2026-06-03T04:00:52.043+0000] {legacy_client.py:192} INFO - Request ID is 96c8f2c9-2282-40b9-8bc6-b03cf89de147
[2026-06-03T04:00:52.261+0000] {logging_mixin.py:188} WARNING - 2026-06-03 04:00:52,261 INFO status has been updated to accepted
[2026-06-03T04:00:52.261+0000] {legacy_client.py:192} INFO - status has been updated to accepted
[2026-06-03T04:01:16.578+0000] {logging_mixin.py:188} WARNING - 2026-06-03 04:01:16,577 INFO status has been updated to running
[2026-06-03T04:01:16.577+0000] {legacy_client.py:192} INFO - status has been updated to running
[2026-06-03T04:01:28.181+0000] {logging_mixin.py:188} WARNING - 2026-06-03 04:01:28,180 INFO status has been updated to successful
[2026-06-03T04:01:28.180+0000] {legacy_client.py:192} INFO - status has been updated to successful
[2026-06-03T04:01:30.452+0000] {base.py:119} INFO - Downloading https://object-store.os-api.cci2.ecmwf.int:443/cci2-prod-cache-2/2026-06-03/ca4b716c257dcd19f46825fb24a6f733.nc
[2026-06-03T04:01:31.520+0000] {logging_mixin.py:188} WARNING - ca4b716c257dcd19f46825fb24a6f733.nc:   0%|          | 0.00/616k [00:00<?, ?B/s]
[2026-06-03T04:01:33.448+0000] {logging_mixin.py:188} WARNING - ca4b716c257dcd19f46825fb24a6f733.nc: 100%|##########| 616k/616k [00:01<00:00, 327kB/s]
[2026-06-03T04:01:33.470+0000] {logging_mixin.py:188} WARNING -                                                                                       
[2026-06-03T04:01:33.593+0000] {logging_mixin.py:188} WARNING - 2026-06-03 04:01:33 [INFO] nc downloaded ok: /opt/***/era5/ecmwf/data/nc/_raw/2026/05/29/instant_20260529.nc
[2026-06-03T04:01:33.593+0000] {era5_functions.py:204} INFO - nc downloaded ok: /opt/***/era5/ecmwf/data/nc/_raw/2026/05/29/instant_20260529.nc
[2026-06-03T04:01:33.671+0000] {logging_mixin.py:188} WARNING - 2026-06-03 04:01:33 [INFO] local timestep: 5 — /opt/***/era5/ecmwf/data/nc/_raw/2026/05/29/instant_20260529.nc
[2026-06-03T04:01:33.671+0000] {era5_functions.py:152} INFO - local timestep: 5 — /opt/***/era5/ecmwf/data/nc/_raw/2026/05/29/instant_20260529.nc
[2026-06-03T04:01:33.775+0000] {logging_mixin.py:188} WARNING - 2026-06-03 04:01:33 [INFO] tif outdated (tif=4 < nc=5), removing: /opt/***/era5/ecmwf/data/tif/2026/05/29/t2m_20260529.tif
[2026-06-03T04:01:33.774+0000] {era5_functions.py:261} INFO - tif outdated (tif=4 < nc=5), removing: /opt/***/era5/ecmwf/data/tif/2026/05/29/t2m_20260529.tif
[2026-06-03T04:01:33.867+0000] {logging_mixin.py:188} WARNING - 2026-06-03 04:01:33 [INFO] tif ok (bands=5): /opt/***/era5/ecmwf/data/tif/2026/05/29/t2m_20260529.tif
[2026-06-03T04:01:33.867+0000] {era5_functions.py:304} INFO - tif ok (bands=5): /opt/***/era5/ecmwf/data/tif/2026/05/29/t2m_20260529.tif
[2026-06-03T04:01:33.885+0000] {logging_mixin.py:188} WARNING - 2026-06-03 04:01:33 [INFO] tif outdated (tif=4 < nc=5), removing: /opt/***/era5/ecmwf/data/tif/2026/05/29/d2m_20260529.tif
[2026-06-03T04:01:33.885+0000] {era5_functions.py:261} INFO - tif outdated (tif=4 < nc=5), removing: /opt/***/era5/ecmwf/data/tif/2026/05/29/d2m_20260529.tif
[2026-06-03T04:01:33.957+0000] {logging_mixin.py:188} WARNING - 2026-06-03 04:01:33 [INFO] tif ok (bands=5): /opt/***/era5/ecmwf/data/tif/2026/05/29/d2m_20260529.tif
[2026-06-03T04:01:33.957+0000] {era5_functions.py:304} INFO - tif ok (bands=5): /opt/***/era5/ecmwf/data/tif/2026/05/29/d2m_20260529.tif
[2026-06-03T04:01:33.972+0000] {logging_mixin.py:188} WARNING - 2026-06-03 04:01:33 [INFO] tif outdated (tif=4 < nc=5), removing: /opt/***/era5/ecmwf/data/tif/2026/05/29/sp_20260529.tif
[2026-06-03T04:01:33.972+0000] {era5_functions.py:261} INFO - tif outdated (tif=4 < nc=5), removing: /opt/***/era5/ecmwf/data/tif/2026/05/29/sp_20260529.tif
[2026-06-03T04:01:34.052+0000] {logging_mixin.py:188} WARNING - 2026-06-03 04:01:34 [INFO] tif ok (bands=5): /opt/***/era5/ecmwf/data/tif/2026/05/29/sp_20260529.tif
[2026-06-03T04:01:34.051+0000] {era5_functions.py:304} INFO - tif ok (bands=5): /opt/***/era5/ecmwf/data/tif/2026/05/29/sp_20260529.tif
[2026-06-03T04:01:34.070+0000] {logging_mixin.py:188} WARNING - 2026-06-03 04:01:34 [INFO] tif outdated (tif=4 < nc=5), removing: /opt/***/era5/ecmwf/data/tif/2026/05/29/blh_20260529.tif
[2026-06-03T04:01:34.069+0000] {era5_functions.py:261} INFO - tif outdated (tif=4 < nc=5), removing: /opt/***/era5/ecmwf/data/tif/2026/05/29/blh_20260529.tif
[2026-06-03T04:01:34.147+0000] {logging_mixin.py:188} WARNING - 2026-06-03 04:01:34 [INFO] tif ok (bands=5): /opt/***/era5/ecmwf/data/tif/2026/05/29/blh_20260529.tif
[2026-06-03T04:01:34.147+0000] {era5_functions.py:304} INFO - tif ok (bands=5): /opt/***/era5/ecmwf/data/tif/2026/05/29/blh_20260529.tif
[2026-06-03T04:01:34.164+0000] {logging_mixin.py:188} WARNING - 2026-06-03 04:01:34 [INFO] tif outdated (tif=4 < nc=5), removing: /opt/***/era5/ecmwf/data/tif/2026/05/29/u10_20260529.tif
[2026-06-03T04:01:34.164+0000] {era5_functions.py:261} INFO - tif outdated (tif=4 < nc=5), removing: /opt/***/era5/ecmwf/data/tif/2026/05/29/u10_20260529.tif
[2026-06-03T04:01:34.237+0000] {logging_mixin.py:188} WARNING - 2026-06-03 04:01:34 [INFO] tif ok (bands=5): /opt/***/era5/ecmwf/data/tif/2026/05/29/u10_20260529.tif
[2026-06-03T04:01:34.237+0000] {era5_functions.py:304} INFO - tif ok (bands=5): /opt/***/era5/ecmwf/data/tif/2026/05/29/u10_20260529.tif
[2026-06-03T04:01:34.253+0000] {logging_mixin.py:188} WARNING - 2026-06-03 04:01:34 [INFO] tif outdated (tif=4 < nc=5), removing: /opt/***/era5/ecmwf/data/tif/2026/05/29/v10_20260529.tif
[2026-06-03T04:01:34.253+0000] {era5_functions.py:261} INFO - tif outdated (tif=4 < nc=5), removing: /opt/***/era5/ecmwf/data/tif/2026/05/29/v10_20260529.tif
[2026-06-03T04:01:34.345+0000] {logging_mixin.py:188} WARNING - 2026-06-03 04:01:34 [INFO] tif ok (bands=5): /opt/***/era5/ecmwf/data/tif/2026/05/29/v10_20260529.tif
[2026-06-03T04:01:34.345+0000] {era5_functions.py:304} INFO - tif ok (bands=5): /opt/***/era5/ecmwf/data/tif/2026/05/29/v10_20260529.tif
[2026-06-03T04:01:34.351+0000] {logging_mixin.py:188} WARNING - 2026-06-03 04:01:34 [INFO] === END job=instant date=2026-06-03 ===
[2026-06-03T04:01:34.351+0000] {era5_functions.py:379} INFO - === END job=instant date=2026-06-03 ===
[2026-06-03T04:01:34.353+0000] {python.py:237} INFO - Done. Returned value was: None
[2026-06-03T04:01:34.354+0000] {taskinstance.py:441} INFO - ::group::Post task execution logs
[2026-06-03T04:01:34.369+0000] {taskinstance.py:1206} INFO - Marking task as SUCCESS. dag_id=era5_download_pipeline, task_id=era5_instant, run_id=scheduled__2026-06-03T03:00:00+00:00, execution_date=20260603T030000, start_date=20260603T040002, end_date=20260603T040134
[2026-06-03T04:01:34.429+0000] {local_task_job_runner.py:240} INFO - Task exited with return code 0
[2026-06-03T04:01:34.459+0000] {taskinstance.py:3498} INFO - 1 downstream tasks scheduled from follow-on schedule check
[2026-06-03T04:01:34.462+0000] {local_task_job_runner.py:222} INFO - ::endgroup::
