[2026-06-06T15:00:02.203+0000] {local_task_job_runner.py:120} INFO - ::group::Pre task execution logs
[2026-06-06T15:00:02.228+0000] {taskinstance.py:2076} INFO - Dependencies all met for dep_context=non-requeueable deps ti=<TaskInstance: era5_download_pipeline.era5_instant scheduled__2026-06-06T14:00:00+00:00 [queued]>
[2026-06-06T15:00:02.238+0000] {taskinstance.py:2076} INFO - Dependencies all met for dep_context=requeueable deps ti=<TaskInstance: era5_download_pipeline.era5_instant scheduled__2026-06-06T14:00:00+00:00 [queued]>
[2026-06-06T15:00:02.240+0000] {taskinstance.py:2306} INFO - Starting attempt 1 of 1
[2026-06-06T15:00:02.257+0000] {taskinstance.py:2330} INFO - Executing <Task(PythonOperator): era5_instant> on 2026-06-06 14:00:00+00:00
[2026-06-06T15:00:02.274+0000] {warnings.py:110} WARNING - /home/***/.local/lib/python3.12/site-packages/***/task/task_runner/standard_task_runner.py:61: DeprecationWarning: This process (pid=80578) is multi-threaded, use of fork() may lead to deadlocks in the child.
  pid = os.fork()

[2026-06-06T15:00:02.274+0000] {standard_task_runner.py:90} INFO - Running: ['***', 'tasks', 'run', 'era5_download_pipeline', 'era5_instant', 'scheduled__2026-06-06T14:00:00+00:00', '--job-id', '1065', '--raw', '--subdir', 'DAGS_FOLDER/era5_dag.py', '--cfg-path', '/tmp/tmpxs30afn9']
[2026-06-06T15:00:02.278+0000] {standard_task_runner.py:63} INFO - Started process 80582 to run task
[2026-06-06T15:00:02.279+0000] {standard_task_runner.py:91} INFO - Job 1065: Subtask era5_instant
[2026-06-06T15:00:02.375+0000] {task_command.py:426} INFO - Running <TaskInstance: era5_download_pipeline.era5_instant scheduled__2026-06-06T14:00:00+00:00 [running]> on host 01cd476fb21a
[2026-06-06T15:00:02.497+0000] {taskinstance.py:2648} INFO - Exporting env vars: AIRFLOW_CTX_DAG_OWNER='era5' AIRFLOW_CTX_DAG_ID='era5_download_pipeline' AIRFLOW_CTX_TASK_ID='era5_instant' AIRFLOW_CTX_EXECUTION_DATE='2026-06-06T14:00:00+00:00' AIRFLOW_CTX_TRY_NUMBER='1' AIRFLOW_CTX_DAG_RUN_ID='scheduled__2026-06-06T14:00:00+00:00'
[2026-06-06T15:00:02.499+0000] {taskinstance.py:430} INFO - ::endgroup::
[2026-06-06T15:00:03.568+0000] {logging_mixin.py:188} WARNING - 2026-06-06 15:00:03 [INFO] === START job=instant date=2026-06-06 ===
[2026-06-06T15:00:03.568+0000] {era5_functions.py:368} INFO - === START job=instant date=2026-06-06 ===
[2026-06-06T15:00:03.570+0000] {logging_mixin.py:188} WARNING - 2026-06-06 15:00:03 [INFO] --- job=instant date=20260606 ---
[2026-06-06T15:00:03.570+0000] {era5_functions.py:330} INFO - --- job=instant date=20260606 ---
[2026-06-06T15:00:04.153+0000] {logging_mixin.py:188} WARNING - 2026-06-06 15:00:04 [WARNING] get_cds_count failed: 400 Client Error: Bad Request for url: https://cds.climate.copernicus.eu/api/retrieve/v1/processes/reanalysis-era5-single-levels/execution
invalid request
None of the data you have requested is available yet, please revise the period requested. The latest date available for this dataset is: 2026-06-01 15:00
[2026-06-06T15:00:04.153+0000] {era5_functions.py:131} WARNING - get_cds_count failed: 400 Client Error: Bad Request for url: https://cds.climate.copernicus.eu/api/retrieve/v1/processes/reanalysis-era5-single-levels/execution
invalid request
None of the data you have requested is available yet, please revise the period requested. The latest date available for this dataset is: 2026-06-01 15:00
[2026-06-06T15:00:04.158+0000] {logging_mixin.py:188} WARNING - 2026-06-06 15:00:04 [WARNING] CDS ยังไม่มีข้อมูล job=instant date=20260606, skip
[2026-06-06T15:00:04.158+0000] {era5_functions.py:335} WARNING - CDS ยังไม่มีข้อมูล job=instant date=20260606, skip
[2026-06-06T15:00:04.162+0000] {logging_mixin.py:188} WARNING - 2026-06-06 15:00:04 [INFO] --- job=instant date=20260605 ---
[2026-06-06T15:00:04.161+0000] {era5_functions.py:330} INFO - --- job=instant date=20260605 ---
[2026-06-06T15:00:05.785+0000] {logging_mixin.py:188} WARNING - 2026-06-06 15:00:05 [WARNING] get_cds_count failed: 400 Client Error: Bad Request for url: https://cds.climate.copernicus.eu/api/retrieve/v1/processes/reanalysis-era5-single-levels/execution
invalid request
None of the data you have requested is available yet, please revise the period requested. The latest date available for this dataset is: 2026-06-01 15:00
[2026-06-06T15:00:05.785+0000] {era5_functions.py:131} WARNING - get_cds_count failed: 400 Client Error: Bad Request for url: https://cds.climate.copernicus.eu/api/retrieve/v1/processes/reanalysis-era5-single-levels/execution
invalid request
None of the data you have requested is available yet, please revise the period requested. The latest date available for this dataset is: 2026-06-01 15:00
[2026-06-06T15:00:05.789+0000] {logging_mixin.py:188} WARNING - 2026-06-06 15:00:05 [WARNING] CDS ยังไม่มีข้อมูล job=instant date=20260605, skip
[2026-06-06T15:00:05.789+0000] {era5_functions.py:335} WARNING - CDS ยังไม่มีข้อมูล job=instant date=20260605, skip
[2026-06-06T15:00:05.791+0000] {logging_mixin.py:188} WARNING - 2026-06-06 15:00:05 [INFO] --- job=instant date=20260604 ---
[2026-06-06T15:00:05.791+0000] {era5_functions.py:330} INFO - --- job=instant date=20260604 ---
[2026-06-06T15:00:08.057+0000] {logging_mixin.py:188} WARNING - 2026-06-06 15:00:08 [WARNING] get_cds_count failed: 400 Client Error: Bad Request for url: https://cds.climate.copernicus.eu/api/retrieve/v1/processes/reanalysis-era5-single-levels/execution
invalid request
None of the data you have requested is available yet, please revise the period requested. The latest date available for this dataset is: 2026-06-01 15:00
[2026-06-06T15:00:08.057+0000] {era5_functions.py:131} WARNING - get_cds_count failed: 400 Client Error: Bad Request for url: https://cds.climate.copernicus.eu/api/retrieve/v1/processes/reanalysis-era5-single-levels/execution
invalid request
None of the data you have requested is available yet, please revise the period requested. The latest date available for this dataset is: 2026-06-01 15:00
[2026-06-06T15:00:08.061+0000] {logging_mixin.py:188} WARNING - 2026-06-06 15:00:08 [WARNING] CDS ยังไม่มีข้อมูล job=instant date=20260604, skip
[2026-06-06T15:00:08.061+0000] {era5_functions.py:335} WARNING - CDS ยังไม่มีข้อมูล job=instant date=20260604, skip
[2026-06-06T15:00:08.065+0000] {logging_mixin.py:188} WARNING - 2026-06-06 15:00:08 [INFO] --- job=instant date=20260603 ---
[2026-06-06T15:00:08.064+0000] {era5_functions.py:330} INFO - --- job=instant date=20260603 ---
[2026-06-06T15:00:08.648+0000] {logging_mixin.py:188} WARNING - 2026-06-06 15:00:08 [WARNING] get_cds_count failed: 400 Client Error: Bad Request for url: https://cds.climate.copernicus.eu/api/retrieve/v1/processes/reanalysis-era5-single-levels/execution
invalid request
None of the data you have requested is available yet, please revise the period requested. The latest date available for this dataset is: 2026-06-01 15:00
[2026-06-06T15:00:08.648+0000] {era5_functions.py:131} WARNING - get_cds_count failed: 400 Client Error: Bad Request for url: https://cds.climate.copernicus.eu/api/retrieve/v1/processes/reanalysis-era5-single-levels/execution
invalid request
None of the data you have requested is available yet, please revise the period requested. The latest date available for this dataset is: 2026-06-01 15:00
[2026-06-06T15:00:08.652+0000] {logging_mixin.py:188} WARNING - 2026-06-06 15:00:08 [WARNING] CDS ยังไม่มีข้อมูล job=instant date=20260603, skip
[2026-06-06T15:00:08.652+0000] {era5_functions.py:335} WARNING - CDS ยังไม่มีข้อมูล job=instant date=20260603, skip
[2026-06-06T15:00:08.654+0000] {logging_mixin.py:188} WARNING - 2026-06-06 15:00:08 [INFO] --- job=instant date=20260602 ---
[2026-06-06T15:00:08.654+0000] {era5_functions.py:330} INFO - --- job=instant date=20260602 ---
[2026-06-06T15:00:09.137+0000] {logging_mixin.py:188} WARNING - 2026-06-06 15:00:09 [WARNING] get_cds_count failed: 400 Client Error: Bad Request for url: https://cds.climate.copernicus.eu/api/retrieve/v1/processes/reanalysis-era5-single-levels/execution
invalid request
None of the data you have requested is available yet, please revise the period requested. The latest date available for this dataset is: 2026-06-01 15:00
[2026-06-06T15:00:09.136+0000] {era5_functions.py:131} WARNING - get_cds_count failed: 400 Client Error: Bad Request for url: https://cds.climate.copernicus.eu/api/retrieve/v1/processes/reanalysis-era5-single-levels/execution
invalid request
None of the data you have requested is available yet, please revise the period requested. The latest date available for this dataset is: 2026-06-01 15:00
[2026-06-06T15:00:09.143+0000] {logging_mixin.py:188} WARNING - 2026-06-06 15:00:09 [WARNING] CDS ยังไม่มีข้อมูล job=instant date=20260602, skip
[2026-06-06T15:00:09.143+0000] {era5_functions.py:335} WARNING - CDS ยังไม่มีข้อมูล job=instant date=20260602, skip
[2026-06-06T15:00:09.148+0000] {logging_mixin.py:188} WARNING - 2026-06-06 15:00:09 [INFO] --- job=instant date=20260601 ---
[2026-06-06T15:00:09.148+0000] {era5_functions.py:330} INFO - --- job=instant date=20260601 ---
[2026-06-06T15:00:09.791+0000] {logging_mixin.py:188} WARNING - 2026-06-06 15:00:09,791 INFO [2025-12-11T00:00:00] Please note that a dedicated catalogue entry for this dataset, post-processed and stored in Analysis Ready Cloud Optimized (ARCO) format (Zarr), is available for optimised time-series retrievals (i.e. for retrieving data from selected variables for a single point over an extended period of time in an efficient way). You can discover it [here](https://cds.climate.copernicus.eu/datasets/reanalysis-era5-single-levels-timeseries?tab=overview)
[2026-06-06T15:00:09.791+0000] {legacy_client.py:192} INFO - [2025-12-11T00:00:00] Please note that a dedicated catalogue entry for this dataset, post-processed and stored in Analysis Ready Cloud Optimized (ARCO) format (Zarr), is available for optimised time-series retrievals (i.e. for retrieving data from selected variables for a single point over an extended period of time in an efficient way). You can discover it [here](https://cds.climate.copernicus.eu/datasets/reanalysis-era5-single-levels-timeseries?tab=overview)
[2026-06-06T15:00:09.794+0000] {logging_mixin.py:188} WARNING - 2026-06-06 15:00:09,794 INFO Request ID is 3629afbe-9fa6-4e43-a151-a08b914aa572
[2026-06-06T15:00:09.794+0000] {legacy_client.py:192} INFO - Request ID is 3629afbe-9fa6-4e43-a151-a08b914aa572
[2026-06-06T15:00:10.017+0000] {logging_mixin.py:188} WARNING - 2026-06-06 15:00:10,017 INFO status has been updated to accepted
[2026-06-06T15:00:10.017+0000] {legacy_client.py:192} INFO - status has been updated to accepted
[2026-06-06T15:00:24.284+0000] {logging_mixin.py:188} WARNING - 2026-06-06 15:00:24,283 INFO status has been updated to running
[2026-06-06T15:00:24.283+0000] {legacy_client.py:192} INFO - status has been updated to running
[2026-06-06T15:00:43.693+0000] {logging_mixin.py:188} WARNING - 2026-06-06 15:00:43,693 INFO status has been updated to successful
[2026-06-06T15:00:43.693+0000] {legacy_client.py:192} INFO - status has been updated to successful
[2026-06-06T15:00:44.103+0000] {base.py:119} INFO - Downloading https://object-store.os-api.cci2.ecmwf.int:443/cci2-prod-cache-3/2026-06-06/2895ba7bb2d25020bcbb80e222be299e.nc
[2026-06-06T15:00:44.810+0000] {logging_mixin.py:188} WARNING - 2895ba7bb2d25020bcbb80e222be299e.nc:   0%|          | 0.00/1.73M [00:00<?, ?B/s]
[2026-06-06T15:00:46.574+0000] {logging_mixin.py:188} WARNING - 2895ba7bb2d25020bcbb80e222be299e.nc:  58%|#####7    | 1.00M/1.73M [00:01<00:01, 595kB/s]
[2026-06-06T15:00:47.720+0000] {logging_mixin.py:188} WARNING - 2895ba7bb2d25020bcbb80e222be299e.nc: 100%|##########| 1.73M/1.73M [00:02<00:00, 631kB/s]
[2026-06-06T15:00:47.723+0000] {logging_mixin.py:188} WARNING -                                                                                         
[2026-06-06T15:00:48.016+0000] {logging_mixin.py:188} WARNING - 2026-06-06 15:00:48 [INFO] CDS timestep available: 16
[2026-06-06T15:00:48.016+0000] {era5_functions.py:128} INFO - CDS timestep available: 16
[2026-06-06T15:00:48.104+0000] {logging_mixin.py:188} WARNING - 2026-06-06 15:00:48 [INFO] local timestep: 15 — /opt/***/era5/ecmwf/data/nc/_raw/2026/06/01/instant_20260601.nc
[2026-06-06T15:00:48.104+0000] {era5_functions.py:152} INFO - local timestep: 15 — /opt/***/era5/ecmwf/data/nc/_raw/2026/06/01/instant_20260601.nc
[2026-06-06T15:00:48.112+0000] {logging_mixin.py:188} WARNING - 2026-06-06 15:00:48 [INFO] nc outdated (local=15 < cds=16), removing: /opt/***/era5/ecmwf/data/nc/_raw/2026/06/01/instant_20260601.nc
[2026-06-06T15:00:48.111+0000] {era5_functions.py:193} INFO - nc outdated (local=15 < cds=16), removing: /opt/***/era5/ecmwf/data/nc/_raw/2026/06/01/instant_20260601.nc
[2026-06-06T15:00:48.131+0000] {logging_mixin.py:188} WARNING - 2026-06-06 15:00:48 [INFO] download attempt 1/3: /opt/***/era5/ecmwf/data/nc/_raw/2026/06/01/instant_20260601.nc
[2026-06-06T15:00:48.131+0000] {era5_functions.py:200} INFO - download attempt 1/3: /opt/***/era5/ecmwf/data/nc/_raw/2026/06/01/instant_20260601.nc
[2026-06-06T15:00:49.128+0000] {logging_mixin.py:188} WARNING - 2026-06-06 15:00:49,128 INFO [2025-12-11T00:00:00] Please note that a dedicated catalogue entry for this dataset, post-processed and stored in Analysis Ready Cloud Optimized (ARCO) format (Zarr), is available for optimised time-series retrievals (i.e. for retrieving data from selected variables for a single point over an extended period of time in an efficient way). You can discover it [here](https://cds.climate.copernicus.eu/datasets/reanalysis-era5-single-levels-timeseries?tab=overview)
[2026-06-06T15:00:49.128+0000] {legacy_client.py:192} INFO - [2025-12-11T00:00:00] Please note that a dedicated catalogue entry for this dataset, post-processed and stored in Analysis Ready Cloud Optimized (ARCO) format (Zarr), is available for optimised time-series retrievals (i.e. for retrieving data from selected variables for a single point over an extended period of time in an efficient way). You can discover it [here](https://cds.climate.copernicus.eu/datasets/reanalysis-era5-single-levels-timeseries?tab=overview)
[2026-06-06T15:00:49.133+0000] {logging_mixin.py:188} WARNING - 2026-06-06 15:00:49,133 INFO Request ID is 9fa53dd1-94ea-4d36-a420-aac82e25f9f4
[2026-06-06T15:00:49.133+0000] {legacy_client.py:192} INFO - Request ID is 9fa53dd1-94ea-4d36-a420-aac82e25f9f4
[2026-06-06T15:00:49.351+0000] {logging_mixin.py:188} WARNING - 2026-06-06 15:00:49,350 INFO status has been updated to accepted
[2026-06-06T15:00:49.350+0000] {legacy_client.py:192} INFO - status has been updated to accepted
[2026-06-06T15:01:12.185+0000] {logging_mixin.py:188} WARNING - 2026-06-06 15:01:12,184 INFO status has been updated to successful
[2026-06-06T15:01:12.184+0000] {legacy_client.py:192} INFO - status has been updated to successful
[2026-06-06T15:01:12.662+0000] {base.py:119} INFO - Downloading https://object-store.os-api.cci2.ecmwf.int:443/cci2-prod-cache-1/2026-06-06/7064e8db31a6ca5807d1078c185493d6.nc
[2026-06-06T15:01:13.621+0000] {logging_mixin.py:188} WARNING - 7064e8db31a6ca5807d1078c185493d6.nc:   0%|          | 0.00/1.73M [00:00<?, ?B/s]
[2026-06-06T15:01:15.398+0000] {logging_mixin.py:188} WARNING - 7064e8db31a6ca5807d1078c185493d6.nc:  58%|#####7    | 1.00M/1.73M [00:01<00:01, 591kB/s]
[2026-06-06T15:01:16.705+0000] {logging_mixin.py:188} WARNING - 7064e8db31a6ca5807d1078c185493d6.nc: 100%|##########| 1.73M/1.73M [00:03<00:00, 589kB/s]
[2026-06-06T15:01:16.722+0000] {logging_mixin.py:188} WARNING -                                                                                         
[2026-06-06T15:01:16.860+0000] {logging_mixin.py:188} WARNING - 2026-06-06 15:01:16 [INFO] nc downloaded ok: /opt/***/era5/ecmwf/data/nc/_raw/2026/06/01/instant_20260601.nc
[2026-06-06T15:01:16.860+0000] {era5_functions.py:204} INFO - nc downloaded ok: /opt/***/era5/ecmwf/data/nc/_raw/2026/06/01/instant_20260601.nc
[2026-06-06T15:01:16.943+0000] {logging_mixin.py:188} WARNING - 2026-06-06 15:01:16 [INFO] local timestep: 16 — /opt/***/era5/ecmwf/data/nc/_raw/2026/06/01/instant_20260601.nc
[2026-06-06T15:01:16.942+0000] {era5_functions.py:152} INFO - local timestep: 16 — /opt/***/era5/ecmwf/data/nc/_raw/2026/06/01/instant_20260601.nc
[2026-06-06T15:01:17.042+0000] {logging_mixin.py:188} WARNING - 2026-06-06 15:01:17 [INFO] tif outdated (tif=15 < nc=16), removing: /opt/***/era5/ecmwf/data/tif/2026/06/01/t2m_20260601.tif
[2026-06-06T15:01:17.042+0000] {era5_functions.py:261} INFO - tif outdated (tif=15 < nc=16), removing: /opt/***/era5/ecmwf/data/tif/2026/06/01/t2m_20260601.tif
[2026-06-06T15:01:17.162+0000] {logging_mixin.py:188} WARNING - 2026-06-06 15:01:17 [INFO] tif ok (bands=16): /opt/***/era5/ecmwf/data/tif/2026/06/01/t2m_20260601.tif
[2026-06-06T15:01:17.161+0000] {era5_functions.py:304} INFO - tif ok (bands=16): /opt/***/era5/ecmwf/data/tif/2026/06/01/t2m_20260601.tif
[2026-06-06T15:01:17.179+0000] {logging_mixin.py:188} WARNING - 2026-06-06 15:01:17 [INFO] tif outdated (tif=15 < nc=16), removing: /opt/***/era5/ecmwf/data/tif/2026/06/01/d2m_20260601.tif
[2026-06-06T15:01:17.179+0000] {era5_functions.py:261} INFO - tif outdated (tif=15 < nc=16), removing: /opt/***/era5/ecmwf/data/tif/2026/06/01/d2m_20260601.tif
[2026-06-06T15:01:17.277+0000] {logging_mixin.py:188} WARNING - 2026-06-06 15:01:17 [INFO] tif ok (bands=16): /opt/***/era5/ecmwf/data/tif/2026/06/01/d2m_20260601.tif
[2026-06-06T15:01:17.277+0000] {era5_functions.py:304} INFO - tif ok (bands=16): /opt/***/era5/ecmwf/data/tif/2026/06/01/d2m_20260601.tif
[2026-06-06T15:01:17.301+0000] {logging_mixin.py:188} WARNING - 2026-06-06 15:01:17 [INFO] tif outdated (tif=15 < nc=16), removing: /opt/***/era5/ecmwf/data/tif/2026/06/01/sp_20260601.tif
[2026-06-06T15:01:17.301+0000] {era5_functions.py:261} INFO - tif outdated (tif=15 < nc=16), removing: /opt/***/era5/ecmwf/data/tif/2026/06/01/sp_20260601.tif
[2026-06-06T15:01:17.427+0000] {logging_mixin.py:188} WARNING - 2026-06-06 15:01:17 [INFO] tif ok (bands=16): /opt/***/era5/ecmwf/data/tif/2026/06/01/sp_20260601.tif
[2026-06-06T15:01:17.427+0000] {era5_functions.py:304} INFO - tif ok (bands=16): /opt/***/era5/ecmwf/data/tif/2026/06/01/sp_20260601.tif
[2026-06-06T15:01:17.449+0000] {logging_mixin.py:188} WARNING - 2026-06-06 15:01:17 [INFO] tif outdated (tif=15 < nc=16), removing: /opt/***/era5/ecmwf/data/tif/2026/06/01/blh_20260601.tif
[2026-06-06T15:01:17.449+0000] {era5_functions.py:261} INFO - tif outdated (tif=15 < nc=16), removing: /opt/***/era5/ecmwf/data/tif/2026/06/01/blh_20260601.tif
[2026-06-06T15:01:17.560+0000] {logging_mixin.py:188} WARNING - 2026-06-06 15:01:17 [INFO] tif ok (bands=16): /opt/***/era5/ecmwf/data/tif/2026/06/01/blh_20260601.tif
[2026-06-06T15:01:17.559+0000] {era5_functions.py:304} INFO - tif ok (bands=16): /opt/***/era5/ecmwf/data/tif/2026/06/01/blh_20260601.tif
[2026-06-06T15:01:17.590+0000] {logging_mixin.py:188} WARNING - 2026-06-06 15:01:17 [INFO] tif outdated (tif=15 < nc=16), removing: /opt/***/era5/ecmwf/data/tif/2026/06/01/u10_20260601.tif
[2026-06-06T15:01:17.589+0000] {era5_functions.py:261} INFO - tif outdated (tif=15 < nc=16), removing: /opt/***/era5/ecmwf/data/tif/2026/06/01/u10_20260601.tif
[2026-06-06T15:01:17.701+0000] {logging_mixin.py:188} WARNING - 2026-06-06 15:01:17 [INFO] tif ok (bands=16): /opt/***/era5/ecmwf/data/tif/2026/06/01/u10_20260601.tif
[2026-06-06T15:01:17.701+0000] {era5_functions.py:304} INFO - tif ok (bands=16): /opt/***/era5/ecmwf/data/tif/2026/06/01/u10_20260601.tif
[2026-06-06T15:01:17.728+0000] {logging_mixin.py:188} WARNING - 2026-06-06 15:01:17 [INFO] tif outdated (tif=15 < nc=16), removing: /opt/***/era5/ecmwf/data/tif/2026/06/01/v10_20260601.tif
[2026-06-06T15:01:17.728+0000] {era5_functions.py:261} INFO - tif outdated (tif=15 < nc=16), removing: /opt/***/era5/ecmwf/data/tif/2026/06/01/v10_20260601.tif
[2026-06-06T15:01:17.832+0000] {logging_mixin.py:188} WARNING - 2026-06-06 15:01:17 [INFO] tif ok (bands=16): /opt/***/era5/ecmwf/data/tif/2026/06/01/v10_20260601.tif
[2026-06-06T15:01:17.832+0000] {era5_functions.py:304} INFO - tif ok (bands=16): /opt/***/era5/ecmwf/data/tif/2026/06/01/v10_20260601.tif
[2026-06-06T15:01:17.838+0000] {logging_mixin.py:188} WARNING - 2026-06-06 15:01:17 [INFO] === END job=instant date=2026-06-06 ===
[2026-06-06T15:01:17.838+0000] {era5_functions.py:379} INFO - === END job=instant date=2026-06-06 ===
[2026-06-06T15:01:17.839+0000] {python.py:237} INFO - Done. Returned value was: None
[2026-06-06T15:01:17.840+0000] {taskinstance.py:441} INFO - ::group::Post task execution logs
[2026-06-06T15:01:17.853+0000] {taskinstance.py:1206} INFO - Marking task as SUCCESS. dag_id=era5_download_pipeline, task_id=era5_instant, run_id=scheduled__2026-06-06T14:00:00+00:00, execution_date=20260606T140000, start_date=20260606T150002, end_date=20260606T150117
[2026-06-06T15:01:17.937+0000] {local_task_job_runner.py:240} INFO - Task exited with return code 0
[2026-06-06T15:01:17.967+0000] {taskinstance.py:3498} INFO - 1 downstream tasks scheduled from follow-on schedule check
[2026-06-06T15:01:17.971+0000] {local_task_job_runner.py:222} INFO - ::endgroup::
