[2026-06-05T16:00:16.782+0000] {local_task_job_runner.py:120} INFO - ::group::Pre task execution logs
[2026-06-05T16:00:16.806+0000] {taskinstance.py:2076} INFO - Dependencies all met for dep_context=non-requeueable deps ti=<TaskInstance: era5_download_pipeline.era5_accum scheduled__2026-06-05T15:00:00+00:00 [queued]>
[2026-06-05T16:00:16.820+0000] {taskinstance.py:2076} INFO - Dependencies all met for dep_context=requeueable deps ti=<TaskInstance: era5_download_pipeline.era5_accum scheduled__2026-06-05T15:00:00+00:00 [queued]>
[2026-06-05T16:00:16.822+0000] {taskinstance.py:2306} INFO - Starting attempt 1 of 1
[2026-06-05T16:00:16.837+0000] {taskinstance.py:2330} INFO - Executing <Task(PythonOperator): era5_accum> on 2026-06-05 15:00:00+00:00
[2026-06-05T16:00:16.852+0000] {warnings.py:110} WARNING - /home/***/.local/lib/python3.12/site-packages/***/task/task_runner/standard_task_runner.py:61: DeprecationWarning: This process (pid=62849) is multi-threaded, use of fork() may lead to deadlocks in the child.
  pid = os.fork()

[2026-06-05T16:00:16.856+0000] {standard_task_runner.py:63} INFO - Started process 62851 to run task
[2026-06-05T16:00:16.855+0000] {standard_task_runner.py:90} INFO - Running: ['***', 'tasks', 'run', 'era5_download_pipeline', 'era5_accum', 'scheduled__2026-06-05T15:00:00+00:00', '--job-id', '996', '--raw', '--subdir', 'DAGS_FOLDER/era5_dag.py', '--cfg-path', '/tmp/tmp19vj1wsh']
[2026-06-05T16:00:16.858+0000] {standard_task_runner.py:91} INFO - Job 996: Subtask era5_accum
[2026-06-05T16:00:16.937+0000] {task_command.py:426} INFO - Running <TaskInstance: era5_download_pipeline.era5_accum scheduled__2026-06-05T15:00:00+00:00 [running]> on host 01cd476fb21a
[2026-06-05T16:00:17.079+0000] {taskinstance.py:2648} INFO - Exporting env vars: AIRFLOW_CTX_DAG_OWNER='era5' AIRFLOW_CTX_DAG_ID='era5_download_pipeline' AIRFLOW_CTX_TASK_ID='era5_accum' AIRFLOW_CTX_EXECUTION_DATE='2026-06-05T15:00:00+00:00' AIRFLOW_CTX_TRY_NUMBER='1' AIRFLOW_CTX_DAG_RUN_ID='scheduled__2026-06-05T15:00:00+00:00'
[2026-06-05T16:00:17.081+0000] {taskinstance.py:430} INFO - ::endgroup::
[2026-06-05T16:00:18.577+0000] {logging_mixin.py:188} WARNING - 2026-06-05 16:00:18 [INFO] === START job=accum date=2026-06-05 ===
[2026-06-05T16:00:18.576+0000] {era5_functions.py:368} INFO - === START job=accum date=2026-06-05 ===
[2026-06-05T16:00:18.579+0000] {logging_mixin.py:188} WARNING - 2026-06-05 16:00:18 [INFO] --- job=accum date=20260605 ---
[2026-06-05T16:00:18.579+0000] {era5_functions.py:330} INFO - --- job=accum date=20260605 ---
[2026-06-05T16:00:19.295+0000] {logging_mixin.py:188} WARNING - 2026-06-05 16:00:19 [WARNING] get_cds_count failed: 400 Client Error: Bad Request for url: https://cds.climate.copernicus.eu/api/retrieve/v1/processes/reanalysis-era5-single-levels/execution
invalid request
None of the data you have requested is available yet, please revise the period requested. The latest date available for this dataset is: 2026-05-31 16:00
[2026-06-05T16:00:19.295+0000] {era5_functions.py:131} WARNING - get_cds_count failed: 400 Client Error: Bad Request for url: https://cds.climate.copernicus.eu/api/retrieve/v1/processes/reanalysis-era5-single-levels/execution
invalid request
None of the data you have requested is available yet, please revise the period requested. The latest date available for this dataset is: 2026-05-31 16:00
[2026-06-05T16:00:19.299+0000] {logging_mixin.py:188} WARNING - 2026-06-05 16:00:19 [WARNING] CDS ยังไม่มีข้อมูล job=accum date=20260605, skip
[2026-06-05T16:00:19.299+0000] {era5_functions.py:335} WARNING - CDS ยังไม่มีข้อมูล job=accum date=20260605, skip
[2026-06-05T16:00:19.302+0000] {logging_mixin.py:188} WARNING - 2026-06-05 16:00:19 [INFO] --- job=accum date=20260604 ---
[2026-06-05T16:00:19.302+0000] {era5_functions.py:330} INFO - --- job=accum date=20260604 ---
[2026-06-05T16:00:21.719+0000] {logging_mixin.py:188} WARNING - 2026-06-05 16:00:21 [WARNING] get_cds_count failed: 400 Client Error: Bad Request for url: https://cds.climate.copernicus.eu/api/retrieve/v1/processes/reanalysis-era5-single-levels/execution
invalid request
None of the data you have requested is available yet, please revise the period requested. The latest date available for this dataset is: 2026-05-31 16:00
[2026-06-05T16:00:21.718+0000] {era5_functions.py:131} WARNING - get_cds_count failed: 400 Client Error: Bad Request for url: https://cds.climate.copernicus.eu/api/retrieve/v1/processes/reanalysis-era5-single-levels/execution
invalid request
None of the data you have requested is available yet, please revise the period requested. The latest date available for this dataset is: 2026-05-31 16:00
[2026-06-05T16:00:21.724+0000] {logging_mixin.py:188} WARNING - 2026-06-05 16:00:21 [WARNING] CDS ยังไม่มีข้อมูล job=accum date=20260604, skip
[2026-06-05T16:00:21.724+0000] {era5_functions.py:335} WARNING - CDS ยังไม่มีข้อมูล job=accum date=20260604, skip
[2026-06-05T16:00:21.728+0000] {logging_mixin.py:188} WARNING - 2026-06-05 16:00:21 [INFO] --- job=accum date=20260603 ---
[2026-06-05T16:00:21.728+0000] {era5_functions.py:330} INFO - --- job=accum date=20260603 ---
[2026-06-05T16:00:22.306+0000] {logging_mixin.py:188} WARNING - 2026-06-05 16:00:22 [WARNING] get_cds_count failed: 400 Client Error: Bad Request for url: https://cds.climate.copernicus.eu/api/retrieve/v1/processes/reanalysis-era5-single-levels/execution
invalid request
None of the data you have requested is available yet, please revise the period requested. The latest date available for this dataset is: 2026-05-31 16:00
[2026-06-05T16:00:22.306+0000] {era5_functions.py:131} WARNING - get_cds_count failed: 400 Client Error: Bad Request for url: https://cds.climate.copernicus.eu/api/retrieve/v1/processes/reanalysis-era5-single-levels/execution
invalid request
None of the data you have requested is available yet, please revise the period requested. The latest date available for this dataset is: 2026-05-31 16:00
[2026-06-05T16:00:22.311+0000] {logging_mixin.py:188} WARNING - 2026-06-05 16:00:22 [WARNING] CDS ยังไม่มีข้อมูล job=accum date=20260603, skip
[2026-06-05T16:00:22.310+0000] {era5_functions.py:335} WARNING - CDS ยังไม่มีข้อมูล job=accum date=20260603, skip
[2026-06-05T16:00:22.313+0000] {logging_mixin.py:188} WARNING - 2026-06-05 16:00:22 [INFO] --- job=accum date=20260602 ---
[2026-06-05T16:00:22.313+0000] {era5_functions.py:330} INFO - --- job=accum date=20260602 ---
[2026-06-05T16:00:22.910+0000] {logging_mixin.py:188} WARNING - 2026-06-05 16:00:22 [WARNING] get_cds_count failed: 400 Client Error: Bad Request for url: https://cds.climate.copernicus.eu/api/retrieve/v1/processes/reanalysis-era5-single-levels/execution
invalid request
None of the data you have requested is available yet, please revise the period requested. The latest date available for this dataset is: 2026-05-31 16:00
[2026-06-05T16:00:22.910+0000] {era5_functions.py:131} WARNING - get_cds_count failed: 400 Client Error: Bad Request for url: https://cds.climate.copernicus.eu/api/retrieve/v1/processes/reanalysis-era5-single-levels/execution
invalid request
None of the data you have requested is available yet, please revise the period requested. The latest date available for this dataset is: 2026-05-31 16:00
[2026-06-05T16:00:22.916+0000] {logging_mixin.py:188} WARNING - 2026-06-05 16:00:22 [WARNING] CDS ยังไม่มีข้อมูล job=accum date=20260602, skip
[2026-06-05T16:00:22.915+0000] {era5_functions.py:335} WARNING - CDS ยังไม่มีข้อมูล job=accum date=20260602, skip
[2026-06-05T16:00:22.920+0000] {logging_mixin.py:188} WARNING - 2026-06-05 16:00:22 [INFO] --- job=accum date=20260601 ---
[2026-06-05T16:00:22.920+0000] {era5_functions.py:330} INFO - --- job=accum date=20260601 ---
[2026-06-05T16:00:23.328+0000] {logging_mixin.py:188} WARNING - 2026-06-05 16:00:23 [WARNING] get_cds_count failed: 400 Client Error: Bad Request for url: https://cds.climate.copernicus.eu/api/retrieve/v1/processes/reanalysis-era5-single-levels/execution
invalid request
None of the data you have requested is available yet, please revise the period requested. The latest date available for this dataset is: 2026-05-31 16:00
[2026-06-05T16:00:23.328+0000] {era5_functions.py:131} WARNING - get_cds_count failed: 400 Client Error: Bad Request for url: https://cds.climate.copernicus.eu/api/retrieve/v1/processes/reanalysis-era5-single-levels/execution
invalid request
None of the data you have requested is available yet, please revise the period requested. The latest date available for this dataset is: 2026-05-31 16:00
[2026-06-05T16:00:23.333+0000] {logging_mixin.py:188} WARNING - 2026-06-05 16:00:23 [WARNING] CDS ยังไม่มีข้อมูล job=accum date=20260601, skip
[2026-06-05T16:00:23.333+0000] {era5_functions.py:335} WARNING - CDS ยังไม่มีข้อมูล job=accum date=20260601, skip
[2026-06-05T16:00:23.337+0000] {logging_mixin.py:188} WARNING - 2026-06-05 16:00:23 [INFO] --- job=accum date=20260531 ---
[2026-06-05T16:00:23.337+0000] {era5_functions.py:330} INFO - --- job=accum date=20260531 ---
[2026-06-05T16:00:23.906+0000] {logging_mixin.py:188} WARNING - 2026-06-05 16:00:23,906 INFO [2025-12-11T00:00:00] Please note that a dedicated catalogue entry for this dataset, post-processed and stored in Analysis Ready Cloud Optimized (ARCO) format (Zarr), is available for optimised time-series retrievals (i.e. for retrieving data from selected variables for a single point over an extended period of time in an efficient way). You can discover it [here](https://cds.climate.copernicus.eu/datasets/reanalysis-era5-single-levels-timeseries?tab=overview)
[2026-06-05T16:00:23.906+0000] {legacy_client.py:192} INFO - [2025-12-11T00:00:00] Please note that a dedicated catalogue entry for this dataset, post-processed and stored in Analysis Ready Cloud Optimized (ARCO) format (Zarr), is available for optimised time-series retrievals (i.e. for retrieving data from selected variables for a single point over an extended period of time in an efficient way). You can discover it [here](https://cds.climate.copernicus.eu/datasets/reanalysis-era5-single-levels-timeseries?tab=overview)
[2026-06-05T16:00:23.910+0000] {logging_mixin.py:188} WARNING - 2026-06-05 16:00:23,909 INFO Request ID is 9bdbb0e4-f749-4066-9289-4cd50f6b4b14
[2026-06-05T16:00:23.909+0000] {legacy_client.py:192} INFO - Request ID is 9bdbb0e4-f749-4066-9289-4cd50f6b4b14
[2026-06-05T16:00:24.117+0000] {logging_mixin.py:188} WARNING - 2026-06-05 16:00:24,117 INFO status has been updated to accepted
[2026-06-05T16:00:24.117+0000] {legacy_client.py:192} INFO - status has been updated to accepted
[2026-06-05T16:00:29.670+0000] {logging_mixin.py:188} WARNING - 2026-06-05 16:00:29,669 INFO status has been updated to rejected
[2026-06-05T16:00:29.669+0000] {legacy_client.py:192} INFO - status has been updated to rejected
[2026-06-05T16:00:30.074+0000] {logging_mixin.py:188} WARNING - 2026-06-05 16:00:30 [WARNING] get_cds_count failed: 400 Client Error: Bad Request for url: https://cds.climate.copernicus.eu/api/retrieve/v1/jobs/9bdbb0e4-f749-4066-9289-4cd50f6b4b14/results
The job has been rejected
Number queued requests for this dataset is temporarily limited. Please configure your scripts accordingly
[2026-06-05T16:00:30.074+0000] {era5_functions.py:131} WARNING - get_cds_count failed: 400 Client Error: Bad Request for url: https://cds.climate.copernicus.eu/api/retrieve/v1/jobs/9bdbb0e4-f749-4066-9289-4cd50f6b4b14/results
The job has been rejected
Number queued requests for this dataset is temporarily limited. Please configure your scripts accordingly 
[2026-06-05T16:00:30.079+0000] {logging_mixin.py:188} WARNING - 2026-06-05 16:00:30 [WARNING] CDS ยังไม่มีข้อมูล job=accum date=20260531, skip
[2026-06-05T16:00:30.079+0000] {era5_functions.py:335} WARNING - CDS ยังไม่มีข้อมูล job=accum date=20260531, skip
[2026-06-05T16:00:30.082+0000] {logging_mixin.py:188} WARNING - 2026-06-05 16:00:30 [INFO] === END job=accum date=2026-06-05 ===
[2026-06-05T16:00:30.082+0000] {era5_functions.py:379} INFO - === END job=accum date=2026-06-05 ===
[2026-06-05T16:00:30.084+0000] {python.py:237} INFO - Done. Returned value was: None
[2026-06-05T16:00:30.086+0000] {taskinstance.py:441} INFO - ::group::Post task execution logs
[2026-06-05T16:00:30.102+0000] {taskinstance.py:1206} INFO - Marking task as SUCCESS. dag_id=era5_download_pipeline, task_id=era5_accum, run_id=scheduled__2026-06-05T15:00:00+00:00, execution_date=20260605T150000, start_date=20260605T160016, end_date=20260605T160030
[2026-06-05T16:00:30.152+0000] {local_task_job_runner.py:240} INFO - Task exited with return code 0
[2026-06-05T16:00:30.172+0000] {taskinstance.py:3498} INFO - 0 downstream tasks scheduled from follow-on schedule check
[2026-06-05T16:00:30.176+0000] {local_task_job_runner.py:222} INFO - ::endgroup::
