[2026-05-18T07:36:53.089+0000] {local_task_job_runner.py:120} INFO - ::group::Pre task execution logs
[2026-05-18T07:36:53.109+0000] {taskinstance.py:2076} INFO - Dependencies all met for dep_context=non-requeueable deps ti=<TaskInstance: era5_ecmwf_pipeline.era5_instant scheduled__2026-05-18T00:00:00+00:00 [queued]>
[2026-05-18T07:36:53.122+0000] {taskinstance.py:2076} INFO - Dependencies all met for dep_context=requeueable deps ti=<TaskInstance: era5_ecmwf_pipeline.era5_instant scheduled__2026-05-18T00:00:00+00:00 [queued]>
[2026-05-18T07:36:53.123+0000] {taskinstance.py:2306} INFO - Starting attempt 2 of 3
[2026-05-18T07:36:53.142+0000] {taskinstance.py:2330} INFO - Executing <Task(PythonOperator): era5_instant> on 2026-05-18 00:00:00+00:00
[2026-05-18T07:36:53.153+0000] {warnings.py:110} WARNING - /home/***/.local/lib/python3.12/site-packages/***/task/task_runner/standard_task_runner.py:61: DeprecationWarning: This process (pid=69) is multi-threaded, use of fork() may lead to deadlocks in the child.
  pid = os.fork()

[2026-05-18T07:36:53.154+0000] {standard_task_runner.py:63} INFO - Started process 72 to run task
[2026-05-18T07:36:53.158+0000] {standard_task_runner.py:90} INFO - Running: ['***', 'tasks', 'run', 'era5_ecmwf_pipeline', 'era5_instant', 'scheduled__2026-05-18T00:00:00+00:00', '--job-id', '66', '--raw', '--subdir', 'DAGS_FOLDER/era5_dag.py', '--cfg-path', '/tmp/tmpeyhsc7p1']
[2026-05-18T07:36:53.161+0000] {standard_task_runner.py:91} INFO - Job 66: Subtask era5_instant
[2026-05-18T07:36:53.225+0000] {task_command.py:426} INFO - Running <TaskInstance: era5_ecmwf_pipeline.era5_instant scheduled__2026-05-18T00:00:00+00:00 [running]> on host afa8a4bebafb
[2026-05-18T07:36:53.300+0000] {taskinstance.py:2648} INFO - Exporting env vars: AIRFLOW_CTX_DAG_OWNER='***' AIRFLOW_CTX_DAG_ID='era5_ecmwf_pipeline' AIRFLOW_CTX_TASK_ID='era5_instant' AIRFLOW_CTX_EXECUTION_DATE='2026-05-18T00:00:00+00:00' AIRFLOW_CTX_TRY_NUMBER='2' AIRFLOW_CTX_DAG_RUN_ID='scheduled__2026-05-18T00:00:00+00:00'
[2026-05-18T07:36:53.302+0000] {taskinstance.py:430} INFO - ::endgroup::
[2026-05-18T07:36:53.325+0000] {era5_functions.py:294} INFO - ERA5 [instant] start: 2026-05-13
[2026-05-18T07:36:59.351+0000] {logging_mixin.py:188} WARNING - 2026-05-18 07:36:59,351 INFO [2026-05-14T00:00:00Z] Upcoming essential maintenance sessions on Data Stores underlying infrastructure on 19 May. Service disruption expected. For further details, please [visit our forum announcement](https://forum.ecmwf.int/t/upcoming-essential-maintenance-sessions-on-data-stores-underlying-infrastructure/14954).
[2026-05-18T07:36:59.351+0000] {legacy_client.py:192} INFO - [2026-05-14T00:00:00Z] Upcoming essential maintenance sessions on Data Stores underlying infrastructure on 19 May. Service disruption expected. For further details, please [visit our forum announcement](https://forum.ecmwf.int/t/upcoming-essential-maintenance-sessions-on-data-stores-underlying-infrastructure/14954).
[2026-05-18T07:36:59.353+0000] {era5_functions.py:233} INFO - =======================================================
[2026-05-18T07:36:59.354+0000] {era5_functions.py:234} INFO - JOB: instant | 2026-05-13
[2026-05-18T07:36:59.354+0000] {era5_functions.py:235} INFO - =======================================================
[2026-05-18T07:36:59.360+0000] {era5_functions.py:239} INFO - NC missing/invalid → download
[2026-05-18T07:36:59.361+0000] {era5_functions.py:118} INFO - Attempt 1/5: instant_20260513.nc
[2026-05-18T07:36:59.378+0000] {era5_functions.py:108} INFO - Downloading → /opt/***/data/era5/ecmwf/nc/_raw/2026/05/13/instant_20260513.nc
[2026-05-18T07:37:00.203+0000] {logging_mixin.py:188} WARNING - 2026-05-18 07:37:00,202 INFO [2025-12-11T00:00:00] Please note that a dedicated catalogue entry for this dataset, post-processed and stored in Analysis Ready Cloud Optimized (ARCO) format (Zarr), is available for optimised time-series retrievals (i.e. for retrieving data from selected variables for a single point over an extended period of time in an efficient way). You can discover it [here](https://cds.climate.copernicus.eu/datasets/reanalysis-era5-single-levels-timeseries?tab=overview)
[2026-05-18T07:37:00.202+0000] {legacy_client.py:192} INFO - [2025-12-11T00:00:00] Please note that a dedicated catalogue entry for this dataset, post-processed and stored in Analysis Ready Cloud Optimized (ARCO) format (Zarr), is available for optimised time-series retrievals (i.e. for retrieving data from selected variables for a single point over an extended period of time in an efficient way). You can discover it [here](https://cds.climate.copernicus.eu/datasets/reanalysis-era5-single-levels-timeseries?tab=overview)
[2026-05-18T07:37:00.205+0000] {logging_mixin.py:188} WARNING - 2026-05-18 07:37:00,205 INFO Request ID is 1f3955e0-8535-4735-a35a-1fef77e775cd
[2026-05-18T07:37:00.205+0000] {legacy_client.py:192} INFO - Request ID is 1f3955e0-8535-4735-a35a-1fef77e775cd
[2026-05-18T07:37:00.419+0000] {logging_mixin.py:188} WARNING - 2026-05-18 07:37:00,419 INFO status has been updated to accepted
[2026-05-18T07:37:00.419+0000] {legacy_client.py:192} INFO - status has been updated to accepted
[2026-05-18T07:37:34.146+0000] {logging_mixin.py:188} WARNING - 2026-05-18 07:37:34,146 INFO status has been updated to successful
[2026-05-18T07:37:34.146+0000] {legacy_client.py:192} INFO - status has been updated to successful
[2026-05-18T07:37:34.560+0000] {base.py:119} INFO - Downloading https://object-store.os-api.cci2.ecmwf.int:443/cci2-prod-cache-1/2026-05-18/e95b67f0538ae769928a08cf77abe751.nc
[2026-05-18T07:37:35.549+0000] {logging_mixin.py:188} WARNING - e95b67f0538ae769928a08cf77abe751.nc:   0%|          | 0.00/937k [00:00<?, ?B/s]
[2026-05-18T07:37:40.569+0000] {logging_mixin.py:188} WARNING - e95b67f0538ae769928a08cf77abe751.nc: 100%|##########| 937k/937k [00:05<00:00, 191kB/s]
[2026-05-18T07:37:40.582+0000] {logging_mixin.py:188} WARNING -                                                                                       
[2026-05-18T07:37:40.592+0000] {era5_functions.py:110} INFO - Download complete: /opt/***/data/era5/ecmwf/nc/_raw/2026/05/13/instant_20260513.nc
[2026-05-18T07:37:40.842+0000] {era5_functions.py:122} INFO - Download OK
[2026-05-18T07:37:40.901+0000] {taskinstance.py:441} INFO - ::group::Post task execution logs
[2026-05-18T07:37:40.902+0000] {taskinstance.py:2905} ERROR - Task failed with exception
Traceback (most recent call last):
  File "/home/airflow/.local/lib/python3.12/site-packages/airflow/models/taskinstance.py", line 465, in _execute_task
    result = _execute_callable(context=context, **execute_callable_kwargs)
             ^^^^^^^^^^^^^^^^^^^^^^^^^^^^^^^^^^^^^^^^^^^^^^^^^^^^^^^^^^^^^
  File "/home/airflow/.local/lib/python3.12/site-packages/airflow/models/taskinstance.py", line 432, in _execute_callable
    return execute_callable(context=context, **execute_callable_kwargs)
           ^^^^^^^^^^^^^^^^^^^^^^^^^^^^^^^^^^^^^^^^^^^^^^^^^^^^^^^^^^^^
  File "/home/airflow/.local/lib/python3.12/site-packages/airflow/models/baseoperator.py", line 400, in wrapper
    return func(self, *args, **kwargs)
           ^^^^^^^^^^^^^^^^^^^^^^^^^^^
  File "/home/airflow/.local/lib/python3.12/site-packages/airflow/operators/python.py", line 235, in execute
    return_value = self.execute_callable()
                   ^^^^^^^^^^^^^^^^^^^^^^^
  File "/home/airflow/.local/lib/python3.12/site-packages/airflow/operators/python.py", line 252, in execute_callable
    return self.python_callable(*self.op_args, **self.op_kwargs)
           ^^^^^^^^^^^^^^^^^^^^^^^^^^^^^^^^^^^^^^^^^^^^^^^^^^^^^
  File "/opt/airflow/dags/era5_dag.py", line 47, in task_instant_fn
    run_era5(
  File "/opt/airflow/dags/era5_functions.py", line 297, in run_era5
    process_job(client, job_name, y, m, d, dstr)
  File "/opt/airflow/dags/era5_functions.py", line 251, in process_job
    raise ValueError(f"Incomplete timesteps: {ntime}/24")
ValueError: Incomplete timesteps: 8/24
[2026-05-18T07:37:40.918+0000] {taskinstance.py:1206} INFO - Marking task as UP_FOR_RETRY. dag_id=era5_ecmwf_pipeline, task_id=era5_instant, run_id=scheduled__2026-05-18T00:00:00+00:00, execution_date=20260518T000000, start_date=20260518T073653, end_date=20260518T073740
[2026-05-18T07:37:40.931+0000] {standard_task_runner.py:110} ERROR - Failed to execute job 66 for task era5_instant (Incomplete timesteps: 8/24; 72)
[2026-05-18T07:37:40.939+0000] {logging_mixin.py:188} WARNING - 
[2026-05-18T07:37:40.962+0000] {local_task_job_runner.py:240} INFO - Task exited with return code 1
[2026-05-18T07:37:40.977+0000] {taskinstance.py:3498} INFO - 0 downstream tasks scheduled from follow-on schedule check
[2026-05-18T07:37:40.981+0000] {local_task_job_runner.py:222} INFO - ::endgroup::
