[2026-06-04T11:00:02.368+0000] {local_task_job_runner.py:120} INFO - ::group::Pre task execution logs
[2026-06-04T11:00:02.395+0000] {taskinstance.py:2076} INFO - Dependencies all met for dep_context=non-requeueable deps ti=<TaskInstance: era5_download_pipeline.era5_instant scheduled__2026-06-04T10:00:00+00:00 [queued]>
[2026-06-04T11:00:02.406+0000] {taskinstance.py:2076} INFO - Dependencies all met for dep_context=requeueable deps ti=<TaskInstance: era5_download_pipeline.era5_instant scheduled__2026-06-04T10:00:00+00:00 [queued]>
[2026-06-04T11:00:02.407+0000] {taskinstance.py:2306} INFO - Starting attempt 1 of 1
[2026-06-04T11:00:02.424+0000] {taskinstance.py:2330} INFO - Executing <Task(PythonOperator): era5_instant> on 2026-06-04 10:00:00+00:00
[2026-06-04T11:00:02.439+0000] {warnings.py:110} WARNING - /home/***/.local/lib/python3.12/site-packages/***/task/task_runner/standard_task_runner.py:61: DeprecationWarning: This process (pid=40502) is multi-threaded, use of fork() may lead to deadlocks in the child.
  pid = os.fork()

[2026-06-04T11:00:02.442+0000] {standard_task_runner.py:63} INFO - Started process 40514 to run task
[2026-06-04T11:00:02.442+0000] {standard_task_runner.py:90} INFO - Running: ['***', 'tasks', 'run', 'era5_download_pipeline', 'era5_instant', 'scheduled__2026-06-04T10:00:00+00:00', '--job-id', '907', '--raw', '--subdir', 'DAGS_FOLDER/era5_dag.py', '--cfg-path', '/tmp/tmp27nthgx1']
[2026-06-04T11:00:02.446+0000] {standard_task_runner.py:91} INFO - Job 907: Subtask era5_instant
[2026-06-04T11:00:02.556+0000] {task_command.py:426} INFO - Running <TaskInstance: era5_download_pipeline.era5_instant scheduled__2026-06-04T10:00:00+00:00 [running]> on host 01cd476fb21a
[2026-06-04T11:00:02.704+0000] {taskinstance.py:2648} INFO - Exporting env vars: AIRFLOW_CTX_DAG_OWNER='era5' AIRFLOW_CTX_DAG_ID='era5_download_pipeline' AIRFLOW_CTX_TASK_ID='era5_instant' AIRFLOW_CTX_EXECUTION_DATE='2026-06-04T10:00:00+00:00' AIRFLOW_CTX_TRY_NUMBER='1' AIRFLOW_CTX_DAG_RUN_ID='scheduled__2026-06-04T10:00:00+00:00'
[2026-06-04T11:00:02.706+0000] {taskinstance.py:430} INFO - ::endgroup::
[2026-06-04T11:00:03.784+0000] {logging_mixin.py:188} WARNING - 2026-06-04 11:00:03 [INFO] === START job=instant date=2026-06-04 ===
[2026-06-04T11:00:03.783+0000] {era5_functions.py:368} INFO - === START job=instant date=2026-06-04 ===
[2026-06-04T11:00:03.787+0000] {logging_mixin.py:188} WARNING - 2026-06-04 11:00:03 [INFO] --- job=instant date=20260604 ---
[2026-06-04T11:00:03.787+0000] {era5_functions.py:330} INFO - --- job=instant date=20260604 ---
[2026-06-04T11:00:07.053+0000] {logging_mixin.py:188} WARNING - 2026-06-04 11:00:07 [WARNING] get_cds_count failed: 400 Client Error: Bad Request for url: https://cds.climate.copernicus.eu/api/retrieve/v1/processes/reanalysis-era5-single-levels/execution
invalid request
None of the data you have requested is available yet, please revise the period requested. The latest date available for this dataset is: 2026-05-30 11:00
[2026-06-04T11:00:07.053+0000] {era5_functions.py:131} WARNING - get_cds_count failed: 400 Client Error: Bad Request for url: https://cds.climate.copernicus.eu/api/retrieve/v1/processes/reanalysis-era5-single-levels/execution
invalid request
None of the data you have requested is available yet, please revise the period requested. The latest date available for this dataset is: 2026-05-30 11:00
[2026-06-04T11:00:07.059+0000] {logging_mixin.py:188} WARNING - 2026-06-04 11:00:07 [WARNING] CDS ยังไม่มีข้อมูล job=instant date=20260604, skip
[2026-06-04T11:00:07.058+0000] {era5_functions.py:335} WARNING - CDS ยังไม่มีข้อมูล job=instant date=20260604, skip
[2026-06-04T11:00:07.062+0000] {logging_mixin.py:188} WARNING - 2026-06-04 11:00:07 [INFO] --- job=instant date=20260603 ---
[2026-06-04T11:00:07.062+0000] {era5_functions.py:330} INFO - --- job=instant date=20260603 ---
[2026-06-04T11:00:10.277+0000] {logging_mixin.py:188} WARNING - 2026-06-04 11:00:10 [WARNING] get_cds_count failed: 400 Client Error: Bad Request for url: https://cds.climate.copernicus.eu/api/retrieve/v1/processes/reanalysis-era5-single-levels/execution
invalid request
None of the data you have requested is available yet, please revise the period requested. The latest date available for this dataset is: 2026-05-30 11:00
[2026-06-04T11:00:10.277+0000] {era5_functions.py:131} WARNING - get_cds_count failed: 400 Client Error: Bad Request for url: https://cds.climate.copernicus.eu/api/retrieve/v1/processes/reanalysis-era5-single-levels/execution
invalid request
None of the data you have requested is available yet, please revise the period requested. The latest date available for this dataset is: 2026-05-30 11:00
[2026-06-04T11:00:10.282+0000] {logging_mixin.py:188} WARNING - 2026-06-04 11:00:10 [WARNING] CDS ยังไม่มีข้อมูล job=instant date=20260603, skip
[2026-06-04T11:00:10.282+0000] {era5_functions.py:335} WARNING - CDS ยังไม่มีข้อมูล job=instant date=20260603, skip
[2026-06-04T11:00:10.287+0000] {logging_mixin.py:188} WARNING - 2026-06-04 11:00:10 [INFO] --- job=instant date=20260602 ---
[2026-06-04T11:00:10.287+0000] {era5_functions.py:330} INFO - --- job=instant date=20260602 ---
[2026-06-04T11:00:12.094+0000] {logging_mixin.py:188} WARNING - 2026-06-04 11:00:12 [WARNING] get_cds_count failed: 400 Client Error: Bad Request for url: https://cds.climate.copernicus.eu/api/retrieve/v1/processes/reanalysis-era5-single-levels/execution
invalid request
None of the data you have requested is available yet, please revise the period requested. The latest date available for this dataset is: 2026-05-30 11:00
[2026-06-04T11:00:12.093+0000] {era5_functions.py:131} WARNING - get_cds_count failed: 400 Client Error: Bad Request for url: https://cds.climate.copernicus.eu/api/retrieve/v1/processes/reanalysis-era5-single-levels/execution
invalid request
None of the data you have requested is available yet, please revise the period requested. The latest date available for this dataset is: 2026-05-30 11:00
[2026-06-04T11:00:12.099+0000] {logging_mixin.py:188} WARNING - 2026-06-04 11:00:12 [WARNING] CDS ยังไม่มีข้อมูล job=instant date=20260602, skip
[2026-06-04T11:00:12.098+0000] {era5_functions.py:335} WARNING - CDS ยังไม่มีข้อมูล job=instant date=20260602, skip
[2026-06-04T11:00:12.101+0000] {logging_mixin.py:188} WARNING - 2026-06-04 11:00:12 [INFO] --- job=instant date=20260601 ---
[2026-06-04T11:00:12.101+0000] {era5_functions.py:330} INFO - --- job=instant date=20260601 ---
[2026-06-04T11:00:13.000+0000] {logging_mixin.py:188} WARNING - 2026-06-04 11:00:13 [WARNING] get_cds_count failed: 400 Client Error: Bad Request for url: https://cds.climate.copernicus.eu/api/retrieve/v1/processes/reanalysis-era5-single-levels/execution
invalid request
None of the data you have requested is available yet, please revise the period requested. The latest date available for this dataset is: 2026-05-30 11:00
[2026-06-04T11:00:13.000+0000] {era5_functions.py:131} WARNING - get_cds_count failed: 400 Client Error: Bad Request for url: https://cds.climate.copernicus.eu/api/retrieve/v1/processes/reanalysis-era5-single-levels/execution
invalid request
None of the data you have requested is available yet, please revise the period requested. The latest date available for this dataset is: 2026-05-30 11:00
[2026-06-04T11:00:13.005+0000] {logging_mixin.py:188} WARNING - 2026-06-04 11:00:13 [WARNING] CDS ยังไม่มีข้อมูล job=instant date=20260601, skip
[2026-06-04T11:00:13.005+0000] {era5_functions.py:335} WARNING - CDS ยังไม่มีข้อมูล job=instant date=20260601, skip
[2026-06-04T11:00:13.008+0000] {logging_mixin.py:188} WARNING - 2026-06-04 11:00:13 [INFO] --- job=instant date=20260531 ---
[2026-06-04T11:00:13.008+0000] {era5_functions.py:330} INFO - --- job=instant date=20260531 ---
[2026-06-04T11:00:13.727+0000] {logging_mixin.py:188} WARNING - 2026-06-04 11:00:13 [WARNING] get_cds_count failed: 400 Client Error: Bad Request for url: https://cds.climate.copernicus.eu/api/retrieve/v1/processes/reanalysis-era5-single-levels/execution
invalid request
None of the data you have requested is available yet, please revise the period requested. The latest date available for this dataset is: 2026-05-30 11:00
[2026-06-04T11:00:13.726+0000] {era5_functions.py:131} WARNING - get_cds_count failed: 400 Client Error: Bad Request for url: https://cds.climate.copernicus.eu/api/retrieve/v1/processes/reanalysis-era5-single-levels/execution
invalid request
None of the data you have requested is available yet, please revise the period requested. The latest date available for this dataset is: 2026-05-30 11:00
[2026-06-04T11:00:13.732+0000] {logging_mixin.py:188} WARNING - 2026-06-04 11:00:13 [WARNING] CDS ยังไม่มีข้อมูล job=instant date=20260531, skip
[2026-06-04T11:00:13.731+0000] {era5_functions.py:335} WARNING - CDS ยังไม่มีข้อมูล job=instant date=20260531, skip
[2026-06-04T11:00:13.735+0000] {logging_mixin.py:188} WARNING - 2026-06-04 11:00:13 [INFO] --- job=instant date=20260530 ---
[2026-06-04T11:00:13.735+0000] {era5_functions.py:330} INFO - --- job=instant date=20260530 ---
[2026-06-04T11:00:14.674+0000] {logging_mixin.py:188} WARNING - 2026-06-04 11:00:14,674 INFO [2025-12-11T00:00:00] Please note that a dedicated catalogue entry for this dataset, post-processed and stored in Analysis Ready Cloud Optimized (ARCO) format (Zarr), is available for optimised time-series retrievals (i.e. for retrieving data from selected variables for a single point over an extended period of time in an efficient way). You can discover it [here](https://cds.climate.copernicus.eu/datasets/reanalysis-era5-single-levels-timeseries?tab=overview)
[2026-06-04T11:00:14.674+0000] {legacy_client.py:192} INFO - [2025-12-11T00:00:00] Please note that a dedicated catalogue entry for this dataset, post-processed and stored in Analysis Ready Cloud Optimized (ARCO) format (Zarr), is available for optimised time-series retrievals (i.e. for retrieving data from selected variables for a single point over an extended period of time in an efficient way). You can discover it [here](https://cds.climate.copernicus.eu/datasets/reanalysis-era5-single-levels-timeseries?tab=overview)
[2026-06-04T11:00:14.679+0000] {logging_mixin.py:188} WARNING - 2026-06-04 11:00:14,679 INFO Request ID is b96c589c-2982-4212-b5f1-2689d39e8d4f
[2026-06-04T11:00:14.679+0000] {legacy_client.py:192} INFO - Request ID is b96c589c-2982-4212-b5f1-2689d39e8d4f
[2026-06-04T11:00:15.050+0000] {logging_mixin.py:188} WARNING - 2026-06-04 11:00:15,049 INFO status has been updated to accepted
[2026-06-04T11:00:15.049+0000] {legacy_client.py:192} INFO - status has been updated to accepted
[2026-06-04T11:00:29.665+0000] {logging_mixin.py:188} WARNING - 2026-06-04 11:00:29,665 INFO status has been updated to running
[2026-06-04T11:00:29.665+0000] {legacy_client.py:192} INFO - status has been updated to running
[2026-06-04T11:00:37.477+0000] {logging_mixin.py:188} WARNING - 2026-06-04 11:00:37,477 INFO status has been updated to successful
[2026-06-04T11:00:37.477+0000] {legacy_client.py:192} INFO - status has been updated to successful
[2026-06-04T11:00:39.525+0000] {base.py:119} INFO - Downloading https://object-store.os-api.cci2.ecmwf.int:443/cci2-prod-cache-3/2026-06-04/51b2c7fe57df105e63b257ba4f518379.nc
[2026-06-04T11:00:40.572+0000] {logging_mixin.py:188} WARNING - 51b2c7fe57df105e63b257ba4f518379.nc:   0%|          | 0.00/1.34M [00:00<?, ?B/s]
[2026-06-04T11:00:42.687+0000] {logging_mixin.py:188} WARNING - 51b2c7fe57df105e63b257ba4f518379.nc:  75%|#######4  | 1.00M/1.34M [00:02<00:00, 496kB/s]
[2026-06-04T11:00:42.705+0000] {logging_mixin.py:188} WARNING -                                                                                         
[2026-06-04T11:00:42.967+0000] {logging_mixin.py:188} WARNING - 2026-06-04 11:00:42 [INFO] CDS timestep available: 12
[2026-06-04T11:00:42.966+0000] {era5_functions.py:128} INFO - CDS timestep available: 12
[2026-06-04T11:00:43.057+0000] {logging_mixin.py:188} WARNING - 2026-06-04 11:00:43 [INFO] local timestep: 11 — /opt/***/era5/ecmwf/data/nc/_raw/2026/05/30/instant_20260530.nc
[2026-06-04T11:00:43.057+0000] {era5_functions.py:152} INFO - local timestep: 11 — /opt/***/era5/ecmwf/data/nc/_raw/2026/05/30/instant_20260530.nc
[2026-06-04T11:00:43.065+0000] {logging_mixin.py:188} WARNING - 2026-06-04 11:00:43 [INFO] nc outdated (local=11 < cds=12), removing: /opt/***/era5/ecmwf/data/nc/_raw/2026/05/30/instant_20260530.nc
[2026-06-04T11:00:43.064+0000] {era5_functions.py:193} INFO - nc outdated (local=11 < cds=12), removing: /opt/***/era5/ecmwf/data/nc/_raw/2026/05/30/instant_20260530.nc
[2026-06-04T11:00:43.086+0000] {logging_mixin.py:188} WARNING - 2026-06-04 11:00:43 [INFO] download attempt 1/3: /opt/***/era5/ecmwf/data/nc/_raw/2026/05/30/instant_20260530.nc
[2026-06-04T11:00:43.086+0000] {era5_functions.py:200} INFO - download attempt 1/3: /opt/***/era5/ecmwf/data/nc/_raw/2026/05/30/instant_20260530.nc
[2026-06-04T11:00:43.786+0000] {logging_mixin.py:188} WARNING - 2026-06-04 11:00:43,785 INFO [2025-12-11T00:00:00] Please note that a dedicated catalogue entry for this dataset, post-processed and stored in Analysis Ready Cloud Optimized (ARCO) format (Zarr), is available for optimised time-series retrievals (i.e. for retrieving data from selected variables for a single point over an extended period of time in an efficient way). You can discover it [here](https://cds.climate.copernicus.eu/datasets/reanalysis-era5-single-levels-timeseries?tab=overview)
[2026-06-04T11:00:43.785+0000] {legacy_client.py:192} INFO - [2025-12-11T00:00:00] Please note that a dedicated catalogue entry for this dataset, post-processed and stored in Analysis Ready Cloud Optimized (ARCO) format (Zarr), is available for optimised time-series retrievals (i.e. for retrieving data from selected variables for a single point over an extended period of time in an efficient way). You can discover it [here](https://cds.climate.copernicus.eu/datasets/reanalysis-era5-single-levels-timeseries?tab=overview)
[2026-06-04T11:00:43.789+0000] {logging_mixin.py:188} WARNING - 2026-06-04 11:00:43,789 INFO Request ID is 25b55996-2d06-4a55-b1f5-3ff61497028b
[2026-06-04T11:00:43.789+0000] {legacy_client.py:192} INFO - Request ID is 25b55996-2d06-4a55-b1f5-3ff61497028b
[2026-06-04T11:00:46.136+0000] {logging_mixin.py:188} WARNING - 2026-06-04 11:00:46,136 INFO status has been updated to accepted
[2026-06-04T11:00:46.136+0000] {legacy_client.py:192} INFO - status has been updated to accepted
[2026-06-04T11:05:15.956+0000] {logging_mixin.py:188} WARNING - 2026-06-04 11:05:15,955 INFO status has been updated to successful
[2026-06-04T11:05:15.955+0000] {legacy_client.py:192} INFO - status has been updated to successful
[2026-06-04T11:05:17.089+0000] {base.py:119} INFO - Downloading https://object-store.os-api.cci2.ecmwf.int:443/cci2-prod-cache-2/2026-06-04/ad155bbce4bcb355c2e10ef064fd3630.nc
[2026-06-04T11:05:18.124+0000] {logging_mixin.py:188} WARNING - ad155bbce4bcb355c2e10ef064fd3630.nc:   0%|          | 0.00/1.34M [00:00<?, ?B/s]
[2026-06-04T11:05:19.962+0000] {logging_mixin.py:188} WARNING - ad155bbce4bcb355c2e10ef064fd3630.nc:  75%|#######4  | 1.00M/1.34M [00:01<00:00, 571kB/s]
[2026-06-04T11:05:19.987+0000] {logging_mixin.py:188} WARNING -                                                                                         
[2026-06-04T11:05:20.123+0000] {logging_mixin.py:188} WARNING - 2026-06-04 11:05:20 [INFO] nc downloaded ok: /opt/***/era5/ecmwf/data/nc/_raw/2026/05/30/instant_20260530.nc
[2026-06-04T11:05:20.123+0000] {era5_functions.py:204} INFO - nc downloaded ok: /opt/***/era5/ecmwf/data/nc/_raw/2026/05/30/instant_20260530.nc
[2026-06-04T11:05:20.202+0000] {logging_mixin.py:188} WARNING - 2026-06-04 11:05:20 [INFO] local timestep: 12 — /opt/***/era5/ecmwf/data/nc/_raw/2026/05/30/instant_20260530.nc
[2026-06-04T11:05:20.202+0000] {era5_functions.py:152} INFO - local timestep: 12 — /opt/***/era5/ecmwf/data/nc/_raw/2026/05/30/instant_20260530.nc
[2026-06-04T11:05:20.303+0000] {logging_mixin.py:188} WARNING - 2026-06-04 11:05:20 [INFO] tif outdated (tif=11 < nc=12), removing: /opt/***/era5/ecmwf/data/tif/2026/05/30/t2m_20260530.tif
[2026-06-04T11:05:20.302+0000] {era5_functions.py:261} INFO - tif outdated (tif=11 < nc=12), removing: /opt/***/era5/ecmwf/data/tif/2026/05/30/t2m_20260530.tif
[2026-06-04T11:05:20.398+0000] {logging_mixin.py:188} WARNING - 2026-06-04 11:05:20 [INFO] tif ok (bands=12): /opt/***/era5/ecmwf/data/tif/2026/05/30/t2m_20260530.tif
[2026-06-04T11:05:20.397+0000] {era5_functions.py:304} INFO - tif ok (bands=12): /opt/***/era5/ecmwf/data/tif/2026/05/30/t2m_20260530.tif
[2026-06-04T11:05:20.415+0000] {logging_mixin.py:188} WARNING - 2026-06-04 11:05:20 [INFO] tif outdated (tif=11 < nc=12), removing: /opt/***/era5/ecmwf/data/tif/2026/05/30/d2m_20260530.tif
[2026-06-04T11:05:20.415+0000] {era5_functions.py:261} INFO - tif outdated (tif=11 < nc=12), removing: /opt/***/era5/ecmwf/data/tif/2026/05/30/d2m_20260530.tif
[2026-06-04T11:05:20.504+0000] {logging_mixin.py:188} WARNING - 2026-06-04 11:05:20 [INFO] tif ok (bands=12): /opt/***/era5/ecmwf/data/tif/2026/05/30/d2m_20260530.tif
[2026-06-04T11:05:20.504+0000] {era5_functions.py:304} INFO - tif ok (bands=12): /opt/***/era5/ecmwf/data/tif/2026/05/30/d2m_20260530.tif
[2026-06-04T11:05:20.521+0000] {logging_mixin.py:188} WARNING - 2026-06-04 11:05:20 [INFO] tif outdated (tif=11 < nc=12), removing: /opt/***/era5/ecmwf/data/tif/2026/05/30/sp_20260530.tif
[2026-06-04T11:05:20.521+0000] {era5_functions.py:261} INFO - tif outdated (tif=11 < nc=12), removing: /opt/***/era5/ecmwf/data/tif/2026/05/30/sp_20260530.tif
[2026-06-04T11:05:20.607+0000] {logging_mixin.py:188} WARNING - 2026-06-04 11:05:20 [INFO] tif ok (bands=12): /opt/***/era5/ecmwf/data/tif/2026/05/30/sp_20260530.tif
[2026-06-04T11:05:20.607+0000] {era5_functions.py:304} INFO - tif ok (bands=12): /opt/***/era5/ecmwf/data/tif/2026/05/30/sp_20260530.tif
[2026-06-04T11:05:20.623+0000] {logging_mixin.py:188} WARNING - 2026-06-04 11:05:20 [INFO] tif outdated (tif=11 < nc=12), removing: /opt/***/era5/ecmwf/data/tif/2026/05/30/blh_20260530.tif
[2026-06-04T11:05:20.623+0000] {era5_functions.py:261} INFO - tif outdated (tif=11 < nc=12), removing: /opt/***/era5/ecmwf/data/tif/2026/05/30/blh_20260530.tif
[2026-06-04T11:05:20.713+0000] {logging_mixin.py:188} WARNING - 2026-06-04 11:05:20 [INFO] tif ok (bands=12): /opt/***/era5/ecmwf/data/tif/2026/05/30/blh_20260530.tif
[2026-06-04T11:05:20.713+0000] {era5_functions.py:304} INFO - tif ok (bands=12): /opt/***/era5/ecmwf/data/tif/2026/05/30/blh_20260530.tif
[2026-06-04T11:05:20.731+0000] {logging_mixin.py:188} WARNING - 2026-06-04 11:05:20 [INFO] tif outdated (tif=11 < nc=12), removing: /opt/***/era5/ecmwf/data/tif/2026/05/30/u10_20260530.tif
[2026-06-04T11:05:20.731+0000] {era5_functions.py:261} INFO - tif outdated (tif=11 < nc=12), removing: /opt/***/era5/ecmwf/data/tif/2026/05/30/u10_20260530.tif
[2026-06-04T11:05:20.845+0000] {logging_mixin.py:188} WARNING - 2026-06-04 11:05:20 [INFO] tif ok (bands=12): /opt/***/era5/ecmwf/data/tif/2026/05/30/u10_20260530.tif
[2026-06-04T11:05:20.845+0000] {era5_functions.py:304} INFO - tif ok (bands=12): /opt/***/era5/ecmwf/data/tif/2026/05/30/u10_20260530.tif
[2026-06-04T11:05:20.862+0000] {logging_mixin.py:188} WARNING - 2026-06-04 11:05:20 [INFO] tif outdated (tif=11 < nc=12), removing: /opt/***/era5/ecmwf/data/tif/2026/05/30/v10_20260530.tif
[2026-06-04T11:05:20.862+0000] {era5_functions.py:261} INFO - tif outdated (tif=11 < nc=12), removing: /opt/***/era5/ecmwf/data/tif/2026/05/30/v10_20260530.tif
[2026-06-04T11:05:20.980+0000] {logging_mixin.py:188} WARNING - 2026-06-04 11:05:20 [INFO] tif ok (bands=12): /opt/***/era5/ecmwf/data/tif/2026/05/30/v10_20260530.tif
[2026-06-04T11:05:20.980+0000] {era5_functions.py:304} INFO - tif ok (bands=12): /opt/***/era5/ecmwf/data/tif/2026/05/30/v10_20260530.tif
[2026-06-04T11:05:20.985+0000] {logging_mixin.py:188} WARNING - 2026-06-04 11:05:20 [INFO] === END job=instant date=2026-06-04 ===
[2026-06-04T11:05:20.985+0000] {era5_functions.py:379} INFO - === END job=instant date=2026-06-04 ===
[2026-06-04T11:05:20.987+0000] {python.py:237} INFO - Done. Returned value was: None
[2026-06-04T11:05:20.988+0000] {taskinstance.py:441} INFO - ::group::Post task execution logs
[2026-06-04T11:05:21.003+0000] {taskinstance.py:1206} INFO - Marking task as SUCCESS. dag_id=era5_download_pipeline, task_id=era5_instant, run_id=scheduled__2026-06-04T10:00:00+00:00, execution_date=20260604T100000, start_date=20260604T110002, end_date=20260604T110521
[2026-06-04T11:05:21.087+0000] {local_task_job_runner.py:240} INFO - Task exited with return code 0
[2026-06-04T11:05:21.111+0000] {taskinstance.py:3498} INFO - 1 downstream tasks scheduled from follow-on schedule check
[2026-06-04T11:05:21.115+0000] {local_task_job_runner.py:222} INFO - ::endgroup::
