[2026-06-13T06:03:49.448+0000] {local_task_job_runner.py:120} INFO - ::group::Pre task execution logs
[2026-06-13T06:03:49.483+0000] {taskinstance.py:2076} INFO - Dependencies all met for dep_context=non-requeueable deps ti=<TaskInstance: era5_download_pipeline.era5_accum scheduled__2026-06-13T05:00:00+00:00 [queued]>
[2026-06-13T06:03:49.497+0000] {taskinstance.py:2076} INFO - Dependencies all met for dep_context=requeueable deps ti=<TaskInstance: era5_download_pipeline.era5_accum scheduled__2026-06-13T05:00:00+00:00 [queued]>
[2026-06-13T06:03:49.498+0000] {taskinstance.py:2306} INFO - Starting attempt 1 of 1
[2026-06-13T06:03:49.517+0000] {taskinstance.py:2330} INFO - Executing <Task(PythonOperator): era5_accum> on 2026-06-13 05:00:00+00:00
[2026-06-13T06:03:49.532+0000] {warnings.py:110} WARNING - /home/***/.local/lib/python3.12/site-packages/***/task/task_runner/standard_task_runner.py:61: DeprecationWarning: This process (pid=36037) is multi-threaded, use of fork() may lead to deadlocks in the child.
  pid = os.fork()

[2026-06-13T06:03:49.534+0000] {standard_task_runner.py:63} INFO - Started process 36039 to run task
[2026-06-13T06:03:49.534+0000] {standard_task_runner.py:90} INFO - Running: ['***', 'tasks', 'run', 'era5_download_pipeline', 'era5_accum', 'scheduled__2026-06-13T05:00:00+00:00', '--job-id', '1464', '--raw', '--subdir', 'DAGS_FOLDER/era5_dag.py', '--cfg-path', '/tmp/tmpm_ijxm6s']
[2026-06-13T06:03:49.538+0000] {standard_task_runner.py:91} INFO - Job 1464: Subtask era5_accum
[2026-06-13T06:03:49.636+0000] {task_command.py:426} INFO - Running <TaskInstance: era5_download_pipeline.era5_accum scheduled__2026-06-13T05:00:00+00:00 [running]> on host 01cd476fb21a
[2026-06-13T06:03:49.776+0000] {taskinstance.py:2648} INFO - Exporting env vars: AIRFLOW_CTX_DAG_OWNER='era5' AIRFLOW_CTX_DAG_ID='era5_download_pipeline' AIRFLOW_CTX_TASK_ID='era5_accum' AIRFLOW_CTX_EXECUTION_DATE='2026-06-13T05:00:00+00:00' AIRFLOW_CTX_TRY_NUMBER='1' AIRFLOW_CTX_DAG_RUN_ID='scheduled__2026-06-13T05:00:00+00:00'
[2026-06-13T06:03:49.778+0000] {taskinstance.py:430} INFO - ::endgroup::
[2026-06-13T06:03:50.841+0000] {logging_mixin.py:188} WARNING - 2026-06-13 06:03:50,841 INFO [2026-06-11T00:00:00Z] Upcoming essential maintenance sessions on Data Stores underlying infrastructure on 15 June. Service disruption expected. For further details, please [visit our forum announcement](https://forum.ecmwf.int/t/upcoming-essential-maintenance-sessions-on-data-stores-underlying-infrastructure-part-2/150414).
[2026-06-13T06:03:50.841+0000] {legacy_client.py:192} INFO - [2026-06-11T00:00:00Z] Upcoming essential maintenance sessions on Data Stores underlying infrastructure on 15 June. Service disruption expected. For further details, please [visit our forum announcement](https://forum.ecmwf.int/t/upcoming-essential-maintenance-sessions-on-data-stores-underlying-infrastructure-part-2/150414).
[2026-06-13T06:03:50.850+0000] {logging_mixin.py:188} WARNING - 2026-06-13 06:03:50 [INFO] === START job=accum date=2026-06-13 ===
[2026-06-13T06:03:50.850+0000] {era5_functions.py:368} INFO - === START job=accum date=2026-06-13 ===
[2026-06-13T06:03:50.852+0000] {logging_mixin.py:188} WARNING - 2026-06-13 06:03:50 [INFO] --- job=accum date=20260613 ---
[2026-06-13T06:03:50.852+0000] {era5_functions.py:330} INFO - --- job=accum date=20260613 ---
[2026-06-13T06:03:51.603+0000] {logging_mixin.py:188} WARNING - 2026-06-13 06:03:51 [WARNING] get_cds_count failed: 400 Client Error: Bad Request for url: https://cds.climate.copernicus.eu/api/retrieve/v1/processes/reanalysis-era5-single-levels/execution
invalid request
None of the data you have requested is available yet, please revise the period requested. The latest date available for this dataset is: 2026-06-08 06:00
[2026-06-13T06:03:51.603+0000] {era5_functions.py:131} WARNING - get_cds_count failed: 400 Client Error: Bad Request for url: https://cds.climate.copernicus.eu/api/retrieve/v1/processes/reanalysis-era5-single-levels/execution
invalid request
None of the data you have requested is available yet, please revise the period requested. The latest date available for this dataset is: 2026-06-08 06:00
[2026-06-13T06:03:51.607+0000] {logging_mixin.py:188} WARNING - 2026-06-13 06:03:51 [WARNING] CDS ยังไม่มีข้อมูล job=accum date=20260613, skip
[2026-06-13T06:03:51.607+0000] {era5_functions.py:335} WARNING - CDS ยังไม่มีข้อมูล job=accum date=20260613, skip
[2026-06-13T06:03:51.609+0000] {logging_mixin.py:188} WARNING - 2026-06-13 06:03:51 [INFO] --- job=accum date=20260612 ---
[2026-06-13T06:03:51.609+0000] {era5_functions.py:330} INFO - --- job=accum date=20260612 ---
[2026-06-13T06:03:52.080+0000] {logging_mixin.py:188} WARNING - 2026-06-13 06:03:52 [WARNING] get_cds_count failed: 400 Client Error: Bad Request for url: https://cds.climate.copernicus.eu/api/retrieve/v1/processes/reanalysis-era5-single-levels/execution
invalid request
None of the data you have requested is available yet, please revise the period requested. The latest date available for this dataset is: 2026-06-08 06:00
[2026-06-13T06:03:52.080+0000] {era5_functions.py:131} WARNING - get_cds_count failed: 400 Client Error: Bad Request for url: https://cds.climate.copernicus.eu/api/retrieve/v1/processes/reanalysis-era5-single-levels/execution
invalid request
None of the data you have requested is available yet, please revise the period requested. The latest date available for this dataset is: 2026-06-08 06:00
[2026-06-13T06:03:52.083+0000] {logging_mixin.py:188} WARNING - 2026-06-13 06:03:52 [WARNING] CDS ยังไม่มีข้อมูล job=accum date=20260612, skip
[2026-06-13T06:03:52.083+0000] {era5_functions.py:335} WARNING - CDS ยังไม่มีข้อมูล job=accum date=20260612, skip
[2026-06-13T06:03:52.085+0000] {logging_mixin.py:188} WARNING - 2026-06-13 06:03:52 [INFO] --- job=accum date=20260611 ---
[2026-06-13T06:03:52.085+0000] {era5_functions.py:330} INFO - --- job=accum date=20260611 ---
[2026-06-13T06:03:52.637+0000] {logging_mixin.py:188} WARNING - 2026-06-13 06:03:52 [WARNING] get_cds_count failed: 400 Client Error: Bad Request for url: https://cds.climate.copernicus.eu/api/retrieve/v1/processes/reanalysis-era5-single-levels/execution
invalid request
None of the data you have requested is available yet, please revise the period requested. The latest date available for this dataset is: 2026-06-08 06:00
[2026-06-13T06:03:52.636+0000] {era5_functions.py:131} WARNING - get_cds_count failed: 400 Client Error: Bad Request for url: https://cds.climate.copernicus.eu/api/retrieve/v1/processes/reanalysis-era5-single-levels/execution
invalid request
None of the data you have requested is available yet, please revise the period requested. The latest date available for this dataset is: 2026-06-08 06:00
[2026-06-13T06:03:52.640+0000] {logging_mixin.py:188} WARNING - 2026-06-13 06:03:52 [WARNING] CDS ยังไม่มีข้อมูล job=accum date=20260611, skip
[2026-06-13T06:03:52.639+0000] {era5_functions.py:335} WARNING - CDS ยังไม่มีข้อมูล job=accum date=20260611, skip
[2026-06-13T06:03:52.642+0000] {logging_mixin.py:188} WARNING - 2026-06-13 06:03:52 [INFO] --- job=accum date=20260610 ---
[2026-06-13T06:03:52.642+0000] {era5_functions.py:330} INFO - --- job=accum date=20260610 ---
[2026-06-13T06:03:53.173+0000] {logging_mixin.py:188} WARNING - 2026-06-13 06:03:53 [WARNING] get_cds_count failed: 400 Client Error: Bad Request for url: https://cds.climate.copernicus.eu/api/retrieve/v1/processes/reanalysis-era5-single-levels/execution
invalid request
None of the data you have requested is available yet, please revise the period requested. The latest date available for this dataset is: 2026-06-08 06:00
[2026-06-13T06:03:53.173+0000] {era5_functions.py:131} WARNING - get_cds_count failed: 400 Client Error: Bad Request for url: https://cds.climate.copernicus.eu/api/retrieve/v1/processes/reanalysis-era5-single-levels/execution
invalid request
None of the data you have requested is available yet, please revise the period requested. The latest date available for this dataset is: 2026-06-08 06:00
[2026-06-13T06:03:53.178+0000] {logging_mixin.py:188} WARNING - 2026-06-13 06:03:53 [WARNING] CDS ยังไม่มีข้อมูล job=accum date=20260610, skip
[2026-06-13T06:03:53.178+0000] {era5_functions.py:335} WARNING - CDS ยังไม่มีข้อมูล job=accum date=20260610, skip
[2026-06-13T06:03:53.180+0000] {logging_mixin.py:188} WARNING - 2026-06-13 06:03:53 [INFO] --- job=accum date=20260609 ---
[2026-06-13T06:03:53.180+0000] {era5_functions.py:330} INFO - --- job=accum date=20260609 ---
[2026-06-13T06:03:53.728+0000] {logging_mixin.py:188} WARNING - 2026-06-13 06:03:53 [WARNING] get_cds_count failed: 400 Client Error: Bad Request for url: https://cds.climate.copernicus.eu/api/retrieve/v1/processes/reanalysis-era5-single-levels/execution
invalid request
None of the data you have requested is available yet, please revise the period requested. The latest date available for this dataset is: 2026-06-08 06:00
[2026-06-13T06:03:53.727+0000] {era5_functions.py:131} WARNING - get_cds_count failed: 400 Client Error: Bad Request for url: https://cds.climate.copernicus.eu/api/retrieve/v1/processes/reanalysis-era5-single-levels/execution
invalid request
None of the data you have requested is available yet, please revise the period requested. The latest date available for this dataset is: 2026-06-08 06:00
[2026-06-13T06:03:53.730+0000] {logging_mixin.py:188} WARNING - 2026-06-13 06:03:53 [WARNING] CDS ยังไม่มีข้อมูล job=accum date=20260609, skip
[2026-06-13T06:03:53.730+0000] {era5_functions.py:335} WARNING - CDS ยังไม่มีข้อมูล job=accum date=20260609, skip
[2026-06-13T06:03:53.734+0000] {logging_mixin.py:188} WARNING - 2026-06-13 06:03:53 [INFO] --- job=accum date=20260608 ---
[2026-06-13T06:03:53.734+0000] {era5_functions.py:330} INFO - --- job=accum date=20260608 ---
[2026-06-13T06:03:54.593+0000] {logging_mixin.py:188} WARNING - 2026-06-13 06:03:54,593 INFO [2025-12-11T00:00:00] Please note that a dedicated catalogue entry for this dataset, post-processed and stored in Analysis Ready Cloud Optimized (ARCO) format (Zarr), is available for optimised time-series retrievals (i.e. for retrieving data from selected variables for a single point over an extended period of time in an efficient way). You can discover it [here](https://cds.climate.copernicus.eu/datasets/reanalysis-era5-single-levels-timeseries?tab=overview)
[2026-06-13T06:03:54.593+0000] {legacy_client.py:192} INFO - [2025-12-11T00:00:00] Please note that a dedicated catalogue entry for this dataset, post-processed and stored in Analysis Ready Cloud Optimized (ARCO) format (Zarr), is available for optimised time-series retrievals (i.e. for retrieving data from selected variables for a single point over an extended period of time in an efficient way). You can discover it [here](https://cds.climate.copernicus.eu/datasets/reanalysis-era5-single-levels-timeseries?tab=overview)
[2026-06-13T06:03:54.598+0000] {logging_mixin.py:188} WARNING - 2026-06-13 06:03:54,597 INFO Request ID is 3e3b2463-65e7-4fa5-b491-fc79bca553e6
[2026-06-13T06:03:54.597+0000] {legacy_client.py:192} INFO - Request ID is 3e3b2463-65e7-4fa5-b491-fc79bca553e6
[2026-06-13T06:03:54.823+0000] {logging_mixin.py:188} WARNING - 2026-06-13 06:03:54,823 INFO status has been updated to accepted
[2026-06-13T06:03:54.823+0000] {legacy_client.py:192} INFO - status has been updated to accepted
[2026-06-13T06:04:16.858+0000] {logging_mixin.py:188} WARNING - 2026-06-13 06:04:16,858 INFO status has been updated to running
[2026-06-13T06:04:16.858+0000] {legacy_client.py:192} INFO - status has been updated to running
[2026-06-13T06:04:28.480+0000] {logging_mixin.py:188} WARNING - 2026-06-13 06:04:28,480 INFO status has been updated to successful
[2026-06-13T06:04:28.480+0000] {legacy_client.py:192} INFO - status has been updated to successful
[2026-06-13T06:04:28.927+0000] {base.py:119} INFO - Downloading https://object-store.os-api.cci2.ecmwf.int:443/cci2-prod-cache-2/2026-06-13/3d6b32750ab1fe1ab715d1164e790eb4.nc
[2026-06-13T06:04:29.899+0000] {logging_mixin.py:188} WARNING - 3d6b32750ab1fe1ab715d1164e790eb4.nc:   0%|          | 0.00/126k [00:00<?, ?B/s]
[2026-06-13T06:04:31.494+0000] {logging_mixin.py:188} WARNING - 3d6b32750ab1fe1ab715d1164e790eb4.nc: 100%|##########| 126k/126k [00:01<00:00, 81.4kB/s]
[2026-06-13T06:04:31.500+0000] {logging_mixin.py:188} WARNING -                                                                                        
[2026-06-13T06:04:31.792+0000] {logging_mixin.py:188} WARNING - 2026-06-13 06:04:31 [INFO] CDS timestep available: 7
[2026-06-13T06:04:31.792+0000] {era5_functions.py:128} INFO - CDS timestep available: 7
[2026-06-13T06:04:31.858+0000] {logging_mixin.py:188} WARNING - 2026-06-13 06:04:31 [INFO] local timestep: 6 — /opt/***/era5/ecmwf/data/nc/_raw/2026/06/08/accum_20260608.nc
[2026-06-13T06:04:31.857+0000] {era5_functions.py:152} INFO - local timestep: 6 — /opt/***/era5/ecmwf/data/nc/_raw/2026/06/08/accum_20260608.nc
[2026-06-13T06:04:31.868+0000] {logging_mixin.py:188} WARNING - 2026-06-13 06:04:31 [INFO] nc outdated (local=6 < cds=7), removing: /opt/***/era5/ecmwf/data/nc/_raw/2026/06/08/accum_20260608.nc
[2026-06-13T06:04:31.868+0000] {era5_functions.py:193} INFO - nc outdated (local=6 < cds=7), removing: /opt/***/era5/ecmwf/data/nc/_raw/2026/06/08/accum_20260608.nc
[2026-06-13T06:04:31.891+0000] {logging_mixin.py:188} WARNING - 2026-06-13 06:04:31 [INFO] download attempt 1/3: /opt/***/era5/ecmwf/data/nc/_raw/2026/06/08/accum_20260608.nc
[2026-06-13T06:04:31.891+0000] {era5_functions.py:200} INFO - download attempt 1/3: /opt/***/era5/ecmwf/data/nc/_raw/2026/06/08/accum_20260608.nc
[2026-06-13T06:04:32.646+0000] {logging_mixin.py:188} WARNING - 2026-06-13 06:04:32,646 INFO [2025-12-11T00:00:00] Please note that a dedicated catalogue entry for this dataset, post-processed and stored in Analysis Ready Cloud Optimized (ARCO) format (Zarr), is available for optimised time-series retrievals (i.e. for retrieving data from selected variables for a single point over an extended period of time in an efficient way). You can discover it [here](https://cds.climate.copernicus.eu/datasets/reanalysis-era5-single-levels-timeseries?tab=overview)
[2026-06-13T06:04:32.646+0000] {legacy_client.py:192} INFO - [2025-12-11T00:00:00] Please note that a dedicated catalogue entry for this dataset, post-processed and stored in Analysis Ready Cloud Optimized (ARCO) format (Zarr), is available for optimised time-series retrievals (i.e. for retrieving data from selected variables for a single point over an extended period of time in an efficient way). You can discover it [here](https://cds.climate.copernicus.eu/datasets/reanalysis-era5-single-levels-timeseries?tab=overview)
[2026-06-13T06:04:32.650+0000] {logging_mixin.py:188} WARNING - 2026-06-13 06:04:32,649 INFO Request ID is 94d03741-d936-4123-80fc-39b741860c12
[2026-06-13T06:04:32.649+0000] {legacy_client.py:192} INFO - Request ID is 94d03741-d936-4123-80fc-39b741860c12
[2026-06-13T06:04:32.862+0000] {logging_mixin.py:188} WARNING - 2026-06-13 06:04:32,861 INFO status has been updated to accepted
[2026-06-13T06:04:32.861+0000] {legacy_client.py:192} INFO - status has been updated to accepted
[2026-06-13T06:04:47.810+0000] {logging_mixin.py:188} WARNING - 2026-06-13 06:04:47,810 INFO status has been updated to running
[2026-06-13T06:04:47.810+0000] {legacy_client.py:192} INFO - status has been updated to running
[2026-06-13T06:04:55.615+0000] {logging_mixin.py:188} WARNING - 2026-06-13 06:04:55,614 INFO status has been updated to successful
[2026-06-13T06:04:55.614+0000] {legacy_client.py:192} INFO - status has been updated to successful
[2026-06-13T06:04:56.063+0000] {base.py:119} INFO - Downloading https://object-store.os-api.cci2.ecmwf.int:443/cci2-prod-cache-3/2026-06-13/5fcad3426fe2735c084d61cce25ab6f.nc
[2026-06-13T06:04:56.773+0000] {logging_mixin.py:188} WARNING - 5fcad3426fe2735c084d61cce25ab6f.nc:   0%|          | 0.00/126k [00:00<?, ?B/s]
[2026-06-13T06:04:58.309+0000] {logging_mixin.py:188} WARNING - 5fcad3426fe2735c084d61cce25ab6f.nc: 100%|##########| 126k/126k [00:01<00:00, 84.4kB/s]
[2026-06-13T06:04:58.322+0000] {logging_mixin.py:188} WARNING -                                                                                       
[2026-06-13T06:04:58.397+0000] {logging_mixin.py:188} WARNING - 2026-06-13 06:04:58 [INFO] nc downloaded ok: /opt/***/era5/ecmwf/data/nc/_raw/2026/06/08/accum_20260608.nc
[2026-06-13T06:04:58.397+0000] {era5_functions.py:204} INFO - nc downloaded ok: /opt/***/era5/ecmwf/data/nc/_raw/2026/06/08/accum_20260608.nc
[2026-06-13T06:04:58.472+0000] {logging_mixin.py:188} WARNING - 2026-06-13 06:04:58 [INFO] local timestep: 7 — /opt/***/era5/ecmwf/data/nc/_raw/2026/06/08/accum_20260608.nc
[2026-06-13T06:04:58.471+0000] {era5_functions.py:152} INFO - local timestep: 7 — /opt/***/era5/ecmwf/data/nc/_raw/2026/06/08/accum_20260608.nc
[2026-06-13T06:04:58.578+0000] {logging_mixin.py:188} WARNING - 2026-06-13 06:04:58 [INFO] tif outdated (tif=6 < nc=7), removing: /opt/***/era5/ecmwf/data/tif/2026/06/08/tp_20260608.tif
[2026-06-13T06:04:58.578+0000] {era5_functions.py:261} INFO - tif outdated (tif=6 < nc=7), removing: /opt/***/era5/ecmwf/data/tif/2026/06/08/tp_20260608.tif
[2026-06-13T06:04:58.671+0000] {logging_mixin.py:188} WARNING - 2026-06-13 06:04:58 [INFO] tif ok (bands=7): /opt/***/era5/ecmwf/data/tif/2026/06/08/tp_20260608.tif
[2026-06-13T06:04:58.671+0000] {era5_functions.py:304} INFO - tif ok (bands=7): /opt/***/era5/ecmwf/data/tif/2026/06/08/tp_20260608.tif
[2026-06-13T06:04:58.676+0000] {logging_mixin.py:188} WARNING - 2026-06-13 06:04:58 [INFO] === END job=accum date=2026-06-13 ===
[2026-06-13T06:04:58.676+0000] {era5_functions.py:379} INFO - === END job=accum date=2026-06-13 ===
[2026-06-13T06:04:58.678+0000] {python.py:237} INFO - Done. Returned value was: None
[2026-06-13T06:04:58.678+0000] {taskinstance.py:441} INFO - ::group::Post task execution logs
[2026-06-13T06:04:58.696+0000] {taskinstance.py:1206} INFO - Marking task as SUCCESS. dag_id=era5_download_pipeline, task_id=era5_accum, run_id=scheduled__2026-06-13T05:00:00+00:00, execution_date=20260613T050000, start_date=20260613T060349, end_date=20260613T060458
[2026-06-13T06:04:58.775+0000] {local_task_job_runner.py:240} INFO - Task exited with return code 0
[2026-06-13T06:04:58.803+0000] {taskinstance.py:3498} INFO - 0 downstream tasks scheduled from follow-on schedule check
[2026-06-13T06:04:58.807+0000] {local_task_job_runner.py:222} INFO - ::endgroup::
