[2026-06-09T23:01:26.430+0000] {local_task_job_runner.py:120} INFO - ::group::Pre task execution logs
[2026-06-09T23:01:26.462+0000] {taskinstance.py:2076} INFO - Dependencies all met for dep_context=non-requeueable deps ti=<TaskInstance: era5_download_pipeline.era5_accum scheduled__2026-06-09T22:00:00+00:00 [queued]>
[2026-06-09T23:01:26.473+0000] {taskinstance.py:2076} INFO - Dependencies all met for dep_context=requeueable deps ti=<TaskInstance: era5_download_pipeline.era5_accum scheduled__2026-06-09T22:00:00+00:00 [queued]>
[2026-06-09T23:01:26.474+0000] {taskinstance.py:2306} INFO - Starting attempt 1 of 1
[2026-06-09T23:01:26.489+0000] {taskinstance.py:2330} INFO - Executing <Task(PythonOperator): era5_accum> on 2026-06-09 22:00:00+00:00
[2026-06-09T23:01:26.501+0000] {warnings.py:110} WARNING - /home/***/.local/lib/python3.12/site-packages/***/task/task_runner/standard_task_runner.py:61: DeprecationWarning: This process (pid=142317) is multi-threaded, use of fork() may lead to deadlocks in the child.
  pid = os.fork()

[2026-06-09T23:01:26.504+0000] {standard_task_runner.py:63} INFO - Started process 142319 to run task
[2026-06-09T23:01:26.506+0000] {standard_task_runner.py:90} INFO - Running: ['***', 'tasks', 'run', 'era5_download_pipeline', 'era5_accum', 'scheduled__2026-06-09T22:00:00+00:00', '--job-id', '1311', '--raw', '--subdir', 'DAGS_FOLDER/era5_dag.py', '--cfg-path', '/tmp/tmpool2y6b7']
[2026-06-09T23:01:26.511+0000] {standard_task_runner.py:91} INFO - Job 1311: Subtask era5_accum
[2026-06-09T23:01:26.606+0000] {task_command.py:426} INFO - Running <TaskInstance: era5_download_pipeline.era5_accum scheduled__2026-06-09T22:00:00+00:00 [running]> on host 01cd476fb21a
[2026-06-09T23:01:26.715+0000] {taskinstance.py:2648} INFO - Exporting env vars: AIRFLOW_CTX_DAG_OWNER='era5' AIRFLOW_CTX_DAG_ID='era5_download_pipeline' AIRFLOW_CTX_TASK_ID='era5_accum' AIRFLOW_CTX_EXECUTION_DATE='2026-06-09T22:00:00+00:00' AIRFLOW_CTX_TRY_NUMBER='1' AIRFLOW_CTX_DAG_RUN_ID='scheduled__2026-06-09T22:00:00+00:00'
[2026-06-09T23:01:26.717+0000] {taskinstance.py:430} INFO - ::endgroup::
[2026-06-09T23:01:27.818+0000] {logging_mixin.py:188} WARNING - 2026-06-09 23:01:27 [INFO] === START job=accum date=2026-06-09 ===
[2026-06-09T23:01:27.818+0000] {era5_functions.py:368} INFO - === START job=accum date=2026-06-09 ===
[2026-06-09T23:01:27.821+0000] {logging_mixin.py:188} WARNING - 2026-06-09 23:01:27 [INFO] --- job=accum date=20260609 ---
[2026-06-09T23:01:27.821+0000] {era5_functions.py:330} INFO - --- job=accum date=20260609 ---
[2026-06-09T23:01:29.737+0000] {logging_mixin.py:188} WARNING - 2026-06-09 23:01:29 [WARNING] get_cds_count failed: 400 Client Error: Bad Request for url: https://cds.climate.copernicus.eu/api/retrieve/v1/processes/reanalysis-era5-single-levels/execution
invalid request
None of the data you have requested is available yet, please revise the period requested. The latest date available for this dataset is: 2026-06-04 23:00
[2026-06-09T23:01:29.737+0000] {era5_functions.py:131} WARNING - get_cds_count failed: 400 Client Error: Bad Request for url: https://cds.climate.copernicus.eu/api/retrieve/v1/processes/reanalysis-era5-single-levels/execution
invalid request
None of the data you have requested is available yet, please revise the period requested. The latest date available for this dataset is: 2026-06-04 23:00
[2026-06-09T23:01:29.743+0000] {logging_mixin.py:188} WARNING - 2026-06-09 23:01:29 [WARNING] CDS ยังไม่มีข้อมูล job=accum date=20260609, skip
[2026-06-09T23:01:29.743+0000] {era5_functions.py:335} WARNING - CDS ยังไม่มีข้อมูล job=accum date=20260609, skip
[2026-06-09T23:01:29.746+0000] {logging_mixin.py:188} WARNING - 2026-06-09 23:01:29 [INFO] --- job=accum date=20260608 ---
[2026-06-09T23:01:29.746+0000] {era5_functions.py:330} INFO - --- job=accum date=20260608 ---
[2026-06-09T23:01:30.367+0000] {logging_mixin.py:188} WARNING - 2026-06-09 23:01:30 [WARNING] get_cds_count failed: 400 Client Error: Bad Request for url: https://cds.climate.copernicus.eu/api/retrieve/v1/processes/reanalysis-era5-single-levels/execution
invalid request
None of the data you have requested is available yet, please revise the period requested. The latest date available for this dataset is: 2026-06-04 23:00
[2026-06-09T23:01:30.367+0000] {era5_functions.py:131} WARNING - get_cds_count failed: 400 Client Error: Bad Request for url: https://cds.climate.copernicus.eu/api/retrieve/v1/processes/reanalysis-era5-single-levels/execution
invalid request
None of the data you have requested is available yet, please revise the period requested. The latest date available for this dataset is: 2026-06-04 23:00
[2026-06-09T23:01:30.373+0000] {logging_mixin.py:188} WARNING - 2026-06-09 23:01:30 [WARNING] CDS ยังไม่มีข้อมูล job=accum date=20260608, skip
[2026-06-09T23:01:30.373+0000] {era5_functions.py:335} WARNING - CDS ยังไม่มีข้อมูล job=accum date=20260608, skip
[2026-06-09T23:01:30.376+0000] {logging_mixin.py:188} WARNING - 2026-06-09 23:01:30 [INFO] --- job=accum date=20260607 ---
[2026-06-09T23:01:30.376+0000] {era5_functions.py:330} INFO - --- job=accum date=20260607 ---
[2026-06-09T23:01:30.958+0000] {logging_mixin.py:188} WARNING - 2026-06-09 23:01:30 [WARNING] get_cds_count failed: 400 Client Error: Bad Request for url: https://cds.climate.copernicus.eu/api/retrieve/v1/processes/reanalysis-era5-single-levels/execution
invalid request
None of the data you have requested is available yet, please revise the period requested. The latest date available for this dataset is: 2026-06-04 23:00
[2026-06-09T23:01:30.958+0000] {era5_functions.py:131} WARNING - get_cds_count failed: 400 Client Error: Bad Request for url: https://cds.climate.copernicus.eu/api/retrieve/v1/processes/reanalysis-era5-single-levels/execution
invalid request
None of the data you have requested is available yet, please revise the period requested. The latest date available for this dataset is: 2026-06-04 23:00
[2026-06-09T23:01:30.964+0000] {logging_mixin.py:188} WARNING - 2026-06-09 23:01:30 [WARNING] CDS ยังไม่มีข้อมูล job=accum date=20260607, skip
[2026-06-09T23:01:30.964+0000] {era5_functions.py:335} WARNING - CDS ยังไม่มีข้อมูล job=accum date=20260607, skip
[2026-06-09T23:01:30.970+0000] {logging_mixin.py:188} WARNING - 2026-06-09 23:01:30 [INFO] --- job=accum date=20260606 ---
[2026-06-09T23:01:30.969+0000] {era5_functions.py:330} INFO - --- job=accum date=20260606 ---
[2026-06-09T23:01:31.714+0000] {logging_mixin.py:188} WARNING - 2026-06-09 23:01:31 [WARNING] get_cds_count failed: 400 Client Error: Bad Request for url: https://cds.climate.copernicus.eu/api/retrieve/v1/processes/reanalysis-era5-single-levels/execution
invalid request
None of the data you have requested is available yet, please revise the period requested. The latest date available for this dataset is: 2026-06-04 23:00
[2026-06-09T23:01:31.714+0000] {era5_functions.py:131} WARNING - get_cds_count failed: 400 Client Error: Bad Request for url: https://cds.climate.copernicus.eu/api/retrieve/v1/processes/reanalysis-era5-single-levels/execution
invalid request
None of the data you have requested is available yet, please revise the period requested. The latest date available for this dataset is: 2026-06-04 23:00
[2026-06-09T23:01:31.718+0000] {logging_mixin.py:188} WARNING - 2026-06-09 23:01:31 [WARNING] CDS ยังไม่มีข้อมูล job=accum date=20260606, skip
[2026-06-09T23:01:31.718+0000] {era5_functions.py:335} WARNING - CDS ยังไม่มีข้อมูล job=accum date=20260606, skip
[2026-06-09T23:01:31.720+0000] {logging_mixin.py:188} WARNING - 2026-06-09 23:01:31 [INFO] --- job=accum date=20260605 ---
[2026-06-09T23:01:31.720+0000] {era5_functions.py:330} INFO - --- job=accum date=20260605 ---
[2026-06-09T23:01:35.913+0000] {logging_mixin.py:188} WARNING - 2026-06-09 23:01:35 [WARNING] get_cds_count failed: 400 Client Error: Bad Request for url: https://cds.climate.copernicus.eu/api/retrieve/v1/processes/reanalysis-era5-single-levels/execution
invalid request
None of the data you have requested is available yet, please revise the period requested. The latest date available for this dataset is: 2026-06-04 23:00
[2026-06-09T23:01:35.912+0000] {era5_functions.py:131} WARNING - get_cds_count failed: 400 Client Error: Bad Request for url: https://cds.climate.copernicus.eu/api/retrieve/v1/processes/reanalysis-era5-single-levels/execution
invalid request
None of the data you have requested is available yet, please revise the period requested. The latest date available for this dataset is: 2026-06-04 23:00
[2026-06-09T23:01:35.919+0000] {logging_mixin.py:188} WARNING - 2026-06-09 23:01:35 [WARNING] CDS ยังไม่มีข้อมูล job=accum date=20260605, skip
[2026-06-09T23:01:35.919+0000] {era5_functions.py:335} WARNING - CDS ยังไม่มีข้อมูล job=accum date=20260605, skip
[2026-06-09T23:01:35.924+0000] {logging_mixin.py:188} WARNING - 2026-06-09 23:01:35 [INFO] --- job=accum date=20260604 ---
[2026-06-09T23:01:35.923+0000] {era5_functions.py:330} INFO - --- job=accum date=20260604 ---
[2026-06-09T23:01:36.886+0000] {logging_mixin.py:188} WARNING - 2026-06-09 23:01:36,886 INFO [2025-12-11T00:00:00] Please note that a dedicated catalogue entry for this dataset, post-processed and stored in Analysis Ready Cloud Optimized (ARCO) format (Zarr), is available for optimised time-series retrievals (i.e. for retrieving data from selected variables for a single point over an extended period of time in an efficient way). You can discover it [here](https://cds.climate.copernicus.eu/datasets/reanalysis-era5-single-levels-timeseries?tab=overview)
[2026-06-09T23:01:36.886+0000] {legacy_client.py:192} INFO - [2025-12-11T00:00:00] Please note that a dedicated catalogue entry for this dataset, post-processed and stored in Analysis Ready Cloud Optimized (ARCO) format (Zarr), is available for optimised time-series retrievals (i.e. for retrieving data from selected variables for a single point over an extended period of time in an efficient way). You can discover it [here](https://cds.climate.copernicus.eu/datasets/reanalysis-era5-single-levels-timeseries?tab=overview)
[2026-06-09T23:01:36.890+0000] {logging_mixin.py:188} WARNING - 2026-06-09 23:01:36,890 INFO Request ID is fdc0eebf-6d8d-4a91-b94f-9e2a6c3b3a90
[2026-06-09T23:01:36.890+0000] {legacy_client.py:192} INFO - Request ID is fdc0eebf-6d8d-4a91-b94f-9e2a6c3b3a90
[2026-06-09T23:01:37.095+0000] {logging_mixin.py:188} WARNING - 2026-06-09 23:01:37,095 INFO status has been updated to accepted
[2026-06-09T23:01:37.095+0000] {legacy_client.py:192} INFO - status has been updated to accepted
[2026-06-09T23:01:47.333+0000] {logging_mixin.py:188} WARNING - 2026-06-09 23:01:47,333 INFO status has been updated to running
[2026-06-09T23:01:47.333+0000] {legacy_client.py:192} INFO - status has been updated to running
[2026-06-09T23:01:52.616+0000] {logging_mixin.py:188} WARNING - 2026-06-09 23:01:52,616 INFO status has been updated to successful
[2026-06-09T23:01:52.616+0000] {legacy_client.py:192} INFO - status has been updated to successful
[2026-06-09T23:01:53.047+0000] {base.py:119} INFO - Downloading https://object-store.os-api.cci2.ecmwf.int:443/cci2-prod-cache-1/2026-06-09/183bd7f3aff50921967247a15ad5dffe.nc
[2026-06-09T23:01:53.731+0000] {logging_mixin.py:188} WARNING - 183bd7f3aff50921967247a15ad5dffe.nc:   0%|          | 0.00/336k [00:00<?, ?B/s]
[2026-06-09T23:01:55.434+0000] {logging_mixin.py:188} WARNING - 183bd7f3aff50921967247a15ad5dffe.nc: 100%|##########| 336k/336k [00:01<00:00, 203kB/s]
[2026-06-09T23:01:55.438+0000] {logging_mixin.py:188} WARNING -                                                                                       
[2026-06-09T23:01:55.750+0000] {logging_mixin.py:188} WARNING - 2026-06-09 23:01:55 [INFO] CDS timestep available: 24
[2026-06-09T23:01:55.749+0000] {era5_functions.py:128} INFO - CDS timestep available: 24
[2026-06-09T23:01:55.817+0000] {logging_mixin.py:188} WARNING - 2026-06-09 23:01:55 [INFO] local timestep: 23 — /opt/***/era5/ecmwf/data/nc/_raw/2026/06/04/accum_20260604.nc
[2026-06-09T23:01:55.816+0000] {era5_functions.py:152} INFO - local timestep: 23 — /opt/***/era5/ecmwf/data/nc/_raw/2026/06/04/accum_20260604.nc
[2026-06-09T23:01:55.826+0000] {logging_mixin.py:188} WARNING - 2026-06-09 23:01:55 [INFO] nc outdated (local=23 < cds=24), removing: /opt/***/era5/ecmwf/data/nc/_raw/2026/06/04/accum_20260604.nc
[2026-06-09T23:01:55.826+0000] {era5_functions.py:193} INFO - nc outdated (local=23 < cds=24), removing: /opt/***/era5/ecmwf/data/nc/_raw/2026/06/04/accum_20260604.nc
[2026-06-09T23:01:55.848+0000] {logging_mixin.py:188} WARNING - 2026-06-09 23:01:55 [INFO] download attempt 1/3: /opt/***/era5/ecmwf/data/nc/_raw/2026/06/04/accum_20260604.nc
[2026-06-09T23:01:55.847+0000] {era5_functions.py:200} INFO - download attempt 1/3: /opt/***/era5/ecmwf/data/nc/_raw/2026/06/04/accum_20260604.nc
[2026-06-09T23:01:56.611+0000] {logging_mixin.py:188} WARNING - 2026-06-09 23:01:56,611 INFO [2025-12-11T00:00:00] Please note that a dedicated catalogue entry for this dataset, post-processed and stored in Analysis Ready Cloud Optimized (ARCO) format (Zarr), is available for optimised time-series retrievals (i.e. for retrieving data from selected variables for a single point over an extended period of time in an efficient way). You can discover it [here](https://cds.climate.copernicus.eu/datasets/reanalysis-era5-single-levels-timeseries?tab=overview)
[2026-06-09T23:01:56.611+0000] {legacy_client.py:192} INFO - [2025-12-11T00:00:00] Please note that a dedicated catalogue entry for this dataset, post-processed and stored in Analysis Ready Cloud Optimized (ARCO) format (Zarr), is available for optimised time-series retrievals (i.e. for retrieving data from selected variables for a single point over an extended period of time in an efficient way). You can discover it [here](https://cds.climate.copernicus.eu/datasets/reanalysis-era5-single-levels-timeseries?tab=overview)
[2026-06-09T23:01:56.616+0000] {logging_mixin.py:188} WARNING - 2026-06-09 23:01:56,615 INFO Request ID is 46dd44e1-96cc-4999-a0a1-1b57e1809ae7
[2026-06-09T23:01:56.615+0000] {legacy_client.py:192} INFO - Request ID is 46dd44e1-96cc-4999-a0a1-1b57e1809ae7
[2026-06-09T23:01:56.822+0000] {logging_mixin.py:188} WARNING - 2026-06-09 23:01:56,822 INFO status has been updated to accepted
[2026-06-09T23:01:56.822+0000] {legacy_client.py:192} INFO - status has been updated to accepted
[2026-06-09T23:02:11.861+0000] {logging_mixin.py:188} WARNING - 2026-06-09 23:02:11,861 INFO status has been updated to running
[2026-06-09T23:02:11.861+0000] {legacy_client.py:192} INFO - status has been updated to running
[2026-06-09T23:02:17.132+0000] {logging_mixin.py:188} WARNING - 2026-06-09 23:02:17,131 INFO status has been updated to successful
[2026-06-09T23:02:17.131+0000] {legacy_client.py:192} INFO - status has been updated to successful
[2026-06-09T23:02:17.558+0000] {base.py:119} INFO - Downloading https://object-store.os-api.cci2.ecmwf.int:443/cci2-prod-cache-2/2026-06-09/6efde6e3652a061f8b7653a6f3d725b7.nc
[2026-06-09T23:02:18.570+0000] {logging_mixin.py:188} WARNING - 6efde6e3652a061f8b7653a6f3d725b7.nc:   0%|          | 0.00/336k [00:00<?, ?B/s]
[2026-06-09T23:02:20.018+0000] {logging_mixin.py:188} WARNING - 6efde6e3652a061f8b7653a6f3d725b7.nc: 100%|##########| 336k/336k [00:01<00:00, 238kB/s]
[2026-06-09T23:02:20.036+0000] {logging_mixin.py:188} WARNING -                                                                                       
[2026-06-09T23:02:20.154+0000] {logging_mixin.py:188} WARNING - 2026-06-09 23:02:20 [INFO] nc downloaded ok: /opt/***/era5/ecmwf/data/nc/_raw/2026/06/04/accum_20260604.nc
[2026-06-09T23:02:20.153+0000] {era5_functions.py:204} INFO - nc downloaded ok: /opt/***/era5/ecmwf/data/nc/_raw/2026/06/04/accum_20260604.nc
[2026-06-09T23:02:20.219+0000] {logging_mixin.py:188} WARNING - 2026-06-09 23:02:20 [INFO] local timestep: 24 — /opt/***/era5/ecmwf/data/nc/_raw/2026/06/04/accum_20260604.nc
[2026-06-09T23:02:20.218+0000] {era5_functions.py:152} INFO - local timestep: 24 — /opt/***/era5/ecmwf/data/nc/_raw/2026/06/04/accum_20260604.nc
[2026-06-09T23:02:20.301+0000] {logging_mixin.py:188} WARNING - 2026-06-09 23:02:20 [INFO] tif outdated (tif=23 < nc=24), removing: /opt/***/era5/ecmwf/data/tif/2026/06/04/tp_20260604.tif
[2026-06-09T23:02:20.301+0000] {era5_functions.py:261} INFO - tif outdated (tif=23 < nc=24), removing: /opt/***/era5/ecmwf/data/tif/2026/06/04/tp_20260604.tif
[2026-06-09T23:02:20.402+0000] {logging_mixin.py:188} WARNING - 2026-06-09 23:02:20 [INFO] tif ok (bands=24): /opt/***/era5/ecmwf/data/tif/2026/06/04/tp_20260604.tif
[2026-06-09T23:02:20.402+0000] {era5_functions.py:304} INFO - tif ok (bands=24): /opt/***/era5/ecmwf/data/tif/2026/06/04/tp_20260604.tif
[2026-06-09T23:02:20.406+0000] {logging_mixin.py:188} WARNING - 2026-06-09 23:02:20 [INFO] === END job=accum date=2026-06-09 ===
[2026-06-09T23:02:20.406+0000] {era5_functions.py:379} INFO - === END job=accum date=2026-06-09 ===
[2026-06-09T23:02:20.408+0000] {python.py:237} INFO - Done. Returned value was: None
[2026-06-09T23:02:20.408+0000] {taskinstance.py:441} INFO - ::group::Post task execution logs
[2026-06-09T23:02:20.421+0000] {taskinstance.py:1206} INFO - Marking task as SUCCESS. dag_id=era5_download_pipeline, task_id=era5_accum, run_id=scheduled__2026-06-09T22:00:00+00:00, execution_date=20260609T220000, start_date=20260609T230126, end_date=20260609T230220
[2026-06-09T23:02:20.505+0000] {local_task_job_runner.py:240} INFO - Task exited with return code 0
[2026-06-09T23:02:20.525+0000] {taskinstance.py:3498} INFO - 0 downstream tasks scheduled from follow-on schedule check
[2026-06-09T23:02:20.529+0000] {local_task_job_runner.py:222} INFO - ::endgroup::
