[2026-06-07T00:00:02.503+0000] {local_task_job_runner.py:120} INFO - ::group::Pre task execution logs
[2026-06-07T00:00:02.536+0000] {taskinstance.py:2076} INFO - Dependencies all met for dep_context=non-requeueable deps ti=<TaskInstance: era5_download_pipeline.era5_instant scheduled__2026-06-06T23:00:00+00:00 [queued]>
[2026-06-07T00:00:02.547+0000] {taskinstance.py:2076} INFO - Dependencies all met for dep_context=requeueable deps ti=<TaskInstance: era5_download_pipeline.era5_instant scheduled__2026-06-06T23:00:00+00:00 [queued]>
[2026-06-07T00:00:02.548+0000] {taskinstance.py:2306} INFO - Starting attempt 1 of 1
[2026-06-07T00:00:02.563+0000] {taskinstance.py:2330} INFO - Executing <Task(PythonOperator): era5_instant> on 2026-06-06 23:00:00+00:00
[2026-06-07T00:00:02.575+0000] {warnings.py:110} WARNING - /home/***/.local/lib/python3.12/site-packages/***/task/task_runner/standard_task_runner.py:61: DeprecationWarning: This process (pid=87515) is multi-threaded, use of fork() may lead to deadlocks in the child.
  pid = os.fork()

[2026-06-07T00:00:02.579+0000] {standard_task_runner.py:63} INFO - Started process 87541 to run task
[2026-06-07T00:00:02.579+0000] {standard_task_runner.py:90} INFO - Running: ['***', 'tasks', 'run', 'era5_download_pipeline', 'era5_instant', 'scheduled__2026-06-06T23:00:00+00:00', '--job-id', '1093', '--raw', '--subdir', 'DAGS_FOLDER/era5_dag.py', '--cfg-path', '/tmp/tmpw2ltzufb']
[2026-06-07T00:00:02.584+0000] {standard_task_runner.py:91} INFO - Job 1093: Subtask era5_instant
[2026-06-07T00:00:02.668+0000] {task_command.py:426} INFO - Running <TaskInstance: era5_download_pipeline.era5_instant scheduled__2026-06-06T23:00:00+00:00 [running]> on host 01cd476fb21a
[2026-06-07T00:00:02.808+0000] {taskinstance.py:2648} INFO - Exporting env vars: AIRFLOW_CTX_DAG_OWNER='era5' AIRFLOW_CTX_DAG_ID='era5_download_pipeline' AIRFLOW_CTX_TASK_ID='era5_instant' AIRFLOW_CTX_EXECUTION_DATE='2026-06-06T23:00:00+00:00' AIRFLOW_CTX_TRY_NUMBER='1' AIRFLOW_CTX_DAG_RUN_ID='scheduled__2026-06-06T23:00:00+00:00'
[2026-06-07T00:00:02.810+0000] {taskinstance.py:430} INFO - ::endgroup::
[2026-06-07T00:00:03.871+0000] {logging_mixin.py:188} WARNING - 2026-06-07 00:00:03 [INFO] === START job=instant date=2026-06-06 ===
[2026-06-07T00:00:03.871+0000] {era5_functions.py:368} INFO - === START job=instant date=2026-06-06 ===
[2026-06-07T00:00:03.875+0000] {logging_mixin.py:188} WARNING - 2026-06-07 00:00:03 [INFO] --- job=instant date=20260606 ---
[2026-06-07T00:00:03.875+0000] {era5_functions.py:330} INFO - --- job=instant date=20260606 ---
[2026-06-07T00:00:05.402+0000] {logging_mixin.py:188} WARNING - 2026-06-07 00:00:05 [WARNING] get_cds_count failed: 400 Client Error: Bad Request for url: https://cds.climate.copernicus.eu/api/retrieve/v1/processes/reanalysis-era5-single-levels/execution
invalid request
None of the data you have requested is available yet, please revise the period requested. The latest date available for this dataset is: 2026-06-02 00:00
[2026-06-07T00:00:05.401+0000] {era5_functions.py:131} WARNING - get_cds_count failed: 400 Client Error: Bad Request for url: https://cds.climate.copernicus.eu/api/retrieve/v1/processes/reanalysis-era5-single-levels/execution
invalid request
None of the data you have requested is available yet, please revise the period requested. The latest date available for this dataset is: 2026-06-02 00:00
[2026-06-07T00:00:05.405+0000] {logging_mixin.py:188} WARNING - 2026-06-07 00:00:05 [WARNING] CDS ยังไม่มีข้อมูล job=instant date=20260606, skip
[2026-06-07T00:00:05.405+0000] {era5_functions.py:335} WARNING - CDS ยังไม่มีข้อมูล job=instant date=20260606, skip
[2026-06-07T00:00:05.407+0000] {logging_mixin.py:188} WARNING - 2026-06-07 00:00:05 [INFO] --- job=instant date=20260605 ---
[2026-06-07T00:00:05.407+0000] {era5_functions.py:330} INFO - --- job=instant date=20260605 ---
[2026-06-07T00:00:07.838+0000] {logging_mixin.py:188} WARNING - 2026-06-07 00:00:07 [WARNING] get_cds_count failed: 400 Client Error: Bad Request for url: https://cds.climate.copernicus.eu/api/retrieve/v1/processes/reanalysis-era5-single-levels/execution
invalid request
None of the data you have requested is available yet, please revise the period requested. The latest date available for this dataset is: 2026-06-02 00:00
[2026-06-07T00:00:07.838+0000] {era5_functions.py:131} WARNING - get_cds_count failed: 400 Client Error: Bad Request for url: https://cds.climate.copernicus.eu/api/retrieve/v1/processes/reanalysis-era5-single-levels/execution
invalid request
None of the data you have requested is available yet, please revise the period requested. The latest date available for this dataset is: 2026-06-02 00:00
[2026-06-07T00:00:07.842+0000] {logging_mixin.py:188} WARNING - 2026-06-07 00:00:07 [WARNING] CDS ยังไม่มีข้อมูล job=instant date=20260605, skip
[2026-06-07T00:00:07.842+0000] {era5_functions.py:335} WARNING - CDS ยังไม่มีข้อมูล job=instant date=20260605, skip
[2026-06-07T00:00:07.845+0000] {logging_mixin.py:188} WARNING - 2026-06-07 00:00:07 [INFO] --- job=instant date=20260604 ---
[2026-06-07T00:00:07.845+0000] {era5_functions.py:330} INFO - --- job=instant date=20260604 ---
[2026-06-07T00:00:09.994+0000] {logging_mixin.py:188} WARNING - 2026-06-07 00:00:09 [WARNING] get_cds_count failed: 400 Client Error: Bad Request for url: https://cds.climate.copernicus.eu/api/retrieve/v1/processes/reanalysis-era5-single-levels/execution
invalid request
None of the data you have requested is available yet, please revise the period requested. The latest date available for this dataset is: 2026-06-02 00:00
[2026-06-07T00:00:09.994+0000] {era5_functions.py:131} WARNING - get_cds_count failed: 400 Client Error: Bad Request for url: https://cds.climate.copernicus.eu/api/retrieve/v1/processes/reanalysis-era5-single-levels/execution
invalid request
None of the data you have requested is available yet, please revise the period requested. The latest date available for this dataset is: 2026-06-02 00:00
[2026-06-07T00:00:10.000+0000] {logging_mixin.py:188} WARNING - 2026-06-07 00:00:09 [WARNING] CDS ยังไม่มีข้อมูล job=instant date=20260604, skip
[2026-06-07T00:00:09.999+0000] {era5_functions.py:335} WARNING - CDS ยังไม่มีข้อมูล job=instant date=20260604, skip
[2026-06-07T00:00:10.003+0000] {logging_mixin.py:188} WARNING - 2026-06-07 00:00:10 [INFO] --- job=instant date=20260603 ---
[2026-06-07T00:00:10.003+0000] {era5_functions.py:330} INFO - --- job=instant date=20260603 ---
[2026-06-07T00:00:12.452+0000] {logging_mixin.py:188} WARNING - 2026-06-07 00:00:12 [WARNING] get_cds_count failed: 400 Client Error: Bad Request for url: https://cds.climate.copernicus.eu/api/retrieve/v1/processes/reanalysis-era5-single-levels/execution
invalid request
None of the data you have requested is available yet, please revise the period requested. The latest date available for this dataset is: 2026-06-02 00:00
[2026-06-07T00:00:12.451+0000] {era5_functions.py:131} WARNING - get_cds_count failed: 400 Client Error: Bad Request for url: https://cds.climate.copernicus.eu/api/retrieve/v1/processes/reanalysis-era5-single-levels/execution
invalid request
None of the data you have requested is available yet, please revise the period requested. The latest date available for this dataset is: 2026-06-02 00:00
[2026-06-07T00:00:12.457+0000] {logging_mixin.py:188} WARNING - 2026-06-07 00:00:12 [WARNING] CDS ยังไม่มีข้อมูล job=instant date=20260603, skip
[2026-06-07T00:00:12.457+0000] {era5_functions.py:335} WARNING - CDS ยังไม่มีข้อมูล job=instant date=20260603, skip
[2026-06-07T00:00:12.460+0000] {logging_mixin.py:188} WARNING - 2026-06-07 00:00:12 [INFO] --- job=instant date=20260602 ---
[2026-06-07T00:00:12.460+0000] {era5_functions.py:330} INFO - --- job=instant date=20260602 ---
[2026-06-07T00:00:14.732+0000] {logging_mixin.py:188} WARNING - 2026-06-07 00:00:14,732 INFO [2025-12-11T00:00:00] Please note that a dedicated catalogue entry for this dataset, post-processed and stored in Analysis Ready Cloud Optimized (ARCO) format (Zarr), is available for optimised time-series retrievals (i.e. for retrieving data from selected variables for a single point over an extended period of time in an efficient way). You can discover it [here](https://cds.climate.copernicus.eu/datasets/reanalysis-era5-single-levels-timeseries?tab=overview)
[2026-06-07T00:00:14.732+0000] {legacy_client.py:192} INFO - [2025-12-11T00:00:00] Please note that a dedicated catalogue entry for this dataset, post-processed and stored in Analysis Ready Cloud Optimized (ARCO) format (Zarr), is available for optimised time-series retrievals (i.e. for retrieving data from selected variables for a single point over an extended period of time in an efficient way). You can discover it [here](https://cds.climate.copernicus.eu/datasets/reanalysis-era5-single-levels-timeseries?tab=overview)
[2026-06-07T00:00:14.734+0000] {logging_mixin.py:188} WARNING - 2026-06-07 00:00:14,734 INFO Request ID is f8d6f2f7-c8c5-485c-a706-454593c9e40a
[2026-06-07T00:00:14.734+0000] {legacy_client.py:192} INFO - Request ID is f8d6f2f7-c8c5-485c-a706-454593c9e40a
[2026-06-07T00:00:14.957+0000] {logging_mixin.py:188} WARNING - 2026-06-07 00:00:14,956 INFO status has been updated to accepted
[2026-06-07T00:00:14.956+0000] {legacy_client.py:192} INFO - status has been updated to accepted
[2026-06-07T00:03:09.541+0000] {logging_mixin.py:188} WARNING - 2026-06-07 00:03:09,540 INFO status has been updated to successful
[2026-06-07T00:03:09.540+0000] {legacy_client.py:192} INFO - status has been updated to successful
[2026-06-07T00:03:09.967+0000] {base.py:119} INFO - Downloading https://object-store.os-api.cci2.ecmwf.int:443/cci2-prod-cache-1/2026-06-07/a81c096c6475636d8239596b64fc5329.nc
[2026-06-07T00:03:10.983+0000] {logging_mixin.py:188} WARNING - a81c096c6475636d8239596b64fc5329.nc:   0%|          | 0.00/186k [00:00<?, ?B/s]
[2026-06-07T00:03:12.216+0000] {logging_mixin.py:188} WARNING - a81c096c6475636d8239596b64fc5329.nc: 100%|##########| 186k/186k [00:01<00:00, 155kB/s]
[2026-06-07T00:03:12.220+0000] {logging_mixin.py:188} WARNING -                                                                                       
[2026-06-07T00:03:12.546+0000] {logging_mixin.py:188} WARNING - 2026-06-07 00:03:12 [INFO] CDS timestep available: 1
[2026-06-07T00:03:12.546+0000] {era5_functions.py:128} INFO - CDS timestep available: 1
[2026-06-07T00:03:12.568+0000] {logging_mixin.py:188} WARNING - 2026-06-07 00:03:12 [INFO] download attempt 1/3: /opt/***/era5/ecmwf/data/nc/_raw/2026/06/02/instant_20260602.nc
[2026-06-07T00:03:12.568+0000] {era5_functions.py:200} INFO - download attempt 1/3: /opt/***/era5/ecmwf/data/nc/_raw/2026/06/02/instant_20260602.nc
[2026-06-07T00:03:13.280+0000] {logging_mixin.py:188} WARNING - 2026-06-07 00:03:13,280 INFO [2025-12-11T00:00:00] Please note that a dedicated catalogue entry for this dataset, post-processed and stored in Analysis Ready Cloud Optimized (ARCO) format (Zarr), is available for optimised time-series retrievals (i.e. for retrieving data from selected variables for a single point over an extended period of time in an efficient way). You can discover it [here](https://cds.climate.copernicus.eu/datasets/reanalysis-era5-single-levels-timeseries?tab=overview)
[2026-06-07T00:03:13.280+0000] {legacy_client.py:192} INFO - [2025-12-11T00:00:00] Please note that a dedicated catalogue entry for this dataset, post-processed and stored in Analysis Ready Cloud Optimized (ARCO) format (Zarr), is available for optimised time-series retrievals (i.e. for retrieving data from selected variables for a single point over an extended period of time in an efficient way). You can discover it [here](https://cds.climate.copernicus.eu/datasets/reanalysis-era5-single-levels-timeseries?tab=overview)
[2026-06-07T00:03:13.285+0000] {logging_mixin.py:188} WARNING - 2026-06-07 00:03:13,284 INFO Request ID is e0bf54c2-6b74-49b1-a95e-07cd3bb3b21e
[2026-06-07T00:03:13.284+0000] {legacy_client.py:192} INFO - Request ID is e0bf54c2-6b74-49b1-a95e-07cd3bb3b21e
[2026-06-07T00:03:13.507+0000] {logging_mixin.py:188} WARNING - 2026-06-07 00:03:13,507 INFO status has been updated to accepted
[2026-06-07T00:03:13.507+0000] {legacy_client.py:192} INFO - status has been updated to accepted
[2026-06-07T00:05:09.579+0000] {logging_mixin.py:188} WARNING - 2026-06-07 00:05:09,578 INFO status has been updated to successful
[2026-06-07T00:05:09.578+0000] {legacy_client.py:192} INFO - status has been updated to successful
[2026-06-07T00:05:10.088+0000] {base.py:119} INFO - Downloading https://object-store.os-api.cci2.ecmwf.int:443/cci2-prod-cache-3/2026-06-07/871a9bb12719168a1a9b7c560132296c.nc
[2026-06-07T00:05:10.767+0000] {logging_mixin.py:188} WARNING - 871a9bb12719168a1a9b7c560132296c.nc:   0%|          | 0.00/186k [00:00<?, ?B/s]
[2026-06-07T00:05:12.027+0000] {logging_mixin.py:188} WARNING - 871a9bb12719168a1a9b7c560132296c.nc: 100%|##########| 186k/186k [00:01<00:00, 151kB/s]
[2026-06-07T00:05:12.043+0000] {logging_mixin.py:188} WARNING -                                                                                       
[2026-06-07T00:05:12.164+0000] {logging_mixin.py:188} WARNING - 2026-06-07 00:05:12 [INFO] nc downloaded ok: /opt/***/era5/ecmwf/data/nc/_raw/2026/06/02/instant_20260602.nc
[2026-06-07T00:05:12.164+0000] {era5_functions.py:204} INFO - nc downloaded ok: /opt/***/era5/ecmwf/data/nc/_raw/2026/06/02/instant_20260602.nc
[2026-06-07T00:05:12.228+0000] {logging_mixin.py:188} WARNING - 2026-06-07 00:05:12 [INFO] local timestep: 1 — /opt/***/era5/ecmwf/data/nc/_raw/2026/06/02/instant_20260602.nc
[2026-06-07T00:05:12.228+0000] {era5_functions.py:152} INFO - local timestep: 1 — /opt/***/era5/ecmwf/data/nc/_raw/2026/06/02/instant_20260602.nc
[2026-06-07T00:05:12.384+0000] {logging_mixin.py:188} WARNING - 2026-06-07 00:05:12 [INFO] tif ok (bands=1): /opt/***/era5/ecmwf/data/tif/2026/06/02/t2m_20260602.tif
[2026-06-07T00:05:12.384+0000] {era5_functions.py:304} INFO - tif ok (bands=1): /opt/***/era5/ecmwf/data/tif/2026/06/02/t2m_20260602.tif
[2026-06-07T00:05:12.468+0000] {logging_mixin.py:188} WARNING - 2026-06-07 00:05:12 [INFO] tif ok (bands=1): /opt/***/era5/ecmwf/data/tif/2026/06/02/d2m_20260602.tif
[2026-06-07T00:05:12.468+0000] {era5_functions.py:304} INFO - tif ok (bands=1): /opt/***/era5/ecmwf/data/tif/2026/06/02/d2m_20260602.tif
[2026-06-07T00:05:12.542+0000] {logging_mixin.py:188} WARNING - 2026-06-07 00:05:12 [INFO] tif ok (bands=1): /opt/***/era5/ecmwf/data/tif/2026/06/02/sp_20260602.tif
[2026-06-07T00:05:12.542+0000] {era5_functions.py:304} INFO - tif ok (bands=1): /opt/***/era5/ecmwf/data/tif/2026/06/02/sp_20260602.tif
[2026-06-07T00:05:12.618+0000] {logging_mixin.py:188} WARNING - 2026-06-07 00:05:12 [INFO] tif ok (bands=1): /opt/***/era5/ecmwf/data/tif/2026/06/02/blh_20260602.tif
[2026-06-07T00:05:12.617+0000] {era5_functions.py:304} INFO - tif ok (bands=1): /opt/***/era5/ecmwf/data/tif/2026/06/02/blh_20260602.tif
[2026-06-07T00:05:12.691+0000] {logging_mixin.py:188} WARNING - 2026-06-07 00:05:12 [INFO] tif ok (bands=1): /opt/***/era5/ecmwf/data/tif/2026/06/02/u10_20260602.tif
[2026-06-07T00:05:12.691+0000] {era5_functions.py:304} INFO - tif ok (bands=1): /opt/***/era5/ecmwf/data/tif/2026/06/02/u10_20260602.tif
[2026-06-07T00:05:12.760+0000] {logging_mixin.py:188} WARNING - 2026-06-07 00:05:12 [INFO] tif ok (bands=1): /opt/***/era5/ecmwf/data/tif/2026/06/02/v10_20260602.tif
[2026-06-07T00:05:12.760+0000] {era5_functions.py:304} INFO - tif ok (bands=1): /opt/***/era5/ecmwf/data/tif/2026/06/02/v10_20260602.tif
[2026-06-07T00:05:12.766+0000] {logging_mixin.py:188} WARNING - 2026-06-07 00:05:12 [INFO] --- job=instant date=20260601 ---
[2026-06-07T00:05:12.766+0000] {era5_functions.py:330} INFO - --- job=instant date=20260601 ---
[2026-06-07T00:05:13.477+0000] {logging_mixin.py:188} WARNING - 2026-06-07 00:05:13,477 INFO [2025-12-11T00:00:00] Please note that a dedicated catalogue entry for this dataset, post-processed and stored in Analysis Ready Cloud Optimized (ARCO) format (Zarr), is available for optimised time-series retrievals (i.e. for retrieving data from selected variables for a single point over an extended period of time in an efficient way). You can discover it [here](https://cds.climate.copernicus.eu/datasets/reanalysis-era5-single-levels-timeseries?tab=overview)
[2026-06-07T00:05:13.477+0000] {legacy_client.py:192} INFO - [2025-12-11T00:00:00] Please note that a dedicated catalogue entry for this dataset, post-processed and stored in Analysis Ready Cloud Optimized (ARCO) format (Zarr), is available for optimised time-series retrievals (i.e. for retrieving data from selected variables for a single point over an extended period of time in an efficient way). You can discover it [here](https://cds.climate.copernicus.eu/datasets/reanalysis-era5-single-levels-timeseries?tab=overview)
[2026-06-07T00:05:13.481+0000] {logging_mixin.py:188} WARNING - 2026-06-07 00:05:13,481 INFO Request ID is 130ec766-a1f4-4d0f-9ab6-fbcf5119a8e6
[2026-06-07T00:05:13.481+0000] {legacy_client.py:192} INFO - Request ID is 130ec766-a1f4-4d0f-9ab6-fbcf5119a8e6
[2026-06-07T00:05:13.694+0000] {logging_mixin.py:188} WARNING - 2026-06-07 00:05:13,693 INFO status has been updated to accepted
[2026-06-07T00:05:13.693+0000] {legacy_client.py:192} INFO - status has been updated to accepted
[2026-06-07T00:05:35.799+0000] {logging_mixin.py:188} WARNING - 2026-06-07 00:05:35,798 INFO status has been updated to running
[2026-06-07T00:05:35.798+0000] {legacy_client.py:192} INFO - status has been updated to running
[2026-06-07T00:05:47.397+0000] {logging_mixin.py:188} WARNING - 2026-06-07 00:05:47,397 INFO status has been updated to successful
[2026-06-07T00:05:47.397+0000] {legacy_client.py:192} INFO - status has been updated to successful
[2026-06-07T00:05:47.912+0000] {base.py:119} INFO - Downloading https://object-store.os-api.cci2.ecmwf.int:443/cci2-prod-cache-1/2026-06-07/af1b038987d115e6e64ca71415f420a8.nc
[2026-06-07T00:05:48.567+0000] {logging_mixin.py:188} WARNING - af1b038987d115e6e64ca71415f420a8.nc:   0%|          | 0.00/2.55M [00:00<?, ?B/s]
[2026-06-07T00:05:50.328+0000] {logging_mixin.py:188} WARNING - af1b038987d115e6e64ca71415f420a8.nc:  39%|###9      | 1.00M/2.55M [00:01<00:02, 596kB/s]
[2026-06-07T00:05:50.525+0000] {logging_mixin.py:188} WARNING - af1b038987d115e6e64ca71415f420a8.nc:  78%|#######8  | 2.00M/2.55M [00:01<00:00, 1.25MB/s]
[2026-06-07T00:05:50.555+0000] {logging_mixin.py:188} WARNING -                                                                                          
[2026-06-07T00:05:50.573+0000] {logging_mixin.py:188} WARNING - 2026-06-07 00:05:50 [INFO] CDS timestep available: 24
[2026-06-07T00:05:50.573+0000] {era5_functions.py:128} INFO - CDS timestep available: 24
[2026-06-07T00:05:50.658+0000] {logging_mixin.py:188} WARNING - 2026-06-07 00:05:50 [INFO] local timestep: 24 — /opt/***/era5/ecmwf/data/nc/_raw/2026/06/01/instant_20260601.nc
[2026-06-07T00:05:50.657+0000] {era5_functions.py:152} INFO - local timestep: 24 — /opt/***/era5/ecmwf/data/nc/_raw/2026/06/01/instant_20260601.nc
[2026-06-07T00:05:50.660+0000] {logging_mixin.py:188} WARNING - 2026-06-07 00:05:50 [INFO] nc up-to-date (local=24, cds=24): /opt/***/era5/ecmwf/data/nc/_raw/2026/06/01/instant_20260601.nc
[2026-06-07T00:05:50.660+0000] {era5_functions.py:189} INFO - nc up-to-date (local=24, cds=24): /opt/***/era5/ecmwf/data/nc/_raw/2026/06/01/instant_20260601.nc
[2026-06-07T00:05:50.745+0000] {logging_mixin.py:188} WARNING - 2026-06-07 00:05:50 [INFO] local timestep: 24 — /opt/***/era5/ecmwf/data/nc/_raw/2026/06/01/instant_20260601.nc
[2026-06-07T00:05:50.744+0000] {era5_functions.py:152} INFO - local timestep: 24 — /opt/***/era5/ecmwf/data/nc/_raw/2026/06/01/instant_20260601.nc
[2026-06-07T00:05:50.834+0000] {logging_mixin.py:188} WARNING - 2026-06-07 00:05:50 [INFO] tif up-to-date (tif=24, nc=24), skip: /opt/***/era5/ecmwf/data/tif/2026/06/01/t2m_20260601.tif
[2026-06-07T00:05:50.834+0000] {era5_functions.py:256} INFO - tif up-to-date (tif=24, nc=24), skip: /opt/***/era5/ecmwf/data/tif/2026/06/01/t2m_20260601.tif
[2026-06-07T00:05:50.849+0000] {logging_mixin.py:188} WARNING - 2026-06-07 00:05:50 [INFO] tif up-to-date (tif=24, nc=24), skip: /opt/***/era5/ecmwf/data/tif/2026/06/01/d2m_20260601.tif
[2026-06-07T00:05:50.849+0000] {era5_functions.py:256} INFO - tif up-to-date (tif=24, nc=24), skip: /opt/***/era5/ecmwf/data/tif/2026/06/01/d2m_20260601.tif
[2026-06-07T00:05:50.862+0000] {logging_mixin.py:188} WARNING - 2026-06-07 00:05:50 [INFO] tif up-to-date (tif=24, nc=24), skip: /opt/***/era5/ecmwf/data/tif/2026/06/01/sp_20260601.tif
[2026-06-07T00:05:50.862+0000] {era5_functions.py:256} INFO - tif up-to-date (tif=24, nc=24), skip: /opt/***/era5/ecmwf/data/tif/2026/06/01/sp_20260601.tif
[2026-06-07T00:05:50.877+0000] {logging_mixin.py:188} WARNING - 2026-06-07 00:05:50 [INFO] tif up-to-date (tif=24, nc=24), skip: /opt/***/era5/ecmwf/data/tif/2026/06/01/blh_20260601.tif
[2026-06-07T00:05:50.877+0000] {era5_functions.py:256} INFO - tif up-to-date (tif=24, nc=24), skip: /opt/***/era5/ecmwf/data/tif/2026/06/01/blh_20260601.tif
[2026-06-07T00:05:50.897+0000] {logging_mixin.py:188} WARNING - 2026-06-07 00:05:50 [INFO] tif up-to-date (tif=24, nc=24), skip: /opt/***/era5/ecmwf/data/tif/2026/06/01/u10_20260601.tif
[2026-06-07T00:05:50.897+0000] {era5_functions.py:256} INFO - tif up-to-date (tif=24, nc=24), skip: /opt/***/era5/ecmwf/data/tif/2026/06/01/u10_20260601.tif
[2026-06-07T00:05:50.919+0000] {logging_mixin.py:188} WARNING - 2026-06-07 00:05:50 [INFO] tif up-to-date (tif=24, nc=24), skip: /opt/***/era5/ecmwf/data/tif/2026/06/01/v10_20260601.tif
[2026-06-07T00:05:50.919+0000] {era5_functions.py:256} INFO - tif up-to-date (tif=24, nc=24), skip: /opt/***/era5/ecmwf/data/tif/2026/06/01/v10_20260601.tif
[2026-06-07T00:05:50.925+0000] {logging_mixin.py:188} WARNING - 2026-06-07 00:05:50 [INFO] === END job=instant date=2026-06-06 ===
[2026-06-07T00:05:50.925+0000] {era5_functions.py:379} INFO - === END job=instant date=2026-06-06 ===
[2026-06-07T00:05:50.927+0000] {python.py:237} INFO - Done. Returned value was: None
[2026-06-07T00:05:50.928+0000] {taskinstance.py:441} INFO - ::group::Post task execution logs
[2026-06-07T00:05:50.959+0000] {taskinstance.py:1206} INFO - Marking task as SUCCESS. dag_id=era5_download_pipeline, task_id=era5_instant, run_id=scheduled__2026-06-06T23:00:00+00:00, execution_date=20260606T230000, start_date=20260607T000002, end_date=20260607T000550
[2026-06-07T00:05:51.056+0000] {local_task_job_runner.py:240} INFO - Task exited with return code 0
[2026-06-07T00:05:51.089+0000] {taskinstance.py:3498} INFO - 1 downstream tasks scheduled from follow-on schedule check
[2026-06-07T00:05:51.092+0000] {local_task_job_runner.py:222} INFO - ::endgroup::
