[2026-06-22T19:02:04.926+0000] {local_task_job_runner.py:120} INFO - ::group::Pre task execution logs
[2026-06-22T19:02:04.955+0000] {taskinstance.py:2076} INFO - Dependencies all met for dep_context=non-requeueable deps ti=<TaskInstance: era5_download_pipeline.era5_accum scheduled__2026-06-22T18:00:00+00:00 [queued]>
[2026-06-22T19:02:04.965+0000] {taskinstance.py:2076} INFO - Dependencies all met for dep_context=requeueable deps ti=<TaskInstance: era5_download_pipeline.era5_accum scheduled__2026-06-22T18:00:00+00:00 [queued]>
[2026-06-22T19:02:04.967+0000] {taskinstance.py:2306} INFO - Starting attempt 1 of 1
[2026-06-22T19:02:04.984+0000] {taskinstance.py:2330} INFO - Executing <Task(PythonOperator): era5_accum> on 2026-06-22 18:00:00+00:00
[2026-06-22T19:02:04.997+0000] {warnings.py:110} WARNING - /home/***/.local/lib/python3.12/site-packages/***/task/task_runner/standard_task_runner.py:61: DeprecationWarning: This process (pid=212560) is multi-threaded, use of fork() may lead to deadlocks in the child.
  pid = os.fork()

[2026-06-22T19:02:05.000+0000] {standard_task_runner.py:63} INFO - Started process 212562 to run task
[2026-06-22T19:02:04.999+0000] {standard_task_runner.py:90} INFO - Running: ['***', 'tasks', 'run', 'era5_download_pipeline', 'era5_accum', 'scheduled__2026-06-22T18:00:00+00:00', '--job-id', '2157', '--raw', '--subdir', 'DAGS_FOLDER/era5_dag.py', '--cfg-path', '/tmp/tmp5m4mkkkc']
[2026-06-22T19:02:05.004+0000] {standard_task_runner.py:91} INFO - Job 2157: Subtask era5_accum
[2026-06-22T19:02:05.083+0000] {task_command.py:426} INFO - Running <TaskInstance: era5_download_pipeline.era5_accum scheduled__2026-06-22T18:00:00+00:00 [running]> on host 01cd476fb21a
[2026-06-22T19:02:05.208+0000] {taskinstance.py:2648} INFO - Exporting env vars: AIRFLOW_CTX_DAG_OWNER='era5' AIRFLOW_CTX_DAG_ID='era5_download_pipeline' AIRFLOW_CTX_TASK_ID='era5_accum' AIRFLOW_CTX_EXECUTION_DATE='2026-06-22T18:00:00+00:00' AIRFLOW_CTX_TRY_NUMBER='1' AIRFLOW_CTX_DAG_RUN_ID='scheduled__2026-06-22T18:00:00+00:00'
[2026-06-22T19:02:05.210+0000] {taskinstance.py:430} INFO - ::endgroup::
[2026-06-22T19:02:06.288+0000] {logging_mixin.py:188} WARNING - 2026-06-22 19:02:06 [INFO] === START job=accum date=2026-06-22 ===
[2026-06-22T19:02:06.287+0000] {era5_functions.py:368} INFO - === START job=accum date=2026-06-22 ===
[2026-06-22T19:02:06.292+0000] {logging_mixin.py:188} WARNING - 2026-06-22 19:02:06 [INFO] --- job=accum date=20260622 ---
[2026-06-22T19:02:06.291+0000] {era5_functions.py:330} INFO - --- job=accum date=20260622 ---
[2026-06-22T19:02:09.328+0000] {logging_mixin.py:188} WARNING - 2026-06-22 19:02:09 [WARNING] get_cds_count failed: 400 Client Error: Bad Request for url: https://cds.climate.copernicus.eu/api/retrieve/v1/processes/reanalysis-era5-single-levels/execution
invalid request
None of the data you have requested is available yet, please revise the period requested. The latest date available for this dataset is: 2026-06-17 19:00
[2026-06-22T19:02:09.328+0000] {era5_functions.py:131} WARNING - get_cds_count failed: 400 Client Error: Bad Request for url: https://cds.climate.copernicus.eu/api/retrieve/v1/processes/reanalysis-era5-single-levels/execution
invalid request
None of the data you have requested is available yet, please revise the period requested. The latest date available for this dataset is: 2026-06-17 19:00
[2026-06-22T19:02:09.332+0000] {logging_mixin.py:188} WARNING - 2026-06-22 19:02:09 [WARNING] CDS ยังไม่มีข้อมูล job=accum date=20260622, skip
[2026-06-22T19:02:09.331+0000] {era5_functions.py:335} WARNING - CDS ยังไม่มีข้อมูล job=accum date=20260622, skip
[2026-06-22T19:02:09.334+0000] {logging_mixin.py:188} WARNING - 2026-06-22 19:02:09 [INFO] --- job=accum date=20260621 ---
[2026-06-22T19:02:09.334+0000] {era5_functions.py:330} INFO - --- job=accum date=20260621 ---
[2026-06-22T19:02:10.440+0000] {logging_mixin.py:188} WARNING - 2026-06-22 19:02:10 [WARNING] get_cds_count failed: 400 Client Error: Bad Request for url: https://cds.climate.copernicus.eu/api/retrieve/v1/processes/reanalysis-era5-single-levels/execution
invalid request
None of the data you have requested is available yet, please revise the period requested. The latest date available for this dataset is: 2026-06-17 19:00
[2026-06-22T19:02:10.439+0000] {era5_functions.py:131} WARNING - get_cds_count failed: 400 Client Error: Bad Request for url: https://cds.climate.copernicus.eu/api/retrieve/v1/processes/reanalysis-era5-single-levels/execution
invalid request
None of the data you have requested is available yet, please revise the period requested. The latest date available for this dataset is: 2026-06-17 19:00
[2026-06-22T19:02:10.443+0000] {logging_mixin.py:188} WARNING - 2026-06-22 19:02:10 [WARNING] CDS ยังไม่มีข้อมูล job=accum date=20260621, skip
[2026-06-22T19:02:10.443+0000] {era5_functions.py:335} WARNING - CDS ยังไม่มีข้อมูล job=accum date=20260621, skip
[2026-06-22T19:02:10.445+0000] {logging_mixin.py:188} WARNING - 2026-06-22 19:02:10 [INFO] --- job=accum date=20260620 ---
[2026-06-22T19:02:10.445+0000] {era5_functions.py:330} INFO - --- job=accum date=20260620 ---
[2026-06-22T19:02:11.048+0000] {logging_mixin.py:188} WARNING - 2026-06-22 19:02:11 [WARNING] get_cds_count failed: 400 Client Error: Bad Request for url: https://cds.climate.copernicus.eu/api/retrieve/v1/processes/reanalysis-era5-single-levels/execution
invalid request
None of the data you have requested is available yet, please revise the period requested. The latest date available for this dataset is: 2026-06-17 19:00
[2026-06-22T19:02:11.047+0000] {era5_functions.py:131} WARNING - get_cds_count failed: 400 Client Error: Bad Request for url: https://cds.climate.copernicus.eu/api/retrieve/v1/processes/reanalysis-era5-single-levels/execution
invalid request
None of the data you have requested is available yet, please revise the period requested. The latest date available for this dataset is: 2026-06-17 19:00
[2026-06-22T19:02:11.053+0000] {logging_mixin.py:188} WARNING - 2026-06-22 19:02:11 [WARNING] CDS ยังไม่มีข้อมูล job=accum date=20260620, skip
[2026-06-22T19:02:11.052+0000] {era5_functions.py:335} WARNING - CDS ยังไม่มีข้อมูล job=accum date=20260620, skip
[2026-06-22T19:02:11.056+0000] {logging_mixin.py:188} WARNING - 2026-06-22 19:02:11 [INFO] --- job=accum date=20260619 ---
[2026-06-22T19:02:11.056+0000] {era5_functions.py:330} INFO - --- job=accum date=20260619 ---
[2026-06-22T19:02:11.762+0000] {logging_mixin.py:188} WARNING - 2026-06-22 19:02:11 [WARNING] get_cds_count failed: 400 Client Error: Bad Request for url: https://cds.climate.copernicus.eu/api/retrieve/v1/processes/reanalysis-era5-single-levels/execution
invalid request
None of the data you have requested is available yet, please revise the period requested. The latest date available for this dataset is: 2026-06-17 19:00
[2026-06-22T19:02:11.762+0000] {era5_functions.py:131} WARNING - get_cds_count failed: 400 Client Error: Bad Request for url: https://cds.climate.copernicus.eu/api/retrieve/v1/processes/reanalysis-era5-single-levels/execution
invalid request
None of the data you have requested is available yet, please revise the period requested. The latest date available for this dataset is: 2026-06-17 19:00
[2026-06-22T19:02:11.766+0000] {logging_mixin.py:188} WARNING - 2026-06-22 19:02:11 [WARNING] CDS ยังไม่มีข้อมูล job=accum date=20260619, skip
[2026-06-22T19:02:11.766+0000] {era5_functions.py:335} WARNING - CDS ยังไม่มีข้อมูล job=accum date=20260619, skip
[2026-06-22T19:02:11.769+0000] {logging_mixin.py:188} WARNING - 2026-06-22 19:02:11 [INFO] --- job=accum date=20260618 ---
[2026-06-22T19:02:11.769+0000] {era5_functions.py:330} INFO - --- job=accum date=20260618 ---
[2026-06-22T19:02:12.182+0000] {logging_mixin.py:188} WARNING - 2026-06-22 19:02:12 [WARNING] get_cds_count failed: 400 Client Error: Bad Request for url: https://cds.climate.copernicus.eu/api/retrieve/v1/processes/reanalysis-era5-single-levels/execution
invalid request
None of the data you have requested is available yet, please revise the period requested. The latest date available for this dataset is: 2026-06-17 19:00
[2026-06-22T19:02:12.182+0000] {era5_functions.py:131} WARNING - get_cds_count failed: 400 Client Error: Bad Request for url: https://cds.climate.copernicus.eu/api/retrieve/v1/processes/reanalysis-era5-single-levels/execution
invalid request
None of the data you have requested is available yet, please revise the period requested. The latest date available for this dataset is: 2026-06-17 19:00
[2026-06-22T19:02:12.188+0000] {logging_mixin.py:188} WARNING - 2026-06-22 19:02:12 [WARNING] CDS ยังไม่มีข้อมูล job=accum date=20260618, skip
[2026-06-22T19:02:12.187+0000] {era5_functions.py:335} WARNING - CDS ยังไม่มีข้อมูล job=accum date=20260618, skip
[2026-06-22T19:02:12.193+0000] {logging_mixin.py:188} WARNING - 2026-06-22 19:02:12 [INFO] --- job=accum date=20260617 ---
[2026-06-22T19:02:12.193+0000] {era5_functions.py:330} INFO - --- job=accum date=20260617 ---
[2026-06-22T19:02:12.816+0000] {logging_mixin.py:188} WARNING - 2026-06-22 19:02:12,816 INFO [2025-12-11T00:00:00] Please note that a dedicated catalogue entry for this dataset, post-processed and stored in Analysis Ready Cloud Optimized (ARCO) format (Zarr), is available for optimised time-series retrievals (i.e. for retrieving data from selected variables for a single point over an extended period of time in an efficient way). You can discover it [here](https://cds.climate.copernicus.eu/datasets/reanalysis-era5-single-levels-timeseries?tab=overview)
[2026-06-22T19:02:12.816+0000] {legacy_client.py:192} INFO - [2025-12-11T00:00:00] Please note that a dedicated catalogue entry for this dataset, post-processed and stored in Analysis Ready Cloud Optimized (ARCO) format (Zarr), is available for optimised time-series retrievals (i.e. for retrieving data from selected variables for a single point over an extended period of time in an efficient way). You can discover it [here](https://cds.climate.copernicus.eu/datasets/reanalysis-era5-single-levels-timeseries?tab=overview)
[2026-06-22T19:02:12.819+0000] {logging_mixin.py:188} WARNING - 2026-06-22 19:02:12,819 INFO Request ID is 76fb45b9-ac80-4f84-aada-521e5b34874c
[2026-06-22T19:02:12.819+0000] {legacy_client.py:192} INFO - Request ID is 76fb45b9-ac80-4f84-aada-521e5b34874c
[2026-06-22T19:02:13.021+0000] {logging_mixin.py:188} WARNING - 2026-06-22 19:02:13,021 INFO status has been updated to accepted
[2026-06-22T19:02:13.021+0000] {legacy_client.py:192} INFO - status has been updated to accepted
[2026-06-22T19:02:35.095+0000] {logging_mixin.py:188} WARNING - 2026-06-22 19:02:35,094 INFO status has been updated to running
[2026-06-22T19:02:35.094+0000] {legacy_client.py:192} INFO - status has been updated to running
[2026-06-22T19:02:46.699+0000] {logging_mixin.py:188} WARNING - 2026-06-22 19:02:46,699 INFO status has been updated to successful
[2026-06-22T19:02:46.699+0000] {legacy_client.py:192} INFO - status has been updated to successful
[2026-06-22T19:02:48.275+0000] {base.py:119} INFO - Downloading https://object-store.os-api.cci2.ecmwf.int:443/cci2-prod-cache-1/2026-06-22/4a935d7a184d2f4274d62a330bdb96d1.nc
[2026-06-22T19:02:48.975+0000] {logging_mixin.py:188} WARNING - 4a935d7a184d2f4274d62a330bdb96d1.nc:   0%|          | 0.00/298k [00:00<?, ?B/s]
[2026-06-22T19:02:51.024+0000] {logging_mixin.py:188} WARNING - 4a935d7a184d2f4274d62a330bdb96d1.nc: 100%|##########| 298k/298k [00:02<00:00, 149kB/s]
[2026-06-22T19:02:51.028+0000] {logging_mixin.py:188} WARNING -                                                                                       
[2026-06-22T19:02:51.334+0000] {logging_mixin.py:188} WARNING - 2026-06-22 19:02:51 [INFO] CDS timestep available: 20
[2026-06-22T19:02:51.334+0000] {era5_functions.py:128} INFO - CDS timestep available: 20
[2026-06-22T19:02:51.394+0000] {logging_mixin.py:188} WARNING - 2026-06-22 19:02:51 [INFO] local timestep: 19 — /opt/***/era5/ecmwf/data/nc/_raw/2026/06/17/accum_20260617.nc
[2026-06-22T19:02:51.394+0000] {era5_functions.py:152} INFO - local timestep: 19 — /opt/***/era5/ecmwf/data/nc/_raw/2026/06/17/accum_20260617.nc
[2026-06-22T19:02:51.404+0000] {logging_mixin.py:188} WARNING - 2026-06-22 19:02:51 [INFO] nc outdated (local=19 < cds=20), removing: /opt/***/era5/ecmwf/data/nc/_raw/2026/06/17/accum_20260617.nc
[2026-06-22T19:02:51.404+0000] {era5_functions.py:193} INFO - nc outdated (local=19 < cds=20), removing: /opt/***/era5/ecmwf/data/nc/_raw/2026/06/17/accum_20260617.nc
[2026-06-22T19:02:51.428+0000] {logging_mixin.py:188} WARNING - 2026-06-22 19:02:51 [INFO] download attempt 1/3: /opt/***/era5/ecmwf/data/nc/_raw/2026/06/17/accum_20260617.nc
[2026-06-22T19:02:51.428+0000] {era5_functions.py:200} INFO - download attempt 1/3: /opt/***/era5/ecmwf/data/nc/_raw/2026/06/17/accum_20260617.nc
[2026-06-22T19:02:52.267+0000] {logging_mixin.py:188} WARNING - 2026-06-22 19:02:52,267 INFO [2025-12-11T00:00:00] Please note that a dedicated catalogue entry for this dataset, post-processed and stored in Analysis Ready Cloud Optimized (ARCO) format (Zarr), is available for optimised time-series retrievals (i.e. for retrieving data from selected variables for a single point over an extended period of time in an efficient way). You can discover it [here](https://cds.climate.copernicus.eu/datasets/reanalysis-era5-single-levels-timeseries?tab=overview)
[2026-06-22T19:02:52.267+0000] {legacy_client.py:192} INFO - [2025-12-11T00:00:00] Please note that a dedicated catalogue entry for this dataset, post-processed and stored in Analysis Ready Cloud Optimized (ARCO) format (Zarr), is available for optimised time-series retrievals (i.e. for retrieving data from selected variables for a single point over an extended period of time in an efficient way). You can discover it [here](https://cds.climate.copernicus.eu/datasets/reanalysis-era5-single-levels-timeseries?tab=overview)
[2026-06-22T19:02:52.271+0000] {logging_mixin.py:188} WARNING - 2026-06-22 19:02:52,271 INFO Request ID is 884327f6-0c71-4429-ac2e-9b2a46cfa9f0
[2026-06-22T19:02:52.271+0000] {legacy_client.py:192} INFO - Request ID is 884327f6-0c71-4429-ac2e-9b2a46cfa9f0
[2026-06-22T19:02:52.488+0000] {logging_mixin.py:188} WARNING - 2026-06-22 19:02:52,488 INFO status has been updated to accepted
[2026-06-22T19:02:52.488+0000] {legacy_client.py:192} INFO - status has been updated to accepted
[2026-06-22T19:03:26.490+0000] {logging_mixin.py:188} WARNING - 2026-06-22 19:03:26,489 INFO status has been updated to successful
[2026-06-22T19:03:26.489+0000] {legacy_client.py:192} INFO - status has been updated to successful
[2026-06-22T19:03:27.863+0000] {base.py:119} INFO - Downloading https://object-store.os-api.cci2.ecmwf.int:443/cci2-prod-cache-1/2026-06-22/5b8c25df7cf78fb13a987f08e6ad2cba.nc
[2026-06-22T19:03:28.865+0000] {logging_mixin.py:188} WARNING - 5b8c25df7cf78fb13a987f08e6ad2cba.nc:   0%|          | 0.00/298k [00:00<?, ?B/s]
[2026-06-22T19:03:32.379+0000] {logging_mixin.py:188} WARNING - 5b8c25df7cf78fb13a987f08e6ad2cba.nc: 100%|##########| 298k/298k [00:03<00:00, 87.0kB/s]
[2026-06-22T19:03:32.405+0000] {logging_mixin.py:188} WARNING -                                                                                        
[2026-06-22T19:03:32.491+0000] {logging_mixin.py:188} WARNING - 2026-06-22 19:03:32 [INFO] nc downloaded ok: /opt/***/era5/ecmwf/data/nc/_raw/2026/06/17/accum_20260617.nc
[2026-06-22T19:03:32.491+0000] {era5_functions.py:204} INFO - nc downloaded ok: /opt/***/era5/ecmwf/data/nc/_raw/2026/06/17/accum_20260617.nc
[2026-06-22T19:03:32.546+0000] {logging_mixin.py:188} WARNING - 2026-06-22 19:03:32 [INFO] local timestep: 20 — /opt/***/era5/ecmwf/data/nc/_raw/2026/06/17/accum_20260617.nc
[2026-06-22T19:03:32.546+0000] {era5_functions.py:152} INFO - local timestep: 20 — /opt/***/era5/ecmwf/data/nc/_raw/2026/06/17/accum_20260617.nc
[2026-06-22T19:03:32.618+0000] {logging_mixin.py:188} WARNING - 2026-06-22 19:03:32 [INFO] tif outdated (tif=19 < nc=20), removing: /opt/***/era5/ecmwf/data/tif/2026/06/17/tp_20260617.tif
[2026-06-22T19:03:32.618+0000] {era5_functions.py:261} INFO - tif outdated (tif=19 < nc=20), removing: /opt/***/era5/ecmwf/data/tif/2026/06/17/tp_20260617.tif
[2026-06-22T19:03:32.726+0000] {logging_mixin.py:188} WARNING - 2026-06-22 19:03:32 [INFO] tif ok (bands=20): /opt/***/era5/ecmwf/data/tif/2026/06/17/tp_20260617.tif
[2026-06-22T19:03:32.725+0000] {era5_functions.py:304} INFO - tif ok (bands=20): /opt/***/era5/ecmwf/data/tif/2026/06/17/tp_20260617.tif
[2026-06-22T19:03:32.731+0000] {logging_mixin.py:188} WARNING - 2026-06-22 19:03:32 [INFO] === END job=accum date=2026-06-22 ===
[2026-06-22T19:03:32.731+0000] {era5_functions.py:379} INFO - === END job=accum date=2026-06-22 ===
[2026-06-22T19:03:32.733+0000] {python.py:237} INFO - Done. Returned value was: None
[2026-06-22T19:03:32.734+0000] {taskinstance.py:441} INFO - ::group::Post task execution logs
[2026-06-22T19:03:32.749+0000] {taskinstance.py:1206} INFO - Marking task as SUCCESS. dag_id=era5_download_pipeline, task_id=era5_accum, run_id=scheduled__2026-06-22T18:00:00+00:00, execution_date=20260622T180000, start_date=20260622T190204, end_date=20260622T190332
[2026-06-22T19:03:32.837+0000] {local_task_job_runner.py:240} INFO - Task exited with return code 0
[2026-06-22T19:03:32.865+0000] {taskinstance.py:3498} INFO - 0 downstream tasks scheduled from follow-on schedule check
[2026-06-22T19:03:32.869+0000] {local_task_job_runner.py:222} INFO - ::endgroup::
