[2026-06-23T10:02:33.882+0000] {local_task_job_runner.py:120} INFO - ::group::Pre task execution logs
[2026-06-23T10:02:33.909+0000] {taskinstance.py:2076} INFO - Dependencies all met for dep_context=non-requeueable deps ti=<TaskInstance: era5_download_pipeline.era5_accum scheduled__2026-06-23T09:00:00+00:00 [queued]>
[2026-06-23T10:02:33.919+0000] {taskinstance.py:2076} INFO - Dependencies all met for dep_context=requeueable deps ti=<TaskInstance: era5_download_pipeline.era5_accum scheduled__2026-06-23T09:00:00+00:00 [queued]>
[2026-06-23T10:02:33.920+0000] {taskinstance.py:2306} INFO - Starting attempt 1 of 1
[2026-06-23T10:02:33.939+0000] {taskinstance.py:2330} INFO - Executing <Task(PythonOperator): era5_accum> on 2026-06-23 09:00:00+00:00
[2026-06-23T10:02:33.950+0000] {warnings.py:110} WARNING - /home/***/.local/lib/python3.12/site-packages/***/task/task_runner/standard_task_runner.py:61: DeprecationWarning: This process (pid=224100) is multi-threaded, use of fork() may lead to deadlocks in the child.
  pid = os.fork()

[2026-06-23T10:02:33.953+0000] {standard_task_runner.py:63} INFO - Started process 224102 to run task
[2026-06-23T10:02:33.953+0000] {standard_task_runner.py:90} INFO - Running: ['***', 'tasks', 'run', 'era5_download_pipeline', 'era5_accum', 'scheduled__2026-06-23T09:00:00+00:00', '--job-id', '2203', '--raw', '--subdir', 'DAGS_FOLDER/era5_dag.py', '--cfg-path', '/tmp/tmp4c3mss3a']
[2026-06-23T10:02:33.957+0000] {standard_task_runner.py:91} INFO - Job 2203: Subtask era5_accum
[2026-06-23T10:02:34.033+0000] {task_command.py:426} INFO - Running <TaskInstance: era5_download_pipeline.era5_accum scheduled__2026-06-23T09:00:00+00:00 [running]> on host 01cd476fb21a
[2026-06-23T10:02:34.162+0000] {taskinstance.py:2648} INFO - Exporting env vars: AIRFLOW_CTX_DAG_OWNER='era5' AIRFLOW_CTX_DAG_ID='era5_download_pipeline' AIRFLOW_CTX_TASK_ID='era5_accum' AIRFLOW_CTX_EXECUTION_DATE='2026-06-23T09:00:00+00:00' AIRFLOW_CTX_TRY_NUMBER='1' AIRFLOW_CTX_DAG_RUN_ID='scheduled__2026-06-23T09:00:00+00:00'
[2026-06-23T10:02:34.165+0000] {taskinstance.py:430} INFO - ::endgroup::
[2026-06-23T10:02:35.246+0000] {logging_mixin.py:188} WARNING - 2026-06-23 10:02:35 [INFO] === START job=accum date=2026-06-23 ===
[2026-06-23T10:02:35.246+0000] {era5_functions.py:368} INFO - === START job=accum date=2026-06-23 ===
[2026-06-23T10:02:35.249+0000] {logging_mixin.py:188} WARNING - 2026-06-23 10:02:35 [INFO] --- job=accum date=20260623 ---
[2026-06-23T10:02:35.249+0000] {era5_functions.py:330} INFO - --- job=accum date=20260623 ---
[2026-06-23T10:02:36.602+0000] {logging_mixin.py:188} WARNING - 2026-06-23 10:02:36 [WARNING] get_cds_count failed: 400 Client Error: Bad Request for url: https://cds.climate.copernicus.eu/api/retrieve/v1/processes/reanalysis-era5-single-levels/execution
invalid request
None of the data you have requested is available yet, please revise the period requested. The latest date available for this dataset is: 2026-06-18 10:00
[2026-06-23T10:02:36.602+0000] {era5_functions.py:131} WARNING - get_cds_count failed: 400 Client Error: Bad Request for url: https://cds.climate.copernicus.eu/api/retrieve/v1/processes/reanalysis-era5-single-levels/execution
invalid request
None of the data you have requested is available yet, please revise the period requested. The latest date available for this dataset is: 2026-06-18 10:00
[2026-06-23T10:02:36.608+0000] {logging_mixin.py:188} WARNING - 2026-06-23 10:02:36 [WARNING] CDS ยังไม่มีข้อมูล job=accum date=20260623, skip
[2026-06-23T10:02:36.608+0000] {era5_functions.py:335} WARNING - CDS ยังไม่มีข้อมูล job=accum date=20260623, skip
[2026-06-23T10:02:36.613+0000] {logging_mixin.py:188} WARNING - 2026-06-23 10:02:36 [INFO] --- job=accum date=20260622 ---
[2026-06-23T10:02:36.612+0000] {era5_functions.py:330} INFO - --- job=accum date=20260622 ---
[2026-06-23T10:02:37.395+0000] {logging_mixin.py:188} WARNING - 2026-06-23 10:02:37 [WARNING] get_cds_count failed: 400 Client Error: Bad Request for url: https://cds.climate.copernicus.eu/api/retrieve/v1/processes/reanalysis-era5-single-levels/execution
invalid request
None of the data you have requested is available yet, please revise the period requested. The latest date available for this dataset is: 2026-06-18 10:00
[2026-06-23T10:02:37.394+0000] {era5_functions.py:131} WARNING - get_cds_count failed: 400 Client Error: Bad Request for url: https://cds.climate.copernicus.eu/api/retrieve/v1/processes/reanalysis-era5-single-levels/execution
invalid request
None of the data you have requested is available yet, please revise the period requested. The latest date available for this dataset is: 2026-06-18 10:00
[2026-06-23T10:02:37.400+0000] {logging_mixin.py:188} WARNING - 2026-06-23 10:02:37 [WARNING] CDS ยังไม่มีข้อมูล job=accum date=20260622, skip
[2026-06-23T10:02:37.400+0000] {era5_functions.py:335} WARNING - CDS ยังไม่มีข้อมูล job=accum date=20260622, skip
[2026-06-23T10:02:37.404+0000] {logging_mixin.py:188} WARNING - 2026-06-23 10:02:37 [INFO] --- job=accum date=20260621 ---
[2026-06-23T10:02:37.404+0000] {era5_functions.py:330} INFO - --- job=accum date=20260621 ---
[2026-06-23T10:02:38.354+0000] {logging_mixin.py:188} WARNING - 2026-06-23 10:02:38 [WARNING] get_cds_count failed: 400 Client Error: Bad Request for url: https://cds.climate.copernicus.eu/api/retrieve/v1/processes/reanalysis-era5-single-levels/execution
invalid request
None of the data you have requested is available yet, please revise the period requested. The latest date available for this dataset is: 2026-06-18 10:00
[2026-06-23T10:02:38.354+0000] {era5_functions.py:131} WARNING - get_cds_count failed: 400 Client Error: Bad Request for url: https://cds.climate.copernicus.eu/api/retrieve/v1/processes/reanalysis-era5-single-levels/execution
invalid request
None of the data you have requested is available yet, please revise the period requested. The latest date available for this dataset is: 2026-06-18 10:00
[2026-06-23T10:02:38.360+0000] {logging_mixin.py:188} WARNING - 2026-06-23 10:02:38 [WARNING] CDS ยังไม่มีข้อมูล job=accum date=20260621, skip
[2026-06-23T10:02:38.359+0000] {era5_functions.py:335} WARNING - CDS ยังไม่มีข้อมูล job=accum date=20260621, skip
[2026-06-23T10:02:38.364+0000] {logging_mixin.py:188} WARNING - 2026-06-23 10:02:38 [INFO] --- job=accum date=20260620 ---
[2026-06-23T10:02:38.364+0000] {era5_functions.py:330} INFO - --- job=accum date=20260620 ---
[2026-06-23T10:02:39.105+0000] {logging_mixin.py:188} WARNING - 2026-06-23 10:02:39 [WARNING] get_cds_count failed: 400 Client Error: Bad Request for url: https://cds.climate.copernicus.eu/api/retrieve/v1/processes/reanalysis-era5-single-levels/execution
invalid request
None of the data you have requested is available yet, please revise the period requested. The latest date available for this dataset is: 2026-06-18 10:00
[2026-06-23T10:02:39.105+0000] {era5_functions.py:131} WARNING - get_cds_count failed: 400 Client Error: Bad Request for url: https://cds.climate.copernicus.eu/api/retrieve/v1/processes/reanalysis-era5-single-levels/execution
invalid request
None of the data you have requested is available yet, please revise the period requested. The latest date available for this dataset is: 2026-06-18 10:00
[2026-06-23T10:02:39.111+0000] {logging_mixin.py:188} WARNING - 2026-06-23 10:02:39 [WARNING] CDS ยังไม่มีข้อมูล job=accum date=20260620, skip
[2026-06-23T10:02:39.111+0000] {era5_functions.py:335} WARNING - CDS ยังไม่มีข้อมูล job=accum date=20260620, skip
[2026-06-23T10:02:39.115+0000] {logging_mixin.py:188} WARNING - 2026-06-23 10:02:39 [INFO] --- job=accum date=20260619 ---
[2026-06-23T10:02:39.115+0000] {era5_functions.py:330} INFO - --- job=accum date=20260619 ---
[2026-06-23T10:02:41.530+0000] {logging_mixin.py:188} WARNING - 2026-06-23 10:02:41 [WARNING] get_cds_count failed: 400 Client Error: Bad Request for url: https://cds.climate.copernicus.eu/api/retrieve/v1/processes/reanalysis-era5-single-levels/execution
invalid request
None of the data you have requested is available yet, please revise the period requested. The latest date available for this dataset is: 2026-06-18 10:00
[2026-06-23T10:02:41.530+0000] {era5_functions.py:131} WARNING - get_cds_count failed: 400 Client Error: Bad Request for url: https://cds.climate.copernicus.eu/api/retrieve/v1/processes/reanalysis-era5-single-levels/execution
invalid request
None of the data you have requested is available yet, please revise the period requested. The latest date available for this dataset is: 2026-06-18 10:00
[2026-06-23T10:02:41.536+0000] {logging_mixin.py:188} WARNING - 2026-06-23 10:02:41 [WARNING] CDS ยังไม่มีข้อมูล job=accum date=20260619, skip
[2026-06-23T10:02:41.536+0000] {era5_functions.py:335} WARNING - CDS ยังไม่มีข้อมูล job=accum date=20260619, skip
[2026-06-23T10:02:41.539+0000] {logging_mixin.py:188} WARNING - 2026-06-23 10:02:41 [INFO] --- job=accum date=20260618 ---
[2026-06-23T10:02:41.539+0000] {era5_functions.py:330} INFO - --- job=accum date=20260618 ---
[2026-06-23T10:02:44.014+0000] {logging_mixin.py:188} WARNING - 2026-06-23 10:02:44,013 INFO [2025-12-11T00:00:00] Please note that a dedicated catalogue entry for this dataset, post-processed and stored in Analysis Ready Cloud Optimized (ARCO) format (Zarr), is available for optimised time-series retrievals (i.e. for retrieving data from selected variables for a single point over an extended period of time in an efficient way). You can discover it [here](https://cds.climate.copernicus.eu/datasets/reanalysis-era5-single-levels-timeseries?tab=overview)
[2026-06-23T10:02:44.013+0000] {legacy_client.py:192} INFO - [2025-12-11T00:00:00] Please note that a dedicated catalogue entry for this dataset, post-processed and stored in Analysis Ready Cloud Optimized (ARCO) format (Zarr), is available for optimised time-series retrievals (i.e. for retrieving data from selected variables for a single point over an extended period of time in an efficient way). You can discover it [here](https://cds.climate.copernicus.eu/datasets/reanalysis-era5-single-levels-timeseries?tab=overview)
[2026-06-23T10:02:44.018+0000] {logging_mixin.py:188} WARNING - 2026-06-23 10:02:44,018 INFO Request ID is e0620f41-9816-4d1f-9561-bbb063b4f44f
[2026-06-23T10:02:44.018+0000] {legacy_client.py:192} INFO - Request ID is e0620f41-9816-4d1f-9561-bbb063b4f44f
[2026-06-23T10:02:44.228+0000] {logging_mixin.py:188} WARNING - 2026-06-23 10:02:44,228 INFO status has been updated to accepted
[2026-06-23T10:02:44.228+0000] {legacy_client.py:192} INFO - status has been updated to accepted
[2026-06-23T10:03:20.472+0000] {logging_mixin.py:188} WARNING - 2026-06-23 10:03:20,472 INFO status has been updated to successful
[2026-06-23T10:03:20.472+0000] {legacy_client.py:192} INFO - status has been updated to successful
[2026-06-23T10:03:21.524+0000] {base.py:119} INFO - Downloading https://object-store.os-api.cci2.ecmwf.int:443/cci2-prod-cache-1/2026-06-23/3f221df962f3824b6970a0ef49ef96fe.nc
[2026-06-23T10:03:22.236+0000] {logging_mixin.py:188} WARNING - 3f221df962f3824b6970a0ef49ef96fe.nc:   0%|          | 0.00/188k [00:00<?, ?B/s]
[2026-06-23T10:03:24.545+0000] {logging_mixin.py:188} WARNING - 3f221df962f3824b6970a0ef49ef96fe.nc: 100%|##########| 188k/188k [00:02<00:00, 83.6kB/s]
[2026-06-23T10:03:24.551+0000] {logging_mixin.py:188} WARNING -                                                                                        
[2026-06-23T10:03:24.848+0000] {logging_mixin.py:188} WARNING - 2026-06-23 10:03:24 [INFO] CDS timestep available: 11
[2026-06-23T10:03:24.848+0000] {era5_functions.py:128} INFO - CDS timestep available: 11
[2026-06-23T10:03:24.908+0000] {logging_mixin.py:188} WARNING - 2026-06-23 10:03:24 [INFO] local timestep: 10 — /opt/***/era5/ecmwf/data/nc/_raw/2026/06/18/accum_20260618.nc
[2026-06-23T10:03:24.907+0000] {era5_functions.py:152} INFO - local timestep: 10 — /opt/***/era5/ecmwf/data/nc/_raw/2026/06/18/accum_20260618.nc
[2026-06-23T10:03:24.918+0000] {logging_mixin.py:188} WARNING - 2026-06-23 10:03:24 [INFO] nc outdated (local=10 < cds=11), removing: /opt/***/era5/ecmwf/data/nc/_raw/2026/06/18/accum_20260618.nc
[2026-06-23T10:03:24.917+0000] {era5_functions.py:193} INFO - nc outdated (local=10 < cds=11), removing: /opt/***/era5/ecmwf/data/nc/_raw/2026/06/18/accum_20260618.nc
[2026-06-23T10:03:24.948+0000] {logging_mixin.py:188} WARNING - 2026-06-23 10:03:24 [INFO] download attempt 1/3: /opt/***/era5/ecmwf/data/nc/_raw/2026/06/18/accum_20260618.nc
[2026-06-23T10:03:24.948+0000] {era5_functions.py:200} INFO - download attempt 1/3: /opt/***/era5/ecmwf/data/nc/_raw/2026/06/18/accum_20260618.nc
[2026-06-23T10:03:26.360+0000] {logging_mixin.py:188} WARNING - 2026-06-23 10:03:26,360 INFO [2025-12-11T00:00:00] Please note that a dedicated catalogue entry for this dataset, post-processed and stored in Analysis Ready Cloud Optimized (ARCO) format (Zarr), is available for optimised time-series retrievals (i.e. for retrieving data from selected variables for a single point over an extended period of time in an efficient way). You can discover it [here](https://cds.climate.copernicus.eu/datasets/reanalysis-era5-single-levels-timeseries?tab=overview)
[2026-06-23T10:03:26.360+0000] {legacy_client.py:192} INFO - [2025-12-11T00:00:00] Please note that a dedicated catalogue entry for this dataset, post-processed and stored in Analysis Ready Cloud Optimized (ARCO) format (Zarr), is available for optimised time-series retrievals (i.e. for retrieving data from selected variables for a single point over an extended period of time in an efficient way). You can discover it [here](https://cds.climate.copernicus.eu/datasets/reanalysis-era5-single-levels-timeseries?tab=overview)
[2026-06-23T10:03:26.365+0000] {logging_mixin.py:188} WARNING - 2026-06-23 10:03:26,365 INFO Request ID is 88077317-33b0-4fbd-9423-2c2fb731c010
[2026-06-23T10:03:26.365+0000] {legacy_client.py:192} INFO - Request ID is 88077317-33b0-4fbd-9423-2c2fb731c010
[2026-06-23T10:03:27.788+0000] {logging_mixin.py:188} WARNING - 2026-06-23 10:03:27,787 INFO status has been updated to accepted
[2026-06-23T10:03:27.787+0000] {legacy_client.py:192} INFO - status has been updated to accepted
[2026-06-23T10:03:45.112+0000] {logging_mixin.py:188} WARNING - 2026-06-23 10:03:45,111 INFO status has been updated to running
[2026-06-23T10:03:45.111+0000] {legacy_client.py:192} INFO - status has been updated to running
[2026-06-23T10:03:52.932+0000] {logging_mixin.py:188} WARNING - 2026-06-23 10:03:52,932 INFO status has been updated to successful
[2026-06-23T10:03:52.932+0000] {legacy_client.py:192} INFO - status has been updated to successful
[2026-06-23T10:03:53.357+0000] {base.py:119} INFO - Downloading https://object-store.os-api.cci2.ecmwf.int:443/cci2-prod-cache-2/2026-06-23/271c69894ed0457c43dd3f538176617e.nc
[2026-06-23T10:03:54.083+0000] {logging_mixin.py:188} WARNING - 271c69894ed0457c43dd3f538176617e.nc:   0%|          | 0.00/188k [00:00<?, ?B/s]
[2026-06-23T10:03:55.309+0000] {logging_mixin.py:188} WARNING - 271c69894ed0457c43dd3f538176617e.nc: 100%|##########| 188k/188k [00:01<00:00, 157kB/s]
[2026-06-23T10:03:55.329+0000] {logging_mixin.py:188} WARNING -                                                                                       
[2026-06-23T10:03:55.439+0000] {logging_mixin.py:188} WARNING - 2026-06-23 10:03:55 [INFO] nc downloaded ok: /opt/***/era5/ecmwf/data/nc/_raw/2026/06/18/accum_20260618.nc
[2026-06-23T10:03:55.439+0000] {era5_functions.py:204} INFO - nc downloaded ok: /opt/***/era5/ecmwf/data/nc/_raw/2026/06/18/accum_20260618.nc
[2026-06-23T10:03:55.503+0000] {logging_mixin.py:188} WARNING - 2026-06-23 10:03:55 [INFO] local timestep: 11 — /opt/***/era5/ecmwf/data/nc/_raw/2026/06/18/accum_20260618.nc
[2026-06-23T10:03:55.503+0000] {era5_functions.py:152} INFO - local timestep: 11 — /opt/***/era5/ecmwf/data/nc/_raw/2026/06/18/accum_20260618.nc
[2026-06-23T10:03:55.612+0000] {logging_mixin.py:188} WARNING - 2026-06-23 10:03:55 [INFO] tif outdated (tif=10 < nc=11), removing: /opt/***/era5/ecmwf/data/tif/2026/06/18/tp_20260618.tif
[2026-06-23T10:03:55.612+0000] {era5_functions.py:261} INFO - tif outdated (tif=10 < nc=11), removing: /opt/***/era5/ecmwf/data/tif/2026/06/18/tp_20260618.tif
[2026-06-23T10:03:55.722+0000] {logging_mixin.py:188} WARNING - 2026-06-23 10:03:55 [INFO] tif ok (bands=11): /opt/***/era5/ecmwf/data/tif/2026/06/18/tp_20260618.tif
[2026-06-23T10:03:55.721+0000] {era5_functions.py:304} INFO - tif ok (bands=11): /opt/***/era5/ecmwf/data/tif/2026/06/18/tp_20260618.tif
[2026-06-23T10:03:55.727+0000] {logging_mixin.py:188} WARNING - 2026-06-23 10:03:55 [INFO] === END job=accum date=2026-06-23 ===
[2026-06-23T10:03:55.727+0000] {era5_functions.py:379} INFO - === END job=accum date=2026-06-23 ===
[2026-06-23T10:03:55.728+0000] {python.py:237} INFO - Done. Returned value was: None
[2026-06-23T10:03:55.729+0000] {taskinstance.py:441} INFO - ::group::Post task execution logs
[2026-06-23T10:03:55.744+0000] {taskinstance.py:1206} INFO - Marking task as SUCCESS. dag_id=era5_download_pipeline, task_id=era5_accum, run_id=scheduled__2026-06-23T09:00:00+00:00, execution_date=20260623T090000, start_date=20260623T100233, end_date=20260623T100355
[2026-06-23T10:03:55.806+0000] {local_task_job_runner.py:240} INFO - Task exited with return code 0
[2026-06-23T10:03:55.825+0000] {taskinstance.py:3498} INFO - 0 downstream tasks scheduled from follow-on schedule check
[2026-06-23T10:03:55.829+0000] {local_task_job_runner.py:222} INFO - ::endgroup::
