[2026-05-24T12:00:02.257+0000] {local_task_job_runner.py:120} INFO - ::group::Pre task execution logs
[2026-05-24T12:00:02.297+0000] {taskinstance.py:2076} INFO - Dependencies all met for dep_context=non-requeueable deps ti=<TaskInstance: era5_ecmwf_pipeline.era5_instant scheduled__2026-05-24T11:00:00+00:00 [queued]>
[2026-05-24T12:00:02.308+0000] {taskinstance.py:2076} INFO - Dependencies all met for dep_context=requeueable deps ti=<TaskInstance: era5_ecmwf_pipeline.era5_instant scheduled__2026-05-24T11:00:00+00:00 [queued]>
[2026-05-24T12:00:02.310+0000] {taskinstance.py:2306} INFO - Starting attempt 1 of 1
[2026-05-24T12:00:02.326+0000] {taskinstance.py:2330} INFO - Executing <Task(PythonOperator): era5_instant> on 2026-05-24 11:00:00+00:00
[2026-05-24T12:00:02.337+0000] {warnings.py:110} WARNING - /home/***/.local/lib/python3.12/site-packages/***/task/task_runner/standard_task_runner.py:61: DeprecationWarning: This process (pid=43540) is multi-threaded, use of fork() may lead to deadlocks in the child.
  pid = os.fork()

[2026-05-24T12:00:02.340+0000] {standard_task_runner.py:63} INFO - Started process 43551 to run task
[2026-05-24T12:00:02.340+0000] {standard_task_runner.py:90} INFO - Running: ['***', 'tasks', 'run', 'era5_ecmwf_pipeline', 'era5_instant', 'scheduled__2026-05-24T11:00:00+00:00', '--job-id', '422', '--raw', '--subdir', 'DAGS_FOLDER/era5_dag.py', '--cfg-path', '/tmp/tmpyx2gwtz7']
[2026-05-24T12:00:02.345+0000] {standard_task_runner.py:91} INFO - Job 422: Subtask era5_instant
[2026-05-24T12:00:02.423+0000] {task_command.py:426} INFO - Running <TaskInstance: era5_ecmwf_pipeline.era5_instant scheduled__2026-05-24T11:00:00+00:00 [running]> on host fc8478f399e7
[2026-05-24T12:00:02.552+0000] {taskinstance.py:2648} INFO - Exporting env vars: AIRFLOW_CTX_DAG_OWNER='***' AIRFLOW_CTX_DAG_ID='era5_ecmwf_pipeline' AIRFLOW_CTX_TASK_ID='era5_instant' AIRFLOW_CTX_EXECUTION_DATE='2026-05-24T11:00:00+00:00' AIRFLOW_CTX_TRY_NUMBER='1' AIRFLOW_CTX_DAG_RUN_ID='scheduled__2026-05-24T11:00:00+00:00'
[2026-05-24T12:00:02.555+0000] {taskinstance.py:430} INFO - ::endgroup::
[2026-05-24T12:00:02.577+0000] {logging_mixin.py:188} INFO - RUN → instant | 2026-05-19
[2026-05-24T12:00:02.587+0000] {era5_logger.py:51} INFO - Log file: logs/era5/2026/05/19/era5_20260519.log
[2026-05-24T12:00:02.589+0000] {era5_functions.py:329} INFO - ERA5 [INSTANT] START: 2026-05-19
[2026-05-24T12:00:03.623+0000] {era5_functions.py:285} INFO - ============================================================
[2026-05-24T12:00:03.626+0000] {era5_functions.py:286} INFO - JOB : INSTANT | 2026-05-19
[2026-05-24T12:00:03.628+0000] {era5_functions.py:287} INFO - VARS: ['t2m', 'd2m', 'sp', 'blh', 'u10', 'v10']
[2026-05-24T12:00:03.629+0000] {era5_functions.py:288} INFO - ============================================================
[2026-05-24T12:00:03.983+0000] {era5_functions.py:63} WARNING - [VALIDATE NC] instant_20260519.nc → NOT READY (2/24)
[2026-05-24T12:00:03.987+0000] {era5_functions.py:123} WARNING - [NC] ERA5 not ready → instant_20260519.nc
[2026-05-24T12:00:03.988+0000] {era5_functions.py:295} WARNING - [PIPELINE] skip tif → nc not ready
[2026-05-24T12:00:03.989+0000] {era5_functions.py:341} INFO - ERA5 [INSTANT] COMPLETE ✓
[2026-05-24T12:00:03.990+0000] {logging_mixin.py:188} INFO - RUN → instant | 2026-05-18
[2026-05-24T12:00:03.997+0000] {era5_logger.py:51} INFO - Log file: logs/era5/2026/05/18/era5_20260518.log
[2026-05-24T12:00:03.998+0000] {era5_functions.py:329} INFO - ERA5 [INSTANT] START: 2026-05-18
[2026-05-24T12:00:04.989+0000] {era5_functions.py:285} INFO - ============================================================
[2026-05-24T12:00:04.991+0000] {era5_functions.py:286} INFO - JOB : INSTANT | 2026-05-18
[2026-05-24T12:00:04.993+0000] {era5_functions.py:287} INFO - VARS: ['t2m', 'd2m', 'sp', 'blh', 'u10', 'v10']
[2026-05-24T12:00:04.995+0000] {era5_functions.py:288} INFO - ============================================================
[2026-05-24T12:00:05.065+0000] {era5_functions.py:63} WARNING - [VALIDATE NC] instant_20260518.nc → NOT READY (2/24)
[2026-05-24T12:00:05.070+0000] {era5_functions.py:123} WARNING - [NC] ERA5 not ready → instant_20260518.nc
[2026-05-24T12:00:05.071+0000] {era5_functions.py:295} WARNING - [PIPELINE] skip tif → nc not ready
[2026-05-24T12:00:05.071+0000] {era5_functions.py:341} INFO - ERA5 [INSTANT] COMPLETE ✓
[2026-05-24T12:00:05.072+0000] {logging_mixin.py:188} INFO - RUN → instant | 2026-05-17
[2026-05-24T12:00:05.075+0000] {era5_logger.py:51} INFO - Log file: logs/era5/2026/05/17/era5_20260517.log
[2026-05-24T12:00:05.076+0000] {era5_functions.py:329} INFO - ERA5 [INSTANT] START: 2026-05-17
[2026-05-24T12:00:06.064+0000] {era5_functions.py:285} INFO - ============================================================
[2026-05-24T12:00:06.067+0000] {era5_functions.py:286} INFO - JOB : INSTANT | 2026-05-17
[2026-05-24T12:00:06.069+0000] {era5_functions.py:287} INFO - VARS: ['t2m', 'd2m', 'sp', 'blh', 'u10', 'v10']
[2026-05-24T12:00:06.071+0000] {era5_functions.py:288} INFO - ============================================================
[2026-05-24T12:00:06.144+0000] {era5_functions.py:63} WARNING - [VALIDATE NC] instant_20260517.nc → NOT READY (4/24)
[2026-05-24T12:00:06.148+0000] {era5_functions.py:123} WARNING - [NC] ERA5 not ready → instant_20260517.nc
[2026-05-24T12:00:06.149+0000] {era5_functions.py:295} WARNING - [PIPELINE] skip tif → nc not ready
[2026-05-24T12:00:06.150+0000] {era5_functions.py:341} INFO - ERA5 [INSTANT] COMPLETE ✓
[2026-05-24T12:00:06.151+0000] {python.py:237} INFO - Done. Returned value was: None
[2026-05-24T12:00:06.152+0000] {taskinstance.py:441} INFO - ::group::Post task execution logs
[2026-05-24T12:00:06.166+0000] {taskinstance.py:1206} INFO - Marking task as SUCCESS. dag_id=era5_ecmwf_pipeline, task_id=era5_instant, run_id=scheduled__2026-05-24T11:00:00+00:00, execution_date=20260524T110000, start_date=20260524T120002, end_date=20260524T120006
[2026-05-24T12:00:06.216+0000] {local_task_job_runner.py:240} INFO - Task exited with return code 0
[2026-05-24T12:00:06.232+0000] {local_task_job_runner.py:222} INFO - ::endgroup::
