[2026-06-05T23:01:05.005+0000] {local_task_job_runner.py:120} INFO - ::group::Pre task execution logs
[2026-06-05T23:01:05.031+0000] {taskinstance.py:2076} INFO - Dependencies all met for dep_context=non-requeueable deps ti=<TaskInstance: era5_download_pipeline.era5_accum scheduled__2026-06-05T22:00:00+00:00 [queued]>
[2026-06-05T23:01:05.042+0000] {taskinstance.py:2076} INFO - Dependencies all met for dep_context=requeueable deps ti=<TaskInstance: era5_download_pipeline.era5_accum scheduled__2026-06-05T22:00:00+00:00 [queued]>
[2026-06-05T23:01:05.043+0000] {taskinstance.py:2306} INFO - Starting attempt 1 of 1
[2026-06-05T23:01:05.059+0000] {taskinstance.py:2330} INFO - Executing <Task(PythonOperator): era5_accum> on 2026-06-05 22:00:00+00:00
[2026-06-05T23:01:05.072+0000] {warnings.py:110} WARNING - /home/***/.local/lib/python3.12/site-packages/***/task/task_runner/standard_task_runner.py:61: DeprecationWarning: This process (pid=68236) is multi-threaded, use of fork() may lead to deadlocks in the child.
  pid = os.fork()

[2026-06-05T23:01:05.076+0000] {standard_task_runner.py:63} INFO - Started process 68238 to run task
[2026-06-05T23:01:05.074+0000] {standard_task_runner.py:90} INFO - Running: ['***', 'tasks', 'run', 'era5_download_pipeline', 'era5_accum', 'scheduled__2026-06-05T22:00:00+00:00', '--job-id', '1017', '--raw', '--subdir', 'DAGS_FOLDER/era5_dag.py', '--cfg-path', '/tmp/tmpc91v39t0']
[2026-06-05T23:01:05.078+0000] {standard_task_runner.py:91} INFO - Job 1017: Subtask era5_accum
[2026-06-05T23:01:05.152+0000] {task_command.py:426} INFO - Running <TaskInstance: era5_download_pipeline.era5_accum scheduled__2026-06-05T22:00:00+00:00 [running]> on host 01cd476fb21a
[2026-06-05T23:01:05.267+0000] {taskinstance.py:2648} INFO - Exporting env vars: AIRFLOW_CTX_DAG_OWNER='era5' AIRFLOW_CTX_DAG_ID='era5_download_pipeline' AIRFLOW_CTX_TASK_ID='era5_accum' AIRFLOW_CTX_EXECUTION_DATE='2026-06-05T22:00:00+00:00' AIRFLOW_CTX_TRY_NUMBER='1' AIRFLOW_CTX_DAG_RUN_ID='scheduled__2026-06-05T22:00:00+00:00'
[2026-06-05T23:01:05.269+0000] {taskinstance.py:430} INFO - ::endgroup::
[2026-06-05T23:01:06.322+0000] {logging_mixin.py:188} WARNING - 2026-06-05 23:01:06 [INFO] === START job=accum date=2026-06-05 ===
[2026-06-05T23:01:06.322+0000] {era5_functions.py:368} INFO - === START job=accum date=2026-06-05 ===
[2026-06-05T23:01:06.325+0000] {logging_mixin.py:188} WARNING - 2026-06-05 23:01:06 [INFO] --- job=accum date=20260605 ---
[2026-06-05T23:01:06.325+0000] {era5_functions.py:330} INFO - --- job=accum date=20260605 ---
[2026-06-05T23:01:06.947+0000] {logging_mixin.py:188} WARNING - 2026-06-05 23:01:06 [WARNING] get_cds_count failed: 400 Client Error: Bad Request for url: https://cds.climate.copernicus.eu/api/retrieve/v1/processes/reanalysis-era5-single-levels/execution
invalid request
None of the data you have requested is available yet, please revise the period requested. The latest date available for this dataset is: 2026-05-31 23:00
[2026-06-05T23:01:06.947+0000] {era5_functions.py:131} WARNING - get_cds_count failed: 400 Client Error: Bad Request for url: https://cds.climate.copernicus.eu/api/retrieve/v1/processes/reanalysis-era5-single-levels/execution
invalid request
None of the data you have requested is available yet, please revise the period requested. The latest date available for this dataset is: 2026-05-31 23:00
[2026-06-05T23:01:06.950+0000] {logging_mixin.py:188} WARNING - 2026-06-05 23:01:06 [WARNING] CDS ยังไม่มีข้อมูล job=accum date=20260605, skip
[2026-06-05T23:01:06.950+0000] {era5_functions.py:335} WARNING - CDS ยังไม่มีข้อมูล job=accum date=20260605, skip
[2026-06-05T23:01:06.953+0000] {logging_mixin.py:188} WARNING - 2026-06-05 23:01:06 [INFO] --- job=accum date=20260604 ---
[2026-06-05T23:01:06.953+0000] {era5_functions.py:330} INFO - --- job=accum date=20260604 ---
[2026-06-05T23:01:07.586+0000] {logging_mixin.py:188} WARNING - 2026-06-05 23:01:07 [WARNING] get_cds_count failed: 400 Client Error: Bad Request for url: https://cds.climate.copernicus.eu/api/retrieve/v1/processes/reanalysis-era5-single-levels/execution
invalid request
None of the data you have requested is available yet, please revise the period requested. The latest date available for this dataset is: 2026-05-31 23:00
[2026-06-05T23:01:07.585+0000] {era5_functions.py:131} WARNING - get_cds_count failed: 400 Client Error: Bad Request for url: https://cds.climate.copernicus.eu/api/retrieve/v1/processes/reanalysis-era5-single-levels/execution
invalid request
None of the data you have requested is available yet, please revise the period requested. The latest date available for this dataset is: 2026-05-31 23:00
[2026-06-05T23:01:07.589+0000] {logging_mixin.py:188} WARNING - 2026-06-05 23:01:07 [WARNING] CDS ยังไม่มีข้อมูล job=accum date=20260604, skip
[2026-06-05T23:01:07.589+0000] {era5_functions.py:335} WARNING - CDS ยังไม่มีข้อมูล job=accum date=20260604, skip
[2026-06-05T23:01:07.592+0000] {logging_mixin.py:188} WARNING - 2026-06-05 23:01:07 [INFO] --- job=accum date=20260603 ---
[2026-06-05T23:01:07.592+0000] {era5_functions.py:330} INFO - --- job=accum date=20260603 ---
[2026-06-05T23:01:08.600+0000] {logging_mixin.py:188} WARNING - 2026-06-05 23:01:08 [WARNING] get_cds_count failed: 400 Client Error: Bad Request for url: https://cds.climate.copernicus.eu/api/retrieve/v1/processes/reanalysis-era5-single-levels/execution
invalid request
None of the data you have requested is available yet, please revise the period requested. The latest date available for this dataset is: 2026-05-31 23:00
[2026-06-05T23:01:08.600+0000] {era5_functions.py:131} WARNING - get_cds_count failed: 400 Client Error: Bad Request for url: https://cds.climate.copernicus.eu/api/retrieve/v1/processes/reanalysis-era5-single-levels/execution
invalid request
None of the data you have requested is available yet, please revise the period requested. The latest date available for this dataset is: 2026-05-31 23:00
[2026-06-05T23:01:08.607+0000] {logging_mixin.py:188} WARNING - 2026-06-05 23:01:08 [WARNING] CDS ยังไม่มีข้อมูล job=accum date=20260603, skip
[2026-06-05T23:01:08.606+0000] {era5_functions.py:335} WARNING - CDS ยังไม่มีข้อมูล job=accum date=20260603, skip
[2026-06-05T23:01:08.610+0000] {logging_mixin.py:188} WARNING - 2026-06-05 23:01:08 [INFO] --- job=accum date=20260602 ---
[2026-06-05T23:01:08.610+0000] {era5_functions.py:330} INFO - --- job=accum date=20260602 ---
[2026-06-05T23:01:09.204+0000] {logging_mixin.py:188} WARNING - 2026-06-05 23:01:09 [WARNING] get_cds_count failed: 400 Client Error: Bad Request for url: https://cds.climate.copernicus.eu/api/retrieve/v1/processes/reanalysis-era5-single-levels/execution
invalid request
None of the data you have requested is available yet, please revise the period requested. The latest date available for this dataset is: 2026-05-31 23:00
[2026-06-05T23:01:09.203+0000] {era5_functions.py:131} WARNING - get_cds_count failed: 400 Client Error: Bad Request for url: https://cds.climate.copernicus.eu/api/retrieve/v1/processes/reanalysis-era5-single-levels/execution
invalid request
None of the data you have requested is available yet, please revise the period requested. The latest date available for this dataset is: 2026-05-31 23:00
[2026-06-05T23:01:09.209+0000] {logging_mixin.py:188} WARNING - 2026-06-05 23:01:09 [WARNING] CDS ยังไม่มีข้อมูล job=accum date=20260602, skip
[2026-06-05T23:01:09.209+0000] {era5_functions.py:335} WARNING - CDS ยังไม่มีข้อมูล job=accum date=20260602, skip
[2026-06-05T23:01:09.213+0000] {logging_mixin.py:188} WARNING - 2026-06-05 23:01:09 [INFO] --- job=accum date=20260601 ---
[2026-06-05T23:01:09.213+0000] {era5_functions.py:330} INFO - --- job=accum date=20260601 ---
[2026-06-05T23:01:11.334+0000] {logging_mixin.py:188} WARNING - 2026-06-05 23:01:11 [WARNING] get_cds_count failed: 400 Client Error: Bad Request for url: https://cds.climate.copernicus.eu/api/retrieve/v1/processes/reanalysis-era5-single-levels/execution
invalid request
None of the data you have requested is available yet, please revise the period requested. The latest date available for this dataset is: 2026-05-31 23:00
[2026-06-05T23:01:11.334+0000] {era5_functions.py:131} WARNING - get_cds_count failed: 400 Client Error: Bad Request for url: https://cds.climate.copernicus.eu/api/retrieve/v1/processes/reanalysis-era5-single-levels/execution
invalid request
None of the data you have requested is available yet, please revise the period requested. The latest date available for this dataset is: 2026-05-31 23:00
[2026-06-05T23:01:11.338+0000] {logging_mixin.py:188} WARNING - 2026-06-05 23:01:11 [WARNING] CDS ยังไม่มีข้อมูล job=accum date=20260601, skip
[2026-06-05T23:01:11.338+0000] {era5_functions.py:335} WARNING - CDS ยังไม่มีข้อมูล job=accum date=20260601, skip
[2026-06-05T23:01:11.342+0000] {logging_mixin.py:188} WARNING - 2026-06-05 23:01:11 [INFO] --- job=accum date=20260531 ---
[2026-06-05T23:01:11.342+0000] {era5_functions.py:330} INFO - --- job=accum date=20260531 ---
[2026-06-05T23:01:12.247+0000] {logging_mixin.py:188} WARNING - 2026-06-05 23:01:12,247 INFO [2025-12-11T00:00:00] Please note that a dedicated catalogue entry for this dataset, post-processed and stored in Analysis Ready Cloud Optimized (ARCO) format (Zarr), is available for optimised time-series retrievals (i.e. for retrieving data from selected variables for a single point over an extended period of time in an efficient way). You can discover it [here](https://cds.climate.copernicus.eu/datasets/reanalysis-era5-single-levels-timeseries?tab=overview)
[2026-06-05T23:01:12.247+0000] {legacy_client.py:192} INFO - [2025-12-11T00:00:00] Please note that a dedicated catalogue entry for this dataset, post-processed and stored in Analysis Ready Cloud Optimized (ARCO) format (Zarr), is available for optimised time-series retrievals (i.e. for retrieving data from selected variables for a single point over an extended period of time in an efficient way). You can discover it [here](https://cds.climate.copernicus.eu/datasets/reanalysis-era5-single-levels-timeseries?tab=overview)
[2026-06-05T23:01:12.251+0000] {logging_mixin.py:188} WARNING - 2026-06-05 23:01:12,250 INFO Request ID is 1afd24a9-e6ae-4ae1-bf54-0e8c4feef747
[2026-06-05T23:01:12.250+0000] {legacy_client.py:192} INFO - Request ID is 1afd24a9-e6ae-4ae1-bf54-0e8c4feef747
[2026-06-05T23:01:12.643+0000] {logging_mixin.py:188} WARNING - 2026-06-05 23:01:12,642 INFO status has been updated to accepted
[2026-06-05T23:01:12.642+0000] {legacy_client.py:192} INFO - status has been updated to accepted
[2026-06-05T23:01:27.748+0000] {logging_mixin.py:188} WARNING - 2026-06-05 23:01:27,748 INFO status has been updated to running
[2026-06-05T23:01:27.748+0000] {legacy_client.py:192} INFO - status has been updated to running
[2026-06-05T23:01:48.055+0000] {logging_mixin.py:188} WARNING - 2026-06-05 23:01:48,055 INFO status has been updated to successful
[2026-06-05T23:01:48.055+0000] {legacy_client.py:192} INFO - status has been updated to successful
[2026-06-05T23:01:48.476+0000] {base.py:119} INFO - Downloading https://object-store.os-api.cci2.ecmwf.int:443/cci2-prod-cache-2/2026-06-05/28c93f06f838f79cd375534b9b938515.nc
[2026-06-05T23:01:49.138+0000] {logging_mixin.py:188} WARNING - 28c93f06f838f79cd375534b9b938515.nc:   0%|          | 0.00/327k [00:00<?, ?B/s]
[2026-06-05T23:01:50.864+0000] {logging_mixin.py:188} WARNING - 28c93f06f838f79cd375534b9b938515.nc: 100%|##########| 327k/327k [00:01<00:00, 194kB/s]
[2026-06-05T23:01:50.868+0000] {logging_mixin.py:188} WARNING -                                                                                       
[2026-06-05T23:01:51.178+0000] {logging_mixin.py:188} WARNING - 2026-06-05 23:01:51 [INFO] CDS timestep available: 24
[2026-06-05T23:01:51.178+0000] {era5_functions.py:128} INFO - CDS timestep available: 24
[2026-06-05T23:01:51.235+0000] {logging_mixin.py:188} WARNING - 2026-06-05 23:01:51 [INFO] local timestep: 23 — /opt/***/era5/ecmwf/data/nc/_raw/2026/05/31/accum_20260531.nc
[2026-06-05T23:01:51.235+0000] {era5_functions.py:152} INFO - local timestep: 23 — /opt/***/era5/ecmwf/data/nc/_raw/2026/05/31/accum_20260531.nc
[2026-06-05T23:01:51.242+0000] {logging_mixin.py:188} WARNING - 2026-06-05 23:01:51 [INFO] nc outdated (local=23 < cds=24), removing: /opt/***/era5/ecmwf/data/nc/_raw/2026/05/31/accum_20260531.nc
[2026-06-05T23:01:51.242+0000] {era5_functions.py:193} INFO - nc outdated (local=23 < cds=24), removing: /opt/***/era5/ecmwf/data/nc/_raw/2026/05/31/accum_20260531.nc
[2026-06-05T23:01:51.262+0000] {logging_mixin.py:188} WARNING - 2026-06-05 23:01:51 [INFO] download attempt 1/3: /opt/***/era5/ecmwf/data/nc/_raw/2026/05/31/accum_20260531.nc
[2026-06-05T23:01:51.262+0000] {era5_functions.py:200} INFO - download attempt 1/3: /opt/***/era5/ecmwf/data/nc/_raw/2026/05/31/accum_20260531.nc
[2026-06-05T23:01:51.951+0000] {logging_mixin.py:188} WARNING - 2026-06-05 23:01:51,951 INFO [2025-12-11T00:00:00] Please note that a dedicated catalogue entry for this dataset, post-processed and stored in Analysis Ready Cloud Optimized (ARCO) format (Zarr), is available for optimised time-series retrievals (i.e. for retrieving data from selected variables for a single point over an extended period of time in an efficient way). You can discover it [here](https://cds.climate.copernicus.eu/datasets/reanalysis-era5-single-levels-timeseries?tab=overview)
[2026-06-05T23:01:51.951+0000] {legacy_client.py:192} INFO - [2025-12-11T00:00:00] Please note that a dedicated catalogue entry for this dataset, post-processed and stored in Analysis Ready Cloud Optimized (ARCO) format (Zarr), is available for optimised time-series retrievals (i.e. for retrieving data from selected variables for a single point over an extended period of time in an efficient way). You can discover it [here](https://cds.climate.copernicus.eu/datasets/reanalysis-era5-single-levels-timeseries?tab=overview)
[2026-06-05T23:01:51.955+0000] {logging_mixin.py:188} WARNING - 2026-06-05 23:01:51,954 INFO Request ID is 9640328e-1e2d-462e-b7c3-45aeefc1c74e
[2026-06-05T23:01:51.954+0000] {legacy_client.py:192} INFO - Request ID is 9640328e-1e2d-462e-b7c3-45aeefc1c74e
[2026-06-05T23:01:52.168+0000] {logging_mixin.py:188} WARNING - 2026-06-05 23:01:52,167 INFO status has been updated to accepted
[2026-06-05T23:01:52.167+0000] {legacy_client.py:192} INFO - status has been updated to accepted
[2026-06-05T23:02:06.479+0000] {logging_mixin.py:188} WARNING - 2026-06-05 23:02:06,479 INFO status has been updated to successful
[2026-06-05T23:02:06.479+0000] {legacy_client.py:192} INFO - status has been updated to successful
[2026-06-05T23:02:06.908+0000] {base.py:119} INFO - Downloading https://object-store.os-api.cci2.ecmwf.int:443/cci2-prod-cache-1/2026-06-05/714c9b857fc63b4870cc3683af38c3a1.nc
[2026-06-05T23:02:07.872+0000] {logging_mixin.py:188} WARNING - 714c9b857fc63b4870cc3683af38c3a1.nc:   0%|          | 0.00/325k [00:00<?, ?B/s]
[2026-06-05T23:02:09.604+0000] {logging_mixin.py:188} WARNING - 714c9b857fc63b4870cc3683af38c3a1.nc: 100%|##########| 325k/325k [00:01<00:00, 192kB/s]
[2026-06-05T23:02:09.625+0000] {logging_mixin.py:188} WARNING -                                                                                       
[2026-06-05T23:02:09.725+0000] {logging_mixin.py:188} WARNING - 2026-06-05 23:02:09 [INFO] nc downloaded ok: /opt/***/era5/ecmwf/data/nc/_raw/2026/05/31/accum_20260531.nc
[2026-06-05T23:02:09.725+0000] {era5_functions.py:204} INFO - nc downloaded ok: /opt/***/era5/ecmwf/data/nc/_raw/2026/05/31/accum_20260531.nc
[2026-06-05T23:02:09.791+0000] {logging_mixin.py:188} WARNING - 2026-06-05 23:02:09 [INFO] local timestep: 24 — /opt/***/era5/ecmwf/data/nc/_raw/2026/05/31/accum_20260531.nc
[2026-06-05T23:02:09.791+0000] {era5_functions.py:152} INFO - local timestep: 24 — /opt/***/era5/ecmwf/data/nc/_raw/2026/05/31/accum_20260531.nc
[2026-06-05T23:02:09.869+0000] {logging_mixin.py:188} WARNING - 2026-06-05 23:02:09 [INFO] tif outdated (tif=23 < nc=24), removing: /opt/***/era5/ecmwf/data/tif/2026/05/31/tp_20260531.tif
[2026-06-05T23:02:09.869+0000] {era5_functions.py:261} INFO - tif outdated (tif=23 < nc=24), removing: /opt/***/era5/ecmwf/data/tif/2026/05/31/tp_20260531.tif
[2026-06-05T23:02:09.964+0000] {logging_mixin.py:188} WARNING - 2026-06-05 23:02:09 [INFO] tif ok (bands=24): /opt/***/era5/ecmwf/data/tif/2026/05/31/tp_20260531.tif
[2026-06-05T23:02:09.964+0000] {era5_functions.py:304} INFO - tif ok (bands=24): /opt/***/era5/ecmwf/data/tif/2026/05/31/tp_20260531.tif
[2026-06-05T23:02:09.969+0000] {logging_mixin.py:188} WARNING - 2026-06-05 23:02:09 [INFO] === END job=accum date=2026-06-05 ===
[2026-06-05T23:02:09.969+0000] {era5_functions.py:379} INFO - === END job=accum date=2026-06-05 ===
[2026-06-05T23:02:09.971+0000] {python.py:237} INFO - Done. Returned value was: None
[2026-06-05T23:02:09.972+0000] {taskinstance.py:441} INFO - ::group::Post task execution logs
[2026-06-05T23:02:09.985+0000] {taskinstance.py:1206} INFO - Marking task as SUCCESS. dag_id=era5_download_pipeline, task_id=era5_accum, run_id=scheduled__2026-06-05T22:00:00+00:00, execution_date=20260605T220000, start_date=20260605T230105, end_date=20260605T230209
[2026-06-05T23:02:10.045+0000] {local_task_job_runner.py:240} INFO - Task exited with return code 0
[2026-06-05T23:02:10.066+0000] {taskinstance.py:3498} INFO - 0 downstream tasks scheduled from follow-on schedule check
[2026-06-05T23:02:10.070+0000] {local_task_job_runner.py:222} INFO - ::endgroup::
