[2026-06-08T12:03:07.307+0000] {local_task_job_runner.py:120} INFO - ::group::Pre task execution logs
[2026-06-08T12:03:07.333+0000] {taskinstance.py:2076} INFO - Dependencies all met for dep_context=non-requeueable deps ti=<TaskInstance: era5_download_pipeline.era5_accum scheduled__2026-06-08T11:00:00+00:00 [queued]>
[2026-06-08T12:03:07.344+0000] {taskinstance.py:2076} INFO - Dependencies all met for dep_context=requeueable deps ti=<TaskInstance: era5_download_pipeline.era5_accum scheduled__2026-06-08T11:00:00+00:00 [queued]>
[2026-06-08T12:03:07.345+0000] {taskinstance.py:2306} INFO - Starting attempt 1 of 1
[2026-06-08T12:03:07.364+0000] {taskinstance.py:2330} INFO - Executing <Task(PythonOperator): era5_accum> on 2026-06-08 11:00:00+00:00
[2026-06-08T12:03:07.376+0000] {warnings.py:110} WARNING - /home/***/.local/lib/python3.12/site-packages/***/task/task_runner/standard_task_runner.py:61: DeprecationWarning: This process (pid=115353) is multi-threaded, use of fork() may lead to deadlocks in the child.
  pid = os.fork()

[2026-06-08T12:03:07.378+0000] {standard_task_runner.py:63} INFO - Started process 115355 to run task
[2026-06-08T12:03:07.378+0000] {standard_task_runner.py:90} INFO - Running: ['***', 'tasks', 'run', 'era5_download_pipeline', 'era5_accum', 'scheduled__2026-06-08T11:00:00+00:00', '--job-id', '1205', '--raw', '--subdir', 'DAGS_FOLDER/era5_dag.py', '--cfg-path', '/tmp/tmp7rjj30xm']
[2026-06-08T12:03:07.383+0000] {standard_task_runner.py:91} INFO - Job 1205: Subtask era5_accum
[2026-06-08T12:03:07.466+0000] {task_command.py:426} INFO - Running <TaskInstance: era5_download_pipeline.era5_accum scheduled__2026-06-08T11:00:00+00:00 [running]> on host 01cd476fb21a
[2026-06-08T12:03:07.599+0000] {taskinstance.py:2648} INFO - Exporting env vars: AIRFLOW_CTX_DAG_OWNER='era5' AIRFLOW_CTX_DAG_ID='era5_download_pipeline' AIRFLOW_CTX_TASK_ID='era5_accum' AIRFLOW_CTX_EXECUTION_DATE='2026-06-08T11:00:00+00:00' AIRFLOW_CTX_TRY_NUMBER='1' AIRFLOW_CTX_DAG_RUN_ID='scheduled__2026-06-08T11:00:00+00:00'
[2026-06-08T12:03:07.601+0000] {taskinstance.py:430} INFO - ::endgroup::
[2026-06-08T12:03:10.640+0000] {logging_mixin.py:188} WARNING - 2026-06-08 12:03:10 [INFO] === START job=accum date=2026-06-08 ===
[2026-06-08T12:03:10.639+0000] {era5_functions.py:368} INFO - === START job=accum date=2026-06-08 ===
[2026-06-08T12:03:10.644+0000] {logging_mixin.py:188} WARNING - 2026-06-08 12:03:10 [INFO] --- job=accum date=20260608 ---
[2026-06-08T12:03:10.644+0000] {era5_functions.py:330} INFO - --- job=accum date=20260608 ---
[2026-06-08T12:03:11.931+0000] {logging_mixin.py:188} WARNING - 2026-06-08 12:03:11 [WARNING] get_cds_count failed: 400 Client Error: Bad Request for url: https://cds.climate.copernicus.eu/api/retrieve/v1/processes/reanalysis-era5-single-levels/execution
invalid request
None of the data you have requested is available yet, please revise the period requested. The latest date available for this dataset is: 2026-06-03 12:00
[2026-06-08T12:03:11.930+0000] {era5_functions.py:131} WARNING - get_cds_count failed: 400 Client Error: Bad Request for url: https://cds.climate.copernicus.eu/api/retrieve/v1/processes/reanalysis-era5-single-levels/execution
invalid request
None of the data you have requested is available yet, please revise the period requested. The latest date available for this dataset is: 2026-06-03 12:00
[2026-06-08T12:03:11.937+0000] {logging_mixin.py:188} WARNING - 2026-06-08 12:03:11 [WARNING] CDS ยังไม่มีข้อมูล job=accum date=20260608, skip
[2026-06-08T12:03:11.937+0000] {era5_functions.py:335} WARNING - CDS ยังไม่มีข้อมูล job=accum date=20260608, skip
[2026-06-08T12:03:11.940+0000] {logging_mixin.py:188} WARNING - 2026-06-08 12:03:11 [INFO] --- job=accum date=20260607 ---
[2026-06-08T12:03:11.940+0000] {era5_functions.py:330} INFO - --- job=accum date=20260607 ---
[2026-06-08T12:03:12.538+0000] {logging_mixin.py:188} WARNING - 2026-06-08 12:03:12 [WARNING] get_cds_count failed: 400 Client Error: Bad Request for url: https://cds.climate.copernicus.eu/api/retrieve/v1/processes/reanalysis-era5-single-levels/execution
invalid request
None of the data you have requested is available yet, please revise the period requested. The latest date available for this dataset is: 2026-06-03 12:00
[2026-06-08T12:03:12.537+0000] {era5_functions.py:131} WARNING - get_cds_count failed: 400 Client Error: Bad Request for url: https://cds.climate.copernicus.eu/api/retrieve/v1/processes/reanalysis-era5-single-levels/execution
invalid request
None of the data you have requested is available yet, please revise the period requested. The latest date available for this dataset is: 2026-06-03 12:00
[2026-06-08T12:03:12.542+0000] {logging_mixin.py:188} WARNING - 2026-06-08 12:03:12 [WARNING] CDS ยังไม่มีข้อมูล job=accum date=20260607, skip
[2026-06-08T12:03:12.542+0000] {era5_functions.py:335} WARNING - CDS ยังไม่มีข้อมูล job=accum date=20260607, skip
[2026-06-08T12:03:12.546+0000] {logging_mixin.py:188} WARNING - 2026-06-08 12:03:12 [INFO] --- job=accum date=20260606 ---
[2026-06-08T12:03:12.545+0000] {era5_functions.py:330} INFO - --- job=accum date=20260606 ---
[2026-06-08T12:03:13.210+0000] {logging_mixin.py:188} WARNING - 2026-06-08 12:03:13 [WARNING] get_cds_count failed: 400 Client Error: Bad Request for url: https://cds.climate.copernicus.eu/api/retrieve/v1/processes/reanalysis-era5-single-levels/execution
invalid request
None of the data you have requested is available yet, please revise the period requested. The latest date available for this dataset is: 2026-06-03 12:00
[2026-06-08T12:03:13.210+0000] {era5_functions.py:131} WARNING - get_cds_count failed: 400 Client Error: Bad Request for url: https://cds.climate.copernicus.eu/api/retrieve/v1/processes/reanalysis-era5-single-levels/execution
invalid request
None of the data you have requested is available yet, please revise the period requested. The latest date available for this dataset is: 2026-06-03 12:00
[2026-06-08T12:03:13.214+0000] {logging_mixin.py:188} WARNING - 2026-06-08 12:03:13 [WARNING] CDS ยังไม่มีข้อมูล job=accum date=20260606, skip
[2026-06-08T12:03:13.214+0000] {era5_functions.py:335} WARNING - CDS ยังไม่มีข้อมูล job=accum date=20260606, skip
[2026-06-08T12:03:13.216+0000] {logging_mixin.py:188} WARNING - 2026-06-08 12:03:13 [INFO] --- job=accum date=20260605 ---
[2026-06-08T12:03:13.216+0000] {era5_functions.py:330} INFO - --- job=accum date=20260605 ---
[2026-06-08T12:03:13.800+0000] {logging_mixin.py:188} WARNING - 2026-06-08 12:03:13 [WARNING] get_cds_count failed: 400 Client Error: Bad Request for url: https://cds.climate.copernicus.eu/api/retrieve/v1/processes/reanalysis-era5-single-levels/execution
invalid request
None of the data you have requested is available yet, please revise the period requested. The latest date available for this dataset is: 2026-06-03 12:00
[2026-06-08T12:03:13.800+0000] {era5_functions.py:131} WARNING - get_cds_count failed: 400 Client Error: Bad Request for url: https://cds.climate.copernicus.eu/api/retrieve/v1/processes/reanalysis-era5-single-levels/execution
invalid request
None of the data you have requested is available yet, please revise the period requested. The latest date available for this dataset is: 2026-06-03 12:00
[2026-06-08T12:03:13.806+0000] {logging_mixin.py:188} WARNING - 2026-06-08 12:03:13 [WARNING] CDS ยังไม่มีข้อมูล job=accum date=20260605, skip
[2026-06-08T12:03:13.806+0000] {era5_functions.py:335} WARNING - CDS ยังไม่มีข้อมูล job=accum date=20260605, skip
[2026-06-08T12:03:13.809+0000] {logging_mixin.py:188} WARNING - 2026-06-08 12:03:13 [INFO] --- job=accum date=20260604 ---
[2026-06-08T12:03:13.809+0000] {era5_functions.py:330} INFO - --- job=accum date=20260604 ---
[2026-06-08T12:03:15.231+0000] {logging_mixin.py:188} WARNING - 2026-06-08 12:03:15 [WARNING] get_cds_count failed: 400 Client Error: Bad Request for url: https://cds.climate.copernicus.eu/api/retrieve/v1/processes/reanalysis-era5-single-levels/execution
invalid request
None of the data you have requested is available yet, please revise the period requested. The latest date available for this dataset is: 2026-06-03 12:00
[2026-06-08T12:03:15.230+0000] {era5_functions.py:131} WARNING - get_cds_count failed: 400 Client Error: Bad Request for url: https://cds.climate.copernicus.eu/api/retrieve/v1/processes/reanalysis-era5-single-levels/execution
invalid request
None of the data you have requested is available yet, please revise the period requested. The latest date available for this dataset is: 2026-06-03 12:00
[2026-06-08T12:03:15.236+0000] {logging_mixin.py:188} WARNING - 2026-06-08 12:03:15 [WARNING] CDS ยังไม่มีข้อมูล job=accum date=20260604, skip
[2026-06-08T12:03:15.235+0000] {era5_functions.py:335} WARNING - CDS ยังไม่มีข้อมูล job=accum date=20260604, skip
[2026-06-08T12:03:15.239+0000] {logging_mixin.py:188} WARNING - 2026-06-08 12:03:15 [INFO] --- job=accum date=20260603 ---
[2026-06-08T12:03:15.239+0000] {era5_functions.py:330} INFO - --- job=accum date=20260603 ---
[2026-06-08T12:03:16.547+0000] {logging_mixin.py:188} WARNING - 2026-06-08 12:03:16,546 INFO [2025-12-11T00:00:00] Please note that a dedicated catalogue entry for this dataset, post-processed and stored in Analysis Ready Cloud Optimized (ARCO) format (Zarr), is available for optimised time-series retrievals (i.e. for retrieving data from selected variables for a single point over an extended period of time in an efficient way). You can discover it [here](https://cds.climate.copernicus.eu/datasets/reanalysis-era5-single-levels-timeseries?tab=overview)
[2026-06-08T12:03:16.546+0000] {legacy_client.py:192} INFO - [2025-12-11T00:00:00] Please note that a dedicated catalogue entry for this dataset, post-processed and stored in Analysis Ready Cloud Optimized (ARCO) format (Zarr), is available for optimised time-series retrievals (i.e. for retrieving data from selected variables for a single point over an extended period of time in an efficient way). You can discover it [here](https://cds.climate.copernicus.eu/datasets/reanalysis-era5-single-levels-timeseries?tab=overview)
[2026-06-08T12:03:16.551+0000] {logging_mixin.py:188} WARNING - 2026-06-08 12:03:16,551 INFO Request ID is ed3ec362-9516-4e08-88b7-85d1c6edf374
[2026-06-08T12:03:16.551+0000] {legacy_client.py:192} INFO - Request ID is ed3ec362-9516-4e08-88b7-85d1c6edf374
[2026-06-08T12:03:16.758+0000] {logging_mixin.py:188} WARNING - 2026-06-08 12:03:16,758 INFO status has been updated to accepted
[2026-06-08T12:03:16.758+0000] {legacy_client.py:192} INFO - status has been updated to accepted
[2026-06-08T12:03:38.995+0000] {logging_mixin.py:188} WARNING - 2026-06-08 12:03:38,994 INFO status has been updated to successful
[2026-06-08T12:03:38.994+0000] {legacy_client.py:192} INFO - status has been updated to successful
[2026-06-08T12:03:40.895+0000] {base.py:119} INFO - Downloading https://object-store.os-api.cci2.ecmwf.int:443/cci2-prod-cache-2/2026-06-08/7e1383a08510de083d7a3b5d21296535.nc
[2026-06-08T12:03:43.212+0000] {logging_mixin.py:188} WARNING - 7e1383a08510de083d7a3b5d21296535.nc:   0%|          | 0.00/200k [00:00<?, ?B/s]
[2026-06-08T12:03:48.205+0000] {logging_mixin.py:188} WARNING - 7e1383a08510de083d7a3b5d21296535.nc: 100%|##########| 200k/200k [00:04<00:00, 41.1kB/s]
[2026-06-08T12:03:48.210+0000] {logging_mixin.py:188} WARNING -                                                                                        
[2026-06-08T12:03:48.515+0000] {logging_mixin.py:188} WARNING - 2026-06-08 12:03:48 [INFO] CDS timestep available: 13
[2026-06-08T12:03:48.515+0000] {era5_functions.py:128} INFO - CDS timestep available: 13
[2026-06-08T12:03:48.567+0000] {logging_mixin.py:188} WARNING - 2026-06-08 12:03:48 [INFO] local timestep: 12 — /opt/***/era5/ecmwf/data/nc/_raw/2026/06/03/accum_20260603.nc
[2026-06-08T12:03:48.567+0000] {era5_functions.py:152} INFO - local timestep: 12 — /opt/***/era5/ecmwf/data/nc/_raw/2026/06/03/accum_20260603.nc
[2026-06-08T12:03:48.574+0000] {logging_mixin.py:188} WARNING - 2026-06-08 12:03:48 [INFO] nc outdated (local=12 < cds=13), removing: /opt/***/era5/ecmwf/data/nc/_raw/2026/06/03/accum_20260603.nc
[2026-06-08T12:03:48.574+0000] {era5_functions.py:193} INFO - nc outdated (local=12 < cds=13), removing: /opt/***/era5/ecmwf/data/nc/_raw/2026/06/03/accum_20260603.nc
[2026-06-08T12:03:48.592+0000] {logging_mixin.py:188} WARNING - 2026-06-08 12:03:48 [INFO] download attempt 1/3: /opt/***/era5/ecmwf/data/nc/_raw/2026/06/03/accum_20260603.nc
[2026-06-08T12:03:48.592+0000] {era5_functions.py:200} INFO - download attempt 1/3: /opt/***/era5/ecmwf/data/nc/_raw/2026/06/03/accum_20260603.nc
[2026-06-08T12:03:50.267+0000] {logging_mixin.py:188} WARNING - 2026-06-08 12:03:50,267 INFO [2025-12-11T00:00:00] Please note that a dedicated catalogue entry for this dataset, post-processed and stored in Analysis Ready Cloud Optimized (ARCO) format (Zarr), is available for optimised time-series retrievals (i.e. for retrieving data from selected variables for a single point over an extended period of time in an efficient way). You can discover it [here](https://cds.climate.copernicus.eu/datasets/reanalysis-era5-single-levels-timeseries?tab=overview)
[2026-06-08T12:03:50.267+0000] {legacy_client.py:192} INFO - [2025-12-11T00:00:00] Please note that a dedicated catalogue entry for this dataset, post-processed and stored in Analysis Ready Cloud Optimized (ARCO) format (Zarr), is available for optimised time-series retrievals (i.e. for retrieving data from selected variables for a single point over an extended period of time in an efficient way). You can discover it [here](https://cds.climate.copernicus.eu/datasets/reanalysis-era5-single-levels-timeseries?tab=overview)
[2026-06-08T12:03:50.272+0000] {logging_mixin.py:188} WARNING - 2026-06-08 12:03:50,272 INFO Request ID is 69be21a1-7123-4b9d-8b90-041db0d96295
[2026-06-08T12:03:50.272+0000] {legacy_client.py:192} INFO - Request ID is 69be21a1-7123-4b9d-8b90-041db0d96295
[2026-06-08T12:03:50.714+0000] {logging_mixin.py:188} WARNING - 2026-06-08 12:03:50,713 INFO status has been updated to accepted
[2026-06-08T12:03:50.713+0000] {legacy_client.py:192} INFO - status has been updated to accepted
[2026-06-08T12:04:53.689+0000] {logging_mixin.py:188} WARNING - 2026-06-08 12:04:53,689 INFO status has been updated to successful
[2026-06-08T12:04:53.689+0000] {legacy_client.py:192} INFO - status has been updated to successful
[2026-06-08T12:04:57.070+0000] {base.py:119} INFO - Downloading https://object-store.os-api.cci2.ecmwf.int:443/cci2-prod-cache-3/2026-06-08/f73c56e5c8db9c4fdb4ffdef63c92865.nc
[2026-06-08T12:04:59.707+0000] {logging_mixin.py:188} WARNING - f73c56e5c8db9c4fdb4ffdef63c92865.nc:   0%|          | 0.00/200k [00:00<?, ?B/s]
[2026-06-08T12:05:14.953+0000] {logging_mixin.py:188} WARNING - f73c56e5c8db9c4fdb4ffdef63c92865.nc: 100%|##########| 200k/200k [00:15<00:00, 13.4kB/s]
[2026-06-08T12:05:14.980+0000] {logging_mixin.py:188} WARNING -                                                                                        
[2026-06-08T12:05:15.058+0000] {logging_mixin.py:188} WARNING - 2026-06-08 12:05:15 [INFO] nc downloaded ok: /opt/***/era5/ecmwf/data/nc/_raw/2026/06/03/accum_20260603.nc
[2026-06-08T12:05:15.058+0000] {era5_functions.py:204} INFO - nc downloaded ok: /opt/***/era5/ecmwf/data/nc/_raw/2026/06/03/accum_20260603.nc
[2026-06-08T12:05:15.108+0000] {logging_mixin.py:188} WARNING - 2026-06-08 12:05:15 [INFO] local timestep: 13 — /opt/***/era5/ecmwf/data/nc/_raw/2026/06/03/accum_20260603.nc
[2026-06-08T12:05:15.108+0000] {era5_functions.py:152} INFO - local timestep: 13 — /opt/***/era5/ecmwf/data/nc/_raw/2026/06/03/accum_20260603.nc
[2026-06-08T12:05:15.191+0000] {logging_mixin.py:188} WARNING - 2026-06-08 12:05:15 [INFO] tif outdated (tif=12 < nc=13), removing: /opt/***/era5/ecmwf/data/tif/2026/06/03/tp_20260603.tif
[2026-06-08T12:05:15.190+0000] {era5_functions.py:261} INFO - tif outdated (tif=12 < nc=13), removing: /opt/***/era5/ecmwf/data/tif/2026/06/03/tp_20260603.tif
[2026-06-08T12:05:15.287+0000] {logging_mixin.py:188} WARNING - 2026-06-08 12:05:15 [INFO] tif ok (bands=13): /opt/***/era5/ecmwf/data/tif/2026/06/03/tp_20260603.tif
[2026-06-08T12:05:15.287+0000] {era5_functions.py:304} INFO - tif ok (bands=13): /opt/***/era5/ecmwf/data/tif/2026/06/03/tp_20260603.tif
[2026-06-08T12:05:15.295+0000] {logging_mixin.py:188} WARNING - 2026-06-08 12:05:15 [INFO] === END job=accum date=2026-06-08 ===
[2026-06-08T12:05:15.295+0000] {era5_functions.py:379} INFO - === END job=accum date=2026-06-08 ===
[2026-06-08T12:05:15.297+0000] {python.py:237} INFO - Done. Returned value was: None
[2026-06-08T12:05:15.298+0000] {taskinstance.py:441} INFO - ::group::Post task execution logs
[2026-06-08T12:05:15.321+0000] {taskinstance.py:1206} INFO - Marking task as SUCCESS. dag_id=era5_download_pipeline, task_id=era5_accum, run_id=scheduled__2026-06-08T11:00:00+00:00, execution_date=20260608T110000, start_date=20260608T120307, end_date=20260608T120515
[2026-06-08T12:05:15.417+0000] {local_task_job_runner.py:240} INFO - Task exited with return code 0
[2026-06-08T12:05:15.440+0000] {taskinstance.py:3498} INFO - 0 downstream tasks scheduled from follow-on schedule check
[2026-06-08T12:05:15.443+0000] {local_task_job_runner.py:222} INFO - ::endgroup::
