[2026-06-23T02:01:48.443+0000] {local_task_job_runner.py:120} INFO - ::group::Pre task execution logs
[2026-06-23T02:01:48.470+0000] {taskinstance.py:2076} INFO - Dependencies all met for dep_context=non-requeueable deps ti=<TaskInstance: era5_download_pipeline.era5_accum scheduled__2026-06-23T01:00:00+00:00 [queued]>
[2026-06-23T02:01:48.483+0000] {taskinstance.py:2076} INFO - Dependencies all met for dep_context=requeueable deps ti=<TaskInstance: era5_download_pipeline.era5_accum scheduled__2026-06-23T01:00:00+00:00 [queued]>
[2026-06-23T02:01:48.484+0000] {taskinstance.py:2306} INFO - Starting attempt 1 of 1
[2026-06-23T02:01:48.502+0000] {taskinstance.py:2330} INFO - Executing <Task(PythonOperator): era5_accum> on 2026-06-23 01:00:00+00:00
[2026-06-23T02:01:48.515+0000] {warnings.py:110} WARNING - /home/***/.local/lib/python3.12/site-packages/***/task/task_runner/standard_task_runner.py:61: DeprecationWarning: This process (pid=217964) is multi-threaded, use of fork() may lead to deadlocks in the child.
  pid = os.fork()

[2026-06-23T02:01:48.518+0000] {standard_task_runner.py:63} INFO - Started process 217966 to run task
[2026-06-23T02:01:48.518+0000] {standard_task_runner.py:90} INFO - Running: ['***', 'tasks', 'run', 'era5_download_pipeline', 'era5_accum', 'scheduled__2026-06-23T01:00:00+00:00', '--job-id', '2179', '--raw', '--subdir', 'DAGS_FOLDER/era5_dag.py', '--cfg-path', '/tmp/tmpsek_sfpa']
[2026-06-23T02:01:48.523+0000] {standard_task_runner.py:91} INFO - Job 2179: Subtask era5_accum
[2026-06-23T02:01:48.611+0000] {task_command.py:426} INFO - Running <TaskInstance: era5_download_pipeline.era5_accum scheduled__2026-06-23T01:00:00+00:00 [running]> on host 01cd476fb21a
[2026-06-23T02:01:48.764+0000] {taskinstance.py:2648} INFO - Exporting env vars: AIRFLOW_CTX_DAG_OWNER='era5' AIRFLOW_CTX_DAG_ID='era5_download_pipeline' AIRFLOW_CTX_TASK_ID='era5_accum' AIRFLOW_CTX_EXECUTION_DATE='2026-06-23T01:00:00+00:00' AIRFLOW_CTX_TRY_NUMBER='1' AIRFLOW_CTX_DAG_RUN_ID='scheduled__2026-06-23T01:00:00+00:00'
[2026-06-23T02:01:48.768+0000] {taskinstance.py:430} INFO - ::endgroup::
[2026-06-23T02:01:49.864+0000] {logging_mixin.py:188} WARNING - 2026-06-23 02:01:49 [INFO] === START job=accum date=2026-06-23 ===
[2026-06-23T02:01:49.864+0000] {era5_functions.py:368} INFO - === START job=accum date=2026-06-23 ===
[2026-06-23T02:01:49.869+0000] {logging_mixin.py:188} WARNING - 2026-06-23 02:01:49 [INFO] --- job=accum date=20260623 ---
[2026-06-23T02:01:49.869+0000] {era5_functions.py:330} INFO - --- job=accum date=20260623 ---
[2026-06-23T02:01:51.539+0000] {logging_mixin.py:188} WARNING - 2026-06-23 02:01:51 [WARNING] get_cds_count failed: 400 Client Error: Bad Request for url: https://cds.climate.copernicus.eu/api/retrieve/v1/processes/reanalysis-era5-single-levels/execution
invalid request
None of the data you have requested is available yet, please revise the period requested. The latest date available for this dataset is: 2026-06-18 02:00
[2026-06-23T02:01:51.539+0000] {era5_functions.py:131} WARNING - get_cds_count failed: 400 Client Error: Bad Request for url: https://cds.climate.copernicus.eu/api/retrieve/v1/processes/reanalysis-era5-single-levels/execution
invalid request
None of the data you have requested is available yet, please revise the period requested. The latest date available for this dataset is: 2026-06-18 02:00
[2026-06-23T02:01:51.543+0000] {logging_mixin.py:188} WARNING - 2026-06-23 02:01:51 [WARNING] CDS ยังไม่มีข้อมูล job=accum date=20260623, skip
[2026-06-23T02:01:51.543+0000] {era5_functions.py:335} WARNING - CDS ยังไม่มีข้อมูล job=accum date=20260623, skip
[2026-06-23T02:01:51.546+0000] {logging_mixin.py:188} WARNING - 2026-06-23 02:01:51 [INFO] --- job=accum date=20260622 ---
[2026-06-23T02:01:51.546+0000] {era5_functions.py:330} INFO - --- job=accum date=20260622 ---
[2026-06-23T02:01:52.127+0000] {logging_mixin.py:188} WARNING - 2026-06-23 02:01:52 [WARNING] get_cds_count failed: 400 Client Error: Bad Request for url: https://cds.climate.copernicus.eu/api/retrieve/v1/processes/reanalysis-era5-single-levels/execution
invalid request
None of the data you have requested is available yet, please revise the period requested. The latest date available for this dataset is: 2026-06-18 02:00
[2026-06-23T02:01:52.127+0000] {era5_functions.py:131} WARNING - get_cds_count failed: 400 Client Error: Bad Request for url: https://cds.climate.copernicus.eu/api/retrieve/v1/processes/reanalysis-era5-single-levels/execution
invalid request
None of the data you have requested is available yet, please revise the period requested. The latest date available for this dataset is: 2026-06-18 02:00
[2026-06-23T02:01:52.130+0000] {logging_mixin.py:188} WARNING - 2026-06-23 02:01:52 [WARNING] CDS ยังไม่มีข้อมูล job=accum date=20260622, skip
[2026-06-23T02:01:52.130+0000] {era5_functions.py:335} WARNING - CDS ยังไม่มีข้อมูล job=accum date=20260622, skip
[2026-06-23T02:01:52.131+0000] {logging_mixin.py:188} WARNING - 2026-06-23 02:01:52 [INFO] --- job=accum date=20260621 ---
[2026-06-23T02:01:52.131+0000] {era5_functions.py:330} INFO - --- job=accum date=20260621 ---
[2026-06-23T02:01:53.081+0000] {logging_mixin.py:188} WARNING - 2026-06-23 02:01:53 [WARNING] get_cds_count failed: 400 Client Error: Bad Request for url: https://cds.climate.copernicus.eu/api/retrieve/v1/processes/reanalysis-era5-single-levels/execution
invalid request
None of the data you have requested is available yet, please revise the period requested. The latest date available for this dataset is: 2026-06-18 02:00
[2026-06-23T02:01:53.081+0000] {era5_functions.py:131} WARNING - get_cds_count failed: 400 Client Error: Bad Request for url: https://cds.climate.copernicus.eu/api/retrieve/v1/processes/reanalysis-era5-single-levels/execution
invalid request
None of the data you have requested is available yet, please revise the period requested. The latest date available for this dataset is: 2026-06-18 02:00
[2026-06-23T02:01:53.086+0000] {logging_mixin.py:188} WARNING - 2026-06-23 02:01:53 [WARNING] CDS ยังไม่มีข้อมูล job=accum date=20260621, skip
[2026-06-23T02:01:53.085+0000] {era5_functions.py:335} WARNING - CDS ยังไม่มีข้อมูล job=accum date=20260621, skip
[2026-06-23T02:01:53.089+0000] {logging_mixin.py:188} WARNING - 2026-06-23 02:01:53 [INFO] --- job=accum date=20260620 ---
[2026-06-23T02:01:53.089+0000] {era5_functions.py:330} INFO - --- job=accum date=20260620 ---
[2026-06-23T02:01:53.837+0000] {logging_mixin.py:188} WARNING - 2026-06-23 02:01:53 [WARNING] get_cds_count failed: 400 Client Error: Bad Request for url: https://cds.climate.copernicus.eu/api/retrieve/v1/processes/reanalysis-era5-single-levels/execution
invalid request
None of the data you have requested is available yet, please revise the period requested. The latest date available for this dataset is: 2026-06-18 02:00
[2026-06-23T02:01:53.837+0000] {era5_functions.py:131} WARNING - get_cds_count failed: 400 Client Error: Bad Request for url: https://cds.climate.copernicus.eu/api/retrieve/v1/processes/reanalysis-era5-single-levels/execution
invalid request
None of the data you have requested is available yet, please revise the period requested. The latest date available for this dataset is: 2026-06-18 02:00
[2026-06-23T02:01:53.840+0000] {logging_mixin.py:188} WARNING - 2026-06-23 02:01:53 [WARNING] CDS ยังไม่มีข้อมูล job=accum date=20260620, skip
[2026-06-23T02:01:53.840+0000] {era5_functions.py:335} WARNING - CDS ยังไม่มีข้อมูล job=accum date=20260620, skip
[2026-06-23T02:01:53.842+0000] {logging_mixin.py:188} WARNING - 2026-06-23 02:01:53 [INFO] --- job=accum date=20260619 ---
[2026-06-23T02:01:53.842+0000] {era5_functions.py:330} INFO - --- job=accum date=20260619 ---
[2026-06-23T02:01:56.047+0000] {logging_mixin.py:188} WARNING - 2026-06-23 02:01:56 [WARNING] get_cds_count failed: 400 Client Error: Bad Request for url: https://cds.climate.copernicus.eu/api/retrieve/v1/processes/reanalysis-era5-single-levels/execution
invalid request
None of the data you have requested is available yet, please revise the period requested. The latest date available for this dataset is: 2026-06-18 02:00
[2026-06-23T02:01:56.047+0000] {era5_functions.py:131} WARNING - get_cds_count failed: 400 Client Error: Bad Request for url: https://cds.climate.copernicus.eu/api/retrieve/v1/processes/reanalysis-era5-single-levels/execution
invalid request
None of the data you have requested is available yet, please revise the period requested. The latest date available for this dataset is: 2026-06-18 02:00
[2026-06-23T02:01:56.050+0000] {logging_mixin.py:188} WARNING - 2026-06-23 02:01:56 [WARNING] CDS ยังไม่มีข้อมูล job=accum date=20260619, skip
[2026-06-23T02:01:56.050+0000] {era5_functions.py:335} WARNING - CDS ยังไม่มีข้อมูล job=accum date=20260619, skip
[2026-06-23T02:01:56.053+0000] {logging_mixin.py:188} WARNING - 2026-06-23 02:01:56 [INFO] --- job=accum date=20260618 ---
[2026-06-23T02:01:56.052+0000] {era5_functions.py:330} INFO - --- job=accum date=20260618 ---
[2026-06-23T02:01:57.502+0000] {logging_mixin.py:188} WARNING - 2026-06-23 02:01:57,502 INFO [2025-12-11T00:00:00] Please note that a dedicated catalogue entry for this dataset, post-processed and stored in Analysis Ready Cloud Optimized (ARCO) format (Zarr), is available for optimised time-series retrievals (i.e. for retrieving data from selected variables for a single point over an extended period of time in an efficient way). You can discover it [here](https://cds.climate.copernicus.eu/datasets/reanalysis-era5-single-levels-timeseries?tab=overview)
[2026-06-23T02:01:57.502+0000] {legacy_client.py:192} INFO - [2025-12-11T00:00:00] Please note that a dedicated catalogue entry for this dataset, post-processed and stored in Analysis Ready Cloud Optimized (ARCO) format (Zarr), is available for optimised time-series retrievals (i.e. for retrieving data from selected variables for a single point over an extended period of time in an efficient way). You can discover it [here](https://cds.climate.copernicus.eu/datasets/reanalysis-era5-single-levels-timeseries?tab=overview)
[2026-06-23T02:01:57.507+0000] {logging_mixin.py:188} WARNING - 2026-06-23 02:01:57,507 INFO Request ID is 11a663a0-006f-4d53-a429-a293c17a54d9
[2026-06-23T02:01:57.507+0000] {legacy_client.py:192} INFO - Request ID is 11a663a0-006f-4d53-a429-a293c17a54d9
[2026-06-23T02:01:57.711+0000] {logging_mixin.py:188} WARNING - 2026-06-23 02:01:57,710 INFO status has been updated to accepted
[2026-06-23T02:01:57.710+0000] {legacy_client.py:192} INFO - status has been updated to accepted
[2026-06-23T02:02:31.330+0000] {logging_mixin.py:188} WARNING - 2026-06-23 02:02:31,330 INFO status has been updated to running
[2026-06-23T02:02:31.330+0000] {legacy_client.py:192} INFO - status has been updated to running
[2026-06-23T02:02:48.679+0000] {logging_mixin.py:188} WARNING - 2026-06-23 02:02:48,679 INFO status has been updated to successful
[2026-06-23T02:02:48.679+0000] {legacy_client.py:192} INFO - status has been updated to successful
[2026-06-23T02:02:49.206+0000] {base.py:119} INFO - Downloading https://object-store.os-api.cci2.ecmwf.int:443/cci2-prod-cache-1/2026-06-23/9bbdca40c591b646d86d1b968a0c3d88.nc
[2026-06-23T02:02:49.893+0000] {logging_mixin.py:188} WARNING - 9bbdca40c591b646d86d1b968a0c3d88.nc:   0%|          | 0.00/69.6k [00:00<?, ?B/s]
[2026-06-23T02:02:52.269+0000] {logging_mixin.py:188} WARNING - 9bbdca40c591b646d86d1b968a0c3d88.nc: 100%|##########| 69.6k/69.6k [00:02<00:00, 30.0kB/s]
[2026-06-23T02:02:52.272+0000] {logging_mixin.py:188} WARNING -                                                                                          
[2026-06-23T02:02:52.516+0000] {logging_mixin.py:188} WARNING - 2026-06-23 02:02:52 [INFO] CDS timestep available: 3
[2026-06-23T02:02:52.516+0000] {era5_functions.py:128} INFO - CDS timestep available: 3
[2026-06-23T02:02:52.563+0000] {logging_mixin.py:188} WARNING - 2026-06-23 02:02:52 [INFO] local timestep: 2 — /opt/***/era5/ecmwf/data/nc/_raw/2026/06/18/accum_20260618.nc
[2026-06-23T02:02:52.563+0000] {era5_functions.py:152} INFO - local timestep: 2 — /opt/***/era5/ecmwf/data/nc/_raw/2026/06/18/accum_20260618.nc
[2026-06-23T02:02:52.570+0000] {logging_mixin.py:188} WARNING - 2026-06-23 02:02:52 [INFO] nc outdated (local=2 < cds=3), removing: /opt/***/era5/ecmwf/data/nc/_raw/2026/06/18/accum_20260618.nc
[2026-06-23T02:02:52.570+0000] {era5_functions.py:193} INFO - nc outdated (local=2 < cds=3), removing: /opt/***/era5/ecmwf/data/nc/_raw/2026/06/18/accum_20260618.nc
[2026-06-23T02:02:52.587+0000] {logging_mixin.py:188} WARNING - 2026-06-23 02:02:52 [INFO] download attempt 1/3: /opt/***/era5/ecmwf/data/nc/_raw/2026/06/18/accum_20260618.nc
[2026-06-23T02:02:52.587+0000] {era5_functions.py:200} INFO - download attempt 1/3: /opt/***/era5/ecmwf/data/nc/_raw/2026/06/18/accum_20260618.nc
[2026-06-23T02:02:53.479+0000] {logging_mixin.py:188} WARNING - 2026-06-23 02:02:53,479 INFO [2025-12-11T00:00:00] Please note that a dedicated catalogue entry for this dataset, post-processed and stored in Analysis Ready Cloud Optimized (ARCO) format (Zarr), is available for optimised time-series retrievals (i.e. for retrieving data from selected variables for a single point over an extended period of time in an efficient way). You can discover it [here](https://cds.climate.copernicus.eu/datasets/reanalysis-era5-single-levels-timeseries?tab=overview)
[2026-06-23T02:02:53.479+0000] {legacy_client.py:192} INFO - [2025-12-11T00:00:00] Please note that a dedicated catalogue entry for this dataset, post-processed and stored in Analysis Ready Cloud Optimized (ARCO) format (Zarr), is available for optimised time-series retrievals (i.e. for retrieving data from selected variables for a single point over an extended period of time in an efficient way). You can discover it [here](https://cds.climate.copernicus.eu/datasets/reanalysis-era5-single-levels-timeseries?tab=overview)
[2026-06-23T02:02:53.481+0000] {logging_mixin.py:188} WARNING - 2026-06-23 02:02:53,481 INFO Request ID is a7d2cf19-f873-440b-ab8c-76b1056905da
[2026-06-23T02:02:53.481+0000] {legacy_client.py:192} INFO - Request ID is a7d2cf19-f873-440b-ab8c-76b1056905da
[2026-06-23T02:02:53.696+0000] {logging_mixin.py:188} WARNING - 2026-06-23 02:02:53,696 INFO status has been updated to accepted
[2026-06-23T02:02:53.696+0000] {legacy_client.py:192} INFO - status has been updated to accepted
[2026-06-23T02:03:27.330+0000] {logging_mixin.py:188} WARNING - 2026-06-23 02:03:27,329 INFO status has been updated to successful
[2026-06-23T02:03:27.329+0000] {legacy_client.py:192} INFO - status has been updated to successful
[2026-06-23T02:03:27.819+0000] {base.py:119} INFO - Downloading https://object-store.os-api.cci2.ecmwf.int:443/cci2-prod-cache-2/2026-06-23/1fe5acfe7c5c93c5280e165352b8f750.nc
[2026-06-23T02:03:32.791+0000] {logging_mixin.py:188} WARNING - 1fe5acfe7c5c93c5280e165352b8f750.nc:   0%|          | 0.00/69.6k [00:00<?, ?B/s]
[2026-06-23T02:03:33.843+0000] {logging_mixin.py:188} WARNING - 1fe5acfe7c5c93c5280e165352b8f750.nc: 100%|##########| 69.6k/69.6k [00:01<00:00, 67.8kB/s]
[2026-06-23T02:03:33.860+0000] {logging_mixin.py:188} WARNING -                                                                                          
[2026-06-23T02:03:33.962+0000] {logging_mixin.py:188} WARNING - 2026-06-23 02:03:33 [INFO] nc downloaded ok: /opt/***/era5/ecmwf/data/nc/_raw/2026/06/18/accum_20260618.nc
[2026-06-23T02:03:33.962+0000] {era5_functions.py:204} INFO - nc downloaded ok: /opt/***/era5/ecmwf/data/nc/_raw/2026/06/18/accum_20260618.nc
[2026-06-23T02:03:34.033+0000] {logging_mixin.py:188} WARNING - 2026-06-23 02:03:34 [INFO] local timestep: 3 — /opt/***/era5/ecmwf/data/nc/_raw/2026/06/18/accum_20260618.nc
[2026-06-23T02:03:34.032+0000] {era5_functions.py:152} INFO - local timestep: 3 — /opt/***/era5/ecmwf/data/nc/_raw/2026/06/18/accum_20260618.nc
[2026-06-23T02:03:34.115+0000] {logging_mixin.py:188} WARNING - 2026-06-23 02:03:34 [INFO] tif outdated (tif=2 < nc=3), removing: /opt/***/era5/ecmwf/data/tif/2026/06/18/tp_20260618.tif
[2026-06-23T02:03:34.115+0000] {era5_functions.py:261} INFO - tif outdated (tif=2 < nc=3), removing: /opt/***/era5/ecmwf/data/tif/2026/06/18/tp_20260618.tif
[2026-06-23T02:03:34.213+0000] {logging_mixin.py:188} WARNING - 2026-06-23 02:03:34 [INFO] tif ok (bands=3): /opt/***/era5/ecmwf/data/tif/2026/06/18/tp_20260618.tif
[2026-06-23T02:03:34.213+0000] {era5_functions.py:304} INFO - tif ok (bands=3): /opt/***/era5/ecmwf/data/tif/2026/06/18/tp_20260618.tif
[2026-06-23T02:03:34.219+0000] {logging_mixin.py:188} WARNING - 2026-06-23 02:03:34 [INFO] === END job=accum date=2026-06-23 ===
[2026-06-23T02:03:34.219+0000] {era5_functions.py:379} INFO - === END job=accum date=2026-06-23 ===
[2026-06-23T02:03:34.221+0000] {python.py:237} INFO - Done. Returned value was: None
[2026-06-23T02:03:34.222+0000] {taskinstance.py:441} INFO - ::group::Post task execution logs
[2026-06-23T02:03:34.241+0000] {taskinstance.py:1206} INFO - Marking task as SUCCESS. dag_id=era5_download_pipeline, task_id=era5_accum, run_id=scheduled__2026-06-23T01:00:00+00:00, execution_date=20260623T010000, start_date=20260623T020148, end_date=20260623T020334
[2026-06-23T02:03:34.310+0000] {local_task_job_runner.py:240} INFO - Task exited with return code 0
[2026-06-23T02:03:34.339+0000] {taskinstance.py:3498} INFO - 0 downstream tasks scheduled from follow-on schedule check
[2026-06-23T02:03:34.342+0000] {local_task_job_runner.py:222} INFO - ::endgroup::
