[2026-05-27T22:02:20.798+0000] {local_task_job_runner.py:120} INFO - ::group::Pre task execution logs
[2026-05-27T22:02:20.822+0000] {taskinstance.py:2076} INFO - Dependencies all met for dep_context=non-requeueable deps ti=<TaskInstance: era5_download_pipeline.era5_accum scheduled__2026-05-27T21:00:00+00:00 [queued]>
[2026-05-27T22:02:20.833+0000] {taskinstance.py:2076} INFO - Dependencies all met for dep_context=requeueable deps ti=<TaskInstance: era5_download_pipeline.era5_accum scheduled__2026-05-27T21:00:00+00:00 [queued]>
[2026-05-27T22:02:20.834+0000] {taskinstance.py:2306} INFO - Starting attempt 1 of 1
[2026-05-27T22:02:20.854+0000] {taskinstance.py:2330} INFO - Executing <Task(PythonOperator): era5_accum> on 2026-05-27 21:00:00+00:00
[2026-05-27T22:02:20.866+0000] {warnings.py:110} WARNING - /home/***/.local/lib/python3.12/site-packages/***/task/task_runner/standard_task_runner.py:61: DeprecationWarning: This process (pid=15791) is multi-threaded, use of fork() may lead to deadlocks in the child.
  pid = os.fork()

[2026-05-27T22:02:20.869+0000] {standard_task_runner.py:63} INFO - Started process 15793 to run task
[2026-05-27T22:02:20.870+0000] {standard_task_runner.py:90} INFO - Running: ['***', 'tasks', 'run', 'era5_download_pipeline', 'era5_accum', 'scheduled__2026-05-27T21:00:00+00:00', '--job-id', '570', '--raw', '--subdir', 'DAGS_FOLDER/era5_dag.py', '--cfg-path', '/tmp/tmpqsovo_jg']
[2026-05-27T22:02:20.874+0000] {standard_task_runner.py:91} INFO - Job 570: Subtask era5_accum
[2026-05-27T22:02:20.943+0000] {task_command.py:426} INFO - Running <TaskInstance: era5_download_pipeline.era5_accum scheduled__2026-05-27T21:00:00+00:00 [running]> on host 72692237d8f2
[2026-05-27T22:02:21.058+0000] {taskinstance.py:2648} INFO - Exporting env vars: AIRFLOW_CTX_DAG_OWNER='era5' AIRFLOW_CTX_DAG_ID='era5_download_pipeline' AIRFLOW_CTX_TASK_ID='era5_accum' AIRFLOW_CTX_EXECUTION_DATE='2026-05-27T21:00:00+00:00' AIRFLOW_CTX_TRY_NUMBER='1' AIRFLOW_CTX_DAG_RUN_ID='scheduled__2026-05-27T21:00:00+00:00'
[2026-05-27T22:02:21.060+0000] {taskinstance.py:430} INFO - ::endgroup::
[2026-05-27T22:02:22.134+0000] {logging_mixin.py:188} WARNING - 2026-05-27 22:02:22 [INFO] === START job=accum date=2026-05-27 ===
[2026-05-27T22:02:22.133+0000] {era5_functions.py:322} INFO - === START job=accum date=2026-05-27 ===
[2026-05-27T22:02:22.137+0000] {logging_mixin.py:188} WARNING - 2026-05-27 22:02:22 [INFO] --- job=accum date=20260527 ---
[2026-05-27T22:02:22.136+0000] {era5_functions.py:290} INFO - --- job=accum date=20260527 ---
[2026-05-27T22:02:24.183+0000] {logging_mixin.py:188} WARNING - 2026-05-27 22:02:24 [WARNING] get_cds_count failed: 400 Client Error: Bad Request for url: https://cds.climate.copernicus.eu/api/retrieve/v1/processes/reanalysis-era5-single-levels/execution
invalid request
None of the data you have requested is available yet, please revise the period requested. The latest date available for this dataset is: 2026-05-22 22:00
[2026-05-27T22:02:24.183+0000] {era5_functions.py:120} WARNING - get_cds_count failed: 400 Client Error: Bad Request for url: https://cds.climate.copernicus.eu/api/retrieve/v1/processes/reanalysis-era5-single-levels/execution
invalid request
None of the data you have requested is available yet, please revise the period requested. The latest date available for this dataset is: 2026-05-22 22:00
[2026-05-27T22:02:24.189+0000] {logging_mixin.py:188} WARNING - 2026-05-27 22:02:24 [WARNING] CDS ยังไม่มีข้อมูล job=accum date=20260527, skip
[2026-05-27T22:02:24.189+0000] {era5_functions.py:295} WARNING - CDS ยังไม่มีข้อมูล job=accum date=20260527, skip
[2026-05-27T22:02:24.194+0000] {logging_mixin.py:188} WARNING - 2026-05-27 22:02:24 [INFO] --- job=accum date=20260526 ---
[2026-05-27T22:02:24.194+0000] {era5_functions.py:290} INFO - --- job=accum date=20260526 ---
[2026-05-27T22:02:24.627+0000] {logging_mixin.py:188} WARNING - 2026-05-27 22:02:24 [WARNING] get_cds_count failed: 400 Client Error: Bad Request for url: https://cds.climate.copernicus.eu/api/retrieve/v1/processes/reanalysis-era5-single-levels/execution
invalid request
None of the data you have requested is available yet, please revise the period requested. The latest date available for this dataset is: 2026-05-22 22:00
[2026-05-27T22:02:24.627+0000] {era5_functions.py:120} WARNING - get_cds_count failed: 400 Client Error: Bad Request for url: https://cds.climate.copernicus.eu/api/retrieve/v1/processes/reanalysis-era5-single-levels/execution
invalid request
None of the data you have requested is available yet, please revise the period requested. The latest date available for this dataset is: 2026-05-22 22:00
[2026-05-27T22:02:24.633+0000] {logging_mixin.py:188} WARNING - 2026-05-27 22:02:24 [WARNING] CDS ยังไม่มีข้อมูล job=accum date=20260526, skip
[2026-05-27T22:02:24.632+0000] {era5_functions.py:295} WARNING - CDS ยังไม่มีข้อมูล job=accum date=20260526, skip
[2026-05-27T22:02:24.637+0000] {logging_mixin.py:188} WARNING - 2026-05-27 22:02:24 [INFO] --- job=accum date=20260525 ---
[2026-05-27T22:02:24.636+0000] {era5_functions.py:290} INFO - --- job=accum date=20260525 ---
[2026-05-27T22:02:25.055+0000] {logging_mixin.py:188} WARNING - 2026-05-27 22:02:25 [WARNING] get_cds_count failed: 400 Client Error: Bad Request for url: https://cds.climate.copernicus.eu/api/retrieve/v1/processes/reanalysis-era5-single-levels/execution
invalid request
None of the data you have requested is available yet, please revise the period requested. The latest date available for this dataset is: 2026-05-22 22:00
[2026-05-27T22:02:25.054+0000] {era5_functions.py:120} WARNING - get_cds_count failed: 400 Client Error: Bad Request for url: https://cds.climate.copernicus.eu/api/retrieve/v1/processes/reanalysis-era5-single-levels/execution
invalid request
None of the data you have requested is available yet, please revise the period requested. The latest date available for this dataset is: 2026-05-22 22:00
[2026-05-27T22:02:25.060+0000] {logging_mixin.py:188} WARNING - 2026-05-27 22:02:25 [WARNING] CDS ยังไม่มีข้อมูล job=accum date=20260525, skip
[2026-05-27T22:02:25.060+0000] {era5_functions.py:295} WARNING - CDS ยังไม่มีข้อมูล job=accum date=20260525, skip
[2026-05-27T22:02:25.063+0000] {logging_mixin.py:188} WARNING - 2026-05-27 22:02:25 [INFO] --- job=accum date=20260524 ---
[2026-05-27T22:02:25.063+0000] {era5_functions.py:290} INFO - --- job=accum date=20260524 ---
[2026-05-27T22:02:25.559+0000] {logging_mixin.py:188} WARNING - 2026-05-27 22:02:25 [WARNING] get_cds_count failed: 400 Client Error: Bad Request for url: https://cds.climate.copernicus.eu/api/retrieve/v1/processes/reanalysis-era5-single-levels/execution
invalid request
None of the data you have requested is available yet, please revise the period requested. The latest date available for this dataset is: 2026-05-22 22:00
[2026-05-27T22:02:25.559+0000] {era5_functions.py:120} WARNING - get_cds_count failed: 400 Client Error: Bad Request for url: https://cds.climate.copernicus.eu/api/retrieve/v1/processes/reanalysis-era5-single-levels/execution
invalid request
None of the data you have requested is available yet, please revise the period requested. The latest date available for this dataset is: 2026-05-22 22:00
[2026-05-27T22:02:25.563+0000] {logging_mixin.py:188} WARNING - 2026-05-27 22:02:25 [WARNING] CDS ยังไม่มีข้อมูล job=accum date=20260524, skip
[2026-05-27T22:02:25.563+0000] {era5_functions.py:295} WARNING - CDS ยังไม่มีข้อมูล job=accum date=20260524, skip
[2026-05-27T22:02:25.566+0000] {logging_mixin.py:188} WARNING - 2026-05-27 22:02:25 [INFO] --- job=accum date=20260523 ---
[2026-05-27T22:02:25.565+0000] {era5_functions.py:290} INFO - --- job=accum date=20260523 ---
[2026-05-27T22:02:26.071+0000] {logging_mixin.py:188} WARNING - 2026-05-27 22:02:26 [WARNING] get_cds_count failed: 400 Client Error: Bad Request for url: https://cds.climate.copernicus.eu/api/retrieve/v1/processes/reanalysis-era5-single-levels/execution
invalid request
None of the data you have requested is available yet, please revise the period requested. The latest date available for this dataset is: 2026-05-22 22:00
[2026-05-27T22:02:26.071+0000] {era5_functions.py:120} WARNING - get_cds_count failed: 400 Client Error: Bad Request for url: https://cds.climate.copernicus.eu/api/retrieve/v1/processes/reanalysis-era5-single-levels/execution
invalid request
None of the data you have requested is available yet, please revise the period requested. The latest date available for this dataset is: 2026-05-22 22:00
[2026-05-27T22:02:26.077+0000] {logging_mixin.py:188} WARNING - 2026-05-27 22:02:26 [WARNING] CDS ยังไม่มีข้อมูล job=accum date=20260523, skip
[2026-05-27T22:02:26.077+0000] {era5_functions.py:295} WARNING - CDS ยังไม่มีข้อมูล job=accum date=20260523, skip
[2026-05-27T22:02:26.080+0000] {logging_mixin.py:188} WARNING - 2026-05-27 22:02:26 [INFO] --- job=accum date=20260522 ---
[2026-05-27T22:02:26.080+0000] {era5_functions.py:290} INFO - --- job=accum date=20260522 ---
[2026-05-27T22:02:26.692+0000] {logging_mixin.py:188} WARNING - 2026-05-27 22:02:26,692 INFO [2025-12-11T00:00:00] Please note that a dedicated catalogue entry for this dataset, post-processed and stored in Analysis Ready Cloud Optimized (ARCO) format (Zarr), is available for optimised time-series retrievals (i.e. for retrieving data from selected variables for a single point over an extended period of time in an efficient way). You can discover it [here](https://cds.climate.copernicus.eu/datasets/reanalysis-era5-single-levels-timeseries?tab=overview)
[2026-05-27T22:02:26.692+0000] {legacy_client.py:192} INFO - [2025-12-11T00:00:00] Please note that a dedicated catalogue entry for this dataset, post-processed and stored in Analysis Ready Cloud Optimized (ARCO) format (Zarr), is available for optimised time-series retrievals (i.e. for retrieving data from selected variables for a single point over an extended period of time in an efficient way). You can discover it [here](https://cds.climate.copernicus.eu/datasets/reanalysis-era5-single-levels-timeseries?tab=overview)
[2026-05-27T22:02:26.695+0000] {logging_mixin.py:188} WARNING - 2026-05-27 22:02:26,694 INFO Request ID is 899e380a-7f75-4d75-b3a6-c0b6c6be35a9
[2026-05-27T22:02:26.694+0000] {legacy_client.py:192} INFO - Request ID is 899e380a-7f75-4d75-b3a6-c0b6c6be35a9
[2026-05-27T22:02:26.909+0000] {logging_mixin.py:188} WARNING - 2026-05-27 22:02:26,908 INFO status has been updated to accepted
[2026-05-27T22:02:26.908+0000] {legacy_client.py:192} INFO - status has been updated to accepted
[2026-05-27T22:02:41.159+0000] {logging_mixin.py:188} WARNING - 2026-05-27 22:02:41,159 INFO status has been updated to running
[2026-05-27T22:02:41.159+0000] {legacy_client.py:192} INFO - status has been updated to running
[2026-05-27T22:02:49.059+0000] {logging_mixin.py:188} WARNING - 2026-05-27 22:02:49,058 INFO status has been updated to successful
[2026-05-27T22:02:49.058+0000] {legacy_client.py:192} INFO - status has been updated to successful
[2026-05-27T22:02:49.483+0000] {base.py:119} INFO - Downloading https://object-store.os-api.cci2.ecmwf.int:443/cci2-prod-cache-2/2026-05-27/7a8dc28f18b05577791521c11f7fd1f6.nc
[2026-05-27T22:02:50.177+0000] {logging_mixin.py:188} WARNING - 7a8dc28f18b05577791521c11f7fd1f6.nc:   0%|          | 0.00/317k [00:00<?, ?B/s]
[2026-05-27T22:02:51.994+0000] {logging_mixin.py:188} WARNING - 7a8dc28f18b05577791521c11f7fd1f6.nc: 100%|##########| 317k/317k [00:01<00:00, 179kB/s]
[2026-05-27T22:02:51.997+0000] {logging_mixin.py:188} WARNING -                                                                                       
[2026-05-27T22:02:52.250+0000] {logging_mixin.py:188} WARNING - 2026-05-27 22:02:52 [INFO] CDS timestep available: 23
[2026-05-27T22:02:52.250+0000] {era5_functions.py:117} INFO - CDS timestep available: 23
[2026-05-27T22:02:52.313+0000] {logging_mixin.py:188} WARNING - 2026-05-27 22:02:52 [INFO] local timestep: 22 — /opt/***/era5/ecmwf/data/nc/_raw/2026/05/22/accum_20260522.nc
[2026-05-27T22:02:52.312+0000] {era5_functions.py:141} INFO - local timestep: 22 — /opt/***/era5/ecmwf/data/nc/_raw/2026/05/22/accum_20260522.nc
[2026-05-27T22:02:52.320+0000] {logging_mixin.py:188} WARNING - 2026-05-27 22:02:52 [INFO] nc outdated (local=22 < cds=23), removing: /opt/***/era5/ecmwf/data/nc/_raw/2026/05/22/accum_20260522.nc
[2026-05-27T22:02:52.320+0000] {era5_functions.py:167} INFO - nc outdated (local=22 < cds=23), removing: /opt/***/era5/ecmwf/data/nc/_raw/2026/05/22/accum_20260522.nc
[2026-05-27T22:02:52.338+0000] {logging_mixin.py:188} WARNING - 2026-05-27 22:02:52 [INFO] download attempt 1/3: /opt/***/era5/ecmwf/data/nc/_raw/2026/05/22/accum_20260522.nc
[2026-05-27T22:02:52.338+0000] {era5_functions.py:174} INFO - download attempt 1/3: /opt/***/era5/ecmwf/data/nc/_raw/2026/05/22/accum_20260522.nc
[2026-05-27T22:02:53.086+0000] {logging_mixin.py:188} WARNING - 2026-05-27 22:02:53,085 INFO [2025-12-11T00:00:00] Please note that a dedicated catalogue entry for this dataset, post-processed and stored in Analysis Ready Cloud Optimized (ARCO) format (Zarr), is available for optimised time-series retrievals (i.e. for retrieving data from selected variables for a single point over an extended period of time in an efficient way). You can discover it [here](https://cds.climate.copernicus.eu/datasets/reanalysis-era5-single-levels-timeseries?tab=overview)
[2026-05-27T22:02:53.085+0000] {legacy_client.py:192} INFO - [2025-12-11T00:00:00] Please note that a dedicated catalogue entry for this dataset, post-processed and stored in Analysis Ready Cloud Optimized (ARCO) format (Zarr), is available for optimised time-series retrievals (i.e. for retrieving data from selected variables for a single point over an extended period of time in an efficient way). You can discover it [here](https://cds.climate.copernicus.eu/datasets/reanalysis-era5-single-levels-timeseries?tab=overview)
[2026-05-27T22:02:53.090+0000] {logging_mixin.py:188} WARNING - 2026-05-27 22:02:53,089 INFO Request ID is 9f9e4732-af2c-49ce-910a-06e8b5e67ccf
[2026-05-27T22:02:53.089+0000] {legacy_client.py:192} INFO - Request ID is 9f9e4732-af2c-49ce-910a-06e8b5e67ccf
[2026-05-27T22:02:53.854+0000] {logging_mixin.py:188} WARNING - 2026-05-27 22:02:53,854 INFO status has been updated to accepted
[2026-05-27T22:02:53.854+0000] {legacy_client.py:192} INFO - status has been updated to accepted
[2026-05-27T22:03:08.093+0000] {logging_mixin.py:188} WARNING - 2026-05-27 22:03:08,093 INFO status has been updated to running
[2026-05-27T22:03:08.093+0000] {legacy_client.py:192} INFO - status has been updated to running
[2026-05-27T22:03:15.897+0000] {logging_mixin.py:188} WARNING - 2026-05-27 22:03:15,897 INFO status has been updated to successful
[2026-05-27T22:03:15.897+0000] {legacy_client.py:192} INFO - status has been updated to successful
[2026-05-27T22:03:16.527+0000] {base.py:119} INFO - Downloading https://object-store.os-api.cci2.ecmwf.int:443/cci2-prod-cache-1/2026-05-27/877dbf5071e111be7e9ebaa98dea2db8.nc
[2026-05-27T22:03:17.220+0000] {logging_mixin.py:188} WARNING - 877dbf5071e111be7e9ebaa98dea2db8.nc:   0%|          | 0.00/317k [00:00<?, ?B/s]
[2026-05-27T22:03:18.698+0000] {logging_mixin.py:188} WARNING - 877dbf5071e111be7e9ebaa98dea2db8.nc: 100%|##########| 317k/317k [00:01<00:00, 220kB/s]
[2026-05-27T22:03:18.719+0000] {logging_mixin.py:188} WARNING -                                                                                       
[2026-05-27T22:03:18.805+0000] {logging_mixin.py:188} WARNING - 2026-05-27 22:03:18 [INFO] nc downloaded ok: /opt/***/era5/ecmwf/data/nc/_raw/2026/05/22/accum_20260522.nc
[2026-05-27T22:03:18.805+0000] {era5_functions.py:178} INFO - nc downloaded ok: /opt/***/era5/ecmwf/data/nc/_raw/2026/05/22/accum_20260522.nc
[2026-05-27T22:03:18.877+0000] {era5_functions.py:94} DEBUG - tif band 22 < cds 23: /opt/***/era5/ecmwf/data/tif/2026/05/22/tp_20260522.tif
[2026-05-27T22:03:18.970+0000] {logging_mixin.py:188} WARNING - 2026-05-27 22:03:18 [INFO] tif ok: /opt/***/era5/ecmwf/data/tif/2026/05/22/tp_20260522.tif
[2026-05-27T22:03:18.969+0000] {era5_functions.py:264} INFO - tif ok: /opt/***/era5/ecmwf/data/tif/2026/05/22/tp_20260522.tif
[2026-05-27T22:03:18.974+0000] {logging_mixin.py:188} WARNING - 2026-05-27 22:03:18 [INFO] === END job=accum date=2026-05-27 ===
[2026-05-27T22:03:18.974+0000] {era5_functions.py:333} INFO - === END job=accum date=2026-05-27 ===
[2026-05-27T22:03:18.975+0000] {python.py:237} INFO - Done. Returned value was: None
[2026-05-27T22:03:18.976+0000] {taskinstance.py:441} INFO - ::group::Post task execution logs
[2026-05-27T22:03:18.989+0000] {taskinstance.py:1206} INFO - Marking task as SUCCESS. dag_id=era5_download_pipeline, task_id=era5_accum, run_id=scheduled__2026-05-27T21:00:00+00:00, execution_date=20260527T210000, start_date=20260527T220220, end_date=20260527T220318
[2026-05-27T22:03:19.054+0000] {local_task_job_runner.py:240} INFO - Task exited with return code 0
[2026-05-27T22:03:19.078+0000] {taskinstance.py:3498} INFO - 0 downstream tasks scheduled from follow-on schedule check
[2026-05-27T22:03:19.082+0000] {local_task_job_runner.py:222} INFO - ::endgroup::
