[2026-06-07T20:00:01.741+0000] {local_task_job_runner.py:120} INFO - ::group::Pre task execution logs
[2026-06-07T20:00:01.765+0000] {taskinstance.py:2076} INFO - Dependencies all met for dep_context=non-requeueable deps ti=<TaskInstance: era5_download_pipeline.era5_instant scheduled__2026-06-07T19:00:00+00:00 [queued]>
[2026-06-07T20:00:01.775+0000] {taskinstance.py:2076} INFO - Dependencies all met for dep_context=requeueable deps ti=<TaskInstance: era5_download_pipeline.era5_instant scheduled__2026-06-07T19:00:00+00:00 [queued]>
[2026-06-07T20:00:01.776+0000] {taskinstance.py:2306} INFO - Starting attempt 1 of 1
[2026-06-07T20:00:01.793+0000] {taskinstance.py:2330} INFO - Executing <Task(PythonOperator): era5_instant> on 2026-06-07 19:00:00+00:00
[2026-06-07T20:00:01.804+0000] {warnings.py:110} WARNING - /home/***/.local/lib/python3.12/site-packages/***/task/task_runner/standard_task_runner.py:61: DeprecationWarning: This process (pid=102938) is multi-threaded, use of fork() may lead to deadlocks in the child.
  pid = os.fork()

[2026-06-07T20:00:01.807+0000] {standard_task_runner.py:63} INFO - Started process 102942 to run task
[2026-06-07T20:00:01.807+0000] {standard_task_runner.py:90} INFO - Running: ['***', 'tasks', 'run', 'era5_download_pipeline', 'era5_instant', 'scheduled__2026-06-07T19:00:00+00:00', '--job-id', '1153', '--raw', '--subdir', 'DAGS_FOLDER/era5_dag.py', '--cfg-path', '/tmp/tmp7h7g4mxu']
[2026-06-07T20:00:01.812+0000] {standard_task_runner.py:91} INFO - Job 1153: Subtask era5_instant
[2026-06-07T20:00:01.912+0000] {task_command.py:426} INFO - Running <TaskInstance: era5_download_pipeline.era5_instant scheduled__2026-06-07T19:00:00+00:00 [running]> on host 01cd476fb21a
[2026-06-07T20:00:02.037+0000] {taskinstance.py:2648} INFO - Exporting env vars: AIRFLOW_CTX_DAG_OWNER='era5' AIRFLOW_CTX_DAG_ID='era5_download_pipeline' AIRFLOW_CTX_TASK_ID='era5_instant' AIRFLOW_CTX_EXECUTION_DATE='2026-06-07T19:00:00+00:00' AIRFLOW_CTX_TRY_NUMBER='1' AIRFLOW_CTX_DAG_RUN_ID='scheduled__2026-06-07T19:00:00+00:00'
[2026-06-07T20:00:02.039+0000] {taskinstance.py:430} INFO - ::endgroup::
[2026-06-07T20:00:03.092+0000] {logging_mixin.py:188} WARNING - 2026-06-07 20:00:03 [INFO] === START job=instant date=2026-06-07 ===
[2026-06-07T20:00:03.091+0000] {era5_functions.py:368} INFO - === START job=instant date=2026-06-07 ===
[2026-06-07T20:00:03.095+0000] {logging_mixin.py:188} WARNING - 2026-06-07 20:00:03 [INFO] --- job=instant date=20260607 ---
[2026-06-07T20:00:03.095+0000] {era5_functions.py:330} INFO - --- job=instant date=20260607 ---
[2026-06-07T20:00:03.794+0000] {logging_mixin.py:188} WARNING - 2026-06-07 20:00:03 [WARNING] get_cds_count failed: 400 Client Error: Bad Request for url: https://cds.climate.copernicus.eu/api/retrieve/v1/processes/reanalysis-era5-single-levels/execution
invalid request
None of the data you have requested is available yet, please revise the period requested. The latest date available for this dataset is: 2026-06-02 20:00
[2026-06-07T20:00:03.794+0000] {era5_functions.py:131} WARNING - get_cds_count failed: 400 Client Error: Bad Request for url: https://cds.climate.copernicus.eu/api/retrieve/v1/processes/reanalysis-era5-single-levels/execution
invalid request
None of the data you have requested is available yet, please revise the period requested. The latest date available for this dataset is: 2026-06-02 20:00
[2026-06-07T20:00:03.797+0000] {logging_mixin.py:188} WARNING - 2026-06-07 20:00:03 [WARNING] CDS ยังไม่มีข้อมูล job=instant date=20260607, skip
[2026-06-07T20:00:03.797+0000] {era5_functions.py:335} WARNING - CDS ยังไม่มีข้อมูล job=instant date=20260607, skip
[2026-06-07T20:00:03.799+0000] {logging_mixin.py:188} WARNING - 2026-06-07 20:00:03 [INFO] --- job=instant date=20260606 ---
[2026-06-07T20:00:03.799+0000] {era5_functions.py:330} INFO - --- job=instant date=20260606 ---
[2026-06-07T20:00:04.391+0000] {logging_mixin.py:188} WARNING - 2026-06-07 20:00:04 [WARNING] get_cds_count failed: 400 Client Error: Bad Request for url: https://cds.climate.copernicus.eu/api/retrieve/v1/processes/reanalysis-era5-single-levels/execution
invalid request
None of the data you have requested is available yet, please revise the period requested. The latest date available for this dataset is: 2026-06-02 20:00
[2026-06-07T20:00:04.390+0000] {era5_functions.py:131} WARNING - get_cds_count failed: 400 Client Error: Bad Request for url: https://cds.climate.copernicus.eu/api/retrieve/v1/processes/reanalysis-era5-single-levels/execution
invalid request
None of the data you have requested is available yet, please revise the period requested. The latest date available for this dataset is: 2026-06-02 20:00
[2026-06-07T20:00:04.395+0000] {logging_mixin.py:188} WARNING - 2026-06-07 20:00:04 [WARNING] CDS ยังไม่มีข้อมูล job=instant date=20260606, skip
[2026-06-07T20:00:04.394+0000] {era5_functions.py:335} WARNING - CDS ยังไม่มีข้อมูล job=instant date=20260606, skip
[2026-06-07T20:00:04.397+0000] {logging_mixin.py:188} WARNING - 2026-06-07 20:00:04 [INFO] --- job=instant date=20260605 ---
[2026-06-07T20:00:04.397+0000] {era5_functions.py:330} INFO - --- job=instant date=20260605 ---
[2026-06-07T20:00:05.101+0000] {logging_mixin.py:188} WARNING - 2026-06-07 20:00:05 [WARNING] get_cds_count failed: 400 Client Error: Bad Request for url: https://cds.climate.copernicus.eu/api/retrieve/v1/processes/reanalysis-era5-single-levels/execution
invalid request
None of the data you have requested is available yet, please revise the period requested. The latest date available for this dataset is: 2026-06-02 20:00
[2026-06-07T20:00:05.100+0000] {era5_functions.py:131} WARNING - get_cds_count failed: 400 Client Error: Bad Request for url: https://cds.climate.copernicus.eu/api/retrieve/v1/processes/reanalysis-era5-single-levels/execution
invalid request
None of the data you have requested is available yet, please revise the period requested. The latest date available for this dataset is: 2026-06-02 20:00
[2026-06-07T20:00:05.103+0000] {logging_mixin.py:188} WARNING - 2026-06-07 20:00:05 [WARNING] CDS ยังไม่มีข้อมูล job=instant date=20260605, skip
[2026-06-07T20:00:05.103+0000] {era5_functions.py:335} WARNING - CDS ยังไม่มีข้อมูล job=instant date=20260605, skip
[2026-06-07T20:00:05.105+0000] {logging_mixin.py:188} WARNING - 2026-06-07 20:00:05 [INFO] --- job=instant date=20260604 ---
[2026-06-07T20:00:05.105+0000] {era5_functions.py:330} INFO - --- job=instant date=20260604 ---
[2026-06-07T20:00:08.974+0000] {logging_mixin.py:188} WARNING - 2026-06-07 20:00:08 [WARNING] get_cds_count failed: 400 Client Error: Bad Request for url: https://cds.climate.copernicus.eu/api/retrieve/v1/processes/reanalysis-era5-single-levels/execution
invalid request
None of the data you have requested is available yet, please revise the period requested. The latest date available for this dataset is: 2026-06-02 20:00
[2026-06-07T20:00:08.973+0000] {era5_functions.py:131} WARNING - get_cds_count failed: 400 Client Error: Bad Request for url: https://cds.climate.copernicus.eu/api/retrieve/v1/processes/reanalysis-era5-single-levels/execution
invalid request
None of the data you have requested is available yet, please revise the period requested. The latest date available for this dataset is: 2026-06-02 20:00
[2026-06-07T20:00:08.980+0000] {logging_mixin.py:188} WARNING - 2026-06-07 20:00:08 [WARNING] CDS ยังไม่มีข้อมูล job=instant date=20260604, skip
[2026-06-07T20:00:08.979+0000] {era5_functions.py:335} WARNING - CDS ยังไม่มีข้อมูล job=instant date=20260604, skip
[2026-06-07T20:00:08.984+0000] {logging_mixin.py:188} WARNING - 2026-06-07 20:00:08 [INFO] --- job=instant date=20260603 ---
[2026-06-07T20:00:08.984+0000] {era5_functions.py:330} INFO - --- job=instant date=20260603 ---
[2026-06-07T20:00:09.620+0000] {logging_mixin.py:188} WARNING - 2026-06-07 20:00:09 [WARNING] get_cds_count failed: 400 Client Error: Bad Request for url: https://cds.climate.copernicus.eu/api/retrieve/v1/processes/reanalysis-era5-single-levels/execution
invalid request
None of the data you have requested is available yet, please revise the period requested. The latest date available for this dataset is: 2026-06-02 20:00
[2026-06-07T20:00:09.620+0000] {era5_functions.py:131} WARNING - get_cds_count failed: 400 Client Error: Bad Request for url: https://cds.climate.copernicus.eu/api/retrieve/v1/processes/reanalysis-era5-single-levels/execution
invalid request
None of the data you have requested is available yet, please revise the period requested. The latest date available for this dataset is: 2026-06-02 20:00
[2026-06-07T20:00:09.626+0000] {logging_mixin.py:188} WARNING - 2026-06-07 20:00:09 [WARNING] CDS ยังไม่มีข้อมูล job=instant date=20260603, skip
[2026-06-07T20:00:09.626+0000] {era5_functions.py:335} WARNING - CDS ยังไม่มีข้อมูล job=instant date=20260603, skip
[2026-06-07T20:00:09.631+0000] {logging_mixin.py:188} WARNING - 2026-06-07 20:00:09 [INFO] --- job=instant date=20260602 ---
[2026-06-07T20:00:09.631+0000] {era5_functions.py:330} INFO - --- job=instant date=20260602 ---
[2026-06-07T20:00:11.350+0000] {logging_mixin.py:188} WARNING - 2026-06-07 20:00:11,349 INFO [2025-12-11T00:00:00] Please note that a dedicated catalogue entry for this dataset, post-processed and stored in Analysis Ready Cloud Optimized (ARCO) format (Zarr), is available for optimised time-series retrievals (i.e. for retrieving data from selected variables for a single point over an extended period of time in an efficient way). You can discover it [here](https://cds.climate.copernicus.eu/datasets/reanalysis-era5-single-levels-timeseries?tab=overview)
[2026-06-07T20:00:11.349+0000] {legacy_client.py:192} INFO - [2025-12-11T00:00:00] Please note that a dedicated catalogue entry for this dataset, post-processed and stored in Analysis Ready Cloud Optimized (ARCO) format (Zarr), is available for optimised time-series retrievals (i.e. for retrieving data from selected variables for a single point over an extended period of time in an efficient way). You can discover it [here](https://cds.climate.copernicus.eu/datasets/reanalysis-era5-single-levels-timeseries?tab=overview)
[2026-06-07T20:00:11.354+0000] {logging_mixin.py:188} WARNING - 2026-06-07 20:00:11,353 INFO Request ID is cec7c645-753a-4d59-ab7c-a56ed9fe0f3f
[2026-06-07T20:00:11.353+0000] {legacy_client.py:192} INFO - Request ID is cec7c645-753a-4d59-ab7c-a56ed9fe0f3f
[2026-06-07T20:00:11.559+0000] {logging_mixin.py:188} WARNING - 2026-06-07 20:00:11,559 INFO status has been updated to accepted
[2026-06-07T20:00:11.559+0000] {legacy_client.py:192} INFO - status has been updated to accepted
[2026-06-07T20:00:34.049+0000] {logging_mixin.py:188} WARNING - 2026-06-07 20:00:34,049 INFO status has been updated to running
[2026-06-07T20:00:34.049+0000] {legacy_client.py:192} INFO - status has been updated to running
[2026-06-07T20:00:45.648+0000] {logging_mixin.py:188} WARNING - 2026-06-07 20:00:45,648 INFO status has been updated to successful
[2026-06-07T20:00:45.648+0000] {legacy_client.py:192} INFO - status has been updated to successful
[2026-06-07T20:00:46.072+0000] {base.py:119} INFO - Downloading https://object-store.os-api.cci2.ecmwf.int:443/cci2-prod-cache-3/2026-06-07/ffc381950efef9f559762889c23d47f9.nc
[2026-06-07T20:00:47.103+0000] {logging_mixin.py:188} WARNING - ffc381950efef9f559762889c23d47f9.nc:   0%|          | 0.00/2.25M [00:00<?, ?B/s]
[2026-06-07T20:00:48.937+0000] {logging_mixin.py:188} WARNING - ffc381950efef9f559762889c23d47f9.nc:  44%|####4     | 1.00M/2.25M [00:01<00:02, 572kB/s]
[2026-06-07T20:00:49.219+0000] {logging_mixin.py:188} WARNING - ffc381950efef9f559762889c23d47f9.nc:  89%|########8 | 2.00M/2.25M [00:02<00:00, 1.14MB/s]
[2026-06-07T20:00:49.233+0000] {logging_mixin.py:188} WARNING -                                                                                          
[2026-06-07T20:00:49.501+0000] {logging_mixin.py:188} WARNING - 2026-06-07 20:00:49 [INFO] CDS timestep available: 21
[2026-06-07T20:00:49.501+0000] {era5_functions.py:128} INFO - CDS timestep available: 21
[2026-06-07T20:00:49.595+0000] {logging_mixin.py:188} WARNING - 2026-06-07 20:00:49 [INFO] local timestep: 20 — /opt/***/era5/ecmwf/data/nc/_raw/2026/06/02/instant_20260602.nc
[2026-06-07T20:00:49.595+0000] {era5_functions.py:152} INFO - local timestep: 20 — /opt/***/era5/ecmwf/data/nc/_raw/2026/06/02/instant_20260602.nc
[2026-06-07T20:00:49.602+0000] {logging_mixin.py:188} WARNING - 2026-06-07 20:00:49 [INFO] nc outdated (local=20 < cds=21), removing: /opt/***/era5/ecmwf/data/nc/_raw/2026/06/02/instant_20260602.nc
[2026-06-07T20:00:49.601+0000] {era5_functions.py:193} INFO - nc outdated (local=20 < cds=21), removing: /opt/***/era5/ecmwf/data/nc/_raw/2026/06/02/instant_20260602.nc
[2026-06-07T20:00:49.619+0000] {logging_mixin.py:188} WARNING - 2026-06-07 20:00:49 [INFO] download attempt 1/3: /opt/***/era5/ecmwf/data/nc/_raw/2026/06/02/instant_20260602.nc
[2026-06-07T20:00:49.619+0000] {era5_functions.py:200} INFO - download attempt 1/3: /opt/***/era5/ecmwf/data/nc/_raw/2026/06/02/instant_20260602.nc
[2026-06-07T20:00:51.878+0000] {logging_mixin.py:188} WARNING - 2026-06-07 20:00:51,878 INFO [2025-12-11T00:00:00] Please note that a dedicated catalogue entry for this dataset, post-processed and stored in Analysis Ready Cloud Optimized (ARCO) format (Zarr), is available for optimised time-series retrievals (i.e. for retrieving data from selected variables for a single point over an extended period of time in an efficient way). You can discover it [here](https://cds.climate.copernicus.eu/datasets/reanalysis-era5-single-levels-timeseries?tab=overview)
[2026-06-07T20:00:51.878+0000] {legacy_client.py:192} INFO - [2025-12-11T00:00:00] Please note that a dedicated catalogue entry for this dataset, post-processed and stored in Analysis Ready Cloud Optimized (ARCO) format (Zarr), is available for optimised time-series retrievals (i.e. for retrieving data from selected variables for a single point over an extended period of time in an efficient way). You can discover it [here](https://cds.climate.copernicus.eu/datasets/reanalysis-era5-single-levels-timeseries?tab=overview)
[2026-06-07T20:00:51.883+0000] {logging_mixin.py:188} WARNING - 2026-06-07 20:00:51,882 INFO Request ID is 2fade5b3-f0fb-4987-91d5-450a37c068bd
[2026-06-07T20:00:51.882+0000] {legacy_client.py:192} INFO - Request ID is 2fade5b3-f0fb-4987-91d5-450a37c068bd
[2026-06-07T20:00:52.422+0000] {logging_mixin.py:188} WARNING - 2026-06-07 20:00:52,422 INFO status has been updated to accepted
[2026-06-07T20:00:52.422+0000] {legacy_client.py:192} INFO - status has been updated to accepted
[2026-06-07T20:01:14.489+0000] {logging_mixin.py:188} WARNING - 2026-06-07 20:01:14,488 INFO status has been updated to successful
[2026-06-07T20:01:14.488+0000] {legacy_client.py:192} INFO - status has been updated to successful
[2026-06-07T20:01:14.978+0000] {base.py:119} INFO - Downloading https://object-store.os-api.cci2.ecmwf.int:443/cci2-prod-cache-1/2026-06-07/c39c77a07dc36db6b28b71b46fac066d.nc
[2026-06-07T20:01:16.031+0000] {logging_mixin.py:188} WARNING - c39c77a07dc36db6b28b71b46fac066d.nc:   0%|          | 0.00/2.25M [00:00<?, ?B/s]
[2026-06-07T20:01:18.848+0000] {logging_mixin.py:188} WARNING - c39c77a07dc36db6b28b71b46fac066d.nc:  44%|####4     | 1.00M/2.25M [00:02<00:03, 372kB/s]
[2026-06-07T20:01:20.146+0000] {logging_mixin.py:188} WARNING - c39c77a07dc36db6b28b71b46fac066d.nc:  89%|########8 | 2.00M/2.25M [00:04<00:00, 545kB/s]
[2026-06-07T20:01:20.278+0000] {logging_mixin.py:188} WARNING - c39c77a07dc36db6b28b71b46fac066d.nc: 100%|##########| 2.25M/2.25M [00:04<00:00, 625kB/s]
[2026-06-07T20:01:20.300+0000] {logging_mixin.py:188} WARNING -                                                                                         
[2026-06-07T20:01:20.464+0000] {logging_mixin.py:188} WARNING - 2026-06-07 20:01:20 [INFO] nc downloaded ok: /opt/***/era5/ecmwf/data/nc/_raw/2026/06/02/instant_20260602.nc
[2026-06-07T20:01:20.463+0000] {era5_functions.py:204} INFO - nc downloaded ok: /opt/***/era5/ecmwf/data/nc/_raw/2026/06/02/instant_20260602.nc
[2026-06-07T20:01:20.550+0000] {logging_mixin.py:188} WARNING - 2026-06-07 20:01:20 [INFO] local timestep: 21 — /opt/***/era5/ecmwf/data/nc/_raw/2026/06/02/instant_20260602.nc
[2026-06-07T20:01:20.549+0000] {era5_functions.py:152} INFO - local timestep: 21 — /opt/***/era5/ecmwf/data/nc/_raw/2026/06/02/instant_20260602.nc
[2026-06-07T20:01:20.657+0000] {logging_mixin.py:188} WARNING - 2026-06-07 20:01:20 [INFO] tif outdated (tif=20 < nc=21), removing: /opt/***/era5/ecmwf/data/tif/2026/06/02/t2m_20260602.tif
[2026-06-07T20:01:20.657+0000] {era5_functions.py:261} INFO - tif outdated (tif=20 < nc=21), removing: /opt/***/era5/ecmwf/data/tif/2026/06/02/t2m_20260602.tif
[2026-06-07T20:01:20.763+0000] {logging_mixin.py:188} WARNING - 2026-06-07 20:01:20 [INFO] tif ok (bands=21): /opt/***/era5/ecmwf/data/tif/2026/06/02/t2m_20260602.tif
[2026-06-07T20:01:20.763+0000] {era5_functions.py:304} INFO - tif ok (bands=21): /opt/***/era5/ecmwf/data/tif/2026/06/02/t2m_20260602.tif
[2026-06-07T20:01:20.778+0000] {logging_mixin.py:188} WARNING - 2026-06-07 20:01:20 [INFO] tif outdated (tif=20 < nc=21), removing: /opt/***/era5/ecmwf/data/tif/2026/06/02/d2m_20260602.tif
[2026-06-07T20:01:20.778+0000] {era5_functions.py:261} INFO - tif outdated (tif=20 < nc=21), removing: /opt/***/era5/ecmwf/data/tif/2026/06/02/d2m_20260602.tif
[2026-06-07T20:01:20.871+0000] {logging_mixin.py:188} WARNING - 2026-06-07 20:01:20 [INFO] tif ok (bands=21): /opt/***/era5/ecmwf/data/tif/2026/06/02/d2m_20260602.tif
[2026-06-07T20:01:20.871+0000] {era5_functions.py:304} INFO - tif ok (bands=21): /opt/***/era5/ecmwf/data/tif/2026/06/02/d2m_20260602.tif
[2026-06-07T20:01:20.886+0000] {logging_mixin.py:188} WARNING - 2026-06-07 20:01:20 [INFO] tif outdated (tif=20 < nc=21), removing: /opt/***/era5/ecmwf/data/tif/2026/06/02/sp_20260602.tif
[2026-06-07T20:01:20.886+0000] {era5_functions.py:261} INFO - tif outdated (tif=20 < nc=21), removing: /opt/***/era5/ecmwf/data/tif/2026/06/02/sp_20260602.tif
[2026-06-07T20:01:20.982+0000] {logging_mixin.py:188} WARNING - 2026-06-07 20:01:20 [INFO] tif ok (bands=21): /opt/***/era5/ecmwf/data/tif/2026/06/02/sp_20260602.tif
[2026-06-07T20:01:20.982+0000] {era5_functions.py:304} INFO - tif ok (bands=21): /opt/***/era5/ecmwf/data/tif/2026/06/02/sp_20260602.tif
[2026-06-07T20:01:20.999+0000] {logging_mixin.py:188} WARNING - 2026-06-07 20:01:20 [INFO] tif outdated (tif=20 < nc=21), removing: /opt/***/era5/ecmwf/data/tif/2026/06/02/blh_20260602.tif
[2026-06-07T20:01:20.999+0000] {era5_functions.py:261} INFO - tif outdated (tif=20 < nc=21), removing: /opt/***/era5/ecmwf/data/tif/2026/06/02/blh_20260602.tif
[2026-06-07T20:01:21.104+0000] {logging_mixin.py:188} WARNING - 2026-06-07 20:01:21 [INFO] tif ok (bands=21): /opt/***/era5/ecmwf/data/tif/2026/06/02/blh_20260602.tif
[2026-06-07T20:01:21.104+0000] {era5_functions.py:304} INFO - tif ok (bands=21): /opt/***/era5/ecmwf/data/tif/2026/06/02/blh_20260602.tif
[2026-06-07T20:01:21.120+0000] {logging_mixin.py:188} WARNING - 2026-06-07 20:01:21 [INFO] tif outdated (tif=20 < nc=21), removing: /opt/***/era5/ecmwf/data/tif/2026/06/02/u10_20260602.tif
[2026-06-07T20:01:21.120+0000] {era5_functions.py:261} INFO - tif outdated (tif=20 < nc=21), removing: /opt/***/era5/ecmwf/data/tif/2026/06/02/u10_20260602.tif
[2026-06-07T20:01:21.267+0000] {logging_mixin.py:188} WARNING - 2026-06-07 20:01:21 [INFO] tif ok (bands=21): /opt/***/era5/ecmwf/data/tif/2026/06/02/u10_20260602.tif
[2026-06-07T20:01:21.266+0000] {era5_functions.py:304} INFO - tif ok (bands=21): /opt/***/era5/ecmwf/data/tif/2026/06/02/u10_20260602.tif
[2026-06-07T20:01:21.285+0000] {logging_mixin.py:188} WARNING - 2026-06-07 20:01:21 [INFO] tif outdated (tif=20 < nc=21), removing: /opt/***/era5/ecmwf/data/tif/2026/06/02/v10_20260602.tif
[2026-06-07T20:01:21.285+0000] {era5_functions.py:261} INFO - tif outdated (tif=20 < nc=21), removing: /opt/***/era5/ecmwf/data/tif/2026/06/02/v10_20260602.tif
[2026-06-07T20:01:21.421+0000] {logging_mixin.py:188} WARNING - 2026-06-07 20:01:21 [INFO] tif ok (bands=21): /opt/***/era5/ecmwf/data/tif/2026/06/02/v10_20260602.tif
[2026-06-07T20:01:21.420+0000] {era5_functions.py:304} INFO - tif ok (bands=21): /opt/***/era5/ecmwf/data/tif/2026/06/02/v10_20260602.tif
[2026-06-07T20:01:21.428+0000] {logging_mixin.py:188} WARNING - 2026-06-07 20:01:21 [INFO] === END job=instant date=2026-06-07 ===
[2026-06-07T20:01:21.428+0000] {era5_functions.py:379} INFO - === END job=instant date=2026-06-07 ===
[2026-06-07T20:01:21.430+0000] {python.py:237} INFO - Done. Returned value was: None
[2026-06-07T20:01:21.430+0000] {taskinstance.py:441} INFO - ::group::Post task execution logs
[2026-06-07T20:01:21.445+0000] {taskinstance.py:1206} INFO - Marking task as SUCCESS. dag_id=era5_download_pipeline, task_id=era5_instant, run_id=scheduled__2026-06-07T19:00:00+00:00, execution_date=20260607T190000, start_date=20260607T200001, end_date=20260607T200121
[2026-06-07T20:01:21.532+0000] {local_task_job_runner.py:240} INFO - Task exited with return code 0
[2026-06-07T20:01:21.567+0000] {taskinstance.py:3498} INFO - 1 downstream tasks scheduled from follow-on schedule check
[2026-06-07T20:01:21.572+0000] {local_task_job_runner.py:222} INFO - ::endgroup::
