[2026-06-17T21:00:01.907+0000] {local_task_job_runner.py:120} INFO - ::group::Pre task execution logs
[2026-06-17T21:00:01.939+0000] {taskinstance.py:2076} INFO - Dependencies all met for dep_context=non-requeueable deps ti=<TaskInstance: era5_download_pipeline.era5_instant scheduled__2026-06-17T20:00:00+00:00 [queued]>
[2026-06-17T21:00:01.952+0000] {taskinstance.py:2076} INFO - Dependencies all met for dep_context=requeueable deps ti=<TaskInstance: era5_download_pipeline.era5_instant scheduled__2026-06-17T20:00:00+00:00 [queued]>
[2026-06-17T21:00:01.954+0000] {taskinstance.py:2306} INFO - Starting attempt 1 of 1
[2026-06-17T21:00:01.975+0000] {taskinstance.py:2330} INFO - Executing <Task(PythonOperator): era5_instant> on 2026-06-17 20:00:00+00:00
[2026-06-17T21:00:01.985+0000] {warnings.py:110} WARNING - /home/***/.local/lib/python3.12/site-packages/***/task/task_runner/standard_task_runner.py:61: DeprecationWarning: This process (pid=121615) is multi-threaded, use of fork() may lead to deadlocks in the child.
  pid = os.fork()

[2026-06-17T21:00:01.988+0000] {standard_task_runner.py:63} INFO - Started process 121619 to run task
[2026-06-17T21:00:01.988+0000] {standard_task_runner.py:90} INFO - Running: ['***', 'tasks', 'run', 'era5_download_pipeline', 'era5_instant', 'scheduled__2026-06-17T20:00:00+00:00', '--job-id', '1797', '--raw', '--subdir', 'DAGS_FOLDER/era5_dag.py', '--cfg-path', '/tmp/tmpgiu5lx_u']
[2026-06-17T21:00:01.992+0000] {standard_task_runner.py:91} INFO - Job 1797: Subtask era5_instant
[2026-06-17T21:00:02.074+0000] {task_command.py:426} INFO - Running <TaskInstance: era5_download_pipeline.era5_instant scheduled__2026-06-17T20:00:00+00:00 [running]> on host 01cd476fb21a
[2026-06-17T21:00:02.201+0000] {taskinstance.py:2648} INFO - Exporting env vars: AIRFLOW_CTX_DAG_OWNER='era5' AIRFLOW_CTX_DAG_ID='era5_download_pipeline' AIRFLOW_CTX_TASK_ID='era5_instant' AIRFLOW_CTX_EXECUTION_DATE='2026-06-17T20:00:00+00:00' AIRFLOW_CTX_TRY_NUMBER='1' AIRFLOW_CTX_DAG_RUN_ID='scheduled__2026-06-17T20:00:00+00:00'
[2026-06-17T21:00:02.203+0000] {taskinstance.py:430} INFO - ::endgroup::
[2026-06-17T21:00:03.243+0000] {logging_mixin.py:188} WARNING - 2026-06-17 21:00:03 [INFO] === START job=instant date=2026-06-17 ===
[2026-06-17T21:00:03.243+0000] {era5_functions.py:368} INFO - === START job=instant date=2026-06-17 ===
[2026-06-17T21:00:03.246+0000] {logging_mixin.py:188} WARNING - 2026-06-17 21:00:03 [INFO] --- job=instant date=20260617 ---
[2026-06-17T21:00:03.246+0000] {era5_functions.py:330} INFO - --- job=instant date=20260617 ---
[2026-06-17T21:00:04.082+0000] {logging_mixin.py:188} WARNING - 2026-06-17 21:00:04 [WARNING] get_cds_count failed: 400 Client Error: Bad Request for url: https://cds.climate.copernicus.eu/api/retrieve/v1/processes/reanalysis-era5-single-levels/execution
invalid request
None of the data you have requested is available yet, please revise the period requested. The latest date available for this dataset is: 2026-06-12 21:00
[2026-06-17T21:00:04.082+0000] {era5_functions.py:131} WARNING - get_cds_count failed: 400 Client Error: Bad Request for url: https://cds.climate.copernicus.eu/api/retrieve/v1/processes/reanalysis-era5-single-levels/execution
invalid request
None of the data you have requested is available yet, please revise the period requested. The latest date available for this dataset is: 2026-06-12 21:00
[2026-06-17T21:00:04.085+0000] {logging_mixin.py:188} WARNING - 2026-06-17 21:00:04 [WARNING] CDS ยังไม่มีข้อมูล job=instant date=20260617, skip
[2026-06-17T21:00:04.084+0000] {era5_functions.py:335} WARNING - CDS ยังไม่มีข้อมูล job=instant date=20260617, skip
[2026-06-17T21:00:04.086+0000] {logging_mixin.py:188} WARNING - 2026-06-17 21:00:04 [INFO] --- job=instant date=20260616 ---
[2026-06-17T21:00:04.086+0000] {era5_functions.py:330} INFO - --- job=instant date=20260616 ---
[2026-06-17T21:00:05.187+0000] {logging_mixin.py:188} WARNING - 2026-06-17 21:00:05 [WARNING] get_cds_count failed: 400 Client Error: Bad Request for url: https://cds.climate.copernicus.eu/api/retrieve/v1/processes/reanalysis-era5-single-levels/execution
invalid request
None of the data you have requested is available yet, please revise the period requested. The latest date available for this dataset is: 2026-06-12 21:00
[2026-06-17T21:00:05.187+0000] {era5_functions.py:131} WARNING - get_cds_count failed: 400 Client Error: Bad Request for url: https://cds.climate.copernicus.eu/api/retrieve/v1/processes/reanalysis-era5-single-levels/execution
invalid request
None of the data you have requested is available yet, please revise the period requested. The latest date available for this dataset is: 2026-06-12 21:00
[2026-06-17T21:00:05.192+0000] {logging_mixin.py:188} WARNING - 2026-06-17 21:00:05 [WARNING] CDS ยังไม่มีข้อมูล job=instant date=20260616, skip
[2026-06-17T21:00:05.192+0000] {era5_functions.py:335} WARNING - CDS ยังไม่มีข้อมูล job=instant date=20260616, skip
[2026-06-17T21:00:05.196+0000] {logging_mixin.py:188} WARNING - 2026-06-17 21:00:05 [INFO] --- job=instant date=20260615 ---
[2026-06-17T21:00:05.195+0000] {era5_functions.py:330} INFO - --- job=instant date=20260615 ---
[2026-06-17T21:00:05.797+0000] {logging_mixin.py:188} WARNING - 2026-06-17 21:00:05 [WARNING] get_cds_count failed: 400 Client Error: Bad Request for url: https://cds.climate.copernicus.eu/api/retrieve/v1/processes/reanalysis-era5-single-levels/execution
invalid request
None of the data you have requested is available yet, please revise the period requested. The latest date available for this dataset is: 2026-06-12 21:00
[2026-06-17T21:00:05.797+0000] {era5_functions.py:131} WARNING - get_cds_count failed: 400 Client Error: Bad Request for url: https://cds.climate.copernicus.eu/api/retrieve/v1/processes/reanalysis-era5-single-levels/execution
invalid request
None of the data you have requested is available yet, please revise the period requested. The latest date available for this dataset is: 2026-06-12 21:00
[2026-06-17T21:00:05.800+0000] {logging_mixin.py:188} WARNING - 2026-06-17 21:00:05 [WARNING] CDS ยังไม่มีข้อมูล job=instant date=20260615, skip
[2026-06-17T21:00:05.800+0000] {era5_functions.py:335} WARNING - CDS ยังไม่มีข้อมูล job=instant date=20260615, skip
[2026-06-17T21:00:05.803+0000] {logging_mixin.py:188} WARNING - 2026-06-17 21:00:05 [INFO] --- job=instant date=20260614 ---
[2026-06-17T21:00:05.802+0000] {era5_functions.py:330} INFO - --- job=instant date=20260614 ---
[2026-06-17T21:00:06.544+0000] {logging_mixin.py:188} WARNING - 2026-06-17 21:00:06 [WARNING] get_cds_count failed: 400 Client Error: Bad Request for url: https://cds.climate.copernicus.eu/api/retrieve/v1/processes/reanalysis-era5-single-levels/execution
invalid request
None of the data you have requested is available yet, please revise the period requested. The latest date available for this dataset is: 2026-06-12 21:00
[2026-06-17T21:00:06.543+0000] {era5_functions.py:131} WARNING - get_cds_count failed: 400 Client Error: Bad Request for url: https://cds.climate.copernicus.eu/api/retrieve/v1/processes/reanalysis-era5-single-levels/execution
invalid request
None of the data you have requested is available yet, please revise the period requested. The latest date available for this dataset is: 2026-06-12 21:00
[2026-06-17T21:00:06.549+0000] {logging_mixin.py:188} WARNING - 2026-06-17 21:00:06 [WARNING] CDS ยังไม่มีข้อมูล job=instant date=20260614, skip
[2026-06-17T21:00:06.549+0000] {era5_functions.py:335} WARNING - CDS ยังไม่มีข้อมูล job=instant date=20260614, skip
[2026-06-17T21:00:06.553+0000] {logging_mixin.py:188} WARNING - 2026-06-17 21:00:06 [INFO] --- job=instant date=20260613 ---
[2026-06-17T21:00:06.553+0000] {era5_functions.py:330} INFO - --- job=instant date=20260613 ---
[2026-06-17T21:00:08.836+0000] {logging_mixin.py:188} WARNING - 2026-06-17 21:00:08 [WARNING] get_cds_count failed: 400 Client Error: Bad Request for url: https://cds.climate.copernicus.eu/api/retrieve/v1/processes/reanalysis-era5-single-levels/execution
invalid request
None of the data you have requested is available yet, please revise the period requested. The latest date available for this dataset is: 2026-06-12 21:00
[2026-06-17T21:00:08.836+0000] {era5_functions.py:131} WARNING - get_cds_count failed: 400 Client Error: Bad Request for url: https://cds.climate.copernicus.eu/api/retrieve/v1/processes/reanalysis-era5-single-levels/execution
invalid request
None of the data you have requested is available yet, please revise the period requested. The latest date available for this dataset is: 2026-06-12 21:00
[2026-06-17T21:00:08.841+0000] {logging_mixin.py:188} WARNING - 2026-06-17 21:00:08 [WARNING] CDS ยังไม่มีข้อมูล job=instant date=20260613, skip
[2026-06-17T21:00:08.841+0000] {era5_functions.py:335} WARNING - CDS ยังไม่มีข้อมูล job=instant date=20260613, skip
[2026-06-17T21:00:08.845+0000] {logging_mixin.py:188} WARNING - 2026-06-17 21:00:08 [INFO] --- job=instant date=20260612 ---
[2026-06-17T21:00:08.845+0000] {era5_functions.py:330} INFO - --- job=instant date=20260612 ---
[2026-06-17T21:00:12.940+0000] {logging_mixin.py:188} WARNING - 2026-06-17 21:00:12,939 INFO [2025-12-11T00:00:00] Please note that a dedicated catalogue entry for this dataset, post-processed and stored in Analysis Ready Cloud Optimized (ARCO) format (Zarr), is available for optimised time-series retrievals (i.e. for retrieving data from selected variables for a single point over an extended period of time in an efficient way). You can discover it [here](https://cds.climate.copernicus.eu/datasets/reanalysis-era5-single-levels-timeseries?tab=overview)
[2026-06-17T21:00:12.939+0000] {legacy_client.py:192} INFO - [2025-12-11T00:00:00] Please note that a dedicated catalogue entry for this dataset, post-processed and stored in Analysis Ready Cloud Optimized (ARCO) format (Zarr), is available for optimised time-series retrievals (i.e. for retrieving data from selected variables for a single point over an extended period of time in an efficient way). You can discover it [here](https://cds.climate.copernicus.eu/datasets/reanalysis-era5-single-levels-timeseries?tab=overview)
[2026-06-17T21:00:12.945+0000] {logging_mixin.py:188} WARNING - 2026-06-17 21:00:12,944 INFO Request ID is 97e11259-c021-438b-89ef-b47f85c01376
[2026-06-17T21:00:12.944+0000] {legacy_client.py:192} INFO - Request ID is 97e11259-c021-438b-89ef-b47f85c01376
[2026-06-17T21:00:13.188+0000] {logging_mixin.py:188} WARNING - 2026-06-17 21:00:13,187 INFO status has been updated to accepted
[2026-06-17T21:00:13.187+0000] {legacy_client.py:192} INFO - status has been updated to accepted
[2026-06-17T21:00:27.517+0000] {logging_mixin.py:188} WARNING - 2026-06-17 21:00:27,517 INFO status has been updated to running
[2026-06-17T21:00:27.517+0000] {legacy_client.py:192} INFO - status has been updated to running
[2026-06-17T21:00:47.795+0000] {logging_mixin.py:188} WARNING - 2026-06-17 21:00:47,794 INFO status has been updated to successful
[2026-06-17T21:00:47.794+0000] {legacy_client.py:192} INFO - status has been updated to successful
[2026-06-17T21:00:48.248+0000] {base.py:119} INFO - Downloading https://object-store.os-api.cci2.ecmwf.int:443/cci2-prod-cache-1/2026-06-17/bf565da5dadfcac1c4c8e5213b960d9.nc
[2026-06-17T21:00:48.992+0000] {logging_mixin.py:188} WARNING - bf565da5dadfcac1c4c8e5213b960d9.nc:   0%|          | 0.00/2.37M [00:00<?, ?B/s]
[2026-06-17T21:00:51.182+0000] {logging_mixin.py:188} WARNING - bf565da5dadfcac1c4c8e5213b960d9.nc:  42%|####2     | 1.00M/2.37M [00:02<00:02, 479kB/s]
[2026-06-17T21:00:51.368+0000] {logging_mixin.py:188} WARNING - bf565da5dadfcac1c4c8e5213b960d9.nc:  84%|########4 | 2.00M/2.37M [00:02<00:00, 1.04MB/s]
[2026-06-17T21:00:51.387+0000] {logging_mixin.py:188} WARNING -                                                                                         
[2026-06-17T21:00:51.656+0000] {logging_mixin.py:188} WARNING - 2026-06-17 21:00:51 [INFO] CDS timestep available: 22
[2026-06-17T21:00:51.656+0000] {era5_functions.py:128} INFO - CDS timestep available: 22
[2026-06-17T21:00:51.749+0000] {logging_mixin.py:188} WARNING - 2026-06-17 21:00:51 [INFO] local timestep: 21 — /opt/***/era5/ecmwf/data/nc/_raw/2026/06/12/instant_20260612.nc
[2026-06-17T21:00:51.749+0000] {era5_functions.py:152} INFO - local timestep: 21 — /opt/***/era5/ecmwf/data/nc/_raw/2026/06/12/instant_20260612.nc
[2026-06-17T21:00:51.757+0000] {logging_mixin.py:188} WARNING - 2026-06-17 21:00:51 [INFO] nc outdated (local=21 < cds=22), removing: /opt/***/era5/ecmwf/data/nc/_raw/2026/06/12/instant_20260612.nc
[2026-06-17T21:00:51.757+0000] {era5_functions.py:193} INFO - nc outdated (local=21 < cds=22), removing: /opt/***/era5/ecmwf/data/nc/_raw/2026/06/12/instant_20260612.nc
[2026-06-17T21:00:51.778+0000] {logging_mixin.py:188} WARNING - 2026-06-17 21:00:51 [INFO] download attempt 1/3: /opt/***/era5/ecmwf/data/nc/_raw/2026/06/12/instant_20260612.nc
[2026-06-17T21:00:51.778+0000] {era5_functions.py:200} INFO - download attempt 1/3: /opt/***/era5/ecmwf/data/nc/_raw/2026/06/12/instant_20260612.nc
[2026-06-17T21:00:52.853+0000] {logging_mixin.py:188} WARNING - 2026-06-17 21:00:52,853 INFO [2025-12-11T00:00:00] Please note that a dedicated catalogue entry for this dataset, post-processed and stored in Analysis Ready Cloud Optimized (ARCO) format (Zarr), is available for optimised time-series retrievals (i.e. for retrieving data from selected variables for a single point over an extended period of time in an efficient way). You can discover it [here](https://cds.climate.copernicus.eu/datasets/reanalysis-era5-single-levels-timeseries?tab=overview)
[2026-06-17T21:00:52.853+0000] {legacy_client.py:192} INFO - [2025-12-11T00:00:00] Please note that a dedicated catalogue entry for this dataset, post-processed and stored in Analysis Ready Cloud Optimized (ARCO) format (Zarr), is available for optimised time-series retrievals (i.e. for retrieving data from selected variables for a single point over an extended period of time in an efficient way). You can discover it [here](https://cds.climate.copernicus.eu/datasets/reanalysis-era5-single-levels-timeseries?tab=overview)
[2026-06-17T21:00:52.858+0000] {logging_mixin.py:188} WARNING - 2026-06-17 21:00:52,858 INFO Request ID is 40ed8a77-052a-4f89-a7ed-355e8103e694
[2026-06-17T21:00:52.858+0000] {legacy_client.py:192} INFO - Request ID is 40ed8a77-052a-4f89-a7ed-355e8103e694
[2026-06-17T21:00:53.077+0000] {logging_mixin.py:188} WARNING - 2026-06-17 21:00:53,076 INFO status has been updated to accepted
[2026-06-17T21:00:53.076+0000] {legacy_client.py:192} INFO - status has been updated to accepted
[2026-06-17T21:01:15.482+0000] {logging_mixin.py:188} WARNING - 2026-06-17 21:01:15,482 INFO status has been updated to running
[2026-06-17T21:01:15.482+0000] {legacy_client.py:192} INFO - status has been updated to running
[2026-06-17T21:01:27.086+0000] {logging_mixin.py:188} WARNING - 2026-06-17 21:01:27,086 INFO status has been updated to successful
[2026-06-17T21:01:27.086+0000] {legacy_client.py:192} INFO - status has been updated to successful
[2026-06-17T21:01:27.533+0000] {base.py:119} INFO - Downloading https://object-store.os-api.cci2.ecmwf.int:443/cci2-prod-cache-1/2026-06-17/9cc5a770b15bf2ec8cc53450d99aa669.nc
[2026-06-17T21:01:28.207+0000] {logging_mixin.py:188} WARNING - 9cc5a770b15bf2ec8cc53450d99aa669.nc:   0%|          | 0.00/2.37M [00:00<?, ?B/s]
[2026-06-17T21:01:30.068+0000] {logging_mixin.py:188} WARNING - 9cc5a770b15bf2ec8cc53450d99aa669.nc:  42%|####2     | 1.00M/2.37M [00:01<00:02, 564kB/s]
[2026-06-17T21:01:32.735+0000] {logging_mixin.py:188} WARNING - 9cc5a770b15bf2ec8cc53450d99aa669.nc:  84%|########4 | 2.00M/2.37M [00:04<00:00, 449kB/s]
[2026-06-17T21:01:33.110+0000] {logging_mixin.py:188} WARNING - 9cc5a770b15bf2ec8cc53450d99aa669.nc: 100%|##########| 2.37M/2.37M [00:04<00:00, 518kB/s]
[2026-06-17T21:01:33.128+0000] {logging_mixin.py:188} WARNING -                                                                                         
[2026-06-17T21:01:33.320+0000] {logging_mixin.py:188} WARNING - 2026-06-17 21:01:33 [INFO] nc downloaded ok: /opt/***/era5/ecmwf/data/nc/_raw/2026/06/12/instant_20260612.nc
[2026-06-17T21:01:33.319+0000] {era5_functions.py:204} INFO - nc downloaded ok: /opt/***/era5/ecmwf/data/nc/_raw/2026/06/12/instant_20260612.nc
[2026-06-17T21:01:33.412+0000] {logging_mixin.py:188} WARNING - 2026-06-17 21:01:33 [INFO] local timestep: 22 — /opt/***/era5/ecmwf/data/nc/_raw/2026/06/12/instant_20260612.nc
[2026-06-17T21:01:33.412+0000] {era5_functions.py:152} INFO - local timestep: 22 — /opt/***/era5/ecmwf/data/nc/_raw/2026/06/12/instant_20260612.nc
[2026-06-17T21:01:33.527+0000] {logging_mixin.py:188} WARNING - 2026-06-17 21:01:33 [INFO] tif outdated (tif=21 < nc=22), removing: /opt/***/era5/ecmwf/data/tif/2026/06/12/t2m_20260612.tif
[2026-06-17T21:01:33.527+0000] {era5_functions.py:261} INFO - tif outdated (tif=21 < nc=22), removing: /opt/***/era5/ecmwf/data/tif/2026/06/12/t2m_20260612.tif
[2026-06-17T21:01:33.632+0000] {logging_mixin.py:188} WARNING - 2026-06-17 21:01:33 [INFO] tif ok (bands=22): /opt/***/era5/ecmwf/data/tif/2026/06/12/t2m_20260612.tif
[2026-06-17T21:01:33.632+0000] {era5_functions.py:304} INFO - tif ok (bands=22): /opt/***/era5/ecmwf/data/tif/2026/06/12/t2m_20260612.tif
[2026-06-17T21:01:33.649+0000] {logging_mixin.py:188} WARNING - 2026-06-17 21:01:33 [INFO] tif outdated (tif=21 < nc=22), removing: /opt/***/era5/ecmwf/data/tif/2026/06/12/d2m_20260612.tif
[2026-06-17T21:01:33.649+0000] {era5_functions.py:261} INFO - tif outdated (tif=21 < nc=22), removing: /opt/***/era5/ecmwf/data/tif/2026/06/12/d2m_20260612.tif
[2026-06-17T21:01:33.781+0000] {logging_mixin.py:188} WARNING - 2026-06-17 21:01:33 [INFO] tif ok (bands=22): /opt/***/era5/ecmwf/data/tif/2026/06/12/d2m_20260612.tif
[2026-06-17T21:01:33.781+0000] {era5_functions.py:304} INFO - tif ok (bands=22): /opt/***/era5/ecmwf/data/tif/2026/06/12/d2m_20260612.tif
[2026-06-17T21:01:33.801+0000] {logging_mixin.py:188} WARNING - 2026-06-17 21:01:33 [INFO] tif outdated (tif=21 < nc=22), removing: /opt/***/era5/ecmwf/data/tif/2026/06/12/sp_20260612.tif
[2026-06-17T21:01:33.801+0000] {era5_functions.py:261} INFO - tif outdated (tif=21 < nc=22), removing: /opt/***/era5/ecmwf/data/tif/2026/06/12/sp_20260612.tif
[2026-06-17T21:01:33.917+0000] {logging_mixin.py:188} WARNING - 2026-06-17 21:01:33 [INFO] tif ok (bands=22): /opt/***/era5/ecmwf/data/tif/2026/06/12/sp_20260612.tif
[2026-06-17T21:01:33.917+0000] {era5_functions.py:304} INFO - tif ok (bands=22): /opt/***/era5/ecmwf/data/tif/2026/06/12/sp_20260612.tif
[2026-06-17T21:01:33.937+0000] {logging_mixin.py:188} WARNING - 2026-06-17 21:01:33 [INFO] tif outdated (tif=21 < nc=22), removing: /opt/***/era5/ecmwf/data/tif/2026/06/12/blh_20260612.tif
[2026-06-17T21:01:33.937+0000] {era5_functions.py:261} INFO - tif outdated (tif=21 < nc=22), removing: /opt/***/era5/ecmwf/data/tif/2026/06/12/blh_20260612.tif
[2026-06-17T21:01:34.061+0000] {logging_mixin.py:188} WARNING - 2026-06-17 21:01:34 [INFO] tif ok (bands=22): /opt/***/era5/ecmwf/data/tif/2026/06/12/blh_20260612.tif
[2026-06-17T21:01:34.061+0000] {era5_functions.py:304} INFO - tif ok (bands=22): /opt/***/era5/ecmwf/data/tif/2026/06/12/blh_20260612.tif
[2026-06-17T21:01:34.082+0000] {logging_mixin.py:188} WARNING - 2026-06-17 21:01:34 [INFO] tif outdated (tif=21 < nc=22), removing: /opt/***/era5/ecmwf/data/tif/2026/06/12/u10_20260612.tif
[2026-06-17T21:01:34.081+0000] {era5_functions.py:261} INFO - tif outdated (tif=21 < nc=22), removing: /opt/***/era5/ecmwf/data/tif/2026/06/12/u10_20260612.tif
[2026-06-17T21:01:34.194+0000] {logging_mixin.py:188} WARNING - 2026-06-17 21:01:34 [INFO] tif ok (bands=22): /opt/***/era5/ecmwf/data/tif/2026/06/12/u10_20260612.tif
[2026-06-17T21:01:34.194+0000] {era5_functions.py:304} INFO - tif ok (bands=22): /opt/***/era5/ecmwf/data/tif/2026/06/12/u10_20260612.tif
[2026-06-17T21:01:34.211+0000] {logging_mixin.py:188} WARNING - 2026-06-17 21:01:34 [INFO] tif outdated (tif=21 < nc=22), removing: /opt/***/era5/ecmwf/data/tif/2026/06/12/v10_20260612.tif
[2026-06-17T21:01:34.210+0000] {era5_functions.py:261} INFO - tif outdated (tif=21 < nc=22), removing: /opt/***/era5/ecmwf/data/tif/2026/06/12/v10_20260612.tif
[2026-06-17T21:01:34.321+0000] {logging_mixin.py:188} WARNING - 2026-06-17 21:01:34 [INFO] tif ok (bands=22): /opt/***/era5/ecmwf/data/tif/2026/06/12/v10_20260612.tif
[2026-06-17T21:01:34.321+0000] {era5_functions.py:304} INFO - tif ok (bands=22): /opt/***/era5/ecmwf/data/tif/2026/06/12/v10_20260612.tif
[2026-06-17T21:01:34.327+0000] {logging_mixin.py:188} WARNING - 2026-06-17 21:01:34 [INFO] === END job=instant date=2026-06-17 ===
[2026-06-17T21:01:34.327+0000] {era5_functions.py:379} INFO - === END job=instant date=2026-06-17 ===
[2026-06-17T21:01:34.329+0000] {python.py:237} INFO - Done. Returned value was: None
[2026-06-17T21:01:34.330+0000] {taskinstance.py:441} INFO - ::group::Post task execution logs
[2026-06-17T21:01:34.344+0000] {taskinstance.py:1206} INFO - Marking task as SUCCESS. dag_id=era5_download_pipeline, task_id=era5_instant, run_id=scheduled__2026-06-17T20:00:00+00:00, execution_date=20260617T200000, start_date=20260617T210001, end_date=20260617T210134
[2026-06-17T21:01:34.419+0000] {local_task_job_runner.py:240} INFO - Task exited with return code 0
[2026-06-17T21:01:34.452+0000] {taskinstance.py:3498} INFO - 1 downstream tasks scheduled from follow-on schedule check
[2026-06-17T21:01:34.457+0000] {local_task_job_runner.py:222} INFO - ::endgroup::
