[2026-06-12T14:00:02.343+0000] {local_task_job_runner.py:120} INFO - ::group::Pre task execution logs
[2026-06-12T14:00:02.372+0000] {taskinstance.py:2076} INFO - Dependencies all met for dep_context=non-requeueable deps ti=<TaskInstance: era5_download_pipeline.era5_instant scheduled__2026-06-12T13:00:00+00:00 [queued]>
[2026-06-12T14:00:02.384+0000] {taskinstance.py:2076} INFO - Dependencies all met for dep_context=requeueable deps ti=<TaskInstance: era5_download_pipeline.era5_instant scheduled__2026-06-12T13:00:00+00:00 [queued]>
[2026-06-12T14:00:02.385+0000] {taskinstance.py:2306} INFO - Starting attempt 1 of 1
[2026-06-12T14:00:02.401+0000] {taskinstance.py:2330} INFO - Executing <Task(PythonOperator): era5_instant> on 2026-06-12 13:00:00+00:00
[2026-06-12T14:00:02.415+0000] {warnings.py:110} WARNING - /home/***/.local/lib/python3.12/site-packages/***/task/task_runner/standard_task_runner.py:61: DeprecationWarning: This process (pid=23601) is multi-threaded, use of fork() may lead to deadlocks in the child.
  pid = os.fork()

[2026-06-12T14:00:02.418+0000] {standard_task_runner.py:63} INFO - Started process 23606 to run task
[2026-06-12T14:00:02.418+0000] {standard_task_runner.py:90} INFO - Running: ['***', 'tasks', 'run', 'era5_download_pipeline', 'era5_instant', 'scheduled__2026-06-12T13:00:00+00:00', '--job-id', '1413', '--raw', '--subdir', 'DAGS_FOLDER/era5_dag.py', '--cfg-path', '/tmp/tmplnw8v8kv']
[2026-06-12T14:00:02.423+0000] {standard_task_runner.py:91} INFO - Job 1413: Subtask era5_instant
[2026-06-12T14:00:02.500+0000] {task_command.py:426} INFO - Running <TaskInstance: era5_download_pipeline.era5_instant scheduled__2026-06-12T13:00:00+00:00 [running]> on host 01cd476fb21a
[2026-06-12T14:00:02.641+0000] {taskinstance.py:2648} INFO - Exporting env vars: AIRFLOW_CTX_DAG_OWNER='era5' AIRFLOW_CTX_DAG_ID='era5_download_pipeline' AIRFLOW_CTX_TASK_ID='era5_instant' AIRFLOW_CTX_EXECUTION_DATE='2026-06-12T13:00:00+00:00' AIRFLOW_CTX_TRY_NUMBER='1' AIRFLOW_CTX_DAG_RUN_ID='scheduled__2026-06-12T13:00:00+00:00'
[2026-06-12T14:00:02.643+0000] {taskinstance.py:430} INFO - ::endgroup::
[2026-06-12T14:00:03.807+0000] {logging_mixin.py:188} WARNING - 2026-06-12 14:00:03,807 INFO [2026-06-11T00:00:00Z] Upcoming essential maintenance sessions on Data Stores underlying infrastructure on 15 June. Service disruption expected. For further details, please [visit our forum announcement](https://forum.ecmwf.int/t/upcoming-essential-maintenance-sessions-on-data-stores-underlying-infrastructure-part-2/150414).
[2026-06-12T14:00:03.807+0000] {legacy_client.py:192} INFO - [2026-06-11T00:00:00Z] Upcoming essential maintenance sessions on Data Stores underlying infrastructure on 15 June. Service disruption expected. For further details, please [visit our forum announcement](https://forum.ecmwf.int/t/upcoming-essential-maintenance-sessions-on-data-stores-underlying-infrastructure-part-2/150414).
[2026-06-12T14:00:03.823+0000] {logging_mixin.py:188} WARNING - 2026-06-12 14:00:03 [INFO] === START job=instant date=2026-06-12 ===
[2026-06-12T14:00:03.823+0000] {era5_functions.py:368} INFO - === START job=instant date=2026-06-12 ===
[2026-06-12T14:00:03.827+0000] {logging_mixin.py:188} WARNING - 2026-06-12 14:00:03 [INFO] --- job=instant date=20260612 ---
[2026-06-12T14:00:03.826+0000] {era5_functions.py:330} INFO - --- job=instant date=20260612 ---
[2026-06-12T14:00:05.089+0000] {logging_mixin.py:188} WARNING - 2026-06-12 14:00:05 [WARNING] get_cds_count failed: 400 Client Error: Bad Request for url: https://cds.climate.copernicus.eu/api/retrieve/v1/processes/reanalysis-era5-single-levels/execution
invalid request
None of the data you have requested is available yet, please revise the period requested. The latest date available for this dataset is: 2026-06-07 14:00
[2026-06-12T14:00:05.088+0000] {era5_functions.py:131} WARNING - get_cds_count failed: 400 Client Error: Bad Request for url: https://cds.climate.copernicus.eu/api/retrieve/v1/processes/reanalysis-era5-single-levels/execution
invalid request
None of the data you have requested is available yet, please revise the period requested. The latest date available for this dataset is: 2026-06-07 14:00
[2026-06-12T14:00:05.093+0000] {logging_mixin.py:188} WARNING - 2026-06-12 14:00:05 [WARNING] CDS ยังไม่มีข้อมูล job=instant date=20260612, skip
[2026-06-12T14:00:05.093+0000] {era5_functions.py:335} WARNING - CDS ยังไม่มีข้อมูล job=instant date=20260612, skip
[2026-06-12T14:00:05.097+0000] {logging_mixin.py:188} WARNING - 2026-06-12 14:00:05 [INFO] --- job=instant date=20260611 ---
[2026-06-12T14:00:05.097+0000] {era5_functions.py:330} INFO - --- job=instant date=20260611 ---
[2026-06-12T14:00:05.828+0000] {logging_mixin.py:188} WARNING - 2026-06-12 14:00:05 [WARNING] get_cds_count failed: 400 Client Error: Bad Request for url: https://cds.climate.copernicus.eu/api/retrieve/v1/processes/reanalysis-era5-single-levels/execution
invalid request
None of the data you have requested is available yet, please revise the period requested. The latest date available for this dataset is: 2026-06-07 14:00
[2026-06-12T14:00:05.828+0000] {era5_functions.py:131} WARNING - get_cds_count failed: 400 Client Error: Bad Request for url: https://cds.climate.copernicus.eu/api/retrieve/v1/processes/reanalysis-era5-single-levels/execution
invalid request
None of the data you have requested is available yet, please revise the period requested. The latest date available for this dataset is: 2026-06-07 14:00
[2026-06-12T14:00:05.831+0000] {logging_mixin.py:188} WARNING - 2026-06-12 14:00:05 [WARNING] CDS ยังไม่มีข้อมูล job=instant date=20260611, skip
[2026-06-12T14:00:05.831+0000] {era5_functions.py:335} WARNING - CDS ยังไม่มีข้อมูล job=instant date=20260611, skip
[2026-06-12T14:00:05.833+0000] {logging_mixin.py:188} WARNING - 2026-06-12 14:00:05 [INFO] --- job=instant date=20260610 ---
[2026-06-12T14:00:05.833+0000] {era5_functions.py:330} INFO - --- job=instant date=20260610 ---
[2026-06-12T14:00:06.643+0000] {logging_mixin.py:188} WARNING - 2026-06-12 14:00:06 [WARNING] get_cds_count failed: 400 Client Error: Bad Request for url: https://cds.climate.copernicus.eu/api/retrieve/v1/processes/reanalysis-era5-single-levels/execution
invalid request
None of the data you have requested is available yet, please revise the period requested. The latest date available for this dataset is: 2026-06-07 14:00
[2026-06-12T14:00:06.643+0000] {era5_functions.py:131} WARNING - get_cds_count failed: 400 Client Error: Bad Request for url: https://cds.climate.copernicus.eu/api/retrieve/v1/processes/reanalysis-era5-single-levels/execution
invalid request
None of the data you have requested is available yet, please revise the period requested. The latest date available for this dataset is: 2026-06-07 14:00
[2026-06-12T14:00:06.649+0000] {logging_mixin.py:188} WARNING - 2026-06-12 14:00:06 [WARNING] CDS ยังไม่มีข้อมูล job=instant date=20260610, skip
[2026-06-12T14:00:06.649+0000] {era5_functions.py:335} WARNING - CDS ยังไม่มีข้อมูล job=instant date=20260610, skip
[2026-06-12T14:00:06.653+0000] {logging_mixin.py:188} WARNING - 2026-06-12 14:00:06 [INFO] --- job=instant date=20260609 ---
[2026-06-12T14:00:06.653+0000] {era5_functions.py:330} INFO - --- job=instant date=20260609 ---
[2026-06-12T14:00:07.262+0000] {logging_mixin.py:188} WARNING - 2026-06-12 14:00:07 [WARNING] get_cds_count failed: 400 Client Error: Bad Request for url: https://cds.climate.copernicus.eu/api/retrieve/v1/processes/reanalysis-era5-single-levels/execution
invalid request
None of the data you have requested is available yet, please revise the period requested. The latest date available for this dataset is: 2026-06-07 14:00
[2026-06-12T14:00:07.262+0000] {era5_functions.py:131} WARNING - get_cds_count failed: 400 Client Error: Bad Request for url: https://cds.climate.copernicus.eu/api/retrieve/v1/processes/reanalysis-era5-single-levels/execution
invalid request
None of the data you have requested is available yet, please revise the period requested. The latest date available for this dataset is: 2026-06-07 14:00
[2026-06-12T14:00:07.267+0000] {logging_mixin.py:188} WARNING - 2026-06-12 14:00:07 [WARNING] CDS ยังไม่มีข้อมูล job=instant date=20260609, skip
[2026-06-12T14:00:07.267+0000] {era5_functions.py:335} WARNING - CDS ยังไม่มีข้อมูล job=instant date=20260609, skip
[2026-06-12T14:00:07.271+0000] {logging_mixin.py:188} WARNING - 2026-06-12 14:00:07 [INFO] --- job=instant date=20260608 ---
[2026-06-12T14:00:07.270+0000] {era5_functions.py:330} INFO - --- job=instant date=20260608 ---
[2026-06-12T14:00:07.858+0000] {logging_mixin.py:188} WARNING - 2026-06-12 14:00:07 [WARNING] get_cds_count failed: 400 Client Error: Bad Request for url: https://cds.climate.copernicus.eu/api/retrieve/v1/processes/reanalysis-era5-single-levels/execution
invalid request
None of the data you have requested is available yet, please revise the period requested. The latest date available for this dataset is: 2026-06-07 14:00
[2026-06-12T14:00:07.857+0000] {era5_functions.py:131} WARNING - get_cds_count failed: 400 Client Error: Bad Request for url: https://cds.climate.copernicus.eu/api/retrieve/v1/processes/reanalysis-era5-single-levels/execution
invalid request
None of the data you have requested is available yet, please revise the period requested. The latest date available for this dataset is: 2026-06-07 14:00
[2026-06-12T14:00:07.863+0000] {logging_mixin.py:188} WARNING - 2026-06-12 14:00:07 [WARNING] CDS ยังไม่มีข้อมูล job=instant date=20260608, skip
[2026-06-12T14:00:07.863+0000] {era5_functions.py:335} WARNING - CDS ยังไม่มีข้อมูล job=instant date=20260608, skip
[2026-06-12T14:00:07.867+0000] {logging_mixin.py:188} WARNING - 2026-06-12 14:00:07 [INFO] --- job=instant date=20260607 ---
[2026-06-12T14:00:07.867+0000] {era5_functions.py:330} INFO - --- job=instant date=20260607 ---
[2026-06-12T14:00:08.522+0000] {logging_mixin.py:188} WARNING - 2026-06-12 14:00:08,521 INFO [2025-12-11T00:00:00] Please note that a dedicated catalogue entry for this dataset, post-processed and stored in Analysis Ready Cloud Optimized (ARCO) format (Zarr), is available for optimised time-series retrievals (i.e. for retrieving data from selected variables for a single point over an extended period of time in an efficient way). You can discover it [here](https://cds.climate.copernicus.eu/datasets/reanalysis-era5-single-levels-timeseries?tab=overview)
[2026-06-12T14:00:08.521+0000] {legacy_client.py:192} INFO - [2025-12-11T00:00:00] Please note that a dedicated catalogue entry for this dataset, post-processed and stored in Analysis Ready Cloud Optimized (ARCO) format (Zarr), is available for optimised time-series retrievals (i.e. for retrieving data from selected variables for a single point over an extended period of time in an efficient way). You can discover it [here](https://cds.climate.copernicus.eu/datasets/reanalysis-era5-single-levels-timeseries?tab=overview)
[2026-06-12T14:00:08.525+0000] {logging_mixin.py:188} WARNING - 2026-06-12 14:00:08,524 INFO Request ID is fd9d4dad-7c34-4b18-a563-efa33ec210f9
[2026-06-12T14:00:08.524+0000] {legacy_client.py:192} INFO - Request ID is fd9d4dad-7c34-4b18-a563-efa33ec210f9
[2026-06-12T14:00:08.732+0000] {logging_mixin.py:188} WARNING - 2026-06-12 14:00:08,731 INFO status has been updated to accepted
[2026-06-12T14:00:08.731+0000] {legacy_client.py:192} INFO - status has been updated to accepted
[2026-06-12T14:00:43.453+0000] {logging_mixin.py:188} WARNING - 2026-06-12 14:00:43,453 INFO status has been updated to running
[2026-06-12T14:00:43.453+0000] {legacy_client.py:192} INFO - status has been updated to running
[2026-06-12T14:01:00.770+0000] {logging_mixin.py:188} WARNING - 2026-06-12 14:01:00,769 INFO status has been updated to successful
[2026-06-12T14:01:00.769+0000] {legacy_client.py:192} INFO - status has been updated to successful
[2026-06-12T14:01:01.269+0000] {base.py:119} INFO - Downloading https://object-store.os-api.cci2.ecmwf.int:443/cci2-prod-cache-3/2026-06-12/77054046a18ba2a3f03c20e13a4cc93c.nc
[2026-06-12T14:01:01.992+0000] {logging_mixin.py:188} WARNING - 77054046a18ba2a3f03c20e13a4cc93c.nc:   0%|          | 0.00/1.64M [00:00<?, ?B/s]
[2026-06-12T14:01:03.820+0000] {logging_mixin.py:188} WARNING - 77054046a18ba2a3f03c20e13a4cc93c.nc:  61%|######1   | 1.00M/1.64M [00:01<00:01, 574kB/s]
[2026-06-12T14:01:04.071+0000] {logging_mixin.py:188} WARNING - 77054046a18ba2a3f03c20e13a4cc93c.nc: 100%|##########| 1.64M/1.64M [00:02<00:00, 916kB/s]
[2026-06-12T14:01:04.075+0000] {logging_mixin.py:188} WARNING -                                                                                         
[2026-06-12T14:01:04.362+0000] {logging_mixin.py:188} WARNING - 2026-06-12 14:01:04 [INFO] CDS timestep available: 15
[2026-06-12T14:01:04.362+0000] {era5_functions.py:128} INFO - CDS timestep available: 15
[2026-06-12T14:01:04.448+0000] {logging_mixin.py:188} WARNING - 2026-06-12 14:01:04 [INFO] local timestep: 14 — /opt/***/era5/ecmwf/data/nc/_raw/2026/06/07/instant_20260607.nc
[2026-06-12T14:01:04.447+0000] {era5_functions.py:152} INFO - local timestep: 14 — /opt/***/era5/ecmwf/data/nc/_raw/2026/06/07/instant_20260607.nc
[2026-06-12T14:01:04.455+0000] {logging_mixin.py:188} WARNING - 2026-06-12 14:01:04 [INFO] nc outdated (local=14 < cds=15), removing: /opt/***/era5/ecmwf/data/nc/_raw/2026/06/07/instant_20260607.nc
[2026-06-12T14:01:04.454+0000] {era5_functions.py:193} INFO - nc outdated (local=14 < cds=15), removing: /opt/***/era5/ecmwf/data/nc/_raw/2026/06/07/instant_20260607.nc
[2026-06-12T14:01:04.475+0000] {logging_mixin.py:188} WARNING - 2026-06-12 14:01:04 [INFO] download attempt 1/3: /opt/***/era5/ecmwf/data/nc/_raw/2026/06/07/instant_20260607.nc
[2026-06-12T14:01:04.475+0000] {era5_functions.py:200} INFO - download attempt 1/3: /opt/***/era5/ecmwf/data/nc/_raw/2026/06/07/instant_20260607.nc
[2026-06-12T14:01:07.301+0000] {logging_mixin.py:188} WARNING - 2026-06-12 14:01:07,300 INFO [2025-12-11T00:00:00] Please note that a dedicated catalogue entry for this dataset, post-processed and stored in Analysis Ready Cloud Optimized (ARCO) format (Zarr), is available for optimised time-series retrievals (i.e. for retrieving data from selected variables for a single point over an extended period of time in an efficient way). You can discover it [here](https://cds.climate.copernicus.eu/datasets/reanalysis-era5-single-levels-timeseries?tab=overview)
[2026-06-12T14:01:07.300+0000] {legacy_client.py:192} INFO - [2025-12-11T00:00:00] Please note that a dedicated catalogue entry for this dataset, post-processed and stored in Analysis Ready Cloud Optimized (ARCO) format (Zarr), is available for optimised time-series retrievals (i.e. for retrieving data from selected variables for a single point over an extended period of time in an efficient way). You can discover it [here](https://cds.climate.copernicus.eu/datasets/reanalysis-era5-single-levels-timeseries?tab=overview)
[2026-06-12T14:01:07.306+0000] {logging_mixin.py:188} WARNING - 2026-06-12 14:01:07,305 INFO Request ID is 4ff3490e-fd08-42d1-bd2b-fef83b67ad75
[2026-06-12T14:01:07.305+0000] {legacy_client.py:192} INFO - Request ID is 4ff3490e-fd08-42d1-bd2b-fef83b67ad75
[2026-06-12T14:01:09.514+0000] {logging_mixin.py:188} WARNING - 2026-06-12 14:01:09,513 INFO status has been updated to accepted
[2026-06-12T14:01:09.513+0000] {legacy_client.py:192} INFO - status has been updated to accepted
[2026-06-12T14:02:00.485+0000] {logging_mixin.py:188} WARNING - 2026-06-12 14:02:00,484 INFO status has been updated to successful
[2026-06-12T14:02:00.484+0000] {legacy_client.py:192} INFO - status has been updated to successful
[2026-06-12T14:02:00.900+0000] {base.py:119} INFO - Downloading https://object-store.os-api.cci2.ecmwf.int:443/cci2-prod-cache-1/2026-06-12/7e9568f685315737b1e628d08f6ea77b.nc
[2026-06-12T14:02:01.667+0000] {logging_mixin.py:188} WARNING - 7e9568f685315737b1e628d08f6ea77b.nc:   0%|          | 0.00/1.64M [00:00<?, ?B/s]
[2026-06-12T14:02:03.768+0000] {logging_mixin.py:188} WARNING - 7e9568f685315737b1e628d08f6ea77b.nc:  61%|######1   | 1.00M/1.64M [00:02<00:01, 500kB/s]
[2026-06-12T14:02:04.194+0000] {logging_mixin.py:188} WARNING - 7e9568f685315737b1e628d08f6ea77b.nc: 100%|##########| 1.64M/1.64M [00:02<00:00, 739kB/s]
[2026-06-12T14:02:04.211+0000] {logging_mixin.py:188} WARNING -                                                                                         
[2026-06-12T14:02:04.362+0000] {logging_mixin.py:188} WARNING - 2026-06-12 14:02:04 [INFO] nc downloaded ok: /opt/***/era5/ecmwf/data/nc/_raw/2026/06/07/instant_20260607.nc
[2026-06-12T14:02:04.362+0000] {era5_functions.py:204} INFO - nc downloaded ok: /opt/***/era5/ecmwf/data/nc/_raw/2026/06/07/instant_20260607.nc
[2026-06-12T14:02:04.440+0000] {logging_mixin.py:188} WARNING - 2026-06-12 14:02:04 [INFO] local timestep: 15 — /opt/***/era5/ecmwf/data/nc/_raw/2026/06/07/instant_20260607.nc
[2026-06-12T14:02:04.440+0000] {era5_functions.py:152} INFO - local timestep: 15 — /opt/***/era5/ecmwf/data/nc/_raw/2026/06/07/instant_20260607.nc
[2026-06-12T14:02:04.564+0000] {logging_mixin.py:188} WARNING - 2026-06-12 14:02:04 [INFO] tif outdated (tif=14 < nc=15), removing: /opt/***/era5/ecmwf/data/tif/2026/06/07/t2m_20260607.tif
[2026-06-12T14:02:04.564+0000] {era5_functions.py:261} INFO - tif outdated (tif=14 < nc=15), removing: /opt/***/era5/ecmwf/data/tif/2026/06/07/t2m_20260607.tif
[2026-06-12T14:02:04.662+0000] {logging_mixin.py:188} WARNING - 2026-06-12 14:02:04 [INFO] tif ok (bands=15): /opt/***/era5/ecmwf/data/tif/2026/06/07/t2m_20260607.tif
[2026-06-12T14:02:04.662+0000] {era5_functions.py:304} INFO - tif ok (bands=15): /opt/***/era5/ecmwf/data/tif/2026/06/07/t2m_20260607.tif
[2026-06-12T14:02:04.683+0000] {logging_mixin.py:188} WARNING - 2026-06-12 14:02:04 [INFO] tif outdated (tif=14 < nc=15), removing: /opt/***/era5/ecmwf/data/tif/2026/06/07/d2m_20260607.tif
[2026-06-12T14:02:04.683+0000] {era5_functions.py:261} INFO - tif outdated (tif=14 < nc=15), removing: /opt/***/era5/ecmwf/data/tif/2026/06/07/d2m_20260607.tif
[2026-06-12T14:02:04.788+0000] {logging_mixin.py:188} WARNING - 2026-06-12 14:02:04 [INFO] tif ok (bands=15): /opt/***/era5/ecmwf/data/tif/2026/06/07/d2m_20260607.tif
[2026-06-12T14:02:04.788+0000] {era5_functions.py:304} INFO - tif ok (bands=15): /opt/***/era5/ecmwf/data/tif/2026/06/07/d2m_20260607.tif
[2026-06-12T14:02:04.816+0000] {logging_mixin.py:188} WARNING - 2026-06-12 14:02:04 [INFO] tif outdated (tif=14 < nc=15), removing: /opt/***/era5/ecmwf/data/tif/2026/06/07/sp_20260607.tif
[2026-06-12T14:02:04.816+0000] {era5_functions.py:261} INFO - tif outdated (tif=14 < nc=15), removing: /opt/***/era5/ecmwf/data/tif/2026/06/07/sp_20260607.tif
[2026-06-12T14:02:04.918+0000] {logging_mixin.py:188} WARNING - 2026-06-12 14:02:04 [INFO] tif ok (bands=15): /opt/***/era5/ecmwf/data/tif/2026/06/07/sp_20260607.tif
[2026-06-12T14:02:04.918+0000] {era5_functions.py:304} INFO - tif ok (bands=15): /opt/***/era5/ecmwf/data/tif/2026/06/07/sp_20260607.tif
[2026-06-12T14:02:04.936+0000] {logging_mixin.py:188} WARNING - 2026-06-12 14:02:04 [INFO] tif outdated (tif=14 < nc=15), removing: /opt/***/era5/ecmwf/data/tif/2026/06/07/blh_20260607.tif
[2026-06-12T14:02:04.936+0000] {era5_functions.py:261} INFO - tif outdated (tif=14 < nc=15), removing: /opt/***/era5/ecmwf/data/tif/2026/06/07/blh_20260607.tif
[2026-06-12T14:02:05.037+0000] {logging_mixin.py:188} WARNING - 2026-06-12 14:02:05 [INFO] tif ok (bands=15): /opt/***/era5/ecmwf/data/tif/2026/06/07/blh_20260607.tif
[2026-06-12T14:02:05.037+0000] {era5_functions.py:304} INFO - tif ok (bands=15): /opt/***/era5/ecmwf/data/tif/2026/06/07/blh_20260607.tif
[2026-06-12T14:02:05.055+0000] {logging_mixin.py:188} WARNING - 2026-06-12 14:02:05 [INFO] tif outdated (tif=14 < nc=15), removing: /opt/***/era5/ecmwf/data/tif/2026/06/07/u10_20260607.tif
[2026-06-12T14:02:05.055+0000] {era5_functions.py:261} INFO - tif outdated (tif=14 < nc=15), removing: /opt/***/era5/ecmwf/data/tif/2026/06/07/u10_20260607.tif
[2026-06-12T14:02:05.158+0000] {logging_mixin.py:188} WARNING - 2026-06-12 14:02:05 [INFO] tif ok (bands=15): /opt/***/era5/ecmwf/data/tif/2026/06/07/u10_20260607.tif
[2026-06-12T14:02:05.158+0000] {era5_functions.py:304} INFO - tif ok (bands=15): /opt/***/era5/ecmwf/data/tif/2026/06/07/u10_20260607.tif
[2026-06-12T14:02:05.176+0000] {logging_mixin.py:188} WARNING - 2026-06-12 14:02:05 [INFO] tif outdated (tif=14 < nc=15), removing: /opt/***/era5/ecmwf/data/tif/2026/06/07/v10_20260607.tif
[2026-06-12T14:02:05.176+0000] {era5_functions.py:261} INFO - tif outdated (tif=14 < nc=15), removing: /opt/***/era5/ecmwf/data/tif/2026/06/07/v10_20260607.tif
[2026-06-12T14:02:05.271+0000] {logging_mixin.py:188} WARNING - 2026-06-12 14:02:05 [INFO] tif ok (bands=15): /opt/***/era5/ecmwf/data/tif/2026/06/07/v10_20260607.tif
[2026-06-12T14:02:05.271+0000] {era5_functions.py:304} INFO - tif ok (bands=15): /opt/***/era5/ecmwf/data/tif/2026/06/07/v10_20260607.tif
[2026-06-12T14:02:05.277+0000] {logging_mixin.py:188} WARNING - 2026-06-12 14:02:05 [INFO] === END job=instant date=2026-06-12 ===
[2026-06-12T14:02:05.277+0000] {era5_functions.py:379} INFO - === END job=instant date=2026-06-12 ===
[2026-06-12T14:02:05.280+0000] {python.py:237} INFO - Done. Returned value was: None
[2026-06-12T14:02:05.281+0000] {taskinstance.py:441} INFO - ::group::Post task execution logs
[2026-06-12T14:02:05.303+0000] {taskinstance.py:1206} INFO - Marking task as SUCCESS. dag_id=era5_download_pipeline, task_id=era5_instant, run_id=scheduled__2026-06-12T13:00:00+00:00, execution_date=20260612T130000, start_date=20260612T140002, end_date=20260612T140205
[2026-06-12T14:02:05.391+0000] {local_task_job_runner.py:240} INFO - Task exited with return code 0
[2026-06-12T14:02:05.421+0000] {taskinstance.py:3498} INFO - 1 downstream tasks scheduled from follow-on schedule check
[2026-06-12T14:02:05.424+0000] {local_task_job_runner.py:222} INFO - ::endgroup::
