2026-05-18 07:59:34 | INFO     | Log file: logs/era5/2026/05/13/era5_20260513.log
2026-05-18 07:59:34 | INFO     | =======================================================
2026-05-18 07:59:34 | INFO     | Log file: logs/era5/2026/05/13/era5_20260513.log
2026-05-18 07:59:34 | INFO     | ERA5 [ACCUM] START: 2026-05-13
2026-05-18 07:59:34 | INFO     | =======================================================
2026-05-18 07:59:34 | INFO     | ERA5 [INSTANT] START: 2026-05-13
2026-05-18 07:59:34 | INFO     | =======================================================
2026-05-18 07:59:34 | INFO     | =======================================================
2026-05-18 07:59:35 | INFO     | =======================================================
2026-05-18 07:59:35 | INFO     | JOB: INSTANT | 2026-05-13
2026-05-18 07:59:35 | INFO     | =======================================================
2026-05-18 07:59:35 | INFO     | Variables: ['t2m', 'd2m', 'sp', 'blh', 'u10', 'v10']
2026-05-18 07:59:35 | INFO     | JOB: ACCUM | 2026-05-13
2026-05-18 07:59:35 | INFO     | =======================================================
2026-05-18 07:59:35 | INFO     | Variables: ['tp']
2026-05-18 07:59:35 | INFO     | =======================================================
2026-05-18 07:59:35 | WARNING  | [VALIDATE NC] accum_20260513.nc → FAIL (timesteps ไม่ครบ: 8/24) → ไฟล์เสีย จะโหลดใหม่
2026-05-18 07:59:35 | INFO     | [NC] ไม่พบหรือไฟล์เสีย → เริ่ม download...
2026-05-18 07:59:35 | INFO     | [RETRY] Attempt 1/5 → accum_20260513.nc
2026-05-18 07:59:35 | DEBUG    | [DOWNLOAD] ลบไฟล์เก่า: accum_20260513.nc
2026-05-18 07:59:35 | INFO     | [DOWNLOAD] START → accum_20260513.nc
2026-05-18 07:59:35 | WARNING  | [VALIDATE NC] instant_20260513.nc → FAIL (timesteps ไม่ครบ: 8/24) → ไฟล์เสีย จะโหลดใหม่
2026-05-18 07:59:35 | INFO     | [NC] ไม่พบหรือไฟล์เสีย → เริ่ม download...
2026-05-18 07:59:35 | INFO     | [RETRY] Attempt 1/5 → instant_20260513.nc
2026-05-18 07:59:35 | DEBUG    | [DOWNLOAD] ลบไฟล์เก่า: instant_20260513.nc
2026-05-18 07:59:35 | INFO     | [DOWNLOAD] START → instant_20260513.nc
2026-05-18 08:00:13 | INFO     | [DOWNLOAD] COMPLETE → accum_20260513.nc (0.1 MB, ใช้เวลา 37.9s)
2026-05-18 08:00:13 | WARNING  | [VALIDATE NC] accum_20260513.nc → FAIL (timesteps ไม่ครบ: 8/24) → ไฟล์เสีย จะโหลดใหม่
2026-05-18 08:00:13 | WARNING  | [RETRY] Attempt 1/5 → FAILED: ไฟล์ที่โหลดมาไม่ผ่าน validate
2026-05-18 08:00:13 | INFO     | [RETRY] รอ 60s แล้วโหลดใหม่ (attempt 2/5)...
2026-05-18 08:00:32 | INFO     | [DOWNLOAD] COMPLETE → instant_20260513.nc (1.0 MB, ใช้เวลา 56.3s)
2026-05-18 08:00:32 | WARNING  | [VALIDATE NC] instant_20260513.nc → FAIL (timesteps ไม่ครบ: 9/24) → ไฟล์เสีย จะโหลดใหม่
2026-05-18 08:00:32 | WARNING  | [RETRY] Attempt 1/5 → FAILED: ไฟล์ที่โหลดมาไม่ผ่าน validate
2026-05-18 08:00:32 | INFO     | [RETRY] รอ 60s แล้วโหลดใหม่ (attempt 2/5)...
2026-05-18 08:01:13 | INFO     | [RETRY] Attempt 2/5 → accum_20260513.nc
2026-05-18 08:01:13 | DEBUG    | [DOWNLOAD] ลบไฟล์เก่า: accum_20260513.nc
2026-05-18 08:01:13 | INFO     | [DOWNLOAD] START → accum_20260513.nc
2026-05-18 08:01:32 | INFO     | [RETRY] Attempt 2/5 → instant_20260513.nc
2026-05-18 08:01:32 | DEBUG    | [DOWNLOAD] ลบไฟล์เก่า: instant_20260513.nc
2026-05-18 08:01:32 | INFO     | [DOWNLOAD] START → instant_20260513.nc
2026-05-18 08:01:42 | INFO     | [DOWNLOAD] COMPLETE → accum_20260513.nc (0.1 MB, ใช้เวลา 28.2s)
2026-05-18 08:01:42 | WARNING  | [VALIDATE NC] accum_20260513.nc → FAIL (timesteps ไม่ครบ: 9/24) → ไฟล์เสีย จะโหลดใหม่
2026-05-18 08:01:42 | WARNING  | [RETRY] Attempt 2/5 → FAILED: ไฟล์ที่โหลดมาไม่ผ่าน validate
2026-05-18 08:01:42 | INFO     | [RETRY] รอ 60s แล้วโหลดใหม่ (attempt 3/5)...
2026-05-18 08:02:12 | INFO     | [DOWNLOAD] COMPLETE → instant_20260513.nc (1.0 MB, ใช้เวลา 39.8s)
2026-05-18 08:02:12 | WARNING  | [VALIDATE NC] instant_20260513.nc → FAIL (timesteps ไม่ครบ: 9/24) → ไฟล์เสีย จะโหลดใหม่
2026-05-18 08:02:12 | WARNING  | [RETRY] Attempt 2/5 → FAILED: ไฟล์ที่โหลดมาไม่ผ่าน validate
2026-05-18 08:02:12 | INFO     | [RETRY] รอ 60s แล้วโหลดใหม่ (attempt 3/5)...
2026-05-18 08:02:42 | INFO     | [RETRY] Attempt 3/5 → accum_20260513.nc
2026-05-18 08:02:42 | DEBUG    | [DOWNLOAD] ลบไฟล์เก่า: accum_20260513.nc
2026-05-18 08:02:42 | INFO     | [DOWNLOAD] START → accum_20260513.nc
2026-05-18 08:03:10 | INFO     | [DOWNLOAD] COMPLETE → accum_20260513.nc (0.1 MB, ใช้เวลา 28.3s)
2026-05-18 08:03:10 | WARNING  | [VALIDATE NC] accum_20260513.nc → FAIL (timesteps ไม่ครบ: 9/24) → ไฟล์เสีย จะโหลดใหม่
2026-05-18 08:03:10 | WARNING  | [RETRY] Attempt 3/5 → FAILED: ไฟล์ที่โหลดมาไม่ผ่าน validate
2026-05-18 08:03:10 | INFO     | [RETRY] รอ 60s แล้วโหลดใหม่ (attempt 4/5)...
2026-05-18 08:03:12 | INFO     | [RETRY] Attempt 3/5 → instant_20260513.nc
2026-05-18 08:03:12 | DEBUG    | [DOWNLOAD] ลบไฟล์เก่า: instant_20260513.nc
2026-05-18 08:03:12 | INFO     | [DOWNLOAD] START → instant_20260513.nc
2026-05-18 08:03:54 | INFO     | [DOWNLOAD] COMPLETE → instant_20260513.nc (1.0 MB, ใช้เวลา 42.8s)
2026-05-18 08:03:54 | WARNING  | [VALIDATE NC] instant_20260513.nc → FAIL (timesteps ไม่ครบ: 9/24) → ไฟล์เสีย จะโหลดใหม่
2026-05-18 08:03:54 | WARNING  | [RETRY] Attempt 3/5 → FAILED: ไฟล์ที่โหลดมาไม่ผ่าน validate
2026-05-18 08:03:54 | INFO     | [RETRY] รอ 60s แล้วโหลดใหม่ (attempt 4/5)...
2026-05-18 08:04:10 | INFO     | [RETRY] Attempt 4/5 → accum_20260513.nc
2026-05-18 08:04:10 | DEBUG    | [DOWNLOAD] ลบไฟล์เก่า: accum_20260513.nc
2026-05-18 08:04:10 | INFO     | [DOWNLOAD] START → accum_20260513.nc
2026-05-18 08:04:49 | INFO     | [DOWNLOAD] COMPLETE → accum_20260513.nc (0.1 MB, ใช้เวลา 38.7s)
2026-05-18 08:04:49 | WARNING  | [VALIDATE NC] accum_20260513.nc → FAIL (timesteps ไม่ครบ: 9/24) → ไฟล์เสีย จะโหลดใหม่
2026-05-18 08:04:49 | WARNING  | [RETRY] Attempt 4/5 → FAILED: ไฟล์ที่โหลดมาไม่ผ่าน validate
2026-05-18 08:04:49 | INFO     | [RETRY] รอ 60s แล้วโหลดใหม่ (attempt 5/5)...
2026-05-18 08:04:54 | INFO     | [RETRY] Attempt 4/5 → instant_20260513.nc
2026-05-18 08:04:55 | DEBUG    | [DOWNLOAD] ลบไฟล์เก่า: instant_20260513.nc
2026-05-18 08:04:55 | INFO     | [DOWNLOAD] START → instant_20260513.nc
2026-05-18 08:05:24 | INFO     | [DOWNLOAD] COMPLETE → instant_20260513.nc (1.0 MB, ใช้เวลา 29.9s)
2026-05-18 08:05:24 | WARNING  | [VALIDATE NC] instant_20260513.nc → FAIL (timesteps ไม่ครบ: 9/24) → ไฟล์เสีย จะโหลดใหม่
2026-05-18 08:05:24 | WARNING  | [RETRY] Attempt 4/5 → FAILED: ไฟล์ที่โหลดมาไม่ผ่าน validate
2026-05-18 08:05:24 | INFO     | [RETRY] รอ 60s แล้วโหลดใหม่ (attempt 5/5)...
2026-05-18 08:05:49 | INFO     | [RETRY] Attempt 5/5 → accum_20260513.nc
2026-05-18 08:05:49 | DEBUG    | [DOWNLOAD] ลบไฟล์เก่า: accum_20260513.nc
2026-05-18 08:05:49 | INFO     | [DOWNLOAD] START → accum_20260513.nc
2026-05-18 08:06:24 | INFO     | [RETRY] Attempt 5/5 → instant_20260513.nc
2026-05-18 08:06:25 | DEBUG    | [DOWNLOAD] ลบไฟล์เก่า: instant_20260513.nc
2026-05-18 08:06:25 | INFO     | [DOWNLOAD] START → instant_20260513.nc
2026-05-18 08:06:29 | INFO     | [DOWNLOAD] COMPLETE → accum_20260513.nc (0.1 MB, ใช้เวลา 39.7s)
2026-05-18 08:06:29 | WARNING  | [VALIDATE NC] accum_20260513.nc → FAIL (timesteps ไม่ครบ: 9/24) → ไฟล์เสีย จะโหลดใหม่
2026-05-18 08:06:29 | WARNING  | [RETRY] Attempt 5/5 → FAILED: ไฟล์ที่โหลดมาไม่ผ่าน validate
2026-05-18 08:06:29 | ERROR    | [DOWNLOAD] ERROR → accum_20260513.nc โหลดไม่สำเร็จหลังจาก 5 ครั้ง: ไฟล์ที่โหลดมาไม่ผ่าน validate
2026-05-18 08:06:57 | INFO     | [DOWNLOAD] COMPLETE → instant_20260513.nc (1.0 MB, ใช้เวลา 32.0s)
2026-05-18 08:06:57 | WARNING  | [VALIDATE NC] instant_20260513.nc → FAIL (timesteps ไม่ครบ: 9/24) → ไฟล์เสีย จะโหลดใหม่
2026-05-18 08:06:57 | WARNING  | [RETRY] Attempt 5/5 → FAILED: ไฟล์ที่โหลดมาไม่ผ่าน validate
2026-05-18 08:06:57 | ERROR    | [DOWNLOAD] ERROR → instant_20260513.nc โหลดไม่สำเร็จหลังจาก 5 ครั้ง: ไฟล์ที่โหลดมาไม่ผ่าน validate
2026-05-18 08:12:27 | INFO     | Log file: logs/era5/2026/05/13/era5_20260513.log
2026-05-18 08:12:27 | INFO     | Log file: logs/era5/2026/05/13/era5_20260513.log
2026-05-18 08:12:27 | INFO     | =======================================================
2026-05-18 08:12:27 | INFO     | =======================================================
2026-05-18 08:12:27 | INFO     | ERA5 [ACCUM] START: 2026-05-13
2026-05-18 08:12:27 | INFO     | ERA5 [INSTANT] START: 2026-05-13
2026-05-18 08:12:27 | INFO     | =======================================================
2026-05-18 08:12:27 | INFO     | =======================================================
2026-05-18 08:12:28 | INFO     | =======================================================
2026-05-18 08:12:28 | INFO     | JOB: ACCUM | 2026-05-13
2026-05-18 08:12:28 | INFO     | Variables: ['tp']
2026-05-18 08:12:28 | INFO     | =======================================================
2026-05-18 08:12:28 | INFO     | =======================================================
2026-05-18 08:12:28 | INFO     | JOB: INSTANT | 2026-05-13
2026-05-18 08:12:28 | INFO     | Variables: ['t2m', 'd2m', 'sp', 'blh', 'u10', 'v10']
2026-05-18 08:12:28 | INFO     | =======================================================
2026-05-18 08:12:28 | WARNING  | [VALIDATE NC] accum_20260513.nc → FAIL (timesteps ไม่ครบ: 9/24) → ไฟล์เสีย จะโหลดใหม่
2026-05-18 08:12:28 | INFO     | [NC] ไม่พบหรือไฟล์เสีย → เริ่ม download...
2026-05-18 08:12:28 | INFO     | [RETRY] Attempt 1/5 → accum_20260513.nc
2026-05-18 08:12:28 | DEBUG    | [DOWNLOAD] ลบไฟล์เก่า: accum_20260513.nc
2026-05-18 08:12:28 | INFO     | [DOWNLOAD] START → accum_20260513.nc
2026-05-18 08:12:28 | WARNING  | [VALIDATE NC] instant_20260513.nc → FAIL (timesteps ไม่ครบ: 9/24) → ไฟล์เสีย จะโหลดใหม่
2026-05-18 08:12:28 | INFO     | [NC] ไม่พบหรือไฟล์เสีย → เริ่ม download...
2026-05-18 08:12:28 | INFO     | [RETRY] Attempt 1/5 → instant_20260513.nc
2026-05-18 08:12:28 | DEBUG    | [DOWNLOAD] ลบไฟล์เก่า: instant_20260513.nc
2026-05-18 08:12:28 | INFO     | [DOWNLOAD] START → instant_20260513.nc
2026-05-18 08:12:57 | INFO     | [DOWNLOAD] COMPLETE → instant_20260513.nc (1.0 MB, ใช้เวลา 28.4s)
2026-05-18 08:12:57 | WARNING  | [VALIDATE NC] instant_20260513.nc → FAIL (timesteps ไม่ครบ: 9/24) → ไฟล์เสีย จะโหลดใหม่
2026-05-18 08:12:57 | WARNING  | [RETRY] Attempt 1/5 → FAILED: ไฟล์ที่โหลดมาไม่ผ่าน validate
2026-05-18 08:12:57 | INFO     | [RETRY] รอ 60s แล้วโหลดใหม่ (attempt 2/5)...
2026-05-18 08:13:12 | INFO     | [DOWNLOAD] COMPLETE → accum_20260513.nc (0.1 MB, ใช้เวลา 43.8s)
2026-05-18 08:13:12 | WARNING  | [VALIDATE NC] accum_20260513.nc → FAIL (timesteps ไม่ครบ: 9/24) → ไฟล์เสีย จะโหลดใหม่
2026-05-18 08:13:12 | WARNING  | [RETRY] Attempt 1/5 → FAILED: ไฟล์ที่โหลดมาไม่ผ่าน validate
2026-05-18 08:13:12 | INFO     | [RETRY] รอ 60s แล้วโหลดใหม่ (attempt 2/5)...
2026-05-18 08:13:57 | INFO     | [RETRY] Attempt 2/5 → instant_20260513.nc
2026-05-18 08:13:57 | DEBUG    | [DOWNLOAD] ลบไฟล์เก่า: instant_20260513.nc
2026-05-18 08:13:57 | INFO     | [DOWNLOAD] START → instant_20260513.nc
2026-05-18 08:14:12 | INFO     | [RETRY] Attempt 2/5 → accum_20260513.nc
2026-05-18 08:14:12 | DEBUG    | [DOWNLOAD] ลบไฟล์เก่า: accum_20260513.nc
2026-05-18 08:14:12 | INFO     | [DOWNLOAD] START → accum_20260513.nc
2026-05-18 08:14:44 | INFO     | [DOWNLOAD] COMPLETE → instant_20260513.nc (1.0 MB, ใช้เวลา 47.4s)
2026-05-18 08:14:44 | WARNING  | [VALIDATE NC] instant_20260513.nc → FAIL (timesteps ไม่ครบ: 9/24) → ไฟล์เสีย จะโหลดใหม่
2026-05-18 08:14:44 | WARNING  | [RETRY] Attempt 2/5 → FAILED: ไฟล์ที่โหลดมาไม่ผ่าน validate
2026-05-18 08:14:44 | INFO     | [RETRY] รอ 60s แล้วโหลดใหม่ (attempt 3/5)...
2026-05-18 08:14:51 | INFO     | [DOWNLOAD] COMPLETE → accum_20260513.nc (0.1 MB, ใช้เวลา 39.1s)
2026-05-18 08:14:51 | WARNING  | [VALIDATE NC] accum_20260513.nc → FAIL (timesteps ไม่ครบ: 9/24) → ไฟล์เสีย จะโหลดใหม่
2026-05-18 08:14:51 | WARNING  | [RETRY] Attempt 2/5 → FAILED: ไฟล์ที่โหลดมาไม่ผ่าน validate
2026-05-18 08:14:51 | INFO     | [RETRY] รอ 60s แล้วโหลดใหม่ (attempt 3/5)...
2026-05-18 08:15:44 | INFO     | [RETRY] Attempt 3/5 → instant_20260513.nc
2026-05-18 08:15:44 | DEBUG    | [DOWNLOAD] ลบไฟล์เก่า: instant_20260513.nc
2026-05-18 08:15:44 | INFO     | [DOWNLOAD] START → instant_20260513.nc
2026-05-18 08:15:51 | INFO     | [RETRY] Attempt 3/5 → accum_20260513.nc
2026-05-18 08:15:51 | DEBUG    | [DOWNLOAD] ลบไฟล์เก่า: accum_20260513.nc
2026-05-18 08:15:51 | INFO     | [DOWNLOAD] START → accum_20260513.nc
2026-05-18 08:16:12 | INFO     | [DOWNLOAD] COMPLETE → instant_20260513.nc (1.0 MB, ใช้เวลา 27.6s)
2026-05-18 08:16:12 | WARNING  | [VALIDATE NC] instant_20260513.nc → FAIL (timesteps ไม่ครบ: 9/24) → ไฟล์เสีย จะโหลดใหม่
2026-05-18 08:16:12 | WARNING  | [RETRY] Attempt 3/5 → FAILED: ไฟล์ที่โหลดมาไม่ผ่าน validate
2026-05-18 08:16:12 | INFO     | [RETRY] รอ 60s แล้วโหลดใหม่ (attempt 4/5)...
2026-05-18 08:16:34 | INFO     | [DOWNLOAD] COMPLETE → accum_20260513.nc (0.1 MB, ใช้เวลา 42.8s)
2026-05-18 08:16:34 | WARNING  | [VALIDATE NC] accum_20260513.nc → FAIL (timesteps ไม่ครบ: 9/24) → ไฟล์เสีย จะโหลดใหม่
2026-05-18 08:16:34 | WARNING  | [RETRY] Attempt 3/5 → FAILED: ไฟล์ที่โหลดมาไม่ผ่าน validate
2026-05-18 08:16:34 | INFO     | [RETRY] รอ 60s แล้วโหลดใหม่ (attempt 4/5)...
2026-05-18 08:17:12 | INFO     | [RETRY] Attempt 4/5 → instant_20260513.nc
2026-05-18 08:17:12 | DEBUG    | [DOWNLOAD] ลบไฟล์เก่า: instant_20260513.nc
2026-05-18 08:17:12 | INFO     | [DOWNLOAD] START → instant_20260513.nc
2026-05-18 08:17:34 | INFO     | [RETRY] Attempt 4/5 → accum_20260513.nc
2026-05-18 08:17:34 | DEBUG    | [DOWNLOAD] ลบไฟล์เก่า: accum_20260513.nc
2026-05-18 08:17:34 | INFO     | [DOWNLOAD] START → accum_20260513.nc
2026-05-18 08:17:53 | INFO     | [DOWNLOAD] COMPLETE → instant_20260513.nc (1.0 MB, ใช้เวลา 40.9s)
2026-05-18 08:17:53 | WARNING  | [VALIDATE NC] instant_20260513.nc → FAIL (timesteps ไม่ครบ: 9/24) → ไฟล์เสีย จะโหลดใหม่
2026-05-18 08:17:53 | WARNING  | [RETRY] Attempt 4/5 → FAILED: ไฟล์ที่โหลดมาไม่ผ่าน validate
2026-05-18 08:17:53 | INFO     | [RETRY] รอ 60s แล้วโหลดใหม่ (attempt 5/5)...
2026-05-18 08:18:01 | INFO     | [DOWNLOAD] COMPLETE → accum_20260513.nc (0.1 MB, ใช้เวลา 26.5s)
2026-05-18 08:18:01 | WARNING  | [VALIDATE NC] accum_20260513.nc → FAIL (timesteps ไม่ครบ: 9/24) → ไฟล์เสีย จะโหลดใหม่
2026-05-18 08:18:01 | WARNING  | [RETRY] Attempt 4/5 → FAILED: ไฟล์ที่โหลดมาไม่ผ่าน validate
2026-05-18 08:18:01 | INFO     | [RETRY] รอ 60s แล้วโหลดใหม่ (attempt 5/5)...
2026-05-18 08:18:53 | INFO     | [RETRY] Attempt 5/5 → instant_20260513.nc
2026-05-18 08:18:53 | DEBUG    | [DOWNLOAD] ลบไฟล์เก่า: instant_20260513.nc
2026-05-18 08:18:53 | INFO     | [DOWNLOAD] START → instant_20260513.nc
2026-05-18 08:19:01 | INFO     | [RETRY] Attempt 5/5 → accum_20260513.nc
2026-05-18 08:19:01 | DEBUG    | [DOWNLOAD] ลบไฟล์เก่า: accum_20260513.nc
2026-05-18 08:19:01 | INFO     | [DOWNLOAD] START → accum_20260513.nc
2026-05-18 08:19:28 | INFO     | [DOWNLOAD] COMPLETE → instant_20260513.nc (1.0 MB, ใช้เวลา 35.4s)
2026-05-18 08:19:28 | WARNING  | [VALIDATE NC] instant_20260513.nc → FAIL (timesteps ไม่ครบ: 9/24) → ไฟล์เสีย จะโหลดใหม่
2026-05-18 08:19:28 | WARNING  | [RETRY] Attempt 5/5 → FAILED: ไฟล์ที่โหลดมาไม่ผ่าน validate
2026-05-18 08:19:28 | ERROR    | [DOWNLOAD] ERROR → instant_20260513.nc โหลดไม่สำเร็จหลังจาก 5 ครั้ง: ไฟล์ที่โหลดมาไม่ผ่าน validate
2026-05-18 08:19:39 | INFO     | [DOWNLOAD] COMPLETE → accum_20260513.nc (0.1 MB, ใช้เวลา 38.3s)
2026-05-18 08:19:39 | WARNING  | [VALIDATE NC] accum_20260513.nc → FAIL (timesteps ไม่ครบ: 9/24) → ไฟล์เสีย จะโหลดใหม่
2026-05-18 08:19:39 | WARNING  | [RETRY] Attempt 5/5 → FAILED: ไฟล์ที่โหลดมาไม่ผ่าน validate
2026-05-18 08:19:39 | ERROR    | [DOWNLOAD] ERROR → accum_20260513.nc โหลดไม่สำเร็จหลังจาก 5 ครั้ง: ไฟล์ที่โหลดมาไม่ผ่าน validate
2026-05-18 08:22:06 | INFO     | Log file: logs/era5/2026/05/13/era5_20260513.log
2026-05-18 08:22:06 | INFO     | =======================================================
2026-05-18 08:22:06 | INFO     | ERA5 [ACCUM] START: 2026-05-13
2026-05-18 08:22:06 | INFO     | =======================================================
2026-05-18 08:22:08 | INFO     | =======================================================
2026-05-18 08:22:08 | INFO     | JOB: ACCUM | 2026-05-13
2026-05-18 08:22:08 | INFO     | Variables: ['tp']
2026-05-18 08:22:08 | INFO     | =======================================================
2026-05-18 08:22:09 | WARNING  | [VALIDATE NC] accum_20260513.nc → FAIL (timesteps ไม่ครบ: 9/24) → ไฟล์เสีย จะโหลดใหม่
2026-05-18 08:22:09 | INFO     | [NC] ไม่พบหรือไฟล์เสีย → เริ่ม download...
2026-05-18 08:22:09 | INFO     | [RETRY] Attempt 1/5 → accum_20260513.nc
2026-05-18 08:22:09 | DEBUG    | [DOWNLOAD] ลบไฟล์เก่า: accum_20260513.nc
2026-05-18 08:22:09 | INFO     | [DOWNLOAD] START → accum_20260513.nc
2026-05-18 08:22:15 | INFO     | Log file: logs/era5/2026/05/13/era5_20260513.log
2026-05-18 08:22:15 | INFO     | =======================================================
2026-05-18 08:22:15 | INFO     | ERA5 [INSTANT] START: 2026-05-13
2026-05-18 08:22:15 | INFO     | =======================================================
2026-05-18 08:22:16 | INFO     | =======================================================
2026-05-18 08:22:16 | INFO     | JOB: INSTANT | 2026-05-13
2026-05-18 08:22:16 | INFO     | Variables: ['t2m', 'd2m', 'sp', 'blh', 'u10', 'v10']
2026-05-18 08:22:16 | INFO     | =======================================================
2026-05-18 08:22:16 | WARNING  | [VALIDATE NC] instant_20260513.nc → FAIL (timesteps ไม่ครบ: 9/24) → ไฟล์เสีย จะโหลดใหม่
2026-05-18 08:22:16 | INFO     | [NC] ไม่พบหรือไฟล์เสีย → เริ่ม download...
2026-05-18 08:22:16 | INFO     | [RETRY] Attempt 1/5 → instant_20260513.nc
2026-05-18 08:22:16 | DEBUG    | [DOWNLOAD] ลบไฟล์เก่า: instant_20260513.nc
2026-05-18 08:22:16 | INFO     | [DOWNLOAD] START → instant_20260513.nc
2026-05-18 08:22:28 | INFO     | [DOWNLOAD] COMPLETE → accum_20260513.nc (0.1 MB, ใช้เวลา 19.4s)
2026-05-18 08:22:28 | WARNING  | [VALIDATE NC] accum_20260513.nc → FAIL (timesteps ไม่ครบ: 9/24) → ไฟล์เสีย จะโหลดใหม่
2026-05-18 08:22:28 | WARNING  | [RETRY] Attempt 1/5 → FAILED: ไฟล์ที่โหลดมาไม่ผ่าน validate
2026-05-18 08:22:28 | INFO     | [RETRY] รอ 60s แล้วโหลดใหม่ (attempt 2/5)...
2026-05-18 08:23:07 | INFO     | [DOWNLOAD] COMPLETE → instant_20260513.nc (1.0 MB, ใช้เวลา 51.2s)
2026-05-18 08:23:07 | WARNING  | [VALIDATE NC] instant_20260513.nc → FAIL (timesteps ไม่ครบ: 9/24) → ไฟล์เสีย จะโหลดใหม่
2026-05-18 08:23:07 | WARNING  | [RETRY] Attempt 1/5 → FAILED: ไฟล์ที่โหลดมาไม่ผ่าน validate
2026-05-18 08:23:07 | INFO     | [RETRY] รอ 60s แล้วโหลดใหม่ (attempt 2/5)...
2026-05-18 08:23:28 | INFO     | [RETRY] Attempt 2/5 → accum_20260513.nc
2026-05-18 08:23:28 | DEBUG    | [DOWNLOAD] ลบไฟล์เก่า: accum_20260513.nc
2026-05-18 08:23:28 | INFO     | [DOWNLOAD] START → accum_20260513.nc
2026-05-18 08:24:07 | INFO     | [RETRY] Attempt 2/5 → instant_20260513.nc
2026-05-18 08:24:07 | DEBUG    | [DOWNLOAD] ลบไฟล์เก่า: instant_20260513.nc
2026-05-18 08:24:07 | INFO     | [DOWNLOAD] START → instant_20260513.nc
2026-05-18 08:24:51 | INFO     | [DOWNLOAD] COMPLETE → accum_20260513.nc (0.1 MB, ใช้เวลา 82.5s)
2026-05-18 08:24:51 | WARNING  | [VALIDATE NC] accum_20260513.nc → FAIL (timesteps ไม่ครบ: 9/24) → ไฟล์เสีย จะโหลดใหม่
2026-05-18 08:24:51 | WARNING  | [RETRY] Attempt 2/5 → FAILED: ไฟล์ที่โหลดมาไม่ผ่าน validate
2026-05-18 08:24:51 | INFO     | [RETRY] รอ 60s แล้วโหลดใหม่ (attempt 3/5)...
2026-05-18 08:25:11 | INFO     | [DOWNLOAD] COMPLETE → instant_20260513.nc (1.0 MB, ใช้เวลา 63.4s)
2026-05-18 08:25:11 | WARNING  | [VALIDATE NC] instant_20260513.nc → FAIL (timesteps ไม่ครบ: 9/24) → ไฟล์เสีย จะโหลดใหม่
2026-05-18 08:25:11 | WARNING  | [RETRY] Attempt 2/5 → FAILED: ไฟล์ที่โหลดมาไม่ผ่าน validate
2026-05-18 08:25:11 | INFO     | [RETRY] รอ 60s แล้วโหลดใหม่ (attempt 3/5)...
2026-05-18 08:25:51 | INFO     | [RETRY] Attempt 3/5 → accum_20260513.nc
2026-05-18 08:25:51 | DEBUG    | [DOWNLOAD] ลบไฟล์เก่า: accum_20260513.nc
2026-05-18 08:25:51 | INFO     | [DOWNLOAD] START → accum_20260513.nc
2026-05-18 08:26:11 | INFO     | [RETRY] Attempt 3/5 → instant_20260513.nc
2026-05-18 08:26:11 | DEBUG    | [DOWNLOAD] ลบไฟล์เก่า: instant_20260513.nc
2026-05-18 08:26:11 | INFO     | [DOWNLOAD] START → instant_20260513.nc
2026-05-18 08:26:21 | INFO     | [DOWNLOAD] COMPLETE → accum_20260513.nc (0.1 MB, ใช้เวลา 30.6s)
2026-05-18 08:26:21 | WARNING  | [VALIDATE NC] accum_20260513.nc → FAIL (timesteps ไม่ครบ: 9/24) → ไฟล์เสีย จะโหลดใหม่
2026-05-18 08:26:21 | WARNING  | [RETRY] Attempt 3/5 → FAILED: ไฟล์ที่โหลดมาไม่ผ่าน validate
2026-05-18 08:26:21 | INFO     | [RETRY] รอ 60s แล้วโหลดใหม่ (attempt 4/5)...
2026-05-18 08:26:50 | INFO     | [DOWNLOAD] COMPLETE → instant_20260513.nc (1.0 MB, ใช้เวลา 39.4s)
2026-05-18 08:26:50 | WARNING  | [VALIDATE NC] instant_20260513.nc → FAIL (timesteps ไม่ครบ: 9/24) → ไฟล์เสีย จะโหลดใหม่
2026-05-18 08:26:50 | WARNING  | [RETRY] Attempt 3/5 → FAILED: ไฟล์ที่โหลดมาไม่ผ่าน validate
2026-05-18 08:26:50 | INFO     | [RETRY] รอ 60s แล้วโหลดใหม่ (attempt 4/5)...
2026-05-18 08:27:21 | INFO     | [RETRY] Attempt 4/5 → accum_20260513.nc
2026-05-18 08:27:21 | DEBUG    | [DOWNLOAD] ลบไฟล์เก่า: accum_20260513.nc
2026-05-18 08:27:21 | INFO     | [DOWNLOAD] START → accum_20260513.nc
2026-05-18 08:27:50 | INFO     | [RETRY] Attempt 4/5 → instant_20260513.nc
2026-05-18 08:27:50 | DEBUG    | [DOWNLOAD] ลบไฟล์เก่า: instant_20260513.nc
2026-05-18 08:27:50 | INFO     | [DOWNLOAD] START → instant_20260513.nc
2026-05-18 08:28:01 | INFO     | [DOWNLOAD] COMPLETE → accum_20260513.nc (0.1 MB, ใช้เวลา 39.4s)
2026-05-18 08:28:01 | WARNING  | [VALIDATE NC] accum_20260513.nc → FAIL (timesteps ไม่ครบ: 9/24) → ไฟล์เสีย จะโหลดใหม่
2026-05-18 08:28:01 | WARNING  | [RETRY] Attempt 4/5 → FAILED: ไฟล์ที่โหลดมาไม่ผ่าน validate
2026-05-18 08:28:01 | INFO     | [RETRY] รอ 60s แล้วโหลดใหม่ (attempt 5/5)...
2026-05-18 08:28:29 | INFO     | [DOWNLOAD] COMPLETE → instant_20260513.nc (1.0 MB, ใช้เวลา 38.9s)
2026-05-18 08:28:29 | WARNING  | [VALIDATE NC] instant_20260513.nc → FAIL (timesteps ไม่ครบ: 9/24) → ไฟล์เสีย จะโหลดใหม่
2026-05-18 08:28:29 | WARNING  | [RETRY] Attempt 4/5 → FAILED: ไฟล์ที่โหลดมาไม่ผ่าน validate
2026-05-18 08:28:29 | INFO     | [RETRY] รอ 60s แล้วโหลดใหม่ (attempt 5/5)...
2026-05-18 08:29:01 | INFO     | [RETRY] Attempt 5/5 → accum_20260513.nc
2026-05-18 08:29:01 | DEBUG    | [DOWNLOAD] ลบไฟล์เก่า: accum_20260513.nc
2026-05-18 08:29:01 | INFO     | [DOWNLOAD] START → accum_20260513.nc
2026-05-18 08:29:29 | INFO     | [RETRY] Attempt 5/5 → instant_20260513.nc
2026-05-18 08:29:29 | DEBUG    | [DOWNLOAD] ลบไฟล์เก่า: instant_20260513.nc
2026-05-18 08:29:29 | INFO     | [DOWNLOAD] START → instant_20260513.nc
2026-05-18 08:29:43 | INFO     | [DOWNLOAD] COMPLETE → accum_20260513.nc (0.1 MB, ใช้เวลา 41.6s)
2026-05-18 08:29:43 | WARNING  | [VALIDATE NC] accum_20260513.nc → FAIL (timesteps ไม่ครบ: 9/24) → ไฟล์เสีย จะโหลดใหม่
2026-05-18 08:29:43 | WARNING  | [RETRY] Attempt 5/5 → FAILED: ไฟล์ที่โหลดมาไม่ผ่าน validate
2026-05-18 08:29:43 | ERROR    | [DOWNLOAD] ERROR → accum_20260513.nc โหลดไม่สำเร็จหลังจาก 5 ครั้ง: ไฟล์ที่โหลดมาไม่ผ่าน validate
2026-05-18 08:30:13 | INFO     | [DOWNLOAD] COMPLETE → instant_20260513.nc (1.0 MB, ใช้เวลา 43.3s)
2026-05-18 08:30:13 | WARNING  | [VALIDATE NC] instant_20260513.nc → FAIL (timesteps ไม่ครบ: 9/24) → ไฟล์เสีย จะโหลดใหม่
2026-05-18 08:30:13 | WARNING  | [RETRY] Attempt 5/5 → FAILED: ไฟล์ที่โหลดมาไม่ผ่าน validate
2026-05-18 08:30:13 | ERROR    | [DOWNLOAD] ERROR → instant_20260513.nc โหลดไม่สำเร็จหลังจาก 5 ครั้ง: ไฟล์ที่โหลดมาไม่ผ่าน validate
2026-05-18 08:33:32 | INFO     | Log file: logs/era5/2026/05/13/era5_20260513.log
2026-05-18 08:33:32 | INFO     | =======================================================
2026-05-18 08:33:32 | INFO     | ERA5 [INSTANT] START: 2026-05-13
2026-05-18 08:33:32 | INFO     | =======================================================
2026-05-18 08:33:33 | INFO     | =======================================================
2026-05-18 08:33:33 | INFO     | JOB: INSTANT | 2026-05-13
2026-05-18 08:33:33 | INFO     | Variables: ['t2m', 'd2m', 'sp', 'blh', 'u10', 'v10']
2026-05-18 08:33:33 | INFO     | =======================================================
2026-05-18 08:33:33 | WARNING  | [VALIDATE NC] instant_20260513.nc → FAIL (timesteps ไม่ครบ: 9/24) → ไฟล์เสีย จะโหลดใหม่
2026-05-18 08:33:33 | INFO     | [NC] ไม่พบหรือไฟล์เสีย → เริ่ม download...
2026-05-18 08:33:33 | INFO     | [RETRY] Attempt 1/5 → instant_20260513.nc
2026-05-18 08:33:33 | DEBUG    | [DOWNLOAD] ลบไฟล์เก่า: instant_20260513.nc
2026-05-18 08:33:33 | INFO     | [DOWNLOAD] START → instant_20260513.nc
2026-05-18 08:33:35 | INFO     | Log file: logs/era5/2026/05/13/era5_20260513.log
2026-05-18 08:33:35 | INFO     | =======================================================
2026-05-18 08:33:35 | INFO     | ERA5 [ACCUM] START: 2026-05-13
2026-05-18 08:33:35 | INFO     | =======================================================
2026-05-18 08:33:36 | INFO     | =======================================================
2026-05-18 08:33:36 | INFO     | JOB: ACCUM | 2026-05-13
2026-05-18 08:33:36 | INFO     | Variables: ['tp']
2026-05-18 08:33:36 | INFO     | =======================================================
2026-05-18 08:33:37 | WARNING  | [VALIDATE NC] accum_20260513.nc → FAIL (timesteps ไม่ครบ: 9/24) → ไฟล์เสีย จะโหลดใหม่
2026-05-18 08:33:37 | INFO     | [NC] ไม่พบหรือไฟล์เสีย → เริ่ม download...
2026-05-18 08:33:37 | INFO     | [RETRY] Attempt 1/5 → accum_20260513.nc
2026-05-18 08:33:37 | DEBUG    | [DOWNLOAD] ลบไฟล์เก่า: accum_20260513.nc
2026-05-18 08:33:37 | INFO     | [DOWNLOAD] START → accum_20260513.nc
2026-05-18 08:34:15 | INFO     | [DOWNLOAD] COMPLETE → instant_20260513.nc (1.0 MB, ใช้เวลา 41.2s)
2026-05-18 08:34:15 | WARNING  | [VALIDATE NC] instant_20260513.nc → FAIL (timesteps ไม่ครบ: 9/24) → ไฟล์เสีย จะโหลดใหม่
2026-05-18 08:34:15 | WARNING  | [RETRY] Attempt 1/5 → FAILED: ไฟล์ที่โหลดมาไม่ผ่าน validate
2026-05-18 08:34:15 | INFO     | [RETRY] รอ 60s แล้วโหลดใหม่ (attempt 2/5)...
2026-05-18 08:34:31 | INFO     | [DOWNLOAD] COMPLETE → accum_20260513.nc (0.1 MB, ใช้เวลา 54.6s)
2026-05-18 08:34:31 | WARNING  | [VALIDATE NC] accum_20260513.nc → FAIL (timesteps ไม่ครบ: 9/24) → ไฟล์เสีย จะโหลดใหม่
2026-05-18 08:34:31 | WARNING  | [RETRY] Attempt 1/5 → FAILED: ไฟล์ที่โหลดมาไม่ผ่าน validate
2026-05-18 08:34:31 | INFO     | [RETRY] รอ 60s แล้วโหลดใหม่ (attempt 2/5)...
2026-05-18 08:35:15 | INFO     | [RETRY] Attempt 2/5 → instant_20260513.nc
2026-05-18 08:35:15 | DEBUG    | [DOWNLOAD] ลบไฟล์เก่า: instant_20260513.nc
2026-05-18 08:35:15 | INFO     | [DOWNLOAD] START → instant_20260513.nc
2026-05-18 08:35:31 | INFO     | [RETRY] Attempt 2/5 → accum_20260513.nc
2026-05-18 08:35:31 | DEBUG    | [DOWNLOAD] ลบไฟล์เก่า: accum_20260513.nc
2026-05-18 08:35:31 | INFO     | [DOWNLOAD] START → accum_20260513.nc
2026-05-18 08:35:54 | INFO     | [DOWNLOAD] COMPLETE → instant_20260513.nc (1.0 MB, ใช้เวลา 39.8s)
2026-05-18 08:35:55 | WARNING  | [VALIDATE NC] instant_20260513.nc → FAIL (timesteps ไม่ครบ: 9/24) → ไฟล์เสีย จะโหลดใหม่
2026-05-18 08:35:55 | WARNING  | [RETRY] Attempt 2/5 → FAILED: ไฟล์ที่โหลดมาไม่ผ่าน validate
2026-05-18 08:35:55 | INFO     | [RETRY] รอ 60s แล้วโหลดใหม่ (attempt 3/5)...
2026-05-18 08:36:10 | INFO     | [DOWNLOAD] COMPLETE → accum_20260513.nc (0.1 MB, ใช้เวลา 38.2s)
2026-05-18 08:36:10 | WARNING  | [VALIDATE NC] accum_20260513.nc → FAIL (timesteps ไม่ครบ: 9/24) → ไฟล์เสีย จะโหลดใหม่
2026-05-18 08:36:10 | WARNING  | [RETRY] Attempt 2/5 → FAILED: ไฟล์ที่โหลดมาไม่ผ่าน validate
2026-05-18 08:36:10 | INFO     | [RETRY] รอ 60s แล้วโหลดใหม่ (attempt 3/5)...
2026-05-18 08:36:55 | INFO     | [RETRY] Attempt 3/5 → instant_20260513.nc
2026-05-18 08:36:55 | DEBUG    | [DOWNLOAD] ลบไฟล์เก่า: instant_20260513.nc
2026-05-18 08:36:55 | INFO     | [DOWNLOAD] START → instant_20260513.nc
2026-05-18 08:37:10 | INFO     | [RETRY] Attempt 3/5 → accum_20260513.nc
2026-05-18 08:37:10 | DEBUG    | [DOWNLOAD] ลบไฟล์เก่า: accum_20260513.nc
2026-05-18 08:37:10 | INFO     | [DOWNLOAD] START → accum_20260513.nc
2026-05-18 08:37:33 | INFO     | [DOWNLOAD] COMPLETE → instant_20260513.nc (1.0 MB, ใช้เวลา 38.9s)
2026-05-18 08:37:34 | WARNING  | [VALIDATE NC] instant_20260513.nc → FAIL (timesteps ไม่ครบ: 9/24) → ไฟล์เสีย จะโหลดใหม่
2026-05-18 08:37:34 | WARNING  | [RETRY] Attempt 3/5 → FAILED: ไฟล์ที่โหลดมาไม่ผ่าน validate
2026-05-18 08:37:34 | INFO     | [RETRY] รอ 60s แล้วโหลดใหม่ (attempt 4/5)...
2026-05-18 08:37:48 | INFO     | [DOWNLOAD] COMPLETE → accum_20260513.nc (0.1 MB, ใช้เวลา 38.3s)
2026-05-18 08:37:48 | WARNING  | [VALIDATE NC] accum_20260513.nc → FAIL (timesteps ไม่ครบ: 9/24) → ไฟล์เสีย จะโหลดใหม่
2026-05-18 08:37:48 | WARNING  | [RETRY] Attempt 3/5 → FAILED: ไฟล์ที่โหลดมาไม่ผ่าน validate
2026-05-18 08:37:48 | INFO     | [RETRY] รอ 60s แล้วโหลดใหม่ (attempt 4/5)...
2026-05-18 08:38:34 | INFO     | [RETRY] Attempt 4/5 → instant_20260513.nc
2026-05-18 08:38:34 | DEBUG    | [DOWNLOAD] ลบไฟล์เก่า: instant_20260513.nc
2026-05-18 08:38:34 | INFO     | [DOWNLOAD] START → instant_20260513.nc
2026-05-18 08:38:48 | INFO     | [RETRY] Attempt 4/5 → accum_20260513.nc
2026-05-18 08:38:48 | DEBUG    | [DOWNLOAD] ลบไฟล์เก่า: accum_20260513.nc
2026-05-18 08:38:48 | INFO     | [DOWNLOAD] START → accum_20260513.nc
2026-05-18 08:39:18 | INFO     | [DOWNLOAD] COMPLETE → instant_20260513.nc (1.0 MB, ใช้เวลา 44.7s)
2026-05-18 08:39:18 | WARNING  | [VALIDATE NC] instant_20260513.nc → FAIL (timesteps ไม่ครบ: 9/24) → ไฟล์เสีย จะโหลดใหม่
2026-05-18 08:39:18 | WARNING  | [RETRY] Attempt 4/5 → FAILED: ไฟล์ที่โหลดมาไม่ผ่าน validate
2026-05-18 08:39:18 | INFO     | [RETRY] รอ 60s แล้วโหลดใหม่ (attempt 5/5)...
2026-05-18 08:39:27 | INFO     | [DOWNLOAD] COMPLETE → accum_20260513.nc (0.1 MB, ใช้เวลา 38.9s)
2026-05-18 08:39:27 | WARNING  | [VALIDATE NC] accum_20260513.nc → FAIL (timesteps ไม่ครบ: 9/24) → ไฟล์เสีย จะโหลดใหม่
2026-05-18 08:39:27 | WARNING  | [RETRY] Attempt 4/5 → FAILED: ไฟล์ที่โหลดมาไม่ผ่าน validate
2026-05-18 08:39:27 | INFO     | [RETRY] รอ 60s แล้วโหลดใหม่ (attempt 5/5)...
2026-05-18 08:40:18 | INFO     | [RETRY] Attempt 5/5 → instant_20260513.nc
2026-05-18 08:40:18 | DEBUG    | [DOWNLOAD] ลบไฟล์เก่า: instant_20260513.nc
2026-05-18 08:40:18 | INFO     | [DOWNLOAD] START → instant_20260513.nc
2026-05-18 08:40:27 | INFO     | [RETRY] Attempt 5/5 → accum_20260513.nc
2026-05-18 08:40:27 | DEBUG    | [DOWNLOAD] ลบไฟล์เก่า: accum_20260513.nc
2026-05-18 08:40:27 | INFO     | [DOWNLOAD] START → accum_20260513.nc
2026-05-18 08:42:26 | INFO     | Log file: logs/era5/2026/05/13/era5_20260513.log
2026-05-18 08:42:26 | INFO     | =======================================================
2026-05-18 08:42:26 | INFO     | ERA5 [INSTANT] START: 2026-05-13
2026-05-18 08:42:26 | INFO     | =======================================================
2026-05-18 08:42:27 | INFO     | =======================================================
2026-05-18 08:42:27 | INFO     | JOB: INSTANT | 2026-05-13
2026-05-18 08:42:27 | INFO     | Variables: ['t2m', 'd2m', 'sp', 'blh', 'u10', 'v10']
2026-05-18 08:42:27 | INFO     | =======================================================
2026-05-18 08:42:27 | WARNING  | [VALIDATE NC] instant_20260513.nc → FAIL (ไม่พบไฟล์)
2026-05-18 08:42:27 | INFO     | [NC] ไม่พบหรือไฟล์เสีย → เริ่ม download...
2026-05-18 08:42:27 | INFO     | [RETRY] Attempt 1/5 → instant_20260513.nc
2026-05-18 08:42:27 | INFO     | [DOWNLOAD] START → instant_20260513.nc
2026-05-18 08:42:30 | INFO     | Log file: logs/era5/2026/05/13/era5_20260513.log
2026-05-18 08:42:30 | INFO     | =======================================================
2026-05-18 08:42:30 | INFO     | ERA5 [ACCUM] START: 2026-05-13
2026-05-18 08:42:30 | INFO     | =======================================================
2026-05-18 08:42:31 | INFO     | =======================================================
2026-05-18 08:42:31 | INFO     | JOB: ACCUM | 2026-05-13
2026-05-18 08:42:31 | INFO     | Variables: ['tp']
2026-05-18 08:42:31 | INFO     | =======================================================
2026-05-18 08:42:31 | WARNING  | [VALIDATE NC] accum_20260513.nc → FAIL (ไม่พบไฟล์)
2026-05-18 08:42:31 | INFO     | [NC] ไม่พบหรือไฟล์เสีย → เริ่ม download...
2026-05-18 08:42:31 | INFO     | [RETRY] Attempt 1/5 → accum_20260513.nc
2026-05-18 08:42:31 | INFO     | [DOWNLOAD] START → accum_20260513.nc
2026-05-18 08:43:26 | INFO     | [DOWNLOAD] COMPLETE → accum_20260513.nc (0.1 MB, ใช้เวลา 55.2s)
2026-05-18 08:43:26 | WARNING  | [RETRY] timesteps ยังไม่ครบ 9/24 → รอแล้วโหลดใหม่
2026-05-18 08:43:27 | INFO     | [DOWNLOAD] COMPLETE → instant_20260513.nc (1.0 MB, ใช้เวลา 59.9s)
2026-05-18 08:43:28 | WARNING  | [RETRY] timesteps ยังไม่ครบ 9/24 → รอแล้วโหลดใหม่
2026-05-18 08:44:26 | INFO     | [RETRY] Attempt 2/5 → accum_20260513.nc
2026-05-18 08:44:26 | INFO     | [DOWNLOAD] START → accum_20260513.nc
2026-05-18 08:44:28 | INFO     | [RETRY] Attempt 2/5 → instant_20260513.nc
2026-05-18 08:44:28 | INFO     | [DOWNLOAD] START → instant_20260513.nc
2026-05-18 08:45:23 | INFO     | [DOWNLOAD] COMPLETE → accum_20260513.nc (0.1 MB, ใช้เวลา 56.2s)
2026-05-18 08:45:23 | WARNING  | [RETRY] timesteps ยังไม่ครบ 9/24 → รอแล้วโหลดใหม่
2026-05-18 08:45:24 | INFO     | [DOWNLOAD] COMPLETE → instant_20260513.nc (1.0 MB, ใช้เวลา 56.3s)
2026-05-18 08:45:24 | WARNING  | [RETRY] timesteps ยังไม่ครบ 9/24 → รอแล้วโหลดใหม่
2026-05-18 08:46:23 | INFO     | [RETRY] Attempt 3/5 → accum_20260513.nc
2026-05-18 08:46:23 | INFO     | [DOWNLOAD] START → accum_20260513.nc
2026-05-18 08:46:24 | INFO     | [RETRY] Attempt 3/5 → instant_20260513.nc
2026-05-18 08:46:24 | INFO     | [DOWNLOAD] START → instant_20260513.nc
2026-05-18 08:47:03 | INFO     | [DOWNLOAD] COMPLETE → accum_20260513.nc (0.1 MB, ใช้เวลา 40.8s)
2026-05-18 08:47:03 | WARNING  | [RETRY] timesteps ยังไม่ครบ 9/24 → รอแล้วโหลดใหม่
2026-05-18 08:47:24 | INFO     | [DOWNLOAD] COMPLETE → instant_20260513.nc (1.0 MB, ใช้เวลา 59.8s)
2026-05-18 08:47:24 | WARNING  | [RETRY] timesteps ยังไม่ครบ 9/24 → รอแล้วโหลดใหม่
2026-05-18 08:48:03 | INFO     | [RETRY] Attempt 4/5 → accum_20260513.nc
2026-05-18 08:48:04 | INFO     | [DOWNLOAD] START → accum_20260513.nc
2026-05-18 08:48:24 | INFO     | [RETRY] Attempt 4/5 → instant_20260513.nc
2026-05-18 08:48:24 | INFO     | [DOWNLOAD] START → instant_20260513.nc
2026-05-18 08:48:42 | INFO     | [DOWNLOAD] COMPLETE → accum_20260513.nc (0.1 MB, ใช้เวลา 38.6s)
2026-05-18 08:48:42 | WARNING  | [RETRY] timesteps ยังไม่ครบ 9/24 → รอแล้วโหลดใหม่
2026-05-18 08:49:03 | INFO     | [DOWNLOAD] COMPLETE → instant_20260513.nc (1.0 MB, ใช้เวลา 39.0s)
2026-05-18 08:49:03 | WARNING  | [RETRY] timesteps ยังไม่ครบ 9/24 → รอแล้วโหลดใหม่
2026-05-18 08:49:42 | INFO     | [RETRY] Attempt 5/5 → accum_20260513.nc
2026-05-18 08:49:42 | INFO     | [DOWNLOAD] START → accum_20260513.nc
2026-05-18 08:50:03 | INFO     | [RETRY] Attempt 5/5 → instant_20260513.nc
2026-05-18 08:50:03 | INFO     | [DOWNLOAD] START → instant_20260513.nc
2026-05-18 08:50:22 | INFO     | [DOWNLOAD] COMPLETE → accum_20260513.nc (0.1 MB, ใช้เวลา 39.6s)
2026-05-18 08:50:22 | WARNING  | [RETRY] timesteps ยังไม่ครบ 9/24 → รอแล้วโหลดใหม่
2026-05-18 08:50:22 | WARNING  | [RETRY] Attempt 5/5 → FAILED: incomplete timestep 9/24
2026-05-18 08:50:22 | ERROR    | [DOWNLOAD] ERROR → accum_20260513.nc โหลดไม่สำเร็จหลังจาก 5 ครั้ง: incomplete timestep 9/24
2026-05-18 08:50:31 | INFO     | [DOWNLOAD] COMPLETE → instant_20260513.nc (1.0 MB, ใช้เวลา 28.0s)
2026-05-18 08:50:31 | WARNING  | [RETRY] timesteps ยังไม่ครบ 9/24 → รอแล้วโหลดใหม่
2026-05-18 08:50:31 | WARNING  | [RETRY] Attempt 5/5 → FAILED: incomplete timestep 9/24
2026-05-18 08:50:31 | ERROR    | [DOWNLOAD] ERROR → instant_20260513.nc โหลดไม่สำเร็จหลังจาก 5 ครั้ง: incomplete timestep 9/24
2026-05-18 08:55:23 | INFO     | Log file: logs/era5/2026/05/13/era5_20260513.log
2026-05-18 08:55:23 | INFO     | =======================================================
2026-05-18 08:55:23 | INFO     | ERA5 [ACCUM] START: 2026-05-13
2026-05-18 08:55:23 | INFO     | =======================================================
2026-05-18 08:55:24 | INFO     | =======================================================
2026-05-18 08:55:24 | INFO     | JOB: ACCUM | 2026-05-13
2026-05-18 08:55:24 | INFO     | Variables: ['tp']
2026-05-18 08:55:24 | INFO     | =======================================================
2026-05-18 08:55:24 | WARNING  | [VALIDATE NC] accum_20260513.nc → FAIL (ไม่พบไฟล์)
2026-05-18 08:55:24 | INFO     | [NC] ไม่พบหรือไฟล์เสีย → เริ่ม download...
2026-05-18 08:55:24 | INFO     | [RETRY] Attempt 1/5 → accum_20260513.nc
2026-05-18 08:55:24 | INFO     | [DOWNLOAD] START → accum_20260513.nc
2026-05-18 08:55:34 | INFO     | Log file: logs/era5/2026/05/13/era5_20260513.log
2026-05-18 08:55:34 | INFO     | =======================================================
2026-05-18 08:55:34 | INFO     | ERA5 [INSTANT] START: 2026-05-13
2026-05-18 08:55:34 | INFO     | =======================================================
2026-05-18 08:55:36 | INFO     | =======================================================
2026-05-18 08:55:36 | INFO     | JOB: INSTANT | 2026-05-13
2026-05-18 08:55:36 | INFO     | Variables: ['t2m', 'd2m', 'sp', 'blh', 'u10', 'v10']
2026-05-18 08:55:36 | INFO     | =======================================================
2026-05-18 08:55:36 | WARNING  | [VALIDATE NC] instant_20260513.nc → FAIL (ไม่พบไฟล์)
2026-05-18 08:55:36 | INFO     | [NC] ไม่พบหรือไฟล์เสีย → เริ่ม download...
2026-05-18 08:55:36 | INFO     | [RETRY] Attempt 1/5 → instant_20260513.nc
2026-05-18 08:55:36 | INFO     | [DOWNLOAD] START → instant_20260513.nc
2026-05-18 08:55:51 | INFO     | [DOWNLOAD] COMPLETE → accum_20260513.nc (0.1 MB, ใช้เวลา 26.3s)
2026-05-18 08:55:51 | WARNING  | [RETRY] timesteps ยังไม่ครบ 9/24 → รอแล้วโหลดใหม่
2026-05-18 08:56:03 | INFO     | [DOWNLOAD] COMPLETE → instant_20260513.nc (1.0 MB, ใช้เวลา 26.6s)
2026-05-18 08:56:03 | WARNING  | [RETRY] timesteps ยังไม่ครบ 9/24 → รอแล้วโหลดใหม่
2026-05-18 08:58:54 | INFO     | Log file: logs/era5/2026/05/13/era5_20260513.log
2026-05-18 08:58:55 | INFO     | === ERA5 PIPELINE START ===
2026-05-18 08:58:55 | INFO     | JOB instant 20260513
2026-05-18 08:58:55 | INFO     | [DOWNLOAD] attempt 1/5 → instant_20260513.nc
2026-05-18 08:58:55 | INFO     | [DOWNLOAD] START → instant_20260513.nc
2026-05-18 08:59:01 | INFO     | Log file: logs/era5/2026/05/13/era5_20260513.log
2026-05-18 08:59:02 | INFO     | === ERA5 PIPELINE START ===
2026-05-18 08:59:02 | INFO     | JOB accum 20260513
2026-05-18 08:59:02 | INFO     | [DOWNLOAD] attempt 1/5 → accum_20260513.nc
2026-05-18 08:59:02 | INFO     | [DOWNLOAD] START → accum_20260513.nc
2026-05-18 08:59:57 | INFO     | [DOWNLOAD] DONE → accum_20260513.nc (0.1 MB)
2026-05-18 08:59:57 | WARNING  | [VALIDATE] accum_20260513.nc → not ready 9/24
2026-05-18 08:59:57 | WARNING  | [DOWNLOAD] not complete yet → wait next 6h run
2026-05-18 08:59:57 | INFO     | === DONE ===
2026-05-18 08:59:57 | INFO     | [DOWNLOAD] DONE → instant_20260513.nc (1.0 MB)
2026-05-18 08:59:58 | WARNING  | [VALIDATE] instant_20260513.nc → not ready 9/24
2026-05-18 08:59:58 | WARNING  | [DOWNLOAD] not complete yet → wait next 6h run
2026-05-18 08:59:58 | INFO     | === DONE ===
2026-05-18 09:14:29 | INFO     | Log file: logs/era5/2026/05/13/era5_20260513.log
2026-05-18 09:14:29 | INFO     | Log file: logs/era5/2026/05/13/era5_20260513.log
2026-05-18 09:14:34 | INFO     | === ERA5 PIPELINE START ===
2026-05-18 09:14:34 | INFO     | JOB accum 20260513
2026-05-18 09:14:34 | INFO     | === ERA5 PIPELINE START ===
2026-05-18 09:14:34 | INFO     | JOB instant 20260513
2026-05-18 09:14:35 | WARNING  | [VALIDATE] accum_20260513.nc → not ready 9/24
2026-05-18 09:14:35 | WARNING  | not ready → skip this run (wait next 6h)
2026-05-18 09:14:35 | INFO     | === DONE ===
2026-05-18 09:14:35 | WARNING  | [VALIDATE] instant_20260513.nc → not ready 9/24
2026-05-18 09:14:35 | WARNING  | not ready → skip this run (wait next 6h)
2026-05-18 09:14:35 | INFO     | === DONE ===
2026-05-18 12:00:02 | INFO     | Log file: logs/era5/2026/05/13/era5_20260513.log
2026-05-18 12:00:02 | INFO     | Log file: logs/era5/2026/05/13/era5_20260513.log
2026-05-18 12:00:03 | INFO     | === ERA5 PIPELINE START ===
2026-05-18 12:00:03 | INFO     | JOB accum 20260513
2026-05-18 12:00:03 | INFO     | === ERA5 PIPELINE START ===
2026-05-18 12:00:03 | INFO     | JOB instant 20260513
2026-05-18 12:00:03 | WARNING  | [VALIDATE] accum_20260513.nc → not ready 9/24
2026-05-18 12:00:03 | WARNING  | not ready → skip this run (wait next 6h)
2026-05-18 12:00:03 | INFO     | === DONE ===
2026-05-18 12:00:03 | WARNING  | [VALIDATE] instant_20260513.nc → not ready 9/24
2026-05-18 12:00:03 | WARNING  | not ready → skip this run (wait next 6h)
2026-05-18 12:00:03 | INFO     | === DONE ===
2026-05-18 18:00:02 | INFO     | Log file: logs/era5/2026/05/13/era5_20260513.log
2026-05-18 18:00:02 | INFO     | Log file: logs/era5/2026/05/13/era5_20260513.log
2026-05-18 18:00:03 | INFO     | === ERA5 PIPELINE START ===
2026-05-18 18:00:03 | INFO     | JOB accum 20260513
2026-05-18 18:00:03 | INFO     | === ERA5 PIPELINE START ===
2026-05-18 18:00:03 | INFO     | JOB instant 20260513
2026-05-18 18:00:03 | WARNING  | [VALIDATE] accum_20260513.nc → not ready 9/24
2026-05-18 18:00:03 | WARNING  | not ready → skip this run (wait next 6h)
2026-05-18 18:00:03 | INFO     | === DONE ===
2026-05-18 18:00:03 | WARNING  | [VALIDATE] instant_20260513.nc → not ready 9/24
2026-05-18 18:00:03 | WARNING  | not ready → skip this run (wait next 6h)
2026-05-18 18:00:03 | INFO     | === DONE ===
2026-05-19 00:00:02 | INFO     | Log file: logs/era5/2026/05/13/era5_20260513.log
2026-05-19 00:00:02 | INFO     | Log file: logs/era5/2026/05/13/era5_20260513.log
2026-05-19 00:00:03 | INFO     | === ERA5 PIPELINE START ===
2026-05-19 00:00:03 | INFO     | JOB accum 20260513
2026-05-19 00:00:04 | INFO     | === ERA5 PIPELINE START ===
2026-05-19 00:00:04 | INFO     | JOB instant 20260513
2026-05-19 00:00:04 | WARNING  | [VALIDATE] accum_20260513.nc → not ready 9/24
2026-05-19 00:00:04 | WARNING  | not ready → skip this run (wait next 6h)
2026-05-19 00:00:04 | INFO     | === DONE ===
2026-05-19 00:00:04 | WARNING  | [VALIDATE] instant_20260513.nc → not ready 9/24
2026-05-19 00:00:04 | WARNING  | not ready → skip this run (wait next 6h)
2026-05-19 00:00:04 | INFO     | === DONE ===
