[2026-06-02T16:00:02.374+0000] {local_task_job_runner.py:120} INFO - ::group::Pre task execution logs
[2026-06-02T16:00:02.400+0000] {taskinstance.py:2076} INFO - Dependencies all met for dep_context=non-requeueable deps ti=<TaskInstance: era5_download_pipeline.era5_rh scheduled__2026-06-02T15:00:00+00:00 [queued]>
[2026-06-02T16:00:02.412+0000] {taskinstance.py:2076} INFO - Dependencies all met for dep_context=requeueable deps ti=<TaskInstance: era5_download_pipeline.era5_rh scheduled__2026-06-02T15:00:00+00:00 [queued]>
[2026-06-02T16:00:02.414+0000] {taskinstance.py:2306} INFO - Starting attempt 1 of 1
[2026-06-02T16:00:02.433+0000] {taskinstance.py:2330} INFO - Executing <Task(PythonOperator): era5_rh> on 2026-06-02 15:00:00+00:00
[2026-06-02T16:00:02.446+0000] {warnings.py:110} WARNING - /home/***/.local/lib/python3.12/site-packages/***/task/task_runner/standard_task_runner.py:61: DeprecationWarning: This process (pid=7283) is multi-threaded, use of fork() may lead to deadlocks in the child.
  pid = os.fork()

[2026-06-02T16:00:02.453+0000] {standard_task_runner.py:63} INFO - Started process 7288 to run task
[2026-06-02T16:00:02.450+0000] {standard_task_runner.py:90} INFO - Running: ['***', 'tasks', 'run', 'era5_download_pipeline', 'era5_rh', 'scheduled__2026-06-02T15:00:00+00:00', '--job-id', '775', '--raw', '--subdir', 'DAGS_FOLDER/era5_dag.py', '--cfg-path', '/tmp/tmpwjpkqnxc']
[2026-06-02T16:00:02.454+0000] {standard_task_runner.py:91} INFO - Job 775: Subtask era5_rh
[2026-06-02T16:00:02.535+0000] {task_command.py:426} INFO - Running <TaskInstance: era5_download_pipeline.era5_rh scheduled__2026-06-02T15:00:00+00:00 [running]> on host 01cd476fb21a
[2026-06-02T16:00:02.690+0000] {taskinstance.py:2648} INFO - Exporting env vars: AIRFLOW_CTX_DAG_OWNER='era5' AIRFLOW_CTX_DAG_ID='era5_download_pipeline' AIRFLOW_CTX_TASK_ID='era5_rh' AIRFLOW_CTX_EXECUTION_DATE='2026-06-02T15:00:00+00:00' AIRFLOW_CTX_TRY_NUMBER='1' AIRFLOW_CTX_DAG_RUN_ID='scheduled__2026-06-02T15:00:00+00:00'
[2026-06-02T16:00:02.693+0000] {taskinstance.py:430} INFO - ::endgroup::
[2026-06-02T16:00:02.724+0000] {logging_mixin.py:188} WARNING - 2026-06-02 16:00:02 [WARNING] missing instant nc: /opt/***/era5/ecmwf/data/nc/_raw/2026/06/02/instant_20260602.nc
[2026-06-02T16:00:02.724+0000] {era5_rh.py:208} WARNING - missing instant nc: /opt/***/era5/ecmwf/data/nc/_raw/2026/06/02/instant_20260602.nc
[2026-06-02T16:00:02.731+0000] {logging_mixin.py:188} WARNING - 2026-06-02 16:00:02 [WARNING] missing instant nc: /opt/***/era5/ecmwf/data/nc/_raw/2026/06/01/instant_20260601.nc
[2026-06-02T16:00:02.731+0000] {era5_rh.py:208} WARNING - missing instant nc: /opt/***/era5/ecmwf/data/nc/_raw/2026/06/01/instant_20260601.nc
[2026-06-02T16:00:02.738+0000] {logging_mixin.py:188} WARNING - 2026-06-02 16:00:02 [WARNING] missing instant nc: /opt/***/era5/ecmwf/data/nc/_raw/2026/05/31/instant_20260531.nc
[2026-06-02T16:00:02.738+0000] {era5_rh.py:208} WARNING - missing instant nc: /opt/***/era5/ecmwf/data/nc/_raw/2026/05/31/instant_20260531.nc
[2026-06-02T16:00:02.745+0000] {logging_mixin.py:188} WARNING - 2026-06-02 16:00:02 [WARNING] missing instant nc: /opt/***/era5/ecmwf/data/nc/_raw/2026/05/30/instant_20260530.nc
[2026-06-02T16:00:02.745+0000] {era5_rh.py:208} WARNING - missing instant nc: /opt/***/era5/ecmwf/data/nc/_raw/2026/05/30/instant_20260530.nc
[2026-06-02T16:00:02.752+0000] {logging_mixin.py:188} WARNING - 2026-06-02 16:00:02 [WARNING] missing instant nc: /opt/***/era5/ecmwf/data/nc/_raw/2026/05/29/instant_20260529.nc
[2026-06-02T16:00:02.751+0000] {era5_rh.py:208} WARNING - missing instant nc: /opt/***/era5/ecmwf/data/nc/_raw/2026/05/29/instant_20260529.nc
[2026-06-02T16:00:02.765+0000] {logging_mixin.py:188} WARNING - 2026-06-02 16:00:02 [INFO] RH nc exists: /opt/***/era5/ecmwf/data/nc/rh/2026/05/28/rh_20260528.nc
[2026-06-02T16:00:02.765+0000] {era5_rh.py:69} INFO - RH nc exists: /opt/***/era5/ecmwf/data/nc/rh/2026/05/28/rh_20260528.nc
[2026-06-02T16:00:03.179+0000] {logging_mixin.py:188} WARNING - 2026-06-02 16:00:03 [INFO] RH tif created: /opt/***/era5/ecmwf/data/tif/2026/05/28/rh_20260528.tif
[2026-06-02T16:00:03.179+0000] {era5_rh.py:183} INFO - RH tif created: /opt/***/era5/ecmwf/data/tif/2026/05/28/rh_20260528.tif
[2026-06-02T16:00:03.184+0000] {python.py:237} INFO - Done. Returned value was: None
[2026-06-02T16:00:03.185+0000] {taskinstance.py:441} INFO - ::group::Post task execution logs
[2026-06-02T16:00:03.208+0000] {taskinstance.py:1206} INFO - Marking task as SUCCESS. dag_id=era5_download_pipeline, task_id=era5_rh, run_id=scheduled__2026-06-02T15:00:00+00:00, execution_date=20260602T150000, start_date=20260602T160002, end_date=20260602T160003
[2026-06-02T16:00:03.272+0000] {local_task_job_runner.py:240} INFO - Task exited with return code 0
[2026-06-02T16:00:03.295+0000] {taskinstance.py:3498} INFO - 0 downstream tasks scheduled from follow-on schedule check
[2026-06-02T16:00:03.299+0000] {local_task_job_runner.py:222} INFO - ::endgroup::
