[2026-06-22T13:00:02.154+0000] {local_task_job_runner.py:120} INFO - ::group::Pre task execution logs
[2026-06-22T13:00:02.179+0000] {taskinstance.py:2076} INFO - Dependencies all met for dep_context=non-requeueable deps ti=<TaskInstance: era5_download_pipeline.era5_instant scheduled__2026-06-22T12:00:00+00:00 [queued]>
[2026-06-22T13:00:02.189+0000] {taskinstance.py:2076} INFO - Dependencies all met for dep_context=requeueable deps ti=<TaskInstance: era5_download_pipeline.era5_instant scheduled__2026-06-22T12:00:00+00:00 [queued]>
[2026-06-22T13:00:02.191+0000] {taskinstance.py:2306} INFO - Starting attempt 1 of 1
[2026-06-22T13:00:02.206+0000] {taskinstance.py:2330} INFO - Executing <Task(PythonOperator): era5_instant> on 2026-06-22 12:00:00+00:00
[2026-06-22T13:00:02.220+0000] {warnings.py:110} WARNING - /home/***/.local/lib/python3.12/site-packages/***/task/task_runner/standard_task_runner.py:61: DeprecationWarning: This process (pid=207918) is multi-threaded, use of fork() may lead to deadlocks in the child.
  pid = os.fork()

[2026-06-22T13:00:02.223+0000] {standard_task_runner.py:63} INFO - Started process 207922 to run task
[2026-06-22T13:00:02.224+0000] {standard_task_runner.py:90} INFO - Running: ['***', 'tasks', 'run', 'era5_download_pipeline', 'era5_instant', 'scheduled__2026-06-22T12:00:00+00:00', '--job-id', '2138', '--raw', '--subdir', 'DAGS_FOLDER/era5_dag.py', '--cfg-path', '/tmp/tmpc4xi8c6a']
[2026-06-22T13:00:02.227+0000] {standard_task_runner.py:91} INFO - Job 2138: Subtask era5_instant
[2026-06-22T13:00:02.313+0000] {task_command.py:426} INFO - Running <TaskInstance: era5_download_pipeline.era5_instant scheduled__2026-06-22T12:00:00+00:00 [running]> on host 01cd476fb21a
[2026-06-22T13:00:02.442+0000] {taskinstance.py:2648} INFO - Exporting env vars: AIRFLOW_CTX_DAG_OWNER='era5' AIRFLOW_CTX_DAG_ID='era5_download_pipeline' AIRFLOW_CTX_TASK_ID='era5_instant' AIRFLOW_CTX_EXECUTION_DATE='2026-06-22T12:00:00+00:00' AIRFLOW_CTX_TRY_NUMBER='1' AIRFLOW_CTX_DAG_RUN_ID='scheduled__2026-06-22T12:00:00+00:00'
[2026-06-22T13:00:02.445+0000] {taskinstance.py:430} INFO - ::endgroup::
[2026-06-22T13:00:03.531+0000] {logging_mixin.py:188} WARNING - 2026-06-22 13:00:03 [INFO] === START job=instant date=2026-06-22 ===
[2026-06-22T13:00:03.531+0000] {era5_functions.py:368} INFO - === START job=instant date=2026-06-22 ===
[2026-06-22T13:00:03.534+0000] {logging_mixin.py:188} WARNING - 2026-06-22 13:00:03 [INFO] --- job=instant date=20260622 ---
[2026-06-22T13:00:03.534+0000] {era5_functions.py:330} INFO - --- job=instant date=20260622 ---
[2026-06-22T13:00:04.529+0000] {logging_mixin.py:188} WARNING - 2026-06-22 13:00:04 [WARNING] get_cds_count failed: 400 Client Error: Bad Request for url: https://cds.climate.copernicus.eu/api/retrieve/v1/processes/reanalysis-era5-single-levels/execution
invalid request
None of the data you have requested is available yet, please revise the period requested. The latest date available for this dataset is: 2026-06-17 13:00
[2026-06-22T13:00:04.529+0000] {era5_functions.py:131} WARNING - get_cds_count failed: 400 Client Error: Bad Request for url: https://cds.climate.copernicus.eu/api/retrieve/v1/processes/reanalysis-era5-single-levels/execution
invalid request
None of the data you have requested is available yet, please revise the period requested. The latest date available for this dataset is: 2026-06-17 13:00
[2026-06-22T13:00:04.534+0000] {logging_mixin.py:188} WARNING - 2026-06-22 13:00:04 [WARNING] CDS ยังไม่มีข้อมูล job=instant date=20260622, skip
[2026-06-22T13:00:04.534+0000] {era5_functions.py:335} WARNING - CDS ยังไม่มีข้อมูล job=instant date=20260622, skip
[2026-06-22T13:00:04.537+0000] {logging_mixin.py:188} WARNING - 2026-06-22 13:00:04 [INFO] --- job=instant date=20260621 ---
[2026-06-22T13:00:04.537+0000] {era5_functions.py:330} INFO - --- job=instant date=20260621 ---
[2026-06-22T13:00:05.134+0000] {logging_mixin.py:188} WARNING - 2026-06-22 13:00:05 [WARNING] get_cds_count failed: 400 Client Error: Bad Request for url: https://cds.climate.copernicus.eu/api/retrieve/v1/processes/reanalysis-era5-single-levels/execution
invalid request
None of the data you have requested is available yet, please revise the period requested. The latest date available for this dataset is: 2026-06-17 13:00
[2026-06-22T13:00:05.134+0000] {era5_functions.py:131} WARNING - get_cds_count failed: 400 Client Error: Bad Request for url: https://cds.climate.copernicus.eu/api/retrieve/v1/processes/reanalysis-era5-single-levels/execution
invalid request
None of the data you have requested is available yet, please revise the period requested. The latest date available for this dataset is: 2026-06-17 13:00
[2026-06-22T13:00:05.140+0000] {logging_mixin.py:188} WARNING - 2026-06-22 13:00:05 [WARNING] CDS ยังไม่มีข้อมูล job=instant date=20260621, skip
[2026-06-22T13:00:05.139+0000] {era5_functions.py:335} WARNING - CDS ยังไม่มีข้อมูล job=instant date=20260621, skip
[2026-06-22T13:00:05.144+0000] {logging_mixin.py:188} WARNING - 2026-06-22 13:00:05 [INFO] --- job=instant date=20260620 ---
[2026-06-22T13:00:05.144+0000] {era5_functions.py:330} INFO - --- job=instant date=20260620 ---
[2026-06-22T13:00:06.133+0000] {logging_mixin.py:188} WARNING - 2026-06-22 13:00:06 [WARNING] get_cds_count failed: 400 Client Error: Bad Request for url: https://cds.climate.copernicus.eu/api/retrieve/v1/processes/reanalysis-era5-single-levels/execution
invalid request
None of the data you have requested is available yet, please revise the period requested. The latest date available for this dataset is: 2026-06-17 13:00
[2026-06-22T13:00:06.132+0000] {era5_functions.py:131} WARNING - get_cds_count failed: 400 Client Error: Bad Request for url: https://cds.climate.copernicus.eu/api/retrieve/v1/processes/reanalysis-era5-single-levels/execution
invalid request
None of the data you have requested is available yet, please revise the period requested. The latest date available for this dataset is: 2026-06-17 13:00
[2026-06-22T13:00:06.138+0000] {logging_mixin.py:188} WARNING - 2026-06-22 13:00:06 [WARNING] CDS ยังไม่มีข้อมูล job=instant date=20260620, skip
[2026-06-22T13:00:06.138+0000] {era5_functions.py:335} WARNING - CDS ยังไม่มีข้อมูล job=instant date=20260620, skip
[2026-06-22T13:00:06.142+0000] {logging_mixin.py:188} WARNING - 2026-06-22 13:00:06 [INFO] --- job=instant date=20260619 ---
[2026-06-22T13:00:06.142+0000] {era5_functions.py:330} INFO - --- job=instant date=20260619 ---
[2026-06-22T13:00:07.089+0000] {logging_mixin.py:188} WARNING - 2026-06-22 13:00:07 [WARNING] get_cds_count failed: 400 Client Error: Bad Request for url: https://cds.climate.copernicus.eu/api/retrieve/v1/processes/reanalysis-era5-single-levels/execution
invalid request
None of the data you have requested is available yet, please revise the period requested. The latest date available for this dataset is: 2026-06-17 13:00
[2026-06-22T13:00:07.088+0000] {era5_functions.py:131} WARNING - get_cds_count failed: 400 Client Error: Bad Request for url: https://cds.climate.copernicus.eu/api/retrieve/v1/processes/reanalysis-era5-single-levels/execution
invalid request
None of the data you have requested is available yet, please revise the period requested. The latest date available for this dataset is: 2026-06-17 13:00
[2026-06-22T13:00:07.094+0000] {logging_mixin.py:188} WARNING - 2026-06-22 13:00:07 [WARNING] CDS ยังไม่มีข้อมูล job=instant date=20260619, skip
[2026-06-22T13:00:07.094+0000] {era5_functions.py:335} WARNING - CDS ยังไม่มีข้อมูล job=instant date=20260619, skip
[2026-06-22T13:00:07.098+0000] {logging_mixin.py:188} WARNING - 2026-06-22 13:00:07 [INFO] --- job=instant date=20260618 ---
[2026-06-22T13:00:07.098+0000] {era5_functions.py:330} INFO - --- job=instant date=20260618 ---
[2026-06-22T13:00:07.499+0000] {logging_mixin.py:188} WARNING - 2026-06-22 13:00:07 [WARNING] get_cds_count failed: 400 Client Error: Bad Request for url: https://cds.climate.copernicus.eu/api/retrieve/v1/processes/reanalysis-era5-single-levels/execution
invalid request
None of the data you have requested is available yet, please revise the period requested. The latest date available for this dataset is: 2026-06-17 13:00
[2026-06-22T13:00:07.499+0000] {era5_functions.py:131} WARNING - get_cds_count failed: 400 Client Error: Bad Request for url: https://cds.climate.copernicus.eu/api/retrieve/v1/processes/reanalysis-era5-single-levels/execution
invalid request
None of the data you have requested is available yet, please revise the period requested. The latest date available for this dataset is: 2026-06-17 13:00
[2026-06-22T13:00:07.504+0000] {logging_mixin.py:188} WARNING - 2026-06-22 13:00:07 [WARNING] CDS ยังไม่มีข้อมูล job=instant date=20260618, skip
[2026-06-22T13:00:07.504+0000] {era5_functions.py:335} WARNING - CDS ยังไม่มีข้อมูล job=instant date=20260618, skip
[2026-06-22T13:00:07.509+0000] {logging_mixin.py:188} WARNING - 2026-06-22 13:00:07 [INFO] --- job=instant date=20260617 ---
[2026-06-22T13:00:07.508+0000] {era5_functions.py:330} INFO - --- job=instant date=20260617 ---
[2026-06-22T13:00:08.183+0000] {logging_mixin.py:188} WARNING - 2026-06-22 13:00:08,183 INFO [2025-12-11T00:00:00] Please note that a dedicated catalogue entry for this dataset, post-processed and stored in Analysis Ready Cloud Optimized (ARCO) format (Zarr), is available for optimised time-series retrievals (i.e. for retrieving data from selected variables for a single point over an extended period of time in an efficient way). You can discover it [here](https://cds.climate.copernicus.eu/datasets/reanalysis-era5-single-levels-timeseries?tab=overview)
[2026-06-22T13:00:08.183+0000] {legacy_client.py:192} INFO - [2025-12-11T00:00:00] Please note that a dedicated catalogue entry for this dataset, post-processed and stored in Analysis Ready Cloud Optimized (ARCO) format (Zarr), is available for optimised time-series retrievals (i.e. for retrieving data from selected variables for a single point over an extended period of time in an efficient way). You can discover it [here](https://cds.climate.copernicus.eu/datasets/reanalysis-era5-single-levels-timeseries?tab=overview)
[2026-06-22T13:00:08.188+0000] {logging_mixin.py:188} WARNING - 2026-06-22 13:00:08,188 INFO Request ID is e750d422-ed00-4f2f-839c-8fec2326dcbd
[2026-06-22T13:00:08.188+0000] {legacy_client.py:192} INFO - Request ID is e750d422-ed00-4f2f-839c-8fec2326dcbd
[2026-06-22T13:00:08.415+0000] {logging_mixin.py:188} WARNING - 2026-06-22 13:00:08,415 INFO status has been updated to accepted
[2026-06-22T13:00:08.415+0000] {legacy_client.py:192} INFO - status has been updated to accepted
[2026-06-22T13:00:31.289+0000] {logging_mixin.py:188} WARNING - 2026-06-22 13:00:31,289 INFO status has been updated to running
[2026-06-22T13:00:31.289+0000] {legacy_client.py:192} INFO - status has been updated to running
[2026-06-22T13:00:42.886+0000] {logging_mixin.py:188} WARNING - 2026-06-22 13:00:42,885 INFO status has been updated to successful
[2026-06-22T13:00:42.885+0000] {legacy_client.py:192} INFO - status has been updated to successful
[2026-06-22T13:00:43.307+0000] {base.py:119} INFO - Downloading https://object-store.os-api.cci2.ecmwf.int:443/cci2-prod-cache-3/2026-06-22/4c61a8f5459faf74ee81b97c1e9bb6be.nc
[2026-06-22T13:00:44.307+0000] {logging_mixin.py:188} WARNING - 4c61a8f5459faf74ee81b97c1e9bb6be.nc:   0%|          | 0.00/1.52M [00:00<?, ?B/s]
[2026-06-22T13:00:49.472+0000] {logging_mixin.py:188} WARNING - 4c61a8f5459faf74ee81b97c1e9bb6be.nc:  66%|######5   | 1.00M/1.52M [00:05<00:02, 203kB/s]
[2026-06-22T13:00:52.816+0000] {logging_mixin.py:188} WARNING - 4c61a8f5459faf74ee81b97c1e9bb6be.nc: 100%|##########| 1.52M/1.52M [00:08<00:00, 184kB/s]
[2026-06-22T13:00:52.823+0000] {logging_mixin.py:188} WARNING -                                                                                         
[2026-06-22T13:00:53.123+0000] {logging_mixin.py:188} WARNING - 2026-06-22 13:00:53 [INFO] CDS timestep available: 14
[2026-06-22T13:00:53.123+0000] {era5_functions.py:128} INFO - CDS timestep available: 14
[2026-06-22T13:00:53.212+0000] {logging_mixin.py:188} WARNING - 2026-06-22 13:00:53 [INFO] local timestep: 13 — /opt/***/era5/ecmwf/data/nc/_raw/2026/06/17/instant_20260617.nc
[2026-06-22T13:00:53.212+0000] {era5_functions.py:152} INFO - local timestep: 13 — /opt/***/era5/ecmwf/data/nc/_raw/2026/06/17/instant_20260617.nc
[2026-06-22T13:00:53.222+0000] {logging_mixin.py:188} WARNING - 2026-06-22 13:00:53 [INFO] nc outdated (local=13 < cds=14), removing: /opt/***/era5/ecmwf/data/nc/_raw/2026/06/17/instant_20260617.nc
[2026-06-22T13:00:53.222+0000] {era5_functions.py:193} INFO - nc outdated (local=13 < cds=14), removing: /opt/***/era5/ecmwf/data/nc/_raw/2026/06/17/instant_20260617.nc
[2026-06-22T13:00:53.245+0000] {logging_mixin.py:188} WARNING - 2026-06-22 13:00:53 [INFO] download attempt 1/3: /opt/***/era5/ecmwf/data/nc/_raw/2026/06/17/instant_20260617.nc
[2026-06-22T13:00:53.245+0000] {era5_functions.py:200} INFO - download attempt 1/3: /opt/***/era5/ecmwf/data/nc/_raw/2026/06/17/instant_20260617.nc
[2026-06-22T13:00:54.151+0000] {http.py:514} WARNING - Recovering from HTTP error [502 Bad Gateway], attempt 1 of 500
[2026-06-22T13:00:54.153+0000] {http.py:537} WARNING - Retrying in 120 seconds
[2026-06-22T13:02:54.143+0000] {http.py:544} INFO - Retrying now...
[2026-06-22T13:02:55.434+0000] {logging_mixin.py:188} WARNING - 2026-06-22 13:02:55,434 INFO [2025-12-11T00:00:00] Please note that a dedicated catalogue entry for this dataset, post-processed and stored in Analysis Ready Cloud Optimized (ARCO) format (Zarr), is available for optimised time-series retrievals (i.e. for retrieving data from selected variables for a single point over an extended period of time in an efficient way). You can discover it [here](https://cds.climate.copernicus.eu/datasets/reanalysis-era5-single-levels-timeseries?tab=overview)
[2026-06-22T13:02:55.434+0000] {legacy_client.py:192} INFO - [2025-12-11T00:00:00] Please note that a dedicated catalogue entry for this dataset, post-processed and stored in Analysis Ready Cloud Optimized (ARCO) format (Zarr), is available for optimised time-series retrievals (i.e. for retrieving data from selected variables for a single point over an extended period of time in an efficient way). You can discover it [here](https://cds.climate.copernicus.eu/datasets/reanalysis-era5-single-levels-timeseries?tab=overview)
[2026-06-22T13:02:55.442+0000] {logging_mixin.py:188} WARNING - 2026-06-22 13:02:55,440 INFO Request ID is 342e68b2-4aed-434d-a10c-6fe55fed83b5
[2026-06-22T13:02:55.440+0000] {legacy_client.py:192} INFO - Request ID is 342e68b2-4aed-434d-a10c-6fe55fed83b5
[2026-06-22T13:02:55.704+0000] {logging_mixin.py:188} WARNING - 2026-06-22 13:02:55,704 INFO status has been updated to accepted
[2026-06-22T13:02:55.704+0000] {legacy_client.py:192} INFO - status has been updated to accepted
[2026-06-22T13:03:11.344+0000] {logging_mixin.py:188} WARNING - 2026-06-22 13:03:11,344 INFO status has been updated to running
[2026-06-22T13:03:11.344+0000] {legacy_client.py:192} INFO - status has been updated to running
[2026-06-22T13:03:19.188+0000] {logging_mixin.py:188} WARNING - 2026-06-22 13:03:19,187 INFO status has been updated to successful
[2026-06-22T13:03:19.187+0000] {legacy_client.py:192} INFO - status has been updated to successful
[2026-06-22T13:03:19.611+0000] {base.py:119} INFO - Downloading https://object-store.os-api.cci2.ecmwf.int:443/cci2-prod-cache-2/2026-06-22/abb4414f247d23cb1189f3011a899aa2.nc
[2026-06-22T13:03:20.641+0000] {logging_mixin.py:188} WARNING - abb4414f247d23cb1189f3011a899aa2.nc:   0%|          | 0.00/1.52M [00:00<?, ?B/s]
[2026-06-22T13:03:23.675+0000] {logging_mixin.py:188} WARNING - abb4414f247d23cb1189f3011a899aa2.nc:  66%|######5   | 1.00M/1.52M [00:03<00:01, 346kB/s]
[2026-06-22T13:03:24.233+0000] {logging_mixin.py:188} WARNING - abb4414f247d23cb1189f3011a899aa2.nc: 100%|##########| 1.52M/1.52M [00:03<00:00, 477kB/s]
[2026-06-22T13:03:24.252+0000] {logging_mixin.py:188} WARNING -                                                                                         
[2026-06-22T13:03:24.435+0000] {logging_mixin.py:188} WARNING - 2026-06-22 13:03:24 [INFO] nc downloaded ok: /opt/***/era5/ecmwf/data/nc/_raw/2026/06/17/instant_20260617.nc
[2026-06-22T13:03:24.434+0000] {era5_functions.py:204} INFO - nc downloaded ok: /opt/***/era5/ecmwf/data/nc/_raw/2026/06/17/instant_20260617.nc
[2026-06-22T13:03:24.562+0000] {logging_mixin.py:188} WARNING - 2026-06-22 13:03:24 [INFO] local timestep: 14 — /opt/***/era5/ecmwf/data/nc/_raw/2026/06/17/instant_20260617.nc
[2026-06-22T13:03:24.562+0000] {era5_functions.py:152} INFO - local timestep: 14 — /opt/***/era5/ecmwf/data/nc/_raw/2026/06/17/instant_20260617.nc
[2026-06-22T13:03:24.673+0000] {logging_mixin.py:188} WARNING - 2026-06-22 13:03:24 [INFO] tif outdated (tif=13 < nc=14), removing: /opt/***/era5/ecmwf/data/tif/2026/06/17/t2m_20260617.tif
[2026-06-22T13:03:24.673+0000] {era5_functions.py:261} INFO - tif outdated (tif=13 < nc=14), removing: /opt/***/era5/ecmwf/data/tif/2026/06/17/t2m_20260617.tif
[2026-06-22T13:03:24.767+0000] {logging_mixin.py:188} WARNING - 2026-06-22 13:03:24 [INFO] tif ok (bands=14): /opt/***/era5/ecmwf/data/tif/2026/06/17/t2m_20260617.tif
[2026-06-22T13:03:24.767+0000] {era5_functions.py:304} INFO - tif ok (bands=14): /opt/***/era5/ecmwf/data/tif/2026/06/17/t2m_20260617.tif
[2026-06-22T13:03:24.784+0000] {logging_mixin.py:188} WARNING - 2026-06-22 13:03:24 [INFO] tif outdated (tif=13 < nc=14), removing: /opt/***/era5/ecmwf/data/tif/2026/06/17/d2m_20260617.tif
[2026-06-22T13:03:24.784+0000] {era5_functions.py:261} INFO - tif outdated (tif=13 < nc=14), removing: /opt/***/era5/ecmwf/data/tif/2026/06/17/d2m_20260617.tif
[2026-06-22T13:03:24.874+0000] {logging_mixin.py:188} WARNING - 2026-06-22 13:03:24 [INFO] tif ok (bands=14): /opt/***/era5/ecmwf/data/tif/2026/06/17/d2m_20260617.tif
[2026-06-22T13:03:24.874+0000] {era5_functions.py:304} INFO - tif ok (bands=14): /opt/***/era5/ecmwf/data/tif/2026/06/17/d2m_20260617.tif
[2026-06-22T13:03:24.895+0000] {logging_mixin.py:188} WARNING - 2026-06-22 13:03:24 [INFO] tif outdated (tif=13 < nc=14), removing: /opt/***/era5/ecmwf/data/tif/2026/06/17/sp_20260617.tif
[2026-06-22T13:03:24.895+0000] {era5_functions.py:261} INFO - tif outdated (tif=13 < nc=14), removing: /opt/***/era5/ecmwf/data/tif/2026/06/17/sp_20260617.tif
[2026-06-22T13:03:25.000+0000] {logging_mixin.py:188} WARNING - 2026-06-22 13:03:24 [INFO] tif ok (bands=14): /opt/***/era5/ecmwf/data/tif/2026/06/17/sp_20260617.tif
[2026-06-22T13:03:24.999+0000] {era5_functions.py:304} INFO - tif ok (bands=14): /opt/***/era5/ecmwf/data/tif/2026/06/17/sp_20260617.tif
[2026-06-22T13:03:25.023+0000] {logging_mixin.py:188} WARNING - 2026-06-22 13:03:25 [INFO] tif outdated (tif=13 < nc=14), removing: /opt/***/era5/ecmwf/data/tif/2026/06/17/blh_20260617.tif
[2026-06-22T13:03:25.023+0000] {era5_functions.py:261} INFO - tif outdated (tif=13 < nc=14), removing: /opt/***/era5/ecmwf/data/tif/2026/06/17/blh_20260617.tif
[2026-06-22T13:03:25.117+0000] {logging_mixin.py:188} WARNING - 2026-06-22 13:03:25 [INFO] tif ok (bands=14): /opt/***/era5/ecmwf/data/tif/2026/06/17/blh_20260617.tif
[2026-06-22T13:03:25.116+0000] {era5_functions.py:304} INFO - tif ok (bands=14): /opt/***/era5/ecmwf/data/tif/2026/06/17/blh_20260617.tif
[2026-06-22T13:03:25.133+0000] {logging_mixin.py:188} WARNING - 2026-06-22 13:03:25 [INFO] tif outdated (tif=13 < nc=14), removing: /opt/***/era5/ecmwf/data/tif/2026/06/17/u10_20260617.tif
[2026-06-22T13:03:25.132+0000] {era5_functions.py:261} INFO - tif outdated (tif=13 < nc=14), removing: /opt/***/era5/ecmwf/data/tif/2026/06/17/u10_20260617.tif
[2026-06-22T13:03:25.234+0000] {logging_mixin.py:188} WARNING - 2026-06-22 13:03:25 [INFO] tif ok (bands=14): /opt/***/era5/ecmwf/data/tif/2026/06/17/u10_20260617.tif
[2026-06-22T13:03:25.234+0000] {era5_functions.py:304} INFO - tif ok (bands=14): /opt/***/era5/ecmwf/data/tif/2026/06/17/u10_20260617.tif
[2026-06-22T13:03:25.256+0000] {logging_mixin.py:188} WARNING - 2026-06-22 13:03:25 [INFO] tif outdated (tif=13 < nc=14), removing: /opt/***/era5/ecmwf/data/tif/2026/06/17/v10_20260617.tif
[2026-06-22T13:03:25.256+0000] {era5_functions.py:261} INFO - tif outdated (tif=13 < nc=14), removing: /opt/***/era5/ecmwf/data/tif/2026/06/17/v10_20260617.tif
[2026-06-22T13:03:25.363+0000] {logging_mixin.py:188} WARNING - 2026-06-22 13:03:25 [INFO] tif ok (bands=14): /opt/***/era5/ecmwf/data/tif/2026/06/17/v10_20260617.tif
[2026-06-22T13:03:25.363+0000] {era5_functions.py:304} INFO - tif ok (bands=14): /opt/***/era5/ecmwf/data/tif/2026/06/17/v10_20260617.tif
[2026-06-22T13:03:25.369+0000] {logging_mixin.py:188} WARNING - 2026-06-22 13:03:25 [INFO] === END job=instant date=2026-06-22 ===
[2026-06-22T13:03:25.369+0000] {era5_functions.py:379} INFO - === END job=instant date=2026-06-22 ===
[2026-06-22T13:03:25.371+0000] {python.py:237} INFO - Done. Returned value was: None
[2026-06-22T13:03:25.371+0000] {taskinstance.py:441} INFO - ::group::Post task execution logs
[2026-06-22T13:03:25.384+0000] {taskinstance.py:1206} INFO - Marking task as SUCCESS. dag_id=era5_download_pipeline, task_id=era5_instant, run_id=scheduled__2026-06-22T12:00:00+00:00, execution_date=20260622T120000, start_date=20260622T130002, end_date=20260622T130325
[2026-06-22T13:03:25.459+0000] {local_task_job_runner.py:240} INFO - Task exited with return code 0
[2026-06-22T13:03:25.484+0000] {taskinstance.py:3498} INFO - 1 downstream tasks scheduled from follow-on schedule check
[2026-06-22T13:03:25.488+0000] {local_task_job_runner.py:222} INFO - ::endgroup::
