[2026-06-21T01:00:02.416+0000] {local_task_job_runner.py:120} INFO - ::group::Pre task execution logs
[2026-06-21T01:00:02.441+0000] {taskinstance.py:2076} INFO - Dependencies all met for dep_context=non-requeueable deps ti=<TaskInstance: era5_download_pipeline.era5_rh scheduled__2026-06-21T00:00:00+00:00 [queued]>
[2026-06-21T01:00:02.451+0000] {taskinstance.py:2076} INFO - Dependencies all met for dep_context=requeueable deps ti=<TaskInstance: era5_download_pipeline.era5_rh scheduled__2026-06-21T00:00:00+00:00 [queued]>
[2026-06-21T01:00:02.453+0000] {taskinstance.py:2306} INFO - Starting attempt 1 of 1
[2026-06-21T01:00:02.472+0000] {taskinstance.py:2330} INFO - Executing <Task(PythonOperator): era5_rh> on 2026-06-21 00:00:00+00:00
[2026-06-21T01:00:02.485+0000] {warnings.py:110} WARNING - /home/***/.local/lib/python3.12/site-packages/***/task/task_runner/standard_task_runner.py:61: DeprecationWarning: This process (pid=180199) is multi-threaded, use of fork() may lead to deadlocks in the child.
  pid = os.fork()

[2026-06-21T01:00:02.488+0000] {standard_task_runner.py:63} INFO - Started process 180203 to run task
[2026-06-21T01:00:02.489+0000] {standard_task_runner.py:90} INFO - Running: ['***', 'tasks', 'run', 'era5_download_pipeline', 'era5_rh', 'scheduled__2026-06-21T00:00:00+00:00', '--job-id', '2029', '--raw', '--subdir', 'DAGS_FOLDER/era5_dag.py', '--cfg-path', '/tmp/tmppqd09jp8']
[2026-06-21T01:00:02.494+0000] {standard_task_runner.py:91} INFO - Job 2029: Subtask era5_rh
[2026-06-21T01:00:02.596+0000] {task_command.py:426} INFO - Running <TaskInstance: era5_download_pipeline.era5_rh scheduled__2026-06-21T00:00:00+00:00 [running]> on host 01cd476fb21a
[2026-06-21T01:00:02.718+0000] {taskinstance.py:2648} INFO - Exporting env vars: AIRFLOW_CTX_DAG_OWNER='era5' AIRFLOW_CTX_DAG_ID='era5_download_pipeline' AIRFLOW_CTX_TASK_ID='era5_rh' AIRFLOW_CTX_EXECUTION_DATE='2026-06-21T00:00:00+00:00' AIRFLOW_CTX_TRY_NUMBER='1' AIRFLOW_CTX_DAG_RUN_ID='scheduled__2026-06-21T00:00:00+00:00'
[2026-06-21T01:00:02.720+0000] {taskinstance.py:430} INFO - ::endgroup::
[2026-06-21T01:00:02.757+0000] {logging_mixin.py:188} WARNING - 2026-06-21 01:00:02 [WARNING] missing instant nc: /opt/***/era5/ecmwf/data/nc/_raw/2026/06/21/instant_20260621.nc
[2026-06-21T01:00:02.757+0000] {era5_rh.py:208} WARNING - missing instant nc: /opt/***/era5/ecmwf/data/nc/_raw/2026/06/21/instant_20260621.nc
[2026-06-21T01:00:02.763+0000] {logging_mixin.py:188} WARNING - 2026-06-21 01:00:02 [WARNING] missing instant nc: /opt/***/era5/ecmwf/data/nc/_raw/2026/06/20/instant_20260620.nc
[2026-06-21T01:00:02.763+0000] {era5_rh.py:208} WARNING - missing instant nc: /opt/***/era5/ecmwf/data/nc/_raw/2026/06/20/instant_20260620.nc
[2026-06-21T01:00:02.769+0000] {logging_mixin.py:188} WARNING - 2026-06-21 01:00:02 [WARNING] missing instant nc: /opt/***/era5/ecmwf/data/nc/_raw/2026/06/19/instant_20260619.nc
[2026-06-21T01:00:02.769+0000] {era5_rh.py:208} WARNING - missing instant nc: /opt/***/era5/ecmwf/data/nc/_raw/2026/06/19/instant_20260619.nc
[2026-06-21T01:00:02.775+0000] {logging_mixin.py:188} WARNING - 2026-06-21 01:00:02 [WARNING] missing instant nc: /opt/***/era5/ecmwf/data/nc/_raw/2026/06/18/instant_20260618.nc
[2026-06-21T01:00:02.775+0000] {era5_rh.py:208} WARNING - missing instant nc: /opt/***/era5/ecmwf/data/nc/_raw/2026/06/18/instant_20260618.nc
[2026-06-21T01:00:02.781+0000] {logging_mixin.py:188} WARNING - 2026-06-21 01:00:02 [WARNING] missing instant nc: /opt/***/era5/ecmwf/data/nc/_raw/2026/06/17/instant_20260617.nc
[2026-06-21T01:00:02.780+0000] {era5_rh.py:208} WARNING - missing instant nc: /opt/***/era5/ecmwf/data/nc/_raw/2026/06/17/instant_20260617.nc
[2026-06-21T01:00:03.237+0000] {logging_mixin.py:188} WARNING - 2026-06-21 01:00:03 [INFO] RH nc created: /opt/***/era5/ecmwf/data/nc/rh/2026/06/16/rh_20260616.nc
[2026-06-21T01:00:03.237+0000] {era5_rh.py:115} INFO - RH nc created: /opt/***/era5/ecmwf/data/nc/rh/2026/06/16/rh_20260616.nc
[2026-06-21T01:00:03.349+0000] {logging_mixin.py:188} WARNING - 2026-06-21 01:00:03 [INFO] RH tif created: /opt/***/era5/ecmwf/data/tif/2026/06/16/rh_20260616.tif
[2026-06-21T01:00:03.349+0000] {era5_rh.py:183} INFO - RH tif created: /opt/***/era5/ecmwf/data/tif/2026/06/16/rh_20260616.tif
[2026-06-21T01:00:03.356+0000] {python.py:237} INFO - Done. Returned value was: None
[2026-06-21T01:00:03.357+0000] {taskinstance.py:441} INFO - ::group::Post task execution logs
[2026-06-21T01:00:03.375+0000] {taskinstance.py:1206} INFO - Marking task as SUCCESS. dag_id=era5_download_pipeline, task_id=era5_rh, run_id=scheduled__2026-06-21T00:00:00+00:00, execution_date=20260621T000000, start_date=20260621T010002, end_date=20260621T010003
[2026-06-21T01:00:03.427+0000] {local_task_job_runner.py:240} INFO - Task exited with return code 0
[2026-06-21T01:00:03.453+0000] {taskinstance.py:3498} INFO - 0 downstream tasks scheduled from follow-on schedule check
[2026-06-21T01:00:03.457+0000] {local_task_job_runner.py:222} INFO - ::endgroup::
