[2026-05-27T15:01:24.596+0000] {local_task_job_runner.py:120} INFO - ::group::Pre task execution logs
[2026-05-27T15:01:24.619+0000] {taskinstance.py:2076} INFO - Dependencies all met for dep_context=non-requeueable deps ti=<TaskInstance: era5_download_pipeline.era5_accum scheduled__2026-05-27T14:00:00+00:00 [queued]>
[2026-05-27T15:01:24.630+0000] {taskinstance.py:2076} INFO - Dependencies all met for dep_context=requeueable deps ti=<TaskInstance: era5_download_pipeline.era5_accum scheduled__2026-05-27T14:00:00+00:00 [queued]>
[2026-05-27T15:01:24.632+0000] {taskinstance.py:2306} INFO - Starting attempt 1 of 1
[2026-05-27T15:01:24.648+0000] {taskinstance.py:2330} INFO - Executing <Task(PythonOperator): era5_accum> on 2026-05-27 14:00:00+00:00
[2026-05-27T15:01:24.660+0000] {warnings.py:110} WARNING - /home/***/.local/lib/python3.12/site-packages/***/task/task_runner/standard_task_runner.py:61: DeprecationWarning: This process (pid=10408) is multi-threaded, use of fork() may lead to deadlocks in the child.
  pid = os.fork()

[2026-05-27T15:01:24.664+0000] {standard_task_runner.py:63} INFO - Started process 10410 to run task
[2026-05-27T15:01:24.663+0000] {standard_task_runner.py:90} INFO - Running: ['***', 'tasks', 'run', 'era5_download_pipeline', 'era5_accum', 'scheduled__2026-05-27T14:00:00+00:00', '--job-id', '556', '--raw', '--subdir', 'DAGS_FOLDER/era5_dag.py', '--cfg-path', '/tmp/tmp2gtuieh3']
[2026-05-27T15:01:24.666+0000] {standard_task_runner.py:91} INFO - Job 556: Subtask era5_accum
[2026-05-27T15:01:24.736+0000] {task_command.py:426} INFO - Running <TaskInstance: era5_download_pipeline.era5_accum scheduled__2026-05-27T14:00:00+00:00 [running]> on host 72692237d8f2
[2026-05-27T15:01:24.859+0000] {taskinstance.py:2648} INFO - Exporting env vars: AIRFLOW_CTX_DAG_OWNER='era5' AIRFLOW_CTX_DAG_ID='era5_download_pipeline' AIRFLOW_CTX_TASK_ID='era5_accum' AIRFLOW_CTX_EXECUTION_DATE='2026-05-27T14:00:00+00:00' AIRFLOW_CTX_TRY_NUMBER='1' AIRFLOW_CTX_DAG_RUN_ID='scheduled__2026-05-27T14:00:00+00:00'
[2026-05-27T15:01:24.863+0000] {taskinstance.py:430} INFO - ::endgroup::
[2026-05-27T15:01:25.933+0000] {logging_mixin.py:188} WARNING - 2026-05-27 15:01:25 [INFO] === START job=accum date=2026-05-27 ===
[2026-05-27T15:01:25.932+0000] {era5_functions.py:322} INFO - === START job=accum date=2026-05-27 ===
[2026-05-27T15:01:25.939+0000] {logging_mixin.py:188} WARNING - 2026-05-27 15:01:25 [INFO] --- job=accum date=20260527 ---
[2026-05-27T15:01:25.939+0000] {era5_functions.py:290} INFO - --- job=accum date=20260527 ---
[2026-05-27T15:01:26.774+0000] {logging_mixin.py:188} WARNING - 2026-05-27 15:01:26 [WARNING] get_cds_count failed: 400 Client Error: Bad Request for url: https://cds.climate.copernicus.eu/api/retrieve/v1/processes/reanalysis-era5-single-levels/execution
invalid request
None of the data you have requested is available yet, please revise the period requested. The latest date available for this dataset is: 2026-05-22 15:00
[2026-05-27T15:01:26.774+0000] {era5_functions.py:120} WARNING - get_cds_count failed: 400 Client Error: Bad Request for url: https://cds.climate.copernicus.eu/api/retrieve/v1/processes/reanalysis-era5-single-levels/execution
invalid request
None of the data you have requested is available yet, please revise the period requested. The latest date available for this dataset is: 2026-05-22 15:00
[2026-05-27T15:01:26.780+0000] {logging_mixin.py:188} WARNING - 2026-05-27 15:01:26 [WARNING] CDS ยังไม่มีข้อมูล job=accum date=20260527, skip
[2026-05-27T15:01:26.780+0000] {era5_functions.py:295} WARNING - CDS ยังไม่มีข้อมูล job=accum date=20260527, skip
[2026-05-27T15:01:26.784+0000] {logging_mixin.py:188} WARNING - 2026-05-27 15:01:26 [INFO] --- job=accum date=20260526 ---
[2026-05-27T15:01:26.784+0000] {era5_functions.py:290} INFO - --- job=accum date=20260526 ---
[2026-05-27T15:01:27.211+0000] {logging_mixin.py:188} WARNING - 2026-05-27 15:01:27 [WARNING] get_cds_count failed: 400 Client Error: Bad Request for url: https://cds.climate.copernicus.eu/api/retrieve/v1/processes/reanalysis-era5-single-levels/execution
invalid request
None of the data you have requested is available yet, please revise the period requested. The latest date available for this dataset is: 2026-05-22 15:00
[2026-05-27T15:01:27.211+0000] {era5_functions.py:120} WARNING - get_cds_count failed: 400 Client Error: Bad Request for url: https://cds.climate.copernicus.eu/api/retrieve/v1/processes/reanalysis-era5-single-levels/execution
invalid request
None of the data you have requested is available yet, please revise the period requested. The latest date available for this dataset is: 2026-05-22 15:00
[2026-05-27T15:01:27.216+0000] {logging_mixin.py:188} WARNING - 2026-05-27 15:01:27 [WARNING] CDS ยังไม่มีข้อมูล job=accum date=20260526, skip
[2026-05-27T15:01:27.216+0000] {era5_functions.py:295} WARNING - CDS ยังไม่มีข้อมูล job=accum date=20260526, skip
[2026-05-27T15:01:27.220+0000] {logging_mixin.py:188} WARNING - 2026-05-27 15:01:27 [INFO] --- job=accum date=20260525 ---
[2026-05-27T15:01:27.220+0000] {era5_functions.py:290} INFO - --- job=accum date=20260525 ---
[2026-05-27T15:01:27.645+0000] {logging_mixin.py:188} WARNING - 2026-05-27 15:01:27 [WARNING] get_cds_count failed: 400 Client Error: Bad Request for url: https://cds.climate.copernicus.eu/api/retrieve/v1/processes/reanalysis-era5-single-levels/execution
invalid request
None of the data you have requested is available yet, please revise the period requested. The latest date available for this dataset is: 2026-05-22 15:00
[2026-05-27T15:01:27.645+0000] {era5_functions.py:120} WARNING - get_cds_count failed: 400 Client Error: Bad Request for url: https://cds.climate.copernicus.eu/api/retrieve/v1/processes/reanalysis-era5-single-levels/execution
invalid request
None of the data you have requested is available yet, please revise the period requested. The latest date available for this dataset is: 2026-05-22 15:00
[2026-05-27T15:01:27.648+0000] {logging_mixin.py:188} WARNING - 2026-05-27 15:01:27 [WARNING] CDS ยังไม่มีข้อมูล job=accum date=20260525, skip
[2026-05-27T15:01:27.648+0000] {era5_functions.py:295} WARNING - CDS ยังไม่มีข้อมูล job=accum date=20260525, skip
[2026-05-27T15:01:27.649+0000] {logging_mixin.py:188} WARNING - 2026-05-27 15:01:27 [INFO] --- job=accum date=20260524 ---
[2026-05-27T15:01:27.649+0000] {era5_functions.py:290} INFO - --- job=accum date=20260524 ---
[2026-05-27T15:01:28.061+0000] {logging_mixin.py:188} WARNING - 2026-05-27 15:01:28 [WARNING] get_cds_count failed: 400 Client Error: Bad Request for url: https://cds.climate.copernicus.eu/api/retrieve/v1/processes/reanalysis-era5-single-levels/execution
invalid request
None of the data you have requested is available yet, please revise the period requested. The latest date available for this dataset is: 2026-05-22 15:00
[2026-05-27T15:01:28.060+0000] {era5_functions.py:120} WARNING - get_cds_count failed: 400 Client Error: Bad Request for url: https://cds.climate.copernicus.eu/api/retrieve/v1/processes/reanalysis-era5-single-levels/execution
invalid request
None of the data you have requested is available yet, please revise the period requested. The latest date available for this dataset is: 2026-05-22 15:00
[2026-05-27T15:01:28.066+0000] {logging_mixin.py:188} WARNING - 2026-05-27 15:01:28 [WARNING] CDS ยังไม่มีข้อมูล job=accum date=20260524, skip
[2026-05-27T15:01:28.066+0000] {era5_functions.py:295} WARNING - CDS ยังไม่มีข้อมูล job=accum date=20260524, skip
[2026-05-27T15:01:28.071+0000] {logging_mixin.py:188} WARNING - 2026-05-27 15:01:28 [INFO] --- job=accum date=20260523 ---
[2026-05-27T15:01:28.070+0000] {era5_functions.py:290} INFO - --- job=accum date=20260523 ---
[2026-05-27T15:01:28.474+0000] {logging_mixin.py:188} WARNING - 2026-05-27 15:01:28 [WARNING] get_cds_count failed: 400 Client Error: Bad Request for url: https://cds.climate.copernicus.eu/api/retrieve/v1/processes/reanalysis-era5-single-levels/execution
invalid request
None of the data you have requested is available yet, please revise the period requested. The latest date available for this dataset is: 2026-05-22 15:00
[2026-05-27T15:01:28.474+0000] {era5_functions.py:120} WARNING - get_cds_count failed: 400 Client Error: Bad Request for url: https://cds.climate.copernicus.eu/api/retrieve/v1/processes/reanalysis-era5-single-levels/execution
invalid request
None of the data you have requested is available yet, please revise the period requested. The latest date available for this dataset is: 2026-05-22 15:00
[2026-05-27T15:01:28.478+0000] {logging_mixin.py:188} WARNING - 2026-05-27 15:01:28 [WARNING] CDS ยังไม่มีข้อมูล job=accum date=20260523, skip
[2026-05-27T15:01:28.477+0000] {era5_functions.py:295} WARNING - CDS ยังไม่มีข้อมูล job=accum date=20260523, skip
[2026-05-27T15:01:28.481+0000] {logging_mixin.py:188} WARNING - 2026-05-27 15:01:28 [INFO] --- job=accum date=20260522 ---
[2026-05-27T15:01:28.480+0000] {era5_functions.py:290} INFO - --- job=accum date=20260522 ---
[2026-05-27T15:01:28.998+0000] {logging_mixin.py:188} WARNING - 2026-05-27 15:01:28,998 INFO [2025-12-11T00:00:00] Please note that a dedicated catalogue entry for this dataset, post-processed and stored in Analysis Ready Cloud Optimized (ARCO) format (Zarr), is available for optimised time-series retrievals (i.e. for retrieving data from selected variables for a single point over an extended period of time in an efficient way). You can discover it [here](https://cds.climate.copernicus.eu/datasets/reanalysis-era5-single-levels-timeseries?tab=overview)
[2026-05-27T15:01:28.998+0000] {legacy_client.py:192} INFO - [2025-12-11T00:00:00] Please note that a dedicated catalogue entry for this dataset, post-processed and stored in Analysis Ready Cloud Optimized (ARCO) format (Zarr), is available for optimised time-series retrievals (i.e. for retrieving data from selected variables for a single point over an extended period of time in an efficient way). You can discover it [here](https://cds.climate.copernicus.eu/datasets/reanalysis-era5-single-levels-timeseries?tab=overview)
[2026-05-27T15:01:29.003+0000] {logging_mixin.py:188} WARNING - 2026-05-27 15:01:29,003 INFO Request ID is 698da682-234a-4b3a-9030-6eeb614212d2
[2026-05-27T15:01:29.003+0000] {legacy_client.py:192} INFO - Request ID is 698da682-234a-4b3a-9030-6eeb614212d2
[2026-05-27T15:01:29.230+0000] {logging_mixin.py:188} WARNING - 2026-05-27 15:01:29,229 INFO status has been updated to accepted
[2026-05-27T15:01:29.229+0000] {legacy_client.py:192} INFO - status has been updated to accepted
[2026-05-27T15:01:43.504+0000] {logging_mixin.py:188} WARNING - 2026-05-27 15:01:43,504 INFO status has been updated to running
[2026-05-27T15:01:43.504+0000] {legacy_client.py:192} INFO - status has been updated to running
[2026-05-27T15:01:51.313+0000] {logging_mixin.py:188} WARNING - 2026-05-27 15:01:51,312 INFO status has been updated to successful
[2026-05-27T15:01:51.312+0000] {legacy_client.py:192} INFO - status has been updated to successful
[2026-05-27T15:01:51.734+0000] {base.py:119} INFO - Downloading https://object-store.os-api.cci2.ecmwf.int:443/cci2-prod-cache-1/2026-05-27/d3d583328e542f86edfa54a5ba703ab7.nc
[2026-05-27T15:01:52.437+0000] {logging_mixin.py:188} WARNING - d3d583328e542f86edfa54a5ba703ab7.nc:   0%|          | 0.00/233k [00:00<?, ?B/s]
[2026-05-27T15:01:53.848+0000] {logging_mixin.py:188} WARNING - d3d583328e542f86edfa54a5ba703ab7.nc: 100%|##########| 233k/233k [00:01<00:00, 170kB/s]
[2026-05-27T15:01:53.854+0000] {logging_mixin.py:188} WARNING -                                                                                       
[2026-05-27T15:01:54.170+0000] {logging_mixin.py:188} WARNING - 2026-05-27 15:01:54 [INFO] CDS timestep available: 16
[2026-05-27T15:01:54.170+0000] {era5_functions.py:117} INFO - CDS timestep available: 16
[2026-05-27T15:01:54.233+0000] {logging_mixin.py:188} WARNING - 2026-05-27 15:01:54 [INFO] local timestep: 15 — /opt/***/era5/ecmwf/data/nc/_raw/2026/05/22/accum_20260522.nc
[2026-05-27T15:01:54.233+0000] {era5_functions.py:141} INFO - local timestep: 15 — /opt/***/era5/ecmwf/data/nc/_raw/2026/05/22/accum_20260522.nc
[2026-05-27T15:01:54.246+0000] {logging_mixin.py:188} WARNING - 2026-05-27 15:01:54 [INFO] nc outdated (local=15 < cds=16), removing: /opt/***/era5/ecmwf/data/nc/_raw/2026/05/22/accum_20260522.nc
[2026-05-27T15:01:54.245+0000] {era5_functions.py:167} INFO - nc outdated (local=15 < cds=16), removing: /opt/***/era5/ecmwf/data/nc/_raw/2026/05/22/accum_20260522.nc
[2026-05-27T15:01:54.290+0000] {logging_mixin.py:188} WARNING - 2026-05-27 15:01:54 [INFO] download attempt 1/3: /opt/***/era5/ecmwf/data/nc/_raw/2026/05/22/accum_20260522.nc
[2026-05-27T15:01:54.290+0000] {era5_functions.py:174} INFO - download attempt 1/3: /opt/***/era5/ecmwf/data/nc/_raw/2026/05/22/accum_20260522.nc
[2026-05-27T15:01:55.052+0000] {logging_mixin.py:188} WARNING - 2026-05-27 15:01:55,051 INFO [2025-12-11T00:00:00] Please note that a dedicated catalogue entry for this dataset, post-processed and stored in Analysis Ready Cloud Optimized (ARCO) format (Zarr), is available for optimised time-series retrievals (i.e. for retrieving data from selected variables for a single point over an extended period of time in an efficient way). You can discover it [here](https://cds.climate.copernicus.eu/datasets/reanalysis-era5-single-levels-timeseries?tab=overview)
[2026-05-27T15:01:55.051+0000] {legacy_client.py:192} INFO - [2025-12-11T00:00:00] Please note that a dedicated catalogue entry for this dataset, post-processed and stored in Analysis Ready Cloud Optimized (ARCO) format (Zarr), is available for optimised time-series retrievals (i.e. for retrieving data from selected variables for a single point over an extended period of time in an efficient way). You can discover it [here](https://cds.climate.copernicus.eu/datasets/reanalysis-era5-single-levels-timeseries?tab=overview)
[2026-05-27T15:01:55.055+0000] {logging_mixin.py:188} WARNING - 2026-05-27 15:01:55,055 INFO Request ID is 3a8500c3-3d3f-470b-84f3-20e771715a13
[2026-05-27T15:01:55.055+0000] {legacy_client.py:192} INFO - Request ID is 3a8500c3-3d3f-470b-84f3-20e771715a13
[2026-05-27T15:01:55.460+0000] {logging_mixin.py:188} WARNING - 2026-05-27 15:01:55,459 INFO status has been updated to accepted
[2026-05-27T15:01:55.459+0000] {legacy_client.py:192} INFO - status has been updated to accepted
[2026-05-27T15:02:09.980+0000] {logging_mixin.py:188} WARNING - 2026-05-27 15:02:09,979 INFO status has been updated to running
[2026-05-27T15:02:09.979+0000] {legacy_client.py:192} INFO - status has been updated to running
[2026-05-27T15:02:17.787+0000] {logging_mixin.py:188} WARNING - 2026-05-27 15:02:17,787 INFO status has been updated to successful
[2026-05-27T15:02:17.787+0000] {legacy_client.py:192} INFO - status has been updated to successful
[2026-05-27T15:02:18.229+0000] {base.py:119} INFO - Downloading https://object-store.os-api.cci2.ecmwf.int:443/cci2-prod-cache-3/2026-05-27/707059bb4cf33009738bac0a46a6bc24.nc
[2026-05-27T15:02:18.884+0000] {logging_mixin.py:188} WARNING - 707059bb4cf33009738bac0a46a6bc24.nc:   0%|          | 0.00/233k [00:00<?, ?B/s]
[2026-05-27T15:02:20.680+0000] {logging_mixin.py:188} WARNING - 707059bb4cf33009738bac0a46a6bc24.nc: 100%|##########| 233k/233k [00:01<00:00, 133kB/s]
[2026-05-27T15:02:20.701+0000] {logging_mixin.py:188} WARNING -                                                                                       
[2026-05-27T15:02:20.782+0000] {logging_mixin.py:188} WARNING - 2026-05-27 15:02:20 [INFO] nc downloaded ok: /opt/***/era5/ecmwf/data/nc/_raw/2026/05/22/accum_20260522.nc
[2026-05-27T15:02:20.782+0000] {era5_functions.py:178} INFO - nc downloaded ok: /opt/***/era5/ecmwf/data/nc/_raw/2026/05/22/accum_20260522.nc
[2026-05-27T15:02:20.850+0000] {era5_functions.py:94} DEBUG - tif band 15 < cds 16: /opt/***/era5/ecmwf/data/tif/2026/05/22/tp_20260522.tif
[2026-05-27T15:02:20.944+0000] {logging_mixin.py:188} WARNING - 2026-05-27 15:02:20 [INFO] tif ok: /opt/***/era5/ecmwf/data/tif/2026/05/22/tp_20260522.tif
[2026-05-27T15:02:20.944+0000] {era5_functions.py:264} INFO - tif ok: /opt/***/era5/ecmwf/data/tif/2026/05/22/tp_20260522.tif
[2026-05-27T15:02:20.949+0000] {logging_mixin.py:188} WARNING - 2026-05-27 15:02:20 [INFO] === END job=accum date=2026-05-27 ===
[2026-05-27T15:02:20.949+0000] {era5_functions.py:333} INFO - === END job=accum date=2026-05-27 ===
[2026-05-27T15:02:20.951+0000] {python.py:237} INFO - Done. Returned value was: None
[2026-05-27T15:02:20.952+0000] {taskinstance.py:441} INFO - ::group::Post task execution logs
[2026-05-27T15:02:20.970+0000] {taskinstance.py:1206} INFO - Marking task as SUCCESS. dag_id=era5_download_pipeline, task_id=era5_accum, run_id=scheduled__2026-05-27T14:00:00+00:00, execution_date=20260527T140000, start_date=20260527T150124, end_date=20260527T150220
[2026-05-27T15:02:21.049+0000] {local_task_job_runner.py:240} INFO - Task exited with return code 0
[2026-05-27T15:02:21.076+0000] {taskinstance.py:3498} INFO - 0 downstream tasks scheduled from follow-on schedule check
[2026-05-27T15:02:21.081+0000] {local_task_job_runner.py:222} INFO - ::endgroup::
