[2026-05-22T21:00:02.713+0000] {local_task_job_runner.py:120} INFO - ::group::Pre task execution logs
[2026-05-22T21:00:02.740+0000] {taskinstance.py:2076} INFO - Dependencies all met for dep_context=non-requeueable deps ti=<TaskInstance: era5_ecmwf_pipeline.era5_accum scheduled__2026-05-22T20:00:00+00:00 [queued]>
[2026-05-22T21:00:02.753+0000] {taskinstance.py:2076} INFO - Dependencies all met for dep_context=requeueable deps ti=<TaskInstance: era5_ecmwf_pipeline.era5_accum scheduled__2026-05-22T20:00:00+00:00 [queued]>
[2026-05-22T21:00:02.754+0000] {taskinstance.py:2306} INFO - Starting attempt 1 of 1
[2026-05-22T21:00:02.774+0000] {taskinstance.py:2330} INFO - Executing <Task(PythonOperator): era5_accum> on 2026-05-22 20:00:00+00:00
[2026-05-22T21:00:02.786+0000] {warnings.py:110} WARNING - /home/***/.local/lib/python3.12/site-packages/***/task/task_runner/standard_task_runner.py:61: DeprecationWarning: This process (pid=13599) is multi-threaded, use of fork() may lead to deadlocks in the child.
  pid = os.fork()

[2026-05-22T21:00:02.789+0000] {standard_task_runner.py:63} INFO - Started process 13603 to run task
[2026-05-22T21:00:02.789+0000] {standard_task_runner.py:90} INFO - Running: ['***', 'tasks', 'run', 'era5_ecmwf_pipeline', 'era5_accum', 'scheduled__2026-05-22T20:00:00+00:00', '--job-id', '341', '--raw', '--subdir', 'DAGS_FOLDER/era5_dag.py', '--cfg-path', '/tmp/tmp0kcrgd_z']
[2026-05-22T21:00:02.794+0000] {standard_task_runner.py:91} INFO - Job 341: Subtask era5_accum
[2026-05-22T21:00:02.890+0000] {task_command.py:426} INFO - Running <TaskInstance: era5_ecmwf_pipeline.era5_accum scheduled__2026-05-22T20:00:00+00:00 [running]> on host fc8478f399e7
[2026-05-22T21:00:03.037+0000] {taskinstance.py:2648} INFO - Exporting env vars: AIRFLOW_CTX_DAG_OWNER='***' AIRFLOW_CTX_DAG_ID='era5_ecmwf_pipeline' AIRFLOW_CTX_TASK_ID='era5_accum' AIRFLOW_CTX_EXECUTION_DATE='2026-05-22T20:00:00+00:00' AIRFLOW_CTX_TRY_NUMBER='1' AIRFLOW_CTX_DAG_RUN_ID='scheduled__2026-05-22T20:00:00+00:00'
[2026-05-22T21:00:03.039+0000] {taskinstance.py:430} INFO - ::endgroup::
[2026-05-22T21:00:03.061+0000] {logging_mixin.py:188} INFO - RUN → accum | 2026-05-17
[2026-05-22T21:00:03.076+0000] {era5_logger.py:51} INFO - Log file: logs/era5/2026/05/17/era5_20260517.log
[2026-05-22T21:00:03.077+0000] {era5_functions.py:329} INFO - ERA5 [ACCUM] START: 2026-05-17
[2026-05-22T21:00:04.119+0000] {era5_functions.py:285} INFO - ============================================================
[2026-05-22T21:00:04.121+0000] {era5_functions.py:286} INFO - JOB : ACCUM | 2026-05-17
[2026-05-22T21:00:04.123+0000] {era5_functions.py:287} INFO - VARS: ['tp']
[2026-05-22T21:00:04.126+0000] {era5_functions.py:288} INFO - ============================================================
[2026-05-22T21:00:04.474+0000] {era5_functions.py:63} WARNING - [VALIDATE NC] accum_20260517.nc → NOT READY (4/24)
[2026-05-22T21:00:04.476+0000] {era5_functions.py:123} WARNING - [NC] ERA5 not ready → accum_20260517.nc
[2026-05-22T21:00:04.478+0000] {era5_functions.py:295} WARNING - [PIPELINE] skip tif → nc not ready
[2026-05-22T21:00:04.479+0000] {era5_functions.py:341} INFO - ERA5 [ACCUM] COMPLETE ✓
[2026-05-22T21:00:04.481+0000] {logging_mixin.py:188} INFO - RUN → accum | 2026-05-16
[2026-05-22T21:00:04.486+0000] {era5_logger.py:51} INFO - Log file: logs/era5/2026/05/16/era5_20260516.log
[2026-05-22T21:00:04.487+0000] {era5_functions.py:329} INFO - ERA5 [ACCUM] START: 2026-05-16
[2026-05-22T21:00:05.475+0000] {era5_functions.py:285} INFO - ============================================================
[2026-05-22T21:00:05.477+0000] {era5_functions.py:286} INFO - JOB : ACCUM | 2026-05-16
[2026-05-22T21:00:05.478+0000] {era5_functions.py:287} INFO - VARS: ['tp']
[2026-05-22T21:00:05.479+0000] {era5_functions.py:288} INFO - ============================================================
[2026-05-22T21:00:05.545+0000] {era5_functions.py:63} WARNING - [VALIDATE NC] accum_20260516.nc → NOT READY (2/24)
[2026-05-22T21:00:05.548+0000] {era5_functions.py:123} WARNING - [NC] ERA5 not ready → accum_20260516.nc
[2026-05-22T21:00:05.550+0000] {era5_functions.py:295} WARNING - [PIPELINE] skip tif → nc not ready
[2026-05-22T21:00:05.551+0000] {era5_functions.py:341} INFO - ERA5 [ACCUM] COMPLETE ✓
[2026-05-22T21:00:05.552+0000] {logging_mixin.py:188} INFO - RUN → accum | 2026-05-15
[2026-05-22T21:00:05.558+0000] {era5_logger.py:51} INFO - Log file: logs/era5/2026/05/15/era5_20260515.log
[2026-05-22T21:00:05.559+0000] {era5_functions.py:329} INFO - ERA5 [ACCUM] START: 2026-05-15
[2026-05-22T21:00:06.547+0000] {era5_functions.py:285} INFO - ============================================================
[2026-05-22T21:00:06.549+0000] {era5_functions.py:286} INFO - JOB : ACCUM | 2026-05-15
[2026-05-22T21:00:06.551+0000] {era5_functions.py:287} INFO - VARS: ['tp']
[2026-05-22T21:00:06.553+0000] {era5_functions.py:288} INFO - ============================================================
[2026-05-22T21:00:06.604+0000] {era5_functions.py:63} WARNING - [VALIDATE NC] accum_20260515.nc → NOT READY (2/24)
[2026-05-22T21:00:06.607+0000] {era5_functions.py:123} WARNING - [NC] ERA5 not ready → accum_20260515.nc
[2026-05-22T21:00:06.608+0000] {era5_functions.py:295} WARNING - [PIPELINE] skip tif → nc not ready
[2026-05-22T21:00:06.609+0000] {era5_functions.py:341} INFO - ERA5 [ACCUM] COMPLETE ✓
[2026-05-22T21:00:06.610+0000] {python.py:237} INFO - Done. Returned value was: None
[2026-05-22T21:00:06.611+0000] {taskinstance.py:441} INFO - ::group::Post task execution logs
[2026-05-22T21:00:06.633+0000] {taskinstance.py:1206} INFO - Marking task as SUCCESS. dag_id=era5_ecmwf_pipeline, task_id=era5_accum, run_id=scheduled__2026-05-22T20:00:00+00:00, execution_date=20260522T200000, start_date=20260522T210002, end_date=20260522T210006
[2026-05-22T21:00:06.704+0000] {local_task_job_runner.py:240} INFO - Task exited with return code 0
[2026-05-22T21:00:06.724+0000] {taskinstance.py:3498} INFO - 0 downstream tasks scheduled from follow-on schedule check
[2026-05-22T21:00:06.727+0000] {local_task_job_runner.py:222} INFO - ::endgroup::
