[2026-06-22T02:00:02.384+0000] {local_task_job_runner.py:120} INFO - ::group::Pre task execution logs
[2026-06-22T02:00:02.413+0000] {taskinstance.py:2076} INFO - Dependencies all met for dep_context=non-requeueable deps ti=<TaskInstance: era5_download_pipeline.era5_instant scheduled__2026-06-22T01:00:00+00:00 [queued]>
[2026-06-22T02:00:02.424+0000] {taskinstance.py:2076} INFO - Dependencies all met for dep_context=requeueable deps ti=<TaskInstance: era5_download_pipeline.era5_instant scheduled__2026-06-22T01:00:00+00:00 [queued]>
[2026-06-22T02:00:02.426+0000] {taskinstance.py:2306} INFO - Starting attempt 1 of 1
[2026-06-22T02:00:02.443+0000] {taskinstance.py:2330} INFO - Executing <Task(PythonOperator): era5_instant> on 2026-06-22 01:00:00+00:00
[2026-06-22T02:00:02.458+0000] {warnings.py:110} WARNING - /home/***/.local/lib/python3.12/site-packages/***/task/task_runner/standard_task_runner.py:61: DeprecationWarning: This process (pid=199470) is multi-threaded, use of fork() may lead to deadlocks in the child.
  pid = os.fork()

[2026-06-22T02:00:02.462+0000] {standard_task_runner.py:63} INFO - Started process 199474 to run task
[2026-06-22T02:00:02.461+0000] {standard_task_runner.py:90} INFO - Running: ['***', 'tasks', 'run', 'era5_download_pipeline', 'era5_instant', 'scheduled__2026-06-22T01:00:00+00:00', '--job-id', '2104', '--raw', '--subdir', 'DAGS_FOLDER/era5_dag.py', '--cfg-path', '/tmp/tmpb3lfvoqs']
[2026-06-22T02:00:02.465+0000] {standard_task_runner.py:91} INFO - Job 2104: Subtask era5_instant
[2026-06-22T02:00:02.546+0000] {task_command.py:426} INFO - Running <TaskInstance: era5_download_pipeline.era5_instant scheduled__2026-06-22T01:00:00+00:00 [running]> on host 01cd476fb21a
[2026-06-22T02:00:02.674+0000] {taskinstance.py:2648} INFO - Exporting env vars: AIRFLOW_CTX_DAG_OWNER='era5' AIRFLOW_CTX_DAG_ID='era5_download_pipeline' AIRFLOW_CTX_TASK_ID='era5_instant' AIRFLOW_CTX_EXECUTION_DATE='2026-06-22T01:00:00+00:00' AIRFLOW_CTX_TRY_NUMBER='1' AIRFLOW_CTX_DAG_RUN_ID='scheduled__2026-06-22T01:00:00+00:00'
[2026-06-22T02:00:02.677+0000] {taskinstance.py:430} INFO - ::endgroup::
[2026-06-22T02:00:03.726+0000] {logging_mixin.py:188} WARNING - 2026-06-22 02:00:03 [INFO] === START job=instant date=2026-06-22 ===
[2026-06-22T02:00:03.726+0000] {era5_functions.py:368} INFO - === START job=instant date=2026-06-22 ===
[2026-06-22T02:00:03.730+0000] {logging_mixin.py:188} WARNING - 2026-06-22 02:00:03 [INFO] --- job=instant date=20260622 ---
[2026-06-22T02:00:03.730+0000] {era5_functions.py:330} INFO - --- job=instant date=20260622 ---
[2026-06-22T02:00:06.572+0000] {logging_mixin.py:188} WARNING - 2026-06-22 02:00:06 [WARNING] get_cds_count failed: 400 Client Error: Bad Request for url: https://cds.climate.copernicus.eu/api/retrieve/v1/processes/reanalysis-era5-single-levels/execution
invalid request
None of the data you have requested is available yet, please revise the period requested. The latest date available for this dataset is: 2026-06-17 02:00
[2026-06-22T02:00:06.572+0000] {era5_functions.py:131} WARNING - get_cds_count failed: 400 Client Error: Bad Request for url: https://cds.climate.copernicus.eu/api/retrieve/v1/processes/reanalysis-era5-single-levels/execution
invalid request
None of the data you have requested is available yet, please revise the period requested. The latest date available for this dataset is: 2026-06-17 02:00
[2026-06-22T02:00:06.578+0000] {logging_mixin.py:188} WARNING - 2026-06-22 02:00:06 [WARNING] CDS ยังไม่มีข้อมูล job=instant date=20260622, skip
[2026-06-22T02:00:06.578+0000] {era5_functions.py:335} WARNING - CDS ยังไม่มีข้อมูล job=instant date=20260622, skip
[2026-06-22T02:00:06.583+0000] {logging_mixin.py:188} WARNING - 2026-06-22 02:00:06 [INFO] --- job=instant date=20260621 ---
[2026-06-22T02:00:06.582+0000] {era5_functions.py:330} INFO - --- job=instant date=20260621 ---
[2026-06-22T02:00:07.384+0000] {logging_mixin.py:188} WARNING - 2026-06-22 02:00:07 [WARNING] get_cds_count failed: 400 Client Error: Bad Request for url: https://cds.climate.copernicus.eu/api/retrieve/v1/processes/reanalysis-era5-single-levels/execution
invalid request
None of the data you have requested is available yet, please revise the period requested. The latest date available for this dataset is: 2026-06-17 02:00
[2026-06-22T02:00:07.384+0000] {era5_functions.py:131} WARNING - get_cds_count failed: 400 Client Error: Bad Request for url: https://cds.climate.copernicus.eu/api/retrieve/v1/processes/reanalysis-era5-single-levels/execution
invalid request
None of the data you have requested is available yet, please revise the period requested. The latest date available for this dataset is: 2026-06-17 02:00
[2026-06-22T02:00:07.387+0000] {logging_mixin.py:188} WARNING - 2026-06-22 02:00:07 [WARNING] CDS ยังไม่มีข้อมูล job=instant date=20260621, skip
[2026-06-22T02:00:07.387+0000] {era5_functions.py:335} WARNING - CDS ยังไม่มีข้อมูล job=instant date=20260621, skip
[2026-06-22T02:00:07.389+0000] {logging_mixin.py:188} WARNING - 2026-06-22 02:00:07 [INFO] --- job=instant date=20260620 ---
[2026-06-22T02:00:07.389+0000] {era5_functions.py:330} INFO - --- job=instant date=20260620 ---
[2026-06-22T02:00:08.498+0000] {logging_mixin.py:188} WARNING - 2026-06-22 02:00:08 [WARNING] get_cds_count failed: 400 Client Error: Bad Request for url: https://cds.climate.copernicus.eu/api/retrieve/v1/processes/reanalysis-era5-single-levels/execution
invalid request
None of the data you have requested is available yet, please revise the period requested. The latest date available for this dataset is: 2026-06-17 02:00
[2026-06-22T02:00:08.498+0000] {era5_functions.py:131} WARNING - get_cds_count failed: 400 Client Error: Bad Request for url: https://cds.climate.copernicus.eu/api/retrieve/v1/processes/reanalysis-era5-single-levels/execution
invalid request
None of the data you have requested is available yet, please revise the period requested. The latest date available for this dataset is: 2026-06-17 02:00
[2026-06-22T02:00:08.501+0000] {logging_mixin.py:188} WARNING - 2026-06-22 02:00:08 [WARNING] CDS ยังไม่มีข้อมูล job=instant date=20260620, skip
[2026-06-22T02:00:08.501+0000] {era5_functions.py:335} WARNING - CDS ยังไม่มีข้อมูล job=instant date=20260620, skip
[2026-06-22T02:00:08.504+0000] {logging_mixin.py:188} WARNING - 2026-06-22 02:00:08 [INFO] --- job=instant date=20260619 ---
[2026-06-22T02:00:08.504+0000] {era5_functions.py:330} INFO - --- job=instant date=20260619 ---
[2026-06-22T02:00:09.378+0000] {logging_mixin.py:188} WARNING - 2026-06-22 02:00:09 [WARNING] get_cds_count failed: 400 Client Error: Bad Request for url: https://cds.climate.copernicus.eu/api/retrieve/v1/processes/reanalysis-era5-single-levels/execution
invalid request
None of the data you have requested is available yet, please revise the period requested. The latest date available for this dataset is: 2026-06-17 02:00
[2026-06-22T02:00:09.378+0000] {era5_functions.py:131} WARNING - get_cds_count failed: 400 Client Error: Bad Request for url: https://cds.climate.copernicus.eu/api/retrieve/v1/processes/reanalysis-era5-single-levels/execution
invalid request
None of the data you have requested is available yet, please revise the period requested. The latest date available for this dataset is: 2026-06-17 02:00
[2026-06-22T02:00:09.380+0000] {logging_mixin.py:188} WARNING - 2026-06-22 02:00:09 [WARNING] CDS ยังไม่มีข้อมูล job=instant date=20260619, skip
[2026-06-22T02:00:09.380+0000] {era5_functions.py:335} WARNING - CDS ยังไม่มีข้อมูล job=instant date=20260619, skip
[2026-06-22T02:00:09.382+0000] {logging_mixin.py:188} WARNING - 2026-06-22 02:00:09 [INFO] --- job=instant date=20260618 ---
[2026-06-22T02:00:09.382+0000] {era5_functions.py:330} INFO - --- job=instant date=20260618 ---
[2026-06-22T02:00:09.799+0000] {logging_mixin.py:188} WARNING - 2026-06-22 02:00:09 [WARNING] get_cds_count failed: 400 Client Error: Bad Request for url: https://cds.climate.copernicus.eu/api/retrieve/v1/processes/reanalysis-era5-single-levels/execution
invalid request
None of the data you have requested is available yet, please revise the period requested. The latest date available for this dataset is: 2026-06-17 02:00
[2026-06-22T02:00:09.798+0000] {era5_functions.py:131} WARNING - get_cds_count failed: 400 Client Error: Bad Request for url: https://cds.climate.copernicus.eu/api/retrieve/v1/processes/reanalysis-era5-single-levels/execution
invalid request
None of the data you have requested is available yet, please revise the period requested. The latest date available for this dataset is: 2026-06-17 02:00
[2026-06-22T02:00:09.804+0000] {logging_mixin.py:188} WARNING - 2026-06-22 02:00:09 [WARNING] CDS ยังไม่มีข้อมูล job=instant date=20260618, skip
[2026-06-22T02:00:09.804+0000] {era5_functions.py:335} WARNING - CDS ยังไม่มีข้อมูล job=instant date=20260618, skip
[2026-06-22T02:00:09.808+0000] {logging_mixin.py:188} WARNING - 2026-06-22 02:00:09 [INFO] --- job=instant date=20260617 ---
[2026-06-22T02:00:09.808+0000] {era5_functions.py:330} INFO - --- job=instant date=20260617 ---
[2026-06-22T02:00:11.236+0000] {logging_mixin.py:188} WARNING - 2026-06-22 02:00:11,236 INFO [2025-12-11T00:00:00] Please note that a dedicated catalogue entry for this dataset, post-processed and stored in Analysis Ready Cloud Optimized (ARCO) format (Zarr), is available for optimised time-series retrievals (i.e. for retrieving data from selected variables for a single point over an extended period of time in an efficient way). You can discover it [here](https://cds.climate.copernicus.eu/datasets/reanalysis-era5-single-levels-timeseries?tab=overview)
[2026-06-22T02:00:11.236+0000] {legacy_client.py:192} INFO - [2025-12-11T00:00:00] Please note that a dedicated catalogue entry for this dataset, post-processed and stored in Analysis Ready Cloud Optimized (ARCO) format (Zarr), is available for optimised time-series retrievals (i.e. for retrieving data from selected variables for a single point over an extended period of time in an efficient way). You can discover it [here](https://cds.climate.copernicus.eu/datasets/reanalysis-era5-single-levels-timeseries?tab=overview)
[2026-06-22T02:00:11.239+0000] {logging_mixin.py:188} WARNING - 2026-06-22 02:00:11,239 INFO Request ID is f9ccd8f5-4b31-4047-8cff-fa0eab1b2ec6
[2026-06-22T02:00:11.239+0000] {legacy_client.py:192} INFO - Request ID is f9ccd8f5-4b31-4047-8cff-fa0eab1b2ec6
[2026-06-22T02:00:11.459+0000] {logging_mixin.py:188} WARNING - 2026-06-22 02:00:11,459 INFO status has been updated to accepted
[2026-06-22T02:00:11.459+0000] {legacy_client.py:192} INFO - status has been updated to accepted
[2026-06-22T02:00:45.138+0000] {logging_mixin.py:188} WARNING - 2026-06-22 02:00:45,137 INFO status has been updated to successful
[2026-06-22T02:00:45.137+0000] {legacy_client.py:192} INFO - status has been updated to successful
[2026-06-22T02:00:45.560+0000] {base.py:119} INFO - Downloading https://object-store.os-api.cci2.ecmwf.int:443/cci2-prod-cache-3/2026-06-22/4b17408bfdb95fa9a8a323be8090a299.nc
[2026-06-22T02:00:46.224+0000] {logging_mixin.py:188} WARNING - 4b17408bfdb95fa9a8a323be8090a299.nc:   0%|          | 0.00/396k [00:00<?, ?B/s]
[2026-06-22T02:00:47.668+0000] {logging_mixin.py:188} WARNING - 4b17408bfdb95fa9a8a323be8090a299.nc: 100%|##########| 396k/396k [00:01<00:00, 281kB/s]
[2026-06-22T02:00:47.672+0000] {logging_mixin.py:188} WARNING -                                                                                       
[2026-06-22T02:00:47.952+0000] {logging_mixin.py:188} WARNING - 2026-06-22 02:00:47 [INFO] CDS timestep available: 3
[2026-06-22T02:00:47.952+0000] {era5_functions.py:128} INFO - CDS timestep available: 3
[2026-06-22T02:00:48.025+0000] {logging_mixin.py:188} WARNING - 2026-06-22 02:00:48 [INFO] local timestep: 2 — /opt/***/era5/ecmwf/data/nc/_raw/2026/06/17/instant_20260617.nc
[2026-06-22T02:00:48.025+0000] {era5_functions.py:152} INFO - local timestep: 2 — /opt/***/era5/ecmwf/data/nc/_raw/2026/06/17/instant_20260617.nc
[2026-06-22T02:00:48.033+0000] {logging_mixin.py:188} WARNING - 2026-06-22 02:00:48 [INFO] nc outdated (local=2 < cds=3), removing: /opt/***/era5/ecmwf/data/nc/_raw/2026/06/17/instant_20260617.nc
[2026-06-22T02:00:48.033+0000] {era5_functions.py:193} INFO - nc outdated (local=2 < cds=3), removing: /opt/***/era5/ecmwf/data/nc/_raw/2026/06/17/instant_20260617.nc
[2026-06-22T02:00:48.051+0000] {logging_mixin.py:188} WARNING - 2026-06-22 02:00:48 [INFO] download attempt 1/3: /opt/***/era5/ecmwf/data/nc/_raw/2026/06/17/instant_20260617.nc
[2026-06-22T02:00:48.051+0000] {era5_functions.py:200} INFO - download attempt 1/3: /opt/***/era5/ecmwf/data/nc/_raw/2026/06/17/instant_20260617.nc
[2026-06-22T02:00:49.298+0000] {logging_mixin.py:188} WARNING - 2026-06-22 02:00:49,298 INFO [2025-12-11T00:00:00] Please note that a dedicated catalogue entry for this dataset, post-processed and stored in Analysis Ready Cloud Optimized (ARCO) format (Zarr), is available for optimised time-series retrievals (i.e. for retrieving data from selected variables for a single point over an extended period of time in an efficient way). You can discover it [here](https://cds.climate.copernicus.eu/datasets/reanalysis-era5-single-levels-timeseries?tab=overview)
[2026-06-22T02:00:49.298+0000] {legacy_client.py:192} INFO - [2025-12-11T00:00:00] Please note that a dedicated catalogue entry for this dataset, post-processed and stored in Analysis Ready Cloud Optimized (ARCO) format (Zarr), is available for optimised time-series retrievals (i.e. for retrieving data from selected variables for a single point over an extended period of time in an efficient way). You can discover it [here](https://cds.climate.copernicus.eu/datasets/reanalysis-era5-single-levels-timeseries?tab=overview)
[2026-06-22T02:00:49.303+0000] {logging_mixin.py:188} WARNING - 2026-06-22 02:00:49,303 INFO Request ID is 9844429d-883a-4654-a16e-5031df0ddb2a
[2026-06-22T02:00:49.303+0000] {legacy_client.py:192} INFO - Request ID is 9844429d-883a-4654-a16e-5031df0ddb2a
[2026-06-22T02:00:49.520+0000] {logging_mixin.py:188} WARNING - 2026-06-22 02:00:49,520 INFO status has been updated to accepted
[2026-06-22T02:00:49.520+0000] {legacy_client.py:192} INFO - status has been updated to accepted
[2026-06-22T02:01:11.626+0000] {logging_mixin.py:188} WARNING - 2026-06-22 02:01:11,626 INFO status has been updated to running
[2026-06-22T02:01:11.626+0000] {legacy_client.py:192} INFO - status has been updated to running
[2026-06-22T02:01:23.239+0000] {logging_mixin.py:188} WARNING - 2026-06-22 02:01:23,239 INFO status has been updated to successful
[2026-06-22T02:01:23.239+0000] {legacy_client.py:192} INFO - status has been updated to successful
[2026-06-22T02:01:23.688+0000] {base.py:119} INFO - Downloading https://object-store.os-api.cci2.ecmwf.int:443/cci2-prod-cache-3/2026-06-22/66341cd38689ee81a9af7fbca3ddcd1b.nc
[2026-06-22T02:01:24.339+0000] {logging_mixin.py:188} WARNING - 66341cd38689ee81a9af7fbca3ddcd1b.nc:   0%|          | 0.00/396k [00:00<?, ?B/s]
[2026-06-22T02:01:25.745+0000] {logging_mixin.py:188} WARNING - 66341cd38689ee81a9af7fbca3ddcd1b.nc: 100%|##########| 396k/396k [00:01<00:00, 289kB/s]
[2026-06-22T02:01:25.766+0000] {logging_mixin.py:188} WARNING -                                                                                       
[2026-06-22T02:01:25.876+0000] {logging_mixin.py:188} WARNING - 2026-06-22 02:01:25 [INFO] nc downloaded ok: /opt/***/era5/ecmwf/data/nc/_raw/2026/06/17/instant_20260617.nc
[2026-06-22T02:01:25.876+0000] {era5_functions.py:204} INFO - nc downloaded ok: /opt/***/era5/ecmwf/data/nc/_raw/2026/06/17/instant_20260617.nc
[2026-06-22T02:01:25.950+0000] {logging_mixin.py:188} WARNING - 2026-06-22 02:01:25 [INFO] local timestep: 3 — /opt/***/era5/ecmwf/data/nc/_raw/2026/06/17/instant_20260617.nc
[2026-06-22T02:01:25.950+0000] {era5_functions.py:152} INFO - local timestep: 3 — /opt/***/era5/ecmwf/data/nc/_raw/2026/06/17/instant_20260617.nc
[2026-06-22T02:01:26.037+0000] {logging_mixin.py:188} WARNING - 2026-06-22 02:01:26 [INFO] tif outdated (tif=2 < nc=3), removing: /opt/***/era5/ecmwf/data/tif/2026/06/17/t2m_20260617.tif
[2026-06-22T02:01:26.037+0000] {era5_functions.py:261} INFO - tif outdated (tif=2 < nc=3), removing: /opt/***/era5/ecmwf/data/tif/2026/06/17/t2m_20260617.tif
[2026-06-22T02:01:26.114+0000] {logging_mixin.py:188} WARNING - 2026-06-22 02:01:26 [INFO] tif ok (bands=3): /opt/***/era5/ecmwf/data/tif/2026/06/17/t2m_20260617.tif
[2026-06-22T02:01:26.114+0000] {era5_functions.py:304} INFO - tif ok (bands=3): /opt/***/era5/ecmwf/data/tif/2026/06/17/t2m_20260617.tif
[2026-06-22T02:01:26.131+0000] {logging_mixin.py:188} WARNING - 2026-06-22 02:01:26 [INFO] tif outdated (tif=2 < nc=3), removing: /opt/***/era5/ecmwf/data/tif/2026/06/17/d2m_20260617.tif
[2026-06-22T02:01:26.131+0000] {era5_functions.py:261} INFO - tif outdated (tif=2 < nc=3), removing: /opt/***/era5/ecmwf/data/tif/2026/06/17/d2m_20260617.tif
[2026-06-22T02:01:26.246+0000] {logging_mixin.py:188} WARNING - 2026-06-22 02:01:26 [INFO] tif ok (bands=3): /opt/***/era5/ecmwf/data/tif/2026/06/17/d2m_20260617.tif
[2026-06-22T02:01:26.246+0000] {era5_functions.py:304} INFO - tif ok (bands=3): /opt/***/era5/ecmwf/data/tif/2026/06/17/d2m_20260617.tif
[2026-06-22T02:01:26.280+0000] {logging_mixin.py:188} WARNING - 2026-06-22 02:01:26 [INFO] tif outdated (tif=2 < nc=3), removing: /opt/***/era5/ecmwf/data/tif/2026/06/17/sp_20260617.tif
[2026-06-22T02:01:26.280+0000] {era5_functions.py:261} INFO - tif outdated (tif=2 < nc=3), removing: /opt/***/era5/ecmwf/data/tif/2026/06/17/sp_20260617.tif
[2026-06-22T02:01:26.372+0000] {logging_mixin.py:188} WARNING - 2026-06-22 02:01:26 [INFO] tif ok (bands=3): /opt/***/era5/ecmwf/data/tif/2026/06/17/sp_20260617.tif
[2026-06-22T02:01:26.372+0000] {era5_functions.py:304} INFO - tif ok (bands=3): /opt/***/era5/ecmwf/data/tif/2026/06/17/sp_20260617.tif
[2026-06-22T02:01:26.391+0000] {logging_mixin.py:188} WARNING - 2026-06-22 02:01:26 [INFO] tif outdated (tif=2 < nc=3), removing: /opt/***/era5/ecmwf/data/tif/2026/06/17/blh_20260617.tif
[2026-06-22T02:01:26.390+0000] {era5_functions.py:261} INFO - tif outdated (tif=2 < nc=3), removing: /opt/***/era5/ecmwf/data/tif/2026/06/17/blh_20260617.tif
[2026-06-22T02:01:26.479+0000] {logging_mixin.py:188} WARNING - 2026-06-22 02:01:26 [INFO] tif ok (bands=3): /opt/***/era5/ecmwf/data/tif/2026/06/17/blh_20260617.tif
[2026-06-22T02:01:26.479+0000] {era5_functions.py:304} INFO - tif ok (bands=3): /opt/***/era5/ecmwf/data/tif/2026/06/17/blh_20260617.tif
[2026-06-22T02:01:26.499+0000] {logging_mixin.py:188} WARNING - 2026-06-22 02:01:26 [INFO] tif outdated (tif=2 < nc=3), removing: /opt/***/era5/ecmwf/data/tif/2026/06/17/u10_20260617.tif
[2026-06-22T02:01:26.499+0000] {era5_functions.py:261} INFO - tif outdated (tif=2 < nc=3), removing: /opt/***/era5/ecmwf/data/tif/2026/06/17/u10_20260617.tif
[2026-06-22T02:01:26.589+0000] {logging_mixin.py:188} WARNING - 2026-06-22 02:01:26 [INFO] tif ok (bands=3): /opt/***/era5/ecmwf/data/tif/2026/06/17/u10_20260617.tif
[2026-06-22T02:01:26.589+0000] {era5_functions.py:304} INFO - tif ok (bands=3): /opt/***/era5/ecmwf/data/tif/2026/06/17/u10_20260617.tif
[2026-06-22T02:01:26.607+0000] {logging_mixin.py:188} WARNING - 2026-06-22 02:01:26 [INFO] tif outdated (tif=2 < nc=3), removing: /opt/***/era5/ecmwf/data/tif/2026/06/17/v10_20260617.tif
[2026-06-22T02:01:26.607+0000] {era5_functions.py:261} INFO - tif outdated (tif=2 < nc=3), removing: /opt/***/era5/ecmwf/data/tif/2026/06/17/v10_20260617.tif
[2026-06-22T02:01:26.689+0000] {logging_mixin.py:188} WARNING - 2026-06-22 02:01:26 [INFO] tif ok (bands=3): /opt/***/era5/ecmwf/data/tif/2026/06/17/v10_20260617.tif
[2026-06-22T02:01:26.689+0000] {era5_functions.py:304} INFO - tif ok (bands=3): /opt/***/era5/ecmwf/data/tif/2026/06/17/v10_20260617.tif
[2026-06-22T02:01:26.693+0000] {logging_mixin.py:188} WARNING - 2026-06-22 02:01:26 [INFO] === END job=instant date=2026-06-22 ===
[2026-06-22T02:01:26.693+0000] {era5_functions.py:379} INFO - === END job=instant date=2026-06-22 ===
[2026-06-22T02:01:26.695+0000] {python.py:237} INFO - Done. Returned value was: None
[2026-06-22T02:01:26.696+0000] {taskinstance.py:441} INFO - ::group::Post task execution logs
[2026-06-22T02:01:26.710+0000] {taskinstance.py:1206} INFO - Marking task as SUCCESS. dag_id=era5_download_pipeline, task_id=era5_instant, run_id=scheduled__2026-06-22T01:00:00+00:00, execution_date=20260622T010000, start_date=20260622T020002, end_date=20260622T020126
[2026-06-22T02:01:26.770+0000] {local_task_job_runner.py:240} INFO - Task exited with return code 0
[2026-06-22T02:01:26.796+0000] {taskinstance.py:3498} INFO - 1 downstream tasks scheduled from follow-on schedule check
[2026-06-22T02:01:26.800+0000] {local_task_job_runner.py:222} INFO - ::endgroup::
