[2026-05-19T09:05:01.722+0000] {local_task_job_runner.py:120} INFO - ::group::Pre task execution logs
[2026-05-19T09:05:01.743+0000] {taskinstance.py:2076} INFO - Dependencies all met for dep_context=non-requeueable deps ti=<TaskInstance: era5_ecmwf_pipeline.era5_instant scheduled__2026-05-19T08:00:00+00:00 [queued]>
[2026-05-19T09:05:01.751+0000] {taskinstance.py:2076} INFO - Dependencies all met for dep_context=requeueable deps ti=<TaskInstance: era5_ecmwf_pipeline.era5_instant scheduled__2026-05-19T08:00:00+00:00 [queued]>
[2026-05-19T09:05:01.752+0000] {taskinstance.py:2306} INFO - Starting attempt 1 of 3
[2026-05-19T09:05:01.771+0000] {taskinstance.py:2330} INFO - Executing <Task(PythonOperator): era5_instant> on 2026-05-19 08:00:00+00:00
[2026-05-19T09:05:01.779+0000] {warnings.py:110} WARNING - /home/***/.local/lib/python3.12/site-packages/***/task/task_runner/standard_task_runner.py:61: DeprecationWarning: This process (pid=88) is multi-threaded, use of fork() may lead to deadlocks in the child.
  pid = os.fork()

[2026-05-19T09:05:01.782+0000] {standard_task_runner.py:63} INFO - Started process 91 to run task
[2026-05-19T09:05:01.782+0000] {standard_task_runner.py:90} INFO - Running: ['***', 'tasks', 'run', 'era5_ecmwf_pipeline', 'era5_instant', 'scheduled__2026-05-19T08:00:00+00:00', '--job-id', '142', '--raw', '--subdir', 'DAGS_FOLDER/era5_dag.py', '--cfg-path', '/tmp/tmpinpq1ypy']
[2026-05-19T09:05:01.785+0000] {standard_task_runner.py:91} INFO - Job 142: Subtask era5_instant
[2026-05-19T09:05:01.854+0000] {task_command.py:426} INFO - Running <TaskInstance: era5_ecmwf_pipeline.era5_instant scheduled__2026-05-19T08:00:00+00:00 [running]> on host 15b13df49b90
[2026-05-19T09:05:01.937+0000] {taskinstance.py:2648} INFO - Exporting env vars: AIRFLOW_CTX_DAG_OWNER='***' AIRFLOW_CTX_DAG_ID='era5_ecmwf_pipeline' AIRFLOW_CTX_TASK_ID='era5_instant' AIRFLOW_CTX_EXECUTION_DATE='2026-05-19T08:00:00+00:00' AIRFLOW_CTX_TRY_NUMBER='1' AIRFLOW_CTX_DAG_RUN_ID='scheduled__2026-05-19T08:00:00+00:00'
[2026-05-19T09:05:01.939+0000] {taskinstance.py:430} INFO - ::endgroup::
[2026-05-19T09:05:01.962+0000] {logging_mixin.py:188} WARNING - 2026-05-19 09:05:01 | INFO     | Log file: logs/era5/2026/05/14/era5_20260514.log
[2026-05-19T09:05:01.962+0000] {era5_logger.py:40} INFO - Log file: logs/era5/2026/05/14/era5_20260514.log
[2026-05-19T09:05:07.707+0000] {logging_mixin.py:188} WARNING - 2026-05-19 09:05:07,707 INFO [2026-05-14T00:00:00Z] Upcoming essential maintenance sessions on Data Stores underlying infrastructure on 19 May. Service disruption expected. For further details, please [visit our forum announcement](https://forum.ecmwf.int/t/upcoming-essential-maintenance-sessions-on-data-stores-underlying-infrastructure/14954).
[2026-05-19T09:05:07.707+0000] {legacy_client.py:192} INFO - [2026-05-14T00:00:00Z] Upcoming essential maintenance sessions on Data Stores underlying infrastructure on 19 May. Service disruption expected. For further details, please [visit our forum announcement](https://forum.ecmwf.int/t/upcoming-essential-maintenance-sessions-on-data-stores-underlying-infrastructure/14954).
[2026-05-19T09:05:07.710+0000] {logging_mixin.py:188} WARNING - 2026-05-19 09:05:07 | INFO     | === ERA5 PIPELINE START ===
[2026-05-19T09:05:07.710+0000] {era5_functions.py:264} INFO - === ERA5 PIPELINE START ===
[2026-05-19T09:05:07.713+0000] {logging_mixin.py:188} WARNING - 2026-05-19 09:05:07 | INFO     | ===================================
[2026-05-19T09:05:07.713+0000] {era5_functions.py:213} INFO - ===================================
[2026-05-19T09:05:07.715+0000] {logging_mixin.py:188} WARNING - 2026-05-19 09:05:07 | INFO     | JOB: instant | 20260514
[2026-05-19T09:05:07.715+0000] {era5_functions.py:214} INFO - JOB: instant | 20260514
[2026-05-19T09:05:07.717+0000] {logging_mixin.py:188} WARNING - 2026-05-19 09:05:07 | INFO     | ===================================
[2026-05-19T09:05:07.716+0000] {era5_functions.py:215} INFO - ===================================
[2026-05-19T09:05:08.050+0000] {logging_mixin.py:188} WARNING - 2026-05-19 09:05:08 | WARNING  | [VALIDATE] instant_20260514.nc → not ready 9/24
[2026-05-19T09:05:08.049+0000] {era5_functions.py:59} WARNING - [VALIDATE] instant_20260514.nc → not ready 9/24
[2026-05-19T09:05:08.056+0000] {logging_mixin.py:188} WARNING - 2026-05-19 09:05:08 | WARNING  | [PIPELINE] skip → not ready yet
[2026-05-19T09:05:08.056+0000] {era5_functions.py:229} WARNING - [PIPELINE] skip → not ready yet
[2026-05-19T09:05:08.059+0000] {logging_mixin.py:188} WARNING - 2026-05-19 09:05:08 | INFO     | === DONE ===
[2026-05-19T09:05:08.059+0000] {era5_functions.py:268} INFO - === DONE ===
[2026-05-19T09:05:08.062+0000] {python.py:237} INFO - Done. Returned value was: None
[2026-05-19T09:05:08.062+0000] {taskinstance.py:441} INFO - ::group::Post task execution logs
[2026-05-19T09:05:08.076+0000] {taskinstance.py:1206} INFO - Marking task as SUCCESS. dag_id=era5_ecmwf_pipeline, task_id=era5_instant, run_id=scheduled__2026-05-19T08:00:00+00:00, execution_date=20260519T080000, start_date=20260519T090501, end_date=20260519T090508
[2026-05-19T09:05:08.120+0000] {local_task_job_runner.py:240} INFO - Task exited with return code 0
[2026-05-19T09:05:08.144+0000] {taskinstance.py:3498} INFO - 0 downstream tasks scheduled from follow-on schedule check
[2026-05-19T09:05:08.147+0000] {local_task_job_runner.py:222} INFO - ::endgroup::
