[2026-05-21T02:00:02.452+0000] {local_task_job_runner.py:120} INFO - ::group::Pre task execution logs
[2026-05-21T02:00:02.479+0000] {taskinstance.py:2076} INFO - Dependencies all met for dep_context=non-requeueable deps ti=<TaskInstance: era5_ecmwf_pipeline.era5_instant scheduled__2026-05-21T01:00:00+00:00 [queued]>
[2026-05-21T02:00:02.490+0000] {taskinstance.py:2076} INFO - Dependencies all met for dep_context=requeueable deps ti=<TaskInstance: era5_ecmwf_pipeline.era5_instant scheduled__2026-05-21T01:00:00+00:00 [queued]>
[2026-05-21T02:00:02.492+0000] {taskinstance.py:2306} INFO - Starting attempt 1 of 1
[2026-05-21T02:00:02.509+0000] {taskinstance.py:2330} INFO - Executing <Task(PythonOperator): era5_instant> on 2026-05-21 01:00:00+00:00
[2026-05-21T02:00:02.522+0000] {warnings.py:110} WARNING - /home/***/.local/lib/python3.12/site-packages/***/task/task_runner/standard_task_runner.py:61: DeprecationWarning: This process (pid=18818) is multi-threaded, use of fork() may lead to deadlocks in the child.
  pid = os.fork()

[2026-05-21T02:00:02.526+0000] {standard_task_runner.py:63} INFO - Started process 18822 to run task
[2026-05-21T02:00:02.524+0000] {standard_task_runner.py:90} INFO - Running: ['***', 'tasks', 'run', 'era5_ecmwf_pipeline', 'era5_instant', 'scheduled__2026-05-21T01:00:00+00:00', '--job-id', '234', '--raw', '--subdir', 'DAGS_FOLDER/era5_dag.py', '--cfg-path', '/tmp/tmptj2kyvt8']
[2026-05-21T02:00:02.532+0000] {standard_task_runner.py:91} INFO - Job 234: Subtask era5_instant
[2026-05-21T02:00:02.622+0000] {task_command.py:426} INFO - Running <TaskInstance: era5_ecmwf_pipeline.era5_instant scheduled__2026-05-21T01:00:00+00:00 [running]> on host 1f93ee984da8
[2026-05-21T02:00:02.764+0000] {taskinstance.py:2648} INFO - Exporting env vars: AIRFLOW_CTX_DAG_OWNER='***' AIRFLOW_CTX_DAG_ID='era5_ecmwf_pipeline' AIRFLOW_CTX_TASK_ID='era5_instant' AIRFLOW_CTX_EXECUTION_DATE='2026-05-21T01:00:00+00:00' AIRFLOW_CTX_TRY_NUMBER='1' AIRFLOW_CTX_DAG_RUN_ID='scheduled__2026-05-21T01:00:00+00:00'
[2026-05-21T02:00:02.768+0000] {taskinstance.py:430} INFO - ::endgroup::
[2026-05-21T02:00:02.806+0000] {era5_logger.py:51} INFO - Log file: logs/era5/2026/05/16/era5_20260516.log
[2026-05-21T02:00:02.808+0000] {era5_functions.py:254} INFO - ERA5 [INSTANT] START: 2026-05-16
[2026-05-21T02:00:03.857+0000] {era5_functions.py:218} INFO - ==================================================
JOB: INSTANT | 2026-05-16
Variables: ['t2m', 'd2m', 'sp', 'blh', 'u10', 'v10']
==================================================
[2026-05-21T02:00:04.240+0000] {era5_functions.py:62} WARNING - [VALIDATE NC] instant_20260516.nc → NOT READY (2/24 timesteps)
[2026-05-21T02:00:04.242+0000] {era5_functions.py:229} WARNING - [PIPELINE] skip → ข้อมูลยังไม่ครบ
[2026-05-21T02:00:04.243+0000] {era5_functions.py:256} INFO - ERA5 [INSTANT] COMPLETE ✓
[2026-05-21T02:00:04.245+0000] {python.py:237} INFO - Done. Returned value was: None
[2026-05-21T02:00:04.246+0000] {taskinstance.py:441} INFO - ::group::Post task execution logs
[2026-05-21T02:00:04.263+0000] {taskinstance.py:1206} INFO - Marking task as SUCCESS. dag_id=era5_ecmwf_pipeline, task_id=era5_instant, run_id=scheduled__2026-05-21T01:00:00+00:00, execution_date=20260521T010000, start_date=20260521T020002, end_date=20260521T020004
[2026-05-21T02:00:04.353+0000] {local_task_job_runner.py:240} INFO - Task exited with return code 0
[2026-05-21T02:00:04.384+0000] {taskinstance.py:3498} INFO - 0 downstream tasks scheduled from follow-on schedule check
[2026-05-21T02:00:04.389+0000] {local_task_job_runner.py:222} INFO - ::endgroup::
