[2026-06-18T11:01:28.634+0000] {local_task_job_runner.py:120} INFO - ::group::Pre task execution logs
[2026-06-18T11:01:28.659+0000] {taskinstance.py:2076} INFO - Dependencies all met for dep_context=non-requeueable deps ti=<TaskInstance: era5_download_pipeline.era5_accum scheduled__2026-06-18T10:00:00+00:00 [queued]>
[2026-06-18T11:01:28.673+0000] {taskinstance.py:2076} INFO - Dependencies all met for dep_context=requeueable deps ti=<TaskInstance: era5_download_pipeline.era5_accum scheduled__2026-06-18T10:00:00+00:00 [queued]>
[2026-06-18T11:01:28.675+0000] {taskinstance.py:2306} INFO - Starting attempt 1 of 1
[2026-06-18T11:01:28.698+0000] {taskinstance.py:2330} INFO - Executing <Task(PythonOperator): era5_accum> on 2026-06-18 10:00:00+00:00
[2026-06-18T11:01:28.712+0000] {warnings.py:110} WARNING - /home/***/.local/lib/python3.12/site-packages/***/task/task_runner/standard_task_runner.py:61: DeprecationWarning: This process (pid=132453) is multi-threaded, use of fork() may lead to deadlocks in the child.
  pid = os.fork()

[2026-06-18T11:01:28.715+0000] {standard_task_runner.py:63} INFO - Started process 132455 to run task
[2026-06-18T11:01:28.717+0000] {standard_task_runner.py:90} INFO - Running: ['***', 'tasks', 'run', 'era5_download_pipeline', 'era5_accum', 'scheduled__2026-06-18T10:00:00+00:00', '--job-id', '1841', '--raw', '--subdir', 'DAGS_FOLDER/era5_dag.py', '--cfg-path', '/tmp/tmpvh9onkvv']
[2026-06-18T11:01:28.721+0000] {standard_task_runner.py:91} INFO - Job 1841: Subtask era5_accum
[2026-06-18T11:01:28.811+0000] {task_command.py:426} INFO - Running <TaskInstance: era5_download_pipeline.era5_accum scheduled__2026-06-18T10:00:00+00:00 [running]> on host 01cd476fb21a
[2026-06-18T11:01:28.930+0000] {taskinstance.py:2648} INFO - Exporting env vars: AIRFLOW_CTX_DAG_OWNER='era5' AIRFLOW_CTX_DAG_ID='era5_download_pipeline' AIRFLOW_CTX_TASK_ID='era5_accum' AIRFLOW_CTX_EXECUTION_DATE='2026-06-18T10:00:00+00:00' AIRFLOW_CTX_TRY_NUMBER='1' AIRFLOW_CTX_DAG_RUN_ID='scheduled__2026-06-18T10:00:00+00:00'
[2026-06-18T11:01:28.934+0000] {taskinstance.py:430} INFO - ::endgroup::
[2026-06-18T11:01:29.996+0000] {logging_mixin.py:188} WARNING - 2026-06-18 11:01:29 [INFO] === START job=accum date=2026-06-18 ===
[2026-06-18T11:01:29.996+0000] {era5_functions.py:368} INFO - === START job=accum date=2026-06-18 ===
[2026-06-18T11:01:29.999+0000] {logging_mixin.py:188} WARNING - 2026-06-18 11:01:29 [INFO] --- job=accum date=20260618 ---
[2026-06-18T11:01:29.999+0000] {era5_functions.py:330} INFO - --- job=accum date=20260618 ---
[2026-06-18T11:01:30.580+0000] {logging_mixin.py:188} WARNING - 2026-06-18 11:01:30 [WARNING] get_cds_count failed: 400 Client Error: Bad Request for url: https://cds.climate.copernicus.eu/api/retrieve/v1/processes/reanalysis-era5-single-levels/execution
invalid request
None of the data you have requested is available yet, please revise the period requested. The latest date available for this dataset is: 2026-06-13 11:00
[2026-06-18T11:01:30.580+0000] {era5_functions.py:131} WARNING - get_cds_count failed: 400 Client Error: Bad Request for url: https://cds.climate.copernicus.eu/api/retrieve/v1/processes/reanalysis-era5-single-levels/execution
invalid request
None of the data you have requested is available yet, please revise the period requested. The latest date available for this dataset is: 2026-06-13 11:00
[2026-06-18T11:01:30.583+0000] {logging_mixin.py:188} WARNING - 2026-06-18 11:01:30 [WARNING] CDS ยังไม่มีข้อมูล job=accum date=20260618, skip
[2026-06-18T11:01:30.583+0000] {era5_functions.py:335} WARNING - CDS ยังไม่มีข้อมูล job=accum date=20260618, skip
[2026-06-18T11:01:30.586+0000] {logging_mixin.py:188} WARNING - 2026-06-18 11:01:30 [INFO] --- job=accum date=20260617 ---
[2026-06-18T11:01:30.585+0000] {era5_functions.py:330} INFO - --- job=accum date=20260617 ---
[2026-06-18T11:01:31.741+0000] {logging_mixin.py:188} WARNING - 2026-06-18 11:01:31 [WARNING] get_cds_count failed: 400 Client Error: Bad Request for url: https://cds.climate.copernicus.eu/api/retrieve/v1/processes/reanalysis-era5-single-levels/execution
invalid request
None of the data you have requested is available yet, please revise the period requested. The latest date available for this dataset is: 2026-06-13 11:00
[2026-06-18T11:01:31.741+0000] {era5_functions.py:131} WARNING - get_cds_count failed: 400 Client Error: Bad Request for url: https://cds.climate.copernicus.eu/api/retrieve/v1/processes/reanalysis-era5-single-levels/execution
invalid request
None of the data you have requested is available yet, please revise the period requested. The latest date available for this dataset is: 2026-06-13 11:00
[2026-06-18T11:01:31.744+0000] {logging_mixin.py:188} WARNING - 2026-06-18 11:01:31 [WARNING] CDS ยังไม่มีข้อมูล job=accum date=20260617, skip
[2026-06-18T11:01:31.744+0000] {era5_functions.py:335} WARNING - CDS ยังไม่มีข้อมูล job=accum date=20260617, skip
[2026-06-18T11:01:31.746+0000] {logging_mixin.py:188} WARNING - 2026-06-18 11:01:31 [INFO] --- job=accum date=20260616 ---
[2026-06-18T11:01:31.746+0000] {era5_functions.py:330} INFO - --- job=accum date=20260616 ---
[2026-06-18T11:01:32.388+0000] {logging_mixin.py:188} WARNING - 2026-06-18 11:01:32 [WARNING] get_cds_count failed: 400 Client Error: Bad Request for url: https://cds.climate.copernicus.eu/api/retrieve/v1/processes/reanalysis-era5-single-levels/execution
invalid request
None of the data you have requested is available yet, please revise the period requested. The latest date available for this dataset is: 2026-06-13 11:00
[2026-06-18T11:01:32.387+0000] {era5_functions.py:131} WARNING - get_cds_count failed: 400 Client Error: Bad Request for url: https://cds.climate.copernicus.eu/api/retrieve/v1/processes/reanalysis-era5-single-levels/execution
invalid request
None of the data you have requested is available yet, please revise the period requested. The latest date available for this dataset is: 2026-06-13 11:00
[2026-06-18T11:01:32.391+0000] {logging_mixin.py:188} WARNING - 2026-06-18 11:01:32 [WARNING] CDS ยังไม่มีข้อมูล job=accum date=20260616, skip
[2026-06-18T11:01:32.391+0000] {era5_functions.py:335} WARNING - CDS ยังไม่มีข้อมูล job=accum date=20260616, skip
[2026-06-18T11:01:32.393+0000] {logging_mixin.py:188} WARNING - 2026-06-18 11:01:32 [INFO] --- job=accum date=20260615 ---
[2026-06-18T11:01:32.393+0000] {era5_functions.py:330} INFO - --- job=accum date=20260615 ---
[2026-06-18T11:01:32.981+0000] {logging_mixin.py:188} WARNING - 2026-06-18 11:01:32 [WARNING] get_cds_count failed: 400 Client Error: Bad Request for url: https://cds.climate.copernicus.eu/api/retrieve/v1/processes/reanalysis-era5-single-levels/execution
invalid request
None of the data you have requested is available yet, please revise the period requested. The latest date available for this dataset is: 2026-06-13 11:00
[2026-06-18T11:01:32.981+0000] {era5_functions.py:131} WARNING - get_cds_count failed: 400 Client Error: Bad Request for url: https://cds.climate.copernicus.eu/api/retrieve/v1/processes/reanalysis-era5-single-levels/execution
invalid request
None of the data you have requested is available yet, please revise the period requested. The latest date available for this dataset is: 2026-06-13 11:00
[2026-06-18T11:01:32.987+0000] {logging_mixin.py:188} WARNING - 2026-06-18 11:01:32 [WARNING] CDS ยังไม่มีข้อมูล job=accum date=20260615, skip
[2026-06-18T11:01:32.986+0000] {era5_functions.py:335} WARNING - CDS ยังไม่มีข้อมูล job=accum date=20260615, skip
[2026-06-18T11:01:32.991+0000] {logging_mixin.py:188} WARNING - 2026-06-18 11:01:32 [INFO] --- job=accum date=20260614 ---
[2026-06-18T11:01:32.991+0000] {era5_functions.py:330} INFO - --- job=accum date=20260614 ---
[2026-06-18T11:01:34.160+0000] {logging_mixin.py:188} WARNING - 2026-06-18 11:01:34 [WARNING] get_cds_count failed: 400 Client Error: Bad Request for url: https://cds.climate.copernicus.eu/api/retrieve/v1/processes/reanalysis-era5-single-levels/execution
invalid request
None of the data you have requested is available yet, please revise the period requested. The latest date available for this dataset is: 2026-06-13 11:00
[2026-06-18T11:01:34.160+0000] {era5_functions.py:131} WARNING - get_cds_count failed: 400 Client Error: Bad Request for url: https://cds.climate.copernicus.eu/api/retrieve/v1/processes/reanalysis-era5-single-levels/execution
invalid request
None of the data you have requested is available yet, please revise the period requested. The latest date available for this dataset is: 2026-06-13 11:00
[2026-06-18T11:01:34.166+0000] {logging_mixin.py:188} WARNING - 2026-06-18 11:01:34 [WARNING] CDS ยังไม่มีข้อมูล job=accum date=20260614, skip
[2026-06-18T11:01:34.166+0000] {era5_functions.py:335} WARNING - CDS ยังไม่มีข้อมูล job=accum date=20260614, skip
[2026-06-18T11:01:34.170+0000] {logging_mixin.py:188} WARNING - 2026-06-18 11:01:34 [INFO] --- job=accum date=20260613 ---
[2026-06-18T11:01:34.170+0000] {era5_functions.py:330} INFO - --- job=accum date=20260613 ---
[2026-06-18T11:01:36.961+0000] {logging_mixin.py:188} WARNING - 2026-06-18 11:01:36,960 INFO [2025-12-11T00:00:00] Please note that a dedicated catalogue entry for this dataset, post-processed and stored in Analysis Ready Cloud Optimized (ARCO) format (Zarr), is available for optimised time-series retrievals (i.e. for retrieving data from selected variables for a single point over an extended period of time in an efficient way). You can discover it [here](https://cds.climate.copernicus.eu/datasets/reanalysis-era5-single-levels-timeseries?tab=overview)
[2026-06-18T11:01:36.960+0000] {legacy_client.py:192} INFO - [2025-12-11T00:00:00] Please note that a dedicated catalogue entry for this dataset, post-processed and stored in Analysis Ready Cloud Optimized (ARCO) format (Zarr), is available for optimised time-series retrievals (i.e. for retrieving data from selected variables for a single point over an extended period of time in an efficient way). You can discover it [here](https://cds.climate.copernicus.eu/datasets/reanalysis-era5-single-levels-timeseries?tab=overview)
[2026-06-18T11:01:36.966+0000] {logging_mixin.py:188} WARNING - 2026-06-18 11:01:36,965 INFO Request ID is be41cbaa-bc9d-4239-a633-91d7d7ce6b1f
[2026-06-18T11:01:36.965+0000] {legacy_client.py:192} INFO - Request ID is be41cbaa-bc9d-4239-a633-91d7d7ce6b1f
[2026-06-18T11:01:37.215+0000] {logging_mixin.py:188} WARNING - 2026-06-18 11:01:37,215 INFO status has been updated to accepted
[2026-06-18T11:01:37.215+0000] {legacy_client.py:192} INFO - status has been updated to accepted
[2026-06-18T11:01:59.255+0000] {logging_mixin.py:188} WARNING - 2026-06-18 11:01:59,255 INFO status has been updated to running
[2026-06-18T11:01:59.255+0000] {legacy_client.py:192} INFO - status has been updated to running
[2026-06-18T11:02:28.169+0000] {logging_mixin.py:188} WARNING - 2026-06-18 11:02:28,169 INFO status has been updated to successful
[2026-06-18T11:02:28.169+0000] {legacy_client.py:192} INFO - status has been updated to successful
[2026-06-18T11:02:29.595+0000] {base.py:119} INFO - Downloading https://object-store.os-api.cci2.ecmwf.int:443/cci2-prod-cache-1/2026-06-18/2c3d67f0d867c31d2cdf2c70eb119bf4.nc
[2026-06-18T11:02:30.596+0000] {logging_mixin.py:188} WARNING - 2c3d67f0d867c31d2cdf2c70eb119bf4.nc:   0%|          | 0.00/182k [00:00<?, ?B/s]
[2026-06-18T11:02:32.155+0000] {logging_mixin.py:188} WARNING - 2c3d67f0d867c31d2cdf2c70eb119bf4.nc: 100%|##########| 182k/182k [00:01<00:00, 119kB/s]
[2026-06-18T11:02:32.159+0000] {logging_mixin.py:188} WARNING -                                                                                       
[2026-06-18T11:02:32.469+0000] {logging_mixin.py:188} WARNING - 2026-06-18 11:02:32 [INFO] CDS timestep available: 12
[2026-06-18T11:02:32.468+0000] {era5_functions.py:128} INFO - CDS timestep available: 12
[2026-06-18T11:02:32.527+0000] {logging_mixin.py:188} WARNING - 2026-06-18 11:02:32 [INFO] local timestep: 11 — /opt/***/era5/ecmwf/data/nc/_raw/2026/06/13/accum_20260613.nc
[2026-06-18T11:02:32.527+0000] {era5_functions.py:152} INFO - local timestep: 11 — /opt/***/era5/ecmwf/data/nc/_raw/2026/06/13/accum_20260613.nc
[2026-06-18T11:02:32.535+0000] {logging_mixin.py:188} WARNING - 2026-06-18 11:02:32 [INFO] nc outdated (local=11 < cds=12), removing: /opt/***/era5/ecmwf/data/nc/_raw/2026/06/13/accum_20260613.nc
[2026-06-18T11:02:32.535+0000] {era5_functions.py:193} INFO - nc outdated (local=11 < cds=12), removing: /opt/***/era5/ecmwf/data/nc/_raw/2026/06/13/accum_20260613.nc
[2026-06-18T11:02:32.556+0000] {logging_mixin.py:188} WARNING - 2026-06-18 11:02:32 [INFO] download attempt 1/3: /opt/***/era5/ecmwf/data/nc/_raw/2026/06/13/accum_20260613.nc
[2026-06-18T11:02:32.556+0000] {era5_functions.py:200} INFO - download attempt 1/3: /opt/***/era5/ecmwf/data/nc/_raw/2026/06/13/accum_20260613.nc
[2026-06-18T11:02:36.582+0000] {logging_mixin.py:188} WARNING - 2026-06-18 11:02:36,582 INFO [2025-12-11T00:00:00] Please note that a dedicated catalogue entry for this dataset, post-processed and stored in Analysis Ready Cloud Optimized (ARCO) format (Zarr), is available for optimised time-series retrievals (i.e. for retrieving data from selected variables for a single point over an extended period of time in an efficient way). You can discover it [here](https://cds.climate.copernicus.eu/datasets/reanalysis-era5-single-levels-timeseries?tab=overview)
[2026-06-18T11:02:36.582+0000] {legacy_client.py:192} INFO - [2025-12-11T00:00:00] Please note that a dedicated catalogue entry for this dataset, post-processed and stored in Analysis Ready Cloud Optimized (ARCO) format (Zarr), is available for optimised time-series retrievals (i.e. for retrieving data from selected variables for a single point over an extended period of time in an efficient way). You can discover it [here](https://cds.climate.copernicus.eu/datasets/reanalysis-era5-single-levels-timeseries?tab=overview)
[2026-06-18T11:02:36.586+0000] {logging_mixin.py:188} WARNING - 2026-06-18 11:02:36,585 INFO Request ID is 7d0f0770-fca7-4d17-b341-d3541806a721
[2026-06-18T11:02:36.585+0000] {legacy_client.py:192} INFO - Request ID is 7d0f0770-fca7-4d17-b341-d3541806a721
[2026-06-18T11:02:36.796+0000] {logging_mixin.py:188} WARNING - 2026-06-18 11:02:36,795 INFO status has been updated to accepted
[2026-06-18T11:02:36.795+0000] {legacy_client.py:192} INFO - status has been updated to accepted
[2026-06-18T11:02:58.882+0000] {logging_mixin.py:188} WARNING - 2026-06-18 11:02:58,882 INFO status has been updated to successful
[2026-06-18T11:02:58.882+0000] {legacy_client.py:192} INFO - status has been updated to successful
[2026-06-18T11:02:59.317+0000] {base.py:119} INFO - Downloading https://object-store.os-api.cci2.ecmwf.int:443/cci2-prod-cache-1/2026-06-18/b82f958ac7355d8749a5334544380f03.nc
[2026-06-18T11:02:59.994+0000] {logging_mixin.py:188} WARNING - b82f958ac7355d8749a5334544380f03.nc:   0%|          | 0.00/182k [00:00<?, ?B/s]
[2026-06-18T11:03:01.510+0000] {logging_mixin.py:188} WARNING - b82f958ac7355d8749a5334544380f03.nc: 100%|##########| 182k/182k [00:01<00:00, 123kB/s]
[2026-06-18T11:03:01.535+0000] {logging_mixin.py:188} WARNING -                                                                                       
[2026-06-18T11:03:01.620+0000] {logging_mixin.py:188} WARNING - 2026-06-18 11:03:01 [INFO] nc downloaded ok: /opt/***/era5/ecmwf/data/nc/_raw/2026/06/13/accum_20260613.nc
[2026-06-18T11:03:01.620+0000] {era5_functions.py:204} INFO - nc downloaded ok: /opt/***/era5/ecmwf/data/nc/_raw/2026/06/13/accum_20260613.nc
[2026-06-18T11:03:01.679+0000] {logging_mixin.py:188} WARNING - 2026-06-18 11:03:01 [INFO] local timestep: 12 — /opt/***/era5/ecmwf/data/nc/_raw/2026/06/13/accum_20260613.nc
[2026-06-18T11:03:01.679+0000] {era5_functions.py:152} INFO - local timestep: 12 — /opt/***/era5/ecmwf/data/nc/_raw/2026/06/13/accum_20260613.nc
[2026-06-18T11:03:01.758+0000] {logging_mixin.py:188} WARNING - 2026-06-18 11:03:01 [INFO] tif outdated (tif=11 < nc=12), removing: /opt/***/era5/ecmwf/data/tif/2026/06/13/tp_20260613.tif
[2026-06-18T11:03:01.758+0000] {era5_functions.py:261} INFO - tif outdated (tif=11 < nc=12), removing: /opt/***/era5/ecmwf/data/tif/2026/06/13/tp_20260613.tif
[2026-06-18T11:03:01.847+0000] {logging_mixin.py:188} WARNING - 2026-06-18 11:03:01 [INFO] tif ok (bands=12): /opt/***/era5/ecmwf/data/tif/2026/06/13/tp_20260613.tif
[2026-06-18T11:03:01.846+0000] {era5_functions.py:304} INFO - tif ok (bands=12): /opt/***/era5/ecmwf/data/tif/2026/06/13/tp_20260613.tif
[2026-06-18T11:03:01.852+0000] {logging_mixin.py:188} WARNING - 2026-06-18 11:03:01 [INFO] === END job=accum date=2026-06-18 ===
[2026-06-18T11:03:01.851+0000] {era5_functions.py:379} INFO - === END job=accum date=2026-06-18 ===
[2026-06-18T11:03:01.854+0000] {python.py:237} INFO - Done. Returned value was: None
[2026-06-18T11:03:01.855+0000] {taskinstance.py:441} INFO - ::group::Post task execution logs
[2026-06-18T11:03:01.869+0000] {taskinstance.py:1206} INFO - Marking task as SUCCESS. dag_id=era5_download_pipeline, task_id=era5_accum, run_id=scheduled__2026-06-18T10:00:00+00:00, execution_date=20260618T100000, start_date=20260618T110128, end_date=20260618T110301
[2026-06-18T11:03:01.951+0000] {local_task_job_runner.py:240} INFO - Task exited with return code 0
[2026-06-18T11:03:01.974+0000] {taskinstance.py:3498} INFO - 0 downstream tasks scheduled from follow-on schedule check
[2026-06-18T11:03:01.980+0000] {local_task_job_runner.py:222} INFO - ::endgroup::
