[2026-06-16T16:02:07.641+0000] {local_task_job_runner.py:120} INFO - ::group::Pre task execution logs
[2026-06-16T16:02:07.672+0000] {taskinstance.py:2076} INFO - Dependencies all met for dep_context=non-requeueable deps ti=<TaskInstance: era5_download_pipeline.era5_accum scheduled__2026-06-16T15:00:00+00:00 [queued]>
[2026-06-16T16:02:07.683+0000] {taskinstance.py:2076} INFO - Dependencies all met for dep_context=requeueable deps ti=<TaskInstance: era5_download_pipeline.era5_accum scheduled__2026-06-16T15:00:00+00:00 [queued]>
[2026-06-16T16:02:07.685+0000] {taskinstance.py:2306} INFO - Starting attempt 1 of 1
[2026-06-16T16:02:07.702+0000] {taskinstance.py:2330} INFO - Executing <Task(PythonOperator): era5_accum> on 2026-06-16 15:00:00+00:00
[2026-06-16T16:02:07.713+0000] {warnings.py:110} WARNING - /home/***/.local/lib/python3.12/site-packages/***/task/task_runner/standard_task_runner.py:61: DeprecationWarning: This process (pid=99281) is multi-threaded, use of fork() may lead to deadlocks in the child.
  pid = os.fork()

[2026-06-16T16:02:07.716+0000] {standard_task_runner.py:63} INFO - Started process 99283 to run task
[2026-06-16T16:02:07.716+0000] {standard_task_runner.py:90} INFO - Running: ['***', 'tasks', 'run', 'era5_download_pipeline', 'era5_accum', 'scheduled__2026-06-16T15:00:00+00:00', '--job-id', '1710', '--raw', '--subdir', 'DAGS_FOLDER/era5_dag.py', '--cfg-path', '/tmp/tmp4t02fyag']
[2026-06-16T16:02:07.721+0000] {standard_task_runner.py:91} INFO - Job 1710: Subtask era5_accum
[2026-06-16T16:02:07.800+0000] {task_command.py:426} INFO - Running <TaskInstance: era5_download_pipeline.era5_accum scheduled__2026-06-16T15:00:00+00:00 [running]> on host 01cd476fb21a
[2026-06-16T16:02:07.919+0000] {taskinstance.py:2648} INFO - Exporting env vars: AIRFLOW_CTX_DAG_OWNER='era5' AIRFLOW_CTX_DAG_ID='era5_download_pipeline' AIRFLOW_CTX_TASK_ID='era5_accum' AIRFLOW_CTX_EXECUTION_DATE='2026-06-16T15:00:00+00:00' AIRFLOW_CTX_TRY_NUMBER='1' AIRFLOW_CTX_DAG_RUN_ID='scheduled__2026-06-16T15:00:00+00:00'
[2026-06-16T16:02:07.921+0000] {taskinstance.py:430} INFO - ::endgroup::
[2026-06-16T16:02:08.976+0000] {logging_mixin.py:188} WARNING - 2026-06-16 16:02:08 [INFO] === START job=accum date=2026-06-16 ===
[2026-06-16T16:02:08.976+0000] {era5_functions.py:368} INFO - === START job=accum date=2026-06-16 ===
[2026-06-16T16:02:08.979+0000] {logging_mixin.py:188} WARNING - 2026-06-16 16:02:08 [INFO] --- job=accum date=20260616 ---
[2026-06-16T16:02:08.979+0000] {era5_functions.py:330} INFO - --- job=accum date=20260616 ---
[2026-06-16T16:02:09.937+0000] {logging_mixin.py:188} WARNING - 2026-06-16 16:02:09 [WARNING] get_cds_count failed: 400 Client Error: Bad Request for url: https://cds.climate.copernicus.eu/api/retrieve/v1/processes/reanalysis-era5-single-levels/execution
invalid request
None of the data you have requested is available yet, please revise the period requested. The latest date available for this dataset is: 2026-06-11 16:00
[2026-06-16T16:02:09.937+0000] {era5_functions.py:131} WARNING - get_cds_count failed: 400 Client Error: Bad Request for url: https://cds.climate.copernicus.eu/api/retrieve/v1/processes/reanalysis-era5-single-levels/execution
invalid request
None of the data you have requested is available yet, please revise the period requested. The latest date available for this dataset is: 2026-06-11 16:00
[2026-06-16T16:02:09.943+0000] {logging_mixin.py:188} WARNING - 2026-06-16 16:02:09 [WARNING] CDS ยังไม่มีข้อมูล job=accum date=20260616, skip
[2026-06-16T16:02:09.943+0000] {era5_functions.py:335} WARNING - CDS ยังไม่มีข้อมูล job=accum date=20260616, skip
[2026-06-16T16:02:09.947+0000] {logging_mixin.py:188} WARNING - 2026-06-16 16:02:09 [INFO] --- job=accum date=20260615 ---
[2026-06-16T16:02:09.946+0000] {era5_functions.py:330} INFO - --- job=accum date=20260615 ---
[2026-06-16T16:02:10.635+0000] {logging_mixin.py:188} WARNING - 2026-06-16 16:02:10 [WARNING] get_cds_count failed: 400 Client Error: Bad Request for url: https://cds.climate.copernicus.eu/api/retrieve/v1/processes/reanalysis-era5-single-levels/execution
invalid request
None of the data you have requested is available yet, please revise the period requested. The latest date available for this dataset is: 2026-06-11 16:00
[2026-06-16T16:02:10.635+0000] {era5_functions.py:131} WARNING - get_cds_count failed: 400 Client Error: Bad Request for url: https://cds.climate.copernicus.eu/api/retrieve/v1/processes/reanalysis-era5-single-levels/execution
invalid request
None of the data you have requested is available yet, please revise the period requested. The latest date available for this dataset is: 2026-06-11 16:00
[2026-06-16T16:02:10.639+0000] {logging_mixin.py:188} WARNING - 2026-06-16 16:02:10 [WARNING] CDS ยังไม่มีข้อมูล job=accum date=20260615, skip
[2026-06-16T16:02:10.639+0000] {era5_functions.py:335} WARNING - CDS ยังไม่มีข้อมูล job=accum date=20260615, skip
[2026-06-16T16:02:10.643+0000] {logging_mixin.py:188} WARNING - 2026-06-16 16:02:10 [INFO] --- job=accum date=20260614 ---
[2026-06-16T16:02:10.642+0000] {era5_functions.py:330} INFO - --- job=accum date=20260614 ---
[2026-06-16T16:02:11.683+0000] {logging_mixin.py:188} WARNING - 2026-06-16 16:02:11 [WARNING] get_cds_count failed: 400 Client Error: Bad Request for url: https://cds.climate.copernicus.eu/api/retrieve/v1/processes/reanalysis-era5-single-levels/execution
invalid request
None of the data you have requested is available yet, please revise the period requested. The latest date available for this dataset is: 2026-06-11 16:00
[2026-06-16T16:02:11.683+0000] {era5_functions.py:131} WARNING - get_cds_count failed: 400 Client Error: Bad Request for url: https://cds.climate.copernicus.eu/api/retrieve/v1/processes/reanalysis-era5-single-levels/execution
invalid request
None of the data you have requested is available yet, please revise the period requested. The latest date available for this dataset is: 2026-06-11 16:00
[2026-06-16T16:02:11.688+0000] {logging_mixin.py:188} WARNING - 2026-06-16 16:02:11 [WARNING] CDS ยังไม่มีข้อมูล job=accum date=20260614, skip
[2026-06-16T16:02:11.688+0000] {era5_functions.py:335} WARNING - CDS ยังไม่มีข้อมูล job=accum date=20260614, skip
[2026-06-16T16:02:11.692+0000] {logging_mixin.py:188} WARNING - 2026-06-16 16:02:11 [INFO] --- job=accum date=20260613 ---
[2026-06-16T16:02:11.692+0000] {era5_functions.py:330} INFO - --- job=accum date=20260613 ---
[2026-06-16T16:02:13.432+0000] {http.py:514} WARNING - Recovering from HTTP error [502 Bad Gateway], attempt 1 of 500
[2026-06-16T16:02:13.435+0000] {http.py:537} WARNING - Retrying in 120 seconds
[2026-06-16T16:04:13.424+0000] {http.py:544} INFO - Retrying now...
[2026-06-16T16:04:14.416+0000] {logging_mixin.py:188} WARNING - 2026-06-16 16:04:14 [WARNING] get_cds_count failed: 400 Client Error: Bad Request for url: https://cds.climate.copernicus.eu/api/retrieve/v1/processes/reanalysis-era5-single-levels/execution
invalid request
None of the data you have requested is available yet, please revise the period requested. The latest date available for this dataset is: 2026-06-11 16:00
[2026-06-16T16:04:14.416+0000] {era5_functions.py:131} WARNING - get_cds_count failed: 400 Client Error: Bad Request for url: https://cds.climate.copernicus.eu/api/retrieve/v1/processes/reanalysis-era5-single-levels/execution
invalid request
None of the data you have requested is available yet, please revise the period requested. The latest date available for this dataset is: 2026-06-11 16:00
[2026-06-16T16:04:14.421+0000] {logging_mixin.py:188} WARNING - 2026-06-16 16:04:14 [WARNING] CDS ยังไม่มีข้อมูล job=accum date=20260613, skip
[2026-06-16T16:04:14.420+0000] {era5_functions.py:335} WARNING - CDS ยังไม่มีข้อมูล job=accum date=20260613, skip
[2026-06-16T16:04:14.424+0000] {logging_mixin.py:188} WARNING - 2026-06-16 16:04:14 [INFO] --- job=accum date=20260612 ---
[2026-06-16T16:04:14.424+0000] {era5_functions.py:330} INFO - --- job=accum date=20260612 ---
[2026-06-16T16:04:15.241+0000] {logging_mixin.py:188} WARNING - 2026-06-16 16:04:15 [WARNING] get_cds_count failed: 400 Client Error: Bad Request for url: https://cds.climate.copernicus.eu/api/retrieve/v1/processes/reanalysis-era5-single-levels/execution
invalid request
None of the data you have requested is available yet, please revise the period requested. The latest date available for this dataset is: 2026-06-11 16:00
[2026-06-16T16:04:15.241+0000] {era5_functions.py:131} WARNING - get_cds_count failed: 400 Client Error: Bad Request for url: https://cds.climate.copernicus.eu/api/retrieve/v1/processes/reanalysis-era5-single-levels/execution
invalid request
None of the data you have requested is available yet, please revise the period requested. The latest date available for this dataset is: 2026-06-11 16:00
[2026-06-16T16:04:15.245+0000] {logging_mixin.py:188} WARNING - 2026-06-16 16:04:15 [WARNING] CDS ยังไม่มีข้อมูล job=accum date=20260612, skip
[2026-06-16T16:04:15.245+0000] {era5_functions.py:335} WARNING - CDS ยังไม่มีข้อมูล job=accum date=20260612, skip
[2026-06-16T16:04:15.247+0000] {logging_mixin.py:188} WARNING - 2026-06-16 16:04:15 [INFO] --- job=accum date=20260611 ---
[2026-06-16T16:04:15.247+0000] {era5_functions.py:330} INFO - --- job=accum date=20260611 ---
[2026-06-16T16:04:15.974+0000] {logging_mixin.py:188} WARNING - 2026-06-16 16:04:15,974 INFO [2025-12-11T00:00:00] Please note that a dedicated catalogue entry for this dataset, post-processed and stored in Analysis Ready Cloud Optimized (ARCO) format (Zarr), is available for optimised time-series retrievals (i.e. for retrieving data from selected variables for a single point over an extended period of time in an efficient way). You can discover it [here](https://cds.climate.copernicus.eu/datasets/reanalysis-era5-single-levels-timeseries?tab=overview)
[2026-06-16T16:04:15.974+0000] {legacy_client.py:192} INFO - [2025-12-11T00:00:00] Please note that a dedicated catalogue entry for this dataset, post-processed and stored in Analysis Ready Cloud Optimized (ARCO) format (Zarr), is available for optimised time-series retrievals (i.e. for retrieving data from selected variables for a single point over an extended period of time in an efficient way). You can discover it [here](https://cds.climate.copernicus.eu/datasets/reanalysis-era5-single-levels-timeseries?tab=overview)
[2026-06-16T16:04:15.979+0000] {logging_mixin.py:188} WARNING - 2026-06-16 16:04:15,979 INFO Request ID is fd18e121-a854-4c93-8a5f-a1eb4f799e45
[2026-06-16T16:04:15.979+0000] {legacy_client.py:192} INFO - Request ID is fd18e121-a854-4c93-8a5f-a1eb4f799e45
[2026-06-16T16:04:16.200+0000] {logging_mixin.py:188} WARNING - 2026-06-16 16:04:16,199 INFO status has been updated to accepted
[2026-06-16T16:04:16.199+0000] {legacy_client.py:192} INFO - status has been updated to accepted
[2026-06-16T16:04:25.197+0000] {logging_mixin.py:188} WARNING - 2026-06-16 16:04:25,197 INFO status has been updated to running
[2026-06-16T16:04:25.197+0000] {legacy_client.py:192} INFO - status has been updated to running
[2026-06-16T16:04:38.287+0000] {logging_mixin.py:188} WARNING - 2026-06-16 16:04:38,287 INFO status has been updated to successful
[2026-06-16T16:04:38.287+0000] {legacy_client.py:192} INFO - status has been updated to successful
[2026-06-16T16:04:38.702+0000] {base.py:119} INFO - Downloading https://object-store.os-api.cci2.ecmwf.int:443/cci2-prod-cache-3/2026-06-16/e23f907193438af0118e34c591b87f5a.nc
[2026-06-16T16:04:39.345+0000] {logging_mixin.py:188} WARNING - e23f907193438af0118e34c591b87f5a.nc:   0%|          | 0.00/267k [00:00<?, ?B/s]
[2026-06-16T16:04:41.093+0000] {logging_mixin.py:188} WARNING - e23f907193438af0118e34c591b87f5a.nc: 100%|##########| 267k/267k [00:01<00:00, 157kB/s]
[2026-06-16T16:04:41.099+0000] {logging_mixin.py:188} WARNING -                                                                                       
[2026-06-16T16:04:41.396+0000] {logging_mixin.py:188} WARNING - 2026-06-16 16:04:41 [INFO] CDS timestep available: 17
[2026-06-16T16:04:41.396+0000] {era5_functions.py:128} INFO - CDS timestep available: 17
[2026-06-16T16:04:41.452+0000] {logging_mixin.py:188} WARNING - 2026-06-16 16:04:41 [INFO] local timestep: 16 — /opt/***/era5/ecmwf/data/nc/_raw/2026/06/11/accum_20260611.nc
[2026-06-16T16:04:41.452+0000] {era5_functions.py:152} INFO - local timestep: 16 — /opt/***/era5/ecmwf/data/nc/_raw/2026/06/11/accum_20260611.nc
[2026-06-16T16:04:41.462+0000] {logging_mixin.py:188} WARNING - 2026-06-16 16:04:41 [INFO] nc outdated (local=16 < cds=17), removing: /opt/***/era5/ecmwf/data/nc/_raw/2026/06/11/accum_20260611.nc
[2026-06-16T16:04:41.462+0000] {era5_functions.py:193} INFO - nc outdated (local=16 < cds=17), removing: /opt/***/era5/ecmwf/data/nc/_raw/2026/06/11/accum_20260611.nc
[2026-06-16T16:04:41.505+0000] {logging_mixin.py:188} WARNING - 2026-06-16 16:04:41 [INFO] download attempt 1/3: /opt/***/era5/ecmwf/data/nc/_raw/2026/06/11/accum_20260611.nc
[2026-06-16T16:04:41.505+0000] {era5_functions.py:200} INFO - download attempt 1/3: /opt/***/era5/ecmwf/data/nc/_raw/2026/06/11/accum_20260611.nc
[2026-06-16T16:04:42.365+0000] {logging_mixin.py:188} WARNING - 2026-06-16 16:04:42,365 INFO [2025-12-11T00:00:00] Please note that a dedicated catalogue entry for this dataset, post-processed and stored in Analysis Ready Cloud Optimized (ARCO) format (Zarr), is available for optimised time-series retrievals (i.e. for retrieving data from selected variables for a single point over an extended period of time in an efficient way). You can discover it [here](https://cds.climate.copernicus.eu/datasets/reanalysis-era5-single-levels-timeseries?tab=overview)
[2026-06-16T16:04:42.365+0000] {legacy_client.py:192} INFO - [2025-12-11T00:00:00] Please note that a dedicated catalogue entry for this dataset, post-processed and stored in Analysis Ready Cloud Optimized (ARCO) format (Zarr), is available for optimised time-series retrievals (i.e. for retrieving data from selected variables for a single point over an extended period of time in an efficient way). You can discover it [here](https://cds.climate.copernicus.eu/datasets/reanalysis-era5-single-levels-timeseries?tab=overview)
[2026-06-16T16:04:42.370+0000] {logging_mixin.py:188} WARNING - 2026-06-16 16:04:42,370 INFO Request ID is 00679a1f-b70b-49a2-969c-87d792e7555c
[2026-06-16T16:04:42.370+0000] {legacy_client.py:192} INFO - Request ID is 00679a1f-b70b-49a2-969c-87d792e7555c
[2026-06-16T16:04:42.589+0000] {logging_mixin.py:188} WARNING - 2026-06-16 16:04:42,589 INFO status has been updated to accepted
[2026-06-16T16:04:42.589+0000] {legacy_client.py:192} INFO - status has been updated to accepted
[2026-06-16T16:05:05.125+0000] {logging_mixin.py:188} WARNING - 2026-06-16 16:05:05,124 INFO status has been updated to successful
[2026-06-16T16:05:05.124+0000] {legacy_client.py:192} INFO - status has been updated to successful
[2026-06-16T16:05:05.566+0000] {base.py:119} INFO - Downloading https://object-store.os-api.cci2.ecmwf.int:443/cci2-prod-cache-3/2026-06-16/b3d11305c8937c5b95026f35e3b25d11.nc
[2026-06-16T16:05:06.613+0000] {logging_mixin.py:188} WARNING - b3d11305c8937c5b95026f35e3b25d11.nc:   0%|          | 0.00/267k [00:00<?, ?B/s]
[2026-06-16T16:05:08.011+0000] {logging_mixin.py:188} WARNING - b3d11305c8937c5b95026f35e3b25d11.nc: 100%|##########| 267k/267k [00:01<00:00, 196kB/s]
[2026-06-16T16:05:08.033+0000] {logging_mixin.py:188} WARNING -                                                                                       
[2026-06-16T16:05:08.127+0000] {logging_mixin.py:188} WARNING - 2026-06-16 16:05:08 [INFO] nc downloaded ok: /opt/***/era5/ecmwf/data/nc/_raw/2026/06/11/accum_20260611.nc
[2026-06-16T16:05:08.127+0000] {era5_functions.py:204} INFO - nc downloaded ok: /opt/***/era5/ecmwf/data/nc/_raw/2026/06/11/accum_20260611.nc
[2026-06-16T16:05:08.198+0000] {logging_mixin.py:188} WARNING - 2026-06-16 16:05:08 [INFO] local timestep: 17 — /opt/***/era5/ecmwf/data/nc/_raw/2026/06/11/accum_20260611.nc
[2026-06-16T16:05:08.198+0000] {era5_functions.py:152} INFO - local timestep: 17 — /opt/***/era5/ecmwf/data/nc/_raw/2026/06/11/accum_20260611.nc
[2026-06-16T16:05:08.279+0000] {logging_mixin.py:188} WARNING - 2026-06-16 16:05:08 [INFO] tif outdated (tif=16 < nc=17), removing: /opt/***/era5/ecmwf/data/tif/2026/06/11/tp_20260611.tif
[2026-06-16T16:05:08.279+0000] {era5_functions.py:261} INFO - tif outdated (tif=16 < nc=17), removing: /opt/***/era5/ecmwf/data/tif/2026/06/11/tp_20260611.tif
[2026-06-16T16:05:08.383+0000] {logging_mixin.py:188} WARNING - 2026-06-16 16:05:08 [INFO] tif ok (bands=17): /opt/***/era5/ecmwf/data/tif/2026/06/11/tp_20260611.tif
[2026-06-16T16:05:08.383+0000] {era5_functions.py:304} INFO - tif ok (bands=17): /opt/***/era5/ecmwf/data/tif/2026/06/11/tp_20260611.tif
[2026-06-16T16:05:08.390+0000] {logging_mixin.py:188} WARNING - 2026-06-16 16:05:08 [INFO] === END job=accum date=2026-06-16 ===
[2026-06-16T16:05:08.390+0000] {era5_functions.py:379} INFO - === END job=accum date=2026-06-16 ===
[2026-06-16T16:05:08.392+0000] {python.py:237} INFO - Done. Returned value was: None
[2026-06-16T16:05:08.393+0000] {taskinstance.py:441} INFO - ::group::Post task execution logs
[2026-06-16T16:05:08.408+0000] {taskinstance.py:1206} INFO - Marking task as SUCCESS. dag_id=era5_download_pipeline, task_id=era5_accum, run_id=scheduled__2026-06-16T15:00:00+00:00, execution_date=20260616T150000, start_date=20260616T160207, end_date=20260616T160508
[2026-06-16T16:05:08.503+0000] {local_task_job_runner.py:240} INFO - Task exited with return code 0
[2026-06-16T16:05:08.529+0000] {taskinstance.py:3498} INFO - 0 downstream tasks scheduled from follow-on schedule check
[2026-06-16T16:05:08.534+0000] {local_task_job_runner.py:222} INFO - ::endgroup::
