[2026-06-17T09:00:03.267+0000] {local_task_job_runner.py:120} INFO - ::group::Pre task execution logs
[2026-06-17T09:00:03.298+0000] {taskinstance.py:2076} INFO - Dependencies all met for dep_context=non-requeueable deps ti=<TaskInstance: era5_download_pipeline.era5_instant scheduled__2026-06-17T08:00:00+00:00 [queued]>
[2026-06-17T09:00:03.309+0000] {taskinstance.py:2076} INFO - Dependencies all met for dep_context=requeueable deps ti=<TaskInstance: era5_download_pipeline.era5_instant scheduled__2026-06-17T08:00:00+00:00 [queued]>
[2026-06-17T09:00:03.310+0000] {taskinstance.py:2306} INFO - Starting attempt 1 of 1
[2026-06-17T09:00:03.327+0000] {taskinstance.py:2330} INFO - Executing <Task(PythonOperator): era5_instant> on 2026-06-17 08:00:00+00:00
[2026-06-17T09:00:03.338+0000] {warnings.py:110} WARNING - /home/***/.local/lib/python3.12/site-packages/***/task/task_runner/standard_task_runner.py:61: DeprecationWarning: This process (pid=112356) is multi-threaded, use of fork() may lead to deadlocks in the child.
  pid = os.fork()

[2026-06-17T09:00:03.340+0000] {standard_task_runner.py:63} INFO - Started process 112359 to run task
[2026-06-17T09:00:03.340+0000] {standard_task_runner.py:90} INFO - Running: ['***', 'tasks', 'run', 'era5_download_pipeline', 'era5_instant', 'scheduled__2026-06-17T08:00:00+00:00', '--job-id', '1761', '--raw', '--subdir', 'DAGS_FOLDER/era5_dag.py', '--cfg-path', '/tmp/tmpyomcy1gg']
[2026-06-17T09:00:03.344+0000] {standard_task_runner.py:91} INFO - Job 1761: Subtask era5_instant
[2026-06-17T09:00:03.427+0000] {task_command.py:426} INFO - Running <TaskInstance: era5_download_pipeline.era5_instant scheduled__2026-06-17T08:00:00+00:00 [running]> on host 01cd476fb21a
[2026-06-17T09:00:03.556+0000] {taskinstance.py:2648} INFO - Exporting env vars: AIRFLOW_CTX_DAG_OWNER='era5' AIRFLOW_CTX_DAG_ID='era5_download_pipeline' AIRFLOW_CTX_TASK_ID='era5_instant' AIRFLOW_CTX_EXECUTION_DATE='2026-06-17T08:00:00+00:00' AIRFLOW_CTX_TRY_NUMBER='1' AIRFLOW_CTX_DAG_RUN_ID='scheduled__2026-06-17T08:00:00+00:00'
[2026-06-17T09:00:03.559+0000] {taskinstance.py:430} INFO - ::endgroup::
[2026-06-17T09:00:04.634+0000] {logging_mixin.py:188} WARNING - 2026-06-17 09:00:04 [INFO] === START job=instant date=2026-06-17 ===
[2026-06-17T09:00:04.634+0000] {era5_functions.py:368} INFO - === START job=instant date=2026-06-17 ===
[2026-06-17T09:00:04.637+0000] {logging_mixin.py:188} WARNING - 2026-06-17 09:00:04 [INFO] --- job=instant date=20260617 ---
[2026-06-17T09:00:04.637+0000] {era5_functions.py:330} INFO - --- job=instant date=20260617 ---
[2026-06-17T09:00:06.605+0000] {logging_mixin.py:188} WARNING - 2026-06-17 09:00:06 [WARNING] get_cds_count failed: 400 Client Error: Bad Request for url: https://cds.climate.copernicus.eu/api/retrieve/v1/processes/reanalysis-era5-single-levels/execution
invalid request
None of the data you have requested is available yet, please revise the period requested. The latest date available for this dataset is: 2026-06-12 09:00
[2026-06-17T09:00:06.604+0000] {era5_functions.py:131} WARNING - get_cds_count failed: 400 Client Error: Bad Request for url: https://cds.climate.copernicus.eu/api/retrieve/v1/processes/reanalysis-era5-single-levels/execution
invalid request
None of the data you have requested is available yet, please revise the period requested. The latest date available for this dataset is: 2026-06-12 09:00
[2026-06-17T09:00:06.609+0000] {logging_mixin.py:188} WARNING - 2026-06-17 09:00:06 [WARNING] CDS ยังไม่มีข้อมูล job=instant date=20260617, skip
[2026-06-17T09:00:06.609+0000] {era5_functions.py:335} WARNING - CDS ยังไม่มีข้อมูล job=instant date=20260617, skip
[2026-06-17T09:00:06.612+0000] {logging_mixin.py:188} WARNING - 2026-06-17 09:00:06 [INFO] --- job=instant date=20260616 ---
[2026-06-17T09:00:06.612+0000] {era5_functions.py:330} INFO - --- job=instant date=20260616 ---
[2026-06-17T09:00:07.610+0000] {logging_mixin.py:188} WARNING - 2026-06-17 09:00:07 [WARNING] get_cds_count failed: 400 Client Error: Bad Request for url: https://cds.climate.copernicus.eu/api/retrieve/v1/processes/reanalysis-era5-single-levels/execution
invalid request
None of the data you have requested is available yet, please revise the period requested. The latest date available for this dataset is: 2026-06-12 09:00
[2026-06-17T09:00:07.610+0000] {era5_functions.py:131} WARNING - get_cds_count failed: 400 Client Error: Bad Request for url: https://cds.climate.copernicus.eu/api/retrieve/v1/processes/reanalysis-era5-single-levels/execution
invalid request
None of the data you have requested is available yet, please revise the period requested. The latest date available for this dataset is: 2026-06-12 09:00
[2026-06-17T09:00:07.613+0000] {logging_mixin.py:188} WARNING - 2026-06-17 09:00:07 [WARNING] CDS ยังไม่มีข้อมูล job=instant date=20260616, skip
[2026-06-17T09:00:07.613+0000] {era5_functions.py:335} WARNING - CDS ยังไม่มีข้อมูล job=instant date=20260616, skip
[2026-06-17T09:00:07.616+0000] {logging_mixin.py:188} WARNING - 2026-06-17 09:00:07 [INFO] --- job=instant date=20260615 ---
[2026-06-17T09:00:07.615+0000] {era5_functions.py:330} INFO - --- job=instant date=20260615 ---
[2026-06-17T09:00:08.207+0000] {logging_mixin.py:188} WARNING - 2026-06-17 09:00:08 [WARNING] get_cds_count failed: 400 Client Error: Bad Request for url: https://cds.climate.copernicus.eu/api/retrieve/v1/processes/reanalysis-era5-single-levels/execution
invalid request
None of the data you have requested is available yet, please revise the period requested. The latest date available for this dataset is: 2026-06-12 09:00
[2026-06-17T09:00:08.207+0000] {era5_functions.py:131} WARNING - get_cds_count failed: 400 Client Error: Bad Request for url: https://cds.climate.copernicus.eu/api/retrieve/v1/processes/reanalysis-era5-single-levels/execution
invalid request
None of the data you have requested is available yet, please revise the period requested. The latest date available for this dataset is: 2026-06-12 09:00
[2026-06-17T09:00:08.210+0000] {logging_mixin.py:188} WARNING - 2026-06-17 09:00:08 [WARNING] CDS ยังไม่มีข้อมูล job=instant date=20260615, skip
[2026-06-17T09:00:08.210+0000] {era5_functions.py:335} WARNING - CDS ยังไม่มีข้อมูล job=instant date=20260615, skip
[2026-06-17T09:00:08.211+0000] {logging_mixin.py:188} WARNING - 2026-06-17 09:00:08 [INFO] --- job=instant date=20260614 ---
[2026-06-17T09:00:08.211+0000] {era5_functions.py:330} INFO - --- job=instant date=20260614 ---
[2026-06-17T09:00:08.820+0000] {logging_mixin.py:188} WARNING - 2026-06-17 09:00:08 [WARNING] get_cds_count failed: 400 Client Error: Bad Request for url: https://cds.climate.copernicus.eu/api/retrieve/v1/processes/reanalysis-era5-single-levels/execution
invalid request
None of the data you have requested is available yet, please revise the period requested. The latest date available for this dataset is: 2026-06-12 09:00
[2026-06-17T09:00:08.820+0000] {era5_functions.py:131} WARNING - get_cds_count failed: 400 Client Error: Bad Request for url: https://cds.climate.copernicus.eu/api/retrieve/v1/processes/reanalysis-era5-single-levels/execution
invalid request
None of the data you have requested is available yet, please revise the period requested. The latest date available for this dataset is: 2026-06-12 09:00
[2026-06-17T09:00:08.822+0000] {logging_mixin.py:188} WARNING - 2026-06-17 09:00:08 [WARNING] CDS ยังไม่มีข้อมูล job=instant date=20260614, skip
[2026-06-17T09:00:08.822+0000] {era5_functions.py:335} WARNING - CDS ยังไม่มีข้อมูล job=instant date=20260614, skip
[2026-06-17T09:00:08.824+0000] {logging_mixin.py:188} WARNING - 2026-06-17 09:00:08 [INFO] --- job=instant date=20260613 ---
[2026-06-17T09:00:08.824+0000] {era5_functions.py:330} INFO - --- job=instant date=20260613 ---
[2026-06-17T09:00:09.708+0000] {logging_mixin.py:188} WARNING - 2026-06-17 09:00:09 [WARNING] get_cds_count failed: 400 Client Error: Bad Request for url: https://cds.climate.copernicus.eu/api/retrieve/v1/processes/reanalysis-era5-single-levels/execution
invalid request
None of the data you have requested is available yet, please revise the period requested. The latest date available for this dataset is: 2026-06-12 09:00
[2026-06-17T09:00:09.707+0000] {era5_functions.py:131} WARNING - get_cds_count failed: 400 Client Error: Bad Request for url: https://cds.climate.copernicus.eu/api/retrieve/v1/processes/reanalysis-era5-single-levels/execution
invalid request
None of the data you have requested is available yet, please revise the period requested. The latest date available for this dataset is: 2026-06-12 09:00
[2026-06-17T09:00:09.710+0000] {logging_mixin.py:188} WARNING - 2026-06-17 09:00:09 [WARNING] CDS ยังไม่มีข้อมูล job=instant date=20260613, skip
[2026-06-17T09:00:09.710+0000] {era5_functions.py:335} WARNING - CDS ยังไม่มีข้อมูล job=instant date=20260613, skip
[2026-06-17T09:00:09.712+0000] {logging_mixin.py:188} WARNING - 2026-06-17 09:00:09 [INFO] --- job=instant date=20260612 ---
[2026-06-17T09:00:09.712+0000] {era5_functions.py:330} INFO - --- job=instant date=20260612 ---
[2026-06-17T09:00:10.234+0000] {logging_mixin.py:188} WARNING - 2026-06-17 09:00:10,234 INFO [2025-12-11T00:00:00] Please note that a dedicated catalogue entry for this dataset, post-processed and stored in Analysis Ready Cloud Optimized (ARCO) format (Zarr), is available for optimised time-series retrievals (i.e. for retrieving data from selected variables for a single point over an extended period of time in an efficient way). You can discover it [here](https://cds.climate.copernicus.eu/datasets/reanalysis-era5-single-levels-timeseries?tab=overview)
[2026-06-17T09:00:10.234+0000] {legacy_client.py:192} INFO - [2025-12-11T00:00:00] Please note that a dedicated catalogue entry for this dataset, post-processed and stored in Analysis Ready Cloud Optimized (ARCO) format (Zarr), is available for optimised time-series retrievals (i.e. for retrieving data from selected variables for a single point over an extended period of time in an efficient way). You can discover it [here](https://cds.climate.copernicus.eu/datasets/reanalysis-era5-single-levels-timeseries?tab=overview)
[2026-06-17T09:00:10.237+0000] {logging_mixin.py:188} WARNING - 2026-06-17 09:00:10,236 INFO Request ID is 5ebb5223-b5c2-4bfa-9115-1d846f95a1ff
[2026-06-17T09:00:10.236+0000] {legacy_client.py:192} INFO - Request ID is 5ebb5223-b5c2-4bfa-9115-1d846f95a1ff
[2026-06-17T09:00:10.442+0000] {logging_mixin.py:188} WARNING - 2026-06-17 09:00:10,442 INFO status has been updated to accepted
[2026-06-17T09:00:10.442+0000] {legacy_client.py:192} INFO - status has been updated to accepted
[2026-06-17T09:00:44.204+0000] {logging_mixin.py:188} WARNING - 2026-06-17 09:00:44,203 INFO status has been updated to successful
[2026-06-17T09:00:44.203+0000] {legacy_client.py:192} INFO - status has been updated to successful
[2026-06-17T09:00:44.617+0000] {base.py:119} INFO - Downloading https://object-store.os-api.cci2.ecmwf.int:443/cci2-prod-cache-3/2026-06-17/760abfe33525cc704db4501b7828f612.nc
[2026-06-17T09:00:45.302+0000] {logging_mixin.py:188} WARNING - 760abfe33525cc704db4501b7828f612.nc:   0%|          | 0.00/1.13M [00:00<?, ?B/s]
[2026-06-17T09:00:47.067+0000] {logging_mixin.py:188} WARNING - 760abfe33525cc704db4501b7828f612.nc:  89%|########8 | 1.00M/1.13M [00:01<00:00, 595kB/s]
[2026-06-17T09:00:47.075+0000] {logging_mixin.py:188} WARNING -                                                                                         
[2026-06-17T09:00:47.381+0000] {logging_mixin.py:188} WARNING - 2026-06-17 09:00:47 [INFO] CDS timestep available: 10
[2026-06-17T09:00:47.381+0000] {era5_functions.py:128} INFO - CDS timestep available: 10
[2026-06-17T09:00:47.477+0000] {logging_mixin.py:188} WARNING - 2026-06-17 09:00:47 [INFO] local timestep: 9 — /opt/***/era5/ecmwf/data/nc/_raw/2026/06/12/instant_20260612.nc
[2026-06-17T09:00:47.477+0000] {era5_functions.py:152} INFO - local timestep: 9 — /opt/***/era5/ecmwf/data/nc/_raw/2026/06/12/instant_20260612.nc
[2026-06-17T09:00:47.487+0000] {logging_mixin.py:188} WARNING - 2026-06-17 09:00:47 [INFO] nc outdated (local=9 < cds=10), removing: /opt/***/era5/ecmwf/data/nc/_raw/2026/06/12/instant_20260612.nc
[2026-06-17T09:00:47.487+0000] {era5_functions.py:193} INFO - nc outdated (local=9 < cds=10), removing: /opt/***/era5/ecmwf/data/nc/_raw/2026/06/12/instant_20260612.nc
[2026-06-17T09:00:47.513+0000] {logging_mixin.py:188} WARNING - 2026-06-17 09:00:47 [INFO] download attempt 1/3: /opt/***/era5/ecmwf/data/nc/_raw/2026/06/12/instant_20260612.nc
[2026-06-17T09:00:47.513+0000] {era5_functions.py:200} INFO - download attempt 1/3: /opt/***/era5/ecmwf/data/nc/_raw/2026/06/12/instant_20260612.nc
[2026-06-17T09:00:52.111+0000] {logging_mixin.py:188} WARNING - 2026-06-17 09:00:52,110 INFO [2025-12-11T00:00:00] Please note that a dedicated catalogue entry for this dataset, post-processed and stored in Analysis Ready Cloud Optimized (ARCO) format (Zarr), is available for optimised time-series retrievals (i.e. for retrieving data from selected variables for a single point over an extended period of time in an efficient way). You can discover it [here](https://cds.climate.copernicus.eu/datasets/reanalysis-era5-single-levels-timeseries?tab=overview)
[2026-06-17T09:00:52.110+0000] {legacy_client.py:192} INFO - [2025-12-11T00:00:00] Please note that a dedicated catalogue entry for this dataset, post-processed and stored in Analysis Ready Cloud Optimized (ARCO) format (Zarr), is available for optimised time-series retrievals (i.e. for retrieving data from selected variables for a single point over an extended period of time in an efficient way). You can discover it [here](https://cds.climate.copernicus.eu/datasets/reanalysis-era5-single-levels-timeseries?tab=overview)
[2026-06-17T09:00:52.115+0000] {logging_mixin.py:188} WARNING - 2026-06-17 09:00:52,115 INFO Request ID is 7a399a09-5439-4275-9d83-82c195fccb2d
[2026-06-17T09:00:52.115+0000] {legacy_client.py:192} INFO - Request ID is 7a399a09-5439-4275-9d83-82c195fccb2d
[2026-06-17T09:00:52.389+0000] {logging_mixin.py:188} WARNING - 2026-06-17 09:00:52,389 INFO status has been updated to accepted
[2026-06-17T09:00:52.389+0000] {legacy_client.py:192} INFO - status has been updated to accepted
[2026-06-17T09:01:15.936+0000] {logging_mixin.py:188} WARNING - 2026-06-17 09:01:15,936 INFO status has been updated to running
[2026-06-17T09:01:15.936+0000] {legacy_client.py:192} INFO - status has been updated to running
[2026-06-17T09:01:27.543+0000] {logging_mixin.py:188} WARNING - 2026-06-17 09:01:27,543 INFO status has been updated to successful
[2026-06-17T09:01:27.543+0000] {legacy_client.py:192} INFO - status has been updated to successful
[2026-06-17T09:01:27.977+0000] {base.py:119} INFO - Downloading https://object-store.os-api.cci2.ecmwf.int:443/cci2-prod-cache-1/2026-06-17/f0deee8d82e45ef1fb47de0674b9d51.nc
[2026-06-17T09:01:28.671+0000] {logging_mixin.py:188} WARNING - f0deee8d82e45ef1fb47de0674b9d51.nc:   0%|          | 0.00/1.13M [00:00<?, ?B/s]
[2026-06-17T09:01:30.523+0000] {logging_mixin.py:188} WARNING - f0deee8d82e45ef1fb47de0674b9d51.nc:  89%|########8 | 1.00M/1.13M [00:01<00:00, 567kB/s]
[2026-06-17T09:01:30.544+0000] {logging_mixin.py:188} WARNING -                                                                                        
[2026-06-17T09:01:30.698+0000] {logging_mixin.py:188} WARNING - 2026-06-17 09:01:30 [INFO] nc downloaded ok: /opt/***/era5/ecmwf/data/nc/_raw/2026/06/12/instant_20260612.nc
[2026-06-17T09:01:30.698+0000] {era5_functions.py:204} INFO - nc downloaded ok: /opt/***/era5/ecmwf/data/nc/_raw/2026/06/12/instant_20260612.nc
[2026-06-17T09:01:30.787+0000] {logging_mixin.py:188} WARNING - 2026-06-17 09:01:30 [INFO] local timestep: 10 — /opt/***/era5/ecmwf/data/nc/_raw/2026/06/12/instant_20260612.nc
[2026-06-17T09:01:30.787+0000] {era5_functions.py:152} INFO - local timestep: 10 — /opt/***/era5/ecmwf/data/nc/_raw/2026/06/12/instant_20260612.nc
[2026-06-17T09:01:30.915+0000] {logging_mixin.py:188} WARNING - 2026-06-17 09:01:30 [INFO] tif outdated (tif=9 < nc=10), removing: /opt/***/era5/ecmwf/data/tif/2026/06/12/t2m_20260612.tif
[2026-06-17T09:01:30.915+0000] {era5_functions.py:261} INFO - tif outdated (tif=9 < nc=10), removing: /opt/***/era5/ecmwf/data/tif/2026/06/12/t2m_20260612.tif
[2026-06-17T09:01:31.018+0000] {logging_mixin.py:188} WARNING - 2026-06-17 09:01:31 [INFO] tif ok (bands=10): /opt/***/era5/ecmwf/data/tif/2026/06/12/t2m_20260612.tif
[2026-06-17T09:01:31.018+0000] {era5_functions.py:304} INFO - tif ok (bands=10): /opt/***/era5/ecmwf/data/tif/2026/06/12/t2m_20260612.tif
[2026-06-17T09:01:31.042+0000] {logging_mixin.py:188} WARNING - 2026-06-17 09:01:31 [INFO] tif outdated (tif=9 < nc=10), removing: /opt/***/era5/ecmwf/data/tif/2026/06/12/d2m_20260612.tif
[2026-06-17T09:01:31.042+0000] {era5_functions.py:261} INFO - tif outdated (tif=9 < nc=10), removing: /opt/***/era5/ecmwf/data/tif/2026/06/12/d2m_20260612.tif
[2026-06-17T09:01:31.152+0000] {logging_mixin.py:188} WARNING - 2026-06-17 09:01:31 [INFO] tif ok (bands=10): /opt/***/era5/ecmwf/data/tif/2026/06/12/d2m_20260612.tif
[2026-06-17T09:01:31.151+0000] {era5_functions.py:304} INFO - tif ok (bands=10): /opt/***/era5/ecmwf/data/tif/2026/06/12/d2m_20260612.tif
[2026-06-17T09:01:31.173+0000] {logging_mixin.py:188} WARNING - 2026-06-17 09:01:31 [INFO] tif outdated (tif=9 < nc=10), removing: /opt/***/era5/ecmwf/data/tif/2026/06/12/sp_20260612.tif
[2026-06-17T09:01:31.172+0000] {era5_functions.py:261} INFO - tif outdated (tif=9 < nc=10), removing: /opt/***/era5/ecmwf/data/tif/2026/06/12/sp_20260612.tif
[2026-06-17T09:01:31.264+0000] {logging_mixin.py:188} WARNING - 2026-06-17 09:01:31 [INFO] tif ok (bands=10): /opt/***/era5/ecmwf/data/tif/2026/06/12/sp_20260612.tif
[2026-06-17T09:01:31.264+0000] {era5_functions.py:304} INFO - tif ok (bands=10): /opt/***/era5/ecmwf/data/tif/2026/06/12/sp_20260612.tif
[2026-06-17T09:01:31.286+0000] {logging_mixin.py:188} WARNING - 2026-06-17 09:01:31 [INFO] tif outdated (tif=9 < nc=10), removing: /opt/***/era5/ecmwf/data/tif/2026/06/12/blh_20260612.tif
[2026-06-17T09:01:31.286+0000] {era5_functions.py:261} INFO - tif outdated (tif=9 < nc=10), removing: /opt/***/era5/ecmwf/data/tif/2026/06/12/blh_20260612.tif
[2026-06-17T09:01:31.400+0000] {logging_mixin.py:188} WARNING - 2026-06-17 09:01:31 [INFO] tif ok (bands=10): /opt/***/era5/ecmwf/data/tif/2026/06/12/blh_20260612.tif
[2026-06-17T09:01:31.400+0000] {era5_functions.py:304} INFO - tif ok (bands=10): /opt/***/era5/ecmwf/data/tif/2026/06/12/blh_20260612.tif
[2026-06-17T09:01:31.426+0000] {logging_mixin.py:188} WARNING - 2026-06-17 09:01:31 [INFO] tif outdated (tif=9 < nc=10), removing: /opt/***/era5/ecmwf/data/tif/2026/06/12/u10_20260612.tif
[2026-06-17T09:01:31.426+0000] {era5_functions.py:261} INFO - tif outdated (tif=9 < nc=10), removing: /opt/***/era5/ecmwf/data/tif/2026/06/12/u10_20260612.tif
[2026-06-17T09:01:31.527+0000] {logging_mixin.py:188} WARNING - 2026-06-17 09:01:31 [INFO] tif ok (bands=10): /opt/***/era5/ecmwf/data/tif/2026/06/12/u10_20260612.tif
[2026-06-17T09:01:31.527+0000] {era5_functions.py:304} INFO - tif ok (bands=10): /opt/***/era5/ecmwf/data/tif/2026/06/12/u10_20260612.tif
[2026-06-17T09:01:31.551+0000] {logging_mixin.py:188} WARNING - 2026-06-17 09:01:31 [INFO] tif outdated (tif=9 < nc=10), removing: /opt/***/era5/ecmwf/data/tif/2026/06/12/v10_20260612.tif
[2026-06-17T09:01:31.551+0000] {era5_functions.py:261} INFO - tif outdated (tif=9 < nc=10), removing: /opt/***/era5/ecmwf/data/tif/2026/06/12/v10_20260612.tif
[2026-06-17T09:01:31.656+0000] {logging_mixin.py:188} WARNING - 2026-06-17 09:01:31 [INFO] tif ok (bands=10): /opt/***/era5/ecmwf/data/tif/2026/06/12/v10_20260612.tif
[2026-06-17T09:01:31.656+0000] {era5_functions.py:304} INFO - tif ok (bands=10): /opt/***/era5/ecmwf/data/tif/2026/06/12/v10_20260612.tif
[2026-06-17T09:01:31.662+0000] {logging_mixin.py:188} WARNING - 2026-06-17 09:01:31 [INFO] === END job=instant date=2026-06-17 ===
[2026-06-17T09:01:31.661+0000] {era5_functions.py:379} INFO - === END job=instant date=2026-06-17 ===
[2026-06-17T09:01:31.663+0000] {python.py:237} INFO - Done. Returned value was: None
[2026-06-17T09:01:31.664+0000] {taskinstance.py:441} INFO - ::group::Post task execution logs
[2026-06-17T09:01:31.678+0000] {taskinstance.py:1206} INFO - Marking task as SUCCESS. dag_id=era5_download_pipeline, task_id=era5_instant, run_id=scheduled__2026-06-17T08:00:00+00:00, execution_date=20260617T080000, start_date=20260617T090003, end_date=20260617T090131
[2026-06-17T09:01:31.762+0000] {local_task_job_runner.py:240} INFO - Task exited with return code 0
[2026-06-17T09:01:31.793+0000] {taskinstance.py:3498} INFO - 1 downstream tasks scheduled from follow-on schedule check
[2026-06-17T09:01:31.796+0000] {local_task_job_runner.py:222} INFO - ::endgroup::
