[2026-05-18T18:00:02.036+0000] {local_task_job_runner.py:120} INFO - ::group::Pre task execution logs
[2026-05-18T18:00:02.061+0000] {taskinstance.py:2076} INFO - Dependencies all met for dep_context=non-requeueable deps ti=<TaskInstance: era5_ecmwf_pipeline.era5_instant scheduled__2026-05-18T12:00:00+00:00 [queued]>
[2026-05-18T18:00:02.073+0000] {taskinstance.py:2076} INFO - Dependencies all met for dep_context=requeueable deps ti=<TaskInstance: era5_ecmwf_pipeline.era5_instant scheduled__2026-05-18T12:00:00+00:00 [queued]>
[2026-05-18T18:00:02.074+0000] {taskinstance.py:2306} INFO - Starting attempt 1 of 3
[2026-05-18T18:00:02.099+0000] {taskinstance.py:2330} INFO - Executing <Task(PythonOperator): era5_instant> on 2026-05-18 12:00:00+00:00
[2026-05-18T18:00:02.113+0000] {warnings.py:110} WARNING - /home/***/.local/lib/python3.12/site-packages/***/task/task_runner/standard_task_runner.py:61: DeprecationWarning: This process (pid=6756) is multi-threaded, use of fork() may lead to deadlocks in the child.
  pid = os.fork()

[2026-05-18T18:00:02.116+0000] {standard_task_runner.py:63} INFO - Started process 6761 to run task
[2026-05-18T18:00:02.115+0000] {standard_task_runner.py:90} INFO - Running: ['***', 'tasks', 'run', 'era5_ecmwf_pipeline', 'era5_instant', 'scheduled__2026-05-18T12:00:00+00:00', '--job-id', '112', '--raw', '--subdir', 'DAGS_FOLDER/era5_dag.py', '--cfg-path', '/tmp/tmpab2winym']
[2026-05-18T18:00:02.120+0000] {standard_task_runner.py:91} INFO - Job 112: Subtask era5_instant
[2026-05-18T18:00:02.209+0000] {task_command.py:426} INFO - Running <TaskInstance: era5_ecmwf_pipeline.era5_instant scheduled__2026-05-18T12:00:00+00:00 [running]> on host be3a3f5823bd
[2026-05-18T18:00:02.342+0000] {taskinstance.py:2648} INFO - Exporting env vars: AIRFLOW_CTX_DAG_OWNER='***' AIRFLOW_CTX_DAG_ID='era5_ecmwf_pipeline' AIRFLOW_CTX_TASK_ID='era5_instant' AIRFLOW_CTX_EXECUTION_DATE='2026-05-18T12:00:00+00:00' AIRFLOW_CTX_TRY_NUMBER='1' AIRFLOW_CTX_DAG_RUN_ID='scheduled__2026-05-18T12:00:00+00:00'
[2026-05-18T18:00:02.345+0000] {taskinstance.py:430} INFO - ::endgroup::
[2026-05-18T18:00:02.377+0000] {logging_mixin.py:188} WARNING - 2026-05-18 18:00:02 | INFO     | Log file: logs/era5/2026/05/13/era5_20260513.log
[2026-05-18T18:00:02.377+0000] {era5_logger.py:40} INFO - Log file: logs/era5/2026/05/13/era5_20260513.log
[2026-05-18T18:00:03.396+0000] {logging_mixin.py:188} WARNING - 2026-05-18 18:00:03,396 INFO [2026-05-14T00:00:00Z] Upcoming essential maintenance sessions on Data Stores underlying infrastructure on 19 May. Service disruption expected. For further details, please [visit our forum announcement](https://forum.ecmwf.int/t/upcoming-essential-maintenance-sessions-on-data-stores-underlying-infrastructure/14954).
[2026-05-18T18:00:03.396+0000] {legacy_client.py:192} INFO - [2026-05-14T00:00:00Z] Upcoming essential maintenance sessions on Data Stores underlying infrastructure on 19 May. Service disruption expected. For further details, please [visit our forum announcement](https://forum.ecmwf.int/t/upcoming-essential-maintenance-sessions-on-data-stores-underlying-infrastructure/14954).
[2026-05-18T18:00:03.400+0000] {logging_mixin.py:188} WARNING - 2026-05-18 18:00:03 | INFO     | === ERA5 PIPELINE START ===
[2026-05-18T18:00:03.399+0000] {era5_functions.py:266} INFO - === ERA5 PIPELINE START ===
[2026-05-18T18:00:03.403+0000] {logging_mixin.py:188} WARNING - 2026-05-18 18:00:03 | INFO     | JOB instant 20260513
[2026-05-18T18:00:03.403+0000] {era5_functions.py:180} INFO - JOB instant 20260513
[2026-05-18T18:00:03.733+0000] {logging_mixin.py:188} WARNING - 2026-05-18 18:00:03 | WARNING  | [VALIDATE] instant_20260513.nc → not ready 9/24
[2026-05-18T18:00:03.733+0000] {era5_functions.py:55} WARNING - [VALIDATE] instant_20260513.nc → not ready 9/24
[2026-05-18T18:00:03.738+0000] {logging_mixin.py:188} WARNING - 2026-05-18 18:00:03 | WARNING  | not ready → skip this run (wait next 6h)
[2026-05-18T18:00:03.738+0000] {era5_functions.py:192} WARNING - not ready → skip this run (wait next 6h)
[2026-05-18T18:00:03.741+0000] {logging_mixin.py:188} WARNING - 2026-05-18 18:00:03 | INFO     | === DONE ===
[2026-05-18T18:00:03.741+0000] {era5_functions.py:270} INFO - === DONE ===
[2026-05-18T18:00:03.743+0000] {python.py:237} INFO - Done. Returned value was: None
[2026-05-18T18:00:03.744+0000] {taskinstance.py:441} INFO - ::group::Post task execution logs
[2026-05-18T18:00:03.759+0000] {taskinstance.py:1206} INFO - Marking task as SUCCESS. dag_id=era5_ecmwf_pipeline, task_id=era5_instant, run_id=scheduled__2026-05-18T12:00:00+00:00, execution_date=20260518T120000, start_date=20260518T180002, end_date=20260518T180003
[2026-05-18T18:00:03.821+0000] {local_task_job_runner.py:240} INFO - Task exited with return code 0
[2026-05-18T18:00:03.834+0000] {local_task_job_runner.py:222} INFO - ::endgroup::
