[2026-05-22T20:00:01.699+0000] {local_task_job_runner.py:120} INFO - ::group::Pre task execution logs
[2026-05-22T20:00:01.728+0000] {taskinstance.py:2076} INFO - Dependencies all met for dep_context=non-requeueable deps ti=<TaskInstance: era5_ecmwf_pipeline.era5_accum scheduled__2026-05-22T19:00:00+00:00 [queued]>
[2026-05-22T20:00:01.739+0000] {taskinstance.py:2076} INFO - Dependencies all met for dep_context=requeueable deps ti=<TaskInstance: era5_ecmwf_pipeline.era5_accum scheduled__2026-05-22T19:00:00+00:00 [queued]>
[2026-05-22T20:00:01.741+0000] {taskinstance.py:2306} INFO - Starting attempt 1 of 1
[2026-05-22T20:00:01.756+0000] {taskinstance.py:2330} INFO - Executing <Task(PythonOperator): era5_accum> on 2026-05-22 19:00:00+00:00
[2026-05-22T20:00:01.768+0000] {warnings.py:110} WARNING - /home/***/.local/lib/python3.12/site-packages/***/task/task_runner/standard_task_runner.py:61: DeprecationWarning: This process (pid=12836) is multi-threaded, use of fork() may lead to deadlocks in the child.
  pid = os.fork()

[2026-05-22T20:00:01.771+0000] {standard_task_runner.py:63} INFO - Started process 12839 to run task
[2026-05-22T20:00:01.771+0000] {standard_task_runner.py:90} INFO - Running: ['***', 'tasks', 'run', 'era5_ecmwf_pipeline', 'era5_accum', 'scheduled__2026-05-22T19:00:00+00:00', '--job-id', '339', '--raw', '--subdir', 'DAGS_FOLDER/era5_dag.py', '--cfg-path', '/tmp/tmp_9vf_sjz']
[2026-05-22T20:00:01.775+0000] {standard_task_runner.py:91} INFO - Job 339: Subtask era5_accum
[2026-05-22T20:00:01.852+0000] {task_command.py:426} INFO - Running <TaskInstance: era5_ecmwf_pipeline.era5_accum scheduled__2026-05-22T19:00:00+00:00 [running]> on host fc8478f399e7
[2026-05-22T20:00:01.987+0000] {taskinstance.py:2648} INFO - Exporting env vars: AIRFLOW_CTX_DAG_OWNER='***' AIRFLOW_CTX_DAG_ID='era5_ecmwf_pipeline' AIRFLOW_CTX_TASK_ID='era5_accum' AIRFLOW_CTX_EXECUTION_DATE='2026-05-22T19:00:00+00:00' AIRFLOW_CTX_TRY_NUMBER='1' AIRFLOW_CTX_DAG_RUN_ID='scheduled__2026-05-22T19:00:00+00:00'
[2026-05-22T20:00:01.989+0000] {taskinstance.py:430} INFO - ::endgroup::
[2026-05-22T20:00:02.007+0000] {logging_mixin.py:188} INFO - RUN → accum | 2026-05-17
[2026-05-22T20:00:02.020+0000] {era5_logger.py:51} INFO - Log file: logs/era5/2026/05/17/era5_20260517.log
[2026-05-22T20:00:02.021+0000] {era5_functions.py:329} INFO - ERA5 [ACCUM] START: 2026-05-17
[2026-05-22T20:00:03.050+0000] {era5_functions.py:285} INFO - ============================================================
[2026-05-22T20:00:03.052+0000] {era5_functions.py:286} INFO - JOB : ACCUM | 2026-05-17
[2026-05-22T20:00:03.053+0000] {era5_functions.py:287} INFO - VARS: ['tp']
[2026-05-22T20:00:03.055+0000] {era5_functions.py:288} INFO - ============================================================
[2026-05-22T20:00:03.367+0000] {era5_functions.py:63} WARNING - [VALIDATE NC] accum_20260517.nc → NOT READY (4/24)
[2026-05-22T20:00:03.369+0000] {era5_functions.py:123} WARNING - [NC] ERA5 not ready → accum_20260517.nc
[2026-05-22T20:00:03.370+0000] {era5_functions.py:295} WARNING - [PIPELINE] skip tif → nc not ready
[2026-05-22T20:00:03.371+0000] {era5_functions.py:341} INFO - ERA5 [ACCUM] COMPLETE ✓
[2026-05-22T20:00:03.372+0000] {logging_mixin.py:188} INFO - RUN → accum | 2026-05-16
[2026-05-22T20:00:03.377+0000] {era5_logger.py:51} INFO - Log file: logs/era5/2026/05/16/era5_20260516.log
[2026-05-22T20:00:03.379+0000] {era5_functions.py:329} INFO - ERA5 [ACCUM] START: 2026-05-16
[2026-05-22T20:00:04.392+0000] {era5_functions.py:285} INFO - ============================================================
[2026-05-22T20:00:04.396+0000] {era5_functions.py:286} INFO - JOB : ACCUM | 2026-05-16
[2026-05-22T20:00:04.398+0000] {era5_functions.py:287} INFO - VARS: ['tp']
[2026-05-22T20:00:04.401+0000] {era5_functions.py:288} INFO - ============================================================
[2026-05-22T20:00:04.453+0000] {era5_functions.py:63} WARNING - [VALIDATE NC] accum_20260516.nc → NOT READY (2/24)
[2026-05-22T20:00:04.456+0000] {era5_functions.py:123} WARNING - [NC] ERA5 not ready → accum_20260516.nc
[2026-05-22T20:00:04.457+0000] {era5_functions.py:295} WARNING - [PIPELINE] skip tif → nc not ready
[2026-05-22T20:00:04.458+0000] {era5_functions.py:341} INFO - ERA5 [ACCUM] COMPLETE ✓
[2026-05-22T20:00:04.460+0000] {logging_mixin.py:188} INFO - RUN → accum | 2026-05-15
[2026-05-22T20:00:04.467+0000] {era5_logger.py:51} INFO - Log file: logs/era5/2026/05/15/era5_20260515.log
[2026-05-22T20:00:04.468+0000] {era5_functions.py:329} INFO - ERA5 [ACCUM] START: 2026-05-15
[2026-05-22T20:00:05.469+0000] {era5_functions.py:285} INFO - ============================================================
[2026-05-22T20:00:05.473+0000] {era5_functions.py:286} INFO - JOB : ACCUM | 2026-05-15
[2026-05-22T20:00:05.475+0000] {era5_functions.py:287} INFO - VARS: ['tp']
[2026-05-22T20:00:05.477+0000] {era5_functions.py:288} INFO - ============================================================
[2026-05-22T20:00:05.555+0000] {era5_functions.py:63} WARNING - [VALIDATE NC] accum_20260515.nc → NOT READY (2/24)
[2026-05-22T20:00:05.559+0000] {era5_functions.py:123} WARNING - [NC] ERA5 not ready → accum_20260515.nc
[2026-05-22T20:00:05.560+0000] {era5_functions.py:295} WARNING - [PIPELINE] skip tif → nc not ready
[2026-05-22T20:00:05.561+0000] {era5_functions.py:341} INFO - ERA5 [ACCUM] COMPLETE ✓
[2026-05-22T20:00:05.562+0000] {python.py:237} INFO - Done. Returned value was: None
[2026-05-22T20:00:05.563+0000] {taskinstance.py:441} INFO - ::group::Post task execution logs
[2026-05-22T20:00:05.582+0000] {taskinstance.py:1206} INFO - Marking task as SUCCESS. dag_id=era5_ecmwf_pipeline, task_id=era5_accum, run_id=scheduled__2026-05-22T19:00:00+00:00, execution_date=20260522T190000, start_date=20260522T200001, end_date=20260522T200005
[2026-05-22T20:00:05.648+0000] {local_task_job_runner.py:240} INFO - Task exited with return code 0
[2026-05-22T20:00:05.674+0000] {taskinstance.py:3498} INFO - 0 downstream tasks scheduled from follow-on schedule check
[2026-05-22T20:00:05.677+0000] {local_task_job_runner.py:222} INFO - ::endgroup::
