[2026-06-05T20:00:02.306+0000] {local_task_job_runner.py:120} INFO - ::group::Pre task execution logs
[2026-06-05T20:00:02.335+0000] {taskinstance.py:2076} INFO - Dependencies all met for dep_context=non-requeueable deps ti=<TaskInstance: era5_download_pipeline.era5_instant scheduled__2026-06-05T19:00:00+00:00 [queued]>
[2026-06-05T20:00:02.347+0000] {taskinstance.py:2076} INFO - Dependencies all met for dep_context=requeueable deps ti=<TaskInstance: era5_download_pipeline.era5_instant scheduled__2026-06-05T19:00:00+00:00 [queued]>
[2026-06-05T20:00:02.350+0000] {taskinstance.py:2306} INFO - Starting attempt 1 of 1
[2026-06-05T20:00:02.376+0000] {taskinstance.py:2330} INFO - Executing <Task(PythonOperator): era5_instant> on 2026-06-05 19:00:00+00:00
[2026-06-05T20:00:02.388+0000] {warnings.py:110} WARNING - /home/***/.local/lib/python3.12/site-packages/***/task/task_runner/standard_task_runner.py:61: DeprecationWarning: This process (pid=65909) is multi-threaded, use of fork() may lead to deadlocks in the child.
  pid = os.fork()

[2026-06-05T20:00:02.391+0000] {standard_task_runner.py:63} INFO - Started process 65913 to run task
[2026-06-05T20:00:02.390+0000] {standard_task_runner.py:90} INFO - Running: ['***', 'tasks', 'run', 'era5_download_pipeline', 'era5_instant', 'scheduled__2026-06-05T19:00:00+00:00', '--job-id', '1006', '--raw', '--subdir', 'DAGS_FOLDER/era5_dag.py', '--cfg-path', '/tmp/tmpsdrqm8n8']
[2026-06-05T20:00:02.395+0000] {standard_task_runner.py:91} INFO - Job 1006: Subtask era5_instant
[2026-06-05T20:00:02.472+0000] {task_command.py:426} INFO - Running <TaskInstance: era5_download_pipeline.era5_instant scheduled__2026-06-05T19:00:00+00:00 [running]> on host 01cd476fb21a
[2026-06-05T20:00:02.600+0000] {taskinstance.py:2648} INFO - Exporting env vars: AIRFLOW_CTX_DAG_OWNER='era5' AIRFLOW_CTX_DAG_ID='era5_download_pipeline' AIRFLOW_CTX_TASK_ID='era5_instant' AIRFLOW_CTX_EXECUTION_DATE='2026-06-05T19:00:00+00:00' AIRFLOW_CTX_TRY_NUMBER='1' AIRFLOW_CTX_DAG_RUN_ID='scheduled__2026-06-05T19:00:00+00:00'
[2026-06-05T20:00:02.603+0000] {taskinstance.py:430} INFO - ::endgroup::
[2026-06-05T20:00:03.659+0000] {logging_mixin.py:188} WARNING - 2026-06-05 20:00:03 [INFO] === START job=instant date=2026-06-05 ===
[2026-06-05T20:00:03.659+0000] {era5_functions.py:368} INFO - === START job=instant date=2026-06-05 ===
[2026-06-05T20:00:03.661+0000] {logging_mixin.py:188} WARNING - 2026-06-05 20:00:03 [INFO] --- job=instant date=20260605 ---
[2026-06-05T20:00:03.661+0000] {era5_functions.py:330} INFO - --- job=instant date=20260605 ---
[2026-06-05T20:00:04.655+0000] {logging_mixin.py:188} WARNING - 2026-06-05 20:00:04 [WARNING] get_cds_count failed: 400 Client Error: Bad Request for url: https://cds.climate.copernicus.eu/api/retrieve/v1/processes/reanalysis-era5-single-levels/execution
invalid request
None of the data you have requested is available yet, please revise the period requested. The latest date available for this dataset is: 2026-05-31 20:00
[2026-06-05T20:00:04.654+0000] {era5_functions.py:131} WARNING - get_cds_count failed: 400 Client Error: Bad Request for url: https://cds.climate.copernicus.eu/api/retrieve/v1/processes/reanalysis-era5-single-levels/execution
invalid request
None of the data you have requested is available yet, please revise the period requested. The latest date available for this dataset is: 2026-05-31 20:00
[2026-06-05T20:00:04.659+0000] {logging_mixin.py:188} WARNING - 2026-06-05 20:00:04 [WARNING] CDS ยังไม่มีข้อมูล job=instant date=20260605, skip
[2026-06-05T20:00:04.659+0000] {era5_functions.py:335} WARNING - CDS ยังไม่มีข้อมูล job=instant date=20260605, skip
[2026-06-05T20:00:04.662+0000] {logging_mixin.py:188} WARNING - 2026-06-05 20:00:04 [INFO] --- job=instant date=20260604 ---
[2026-06-05T20:00:04.662+0000] {era5_functions.py:330} INFO - --- job=instant date=20260604 ---
[2026-06-05T20:00:05.247+0000] {logging_mixin.py:188} WARNING - 2026-06-05 20:00:05 [WARNING] get_cds_count failed: 400 Client Error: Bad Request for url: https://cds.climate.copernicus.eu/api/retrieve/v1/processes/reanalysis-era5-single-levels/execution
invalid request
None of the data you have requested is available yet, please revise the period requested. The latest date available for this dataset is: 2026-05-31 20:00
[2026-06-05T20:00:05.247+0000] {era5_functions.py:131} WARNING - get_cds_count failed: 400 Client Error: Bad Request for url: https://cds.climate.copernicus.eu/api/retrieve/v1/processes/reanalysis-era5-single-levels/execution
invalid request
None of the data you have requested is available yet, please revise the period requested. The latest date available for this dataset is: 2026-05-31 20:00
[2026-06-05T20:00:05.251+0000] {logging_mixin.py:188} WARNING - 2026-06-05 20:00:05 [WARNING] CDS ยังไม่มีข้อมูล job=instant date=20260604, skip
[2026-06-05T20:00:05.251+0000] {era5_functions.py:335} WARNING - CDS ยังไม่มีข้อมูล job=instant date=20260604, skip
[2026-06-05T20:00:05.255+0000] {logging_mixin.py:188} WARNING - 2026-06-05 20:00:05 [INFO] --- job=instant date=20260603 ---
[2026-06-05T20:00:05.255+0000] {era5_functions.py:330} INFO - --- job=instant date=20260603 ---
[2026-06-05T20:00:07.646+0000] {logging_mixin.py:188} WARNING - 2026-06-05 20:00:07 [WARNING] get_cds_count failed: 400 Client Error: Bad Request for url: https://cds.climate.copernicus.eu/api/retrieve/v1/processes/reanalysis-era5-single-levels/execution
invalid request
None of the data you have requested is available yet, please revise the period requested. The latest date available for this dataset is: 2026-05-31 20:00
[2026-06-05T20:00:07.645+0000] {era5_functions.py:131} WARNING - get_cds_count failed: 400 Client Error: Bad Request for url: https://cds.climate.copernicus.eu/api/retrieve/v1/processes/reanalysis-era5-single-levels/execution
invalid request
None of the data you have requested is available yet, please revise the period requested. The latest date available for this dataset is: 2026-05-31 20:00
[2026-06-05T20:00:07.651+0000] {logging_mixin.py:188} WARNING - 2026-06-05 20:00:07 [WARNING] CDS ยังไม่มีข้อมูล job=instant date=20260603, skip
[2026-06-05T20:00:07.651+0000] {era5_functions.py:335} WARNING - CDS ยังไม่มีข้อมูล job=instant date=20260603, skip
[2026-06-05T20:00:07.655+0000] {logging_mixin.py:188} WARNING - 2026-06-05 20:00:07 [INFO] --- job=instant date=20260602 ---
[2026-06-05T20:00:07.655+0000] {era5_functions.py:330} INFO - --- job=instant date=20260602 ---
[2026-06-05T20:00:08.240+0000] {logging_mixin.py:188} WARNING - 2026-06-05 20:00:08 [WARNING] get_cds_count failed: 400 Client Error: Bad Request for url: https://cds.climate.copernicus.eu/api/retrieve/v1/processes/reanalysis-era5-single-levels/execution
invalid request
None of the data you have requested is available yet, please revise the period requested. The latest date available for this dataset is: 2026-05-31 20:00
[2026-06-05T20:00:08.239+0000] {era5_functions.py:131} WARNING - get_cds_count failed: 400 Client Error: Bad Request for url: https://cds.climate.copernicus.eu/api/retrieve/v1/processes/reanalysis-era5-single-levels/execution
invalid request
None of the data you have requested is available yet, please revise the period requested. The latest date available for this dataset is: 2026-05-31 20:00
[2026-06-05T20:00:08.244+0000] {logging_mixin.py:188} WARNING - 2026-06-05 20:00:08 [WARNING] CDS ยังไม่มีข้อมูล job=instant date=20260602, skip
[2026-06-05T20:00:08.244+0000] {era5_functions.py:335} WARNING - CDS ยังไม่มีข้อมูล job=instant date=20260602, skip
[2026-06-05T20:00:08.246+0000] {logging_mixin.py:188} WARNING - 2026-06-05 20:00:08 [INFO] --- job=instant date=20260601 ---
[2026-06-05T20:00:08.246+0000] {era5_functions.py:330} INFO - --- job=instant date=20260601 ---
[2026-06-05T20:00:11.529+0000] {logging_mixin.py:188} WARNING - 2026-06-05 20:00:11 [WARNING] get_cds_count failed: 400 Client Error: Bad Request for url: https://cds.climate.copernicus.eu/api/retrieve/v1/processes/reanalysis-era5-single-levels/execution
invalid request
None of the data you have requested is available yet, please revise the period requested. The latest date available for this dataset is: 2026-05-31 20:00
[2026-06-05T20:00:11.529+0000] {era5_functions.py:131} WARNING - get_cds_count failed: 400 Client Error: Bad Request for url: https://cds.climate.copernicus.eu/api/retrieve/v1/processes/reanalysis-era5-single-levels/execution
invalid request
None of the data you have requested is available yet, please revise the period requested. The latest date available for this dataset is: 2026-05-31 20:00
[2026-06-05T20:00:11.535+0000] {logging_mixin.py:188} WARNING - 2026-06-05 20:00:11 [WARNING] CDS ยังไม่มีข้อมูล job=instant date=20260601, skip
[2026-06-05T20:00:11.534+0000] {era5_functions.py:335} WARNING - CDS ยังไม่มีข้อมูล job=instant date=20260601, skip
[2026-06-05T20:00:11.538+0000] {logging_mixin.py:188} WARNING - 2026-06-05 20:00:11 [INFO] --- job=instant date=20260531 ---
[2026-06-05T20:00:11.538+0000] {era5_functions.py:330} INFO - --- job=instant date=20260531 ---
[2026-06-05T20:00:12.341+0000] {logging_mixin.py:188} WARNING - 2026-06-05 20:00:12,340 INFO [2025-12-11T00:00:00] Please note that a dedicated catalogue entry for this dataset, post-processed and stored in Analysis Ready Cloud Optimized (ARCO) format (Zarr), is available for optimised time-series retrievals (i.e. for retrieving data from selected variables for a single point over an extended period of time in an efficient way). You can discover it [here](https://cds.climate.copernicus.eu/datasets/reanalysis-era5-single-levels-timeseries?tab=overview)
[2026-06-05T20:00:12.340+0000] {legacy_client.py:192} INFO - [2025-12-11T00:00:00] Please note that a dedicated catalogue entry for this dataset, post-processed and stored in Analysis Ready Cloud Optimized (ARCO) format (Zarr), is available for optimised time-series retrievals (i.e. for retrieving data from selected variables for a single point over an extended period of time in an efficient way). You can discover it [here](https://cds.climate.copernicus.eu/datasets/reanalysis-era5-single-levels-timeseries?tab=overview)
[2026-06-05T20:00:12.346+0000] {logging_mixin.py:188} WARNING - 2026-06-05 20:00:12,346 INFO Request ID is d67e7f21-4401-4145-b480-c57f1e790436
[2026-06-05T20:00:12.346+0000] {legacy_client.py:192} INFO - Request ID is d67e7f21-4401-4145-b480-c57f1e790436
[2026-06-05T20:00:14.906+0000] {logging_mixin.py:188} WARNING - 2026-06-05 20:00:14,906 INFO status has been updated to accepted
[2026-06-05T20:00:14.906+0000] {legacy_client.py:192} INFO - status has been updated to accepted
[2026-06-05T20:02:10.841+0000] {logging_mixin.py:188} WARNING - 2026-06-05 20:02:10,841 INFO status has been updated to successful
[2026-06-05T20:02:10.841+0000] {legacy_client.py:192} INFO - status has been updated to successful
[2026-06-05T20:02:11.266+0000] {base.py:119} INFO - Downloading https://object-store.os-api.cci2.ecmwf.int:443/cci2-prod-cache-1/2026-06-05/e3b3df90e6e5681ad9ddb29cf647dd3b.nc
[2026-06-05T20:02:11.982+0000] {logging_mixin.py:188} WARNING - e3b3df90e6e5681ad9ddb29cf647dd3b.nc:   0%|          | 0.00/2.26M [00:00<?, ?B/s]
[2026-06-05T20:02:13.800+0000] {logging_mixin.py:188} WARNING - e3b3df90e6e5681ad9ddb29cf647dd3b.nc:  44%|####4     | 1.00M/2.26M [00:01<00:02, 578kB/s]
[2026-06-05T20:02:16.093+0000] {logging_mixin.py:188} WARNING - e3b3df90e6e5681ad9ddb29cf647dd3b.nc:  89%|########8 | 2.00M/2.26M [00:04<00:00, 500kB/s]
[2026-06-05T20:02:16.449+0000] {logging_mixin.py:188} WARNING - e3b3df90e6e5681ad9ddb29cf647dd3b.nc: 100%|##########| 2.26M/2.26M [00:04<00:00, 533kB/s]
[2026-06-05T20:02:16.455+0000] {logging_mixin.py:188} WARNING -                                                                                         
[2026-06-05T20:02:16.745+0000] {logging_mixin.py:188} WARNING - 2026-06-05 20:02:16 [INFO] CDS timestep available: 21
[2026-06-05T20:02:16.745+0000] {era5_functions.py:128} INFO - CDS timestep available: 21
[2026-06-05T20:02:16.850+0000] {logging_mixin.py:188} WARNING - 2026-06-05 20:02:16 [INFO] local timestep: 20 — /opt/***/era5/ecmwf/data/nc/_raw/2026/05/31/instant_20260531.nc
[2026-06-05T20:02:16.850+0000] {era5_functions.py:152} INFO - local timestep: 20 — /opt/***/era5/ecmwf/data/nc/_raw/2026/05/31/instant_20260531.nc
[2026-06-05T20:02:16.857+0000] {logging_mixin.py:188} WARNING - 2026-06-05 20:02:16 [INFO] nc outdated (local=20 < cds=21), removing: /opt/***/era5/ecmwf/data/nc/_raw/2026/05/31/instant_20260531.nc
[2026-06-05T20:02:16.857+0000] {era5_functions.py:193} INFO - nc outdated (local=20 < cds=21), removing: /opt/***/era5/ecmwf/data/nc/_raw/2026/05/31/instant_20260531.nc
[2026-06-05T20:02:16.876+0000] {logging_mixin.py:188} WARNING - 2026-06-05 20:02:16 [INFO] download attempt 1/3: /opt/***/era5/ecmwf/data/nc/_raw/2026/05/31/instant_20260531.nc
[2026-06-05T20:02:16.876+0000] {era5_functions.py:200} INFO - download attempt 1/3: /opt/***/era5/ecmwf/data/nc/_raw/2026/05/31/instant_20260531.nc
[2026-06-05T20:02:17.739+0000] {logging_mixin.py:188} WARNING - 2026-06-05 20:02:17,738 INFO [2025-12-11T00:00:00] Please note that a dedicated catalogue entry for this dataset, post-processed and stored in Analysis Ready Cloud Optimized (ARCO) format (Zarr), is available for optimised time-series retrievals (i.e. for retrieving data from selected variables for a single point over an extended period of time in an efficient way). You can discover it [here](https://cds.climate.copernicus.eu/datasets/reanalysis-era5-single-levels-timeseries?tab=overview)
[2026-06-05T20:02:17.738+0000] {legacy_client.py:192} INFO - [2025-12-11T00:00:00] Please note that a dedicated catalogue entry for this dataset, post-processed and stored in Analysis Ready Cloud Optimized (ARCO) format (Zarr), is available for optimised time-series retrievals (i.e. for retrieving data from selected variables for a single point over an extended period of time in an efficient way). You can discover it [here](https://cds.climate.copernicus.eu/datasets/reanalysis-era5-single-levels-timeseries?tab=overview)
[2026-06-05T20:02:17.743+0000] {logging_mixin.py:188} WARNING - 2026-06-05 20:02:17,743 INFO Request ID is f7b8cad4-1451-4850-bc85-505a40b302ea
[2026-06-05T20:02:17.743+0000] {legacy_client.py:192} INFO - Request ID is f7b8cad4-1451-4850-bc85-505a40b302ea
[2026-06-05T20:02:19.272+0000] {logging_mixin.py:188} WARNING - 2026-06-05 20:02:19,272 INFO status has been updated to accepted
[2026-06-05T20:02:19.272+0000] {legacy_client.py:192} INFO - status has been updated to accepted
[2026-06-05T20:02:33.565+0000] {logging_mixin.py:188} WARNING - 2026-06-05 20:02:33,565 INFO status has been updated to running
[2026-06-05T20:02:33.565+0000] {legacy_client.py:192} INFO - status has been updated to running
[2026-06-05T20:02:41.379+0000] {logging_mixin.py:188} WARNING - 2026-06-05 20:02:41,379 INFO status has been updated to successful
[2026-06-05T20:02:41.379+0000] {legacy_client.py:192} INFO - status has been updated to successful
[2026-06-05T20:02:41.818+0000] {base.py:119} INFO - Downloading https://object-store.os-api.cci2.ecmwf.int:443/cci2-prod-cache-3/2026-06-05/1cfe6085da513666d127d30cea85ff52.nc
[2026-06-05T20:02:42.812+0000] {logging_mixin.py:188} WARNING - 1cfe6085da513666d127d30cea85ff52.nc:   0%|          | 0.00/2.26M [00:00<?, ?B/s]
[2026-06-05T20:02:44.658+0000] {logging_mixin.py:188} WARNING - 1cfe6085da513666d127d30cea85ff52.nc:  44%|####4     | 1.00M/2.26M [00:01<00:02, 569kB/s]
[2026-06-05T20:02:45.025+0000] {logging_mixin.py:188} WARNING - 1cfe6085da513666d127d30cea85ff52.nc:  89%|########8 | 2.00M/2.26M [00:02<00:00, 1.08MB/s]
[2026-06-05T20:02:45.045+0000] {logging_mixin.py:188} WARNING -                                                                                          
[2026-06-05T20:02:45.235+0000] {logging_mixin.py:188} WARNING - 2026-06-05 20:02:45 [INFO] nc downloaded ok: /opt/***/era5/ecmwf/data/nc/_raw/2026/05/31/instant_20260531.nc
[2026-06-05T20:02:45.234+0000] {era5_functions.py:204} INFO - nc downloaded ok: /opt/***/era5/ecmwf/data/nc/_raw/2026/05/31/instant_20260531.nc
[2026-06-05T20:02:45.319+0000] {logging_mixin.py:188} WARNING - 2026-06-05 20:02:45 [INFO] local timestep: 21 — /opt/***/era5/ecmwf/data/nc/_raw/2026/05/31/instant_20260531.nc
[2026-06-05T20:02:45.318+0000] {era5_functions.py:152} INFO - local timestep: 21 — /opt/***/era5/ecmwf/data/nc/_raw/2026/05/31/instant_20260531.nc
[2026-06-05T20:02:45.437+0000] {logging_mixin.py:188} WARNING - 2026-06-05 20:02:45 [INFO] tif outdated (tif=20 < nc=21), removing: /opt/***/era5/ecmwf/data/tif/2026/05/31/t2m_20260531.tif
[2026-06-05T20:02:45.437+0000] {era5_functions.py:261} INFO - tif outdated (tif=20 < nc=21), removing: /opt/***/era5/ecmwf/data/tif/2026/05/31/t2m_20260531.tif
[2026-06-05T20:02:45.542+0000] {logging_mixin.py:188} WARNING - 2026-06-05 20:02:45 [INFO] tif ok (bands=21): /opt/***/era5/ecmwf/data/tif/2026/05/31/t2m_20260531.tif
[2026-06-05T20:02:45.542+0000] {era5_functions.py:304} INFO - tif ok (bands=21): /opt/***/era5/ecmwf/data/tif/2026/05/31/t2m_20260531.tif
[2026-06-05T20:02:45.557+0000] {logging_mixin.py:188} WARNING - 2026-06-05 20:02:45 [INFO] tif outdated (tif=20 < nc=21), removing: /opt/***/era5/ecmwf/data/tif/2026/05/31/d2m_20260531.tif
[2026-06-05T20:02:45.557+0000] {era5_functions.py:261} INFO - tif outdated (tif=20 < nc=21), removing: /opt/***/era5/ecmwf/data/tif/2026/05/31/d2m_20260531.tif
[2026-06-05T20:02:45.651+0000] {logging_mixin.py:188} WARNING - 2026-06-05 20:02:45 [INFO] tif ok (bands=21): /opt/***/era5/ecmwf/data/tif/2026/05/31/d2m_20260531.tif
[2026-06-05T20:02:45.651+0000] {era5_functions.py:304} INFO - tif ok (bands=21): /opt/***/era5/ecmwf/data/tif/2026/05/31/d2m_20260531.tif
[2026-06-05T20:02:45.666+0000] {logging_mixin.py:188} WARNING - 2026-06-05 20:02:45 [INFO] tif outdated (tif=20 < nc=21), removing: /opt/***/era5/ecmwf/data/tif/2026/05/31/sp_20260531.tif
[2026-06-05T20:02:45.666+0000] {era5_functions.py:261} INFO - tif outdated (tif=20 < nc=21), removing: /opt/***/era5/ecmwf/data/tif/2026/05/31/sp_20260531.tif
[2026-06-05T20:02:45.815+0000] {logging_mixin.py:188} WARNING - 2026-06-05 20:02:45 [INFO] tif ok (bands=21): /opt/***/era5/ecmwf/data/tif/2026/05/31/sp_20260531.tif
[2026-06-05T20:02:45.815+0000] {era5_functions.py:304} INFO - tif ok (bands=21): /opt/***/era5/ecmwf/data/tif/2026/05/31/sp_20260531.tif
[2026-06-05T20:02:45.832+0000] {logging_mixin.py:188} WARNING - 2026-06-05 20:02:45 [INFO] tif outdated (tif=20 < nc=21), removing: /opt/***/era5/ecmwf/data/tif/2026/05/31/blh_20260531.tif
[2026-06-05T20:02:45.831+0000] {era5_functions.py:261} INFO - tif outdated (tif=20 < nc=21), removing: /opt/***/era5/ecmwf/data/tif/2026/05/31/blh_20260531.tif
[2026-06-05T20:02:45.939+0000] {logging_mixin.py:188} WARNING - 2026-06-05 20:02:45 [INFO] tif ok (bands=21): /opt/***/era5/ecmwf/data/tif/2026/05/31/blh_20260531.tif
[2026-06-05T20:02:45.939+0000] {era5_functions.py:304} INFO - tif ok (bands=21): /opt/***/era5/ecmwf/data/tif/2026/05/31/blh_20260531.tif
[2026-06-05T20:02:45.955+0000] {logging_mixin.py:188} WARNING - 2026-06-05 20:02:45 [INFO] tif outdated (tif=20 < nc=21), removing: /opt/***/era5/ecmwf/data/tif/2026/05/31/u10_20260531.tif
[2026-06-05T20:02:45.955+0000] {era5_functions.py:261} INFO - tif outdated (tif=20 < nc=21), removing: /opt/***/era5/ecmwf/data/tif/2026/05/31/u10_20260531.tif
[2026-06-05T20:02:46.057+0000] {logging_mixin.py:188} WARNING - 2026-06-05 20:02:46 [INFO] tif ok (bands=21): /opt/***/era5/ecmwf/data/tif/2026/05/31/u10_20260531.tif
[2026-06-05T20:02:46.057+0000] {era5_functions.py:304} INFO - tif ok (bands=21): /opt/***/era5/ecmwf/data/tif/2026/05/31/u10_20260531.tif
[2026-06-05T20:02:46.075+0000] {logging_mixin.py:188} WARNING - 2026-06-05 20:02:46 [INFO] tif outdated (tif=20 < nc=21), removing: /opt/***/era5/ecmwf/data/tif/2026/05/31/v10_20260531.tif
[2026-06-05T20:02:46.075+0000] {era5_functions.py:261} INFO - tif outdated (tif=20 < nc=21), removing: /opt/***/era5/ecmwf/data/tif/2026/05/31/v10_20260531.tif
[2026-06-05T20:02:46.199+0000] {logging_mixin.py:188} WARNING - 2026-06-05 20:02:46 [INFO] tif ok (bands=21): /opt/***/era5/ecmwf/data/tif/2026/05/31/v10_20260531.tif
[2026-06-05T20:02:46.199+0000] {era5_functions.py:304} INFO - tif ok (bands=21): /opt/***/era5/ecmwf/data/tif/2026/05/31/v10_20260531.tif
[2026-06-05T20:02:46.205+0000] {logging_mixin.py:188} WARNING - 2026-06-05 20:02:46 [INFO] === END job=instant date=2026-06-05 ===
[2026-06-05T20:02:46.205+0000] {era5_functions.py:379} INFO - === END job=instant date=2026-06-05 ===
[2026-06-05T20:02:46.207+0000] {python.py:237} INFO - Done. Returned value was: None
[2026-06-05T20:02:46.208+0000] {taskinstance.py:441} INFO - ::group::Post task execution logs
[2026-06-05T20:02:46.220+0000] {taskinstance.py:1206} INFO - Marking task as SUCCESS. dag_id=era5_download_pipeline, task_id=era5_instant, run_id=scheduled__2026-06-05T19:00:00+00:00, execution_date=20260605T190000, start_date=20260605T200002, end_date=20260605T200246
[2026-06-05T20:02:46.315+0000] {local_task_job_runner.py:240} INFO - Task exited with return code 0
[2026-06-05T20:02:46.344+0000] {taskinstance.py:3498} INFO - 1 downstream tasks scheduled from follow-on schedule check
[2026-06-05T20:02:46.348+0000] {local_task_job_runner.py:222} INFO - ::endgroup::
