[2026-06-08T13:06:24.652+0000] {local_task_job_runner.py:120} INFO - ::group::Pre task execution logs
[2026-06-08T13:06:24.675+0000] {taskinstance.py:2076} INFO - Dependencies all met for dep_context=non-requeueable deps ti=<TaskInstance: era5_download_pipeline.era5_accum scheduled__2026-06-08T12:00:00+00:00 [queued]>
[2026-06-08T13:06:24.685+0000] {taskinstance.py:2076} INFO - Dependencies all met for dep_context=requeueable deps ti=<TaskInstance: era5_download_pipeline.era5_accum scheduled__2026-06-08T12:00:00+00:00 [queued]>
[2026-06-08T13:06:24.687+0000] {taskinstance.py:2306} INFO - Starting attempt 1 of 1
[2026-06-08T13:06:24.705+0000] {taskinstance.py:2330} INFO - Executing <Task(PythonOperator): era5_accum> on 2026-06-08 12:00:00+00:00
[2026-06-08T13:06:24.718+0000] {warnings.py:110} WARNING - /home/***/.local/lib/python3.12/site-packages/***/task/task_runner/standard_task_runner.py:61: DeprecationWarning: This process (pid=116159) is multi-threaded, use of fork() may lead to deadlocks in the child.
  pid = os.fork()

[2026-06-08T13:06:24.721+0000] {standard_task_runner.py:63} INFO - Started process 116161 to run task
[2026-06-08T13:06:24.721+0000] {standard_task_runner.py:90} INFO - Running: ['***', 'tasks', 'run', 'era5_download_pipeline', 'era5_accum', 'scheduled__2026-06-08T12:00:00+00:00', '--job-id', '1208', '--raw', '--subdir', 'DAGS_FOLDER/era5_dag.py', '--cfg-path', '/tmp/tmpy2qmdzpk']
[2026-06-08T13:06:24.725+0000] {standard_task_runner.py:91} INFO - Job 1208: Subtask era5_accum
[2026-06-08T13:06:24.823+0000] {task_command.py:426} INFO - Running <TaskInstance: era5_download_pipeline.era5_accum scheduled__2026-06-08T12:00:00+00:00 [running]> on host 01cd476fb21a
[2026-06-08T13:06:24.953+0000] {taskinstance.py:2648} INFO - Exporting env vars: AIRFLOW_CTX_DAG_OWNER='era5' AIRFLOW_CTX_DAG_ID='era5_download_pipeline' AIRFLOW_CTX_TASK_ID='era5_accum' AIRFLOW_CTX_EXECUTION_DATE='2026-06-08T12:00:00+00:00' AIRFLOW_CTX_TRY_NUMBER='1' AIRFLOW_CTX_DAG_RUN_ID='scheduled__2026-06-08T12:00:00+00:00'
[2026-06-08T13:06:24.956+0000] {taskinstance.py:430} INFO - ::endgroup::
[2026-06-08T13:06:26.046+0000] {logging_mixin.py:188} WARNING - 2026-06-08 13:06:26 [INFO] === START job=accum date=2026-06-08 ===
[2026-06-08T13:06:26.045+0000] {era5_functions.py:368} INFO - === START job=accum date=2026-06-08 ===
[2026-06-08T13:06:26.050+0000] {logging_mixin.py:188} WARNING - 2026-06-08 13:06:26 [INFO] --- job=accum date=20260608 ---
[2026-06-08T13:06:26.050+0000] {era5_functions.py:330} INFO - --- job=accum date=20260608 ---
[2026-06-08T13:06:26.653+0000] {logging_mixin.py:188} WARNING - 2026-06-08 13:06:26 [WARNING] get_cds_count failed: 400 Client Error: Bad Request for url: https://cds.climate.copernicus.eu/api/retrieve/v1/processes/reanalysis-era5-single-levels/execution
invalid request
None of the data you have requested is available yet, please revise the period requested. The latest date available for this dataset is: 2026-06-03 13:00
[2026-06-08T13:06:26.652+0000] {era5_functions.py:131} WARNING - get_cds_count failed: 400 Client Error: Bad Request for url: https://cds.climate.copernicus.eu/api/retrieve/v1/processes/reanalysis-era5-single-levels/execution
invalid request
None of the data you have requested is available yet, please revise the period requested. The latest date available for this dataset is: 2026-06-03 13:00
[2026-06-08T13:06:26.656+0000] {logging_mixin.py:188} WARNING - 2026-06-08 13:06:26 [WARNING] CDS ยังไม่มีข้อมูล job=accum date=20260608, skip
[2026-06-08T13:06:26.656+0000] {era5_functions.py:335} WARNING - CDS ยังไม่มีข้อมูล job=accum date=20260608, skip
[2026-06-08T13:06:26.659+0000] {logging_mixin.py:188} WARNING - 2026-06-08 13:06:26 [INFO] --- job=accum date=20260607 ---
[2026-06-08T13:06:26.659+0000] {era5_functions.py:330} INFO - --- job=accum date=20260607 ---
[2026-06-08T13:06:27.237+0000] {logging_mixin.py:188} WARNING - 2026-06-08 13:06:27 [WARNING] get_cds_count failed: 400 Client Error: Bad Request for url: https://cds.climate.copernicus.eu/api/retrieve/v1/processes/reanalysis-era5-single-levels/execution
invalid request
None of the data you have requested is available yet, please revise the period requested. The latest date available for this dataset is: 2026-06-03 13:00
[2026-06-08T13:06:27.236+0000] {era5_functions.py:131} WARNING - get_cds_count failed: 400 Client Error: Bad Request for url: https://cds.climate.copernicus.eu/api/retrieve/v1/processes/reanalysis-era5-single-levels/execution
invalid request
None of the data you have requested is available yet, please revise the period requested. The latest date available for this dataset is: 2026-06-03 13:00
[2026-06-08T13:06:27.239+0000] {logging_mixin.py:188} WARNING - 2026-06-08 13:06:27 [WARNING] CDS ยังไม่มีข้อมูล job=accum date=20260607, skip
[2026-06-08T13:06:27.239+0000] {era5_functions.py:335} WARNING - CDS ยังไม่มีข้อมูล job=accum date=20260607, skip
[2026-06-08T13:06:27.241+0000] {logging_mixin.py:188} WARNING - 2026-06-08 13:06:27 [INFO] --- job=accum date=20260606 ---
[2026-06-08T13:06:27.241+0000] {era5_functions.py:330} INFO - --- job=accum date=20260606 ---
[2026-06-08T13:06:30.386+0000] {logging_mixin.py:188} WARNING - 2026-06-08 13:06:30 [WARNING] get_cds_count failed: 400 Client Error: Bad Request for url: https://cds.climate.copernicus.eu/api/retrieve/v1/processes/reanalysis-era5-single-levels/execution
invalid request
None of the data you have requested is available yet, please revise the period requested. The latest date available for this dataset is: 2026-06-03 13:00
[2026-06-08T13:06:30.386+0000] {era5_functions.py:131} WARNING - get_cds_count failed: 400 Client Error: Bad Request for url: https://cds.climate.copernicus.eu/api/retrieve/v1/processes/reanalysis-era5-single-levels/execution
invalid request
None of the data you have requested is available yet, please revise the period requested. The latest date available for this dataset is: 2026-06-03 13:00
[2026-06-08T13:06:30.389+0000] {logging_mixin.py:188} WARNING - 2026-06-08 13:06:30 [WARNING] CDS ยังไม่มีข้อมูล job=accum date=20260606, skip
[2026-06-08T13:06:30.389+0000] {era5_functions.py:335} WARNING - CDS ยังไม่มีข้อมูล job=accum date=20260606, skip
[2026-06-08T13:06:30.391+0000] {logging_mixin.py:188} WARNING - 2026-06-08 13:06:30 [INFO] --- job=accum date=20260605 ---
[2026-06-08T13:06:30.391+0000] {era5_functions.py:330} INFO - --- job=accum date=20260605 ---
[2026-06-08T13:06:33.280+0000] {logging_mixin.py:188} WARNING - 2026-06-08 13:06:33 [WARNING] get_cds_count failed: 400 Client Error: Bad Request for url: https://cds.climate.copernicus.eu/api/retrieve/v1/processes/reanalysis-era5-single-levels/execution
invalid request
None of the data you have requested is available yet, please revise the period requested. The latest date available for this dataset is: 2026-06-03 13:00
[2026-06-08T13:06:33.280+0000] {era5_functions.py:131} WARNING - get_cds_count failed: 400 Client Error: Bad Request for url: https://cds.climate.copernicus.eu/api/retrieve/v1/processes/reanalysis-era5-single-levels/execution
invalid request
None of the data you have requested is available yet, please revise the period requested. The latest date available for this dataset is: 2026-06-03 13:00
[2026-06-08T13:06:33.286+0000] {logging_mixin.py:188} WARNING - 2026-06-08 13:06:33 [WARNING] CDS ยังไม่มีข้อมูล job=accum date=20260605, skip
[2026-06-08T13:06:33.286+0000] {era5_functions.py:335} WARNING - CDS ยังไม่มีข้อมูล job=accum date=20260605, skip
[2026-06-08T13:06:33.292+0000] {logging_mixin.py:188} WARNING - 2026-06-08 13:06:33 [INFO] --- job=accum date=20260604 ---
[2026-06-08T13:06:33.291+0000] {era5_functions.py:330} INFO - --- job=accum date=20260604 ---
[2026-06-08T13:06:36.580+0000] {logging_mixin.py:188} WARNING - 2026-06-08 13:06:36 [WARNING] get_cds_count failed: 400 Client Error: Bad Request for url: https://cds.climate.copernicus.eu/api/retrieve/v1/processes/reanalysis-era5-single-levels/execution
invalid request
None of the data you have requested is available yet, please revise the period requested. The latest date available for this dataset is: 2026-06-03 13:00
[2026-06-08T13:06:36.580+0000] {era5_functions.py:131} WARNING - get_cds_count failed: 400 Client Error: Bad Request for url: https://cds.climate.copernicus.eu/api/retrieve/v1/processes/reanalysis-era5-single-levels/execution
invalid request
None of the data you have requested is available yet, please revise the period requested. The latest date available for this dataset is: 2026-06-03 13:00
[2026-06-08T13:06:36.585+0000] {logging_mixin.py:188} WARNING - 2026-06-08 13:06:36 [WARNING] CDS ยังไม่มีข้อมูล job=accum date=20260604, skip
[2026-06-08T13:06:36.584+0000] {era5_functions.py:335} WARNING - CDS ยังไม่มีข้อมูล job=accum date=20260604, skip
[2026-06-08T13:06:36.588+0000] {logging_mixin.py:188} WARNING - 2026-06-08 13:06:36 [INFO] --- job=accum date=20260603 ---
[2026-06-08T13:06:36.587+0000] {era5_functions.py:330} INFO - --- job=accum date=20260603 ---
[2026-06-08T13:06:42.347+0000] {logging_mixin.py:188} WARNING - 2026-06-08 13:06:42,346 INFO [2025-12-11T00:00:00] Please note that a dedicated catalogue entry for this dataset, post-processed and stored in Analysis Ready Cloud Optimized (ARCO) format (Zarr), is available for optimised time-series retrievals (i.e. for retrieving data from selected variables for a single point over an extended period of time in an efficient way). You can discover it [here](https://cds.climate.copernicus.eu/datasets/reanalysis-era5-single-levels-timeseries?tab=overview)
[2026-06-08T13:06:42.346+0000] {legacy_client.py:192} INFO - [2025-12-11T00:00:00] Please note that a dedicated catalogue entry for this dataset, post-processed and stored in Analysis Ready Cloud Optimized (ARCO) format (Zarr), is available for optimised time-series retrievals (i.e. for retrieving data from selected variables for a single point over an extended period of time in an efficient way). You can discover it [here](https://cds.climate.copernicus.eu/datasets/reanalysis-era5-single-levels-timeseries?tab=overview)
[2026-06-08T13:06:42.350+0000] {logging_mixin.py:188} WARNING - 2026-06-08 13:06:42,350 INFO Request ID is 202691f9-4374-4b5b-b870-b4dd5a813077
[2026-06-08T13:06:42.350+0000] {legacy_client.py:192} INFO - Request ID is 202691f9-4374-4b5b-b870-b4dd5a813077
[2026-06-08T13:06:42.590+0000] {logging_mixin.py:188} WARNING - 2026-06-08 13:06:42,590 INFO status has been updated to accepted
[2026-06-08T13:06:42.590+0000] {legacy_client.py:192} INFO - status has been updated to accepted
[2026-06-08T13:06:52.581+0000] {logging_mixin.py:188} WARNING - 2026-06-08 13:06:52,580 INFO status has been updated to successful
[2026-06-08T13:06:52.580+0000] {legacy_client.py:192} INFO - status has been updated to successful
[2026-06-08T13:06:55.982+0000] {base.py:119} INFO - Downloading https://object-store.os-api.cci2.ecmwf.int:443/cci2-prod-cache-1/2026-06-08/acb252ac0a511367d76eead112b9e405.nc
[2026-06-08T13:07:02.961+0000] {logging_mixin.py:188} WARNING - acb252ac0a511367d76eead112b9e405.nc:   0%|          | 0.00/210k [00:00<?, ?B/s]
[2026-06-08T13:07:10.893+0000] {logging_mixin.py:188} WARNING - acb252ac0a511367d76eead112b9e405.nc: 100%|##########| 210k/210k [00:07<00:00, 27.1kB/s]
[2026-06-08T13:07:10.900+0000] {logging_mixin.py:188} WARNING -                                                                                        
[2026-06-08T13:07:11.222+0000] {logging_mixin.py:188} WARNING - 2026-06-08 13:07:11 [INFO] CDS timestep available: 14
[2026-06-08T13:07:11.222+0000] {era5_functions.py:128} INFO - CDS timestep available: 14
[2026-06-08T13:07:11.282+0000] {logging_mixin.py:188} WARNING - 2026-06-08 13:07:11 [INFO] local timestep: 13 — /opt/***/era5/ecmwf/data/nc/_raw/2026/06/03/accum_20260603.nc
[2026-06-08T13:07:11.281+0000] {era5_functions.py:152} INFO - local timestep: 13 — /opt/***/era5/ecmwf/data/nc/_raw/2026/06/03/accum_20260603.nc
[2026-06-08T13:07:11.289+0000] {logging_mixin.py:188} WARNING - 2026-06-08 13:07:11 [INFO] nc outdated (local=13 < cds=14), removing: /opt/***/era5/ecmwf/data/nc/_raw/2026/06/03/accum_20260603.nc
[2026-06-08T13:07:11.289+0000] {era5_functions.py:193} INFO - nc outdated (local=13 < cds=14), removing: /opt/***/era5/ecmwf/data/nc/_raw/2026/06/03/accum_20260603.nc
[2026-06-08T13:07:11.308+0000] {logging_mixin.py:188} WARNING - 2026-06-08 13:07:11 [INFO] download attempt 1/3: /opt/***/era5/ecmwf/data/nc/_raw/2026/06/03/accum_20260603.nc
[2026-06-08T13:07:11.308+0000] {era5_functions.py:200} INFO - download attempt 1/3: /opt/***/era5/ecmwf/data/nc/_raw/2026/06/03/accum_20260603.nc
[2026-06-08T13:07:12.138+0000] {logging_mixin.py:188} WARNING - 2026-06-08 13:07:12,138 INFO [2025-12-11T00:00:00] Please note that a dedicated catalogue entry for this dataset, post-processed and stored in Analysis Ready Cloud Optimized (ARCO) format (Zarr), is available for optimised time-series retrievals (i.e. for retrieving data from selected variables for a single point over an extended period of time in an efficient way). You can discover it [here](https://cds.climate.copernicus.eu/datasets/reanalysis-era5-single-levels-timeseries?tab=overview)
[2026-06-08T13:07:12.138+0000] {legacy_client.py:192} INFO - [2025-12-11T00:00:00] Please note that a dedicated catalogue entry for this dataset, post-processed and stored in Analysis Ready Cloud Optimized (ARCO) format (Zarr), is available for optimised time-series retrievals (i.e. for retrieving data from selected variables for a single point over an extended period of time in an efficient way). You can discover it [here](https://cds.climate.copernicus.eu/datasets/reanalysis-era5-single-levels-timeseries?tab=overview)
[2026-06-08T13:07:12.144+0000] {logging_mixin.py:188} WARNING - 2026-06-08 13:07:12,143 INFO Request ID is 005eb024-f3b6-44fd-9f75-f0e35dac756c
[2026-06-08T13:07:12.143+0000] {legacy_client.py:192} INFO - Request ID is 005eb024-f3b6-44fd-9f75-f0e35dac756c
[2026-06-08T13:07:12.358+0000] {logging_mixin.py:188} WARNING - 2026-06-08 13:07:12,358 INFO status has been updated to accepted
[2026-06-08T13:07:12.358+0000] {legacy_client.py:192} INFO - status has been updated to accepted
[2026-06-08T13:07:27.422+0000] {logging_mixin.py:188} WARNING - 2026-06-08 13:07:27,421 INFO status has been updated to successful
[2026-06-08T13:07:27.421+0000] {legacy_client.py:192} INFO - status has been updated to successful
[2026-06-08T13:07:28.101+0000] {base.py:119} INFO - Downloading https://object-store.os-api.cci2.ecmwf.int:443/cci2-prod-cache-3/2026-06-08/cfdbbb7c36622a5e6672c40fff796b34.nc
[2026-06-08T13:07:40.344+0000] {logging_mixin.py:188} WARNING - cfdbbb7c36622a5e6672c40fff796b34.nc:   0%|          | 0.00/210k [00:00<?, ?B/s]
[2026-06-08T13:08:01.410+0000] {logging_mixin.py:188} WARNING - cfdbbb7c36622a5e6672c40fff796b34.nc: 100%|##########| 210k/210k [00:21<00:00, 10.2kB/s]
[2026-06-08T13:08:01.427+0000] {logging_mixin.py:188} WARNING -                                                                                        
[2026-06-08T13:08:01.515+0000] {logging_mixin.py:188} WARNING - 2026-06-08 13:08:01 [INFO] nc downloaded ok: /opt/***/era5/ecmwf/data/nc/_raw/2026/06/03/accum_20260603.nc
[2026-06-08T13:08:01.515+0000] {era5_functions.py:204} INFO - nc downloaded ok: /opt/***/era5/ecmwf/data/nc/_raw/2026/06/03/accum_20260603.nc
[2026-06-08T13:08:01.564+0000] {logging_mixin.py:188} WARNING - 2026-06-08 13:08:01 [INFO] local timestep: 14 — /opt/***/era5/ecmwf/data/nc/_raw/2026/06/03/accum_20260603.nc
[2026-06-08T13:08:01.564+0000] {era5_functions.py:152} INFO - local timestep: 14 — /opt/***/era5/ecmwf/data/nc/_raw/2026/06/03/accum_20260603.nc
[2026-06-08T13:08:01.634+0000] {logging_mixin.py:188} WARNING - 2026-06-08 13:08:01 [INFO] tif outdated (tif=13 < nc=14), removing: /opt/***/era5/ecmwf/data/tif/2026/06/03/tp_20260603.tif
[2026-06-08T13:08:01.634+0000] {era5_functions.py:261} INFO - tif outdated (tif=13 < nc=14), removing: /opt/***/era5/ecmwf/data/tif/2026/06/03/tp_20260603.tif
[2026-06-08T13:08:01.752+0000] {logging_mixin.py:188} WARNING - 2026-06-08 13:08:01 [INFO] tif ok (bands=14): /opt/***/era5/ecmwf/data/tif/2026/06/03/tp_20260603.tif
[2026-06-08T13:08:01.751+0000] {era5_functions.py:304} INFO - tif ok (bands=14): /opt/***/era5/ecmwf/data/tif/2026/06/03/tp_20260603.tif
[2026-06-08T13:08:01.756+0000] {logging_mixin.py:188} WARNING - 2026-06-08 13:08:01 [INFO] === END job=accum date=2026-06-08 ===
[2026-06-08T13:08:01.756+0000] {era5_functions.py:379} INFO - === END job=accum date=2026-06-08 ===
[2026-06-08T13:08:01.758+0000] {python.py:237} INFO - Done. Returned value was: None
[2026-06-08T13:08:01.759+0000] {taskinstance.py:441} INFO - ::group::Post task execution logs
[2026-06-08T13:08:01.773+0000] {taskinstance.py:1206} INFO - Marking task as SUCCESS. dag_id=era5_download_pipeline, task_id=era5_accum, run_id=scheduled__2026-06-08T12:00:00+00:00, execution_date=20260608T120000, start_date=20260608T130624, end_date=20260608T130801
[2026-06-08T13:08:01.863+0000] {local_task_job_runner.py:240} INFO - Task exited with return code 0
[2026-06-08T13:08:01.886+0000] {taskinstance.py:3498} INFO - 0 downstream tasks scheduled from follow-on schedule check
[2026-06-08T13:08:01.890+0000] {local_task_job_runner.py:222} INFO - ::endgroup::
