[2026-06-13T12:01:33.858+0000] {local_task_job_runner.py:120} INFO - ::group::Pre task execution logs
[2026-06-13T12:01:33.886+0000] {taskinstance.py:2076} INFO - Dependencies all met for dep_context=non-requeueable deps ti=<TaskInstance: era5_download_pipeline.era5_accum scheduled__2026-06-13T11:00:00+00:00 [queued]>
[2026-06-13T12:01:33.899+0000] {taskinstance.py:2076} INFO - Dependencies all met for dep_context=requeueable deps ti=<TaskInstance: era5_download_pipeline.era5_accum scheduled__2026-06-13T11:00:00+00:00 [queued]>
[2026-06-13T12:01:33.900+0000] {taskinstance.py:2306} INFO - Starting attempt 1 of 1
[2026-06-13T12:01:33.917+0000] {taskinstance.py:2330} INFO - Executing <Task(PythonOperator): era5_accum> on 2026-06-13 11:00:00+00:00
[2026-06-13T12:01:33.931+0000] {warnings.py:110} WARNING - /home/***/.local/lib/python3.12/site-packages/***/task/task_runner/standard_task_runner.py:61: DeprecationWarning: This process (pid=40640) is multi-threaded, use of fork() may lead to deadlocks in the child.
  pid = os.fork()

[2026-06-13T12:01:33.934+0000] {standard_task_runner.py:63} INFO - Started process 40642 to run task
[2026-06-13T12:01:33.935+0000] {standard_task_runner.py:90} INFO - Running: ['***', 'tasks', 'run', 'era5_download_pipeline', 'era5_accum', 'scheduled__2026-06-13T11:00:00+00:00', '--job-id', '1482', '--raw', '--subdir', 'DAGS_FOLDER/era5_dag.py', '--cfg-path', '/tmp/tmpobpbxaf_']
[2026-06-13T12:01:33.940+0000] {standard_task_runner.py:91} INFO - Job 1482: Subtask era5_accum
[2026-06-13T12:01:34.017+0000] {task_command.py:426} INFO - Running <TaskInstance: era5_download_pipeline.era5_accum scheduled__2026-06-13T11:00:00+00:00 [running]> on host 01cd476fb21a
[2026-06-13T12:01:34.133+0000] {taskinstance.py:2648} INFO - Exporting env vars: AIRFLOW_CTX_DAG_OWNER='era5' AIRFLOW_CTX_DAG_ID='era5_download_pipeline' AIRFLOW_CTX_TASK_ID='era5_accum' AIRFLOW_CTX_EXECUTION_DATE='2026-06-13T11:00:00+00:00' AIRFLOW_CTX_TRY_NUMBER='1' AIRFLOW_CTX_DAG_RUN_ID='scheduled__2026-06-13T11:00:00+00:00'
[2026-06-13T12:01:34.137+0000] {taskinstance.py:430} INFO - ::endgroup::
[2026-06-13T12:01:35.947+0000] {logging_mixin.py:188} WARNING - 2026-06-13 12:01:35,946 INFO [2026-06-11T00:00:00Z] Upcoming essential maintenance sessions on Data Stores underlying infrastructure on 15 June. Service disruption expected. For further details, please [visit our forum announcement](https://forum.ecmwf.int/t/upcoming-essential-maintenance-sessions-on-data-stores-underlying-infrastructure-part-2/150414).
[2026-06-13T12:01:35.946+0000] {legacy_client.py:192} INFO - [2026-06-11T00:00:00Z] Upcoming essential maintenance sessions on Data Stores underlying infrastructure on 15 June. Service disruption expected. For further details, please [visit our forum announcement](https://forum.ecmwf.int/t/upcoming-essential-maintenance-sessions-on-data-stores-underlying-infrastructure-part-2/150414).
[2026-06-13T12:01:35.953+0000] {logging_mixin.py:188} WARNING - 2026-06-13 12:01:35 [INFO] === START job=accum date=2026-06-13 ===
[2026-06-13T12:01:35.953+0000] {era5_functions.py:368} INFO - === START job=accum date=2026-06-13 ===
[2026-06-13T12:01:35.956+0000] {logging_mixin.py:188} WARNING - 2026-06-13 12:01:35 [INFO] --- job=accum date=20260613 ---
[2026-06-13T12:01:35.956+0000] {era5_functions.py:330} INFO - --- job=accum date=20260613 ---
[2026-06-13T12:01:36.590+0000] {logging_mixin.py:188} WARNING - 2026-06-13 12:01:36 [WARNING] get_cds_count failed: 400 Client Error: Bad Request for url: https://cds.climate.copernicus.eu/api/retrieve/v1/processes/reanalysis-era5-single-levels/execution
invalid request
None of the data you have requested is available yet, please revise the period requested. The latest date available for this dataset is: 2026-06-08 12:00
[2026-06-13T12:01:36.589+0000] {era5_functions.py:131} WARNING - get_cds_count failed: 400 Client Error: Bad Request for url: https://cds.climate.copernicus.eu/api/retrieve/v1/processes/reanalysis-era5-single-levels/execution
invalid request
None of the data you have requested is available yet, please revise the period requested. The latest date available for this dataset is: 2026-06-08 12:00
[2026-06-13T12:01:36.593+0000] {logging_mixin.py:188} WARNING - 2026-06-13 12:01:36 [WARNING] CDS ยังไม่มีข้อมูล job=accum date=20260613, skip
[2026-06-13T12:01:36.593+0000] {era5_functions.py:335} WARNING - CDS ยังไม่มีข้อมูล job=accum date=20260613, skip
[2026-06-13T12:01:36.596+0000] {logging_mixin.py:188} WARNING - 2026-06-13 12:01:36 [INFO] --- job=accum date=20260612 ---
[2026-06-13T12:01:36.595+0000] {era5_functions.py:330} INFO - --- job=accum date=20260612 ---
[2026-06-13T12:01:38.158+0000] {logging_mixin.py:188} WARNING - 2026-06-13 12:01:38 [WARNING] get_cds_count failed: 400 Client Error: Bad Request for url: https://cds.climate.copernicus.eu/api/retrieve/v1/processes/reanalysis-era5-single-levels/execution
invalid request
None of the data you have requested is available yet, please revise the period requested. The latest date available for this dataset is: 2026-06-08 12:00
[2026-06-13T12:01:38.158+0000] {era5_functions.py:131} WARNING - get_cds_count failed: 400 Client Error: Bad Request for url: https://cds.climate.copernicus.eu/api/retrieve/v1/processes/reanalysis-era5-single-levels/execution
invalid request
None of the data you have requested is available yet, please revise the period requested. The latest date available for this dataset is: 2026-06-08 12:00
[2026-06-13T12:01:38.161+0000] {logging_mixin.py:188} WARNING - 2026-06-13 12:01:38 [WARNING] CDS ยังไม่มีข้อมูล job=accum date=20260612, skip
[2026-06-13T12:01:38.161+0000] {era5_functions.py:335} WARNING - CDS ยังไม่มีข้อมูล job=accum date=20260612, skip
[2026-06-13T12:01:38.164+0000] {logging_mixin.py:188} WARNING - 2026-06-13 12:01:38 [INFO] --- job=accum date=20260611 ---
[2026-06-13T12:01:38.164+0000] {era5_functions.py:330} INFO - --- job=accum date=20260611 ---
[2026-06-13T12:01:39.682+0000] {logging_mixin.py:188} WARNING - 2026-06-13 12:01:39 [WARNING] get_cds_count failed: 400 Client Error: Bad Request for url: https://cds.climate.copernicus.eu/api/retrieve/v1/processes/reanalysis-era5-single-levels/execution
invalid request
None of the data you have requested is available yet, please revise the period requested. The latest date available for this dataset is: 2026-06-08 12:00
[2026-06-13T12:01:39.681+0000] {era5_functions.py:131} WARNING - get_cds_count failed: 400 Client Error: Bad Request for url: https://cds.climate.copernicus.eu/api/retrieve/v1/processes/reanalysis-era5-single-levels/execution
invalid request
None of the data you have requested is available yet, please revise the period requested. The latest date available for this dataset is: 2026-06-08 12:00
[2026-06-13T12:01:39.687+0000] {logging_mixin.py:188} WARNING - 2026-06-13 12:01:39 [WARNING] CDS ยังไม่มีข้อมูล job=accum date=20260611, skip
[2026-06-13T12:01:39.687+0000] {era5_functions.py:335} WARNING - CDS ยังไม่มีข้อมูล job=accum date=20260611, skip
[2026-06-13T12:01:39.691+0000] {logging_mixin.py:188} WARNING - 2026-06-13 12:01:39 [INFO] --- job=accum date=20260610 ---
[2026-06-13T12:01:39.691+0000] {era5_functions.py:330} INFO - --- job=accum date=20260610 ---
[2026-06-13T12:01:40.811+0000] {logging_mixin.py:188} WARNING - 2026-06-13 12:01:40 [WARNING] get_cds_count failed: 400 Client Error: Bad Request for url: https://cds.climate.copernicus.eu/api/retrieve/v1/processes/reanalysis-era5-single-levels/execution
invalid request
None of the data you have requested is available yet, please revise the period requested. The latest date available for this dataset is: 2026-06-08 12:00
[2026-06-13T12:01:40.811+0000] {era5_functions.py:131} WARNING - get_cds_count failed: 400 Client Error: Bad Request for url: https://cds.climate.copernicus.eu/api/retrieve/v1/processes/reanalysis-era5-single-levels/execution
invalid request
None of the data you have requested is available yet, please revise the period requested. The latest date available for this dataset is: 2026-06-08 12:00
[2026-06-13T12:01:40.815+0000] {logging_mixin.py:188} WARNING - 2026-06-13 12:01:40 [WARNING] CDS ยังไม่มีข้อมูล job=accum date=20260610, skip
[2026-06-13T12:01:40.814+0000] {era5_functions.py:335} WARNING - CDS ยังไม่มีข้อมูล job=accum date=20260610, skip
[2026-06-13T12:01:40.817+0000] {logging_mixin.py:188} WARNING - 2026-06-13 12:01:40 [INFO] --- job=accum date=20260609 ---
[2026-06-13T12:01:40.817+0000] {era5_functions.py:330} INFO - --- job=accum date=20260609 ---
[2026-06-13T12:01:41.501+0000] {logging_mixin.py:188} WARNING - 2026-06-13 12:01:41 [WARNING] get_cds_count failed: 400 Client Error: Bad Request for url: https://cds.climate.copernicus.eu/api/retrieve/v1/processes/reanalysis-era5-single-levels/execution
invalid request
None of the data you have requested is available yet, please revise the period requested. The latest date available for this dataset is: 2026-06-08 12:00
[2026-06-13T12:01:41.501+0000] {era5_functions.py:131} WARNING - get_cds_count failed: 400 Client Error: Bad Request for url: https://cds.climate.copernicus.eu/api/retrieve/v1/processes/reanalysis-era5-single-levels/execution
invalid request
None of the data you have requested is available yet, please revise the period requested. The latest date available for this dataset is: 2026-06-08 12:00
[2026-06-13T12:01:41.504+0000] {logging_mixin.py:188} WARNING - 2026-06-13 12:01:41 [WARNING] CDS ยังไม่มีข้อมูล job=accum date=20260609, skip
[2026-06-13T12:01:41.504+0000] {era5_functions.py:335} WARNING - CDS ยังไม่มีข้อมูล job=accum date=20260609, skip
[2026-06-13T12:01:41.506+0000] {logging_mixin.py:188} WARNING - 2026-06-13 12:01:41 [INFO] --- job=accum date=20260608 ---
[2026-06-13T12:01:41.506+0000] {era5_functions.py:330} INFO - --- job=accum date=20260608 ---
[2026-06-13T12:01:42.294+0000] {logging_mixin.py:188} WARNING - 2026-06-13 12:01:42,294 INFO [2025-12-11T00:00:00] Please note that a dedicated catalogue entry for this dataset, post-processed and stored in Analysis Ready Cloud Optimized (ARCO) format (Zarr), is available for optimised time-series retrievals (i.e. for retrieving data from selected variables for a single point over an extended period of time in an efficient way). You can discover it [here](https://cds.climate.copernicus.eu/datasets/reanalysis-era5-single-levels-timeseries?tab=overview)
[2026-06-13T12:01:42.294+0000] {legacy_client.py:192} INFO - [2025-12-11T00:00:00] Please note that a dedicated catalogue entry for this dataset, post-processed and stored in Analysis Ready Cloud Optimized (ARCO) format (Zarr), is available for optimised time-series retrievals (i.e. for retrieving data from selected variables for a single point over an extended period of time in an efficient way). You can discover it [here](https://cds.climate.copernicus.eu/datasets/reanalysis-era5-single-levels-timeseries?tab=overview)
[2026-06-13T12:01:42.297+0000] {logging_mixin.py:188} WARNING - 2026-06-13 12:01:42,296 INFO Request ID is cbab1c55-7a25-4fd6-b221-fc6299904a55
[2026-06-13T12:01:42.296+0000] {legacy_client.py:192} INFO - Request ID is cbab1c55-7a25-4fd6-b221-fc6299904a55
[2026-06-13T12:01:42.502+0000] {logging_mixin.py:188} WARNING - 2026-06-13 12:01:42,501 INFO status has been updated to accepted
[2026-06-13T12:01:42.501+0000] {legacy_client.py:192} INFO - status has been updated to accepted
[2026-06-13T12:02:04.662+0000] {logging_mixin.py:188} WARNING - 2026-06-13 12:02:04,661 INFO status has been updated to running
[2026-06-13T12:02:04.661+0000] {legacy_client.py:192} INFO - status has been updated to running
[2026-06-13T12:02:16.258+0000] {logging_mixin.py:188} WARNING - 2026-06-13 12:02:16,257 INFO status has been updated to successful
[2026-06-13T12:02:16.257+0000] {legacy_client.py:192} INFO - status has been updated to successful
[2026-06-13T12:02:16.664+0000] {base.py:119} INFO - Downloading https://object-store.os-api.cci2.ecmwf.int:443/cci2-prod-cache-2/2026-06-13/d14b2edaf5cece84dfd6275fe712e4b2.nc
[2026-06-13T12:02:17.307+0000] {logging_mixin.py:188} WARNING - d14b2edaf5cece84dfd6275fe712e4b2.nc:   0%|          | 0.00/209k [00:00<?, ?B/s]
[2026-06-13T12:02:19.016+0000] {logging_mixin.py:188} WARNING - d14b2edaf5cece84dfd6275fe712e4b2.nc: 100%|##########| 209k/209k [00:01<00:00, 126kB/s]
[2026-06-13T12:02:19.022+0000] {logging_mixin.py:188} WARNING -                                                                                       
[2026-06-13T12:02:19.330+0000] {logging_mixin.py:188} WARNING - 2026-06-13 12:02:19 [INFO] CDS timestep available: 13
[2026-06-13T12:02:19.330+0000] {era5_functions.py:128} INFO - CDS timestep available: 13
[2026-06-13T12:02:19.404+0000] {logging_mixin.py:188} WARNING - 2026-06-13 12:02:19 [INFO] local timestep: 12 — /opt/***/era5/ecmwf/data/nc/_raw/2026/06/08/accum_20260608.nc
[2026-06-13T12:02:19.404+0000] {era5_functions.py:152} INFO - local timestep: 12 — /opt/***/era5/ecmwf/data/nc/_raw/2026/06/08/accum_20260608.nc
[2026-06-13T12:02:19.412+0000] {logging_mixin.py:188} WARNING - 2026-06-13 12:02:19 [INFO] nc outdated (local=12 < cds=13), removing: /opt/***/era5/ecmwf/data/nc/_raw/2026/06/08/accum_20260608.nc
[2026-06-13T12:02:19.412+0000] {era5_functions.py:193} INFO - nc outdated (local=12 < cds=13), removing: /opt/***/era5/ecmwf/data/nc/_raw/2026/06/08/accum_20260608.nc
[2026-06-13T12:02:19.434+0000] {logging_mixin.py:188} WARNING - 2026-06-13 12:02:19 [INFO] download attempt 1/3: /opt/***/era5/ecmwf/data/nc/_raw/2026/06/08/accum_20260608.nc
[2026-06-13T12:02:19.433+0000] {era5_functions.py:200} INFO - download attempt 1/3: /opt/***/era5/ecmwf/data/nc/_raw/2026/06/08/accum_20260608.nc
[2026-06-13T12:02:20.191+0000] {logging_mixin.py:188} WARNING - 2026-06-13 12:02:20,191 INFO [2025-12-11T00:00:00] Please note that a dedicated catalogue entry for this dataset, post-processed and stored in Analysis Ready Cloud Optimized (ARCO) format (Zarr), is available for optimised time-series retrievals (i.e. for retrieving data from selected variables for a single point over an extended period of time in an efficient way). You can discover it [here](https://cds.climate.copernicus.eu/datasets/reanalysis-era5-single-levels-timeseries?tab=overview)
[2026-06-13T12:02:20.191+0000] {legacy_client.py:192} INFO - [2025-12-11T00:00:00] Please note that a dedicated catalogue entry for this dataset, post-processed and stored in Analysis Ready Cloud Optimized (ARCO) format (Zarr), is available for optimised time-series retrievals (i.e. for retrieving data from selected variables for a single point over an extended period of time in an efficient way). You can discover it [here](https://cds.climate.copernicus.eu/datasets/reanalysis-era5-single-levels-timeseries?tab=overview)
[2026-06-13T12:02:20.195+0000] {logging_mixin.py:188} WARNING - 2026-06-13 12:02:20,195 INFO Request ID is 8b83b3cb-b0b7-458d-9a05-142003b05fbc
[2026-06-13T12:02:20.195+0000] {legacy_client.py:192} INFO - Request ID is 8b83b3cb-b0b7-458d-9a05-142003b05fbc
[2026-06-13T12:02:20.545+0000] {logging_mixin.py:188} WARNING - 2026-06-13 12:02:20,545 INFO status has been updated to accepted
[2026-06-13T12:02:20.545+0000] {legacy_client.py:192} INFO - status has been updated to accepted
[2026-06-13T12:02:29.506+0000] {logging_mixin.py:188} WARNING - 2026-06-13 12:02:29,505 INFO status has been updated to running
[2026-06-13T12:02:29.505+0000] {legacy_client.py:192} INFO - status has been updated to running
[2026-06-13T12:02:34.773+0000] {logging_mixin.py:188} WARNING - 2026-06-13 12:02:34,773 INFO status has been updated to successful
[2026-06-13T12:02:34.773+0000] {legacy_client.py:192} INFO - status has been updated to successful
[2026-06-13T12:02:35.198+0000] {base.py:119} INFO - Downloading https://object-store.os-api.cci2.ecmwf.int:443/cci2-prod-cache-3/2026-06-13/8a1c93b3baf14ba853e518bc56fced1.nc
[2026-06-13T12:02:35.901+0000] {logging_mixin.py:188} WARNING - 8a1c93b3baf14ba853e518bc56fced1.nc:   0%|          | 0.00/209k [00:00<?, ?B/s]
[2026-06-13T12:02:37.610+0000] {logging_mixin.py:188} WARNING - 8a1c93b3baf14ba853e518bc56fced1.nc: 100%|##########| 209k/209k [00:01<00:00, 126kB/s]
[2026-06-13T12:02:37.627+0000] {logging_mixin.py:188} WARNING -                                                                                      
[2026-06-13T12:02:37.710+0000] {logging_mixin.py:188} WARNING - 2026-06-13 12:02:37 [INFO] nc downloaded ok: /opt/***/era5/ecmwf/data/nc/_raw/2026/06/08/accum_20260608.nc
[2026-06-13T12:02:37.710+0000] {era5_functions.py:204} INFO - nc downloaded ok: /opt/***/era5/ecmwf/data/nc/_raw/2026/06/08/accum_20260608.nc
[2026-06-13T12:02:37.767+0000] {logging_mixin.py:188} WARNING - 2026-06-13 12:02:37 [INFO] local timestep: 13 — /opt/***/era5/ecmwf/data/nc/_raw/2026/06/08/accum_20260608.nc
[2026-06-13T12:02:37.766+0000] {era5_functions.py:152} INFO - local timestep: 13 — /opt/***/era5/ecmwf/data/nc/_raw/2026/06/08/accum_20260608.nc
[2026-06-13T12:02:37.848+0000] {logging_mixin.py:188} WARNING - 2026-06-13 12:02:37 [INFO] tif outdated (tif=12 < nc=13), removing: /opt/***/era5/ecmwf/data/tif/2026/06/08/tp_20260608.tif
[2026-06-13T12:02:37.848+0000] {era5_functions.py:261} INFO - tif outdated (tif=12 < nc=13), removing: /opt/***/era5/ecmwf/data/tif/2026/06/08/tp_20260608.tif
[2026-06-13T12:02:37.942+0000] {logging_mixin.py:188} WARNING - 2026-06-13 12:02:37 [INFO] tif ok (bands=13): /opt/***/era5/ecmwf/data/tif/2026/06/08/tp_20260608.tif
[2026-06-13T12:02:37.942+0000] {era5_functions.py:304} INFO - tif ok (bands=13): /opt/***/era5/ecmwf/data/tif/2026/06/08/tp_20260608.tif
[2026-06-13T12:02:37.948+0000] {logging_mixin.py:188} WARNING - 2026-06-13 12:02:37 [INFO] === END job=accum date=2026-06-13 ===
[2026-06-13T12:02:37.948+0000] {era5_functions.py:379} INFO - === END job=accum date=2026-06-13 ===
[2026-06-13T12:02:37.950+0000] {python.py:237} INFO - Done. Returned value was: None
[2026-06-13T12:02:37.951+0000] {taskinstance.py:441} INFO - ::group::Post task execution logs
[2026-06-13T12:02:37.965+0000] {taskinstance.py:1206} INFO - Marking task as SUCCESS. dag_id=era5_download_pipeline, task_id=era5_accum, run_id=scheduled__2026-06-13T11:00:00+00:00, execution_date=20260613T110000, start_date=20260613T120133, end_date=20260613T120237
[2026-06-13T12:02:38.053+0000] {local_task_job_runner.py:240} INFO - Task exited with return code 0
[2026-06-13T12:02:38.078+0000] {taskinstance.py:3498} INFO - 0 downstream tasks scheduled from follow-on schedule check
[2026-06-13T12:02:38.082+0000] {local_task_job_runner.py:222} INFO - ::endgroup::
