[2026-05-25T06:00:01.853+0000] {local_task_job_runner.py:120} INFO - ::group::Pre task execution logs
[2026-05-25T06:00:01.883+0000] {taskinstance.py:2076} INFO - Dependencies all met for dep_context=non-requeueable deps ti=<TaskInstance: era5_ecmwf_pipeline.era5_instant scheduled__2026-05-25T05:00:00+00:00 [queued]>
[2026-05-25T06:00:01.893+0000] {taskinstance.py:2076} INFO - Dependencies all met for dep_context=requeueable deps ti=<TaskInstance: era5_ecmwf_pipeline.era5_instant scheduled__2026-05-25T05:00:00+00:00 [queued]>
[2026-05-25T06:00:01.894+0000] {taskinstance.py:2306} INFO - Starting attempt 1 of 1
[2026-05-25T06:00:01.918+0000] {taskinstance.py:2330} INFO - Executing <Task(PythonOperator): era5_instant> on 2026-05-25 05:00:00+00:00
[2026-05-25T06:00:01.935+0000] {warnings.py:110} WARNING - /home/***/.local/lib/python3.12/site-packages/***/task/task_runner/standard_task_runner.py:61: DeprecationWarning: This process (pid=57361) is multi-threaded, use of fork() may lead to deadlocks in the child.
  pid = os.fork()

[2026-05-25T06:00:01.938+0000] {standard_task_runner.py:63} INFO - Started process 57366 to run task
[2026-05-25T06:00:01.937+0000] {standard_task_runner.py:90} INFO - Running: ['***', 'tasks', 'run', 'era5_ecmwf_pipeline', 'era5_instant', 'scheduled__2026-05-25T05:00:00+00:00', '--job-id', '459', '--raw', '--subdir', 'DAGS_FOLDER/era5_dag.py', '--cfg-path', '/tmp/tmpiz9i18ss']
[2026-05-25T06:00:01.944+0000] {standard_task_runner.py:91} INFO - Job 459: Subtask era5_instant
[2026-05-25T06:00:02.024+0000] {task_command.py:426} INFO - Running <TaskInstance: era5_ecmwf_pipeline.era5_instant scheduled__2026-05-25T05:00:00+00:00 [running]> on host fc8478f399e7
[2026-05-25T06:00:02.143+0000] {taskinstance.py:2648} INFO - Exporting env vars: AIRFLOW_CTX_DAG_OWNER='***' AIRFLOW_CTX_DAG_ID='era5_ecmwf_pipeline' AIRFLOW_CTX_TASK_ID='era5_instant' AIRFLOW_CTX_EXECUTION_DATE='2026-05-25T05:00:00+00:00' AIRFLOW_CTX_TRY_NUMBER='1' AIRFLOW_CTX_DAG_RUN_ID='scheduled__2026-05-25T05:00:00+00:00'
[2026-05-25T06:00:02.145+0000] {taskinstance.py:430} INFO - ::endgroup::
[2026-05-25T06:00:02.171+0000] {logging_mixin.py:188} INFO - RUN → instant | 2026-05-20
[2026-05-25T06:00:02.187+0000] {era5_logger.py:51} INFO - Log file: logs/era5/2026/05/20/era5_20260520.log
[2026-05-25T06:00:02.188+0000] {era5_functions.py:329} INFO - ERA5 [INSTANT] START: 2026-05-20
[2026-05-25T06:00:03.225+0000] {era5_functions.py:285} INFO - ============================================================
[2026-05-25T06:00:03.227+0000] {era5_functions.py:286} INFO - JOB : INSTANT | 2026-05-20
[2026-05-25T06:00:03.228+0000] {era5_functions.py:287} INFO - VARS: ['t2m', 'd2m', 'sp', 'blh', 'u10', 'v10']
[2026-05-25T06:00:03.230+0000] {era5_functions.py:288} INFO - ============================================================
[2026-05-25T06:00:03.599+0000] {era5_functions.py:63} WARNING - [VALIDATE NC] instant_20260520.nc → NOT READY (2/24)
[2026-05-25T06:00:03.603+0000] {era5_functions.py:123} WARNING - [NC] ERA5 not ready → instant_20260520.nc
[2026-05-25T06:00:03.604+0000] {era5_functions.py:295} WARNING - [PIPELINE] skip tif → nc not ready
[2026-05-25T06:00:03.605+0000] {era5_functions.py:341} INFO - ERA5 [INSTANT] COMPLETE ✓
[2026-05-25T06:00:03.607+0000] {logging_mixin.py:188} INFO - RUN → instant | 2026-05-19
[2026-05-25T06:00:03.613+0000] {era5_logger.py:51} INFO - Log file: logs/era5/2026/05/19/era5_20260519.log
[2026-05-25T06:00:03.615+0000] {era5_functions.py:329} INFO - ERA5 [INSTANT] START: 2026-05-19
[2026-05-25T06:00:04.585+0000] {era5_functions.py:285} INFO - ============================================================
[2026-05-25T06:00:04.587+0000] {era5_functions.py:286} INFO - JOB : INSTANT | 2026-05-19
[2026-05-25T06:00:04.588+0000] {era5_functions.py:287} INFO - VARS: ['t2m', 'd2m', 'sp', 'blh', 'u10', 'v10']
[2026-05-25T06:00:04.590+0000] {era5_functions.py:288} INFO - ============================================================
[2026-05-25T06:00:04.652+0000] {era5_functions.py:63} WARNING - [VALIDATE NC] instant_20260519.nc → NOT READY (2/24)
[2026-05-25T06:00:04.656+0000] {era5_functions.py:123} WARNING - [NC] ERA5 not ready → instant_20260519.nc
[2026-05-25T06:00:04.657+0000] {era5_functions.py:295} WARNING - [PIPELINE] skip tif → nc not ready
[2026-05-25T06:00:04.658+0000] {era5_functions.py:341} INFO - ERA5 [INSTANT] COMPLETE ✓
[2026-05-25T06:00:04.659+0000] {logging_mixin.py:188} INFO - RUN → instant | 2026-05-18
[2026-05-25T06:00:04.666+0000] {era5_logger.py:51} INFO - Log file: logs/era5/2026/05/18/era5_20260518.log
[2026-05-25T06:00:04.667+0000] {era5_functions.py:329} INFO - ERA5 [INSTANT] START: 2026-05-18
[2026-05-25T06:00:05.649+0000] {era5_functions.py:285} INFO - ============================================================
[2026-05-25T06:00:05.651+0000] {era5_functions.py:286} INFO - JOB : INSTANT | 2026-05-18
[2026-05-25T06:00:05.652+0000] {era5_functions.py:287} INFO - VARS: ['t2m', 'd2m', 'sp', 'blh', 'u10', 'v10']
[2026-05-25T06:00:05.654+0000] {era5_functions.py:288} INFO - ============================================================
[2026-05-25T06:00:05.729+0000] {era5_functions.py:63} WARNING - [VALIDATE NC] instant_20260518.nc → NOT READY (2/24)
[2026-05-25T06:00:05.734+0000] {era5_functions.py:123} WARNING - [NC] ERA5 not ready → instant_20260518.nc
[2026-05-25T06:00:05.736+0000] {era5_functions.py:295} WARNING - [PIPELINE] skip tif → nc not ready
[2026-05-25T06:00:05.737+0000] {era5_functions.py:341} INFO - ERA5 [INSTANT] COMPLETE ✓
[2026-05-25T06:00:05.738+0000] {python.py:237} INFO - Done. Returned value was: None
[2026-05-25T06:00:05.739+0000] {taskinstance.py:441} INFO - ::group::Post task execution logs
[2026-05-25T06:00:05.753+0000] {taskinstance.py:1206} INFO - Marking task as SUCCESS. dag_id=era5_ecmwf_pipeline, task_id=era5_instant, run_id=scheduled__2026-05-25T05:00:00+00:00, execution_date=20260525T050000, start_date=20260525T060001, end_date=20260525T060005
[2026-05-25T06:00:05.813+0000] {local_task_job_runner.py:240} INFO - Task exited with return code 0
[2026-05-25T06:00:05.834+0000] {taskinstance.py:3498} INFO - 0 downstream tasks scheduled from follow-on schedule check
[2026-05-25T06:00:05.837+0000] {local_task_job_runner.py:222} INFO - ::endgroup::
