[2026-05-28T17:00:02.303+0000] {local_task_job_runner.py:120} INFO - ::group::Pre task execution logs
[2026-05-28T17:00:02.347+0000] {taskinstance.py:2076} INFO - Dependencies all met for dep_context=non-requeueable deps ti=<TaskInstance: era5_download_pipeline.era5_instant scheduled__2026-05-28T16:00:00+00:00 [queued]>
[2026-05-28T17:00:02.360+0000] {taskinstance.py:2076} INFO - Dependencies all met for dep_context=requeueable deps ti=<TaskInstance: era5_download_pipeline.era5_instant scheduled__2026-05-28T16:00:00+00:00 [queued]>
[2026-05-28T17:00:02.362+0000] {taskinstance.py:2306} INFO - Starting attempt 1 of 1
[2026-05-28T17:00:02.378+0000] {taskinstance.py:2330} INFO - Executing <Task(PythonOperator): era5_instant> on 2026-05-28 16:00:00+00:00
[2026-05-28T17:00:02.391+0000] {warnings.py:110} WARNING - /home/***/.local/lib/python3.12/site-packages/***/task/task_runner/standard_task_runner.py:61: DeprecationWarning: This process (pid=6750) is multi-threaded, use of fork() may lead to deadlocks in the child.
  pid = os.fork()

[2026-05-28T17:00:02.394+0000] {standard_task_runner.py:63} INFO - Started process 6752 to run task
[2026-05-28T17:00:02.394+0000] {standard_task_runner.py:90} INFO - Running: ['***', 'tasks', 'run', 'era5_download_pipeline', 'era5_instant', 'scheduled__2026-05-28T16:00:00+00:00', '--job-id', '633', '--raw', '--subdir', 'DAGS_FOLDER/era5_dag.py', '--cfg-path', '/tmp/tmpfit71j32']
[2026-05-28T17:00:02.398+0000] {standard_task_runner.py:91} INFO - Job 633: Subtask era5_instant
[2026-05-28T17:00:02.503+0000] {task_command.py:426} INFO - Running <TaskInstance: era5_download_pipeline.era5_instant scheduled__2026-05-28T16:00:00+00:00 [running]> on host 8dcc35634e22
[2026-05-28T17:00:02.647+0000] {taskinstance.py:2648} INFO - Exporting env vars: AIRFLOW_CTX_DAG_OWNER='era5' AIRFLOW_CTX_DAG_ID='era5_download_pipeline' AIRFLOW_CTX_TASK_ID='era5_instant' AIRFLOW_CTX_EXECUTION_DATE='2026-05-28T16:00:00+00:00' AIRFLOW_CTX_TRY_NUMBER='1' AIRFLOW_CTX_DAG_RUN_ID='scheduled__2026-05-28T16:00:00+00:00'
[2026-05-28T17:00:02.649+0000] {taskinstance.py:430} INFO - ::endgroup::
[2026-05-28T17:00:03.734+0000] {logging_mixin.py:188} WARNING - 2026-05-28 17:00:03 [INFO] === START job=instant date=2026-05-28 ===
[2026-05-28T17:00:03.734+0000] {era5_functions.py:368} INFO - === START job=instant date=2026-05-28 ===
[2026-05-28T17:00:03.736+0000] {logging_mixin.py:188} WARNING - 2026-05-28 17:00:03 [INFO] --- job=instant date=20260528 ---
[2026-05-28T17:00:03.736+0000] {era5_functions.py:330} INFO - --- job=instant date=20260528 ---
[2026-05-28T17:00:04.369+0000] {logging_mixin.py:188} WARNING - 2026-05-28 17:00:04 [WARNING] get_cds_count failed: 400 Client Error: Bad Request for url: https://cds.climate.copernicus.eu/api/retrieve/v1/processes/reanalysis-era5-single-levels/execution
invalid request
None of the data you have requested is available yet, please revise the period requested. The latest date available for this dataset is: 2026-05-23 17:00
[2026-05-28T17:00:04.369+0000] {era5_functions.py:131} WARNING - get_cds_count failed: 400 Client Error: Bad Request for url: https://cds.climate.copernicus.eu/api/retrieve/v1/processes/reanalysis-era5-single-levels/execution
invalid request
None of the data you have requested is available yet, please revise the period requested. The latest date available for this dataset is: 2026-05-23 17:00
[2026-05-28T17:00:04.373+0000] {logging_mixin.py:188} WARNING - 2026-05-28 17:00:04 [WARNING] CDS ยังไม่มีข้อมูล job=instant date=20260528, skip
[2026-05-28T17:00:04.373+0000] {era5_functions.py:335} WARNING - CDS ยังไม่มีข้อมูล job=instant date=20260528, skip
[2026-05-28T17:00:04.376+0000] {logging_mixin.py:188} WARNING - 2026-05-28 17:00:04 [INFO] --- job=instant date=20260527 ---
[2026-05-28T17:00:04.376+0000] {era5_functions.py:330} INFO - --- job=instant date=20260527 ---
[2026-05-28T17:00:04.766+0000] {logging_mixin.py:188} WARNING - 2026-05-28 17:00:04 [WARNING] get_cds_count failed: 400 Client Error: Bad Request for url: https://cds.climate.copernicus.eu/api/retrieve/v1/processes/reanalysis-era5-single-levels/execution
invalid request
None of the data you have requested is available yet, please revise the period requested. The latest date available for this dataset is: 2026-05-23 17:00
[2026-05-28T17:00:04.766+0000] {era5_functions.py:131} WARNING - get_cds_count failed: 400 Client Error: Bad Request for url: https://cds.climate.copernicus.eu/api/retrieve/v1/processes/reanalysis-era5-single-levels/execution
invalid request
None of the data you have requested is available yet, please revise the period requested. The latest date available for this dataset is: 2026-05-23 17:00
[2026-05-28T17:00:04.771+0000] {logging_mixin.py:188} WARNING - 2026-05-28 17:00:04 [WARNING] CDS ยังไม่มีข้อมูล job=instant date=20260527, skip
[2026-05-28T17:00:04.770+0000] {era5_functions.py:335} WARNING - CDS ยังไม่มีข้อมูล job=instant date=20260527, skip
[2026-05-28T17:00:04.774+0000] {logging_mixin.py:188} WARNING - 2026-05-28 17:00:04 [INFO] --- job=instant date=20260526 ---
[2026-05-28T17:00:04.774+0000] {era5_functions.py:330} INFO - --- job=instant date=20260526 ---
[2026-05-28T17:00:06.815+0000] {logging_mixin.py:188} WARNING - 2026-05-28 17:00:06 [WARNING] get_cds_count failed: 400 Client Error: Bad Request for url: https://cds.climate.copernicus.eu/api/retrieve/v1/processes/reanalysis-era5-single-levels/execution
invalid request
None of the data you have requested is available yet, please revise the period requested. The latest date available for this dataset is: 2026-05-23 17:00
[2026-05-28T17:00:06.815+0000] {era5_functions.py:131} WARNING - get_cds_count failed: 400 Client Error: Bad Request for url: https://cds.climate.copernicus.eu/api/retrieve/v1/processes/reanalysis-era5-single-levels/execution
invalid request
None of the data you have requested is available yet, please revise the period requested. The latest date available for this dataset is: 2026-05-23 17:00
[2026-05-28T17:00:06.821+0000] {logging_mixin.py:188} WARNING - 2026-05-28 17:00:06 [WARNING] CDS ยังไม่มีข้อมูล job=instant date=20260526, skip
[2026-05-28T17:00:06.820+0000] {era5_functions.py:335} WARNING - CDS ยังไม่มีข้อมูล job=instant date=20260526, skip
[2026-05-28T17:00:06.825+0000] {logging_mixin.py:188} WARNING - 2026-05-28 17:00:06 [INFO] --- job=instant date=20260525 ---
[2026-05-28T17:00:06.825+0000] {era5_functions.py:330} INFO - --- job=instant date=20260525 ---
[2026-05-28T17:00:08.573+0000] {logging_mixin.py:188} WARNING - 2026-05-28 17:00:08 [WARNING] get_cds_count failed: 400 Client Error: Bad Request for url: https://cds.climate.copernicus.eu/api/retrieve/v1/processes/reanalysis-era5-single-levels/execution
invalid request
None of the data you have requested is available yet, please revise the period requested. The latest date available for this dataset is: 2026-05-23 17:00
[2026-05-28T17:00:08.573+0000] {era5_functions.py:131} WARNING - get_cds_count failed: 400 Client Error: Bad Request for url: https://cds.climate.copernicus.eu/api/retrieve/v1/processes/reanalysis-era5-single-levels/execution
invalid request
None of the data you have requested is available yet, please revise the period requested. The latest date available for this dataset is: 2026-05-23 17:00
[2026-05-28T17:00:08.577+0000] {logging_mixin.py:188} WARNING - 2026-05-28 17:00:08 [WARNING] CDS ยังไม่มีข้อมูล job=instant date=20260525, skip
[2026-05-28T17:00:08.577+0000] {era5_functions.py:335} WARNING - CDS ยังไม่มีข้อมูล job=instant date=20260525, skip
[2026-05-28T17:00:08.580+0000] {logging_mixin.py:188} WARNING - 2026-05-28 17:00:08 [INFO] --- job=instant date=20260524 ---
[2026-05-28T17:00:08.580+0000] {era5_functions.py:330} INFO - --- job=instant date=20260524 ---
[2026-05-28T17:00:09.160+0000] {logging_mixin.py:188} WARNING - 2026-05-28 17:00:09 [WARNING] get_cds_count failed: 400 Client Error: Bad Request for url: https://cds.climate.copernicus.eu/api/retrieve/v1/processes/reanalysis-era5-single-levels/execution
invalid request
None of the data you have requested is available yet, please revise the period requested. The latest date available for this dataset is: 2026-05-23 17:00
[2026-05-28T17:00:09.160+0000] {era5_functions.py:131} WARNING - get_cds_count failed: 400 Client Error: Bad Request for url: https://cds.climate.copernicus.eu/api/retrieve/v1/processes/reanalysis-era5-single-levels/execution
invalid request
None of the data you have requested is available yet, please revise the period requested. The latest date available for this dataset is: 2026-05-23 17:00
[2026-05-28T17:00:09.167+0000] {logging_mixin.py:188} WARNING - 2026-05-28 17:00:09 [WARNING] CDS ยังไม่มีข้อมูล job=instant date=20260524, skip
[2026-05-28T17:00:09.166+0000] {era5_functions.py:335} WARNING - CDS ยังไม่มีข้อมูล job=instant date=20260524, skip
[2026-05-28T17:00:09.171+0000] {logging_mixin.py:188} WARNING - 2026-05-28 17:00:09 [INFO] --- job=instant date=20260523 ---
[2026-05-28T17:00:09.170+0000] {era5_functions.py:330} INFO - --- job=instant date=20260523 ---
[2026-05-28T17:00:09.898+0000] {logging_mixin.py:188} WARNING - 2026-05-28 17:00:09,898 INFO [2025-12-11T00:00:00] Please note that a dedicated catalogue entry for this dataset, post-processed and stored in Analysis Ready Cloud Optimized (ARCO) format (Zarr), is available for optimised time-series retrievals (i.e. for retrieving data from selected variables for a single point over an extended period of time in an efficient way). You can discover it [here](https://cds.climate.copernicus.eu/datasets/reanalysis-era5-single-levels-timeseries?tab=overview)
[2026-05-28T17:00:09.898+0000] {legacy_client.py:192} INFO - [2025-12-11T00:00:00] Please note that a dedicated catalogue entry for this dataset, post-processed and stored in Analysis Ready Cloud Optimized (ARCO) format (Zarr), is available for optimised time-series retrievals (i.e. for retrieving data from selected variables for a single point over an extended period of time in an efficient way). You can discover it [here](https://cds.climate.copernicus.eu/datasets/reanalysis-era5-single-levels-timeseries?tab=overview)
[2026-05-28T17:00:09.902+0000] {logging_mixin.py:188} WARNING - 2026-05-28 17:00:09,901 INFO Request ID is 51e8f479-5d46-41c4-8b3b-d5f36785b659
[2026-05-28T17:00:09.901+0000] {legacy_client.py:192} INFO - Request ID is 51e8f479-5d46-41c4-8b3b-d5f36785b659
[2026-05-28T17:00:10.416+0000] {logging_mixin.py:188} WARNING - 2026-05-28 17:00:10,416 INFO status has been updated to accepted
[2026-05-28T17:00:10.416+0000] {legacy_client.py:192} INFO - status has been updated to accepted
[2026-05-28T17:00:32.496+0000] {logging_mixin.py:188} WARNING - 2026-05-28 17:00:32,495 INFO status has been updated to running
[2026-05-28T17:00:32.495+0000] {legacy_client.py:192} INFO - status has been updated to running
[2026-05-28T17:00:44.095+0000] {logging_mixin.py:188} WARNING - 2026-05-28 17:00:44,095 INFO status has been updated to successful
[2026-05-28T17:00:44.095+0000] {legacy_client.py:192} INFO - status has been updated to successful
[2026-05-28T17:00:44.517+0000] {base.py:119} INFO - Downloading https://object-store.os-api.cci2.ecmwf.int:443/cci2-prod-cache-3/2026-05-28/cd9ac79d4d30579079566de1178839ca.nc
[2026-05-28T17:00:45.564+0000] {logging_mixin.py:188} WARNING - cd9ac79d4d30579079566de1178839ca.nc:   0%|          | 0.00/1.95M [00:00<?, ?B/s]
[2026-05-28T17:00:47.866+0000] {logging_mixin.py:188} WARNING - cd9ac79d4d30579079566de1178839ca.nc:  51%|#####1    | 1.00M/1.95M [00:02<00:02, 456kB/s]
[2026-05-28T17:00:48.058+0000] {logging_mixin.py:188} WARNING - cd9ac79d4d30579079566de1178839ca.nc: 100%|##########| 1.95M/1.95M [00:02<00:00, 961kB/s]
[2026-05-28T17:00:48.061+0000] {logging_mixin.py:188} WARNING -                                                                                         
[2026-05-28T17:00:48.316+0000] {logging_mixin.py:188} WARNING - 2026-05-28 17:00:48 [INFO] CDS timestep available: 18
[2026-05-28T17:00:48.316+0000] {era5_functions.py:128} INFO - CDS timestep available: 18
[2026-05-28T17:00:48.394+0000] {logging_mixin.py:188} WARNING - 2026-05-28 17:00:48 [INFO] local timestep: 17 — /opt/***/era5/ecmwf/data/nc/_raw/2026/05/23/instant_20260523.nc
[2026-05-28T17:00:48.394+0000] {era5_functions.py:152} INFO - local timestep: 17 — /opt/***/era5/ecmwf/data/nc/_raw/2026/05/23/instant_20260523.nc
[2026-05-28T17:00:48.401+0000] {logging_mixin.py:188} WARNING - 2026-05-28 17:00:48 [INFO] nc outdated (local=17 < cds=18), removing: /opt/***/era5/ecmwf/data/nc/_raw/2026/05/23/instant_20260523.nc
[2026-05-28T17:00:48.401+0000] {era5_functions.py:193} INFO - nc outdated (local=17 < cds=18), removing: /opt/***/era5/ecmwf/data/nc/_raw/2026/05/23/instant_20260523.nc
[2026-05-28T17:00:48.420+0000] {logging_mixin.py:188} WARNING - 2026-05-28 17:00:48 [INFO] download attempt 1/3: /opt/***/era5/ecmwf/data/nc/_raw/2026/05/23/instant_20260523.nc
[2026-05-28T17:00:48.420+0000] {era5_functions.py:200} INFO - download attempt 1/3: /opt/***/era5/ecmwf/data/nc/_raw/2026/05/23/instant_20260523.nc
[2026-05-28T17:00:49.111+0000] {logging_mixin.py:188} WARNING - 2026-05-28 17:00:49,110 INFO [2025-12-11T00:00:00] Please note that a dedicated catalogue entry for this dataset, post-processed and stored in Analysis Ready Cloud Optimized (ARCO) format (Zarr), is available for optimised time-series retrievals (i.e. for retrieving data from selected variables for a single point over an extended period of time in an efficient way). You can discover it [here](https://cds.climate.copernicus.eu/datasets/reanalysis-era5-single-levels-timeseries?tab=overview)
[2026-05-28T17:00:49.110+0000] {legacy_client.py:192} INFO - [2025-12-11T00:00:00] Please note that a dedicated catalogue entry for this dataset, post-processed and stored in Analysis Ready Cloud Optimized (ARCO) format (Zarr), is available for optimised time-series retrievals (i.e. for retrieving data from selected variables for a single point over an extended period of time in an efficient way). You can discover it [here](https://cds.climate.copernicus.eu/datasets/reanalysis-era5-single-levels-timeseries?tab=overview)
[2026-05-28T17:00:49.116+0000] {logging_mixin.py:188} WARNING - 2026-05-28 17:00:49,115 INFO Request ID is e9b7ffea-2e1c-458d-b60e-32e97d33ee93
[2026-05-28T17:00:49.115+0000] {legacy_client.py:192} INFO - Request ID is e9b7ffea-2e1c-458d-b60e-32e97d33ee93
[2026-05-28T17:00:52.544+0000] {logging_mixin.py:188} WARNING - 2026-05-28 17:00:52,543 INFO status has been updated to accepted
[2026-05-28T17:00:52.543+0000] {legacy_client.py:192} INFO - status has been updated to accepted
[2026-05-28T17:02:49.639+0000] {logging_mixin.py:188} WARNING - 2026-05-28 17:02:49,638 INFO status has been updated to successful
[2026-05-28T17:02:49.638+0000] {legacy_client.py:192} INFO - status has been updated to successful
[2026-05-28T17:02:51.841+0000] {base.py:119} INFO - Downloading https://object-store.os-api.cci2.ecmwf.int:443/cci2-prod-cache-3/2026-05-28/e7ff507ed3412b59d14cb14c46ca9dd8.nc
[2026-05-28T17:02:52.576+0000] {logging_mixin.py:188} WARNING - e7ff507ed3412b59d14cb14c46ca9dd8.nc:   0%|          | 0.00/1.95M [00:00<?, ?B/s]
[2026-05-28T17:02:54.408+0000] {logging_mixin.py:188} WARNING - e7ff507ed3412b59d14cb14c46ca9dd8.nc:  51%|#####1    | 1.00M/1.95M [00:01<00:01, 573kB/s]
[2026-05-28T17:02:54.588+0000] {logging_mixin.py:188} WARNING - e7ff507ed3412b59d14cb14c46ca9dd8.nc: 100%|##########| 1.95M/1.95M [00:02<00:00, 1.19MB/s]
[2026-05-28T17:02:54.603+0000] {logging_mixin.py:188} WARNING -                                                                                          
[2026-05-28T17:02:54.763+0000] {logging_mixin.py:188} WARNING - 2026-05-28 17:02:54 [INFO] nc downloaded ok: /opt/***/era5/ecmwf/data/nc/_raw/2026/05/23/instant_20260523.nc
[2026-05-28T17:02:54.763+0000] {era5_functions.py:204} INFO - nc downloaded ok: /opt/***/era5/ecmwf/data/nc/_raw/2026/05/23/instant_20260523.nc
[2026-05-28T17:02:54.865+0000] {logging_mixin.py:188} WARNING - 2026-05-28 17:02:54 [INFO] local timestep: 18 — /opt/***/era5/ecmwf/data/nc/_raw/2026/05/23/instant_20260523.nc
[2026-05-28T17:02:54.865+0000] {era5_functions.py:152} INFO - local timestep: 18 — /opt/***/era5/ecmwf/data/nc/_raw/2026/05/23/instant_20260523.nc
[2026-05-28T17:02:54.985+0000] {logging_mixin.py:188} WARNING - 2026-05-28 17:02:54 [INFO] tif outdated (tif=17 < nc=18), removing: /opt/***/era5/ecmwf/data/tif/2026/05/23/t2m_20260523.tif
[2026-05-28T17:02:54.984+0000] {era5_functions.py:261} INFO - tif outdated (tif=17 < nc=18), removing: /opt/***/era5/ecmwf/data/tif/2026/05/23/t2m_20260523.tif
[2026-05-28T17:02:55.097+0000] {logging_mixin.py:188} WARNING - 2026-05-28 17:02:55 [INFO] tif ok (bands=18): /opt/***/era5/ecmwf/data/tif/2026/05/23/t2m_20260523.tif
[2026-05-28T17:02:55.097+0000] {era5_functions.py:304} INFO - tif ok (bands=18): /opt/***/era5/ecmwf/data/tif/2026/05/23/t2m_20260523.tif
[2026-05-28T17:02:55.115+0000] {logging_mixin.py:188} WARNING - 2026-05-28 17:02:55 [INFO] tif outdated (tif=17 < nc=18), removing: /opt/***/era5/ecmwf/data/tif/2026/05/23/d2m_20260523.tif
[2026-05-28T17:02:55.115+0000] {era5_functions.py:261} INFO - tif outdated (tif=17 < nc=18), removing: /opt/***/era5/ecmwf/data/tif/2026/05/23/d2m_20260523.tif
[2026-05-28T17:02:55.213+0000] {logging_mixin.py:188} WARNING - 2026-05-28 17:02:55 [INFO] tif ok (bands=18): /opt/***/era5/ecmwf/data/tif/2026/05/23/d2m_20260523.tif
[2026-05-28T17:02:55.213+0000] {era5_functions.py:304} INFO - tif ok (bands=18): /opt/***/era5/ecmwf/data/tif/2026/05/23/d2m_20260523.tif
[2026-05-28T17:02:55.233+0000] {logging_mixin.py:188} WARNING - 2026-05-28 17:02:55 [INFO] tif outdated (tif=17 < nc=18), removing: /opt/***/era5/ecmwf/data/tif/2026/05/23/sp_20260523.tif
[2026-05-28T17:02:55.233+0000] {era5_functions.py:261} INFO - tif outdated (tif=17 < nc=18), removing: /opt/***/era5/ecmwf/data/tif/2026/05/23/sp_20260523.tif
[2026-05-28T17:02:55.336+0000] {logging_mixin.py:188} WARNING - 2026-05-28 17:02:55 [INFO] tif ok (bands=18): /opt/***/era5/ecmwf/data/tif/2026/05/23/sp_20260523.tif
[2026-05-28T17:02:55.336+0000] {era5_functions.py:304} INFO - tif ok (bands=18): /opt/***/era5/ecmwf/data/tif/2026/05/23/sp_20260523.tif
[2026-05-28T17:02:55.352+0000] {logging_mixin.py:188} WARNING - 2026-05-28 17:02:55 [INFO] tif outdated (tif=3 < nc=18), removing: /opt/***/era5/ecmwf/data/tif/2026/05/23/blh_20260523.tif
[2026-05-28T17:02:55.351+0000] {era5_functions.py:261} INFO - tif outdated (tif=3 < nc=18), removing: /opt/***/era5/ecmwf/data/tif/2026/05/23/blh_20260523.tif
[2026-05-28T17:02:55.359+0000] {logging_mixin.py:188} WARNING - 2026-05-28 17:02:55 [ERROR] convert_tif error: [Errno 13] Permission denied: '/opt/***/era5/ecmwf/data/tif/2026/05/23/blh_20260523.tif'
[2026-05-28T17:02:55.359+0000] {era5_functions.py:309} ERROR - convert_tif error: [Errno 13] Permission denied: '/opt/***/era5/ecmwf/data/tif/2026/05/23/blh_20260523.tif'
[2026-05-28T17:02:55.361+0000] {logging_mixin.py:188} WARNING - 2026-05-28 17:02:55 [INFO] === END job=instant date=2026-05-28 ===
[2026-05-28T17:02:55.361+0000] {era5_functions.py:379} INFO - === END job=instant date=2026-05-28 ===
[2026-05-28T17:02:55.363+0000] {python.py:237} INFO - Done. Returned value was: None
[2026-05-28T17:02:55.364+0000] {taskinstance.py:441} INFO - ::group::Post task execution logs
[2026-05-28T17:02:55.380+0000] {taskinstance.py:1206} INFO - Marking task as SUCCESS. dag_id=era5_download_pipeline, task_id=era5_instant, run_id=scheduled__2026-05-28T16:00:00+00:00, execution_date=20260528T160000, start_date=20260528T170002, end_date=20260528T170255
[2026-05-28T17:02:55.463+0000] {local_task_job_runner.py:240} INFO - Task exited with return code 0
[2026-05-28T17:02:55.495+0000] {taskinstance.py:3498} INFO - 1 downstream tasks scheduled from follow-on schedule check
[2026-05-28T17:02:55.499+0000] {local_task_job_runner.py:222} INFO - ::endgroup::
