[2026-05-24T11:00:01.800+0000] {local_task_job_runner.py:120} INFO - ::group::Pre task execution logs
[2026-05-24T11:00:01.824+0000] {taskinstance.py:2076} INFO - Dependencies all met for dep_context=non-requeueable deps ti=<TaskInstance: era5_ecmwf_pipeline.era5_accum scheduled__2026-05-24T10:00:00+00:00 [queued]>
[2026-05-24T11:00:01.835+0000] {taskinstance.py:2076} INFO - Dependencies all met for dep_context=requeueable deps ti=<TaskInstance: era5_ecmwf_pipeline.era5_accum scheduled__2026-05-24T10:00:00+00:00 [queued]>
[2026-05-24T11:00:01.837+0000] {taskinstance.py:2306} INFO - Starting attempt 1 of 1
[2026-05-24T11:00:01.857+0000] {taskinstance.py:2330} INFO - Executing <Task(PythonOperator): era5_accum> on 2026-05-24 10:00:00+00:00
[2026-05-24T11:00:01.872+0000] {warnings.py:110} WARNING - /home/***/.local/lib/python3.12/site-packages/***/task/task_runner/standard_task_runner.py:61: DeprecationWarning: This process (pid=42780) is multi-threaded, use of fork() may lead to deadlocks in the child.
  pid = os.fork()

[2026-05-24T11:00:01.875+0000] {standard_task_runner.py:63} INFO - Started process 42784 to run task
[2026-05-24T11:00:01.876+0000] {standard_task_runner.py:90} INFO - Running: ['***', 'tasks', 'run', 'era5_ecmwf_pipeline', 'era5_accum', 'scheduled__2026-05-24T10:00:00+00:00', '--job-id', '419', '--raw', '--subdir', 'DAGS_FOLDER/era5_dag.py', '--cfg-path', '/tmp/tmpgfty1lgz']
[2026-05-24T11:00:01.880+0000] {standard_task_runner.py:91} INFO - Job 419: Subtask era5_accum
[2026-05-24T11:00:01.963+0000] {task_command.py:426} INFO - Running <TaskInstance: era5_ecmwf_pipeline.era5_accum scheduled__2026-05-24T10:00:00+00:00 [running]> on host fc8478f399e7
[2026-05-24T11:00:02.100+0000] {taskinstance.py:2648} INFO - Exporting env vars: AIRFLOW_CTX_DAG_OWNER='***' AIRFLOW_CTX_DAG_ID='era5_ecmwf_pipeline' AIRFLOW_CTX_TASK_ID='era5_accum' AIRFLOW_CTX_EXECUTION_DATE='2026-05-24T10:00:00+00:00' AIRFLOW_CTX_TRY_NUMBER='1' AIRFLOW_CTX_DAG_RUN_ID='scheduled__2026-05-24T10:00:00+00:00'
[2026-05-24T11:00:02.102+0000] {taskinstance.py:430} INFO - ::endgroup::
[2026-05-24T11:00:02.120+0000] {logging_mixin.py:188} INFO - RUN → accum | 2026-05-19
[2026-05-24T11:00:02.133+0000] {era5_logger.py:51} INFO - Log file: logs/era5/2026/05/19/era5_20260519.log
[2026-05-24T11:00:02.134+0000] {era5_functions.py:329} INFO - ERA5 [ACCUM] START: 2026-05-19
[2026-05-24T11:00:03.175+0000] {era5_functions.py:285} INFO - ============================================================
[2026-05-24T11:00:03.177+0000] {era5_functions.py:286} INFO - JOB : ACCUM | 2026-05-19
[2026-05-24T11:00:03.179+0000] {era5_functions.py:287} INFO - VARS: ['tp']
[2026-05-24T11:00:03.180+0000] {era5_functions.py:288} INFO - ============================================================
[2026-05-24T11:00:03.501+0000] {era5_functions.py:63} WARNING - [VALIDATE NC] accum_20260519.nc → NOT READY (2/24)
[2026-05-24T11:00:03.503+0000] {era5_functions.py:123} WARNING - [NC] ERA5 not ready → accum_20260519.nc
[2026-05-24T11:00:03.505+0000] {era5_functions.py:295} WARNING - [PIPELINE] skip tif → nc not ready
[2026-05-24T11:00:03.508+0000] {era5_functions.py:341} INFO - ERA5 [ACCUM] COMPLETE ✓
[2026-05-24T11:00:03.509+0000] {logging_mixin.py:188} INFO - RUN → accum | 2026-05-18
[2026-05-24T11:00:03.514+0000] {era5_logger.py:51} INFO - Log file: logs/era5/2026/05/18/era5_20260518.log
[2026-05-24T11:00:03.515+0000] {era5_functions.py:329} INFO - ERA5 [ACCUM] START: 2026-05-18
[2026-05-24T11:00:04.188+0000] {era5_functions.py:285} INFO - ============================================================
[2026-05-24T11:00:04.190+0000] {era5_functions.py:286} INFO - JOB : ACCUM | 2026-05-18
[2026-05-24T11:00:04.191+0000] {era5_functions.py:287} INFO - VARS: ['tp']
[2026-05-24T11:00:04.193+0000] {era5_functions.py:288} INFO - ============================================================
[2026-05-24T11:00:04.249+0000] {era5_functions.py:63} WARNING - [VALIDATE NC] accum_20260518.nc → NOT READY (2/24)
[2026-05-24T11:00:04.253+0000] {era5_functions.py:123} WARNING - [NC] ERA5 not ready → accum_20260518.nc
[2026-05-24T11:00:04.254+0000] {era5_functions.py:295} WARNING - [PIPELINE] skip tif → nc not ready
[2026-05-24T11:00:04.256+0000] {era5_functions.py:341} INFO - ERA5 [ACCUM] COMPLETE ✓
[2026-05-24T11:00:04.257+0000] {logging_mixin.py:188} INFO - RUN → accum | 2026-05-17
[2026-05-24T11:00:04.261+0000] {era5_logger.py:51} INFO - Log file: logs/era5/2026/05/17/era5_20260517.log
[2026-05-24T11:00:04.262+0000] {era5_functions.py:329} INFO - ERA5 [ACCUM] START: 2026-05-17
[2026-05-24T11:00:05.315+0000] {era5_functions.py:285} INFO - ============================================================
[2026-05-24T11:00:05.318+0000] {era5_functions.py:286} INFO - JOB : ACCUM | 2026-05-17
[2026-05-24T11:00:05.320+0000] {era5_functions.py:287} INFO - VARS: ['tp']
[2026-05-24T11:00:05.322+0000] {era5_functions.py:288} INFO - ============================================================
[2026-05-24T11:00:05.388+0000] {era5_functions.py:63} WARNING - [VALIDATE NC] accum_20260517.nc → NOT READY (4/24)
[2026-05-24T11:00:05.393+0000] {era5_functions.py:123} WARNING - [NC] ERA5 not ready → accum_20260517.nc
[2026-05-24T11:00:05.394+0000] {era5_functions.py:295} WARNING - [PIPELINE] skip tif → nc not ready
[2026-05-24T11:00:05.396+0000] {era5_functions.py:341} INFO - ERA5 [ACCUM] COMPLETE ✓
[2026-05-24T11:00:05.397+0000] {python.py:237} INFO - Done. Returned value was: None
[2026-05-24T11:00:05.398+0000] {taskinstance.py:441} INFO - ::group::Post task execution logs
[2026-05-24T11:00:05.423+0000] {taskinstance.py:1206} INFO - Marking task as SUCCESS. dag_id=era5_ecmwf_pipeline, task_id=era5_accum, run_id=scheduled__2026-05-24T10:00:00+00:00, execution_date=20260524T100000, start_date=20260524T110001, end_date=20260524T110005
[2026-05-24T11:00:05.512+0000] {local_task_job_runner.py:240} INFO - Task exited with return code 0
[2026-05-24T11:00:05.544+0000] {taskinstance.py:3498} INFO - 0 downstream tasks scheduled from follow-on schedule check
[2026-05-24T11:00:05.548+0000] {local_task_job_runner.py:222} INFO - ::endgroup::
