[2026-06-14T22:00:02.128+0000] {local_task_job_runner.py:120} INFO - ::group::Pre task execution logs
[2026-06-14T22:00:02.154+0000] {taskinstance.py:2076} INFO - Dependencies all met for dep_context=non-requeueable deps ti=<TaskInstance: era5_download_pipeline.era5_instant scheduled__2026-06-14T21:00:00+00:00 [queued]>
[2026-06-14T22:00:02.165+0000] {taskinstance.py:2076} INFO - Dependencies all met for dep_context=requeueable deps ti=<TaskInstance: era5_download_pipeline.era5_instant scheduled__2026-06-14T21:00:00+00:00 [queued]>
[2026-06-14T22:00:02.166+0000] {taskinstance.py:2306} INFO - Starting attempt 1 of 1
[2026-06-14T22:00:02.188+0000] {taskinstance.py:2330} INFO - Executing <Task(PythonOperator): era5_instant> on 2026-06-14 21:00:00+00:00
[2026-06-14T22:00:02.202+0000] {warnings.py:110} WARNING - /home/***/.local/lib/python3.12/site-packages/***/task/task_runner/standard_task_runner.py:61: DeprecationWarning: This process (pid=66857) is multi-threaded, use of fork() may lead to deadlocks in the child.
  pid = os.fork()

[2026-06-14T22:00:02.205+0000] {standard_task_runner.py:63} INFO - Started process 66861 to run task
[2026-06-14T22:00:02.205+0000] {standard_task_runner.py:90} INFO - Running: ['***', 'tasks', 'run', 'era5_download_pipeline', 'era5_instant', 'scheduled__2026-06-14T21:00:00+00:00', '--job-id', '1583', '--raw', '--subdir', 'DAGS_FOLDER/era5_dag.py', '--cfg-path', '/tmp/tmpef6ks3db']
[2026-06-14T22:00:02.209+0000] {standard_task_runner.py:91} INFO - Job 1583: Subtask era5_instant
[2026-06-14T22:00:02.303+0000] {task_command.py:426} INFO - Running <TaskInstance: era5_download_pipeline.era5_instant scheduled__2026-06-14T21:00:00+00:00 [running]> on host 01cd476fb21a
[2026-06-14T22:00:02.425+0000] {taskinstance.py:2648} INFO - Exporting env vars: AIRFLOW_CTX_DAG_OWNER='era5' AIRFLOW_CTX_DAG_ID='era5_download_pipeline' AIRFLOW_CTX_TASK_ID='era5_instant' AIRFLOW_CTX_EXECUTION_DATE='2026-06-14T21:00:00+00:00' AIRFLOW_CTX_TRY_NUMBER='1' AIRFLOW_CTX_DAG_RUN_ID='scheduled__2026-06-14T21:00:00+00:00'
[2026-06-14T22:00:02.427+0000] {taskinstance.py:430} INFO - ::endgroup::
[2026-06-14T22:00:03.456+0000] {logging_mixin.py:188} WARNING - 2026-06-14 22:00:03,456 INFO [2026-06-11T00:00:00Z] Upcoming essential maintenance sessions on Data Stores underlying infrastructure on 15 June. Service disruption expected. For further details, please [visit our forum announcement](https://forum.ecmwf.int/t/upcoming-essential-maintenance-sessions-on-data-stores-underlying-infrastructure-part-2/150414).
[2026-06-14T22:00:03.456+0000] {legacy_client.py:192} INFO - [2026-06-11T00:00:00Z] Upcoming essential maintenance sessions on Data Stores underlying infrastructure on 15 June. Service disruption expected. For further details, please [visit our forum announcement](https://forum.ecmwf.int/t/upcoming-essential-maintenance-sessions-on-data-stores-underlying-infrastructure-part-2/150414).
[2026-06-14T22:00:03.462+0000] {logging_mixin.py:188} WARNING - 2026-06-14 22:00:03 [INFO] === START job=instant date=2026-06-14 ===
[2026-06-14T22:00:03.462+0000] {era5_functions.py:368} INFO - === START job=instant date=2026-06-14 ===
[2026-06-14T22:00:03.464+0000] {logging_mixin.py:188} WARNING - 2026-06-14 22:00:03 [INFO] --- job=instant date=20260614 ---
[2026-06-14T22:00:03.464+0000] {era5_functions.py:330} INFO - --- job=instant date=20260614 ---
[2026-06-14T22:00:04.245+0000] {logging_mixin.py:188} WARNING - 2026-06-14 22:00:04 [WARNING] get_cds_count failed: 400 Client Error: Bad Request for url: https://cds.climate.copernicus.eu/api/retrieve/v1/processes/reanalysis-era5-single-levels/execution
invalid request
None of the data you have requested is available yet, please revise the period requested. The latest date available for this dataset is: 2026-06-09 22:00
[2026-06-14T22:00:04.245+0000] {era5_functions.py:131} WARNING - get_cds_count failed: 400 Client Error: Bad Request for url: https://cds.climate.copernicus.eu/api/retrieve/v1/processes/reanalysis-era5-single-levels/execution
invalid request
None of the data you have requested is available yet, please revise the period requested. The latest date available for this dataset is: 2026-06-09 22:00
[2026-06-14T22:00:04.248+0000] {logging_mixin.py:188} WARNING - 2026-06-14 22:00:04 [WARNING] CDS ยังไม่มีข้อมูล job=instant date=20260614, skip
[2026-06-14T22:00:04.248+0000] {era5_functions.py:335} WARNING - CDS ยังไม่มีข้อมูล job=instant date=20260614, skip
[2026-06-14T22:00:04.251+0000] {logging_mixin.py:188} WARNING - 2026-06-14 22:00:04 [INFO] --- job=instant date=20260613 ---
[2026-06-14T22:00:04.251+0000] {era5_functions.py:330} INFO - --- job=instant date=20260613 ---
[2026-06-14T22:00:04.838+0000] {logging_mixin.py:188} WARNING - 2026-06-14 22:00:04 [WARNING] get_cds_count failed: 400 Client Error: Bad Request for url: https://cds.climate.copernicus.eu/api/retrieve/v1/processes/reanalysis-era5-single-levels/execution
invalid request
None of the data you have requested is available yet, please revise the period requested. The latest date available for this dataset is: 2026-06-09 22:00
[2026-06-14T22:00:04.838+0000] {era5_functions.py:131} WARNING - get_cds_count failed: 400 Client Error: Bad Request for url: https://cds.climate.copernicus.eu/api/retrieve/v1/processes/reanalysis-era5-single-levels/execution
invalid request
None of the data you have requested is available yet, please revise the period requested. The latest date available for this dataset is: 2026-06-09 22:00
[2026-06-14T22:00:04.841+0000] {logging_mixin.py:188} WARNING - 2026-06-14 22:00:04 [WARNING] CDS ยังไม่มีข้อมูล job=instant date=20260613, skip
[2026-06-14T22:00:04.840+0000] {era5_functions.py:335} WARNING - CDS ยังไม่มีข้อมูล job=instant date=20260613, skip
[2026-06-14T22:00:04.844+0000] {logging_mixin.py:188} WARNING - 2026-06-14 22:00:04 [INFO] --- job=instant date=20260612 ---
[2026-06-14T22:00:04.844+0000] {era5_functions.py:330} INFO - --- job=instant date=20260612 ---
[2026-06-14T22:00:06.047+0000] {logging_mixin.py:188} WARNING - 2026-06-14 22:00:06 [WARNING] get_cds_count failed: 400 Client Error: Bad Request for url: https://cds.climate.copernicus.eu/api/retrieve/v1/processes/reanalysis-era5-single-levels/execution
invalid request
None of the data you have requested is available yet, please revise the period requested. The latest date available for this dataset is: 2026-06-09 22:00
[2026-06-14T22:00:06.047+0000] {era5_functions.py:131} WARNING - get_cds_count failed: 400 Client Error: Bad Request for url: https://cds.climate.copernicus.eu/api/retrieve/v1/processes/reanalysis-era5-single-levels/execution
invalid request
None of the data you have requested is available yet, please revise the period requested. The latest date available for this dataset is: 2026-06-09 22:00
[2026-06-14T22:00:06.050+0000] {logging_mixin.py:188} WARNING - 2026-06-14 22:00:06 [WARNING] CDS ยังไม่มีข้อมูล job=instant date=20260612, skip
[2026-06-14T22:00:06.049+0000] {era5_functions.py:335} WARNING - CDS ยังไม่มีข้อมูล job=instant date=20260612, skip
[2026-06-14T22:00:06.052+0000] {logging_mixin.py:188} WARNING - 2026-06-14 22:00:06 [INFO] --- job=instant date=20260611 ---
[2026-06-14T22:00:06.052+0000] {era5_functions.py:330} INFO - --- job=instant date=20260611 ---
[2026-06-14T22:00:06.628+0000] {logging_mixin.py:188} WARNING - 2026-06-14 22:00:06 [WARNING] get_cds_count failed: 400 Client Error: Bad Request for url: https://cds.climate.copernicus.eu/api/retrieve/v1/processes/reanalysis-era5-single-levels/execution
invalid request
None of the data you have requested is available yet, please revise the period requested. The latest date available for this dataset is: 2026-06-09 22:00
[2026-06-14T22:00:06.627+0000] {era5_functions.py:131} WARNING - get_cds_count failed: 400 Client Error: Bad Request for url: https://cds.climate.copernicus.eu/api/retrieve/v1/processes/reanalysis-era5-single-levels/execution
invalid request
None of the data you have requested is available yet, please revise the period requested. The latest date available for this dataset is: 2026-06-09 22:00
[2026-06-14T22:00:06.631+0000] {logging_mixin.py:188} WARNING - 2026-06-14 22:00:06 [WARNING] CDS ยังไม่มีข้อมูล job=instant date=20260611, skip
[2026-06-14T22:00:06.631+0000] {era5_functions.py:335} WARNING - CDS ยังไม่มีข้อมูล job=instant date=20260611, skip
[2026-06-14T22:00:06.634+0000] {logging_mixin.py:188} WARNING - 2026-06-14 22:00:06 [INFO] --- job=instant date=20260610 ---
[2026-06-14T22:00:06.634+0000] {era5_functions.py:330} INFO - --- job=instant date=20260610 ---
[2026-06-14T22:00:08.008+0000] {logging_mixin.py:188} WARNING - 2026-06-14 22:00:08 [WARNING] get_cds_count failed: 400 Client Error: Bad Request for url: https://cds.climate.copernicus.eu/api/retrieve/v1/processes/reanalysis-era5-single-levels/execution
invalid request
None of the data you have requested is available yet, please revise the period requested. The latest date available for this dataset is: 2026-06-09 22:00
[2026-06-14T22:00:08.008+0000] {era5_functions.py:131} WARNING - get_cds_count failed: 400 Client Error: Bad Request for url: https://cds.climate.copernicus.eu/api/retrieve/v1/processes/reanalysis-era5-single-levels/execution
invalid request
None of the data you have requested is available yet, please revise the period requested. The latest date available for this dataset is: 2026-06-09 22:00
[2026-06-14T22:00:08.012+0000] {logging_mixin.py:188} WARNING - 2026-06-14 22:00:08 [WARNING] CDS ยังไม่มีข้อมูล job=instant date=20260610, skip
[2026-06-14T22:00:08.011+0000] {era5_functions.py:335} WARNING - CDS ยังไม่มีข้อมูล job=instant date=20260610, skip
[2026-06-14T22:00:08.014+0000] {logging_mixin.py:188} WARNING - 2026-06-14 22:00:08 [INFO] --- job=instant date=20260609 ---
[2026-06-14T22:00:08.014+0000] {era5_functions.py:330} INFO - --- job=instant date=20260609 ---
[2026-06-14T22:00:08.797+0000] {logging_mixin.py:188} WARNING - 2026-06-14 22:00:08,796 INFO [2025-12-11T00:00:00] Please note that a dedicated catalogue entry for this dataset, post-processed and stored in Analysis Ready Cloud Optimized (ARCO) format (Zarr), is available for optimised time-series retrievals (i.e. for retrieving data from selected variables for a single point over an extended period of time in an efficient way). You can discover it [here](https://cds.climate.copernicus.eu/datasets/reanalysis-era5-single-levels-timeseries?tab=overview)
[2026-06-14T22:00:08.796+0000] {legacy_client.py:192} INFO - [2025-12-11T00:00:00] Please note that a dedicated catalogue entry for this dataset, post-processed and stored in Analysis Ready Cloud Optimized (ARCO) format (Zarr), is available for optimised time-series retrievals (i.e. for retrieving data from selected variables for a single point over an extended period of time in an efficient way). You can discover it [here](https://cds.climate.copernicus.eu/datasets/reanalysis-era5-single-levels-timeseries?tab=overview)
[2026-06-14T22:00:08.802+0000] {logging_mixin.py:188} WARNING - 2026-06-14 22:00:08,802 INFO Request ID is 616b157e-6076-4530-992f-c19c3c095d92
[2026-06-14T22:00:08.802+0000] {legacy_client.py:192} INFO - Request ID is 616b157e-6076-4530-992f-c19c3c095d92
[2026-06-14T22:00:09.037+0000] {logging_mixin.py:188} WARNING - 2026-06-14 22:00:09,037 INFO status has been updated to accepted
[2026-06-14T22:00:09.037+0000] {legacy_client.py:192} INFO - status has been updated to accepted
[2026-06-14T22:00:23.530+0000] {logging_mixin.py:188} WARNING - 2026-06-14 22:00:23,530 INFO status has been updated to running
[2026-06-14T22:00:23.530+0000] {legacy_client.py:192} INFO - status has been updated to running
[2026-06-14T22:00:31.339+0000] {logging_mixin.py:188} WARNING - 2026-06-14 22:00:31,339 INFO status has been updated to successful
[2026-06-14T22:00:31.339+0000] {legacy_client.py:192} INFO - status has been updated to successful
[2026-06-14T22:00:31.756+0000] {base.py:119} INFO - Downloading https://object-store.os-api.cci2.ecmwf.int:443/cci2-prod-cache-2/2026-06-14/28b081275ccb8f8c3d286c84ba8996fa.nc
[2026-06-14T22:00:32.738+0000] {logging_mixin.py:188} WARNING - 28b081275ccb8f8c3d286c84ba8996fa.nc:   0%|          | 0.00/2.46M [00:00<?, ?B/s]
[2026-06-14T22:00:34.908+0000] {logging_mixin.py:188} WARNING - 28b081275ccb8f8c3d286c84ba8996fa.nc:  41%|####      | 1.00M/2.46M [00:02<00:03, 484kB/s]
[2026-06-14T22:00:35.261+0000] {logging_mixin.py:188} WARNING - 28b081275ccb8f8c3d286c84ba8996fa.nc:  81%|########1 | 2.00M/2.46M [00:02<00:00, 953kB/s]
[2026-06-14T22:00:35.284+0000] {logging_mixin.py:188} WARNING -                                                                                         
[2026-06-14T22:00:35.561+0000] {logging_mixin.py:188} WARNING - 2026-06-14 22:00:35 [INFO] CDS timestep available: 23
[2026-06-14T22:00:35.560+0000] {era5_functions.py:128} INFO - CDS timestep available: 23
[2026-06-14T22:00:35.678+0000] {logging_mixin.py:188} WARNING - 2026-06-14 22:00:35 [INFO] local timestep: 22 — /opt/***/era5/ecmwf/data/nc/_raw/2026/06/09/instant_20260609.nc
[2026-06-14T22:00:35.678+0000] {era5_functions.py:152} INFO - local timestep: 22 — /opt/***/era5/ecmwf/data/nc/_raw/2026/06/09/instant_20260609.nc
[2026-06-14T22:00:35.686+0000] {logging_mixin.py:188} WARNING - 2026-06-14 22:00:35 [INFO] nc outdated (local=22 < cds=23), removing: /opt/***/era5/ecmwf/data/nc/_raw/2026/06/09/instant_20260609.nc
[2026-06-14T22:00:35.686+0000] {era5_functions.py:193} INFO - nc outdated (local=22 < cds=23), removing: /opt/***/era5/ecmwf/data/nc/_raw/2026/06/09/instant_20260609.nc
[2026-06-14T22:00:35.712+0000] {logging_mixin.py:188} WARNING - 2026-06-14 22:00:35 [INFO] download attempt 1/3: /opt/***/era5/ecmwf/data/nc/_raw/2026/06/09/instant_20260609.nc
[2026-06-14T22:00:35.712+0000] {era5_functions.py:200} INFO - download attempt 1/3: /opt/***/era5/ecmwf/data/nc/_raw/2026/06/09/instant_20260609.nc
[2026-06-14T22:00:36.535+0000] {logging_mixin.py:188} WARNING - 2026-06-14 22:00:36,535 INFO [2025-12-11T00:00:00] Please note that a dedicated catalogue entry for this dataset, post-processed and stored in Analysis Ready Cloud Optimized (ARCO) format (Zarr), is available for optimised time-series retrievals (i.e. for retrieving data from selected variables for a single point over an extended period of time in an efficient way). You can discover it [here](https://cds.climate.copernicus.eu/datasets/reanalysis-era5-single-levels-timeseries?tab=overview)
[2026-06-14T22:00:36.535+0000] {legacy_client.py:192} INFO - [2025-12-11T00:00:00] Please note that a dedicated catalogue entry for this dataset, post-processed and stored in Analysis Ready Cloud Optimized (ARCO) format (Zarr), is available for optimised time-series retrievals (i.e. for retrieving data from selected variables for a single point over an extended period of time in an efficient way). You can discover it [here](https://cds.climate.copernicus.eu/datasets/reanalysis-era5-single-levels-timeseries?tab=overview)
[2026-06-14T22:00:36.540+0000] {logging_mixin.py:188} WARNING - 2026-06-14 22:00:36,540 INFO Request ID is 3872f76b-de95-454e-8752-a5e31f5d2d01
[2026-06-14T22:00:36.540+0000] {legacy_client.py:192} INFO - Request ID is 3872f76b-de95-454e-8752-a5e31f5d2d01
[2026-06-14T22:00:36.772+0000] {logging_mixin.py:188} WARNING - 2026-06-14 22:00:36,772 INFO status has been updated to accepted
[2026-06-14T22:00:36.772+0000] {legacy_client.py:192} INFO - status has been updated to accepted
[2026-06-14T22:00:59.459+0000] {logging_mixin.py:188} WARNING - 2026-06-14 22:00:59,459 INFO status has been updated to running
[2026-06-14T22:00:59.459+0000] {legacy_client.py:192} INFO - status has been updated to running
[2026-06-14T22:01:11.209+0000] {logging_mixin.py:188} WARNING - 2026-06-14 22:01:11,209 INFO status has been updated to successful
[2026-06-14T22:01:11.209+0000] {legacy_client.py:192} INFO - status has been updated to successful
[2026-06-14T22:01:12.785+0000] {base.py:119} INFO - Downloading https://object-store.os-api.cci2.ecmwf.int:443/cci2-prod-cache-2/2026-06-14/d12b75039416147edd9fe94fce59d680.nc
[2026-06-14T22:01:13.509+0000] {logging_mixin.py:188} WARNING - d12b75039416147edd9fe94fce59d680.nc:   0%|          | 0.00/2.46M [00:00<?, ?B/s]
[2026-06-14T22:01:15.634+0000] {logging_mixin.py:188} WARNING - d12b75039416147edd9fe94fce59d680.nc:  41%|####      | 1.00M/2.46M [00:02<00:03, 494kB/s]
[2026-06-14T22:01:16.000+0000] {logging_mixin.py:188} WARNING - d12b75039416147edd9fe94fce59d680.nc:  81%|########1 | 2.00M/2.46M [00:02<00:00, 962kB/s]
[2026-06-14T22:01:16.033+0000] {logging_mixin.py:188} WARNING -                                                                                         
[2026-06-14T22:01:16.193+0000] {logging_mixin.py:188} WARNING - 2026-06-14 22:01:16 [INFO] nc downloaded ok: /opt/***/era5/ecmwf/data/nc/_raw/2026/06/09/instant_20260609.nc
[2026-06-14T22:01:16.193+0000] {era5_functions.py:204} INFO - nc downloaded ok: /opt/***/era5/ecmwf/data/nc/_raw/2026/06/09/instant_20260609.nc
[2026-06-14T22:01:16.286+0000] {logging_mixin.py:188} WARNING - 2026-06-14 22:01:16 [INFO] local timestep: 23 — /opt/***/era5/ecmwf/data/nc/_raw/2026/06/09/instant_20260609.nc
[2026-06-14T22:01:16.285+0000] {era5_functions.py:152} INFO - local timestep: 23 — /opt/***/era5/ecmwf/data/nc/_raw/2026/06/09/instant_20260609.nc
[2026-06-14T22:01:16.396+0000] {logging_mixin.py:188} WARNING - 2026-06-14 22:01:16 [INFO] tif outdated (tif=22 < nc=23), removing: /opt/***/era5/ecmwf/data/tif/2026/06/09/t2m_20260609.tif
[2026-06-14T22:01:16.396+0000] {era5_functions.py:261} INFO - tif outdated (tif=22 < nc=23), removing: /opt/***/era5/ecmwf/data/tif/2026/06/09/t2m_20260609.tif
[2026-06-14T22:01:16.510+0000] {logging_mixin.py:188} WARNING - 2026-06-14 22:01:16 [INFO] tif ok (bands=23): /opt/***/era5/ecmwf/data/tif/2026/06/09/t2m_20260609.tif
[2026-06-14T22:01:16.510+0000] {era5_functions.py:304} INFO - tif ok (bands=23): /opt/***/era5/ecmwf/data/tif/2026/06/09/t2m_20260609.tif
[2026-06-14T22:01:16.528+0000] {logging_mixin.py:188} WARNING - 2026-06-14 22:01:16 [INFO] tif outdated (tif=22 < nc=23), removing: /opt/***/era5/ecmwf/data/tif/2026/06/09/d2m_20260609.tif
[2026-06-14T22:01:16.527+0000] {era5_functions.py:261} INFO - tif outdated (tif=22 < nc=23), removing: /opt/***/era5/ecmwf/data/tif/2026/06/09/d2m_20260609.tif
[2026-06-14T22:01:16.672+0000] {logging_mixin.py:188} WARNING - 2026-06-14 22:01:16 [INFO] tif ok (bands=23): /opt/***/era5/ecmwf/data/tif/2026/06/09/d2m_20260609.tif
[2026-06-14T22:01:16.672+0000] {era5_functions.py:304} INFO - tif ok (bands=23): /opt/***/era5/ecmwf/data/tif/2026/06/09/d2m_20260609.tif
[2026-06-14T22:01:16.691+0000] {logging_mixin.py:188} WARNING - 2026-06-14 22:01:16 [INFO] tif outdated (tif=22 < nc=23), removing: /opt/***/era5/ecmwf/data/tif/2026/06/09/sp_20260609.tif
[2026-06-14T22:01:16.691+0000] {era5_functions.py:261} INFO - tif outdated (tif=22 < nc=23), removing: /opt/***/era5/ecmwf/data/tif/2026/06/09/sp_20260609.tif
[2026-06-14T22:01:16.811+0000] {logging_mixin.py:188} WARNING - 2026-06-14 22:01:16 [INFO] tif ok (bands=23): /opt/***/era5/ecmwf/data/tif/2026/06/09/sp_20260609.tif
[2026-06-14T22:01:16.810+0000] {era5_functions.py:304} INFO - tif ok (bands=23): /opt/***/era5/ecmwf/data/tif/2026/06/09/sp_20260609.tif
[2026-06-14T22:01:16.833+0000] {logging_mixin.py:188} WARNING - 2026-06-14 22:01:16 [INFO] tif outdated (tif=22 < nc=23), removing: /opt/***/era5/ecmwf/data/tif/2026/06/09/blh_20260609.tif
[2026-06-14T22:01:16.833+0000] {era5_functions.py:261} INFO - tif outdated (tif=22 < nc=23), removing: /opt/***/era5/ecmwf/data/tif/2026/06/09/blh_20260609.tif
[2026-06-14T22:01:16.953+0000] {logging_mixin.py:188} WARNING - 2026-06-14 22:01:16 [INFO] tif ok (bands=23): /opt/***/era5/ecmwf/data/tif/2026/06/09/blh_20260609.tif
[2026-06-14T22:01:16.953+0000] {era5_functions.py:304} INFO - tif ok (bands=23): /opt/***/era5/ecmwf/data/tif/2026/06/09/blh_20260609.tif
[2026-06-14T22:01:16.972+0000] {logging_mixin.py:188} WARNING - 2026-06-14 22:01:16 [INFO] tif outdated (tif=22 < nc=23), removing: /opt/***/era5/ecmwf/data/tif/2026/06/09/u10_20260609.tif
[2026-06-14T22:01:16.972+0000] {era5_functions.py:261} INFO - tif outdated (tif=22 < nc=23), removing: /opt/***/era5/ecmwf/data/tif/2026/06/09/u10_20260609.tif
[2026-06-14T22:01:17.097+0000] {logging_mixin.py:188} WARNING - 2026-06-14 22:01:17 [INFO] tif ok (bands=23): /opt/***/era5/ecmwf/data/tif/2026/06/09/u10_20260609.tif
[2026-06-14T22:01:17.097+0000] {era5_functions.py:304} INFO - tif ok (bands=23): /opt/***/era5/ecmwf/data/tif/2026/06/09/u10_20260609.tif
[2026-06-14T22:01:17.114+0000] {logging_mixin.py:188} WARNING - 2026-06-14 22:01:17 [INFO] tif outdated (tif=22 < nc=23), removing: /opt/***/era5/ecmwf/data/tif/2026/06/09/v10_20260609.tif
[2026-06-14T22:01:17.114+0000] {era5_functions.py:261} INFO - tif outdated (tif=22 < nc=23), removing: /opt/***/era5/ecmwf/data/tif/2026/06/09/v10_20260609.tif
[2026-06-14T22:01:17.248+0000] {logging_mixin.py:188} WARNING - 2026-06-14 22:01:17 [INFO] tif ok (bands=23): /opt/***/era5/ecmwf/data/tif/2026/06/09/v10_20260609.tif
[2026-06-14T22:01:17.248+0000] {era5_functions.py:304} INFO - tif ok (bands=23): /opt/***/era5/ecmwf/data/tif/2026/06/09/v10_20260609.tif
[2026-06-14T22:01:17.253+0000] {logging_mixin.py:188} WARNING - 2026-06-14 22:01:17 [INFO] === END job=instant date=2026-06-14 ===
[2026-06-14T22:01:17.253+0000] {era5_functions.py:379} INFO - === END job=instant date=2026-06-14 ===
[2026-06-14T22:01:17.255+0000] {python.py:237} INFO - Done. Returned value was: None
[2026-06-14T22:01:17.256+0000] {taskinstance.py:441} INFO - ::group::Post task execution logs
[2026-06-14T22:01:17.276+0000] {taskinstance.py:1206} INFO - Marking task as SUCCESS. dag_id=era5_download_pipeline, task_id=era5_instant, run_id=scheduled__2026-06-14T21:00:00+00:00, execution_date=20260614T210000, start_date=20260614T220002, end_date=20260614T220117
[2026-06-14T22:01:17.354+0000] {local_task_job_runner.py:240} INFO - Task exited with return code 0
[2026-06-14T22:01:17.384+0000] {taskinstance.py:3498} INFO - 1 downstream tasks scheduled from follow-on schedule check
[2026-06-14T22:01:17.389+0000] {local_task_job_runner.py:222} INFO - ::endgroup::
