[2026-06-11T07:49:37.062+0000] {local_task_job_runner.py:120} INFO - ::group::Pre task execution logs
[2026-06-11T07:49:37.092+0000] {taskinstance.py:2076} INFO - Dependencies all met for dep_context=non-requeueable deps ti=<TaskInstance: era5_download_pipeline.era5_accum scheduled__2026-06-09T23:00:00+00:00 [queued]>
[2026-06-11T07:49:37.104+0000] {taskinstance.py:2076} INFO - Dependencies all met for dep_context=requeueable deps ti=<TaskInstance: era5_download_pipeline.era5_accum scheduled__2026-06-09T23:00:00+00:00 [queued]>
[2026-06-11T07:49:37.105+0000] {taskinstance.py:2306} INFO - Starting attempt 1 of 1
[2026-06-11T07:49:37.122+0000] {taskinstance.py:2330} INFO - Executing <Task(PythonOperator): era5_accum> on 2026-06-09 23:00:00+00:00
[2026-06-11T07:49:37.140+0000] {warnings.py:110} WARNING - /home/***/.local/lib/python3.12/site-packages/***/task/task_runner/standard_task_runner.py:61: DeprecationWarning: This process (pid=243) is multi-threaded, use of fork() may lead to deadlocks in the child.
  pid = os.fork()

[2026-06-11T07:49:37.145+0000] {standard_task_runner.py:63} INFO - Started process 245 to run task
[2026-06-11T07:49:37.145+0000] {standard_task_runner.py:90} INFO - Running: ['***', 'tasks', 'run', 'era5_download_pipeline', 'era5_accum', 'scheduled__2026-06-09T23:00:00+00:00', '--job-id', '1318', '--raw', '--subdir', 'DAGS_FOLDER/era5_dag.py', '--cfg-path', '/tmp/tmp2me_7pm5']
[2026-06-11T07:49:37.149+0000] {standard_task_runner.py:91} INFO - Job 1318: Subtask era5_accum
[2026-06-11T07:49:37.227+0000] {task_command.py:426} INFO - Running <TaskInstance: era5_download_pipeline.era5_accum scheduled__2026-06-09T23:00:00+00:00 [running]> on host 01cd476fb21a
[2026-06-11T07:49:37.345+0000] {taskinstance.py:2648} INFO - Exporting env vars: AIRFLOW_CTX_DAG_OWNER='era5' AIRFLOW_CTX_DAG_ID='era5_download_pipeline' AIRFLOW_CTX_TASK_ID='era5_accum' AIRFLOW_CTX_EXECUTION_DATE='2026-06-09T23:00:00+00:00' AIRFLOW_CTX_TRY_NUMBER='1' AIRFLOW_CTX_DAG_RUN_ID='scheduled__2026-06-09T23:00:00+00:00'
[2026-06-11T07:49:37.348+0000] {taskinstance.py:430} INFO - ::endgroup::
[2026-06-11T07:49:38.542+0000] {logging_mixin.py:188} WARNING - 2026-06-11 07:49:38 [INFO] === START job=accum date=2026-06-09 ===
[2026-06-11T07:49:38.541+0000] {era5_functions.py:368} INFO - === START job=accum date=2026-06-09 ===
[2026-06-11T07:49:38.544+0000] {logging_mixin.py:188} WARNING - 2026-06-11 07:49:38 [INFO] --- job=accum date=20260609 ---
[2026-06-11T07:49:38.544+0000] {era5_functions.py:330} INFO - --- job=accum date=20260609 ---
[2026-06-11T07:49:39.621+0000] {http.py:514} WARNING - Recovering from HTTP error [502 Bad Gateway], attempt 1 of 500
[2026-06-11T07:49:39.622+0000] {http.py:537} WARNING - Retrying in 120 seconds
[2026-06-11T07:51:39.615+0000] {http.py:544} INFO - Retrying now...
[2026-06-11T07:51:40.693+0000] {logging_mixin.py:188} WARNING - 2026-06-11 07:51:40 [WARNING] get_cds_count failed: 400 Client Error: Bad Request for url: https://cds.climate.copernicus.eu/api/retrieve/v1/processes/reanalysis-era5-single-levels/execution
invalid request
None of the data you have requested is available yet, please revise the period requested. The latest date available for this dataset is: 2026-06-06 07:00
[2026-06-11T07:51:40.692+0000] {era5_functions.py:131} WARNING - get_cds_count failed: 400 Client Error: Bad Request for url: https://cds.climate.copernicus.eu/api/retrieve/v1/processes/reanalysis-era5-single-levels/execution
invalid request
None of the data you have requested is available yet, please revise the period requested. The latest date available for this dataset is: 2026-06-06 07:00
[2026-06-11T07:51:40.696+0000] {logging_mixin.py:188} WARNING - 2026-06-11 07:51:40 [WARNING] CDS ยังไม่มีข้อมูล job=accum date=20260609, skip
[2026-06-11T07:51:40.695+0000] {era5_functions.py:335} WARNING - CDS ยังไม่มีข้อมูล job=accum date=20260609, skip
[2026-06-11T07:51:40.698+0000] {logging_mixin.py:188} WARNING - 2026-06-11 07:51:40 [INFO] --- job=accum date=20260608 ---
[2026-06-11T07:51:40.698+0000] {era5_functions.py:330} INFO - --- job=accum date=20260608 ---
[2026-06-11T07:51:41.376+0000] {logging_mixin.py:188} WARNING - 2026-06-11 07:51:41 [WARNING] get_cds_count failed: 400 Client Error: Bad Request for url: https://cds.climate.copernicus.eu/api/retrieve/v1/processes/reanalysis-era5-single-levels/execution
invalid request
None of the data you have requested is available yet, please revise the period requested. The latest date available for this dataset is: 2026-06-06 07:00
[2026-06-11T07:51:41.375+0000] {era5_functions.py:131} WARNING - get_cds_count failed: 400 Client Error: Bad Request for url: https://cds.climate.copernicus.eu/api/retrieve/v1/processes/reanalysis-era5-single-levels/execution
invalid request
None of the data you have requested is available yet, please revise the period requested. The latest date available for this dataset is: 2026-06-06 07:00
[2026-06-11T07:51:41.379+0000] {logging_mixin.py:188} WARNING - 2026-06-11 07:51:41 [WARNING] CDS ยังไม่มีข้อมูล job=accum date=20260608, skip
[2026-06-11T07:51:41.379+0000] {era5_functions.py:335} WARNING - CDS ยังไม่มีข้อมูล job=accum date=20260608, skip
[2026-06-11T07:51:41.381+0000] {logging_mixin.py:188} WARNING - 2026-06-11 07:51:41 [INFO] --- job=accum date=20260607 ---
[2026-06-11T07:51:41.381+0000] {era5_functions.py:330} INFO - --- job=accum date=20260607 ---
[2026-06-11T07:51:42.829+0000] {logging_mixin.py:188} WARNING - 2026-06-11 07:51:42 [WARNING] get_cds_count failed: 400 Client Error: Bad Request for url: https://cds.climate.copernicus.eu/api/retrieve/v1/processes/reanalysis-era5-single-levels/execution
invalid request
None of the data you have requested is available yet, please revise the period requested. The latest date available for this dataset is: 2026-06-06 07:00
[2026-06-11T07:51:42.828+0000] {era5_functions.py:131} WARNING - get_cds_count failed: 400 Client Error: Bad Request for url: https://cds.climate.copernicus.eu/api/retrieve/v1/processes/reanalysis-era5-single-levels/execution
invalid request
None of the data you have requested is available yet, please revise the period requested. The latest date available for this dataset is: 2026-06-06 07:00
[2026-06-11T07:51:42.831+0000] {logging_mixin.py:188} WARNING - 2026-06-11 07:51:42 [WARNING] CDS ยังไม่มีข้อมูล job=accum date=20260607, skip
[2026-06-11T07:51:42.831+0000] {era5_functions.py:335} WARNING - CDS ยังไม่มีข้อมูล job=accum date=20260607, skip
[2026-06-11T07:51:42.833+0000] {logging_mixin.py:188} WARNING - 2026-06-11 07:51:42 [INFO] --- job=accum date=20260606 ---
[2026-06-11T07:51:42.833+0000] {era5_functions.py:330} INFO - --- job=accum date=20260606 ---
[2026-06-11T07:51:43.638+0000] {logging_mixin.py:188} WARNING - 2026-06-11 07:51:43,638 INFO [2025-12-11T00:00:00] Please note that a dedicated catalogue entry for this dataset, post-processed and stored in Analysis Ready Cloud Optimized (ARCO) format (Zarr), is available for optimised time-series retrievals (i.e. for retrieving data from selected variables for a single point over an extended period of time in an efficient way). You can discover it [here](https://cds.climate.copernicus.eu/datasets/reanalysis-era5-single-levels-timeseries?tab=overview)
[2026-06-11T07:51:43.638+0000] {legacy_client.py:192} INFO - [2025-12-11T00:00:00] Please note that a dedicated catalogue entry for this dataset, post-processed and stored in Analysis Ready Cloud Optimized (ARCO) format (Zarr), is available for optimised time-series retrievals (i.e. for retrieving data from selected variables for a single point over an extended period of time in an efficient way). You can discover it [here](https://cds.climate.copernicus.eu/datasets/reanalysis-era5-single-levels-timeseries?tab=overview)
[2026-06-11T07:51:43.643+0000] {logging_mixin.py:188} WARNING - 2026-06-11 07:51:43,643 INFO Request ID is fcf55883-9709-4eea-a0ab-2d0741365982
[2026-06-11T07:51:43.643+0000] {legacy_client.py:192} INFO - Request ID is fcf55883-9709-4eea-a0ab-2d0741365982
[2026-06-11T07:51:43.890+0000] {logging_mixin.py:188} WARNING - 2026-06-11 07:51:43,890 INFO status has been updated to accepted
[2026-06-11T07:51:43.890+0000] {legacy_client.py:192} INFO - status has been updated to accepted
[2026-06-11T07:53:42.382+0000] {logging_mixin.py:188} WARNING - 2026-06-11 07:53:42,382 INFO status has been updated to successful
[2026-06-11T07:53:42.382+0000] {legacy_client.py:192} INFO - status has been updated to successful
[2026-06-11T07:53:42.864+0000] {base.py:119} INFO - Downloading https://object-store.os-api.cci2.ecmwf.int:443/cci2-prod-cache-2/2026-06-11/b13026ec62f41af3117ca23f671d2cee.nc
[2026-06-11T07:53:43.968+0000] {logging_mixin.py:188} WARNING - b13026ec62f41af3117ca23f671d2cee.nc:   0%|          | 0.00/136k [00:00<?, ?B/s]
[2026-06-11T07:53:45.640+0000] {logging_mixin.py:188} WARNING - b13026ec62f41af3117ca23f671d2cee.nc: 100%|##########| 136k/136k [00:01<00:00, 83.5kB/s]
[2026-06-11T07:53:45.646+0000] {logging_mixin.py:188} WARNING -                                                                                        
[2026-06-11T07:53:45.953+0000] {logging_mixin.py:188} WARNING - 2026-06-11 07:53:45 [INFO] CDS timestep available: 8
[2026-06-11T07:53:45.953+0000] {era5_functions.py:128} INFO - CDS timestep available: 8
[2026-06-11T07:53:45.978+0000] {logging_mixin.py:188} WARNING - 2026-06-11 07:53:45 [INFO] download attempt 1/3: /opt/***/era5/ecmwf/data/nc/_raw/2026/06/06/accum_20260606.nc
[2026-06-11T07:53:45.978+0000] {era5_functions.py:200} INFO - download attempt 1/3: /opt/***/era5/ecmwf/data/nc/_raw/2026/06/06/accum_20260606.nc
[2026-06-11T07:53:46.793+0000] {logging_mixin.py:188} WARNING - 2026-06-11 07:53:46,793 INFO [2025-12-11T00:00:00] Please note that a dedicated catalogue entry for this dataset, post-processed and stored in Analysis Ready Cloud Optimized (ARCO) format (Zarr), is available for optimised time-series retrievals (i.e. for retrieving data from selected variables for a single point over an extended period of time in an efficient way). You can discover it [here](https://cds.climate.copernicus.eu/datasets/reanalysis-era5-single-levels-timeseries?tab=overview)
[2026-06-11T07:53:46.793+0000] {legacy_client.py:192} INFO - [2025-12-11T00:00:00] Please note that a dedicated catalogue entry for this dataset, post-processed and stored in Analysis Ready Cloud Optimized (ARCO) format (Zarr), is available for optimised time-series retrievals (i.e. for retrieving data from selected variables for a single point over an extended period of time in an efficient way). You can discover it [here](https://cds.climate.copernicus.eu/datasets/reanalysis-era5-single-levels-timeseries?tab=overview)
[2026-06-11T07:53:46.799+0000] {logging_mixin.py:188} WARNING - 2026-06-11 07:53:46,798 INFO Request ID is 357fbedd-ae92-4433-b0b0-65391c0d0b7f
[2026-06-11T07:53:46.798+0000] {legacy_client.py:192} INFO - Request ID is 357fbedd-ae92-4433-b0b0-65391c0d0b7f
[2026-06-11T07:53:47.085+0000] {logging_mixin.py:188} WARNING - 2026-06-11 07:53:47,084 INFO status has been updated to accepted
[2026-06-11T07:53:47.084+0000] {legacy_client.py:192} INFO - status has been updated to accepted
[2026-06-11T07:54:38.787+0000] {logging_mixin.py:188} WARNING - 2026-06-11 07:54:38,787 INFO status has been updated to successful
[2026-06-11T07:54:38.787+0000] {legacy_client.py:192} INFO - status has been updated to successful
[2026-06-11T07:54:39.853+0000] {base.py:119} INFO - Downloading https://object-store.os-api.cci2.ecmwf.int:443/cci2-prod-cache-1/2026-06-11/26f7e6397788ccdb62458f5c216087f3.nc
[2026-06-11T07:54:40.641+0000] {logging_mixin.py:188} WARNING - 26f7e6397788ccdb62458f5c216087f3.nc:   0%|          | 0.00/136k [00:00<?, ?B/s]
[2026-06-11T07:54:42.424+0000] {logging_mixin.py:188} WARNING - 26f7e6397788ccdb62458f5c216087f3.nc: 100%|##########| 136k/136k [00:01<00:00, 78.3kB/s]
[2026-06-11T07:54:42.442+0000] {logging_mixin.py:188} WARNING -                                                                                        
[2026-06-11T07:54:42.526+0000] {logging_mixin.py:188} WARNING - 2026-06-11 07:54:42 [INFO] nc downloaded ok: /opt/***/era5/ecmwf/data/nc/_raw/2026/06/06/accum_20260606.nc
[2026-06-11T07:54:42.526+0000] {era5_functions.py:204} INFO - nc downloaded ok: /opt/***/era5/ecmwf/data/nc/_raw/2026/06/06/accum_20260606.nc
[2026-06-11T07:54:42.573+0000] {logging_mixin.py:188} WARNING - 2026-06-11 07:54:42 [INFO] local timestep: 8 — /opt/***/era5/ecmwf/data/nc/_raw/2026/06/06/accum_20260606.nc
[2026-06-11T07:54:42.573+0000] {era5_functions.py:152} INFO - local timestep: 8 — /opt/***/era5/ecmwf/data/nc/_raw/2026/06/06/accum_20260606.nc
[2026-06-11T07:54:42.741+0000] {logging_mixin.py:188} WARNING - 2026-06-11 07:54:42 [INFO] tif ok (bands=8): /opt/***/era5/ecmwf/data/tif/2026/06/06/tp_20260606.tif
[2026-06-11T07:54:42.741+0000] {era5_functions.py:304} INFO - tif ok (bands=8): /opt/***/era5/ecmwf/data/tif/2026/06/06/tp_20260606.tif
[2026-06-11T07:54:42.747+0000] {logging_mixin.py:188} WARNING - 2026-06-11 07:54:42 [INFO] --- job=accum date=20260605 ---
[2026-06-11T07:54:42.747+0000] {era5_functions.py:330} INFO - --- job=accum date=20260605 ---
[2026-06-11T07:54:43.696+0000] {logging_mixin.py:188} WARNING - 2026-06-11 07:54:43,696 INFO [2025-12-11T00:00:00] Please note that a dedicated catalogue entry for this dataset, post-processed and stored in Analysis Ready Cloud Optimized (ARCO) format (Zarr), is available for optimised time-series retrievals (i.e. for retrieving data from selected variables for a single point over an extended period of time in an efficient way). You can discover it [here](https://cds.climate.copernicus.eu/datasets/reanalysis-era5-single-levels-timeseries?tab=overview)
[2026-06-11T07:54:43.696+0000] {legacy_client.py:192} INFO - [2025-12-11T00:00:00] Please note that a dedicated catalogue entry for this dataset, post-processed and stored in Analysis Ready Cloud Optimized (ARCO) format (Zarr), is available for optimised time-series retrievals (i.e. for retrieving data from selected variables for a single point over an extended period of time in an efficient way). You can discover it [here](https://cds.climate.copernicus.eu/datasets/reanalysis-era5-single-levels-timeseries?tab=overview)
[2026-06-11T07:54:43.699+0000] {logging_mixin.py:188} WARNING - 2026-06-11 07:54:43,699 INFO Request ID is f0963402-fd72-445e-9dd4-2a3c94539c1c
[2026-06-11T07:54:43.699+0000] {legacy_client.py:192} INFO - Request ID is f0963402-fd72-445e-9dd4-2a3c94539c1c
[2026-06-11T07:54:44.085+0000] {logging_mixin.py:188} WARNING - 2026-06-11 07:54:44,085 INFO status has been updated to accepted
[2026-06-11T07:54:44.085+0000] {legacy_client.py:192} INFO - status has been updated to accepted
[2026-06-11T07:55:19.843+0000] {logging_mixin.py:188} WARNING - 2026-06-11 07:55:19,843 INFO status has been updated to successful
[2026-06-11T07:55:19.843+0000] {legacy_client.py:192} INFO - status has been updated to successful
[2026-06-11T07:55:20.309+0000] {base.py:119} INFO - Downloading https://object-store.os-api.cci2.ecmwf.int:443/cci2-prod-cache-2/2026-06-11/2c1f8ef9c6eae75d1a001e4a469fdded.nc
[2026-06-11T07:55:21.079+0000] {logging_mixin.py:188} WARNING - 2c1f8ef9c6eae75d1a001e4a469fdded.nc:   0%|          | 0.00/341k [00:00<?, ?B/s]
[2026-06-11T07:55:23.053+0000] {logging_mixin.py:188} WARNING - 2c1f8ef9c6eae75d1a001e4a469fdded.nc: 100%|##########| 341k/341k [00:01<00:00, 177kB/s]
[2026-06-11T07:55:23.057+0000] {logging_mixin.py:188} WARNING -                                                                                       
[2026-06-11T07:55:23.069+0000] {logging_mixin.py:188} WARNING - 2026-06-11 07:55:23 [INFO] CDS timestep available: 24
[2026-06-11T07:55:23.069+0000] {era5_functions.py:128} INFO - CDS timestep available: 24
[2026-06-11T07:55:23.099+0000] {logging_mixin.py:188} WARNING - 2026-06-11 07:55:23 [INFO] download attempt 1/3: /opt/***/era5/ecmwf/data/nc/_raw/2026/06/05/accum_20260605.nc
[2026-06-11T07:55:23.099+0000] {era5_functions.py:200} INFO - download attempt 1/3: /opt/***/era5/ecmwf/data/nc/_raw/2026/06/05/accum_20260605.nc
[2026-06-11T07:55:23.941+0000] {logging_mixin.py:188} WARNING - 2026-06-11 07:55:23,941 INFO [2025-12-11T00:00:00] Please note that a dedicated catalogue entry for this dataset, post-processed and stored in Analysis Ready Cloud Optimized (ARCO) format (Zarr), is available for optimised time-series retrievals (i.e. for retrieving data from selected variables for a single point over an extended period of time in an efficient way). You can discover it [here](https://cds.climate.copernicus.eu/datasets/reanalysis-era5-single-levels-timeseries?tab=overview)
[2026-06-11T07:55:23.941+0000] {legacy_client.py:192} INFO - [2025-12-11T00:00:00] Please note that a dedicated catalogue entry for this dataset, post-processed and stored in Analysis Ready Cloud Optimized (ARCO) format (Zarr), is available for optimised time-series retrievals (i.e. for retrieving data from selected variables for a single point over an extended period of time in an efficient way). You can discover it [here](https://cds.climate.copernicus.eu/datasets/reanalysis-era5-single-levels-timeseries?tab=overview)
[2026-06-11T07:55:23.946+0000] {logging_mixin.py:188} WARNING - 2026-06-11 07:55:23,946 INFO Request ID is cf60709c-6331-46e0-977b-3ce3d3392091
[2026-06-11T07:55:23.946+0000] {legacy_client.py:192} INFO - Request ID is cf60709c-6331-46e0-977b-3ce3d3392091
[2026-06-11T07:55:24.212+0000] {logging_mixin.py:188} WARNING - 2026-06-11 07:55:24,212 INFO status has been updated to accepted
[2026-06-11T07:55:24.212+0000] {legacy_client.py:192} INFO - status has been updated to accepted
[2026-06-11T07:55:59.687+0000] {logging_mixin.py:188} WARNING - 2026-06-11 07:55:59,687 INFO status has been updated to successful
[2026-06-11T07:55:59.687+0000] {legacy_client.py:192} INFO - status has been updated to successful
[2026-06-11T07:56:00.204+0000] {base.py:119} INFO - Downloading https://object-store.os-api.cci2.ecmwf.int:443/cci2-prod-cache-2/2026-06-11/2c1f8ef9c6eae75d1a001e4a469fdded.nc
[2026-06-11T07:56:00.952+0000] {logging_mixin.py:188} WARNING - 2c1f8ef9c6eae75d1a001e4a469fdded.nc:   0%|          | 0.00/341k [00:00<?, ?B/s]
[2026-06-11T07:56:02.813+0000] {logging_mixin.py:188} WARNING - 2c1f8ef9c6eae75d1a001e4a469fdded.nc: 100%|##########| 341k/341k [00:01<00:00, 188kB/s]
[2026-06-11T07:56:02.837+0000] {logging_mixin.py:188} WARNING -                                                                                       
[2026-06-11T07:56:02.948+0000] {logging_mixin.py:188} WARNING - 2026-06-11 07:56:02 [INFO] nc downloaded ok: /opt/***/era5/ecmwf/data/nc/_raw/2026/06/05/accum_20260605.nc
[2026-06-11T07:56:02.948+0000] {era5_functions.py:204} INFO - nc downloaded ok: /opt/***/era5/ecmwf/data/nc/_raw/2026/06/05/accum_20260605.nc
[2026-06-11T07:56:03.029+0000] {logging_mixin.py:188} WARNING - 2026-06-11 07:56:03 [INFO] local timestep: 24 — /opt/***/era5/ecmwf/data/nc/_raw/2026/06/05/accum_20260605.nc
[2026-06-11T07:56:03.029+0000] {era5_functions.py:152} INFO - local timestep: 24 — /opt/***/era5/ecmwf/data/nc/_raw/2026/06/05/accum_20260605.nc
[2026-06-11T07:56:03.204+0000] {logging_mixin.py:188} WARNING - 2026-06-11 07:56:03 [INFO] tif ok (bands=24): /opt/***/era5/ecmwf/data/tif/2026/06/05/tp_20260605.tif
[2026-06-11T07:56:03.204+0000] {era5_functions.py:304} INFO - tif ok (bands=24): /opt/***/era5/ecmwf/data/tif/2026/06/05/tp_20260605.tif
[2026-06-11T07:56:03.209+0000] {logging_mixin.py:188} WARNING - 2026-06-11 07:56:03 [INFO] --- job=accum date=20260604 ---
[2026-06-11T07:56:03.209+0000] {era5_functions.py:330} INFO - --- job=accum date=20260604 ---
[2026-06-11T07:56:04.046+0000] {logging_mixin.py:188} WARNING - 2026-06-11 07:56:04,046 INFO [2025-12-11T00:00:00] Please note that a dedicated catalogue entry for this dataset, post-processed and stored in Analysis Ready Cloud Optimized (ARCO) format (Zarr), is available for optimised time-series retrievals (i.e. for retrieving data from selected variables for a single point over an extended period of time in an efficient way). You can discover it [here](https://cds.climate.copernicus.eu/datasets/reanalysis-era5-single-levels-timeseries?tab=overview)
[2026-06-11T07:56:04.046+0000] {legacy_client.py:192} INFO - [2025-12-11T00:00:00] Please note that a dedicated catalogue entry for this dataset, post-processed and stored in Analysis Ready Cloud Optimized (ARCO) format (Zarr), is available for optimised time-series retrievals (i.e. for retrieving data from selected variables for a single point over an extended period of time in an efficient way). You can discover it [here](https://cds.climate.copernicus.eu/datasets/reanalysis-era5-single-levels-timeseries?tab=overview)
[2026-06-11T07:56:04.049+0000] {logging_mixin.py:188} WARNING - 2026-06-11 07:56:04,049 INFO Request ID is 75b902ec-56f5-42b8-b42d-8e3faa1925fe
[2026-06-11T07:56:04.049+0000] {legacy_client.py:192} INFO - Request ID is 75b902ec-56f5-42b8-b42d-8e3faa1925fe
[2026-06-11T07:56:04.288+0000] {logging_mixin.py:188} WARNING - 2026-06-11 07:56:04,288 INFO status has been updated to accepted
[2026-06-11T07:56:04.288+0000] {legacy_client.py:192} INFO - status has been updated to accepted
[2026-06-11T07:56:19.252+0000] {logging_mixin.py:188} WARNING - 2026-06-11 07:56:19,252 INFO status has been updated to running
[2026-06-11T07:56:19.252+0000] {legacy_client.py:192} INFO - status has been updated to running
[2026-06-11T07:56:27.121+0000] {logging_mixin.py:188} WARNING - 2026-06-11 07:56:27,121 INFO status has been updated to successful
[2026-06-11T07:56:27.121+0000] {legacy_client.py:192} INFO - status has been updated to successful
[2026-06-11T07:56:28.145+0000] {base.py:119} INFO - Downloading https://object-store.os-api.cci2.ecmwf.int:443/cci2-prod-cache-2/2026-06-11/2dec6f54bf6582dffb434e1e74b98b86.nc
[2026-06-11T07:56:29.249+0000] {logging_mixin.py:188} WARNING - 2dec6f54bf6582dffb434e1e74b98b86.nc:   0%|          | 0.00/338k [00:00<?, ?B/s]
[2026-06-11T07:56:31.265+0000] {logging_mixin.py:188} WARNING - 2dec6f54bf6582dffb434e1e74b98b86.nc: 100%|##########| 338k/338k [00:02<00:00, 172kB/s]
[2026-06-11T07:56:31.268+0000] {logging_mixin.py:188} WARNING -                                                                                       
[2026-06-11T07:56:31.278+0000] {logging_mixin.py:188} WARNING - 2026-06-11 07:56:31 [INFO] CDS timestep available: 24
[2026-06-11T07:56:31.277+0000] {era5_functions.py:128} INFO - CDS timestep available: 24
[2026-06-11T07:56:31.371+0000] {logging_mixin.py:188} WARNING - 2026-06-11 07:56:31 [INFO] local timestep: 24 — /opt/***/era5/ecmwf/data/nc/_raw/2026/06/04/accum_20260604.nc
[2026-06-11T07:56:31.370+0000] {era5_functions.py:152} INFO - local timestep: 24 — /opt/***/era5/ecmwf/data/nc/_raw/2026/06/04/accum_20260604.nc
[2026-06-11T07:56:31.372+0000] {logging_mixin.py:188} WARNING - 2026-06-11 07:56:31 [INFO] nc up-to-date (local=24, cds=24): /opt/***/era5/ecmwf/data/nc/_raw/2026/06/04/accum_20260604.nc
[2026-06-11T07:56:31.372+0000] {era5_functions.py:189} INFO - nc up-to-date (local=24, cds=24): /opt/***/era5/ecmwf/data/nc/_raw/2026/06/04/accum_20260604.nc
[2026-06-11T07:56:31.448+0000] {logging_mixin.py:188} WARNING - 2026-06-11 07:56:31 [INFO] local timestep: 24 — /opt/***/era5/ecmwf/data/nc/_raw/2026/06/04/accum_20260604.nc
[2026-06-11T07:56:31.447+0000] {era5_functions.py:152} INFO - local timestep: 24 — /opt/***/era5/ecmwf/data/nc/_raw/2026/06/04/accum_20260604.nc
[2026-06-11T07:56:31.530+0000] {logging_mixin.py:188} WARNING - 2026-06-11 07:56:31 [INFO] tif up-to-date (tif=24, nc=24), skip: /opt/***/era5/ecmwf/data/tif/2026/06/04/tp_20260604.tif
[2026-06-11T07:56:31.529+0000] {era5_functions.py:256} INFO - tif up-to-date (tif=24, nc=24), skip: /opt/***/era5/ecmwf/data/tif/2026/06/04/tp_20260604.tif
[2026-06-11T07:56:31.534+0000] {logging_mixin.py:188} WARNING - 2026-06-11 07:56:31 [INFO] === END job=accum date=2026-06-09 ===
[2026-06-11T07:56:31.534+0000] {era5_functions.py:379} INFO - === END job=accum date=2026-06-09 ===
[2026-06-11T07:56:31.536+0000] {python.py:237} INFO - Done. Returned value was: None
[2026-06-11T07:56:31.537+0000] {taskinstance.py:441} INFO - ::group::Post task execution logs
[2026-06-11T07:56:31.552+0000] {taskinstance.py:1206} INFO - Marking task as SUCCESS. dag_id=era5_download_pipeline, task_id=era5_accum, run_id=scheduled__2026-06-09T23:00:00+00:00, execution_date=20260609T230000, start_date=20260611T074937, end_date=20260611T075631
[2026-06-11T07:56:31.623+0000] {local_task_job_runner.py:240} INFO - Task exited with return code 0
[2026-06-11T07:56:31.645+0000] {taskinstance.py:3498} INFO - 0 downstream tasks scheduled from follow-on schedule check
[2026-06-11T07:56:31.649+0000] {local_task_job_runner.py:222} INFO - ::endgroup::
