[2026-06-05T01:00:02.238+0000] {local_task_job_runner.py:120} INFO - ::group::Pre task execution logs
[2026-06-05T01:00:02.265+0000] {taskinstance.py:2076} INFO - Dependencies all met for dep_context=non-requeueable deps ti=<TaskInstance: era5_download_pipeline.era5_instant scheduled__2026-06-05T00:00:00+00:00 [queued]>
[2026-06-05T01:00:02.276+0000] {taskinstance.py:2076} INFO - Dependencies all met for dep_context=requeueable deps ti=<TaskInstance: era5_download_pipeline.era5_instant scheduled__2026-06-05T00:00:00+00:00 [queued]>
[2026-06-05T01:00:02.277+0000] {taskinstance.py:2306} INFO - Starting attempt 1 of 1
[2026-06-05T01:00:02.304+0000] {taskinstance.py:2330} INFO - Executing <Task(PythonOperator): era5_instant> on 2026-06-05 00:00:00+00:00
[2026-06-05T01:00:02.318+0000] {warnings.py:110} WARNING - /home/***/.local/lib/python3.12/site-packages/***/task/task_runner/standard_task_runner.py:61: DeprecationWarning: This process (pid=51295) is multi-threaded, use of fork() may lead to deadlocks in the child.
  pid = os.fork()

[2026-06-05T01:00:02.322+0000] {standard_task_runner.py:63} INFO - Started process 51299 to run task
[2026-06-05T01:00:02.321+0000] {standard_task_runner.py:90} INFO - Running: ['***', 'tasks', 'run', 'era5_download_pipeline', 'era5_instant', 'scheduled__2026-06-05T00:00:00+00:00', '--job-id', '950', '--raw', '--subdir', 'DAGS_FOLDER/era5_dag.py', '--cfg-path', '/tmp/tmpxk3x1i47']
[2026-06-05T01:00:02.326+0000] {standard_task_runner.py:91} INFO - Job 950: Subtask era5_instant
[2026-06-05T01:00:02.423+0000] {task_command.py:426} INFO - Running <TaskInstance: era5_download_pipeline.era5_instant scheduled__2026-06-05T00:00:00+00:00 [running]> on host 01cd476fb21a
[2026-06-05T01:00:02.545+0000] {taskinstance.py:2648} INFO - Exporting env vars: AIRFLOW_CTX_DAG_OWNER='era5' AIRFLOW_CTX_DAG_ID='era5_download_pipeline' AIRFLOW_CTX_TASK_ID='era5_instant' AIRFLOW_CTX_EXECUTION_DATE='2026-06-05T00:00:00+00:00' AIRFLOW_CTX_TRY_NUMBER='1' AIRFLOW_CTX_DAG_RUN_ID='scheduled__2026-06-05T00:00:00+00:00'
[2026-06-05T01:00:02.549+0000] {taskinstance.py:430} INFO - ::endgroup::
[2026-06-05T01:00:03.634+0000] {logging_mixin.py:188} WARNING - 2026-06-05 01:00:03 [INFO] === START job=instant date=2026-06-05 ===
[2026-06-05T01:00:03.634+0000] {era5_functions.py:368} INFO - === START job=instant date=2026-06-05 ===
[2026-06-05T01:00:03.637+0000] {logging_mixin.py:188} WARNING - 2026-06-05 01:00:03 [INFO] --- job=instant date=20260605 ---
[2026-06-05T01:00:03.636+0000] {era5_functions.py:330} INFO - --- job=instant date=20260605 ---
[2026-06-05T01:00:04.739+0000] {logging_mixin.py:188} WARNING - 2026-06-05 01:00:04 [WARNING] get_cds_count failed: 400 Client Error: Bad Request for url: https://cds.climate.copernicus.eu/api/retrieve/v1/processes/reanalysis-era5-single-levels/execution
invalid request
None of the data you have requested is available yet, please revise the period requested. The latest date available for this dataset is: 2026-05-31 01:00
[2026-06-05T01:00:04.738+0000] {era5_functions.py:131} WARNING - get_cds_count failed: 400 Client Error: Bad Request for url: https://cds.climate.copernicus.eu/api/retrieve/v1/processes/reanalysis-era5-single-levels/execution
invalid request
None of the data you have requested is available yet, please revise the period requested. The latest date available for this dataset is: 2026-05-31 01:00
[2026-06-05T01:00:04.745+0000] {logging_mixin.py:188} WARNING - 2026-06-05 01:00:04 [WARNING] CDS ยังไม่มีข้อมูล job=instant date=20260605, skip
[2026-06-05T01:00:04.745+0000] {era5_functions.py:335} WARNING - CDS ยังไม่มีข้อมูล job=instant date=20260605, skip
[2026-06-05T01:00:04.750+0000] {logging_mixin.py:188} WARNING - 2026-06-05 01:00:04 [INFO] --- job=instant date=20260604 ---
[2026-06-05T01:00:04.750+0000] {era5_functions.py:330} INFO - --- job=instant date=20260604 ---
[2026-06-05T01:00:07.977+0000] {logging_mixin.py:188} WARNING - 2026-06-05 01:00:07 [WARNING] get_cds_count failed: 400 Client Error: Bad Request for url: https://cds.climate.copernicus.eu/api/retrieve/v1/processes/reanalysis-era5-single-levels/execution
invalid request
None of the data you have requested is available yet, please revise the period requested. The latest date available for this dataset is: 2026-05-31 01:00
[2026-06-05T01:00:07.977+0000] {era5_functions.py:131} WARNING - get_cds_count failed: 400 Client Error: Bad Request for url: https://cds.climate.copernicus.eu/api/retrieve/v1/processes/reanalysis-era5-single-levels/execution
invalid request
None of the data you have requested is available yet, please revise the period requested. The latest date available for this dataset is: 2026-05-31 01:00
[2026-06-05T01:00:07.983+0000] {logging_mixin.py:188} WARNING - 2026-06-05 01:00:07 [WARNING] CDS ยังไม่มีข้อมูล job=instant date=20260604, skip
[2026-06-05T01:00:07.982+0000] {era5_functions.py:335} WARNING - CDS ยังไม่มีข้อมูล job=instant date=20260604, skip
[2026-06-05T01:00:07.987+0000] {logging_mixin.py:188} WARNING - 2026-06-05 01:00:07 [INFO] --- job=instant date=20260603 ---
[2026-06-05T01:00:07.987+0000] {era5_functions.py:330} INFO - --- job=instant date=20260603 ---
[2026-06-05T01:00:13.242+0000] {http.py:514} WARNING - Recovering from HTTP error [502 Bad Gateway], attempt 1 of 500
[2026-06-05T01:00:13.244+0000] {http.py:537} WARNING - Retrying in 120 seconds
[2026-06-05T01:02:13.236+0000] {http.py:544} INFO - Retrying now...
[2026-06-05T01:02:14.229+0000] {logging_mixin.py:188} WARNING - 2026-06-05 01:02:14 [WARNING] get_cds_count failed: 400 Client Error: Bad Request for url: https://cds.climate.copernicus.eu/api/retrieve/v1/processes/reanalysis-era5-single-levels/execution
invalid request
None of the data you have requested is available yet, please revise the period requested. The latest date available for this dataset is: 2026-05-31 01:00
[2026-06-05T01:02:14.228+0000] {era5_functions.py:131} WARNING - get_cds_count failed: 400 Client Error: Bad Request for url: https://cds.climate.copernicus.eu/api/retrieve/v1/processes/reanalysis-era5-single-levels/execution
invalid request
None of the data you have requested is available yet, please revise the period requested. The latest date available for this dataset is: 2026-05-31 01:00
[2026-06-05T01:02:14.235+0000] {logging_mixin.py:188} WARNING - 2026-06-05 01:02:14 [WARNING] CDS ยังไม่มีข้อมูล job=instant date=20260603, skip
[2026-06-05T01:02:14.234+0000] {era5_functions.py:335} WARNING - CDS ยังไม่มีข้อมูล job=instant date=20260603, skip
[2026-06-05T01:02:14.239+0000] {logging_mixin.py:188} WARNING - 2026-06-05 01:02:14 [INFO] --- job=instant date=20260602 ---
[2026-06-05T01:02:14.239+0000] {era5_functions.py:330} INFO - --- job=instant date=20260602 ---
[2026-06-05T01:02:14.958+0000] {logging_mixin.py:188} WARNING - 2026-06-05 01:02:14 [WARNING] get_cds_count failed: 400 Client Error: Bad Request for url: https://cds.climate.copernicus.eu/api/retrieve/v1/processes/reanalysis-era5-single-levels/execution
invalid request
None of the data you have requested is available yet, please revise the period requested. The latest date available for this dataset is: 2026-05-31 01:00
[2026-06-05T01:02:14.957+0000] {era5_functions.py:131} WARNING - get_cds_count failed: 400 Client Error: Bad Request for url: https://cds.climate.copernicus.eu/api/retrieve/v1/processes/reanalysis-era5-single-levels/execution
invalid request
None of the data you have requested is available yet, please revise the period requested. The latest date available for this dataset is: 2026-05-31 01:00
[2026-06-05T01:02:14.961+0000] {logging_mixin.py:188} WARNING - 2026-06-05 01:02:14 [WARNING] CDS ยังไม่มีข้อมูล job=instant date=20260602, skip
[2026-06-05T01:02:14.961+0000] {era5_functions.py:335} WARNING - CDS ยังไม่มีข้อมูล job=instant date=20260602, skip
[2026-06-05T01:02:14.965+0000] {logging_mixin.py:188} WARNING - 2026-06-05 01:02:14 [INFO] --- job=instant date=20260601 ---
[2026-06-05T01:02:14.965+0000] {era5_functions.py:330} INFO - --- job=instant date=20260601 ---
[2026-06-05T01:02:15.558+0000] {logging_mixin.py:188} WARNING - 2026-06-05 01:02:15 [WARNING] get_cds_count failed: 400 Client Error: Bad Request for url: https://cds.climate.copernicus.eu/api/retrieve/v1/processes/reanalysis-era5-single-levels/execution
invalid request
None of the data you have requested is available yet, please revise the period requested. The latest date available for this dataset is: 2026-05-31 01:00
[2026-06-05T01:02:15.557+0000] {era5_functions.py:131} WARNING - get_cds_count failed: 400 Client Error: Bad Request for url: https://cds.climate.copernicus.eu/api/retrieve/v1/processes/reanalysis-era5-single-levels/execution
invalid request
None of the data you have requested is available yet, please revise the period requested. The latest date available for this dataset is: 2026-05-31 01:00
[2026-06-05T01:02:15.562+0000] {logging_mixin.py:188} WARNING - 2026-06-05 01:02:15 [WARNING] CDS ยังไม่มีข้อมูล job=instant date=20260601, skip
[2026-06-05T01:02:15.562+0000] {era5_functions.py:335} WARNING - CDS ยังไม่มีข้อมูล job=instant date=20260601, skip
[2026-06-05T01:02:15.566+0000] {logging_mixin.py:188} WARNING - 2026-06-05 01:02:15 [INFO] --- job=instant date=20260531 ---
[2026-06-05T01:02:15.565+0000] {era5_functions.py:330} INFO - --- job=instant date=20260531 ---
[2026-06-05T01:02:16.456+0000] {logging_mixin.py:188} WARNING - 2026-06-05 01:02:16,455 INFO [2025-12-11T00:00:00] Please note that a dedicated catalogue entry for this dataset, post-processed and stored in Analysis Ready Cloud Optimized (ARCO) format (Zarr), is available for optimised time-series retrievals (i.e. for retrieving data from selected variables for a single point over an extended period of time in an efficient way). You can discover it [here](https://cds.climate.copernicus.eu/datasets/reanalysis-era5-single-levels-timeseries?tab=overview)
[2026-06-05T01:02:16.455+0000] {legacy_client.py:192} INFO - [2025-12-11T00:00:00] Please note that a dedicated catalogue entry for this dataset, post-processed and stored in Analysis Ready Cloud Optimized (ARCO) format (Zarr), is available for optimised time-series retrievals (i.e. for retrieving data from selected variables for a single point over an extended period of time in an efficient way). You can discover it [here](https://cds.climate.copernicus.eu/datasets/reanalysis-era5-single-levels-timeseries?tab=overview)
[2026-06-05T01:02:16.459+0000] {logging_mixin.py:188} WARNING - 2026-06-05 01:02:16,458 INFO Request ID is e28056cb-0e63-459c-9547-edd6ff1112e6
[2026-06-05T01:02:16.458+0000] {legacy_client.py:192} INFO - Request ID is e28056cb-0e63-459c-9547-edd6ff1112e6
[2026-06-05T01:02:16.665+0000] {logging_mixin.py:188} WARNING - 2026-06-05 01:02:16,664 INFO status has been updated to accepted
[2026-06-05T01:02:16.664+0000] {legacy_client.py:192} INFO - status has been updated to accepted
[2026-06-05T01:03:07.890+0000] {logging_mixin.py:188} WARNING - 2026-06-05 01:03:07,890 INFO status has been updated to successful
[2026-06-05T01:03:07.890+0000] {legacy_client.py:192} INFO - status has been updated to successful
[2026-06-05T01:03:08.285+0000] {base.py:119} INFO - Downloading https://object-store.os-api.cci2.ecmwf.int:443/cci2-prod-cache-2/2026-06-05/990a7cbfed930ae9c2e94fbfb509aec4.nc
[2026-06-05T01:03:09.285+0000] {logging_mixin.py:188} WARNING - 990a7cbfed930ae9c2e94fbfb509aec4.nc:   0%|          | 0.00/294k [00:00<?, ?B/s]
[2026-06-05T01:03:10.975+0000] {logging_mixin.py:188} WARNING - 990a7cbfed930ae9c2e94fbfb509aec4.nc: 100%|##########| 294k/294k [00:01<00:00, 179kB/s]
[2026-06-05T01:03:10.979+0000] {logging_mixin.py:188} WARNING -                                                                                       
[2026-06-05T01:03:11.262+0000] {logging_mixin.py:188} WARNING - 2026-06-05 01:03:11 [INFO] CDS timestep available: 2
[2026-06-05T01:03:11.262+0000] {era5_functions.py:128} INFO - CDS timestep available: 2
[2026-06-05T01:03:11.338+0000] {logging_mixin.py:188} WARNING - 2026-06-05 01:03:11 [INFO] local timestep: 1 — /opt/***/era5/ecmwf/data/nc/_raw/2026/05/31/instant_20260531.nc
[2026-06-05T01:03:11.337+0000] {era5_functions.py:152} INFO - local timestep: 1 — /opt/***/era5/ecmwf/data/nc/_raw/2026/05/31/instant_20260531.nc
[2026-06-05T01:03:11.345+0000] {logging_mixin.py:188} WARNING - 2026-06-05 01:03:11 [INFO] nc outdated (local=1 < cds=2), removing: /opt/***/era5/ecmwf/data/nc/_raw/2026/05/31/instant_20260531.nc
[2026-06-05T01:03:11.345+0000] {era5_functions.py:193} INFO - nc outdated (local=1 < cds=2), removing: /opt/***/era5/ecmwf/data/nc/_raw/2026/05/31/instant_20260531.nc
[2026-06-05T01:03:11.364+0000] {logging_mixin.py:188} WARNING - 2026-06-05 01:03:11 [INFO] download attempt 1/3: /opt/***/era5/ecmwf/data/nc/_raw/2026/05/31/instant_20260531.nc
[2026-06-05T01:03:11.364+0000] {era5_functions.py:200} INFO - download attempt 1/3: /opt/***/era5/ecmwf/data/nc/_raw/2026/05/31/instant_20260531.nc
[2026-06-05T01:03:13.748+0000] {logging_mixin.py:188} WARNING - 2026-06-05 01:03:13,747 INFO [2025-12-11T00:00:00] Please note that a dedicated catalogue entry for this dataset, post-processed and stored in Analysis Ready Cloud Optimized (ARCO) format (Zarr), is available for optimised time-series retrievals (i.e. for retrieving data from selected variables for a single point over an extended period of time in an efficient way). You can discover it [here](https://cds.climate.copernicus.eu/datasets/reanalysis-era5-single-levels-timeseries?tab=overview)
[2026-06-05T01:03:13.747+0000] {legacy_client.py:192} INFO - [2025-12-11T00:00:00] Please note that a dedicated catalogue entry for this dataset, post-processed and stored in Analysis Ready Cloud Optimized (ARCO) format (Zarr), is available for optimised time-series retrievals (i.e. for retrieving data from selected variables for a single point over an extended period of time in an efficient way). You can discover it [here](https://cds.climate.copernicus.eu/datasets/reanalysis-era5-single-levels-timeseries?tab=overview)
[2026-06-05T01:03:13.751+0000] {logging_mixin.py:188} WARNING - 2026-06-05 01:03:13,751 INFO Request ID is 7ab7d264-1978-418d-b656-ea5e97cb63d7
[2026-06-05T01:03:13.751+0000] {legacy_client.py:192} INFO - Request ID is 7ab7d264-1978-418d-b656-ea5e97cb63d7
[2026-06-05T01:03:13.973+0000] {logging_mixin.py:188} WARNING - 2026-06-05 01:03:13,973 INFO status has been updated to accepted
[2026-06-05T01:03:13.973+0000] {legacy_client.py:192} INFO - status has been updated to accepted
[2026-06-05T01:03:31.189+0000] {logging_mixin.py:188} WARNING - 2026-06-05 01:03:31,188 INFO status has been updated to successful
[2026-06-05T01:03:31.188+0000] {legacy_client.py:192} INFO - status has been updated to successful
[2026-06-05T01:03:31.673+0000] {base.py:119} INFO - Downloading https://object-store.os-api.cci2.ecmwf.int:443/cci2-prod-cache-2/2026-06-05/db0463edbc3e9bd1d888363d845303f0.nc
[2026-06-05T01:03:32.670+0000] {logging_mixin.py:188} WARNING - db0463edbc3e9bd1d888363d845303f0.nc:   0%|          | 0.00/294k [00:00<?, ?B/s]
[2026-06-05T01:03:34.398+0000] {logging_mixin.py:188} WARNING - db0463edbc3e9bd1d888363d845303f0.nc: 100%|##########| 294k/294k [00:01<00:00, 175kB/s]
[2026-06-05T01:03:34.418+0000] {logging_mixin.py:188} WARNING -                                                                                       
[2026-06-05T01:03:34.543+0000] {logging_mixin.py:188} WARNING - 2026-06-05 01:03:34 [INFO] nc downloaded ok: /opt/***/era5/ecmwf/data/nc/_raw/2026/05/31/instant_20260531.nc
[2026-06-05T01:03:34.543+0000] {era5_functions.py:204} INFO - nc downloaded ok: /opt/***/era5/ecmwf/data/nc/_raw/2026/05/31/instant_20260531.nc
[2026-06-05T01:03:34.612+0000] {logging_mixin.py:188} WARNING - 2026-06-05 01:03:34 [INFO] local timestep: 2 — /opt/***/era5/ecmwf/data/nc/_raw/2026/05/31/instant_20260531.nc
[2026-06-05T01:03:34.611+0000] {era5_functions.py:152} INFO - local timestep: 2 — /opt/***/era5/ecmwf/data/nc/_raw/2026/05/31/instant_20260531.nc
[2026-06-05T01:03:34.696+0000] {logging_mixin.py:188} WARNING - 2026-06-05 01:03:34 [INFO] tif outdated (tif=1 < nc=2), removing: /opt/***/era5/ecmwf/data/tif/2026/05/31/t2m_20260531.tif
[2026-06-05T01:03:34.696+0000] {era5_functions.py:261} INFO - tif outdated (tif=1 < nc=2), removing: /opt/***/era5/ecmwf/data/tif/2026/05/31/t2m_20260531.tif
[2026-06-05T01:03:34.786+0000] {logging_mixin.py:188} WARNING - 2026-06-05 01:03:34 [INFO] tif ok (bands=2): /opt/***/era5/ecmwf/data/tif/2026/05/31/t2m_20260531.tif
[2026-06-05T01:03:34.786+0000] {era5_functions.py:304} INFO - tif ok (bands=2): /opt/***/era5/ecmwf/data/tif/2026/05/31/t2m_20260531.tif
[2026-06-05T01:03:34.809+0000] {logging_mixin.py:188} WARNING - 2026-06-05 01:03:34 [INFO] tif outdated (tif=1 < nc=2), removing: /opt/***/era5/ecmwf/data/tif/2026/05/31/d2m_20260531.tif
[2026-06-05T01:03:34.809+0000] {era5_functions.py:261} INFO - tif outdated (tif=1 < nc=2), removing: /opt/***/era5/ecmwf/data/tif/2026/05/31/d2m_20260531.tif
[2026-06-05T01:03:34.895+0000] {logging_mixin.py:188} WARNING - 2026-06-05 01:03:34 [INFO] tif ok (bands=2): /opt/***/era5/ecmwf/data/tif/2026/05/31/d2m_20260531.tif
[2026-06-05T01:03:34.895+0000] {era5_functions.py:304} INFO - tif ok (bands=2): /opt/***/era5/ecmwf/data/tif/2026/05/31/d2m_20260531.tif
[2026-06-05T01:03:34.912+0000] {logging_mixin.py:188} WARNING - 2026-06-05 01:03:34 [INFO] tif outdated (tif=1 < nc=2), removing: /opt/***/era5/ecmwf/data/tif/2026/05/31/sp_20260531.tif
[2026-06-05T01:03:34.912+0000] {era5_functions.py:261} INFO - tif outdated (tif=1 < nc=2), removing: /opt/***/era5/ecmwf/data/tif/2026/05/31/sp_20260531.tif
[2026-06-05T01:03:34.986+0000] {logging_mixin.py:188} WARNING - 2026-06-05 01:03:34 [INFO] tif ok (bands=2): /opt/***/era5/ecmwf/data/tif/2026/05/31/sp_20260531.tif
[2026-06-05T01:03:34.986+0000] {era5_functions.py:304} INFO - tif ok (bands=2): /opt/***/era5/ecmwf/data/tif/2026/05/31/sp_20260531.tif
[2026-06-05T01:03:35.008+0000] {logging_mixin.py:188} WARNING - 2026-06-05 01:03:35 [INFO] tif outdated (tif=1 < nc=2), removing: /opt/***/era5/ecmwf/data/tif/2026/05/31/blh_20260531.tif
[2026-06-05T01:03:35.008+0000] {era5_functions.py:261} INFO - tif outdated (tif=1 < nc=2), removing: /opt/***/era5/ecmwf/data/tif/2026/05/31/blh_20260531.tif
[2026-06-05T01:03:35.099+0000] {logging_mixin.py:188} WARNING - 2026-06-05 01:03:35 [INFO] tif ok (bands=2): /opt/***/era5/ecmwf/data/tif/2026/05/31/blh_20260531.tif
[2026-06-05T01:03:35.099+0000] {era5_functions.py:304} INFO - tif ok (bands=2): /opt/***/era5/ecmwf/data/tif/2026/05/31/blh_20260531.tif
[2026-06-05T01:03:35.121+0000] {logging_mixin.py:188} WARNING - 2026-06-05 01:03:35 [INFO] tif outdated (tif=1 < nc=2), removing: /opt/***/era5/ecmwf/data/tif/2026/05/31/u10_20260531.tif
[2026-06-05T01:03:35.120+0000] {era5_functions.py:261} INFO - tif outdated (tif=1 < nc=2), removing: /opt/***/era5/ecmwf/data/tif/2026/05/31/u10_20260531.tif
[2026-06-05T01:03:35.196+0000] {logging_mixin.py:188} WARNING - 2026-06-05 01:03:35 [INFO] tif ok (bands=2): /opt/***/era5/ecmwf/data/tif/2026/05/31/u10_20260531.tif
[2026-06-05T01:03:35.196+0000] {era5_functions.py:304} INFO - tif ok (bands=2): /opt/***/era5/ecmwf/data/tif/2026/05/31/u10_20260531.tif
[2026-06-05T01:03:35.213+0000] {logging_mixin.py:188} WARNING - 2026-06-05 01:03:35 [INFO] tif outdated (tif=1 < nc=2), removing: /opt/***/era5/ecmwf/data/tif/2026/05/31/v10_20260531.tif
[2026-06-05T01:03:35.213+0000] {era5_functions.py:261} INFO - tif outdated (tif=1 < nc=2), removing: /opt/***/era5/ecmwf/data/tif/2026/05/31/v10_20260531.tif
[2026-06-05T01:03:35.293+0000] {logging_mixin.py:188} WARNING - 2026-06-05 01:03:35 [INFO] tif ok (bands=2): /opt/***/era5/ecmwf/data/tif/2026/05/31/v10_20260531.tif
[2026-06-05T01:03:35.293+0000] {era5_functions.py:304} INFO - tif ok (bands=2): /opt/***/era5/ecmwf/data/tif/2026/05/31/v10_20260531.tif
[2026-06-05T01:03:35.299+0000] {logging_mixin.py:188} WARNING - 2026-06-05 01:03:35 [INFO] === END job=instant date=2026-06-05 ===
[2026-06-05T01:03:35.299+0000] {era5_functions.py:379} INFO - === END job=instant date=2026-06-05 ===
[2026-06-05T01:03:35.301+0000] {python.py:237} INFO - Done. Returned value was: None
[2026-06-05T01:03:35.301+0000] {taskinstance.py:441} INFO - ::group::Post task execution logs
[2026-06-05T01:03:35.314+0000] {taskinstance.py:1206} INFO - Marking task as SUCCESS. dag_id=era5_download_pipeline, task_id=era5_instant, run_id=scheduled__2026-06-05T00:00:00+00:00, execution_date=20260605T000000, start_date=20260605T010002, end_date=20260605T010335
[2026-06-05T01:03:35.397+0000] {local_task_job_runner.py:240} INFO - Task exited with return code 0
[2026-06-05T01:03:35.428+0000] {taskinstance.py:3498} INFO - 1 downstream tasks scheduled from follow-on schedule check
[2026-06-05T01:03:35.433+0000] {local_task_job_runner.py:222} INFO - ::endgroup::
